# Faucher-Giguere 2019 
# z = 1.238721
# E [Ryd] log (J_nu)
interpolate (0.0000000100100000 -50.0000000000000000)
continue (0.0990000000000000 -50.0000000000000000)
continue (0.1000000000000000 -19.3362750972573529)
continue (0.1500000000000000 -19.3722019730426780)
continue (0.2000000000000000 -19.4016837043368362)
continue (0.2500000000000001 -19.4280465699580169)
continue (0.3000000000000000 -19.4172914618647319)
continue (0.3500000000000001 -19.4084990666312081)
continue (0.4000000000000001 -19.4280295314134257)
continue (0.4500000000000001 -19.4520207750837102)
continue (0.5000000000000001 -19.4847480241085691)
continue (0.5500000000000002 -19.5340600875665125)
continue (0.6000000000000002 -19.5839799372715682)
continue (0.6500000000000001 -19.6375285607600105)
continue (0.7000000000000002 -19.7396211162286050)
continue (0.7500000000000002 -19.9723418329519440)
continue (0.8000000000000002 -20.0515233816394520)
continue (0.8500000000000002 -20.1921039079179074)
continue (0.9000000000000002 -20.4527015228449649)
continue (0.9500000000000003 -20.7811895327343130)
continue (1.0100000000000000 -21.6896466297853401)
continue (1.0600000000000001 -21.7364638776523584)
continue (1.1100000000000001 -21.7783578672278679)
continue (1.1600000000000001 -21.8134365901443488)
continue (1.2100000000000002 -21.8373465951367294)
continue (1.2600000000000002 -21.8596614963479503)
continue (1.3100000000000003 -21.8898295737419488)
continue (1.3600000000000003 -21.9058006303531698)
continue (1.4100000000000004 -21.9246103404008608)
continue (1.4600000000000004 -21.9447009847571479)
continue (1.5100000000000005 -21.9541309825836564)
continue (1.5600000000000005 -21.9699535194271895)
continue (1.6100000000000005 -21.9865566968683908)
continue (1.6600000000000006 -21.9945723409440141)
continue (1.7100000000000006 -21.9987586616998527)
continue (1.7600000000000007 -22.0025722609539613)
continue (1.8100000000000007 -22.0022893127528683)
continue (1.8600000000000008 -22.0002707529188051)
continue (1.9100000000000008 -21.9953826976596893)
continue (1.9600000000000009 -21.9862909243335629)
continue (2.0000000000000000 -21.9839532480400557)
continue (2.0099999999999998 -21.9763173882546852)
continue (2.0199999999999996 -21.9756557357031035)
continue (2.0299999999999994 -21.9742161918116494)
continue (2.0399999999999991 -21.9705294204020873)
continue (2.0499999999999989 -21.9692345932274939)
continue (2.0599999999999987 -21.9669364156938656)
continue (2.0699999999999985 -21.9600696292004969)
continue (2.0799999999999983 -21.9611052629121879)
continue (2.0899999999999981 -21.9604648737629375)
continue (2.0999999999999979 -21.9536042542839844)
continue (2.1099999999999977 -21.9519623688444199)
continue (2.1199999999999974 -21.9520006044092391)
continue (2.1299999999999972 -21.9463153261885324)
continue (2.1399999999999970 -21.9452805586630291)
continue (2.1499999999999968 -21.9427515799562869)
continue (2.1599999999999966 -21.9416837932376403)
continue (2.1699999999999964 -21.9366256773620911)
continue (2.1799999999999962 -21.9364660742533282)
continue (2.1899999999999959 -21.9344152590990973)
continue (2.1999999999999957 -21.9324475290266960)
continue (2.2099999999999955 -21.9254653233720944)
continue (2.2199999999999953 -21.9248774823548231)
continue (2.2299999999999951 -21.9255101720601147)
continue (2.2399999999999949 -21.9183530798194646)
continue (2.2499999999999947 -21.9179808941809284)
continue (2.2599999999999945 -21.9159745977200195)
continue (2.2699999999999942 -21.9168953476761814)
continue (2.2799999999999940 -21.9097567322101590)
continue (2.2899999999999938 -21.9083918573275582)
continue (2.2999999999999936 -21.9083466677175736)
continue (2.3099999999999934 -21.9078988658300950)
continue (2.3199999999999932 -21.9010471840243071)
continue (2.3299999999999930 -21.8994145587993003)
continue (2.3399999999999928 -21.8999784093556187)
continue (2.3499999999999925 -21.8992841232449287)
continue (2.3599999999999923 -21.8919607230288840)
continue (2.3699999999999921 -21.8904193886005523)
continue (2.3799999999999919 -21.8914368677343525)
continue (2.3899999999999917 -21.8918079862760742)
continue (2.3999999999999915 -21.8917782737460129)
continue (2.4099999999999913 -21.8832076872847061)
continue (2.4199999999999910 -21.8840542139377021)
continue (2.4299999999999908 -21.8844331724038490)
continue (2.4399999999999906 -21.8854395719880692)
continue (2.4499999999999904 -21.8774845068356676)
continue (2.4599999999999902 -21.8777520201799547)
continue (2.4699999999999900 -21.8778576871561583)
continue (2.4799999999999898 -21.8785714759570773)
continue (2.4899999999999896 -21.8783335769102756)
continue (2.4999999999999893 -21.8717784499532435)
continue (2.5099999999999891 -21.8727806871959274)
continue (2.5199999999999889 -21.8727131107410848)
continue (2.5299999999999887 -21.8718076108011132)
continue (2.5399999999999885 -21.8660624989347632)
continue (2.5499999999999883 -21.8670371915099189)
continue (2.5599999999999881 -21.8684136631992452)
continue (2.5699999999999878 -21.8698974914737008)
continue (2.5799999999999876 -21.8688082353180739)
continue (2.5899999999999874 -21.8642538694782331)
continue (2.5999999999999872 -21.8661756132262646)
continue (2.6099999999999870 -21.8677698066374546)
continue (2.6199999999999868 -21.8669989650611107)
continue (2.6299999999999866 -21.8678674664952730)
continue (2.6399999999999864 -21.8700242638191860)
continue (2.6499999999999861 -21.8654400132268272)
continue (2.6599999999999859 -21.8672635598384879)
continue (2.6699999999999857 -21.8672805523601888)
continue (2.6799999999999855 -21.8677438504144490)
continue (2.6899999999999853 -21.8700554788649661)
continue (2.6999999999999851 -21.8655016179458208)
continue (2.7099999999999849 -21.8684325572345735)
continue (2.7199999999999847 -21.8676506319384956)
continue (2.7299999999999844 -21.8698975361550048)
continue (2.7399999999999842 -21.8712168014995108)
continue (2.7499999999999840 -21.8733052713251226)
continue (2.7599999999999838 -21.8690431244944605)
continue (2.7699999999999836 -21.8697382630781547)
continue (2.7799999999999834 -21.8713998987281570)
continue (2.7899999999999832 -21.8738110892437732)
continue (2.7999999999999829 -21.8774148255077172)
continue (2.8099999999999827 -21.8722207239328981)
continue (2.8199999999999825 -21.8751460017801378)
continue (2.8299999999999823 -21.8757672865935824)
continue (2.8399999999999821 -21.8787831427485635)
continue (2.8499999999999819 -21.8815915576651427)
continue (2.8599999999999817 -21.8835486109319177)
continue (2.8699999999999815 -21.8799508738066386)
continue (2.8799999999999812 -21.8821621411042671)
continue (2.8899999999999810 -21.8837945998224583)
continue (2.8999999999999808 -21.8871978929186604)
continue (2.9099999999999806 -21.8890305084926204)
continue (2.9199999999999804 -21.8918981015892768)
continue (2.9299999999999802 -21.8944782220660521)
continue (2.9399999999999800 -21.8898627658221692)
continue (2.9499999999999797 -21.8929150771281513)
continue (2.9599999999999795 -21.8958558214841155)
continue (2.9699999999999793 -21.8989358382045367)
continue (2.9799999999999791 -21.9011229105600762)
continue (2.9899999999999789 -21.9048543337902970)
continue (2.9999999999999787 -21.9080962103105037)
continue (3.0099999999999785 -22.4914374025731298)
continue (3.0199999999999783 -22.4969541921029368)
continue (3.0299999999999780 -22.5000606218091370)
continue (3.0399999999999778 -22.5047428952995894)
continue (3.0499999999999776 -22.5082872292438090)
continue (3.0599999999999774 -22.5122603248373316)
continue (3.0699999999999772 -22.5175807231821423)
continue (3.0799999999999770 -22.5240985936520666)
continue (3.0899999999999768 -22.5290158181381130)
continue (3.0999999999999766 -22.5327965143484441)
continue (3.1099999999999763 -22.5368553421273781)
continue (3.1199999999999761 -22.5389382384042065)
continue (3.1299999999999759 -22.5486808973497830)
continue (3.1399999999999757 -22.5519897340556028)
continue (3.1499999999999755 -22.5572895453840658)
continue (3.1599999999999753 -22.5610677417439760)
continue (3.1699999999999751 -22.5616179700527297)
continue (3.1799999999999748 -22.5675795590105466)
continue (3.1899999999999746 -22.5747510131814302)
continue (3.1999999999999744 -22.5804419290027418)
continue (3.2099999999999742 -22.5862632517437625)
continue (3.2199999999999740 -22.5897721112481733)
continue (3.2299999999999738 -22.5910967269087983)
continue (3.2399999999999736 -22.5968019732976941)
continue (3.2499999999999734 -22.6049319942237155)
continue (3.2599999999999731 -22.6102960531080903)
continue (3.2699999999999729 -22.6158682360246068)
continue (3.2799999999999727 -22.6205399004883390)
continue (3.2899999999999725 -22.6251336033884520)
continue (3.2999999999999723 -22.6268052312116588)
continue (3.3099999999999721 -22.6314343113805378)
continue (3.3199999999999719 -22.6400753729725075)
continue (3.3299999999999716 -22.6455166929028344)
continue (3.3399999999999714 -22.6503888555629658)
continue (3.3499999999999712 -22.6565479679201722)
continue (3.3599999999999710 -22.6593523084601287)
continue (3.3699999999999708 -22.6642956520840748)
continue (3.3799999999999706 -22.6726301453898209)
continue (3.3899999999999704 -22.6741305913640296)
continue (3.3999999999999702 -22.6800012713338965)
continue (3.4099999999999699 -22.6882473800467892)
continue (3.4199999999999697 -22.6957227046357346)
continue (3.4299999999999695 -22.6962152064649594)
continue (3.4399999999999693 -22.7025495192203266)
continue (3.4499999999999691 -22.7114460123196125)
continue (3.4599999999999689 -22.7096492821914211)
continue (3.4699999999999687 -22.7173187519131226)
continue (3.4799999999999685 -22.7274647982349975)
continue (3.4899999999999682 -22.7344864413762018)
continue (3.4999999999999680 -22.7351201058550920)
continue (3.5099999999999678 -22.7406742509927895)
continue (3.5199999999999676 -22.7471623387914157)
continue (3.5299999999999674 -22.7469726846855202)
continue (3.5399999999999672 -22.7548200671908702)
continue (3.5499999999999670 -22.7640273792896330)
continue (3.5599999999999667 -22.7474160987137743)
continue (3.5600000000000001 -22.7474160987137992)
continue (3.5699999999999665 -22.7499992728965523)
continue (3.5799999999999663 -22.7565880138625865)
continue (3.5899999999999661 -22.7629638023597494)
continue (3.5999999999999659 -22.7599676318362327)
continue (3.6099999999999657 -22.7691139972974455)
continue (3.6199999999999655 -22.7790764446024703)
continue (3.6299999999999653 -22.7842974142266321)
continue (3.6399999999999650 -22.7924195060657908)
continue (3.6499999999999648 -22.7952938178761784)
continue (3.6599999999999646 -22.8026850392365645)
continue (3.6699999999999644 -22.7857921324910677)
continue (3.6799999999999642 -22.8029840602678924)
continue (3.6899999999999640 -22.8145339854746325)
continue (3.6999999999999638 -22.8196932593964661)
continue (3.7099999999999635 -22.8293534338805522)
continue (3.7199999999999633 -22.8330668725550829)
continue (3.7299999999999631 -22.8416451993275054)
continue (3.7399999999999629 -22.8482718006597203)
continue (3.7499999999999627 -22.8243812033522566)
continue (3.7500000000000000 -22.8243812033523028)
continue (3.7599999999999625 -22.8304938977477754)
continue (3.7699999999999623 -22.8377525882202796)
continue (3.7799999999999621 -22.8493571561401332)
continue (3.7899999999999618 -22.8604535762533985)
continue (3.7999999999999616 -22.8708918895255522)
continue (3.8099999999999614 -22.8731307035473890)
continue (3.8199999999999612 -22.8827778698068087)
continue (3.8299999999999610 -22.8477313942563782)
continue (3.8399999999999608 -22.8615094090439506)
continue (3.8399999999999999 -22.8615094090440039)
continue (3.8499999999999606 -22.8667715293957983)
continue (3.8599999999999604 -22.8802534161031481)
continue (3.8699999999999601 -22.8931222896045981)
continue (3.8799999999999599 -22.9053609010232861)
continue (3.8899999999999597 -22.9107973939731870)
continue (3.8900000000000001 -22.9107973939732332)
continue (3.8999999999999595 -22.9222046219115789)
continue (3.9099999999999593 -22.9331131472689584)
continue (3.9199999999999591 -22.8750615842454046)
continue (3.9299999999999589 -22.8917495775742879)
continue (3.9399999999999586 -22.9075590497165962)
continue (3.9499999999999584 -22.9228735771981356)
continue (3.9599999999999582 -22.9377305620611871)
continue (3.9699999999999580 -22.9518418235904846)
continue (3.9799999999999578 -22.9653760851778337)
continue (3.9899999999999576 -22.9783982892877141)
continue (4.0099999999999998 -22.9130097583817864)
continue (4.5099999999999998 -23.3106964874043427)
continue (5.0099999999999998 -23.3586373408453376)
continue (5.5099999999999998 -23.3898616970511135)
continue (6.0099999999999998 -23.4201147740283169)
continue (6.5099999999999998 -23.4462974605205119)
continue (7.0099999999999998 -23.4704721963604364)
continue (7.5099999999999998 -23.4911734659649589)
continue (8.0099999999999998 -23.5082082978759033)
continue (8.5099999999999998 -23.5225237717456075)
continue (9.0099999999999998 -23.5338504280197469)
continue (9.5099999999999998 -23.5431361077508576)
continue (10.0000000000000000 -23.5504851416830547)
continue (10.0099999999999998 -23.5506212023791406)
continue (15.0000000000000000 -23.6002273250475874)
continue (20.0000000000000000 -23.6748908618768112)
continue (25.0000000000000000 -23.7649561367948188)
continue (30.0000000000000000 -23.8526243133785449)
continue (35.0000000000000000 -23.9314422241321303)
continue (40.0000000000000000 -23.9995915895730718)
continue (45.0000000000000000 -24.0567191716214417)
continue (50.0000000000000000 -24.1031768626744984)
continue (55.0000000000000000 -24.1398070190987504)
continue (60.0000000000000000 -24.1678831704891870)
continue (65.0000000000000000 -24.1889119881791714)
continue (70.0000000000000000 -24.2047100454705379)
continue (75.0000000000000000 -24.2167945497100590)
continue (80.0000000000000000 -24.2263376048061296)
continue (85.0000000000000000 -24.2342056358040807)
continue (90.0000000000000000 -24.2409956269908768)
continue (95.0000000000000000 -24.2471438329256621)
continue (100.0000000000000000 -24.2529285218552673)
continue (110.0000000000000000 -24.2638312201018813)
continue (120.0000000000000000 -24.2739607074143322)
continue (130.0000000000000000 -24.2834208514440917)
continue (140.0000000000000000 -24.2923009239661027)
continue (150.0000000000000000 -24.3006727401696381)
continue (160.0000000000000000 -24.3085973857316517)
continue (170.0000000000000000 -24.3161271485471921)
continue (180.0000000000000000 -24.3233043086950431)
continue (190.0000000000000000 -24.3301660246945062)
continue (200.0000000000000000 -24.3367429096082901)
continue (210.0000000000000000 -24.3430626061264519)
continue (220.0000000000000000 -24.3491485688261875)
continue (230.0000000000000000 -24.3550212048622932)
continue (240.0000000000000000 -24.3606983120432652)
continue (250.0000000000000000 -24.3661955509189987)
continue (260.0000000000000000 -24.3715261030773149)
continue (270.0000000000000000 -24.3767034049284490)
continue (280.0000000000000000 -24.3817388479888919)
continue (290.0000000000000000 -24.3866401446034189)
continue (300.0000000000000000 -24.3914194048351902)
continue (310.0000000000000000 -24.3960814680914240)
continue (320.0000000000000000 -24.4006358786508493)
continue (330.0000000000000000 -24.4050887184339658)
continue (340.0000000000000000 -24.4094450424900913)
continue (350.0000000000000000 -24.4137115001724574)
continue (360.0000000000000000 -24.4178934656842337)
continue (370.0000000000000000 -24.4219941383524421)
continue (380.0000000000000000 -24.4260183933813622)
continue (390.0000000000000000 -24.4299703810574869)
continue (400.0000000000000000 -24.4338536340594068)
continue (410.0000000000000000 -24.4376716126289004)
continue (420.0000000000000000 -24.4414275857802501)
continue (430.0000000000000000 -24.4451242532121142)
continue (440.0000000000000000 -24.4487642772446172)
continue (450.0000000000000000 -24.4523501886413754)
continue (460.0000000000000000 -24.4558844084607756)
continue (470.0000000000000000 -24.4593693282184859)
continue (480.0000000000000000 -24.4628068736292228)
continue (490.0000000000000000 -24.4661989539917464)
continue (500.0000000000000000 -24.4695473625814621)
continue (510.0000000000000000 -24.4728539497829551)
continue (520.0000000000000000 -24.4761197135186350)
continue (530.0000000000000000 -24.4793464379960000)
continue (540.0000000000000000 -24.4825361095711642)
continue (550.0000000000000000 -24.4856903987874581)
continue (560.0000000000000000 -24.4888098377786747)
continue (570.0000000000000000 -24.4918953707238813)
continue (580.0000000000000000 -24.4949481385928607)
continue (590.0000000000000000 -24.4979705433865682)
continue (600.0000000000000000 -24.5009628316163521)
continue (610.0000000000000000 -24.5039252026949335)
continue (620.0000000000000000 -24.5068592008146418)
continue (630.0000000000000000 -24.5097668355669605)
continue (640.0000000000000000 -24.5126475935054451)
continue (650.0000000000000000 -24.5155015620017487)
continue (660.0000000000000000 -24.5183320998074912)
continue (670.0000000000000000 -24.5211380204712057)
continue (680.0000000000000000 -24.5239195033827713)
continue (690.0000000000000000 -24.5266796799246016)
continue (700.0000000000000000 -24.5294166727530794)
continue (710.0000000000000000 -24.5321323714259130)
continue (720.0000000000000000 -24.5348280053065260)
continue (730.0000000000000000 -24.5375014562751694)
continue (740.0000000000000000 -24.5401567373159821)
continue (750.0000000000000000 -24.5427918685595721)
continue (760.0000000000000000 -24.5454085174303671)
continue (770.0000000000000000 -24.5480074254748573)
continue (780.0000000000000000 -24.5505869664918741)
continue (790.0000000000000000 -24.5531509614411831)
continue (800.0000000000000000 -24.5556960453954893)
continue (810.0000000000000000 -24.5582264956056235)
continue (820.0000000000000000 -24.5607392949291032)
continue (830.0000000000000000 -24.5632374900239583)
continue (840.0000000000000000 -24.5657193305688750)
continue (850.0000000000000000 -24.5681870379060463)
continue (860.0000000000000000 -24.5706392619854093)
continue (870.0000000000000000 -24.5730778735494511)
continue (880.0000000000000000 -24.5755017447580641)
continue (890.0000000000000000 -24.5779126583369454)
continue (900.0000000000000000 -24.5803093129127284)
continue (910.0000000000000000 -24.5826938001636250)
continue (920.0000000000000000 -24.5850644082179883)
continue (930.0000000000000000 -24.5874236743617622)
continue (940.0000000000000000 -24.5897690392618173)
continue (950.0000000000000000 -24.5921043345177708)
continue (960.0000000000000000 -24.5944257713104619)
continue (970.0000000000000000 -24.5967377661138045)
continue (980.0000000000000000 -24.5990364548383340)
continue (990.0000000000000000 -24.6013251896088079)
continue (1000.0000000000000000 -24.6036026586949710)
continue (1200.0000000000000000 -24.6471538237265229)
continue (1400.0000000000000000 -24.6876701836737737)
continue (1600.0000000000000000 -24.7259391402807971)
continue (1800.0000000000000000 -24.7624724532218892)
continue (2000.0000000000000000 -24.7976160294663757)
continue (2200.0000000000000000 -24.8316171452438290)
continue (2400.0000000000000000 -24.8646586259041626)
continue (2600.0000000000000000 -24.8968707634449409)
continue (2800.0000000000000000 -24.9283566629996187)
continue (3000.0000000000000000 -24.9591847846209305)
continue (3200.0000000000000000 -24.9894066897896643)
continue (3400.0000000000000000 -25.0190613463997344)
continue (3600.0000000000000000 -25.0481725581071153)
continue (3800.0000000000000000 -25.0767454915601995)
continue (4000.0000000000000000 -25.1047884613546621)
continue (4200.0000000000000000 -25.1323019991770167)
continue (4400.0000000000000000 -25.1592804295012762)
continue (4600.0000000000000000 -25.1857146107449381)
continue (4800.0000000000000000 -25.2115998812874018)
continue (5000.0000000000000000 -25.2369247790718596)
continue (5200.0000000000000000 -25.2616780408423907)
continue (5400.0000000000000000 -25.2858491220638939)
continue (5600.0000000000000000 -25.3094488077526130)
continue (5800.0000000000000000 -25.3324528148400070)
continue (6000.0000000000000000 -25.3548890450690756)
continue (6200.0000000000000000 -25.3767362011752482)
continue (6400.0000000000000000 -25.3980324968174997)
continue (6600.0000000000000000 -25.4187627949767645)
continue (6800.0000000000000000 -25.4389454348426760)
continue (7000.0000000000000000 -25.4586096274723239)
continue (7200.0000000000000000 -25.4777640117280377)
continue (7400.0000000000000000 -25.4964075026096850)
continue (7600.0000000000000000 -25.5145713112985533)
continue (7800.0000000000000000 -25.5322724624185611)
continue (8000.0000000000000000 -25.5495304097104921)
continue (8200.0000000000000000 -25.5663650667959388)
continue (8400.0000000000000000 -25.5827893134364039)
continue (8600.0000000000000000 -25.5988231469896519)
continue (8800.0000000000000000 -25.6144840248281476)
continue (9000.0000000000000000 -25.6297888042354920)
continue (9200.0000000000000000 -25.6447538439582594)
continue (9400.0000000000000000 -25.6593919886559441)
continue (9600.0000000000000000 -25.6737215899651332)
continue (9800.0000000000000000 -25.6877543893765790)
continue (10000.0000000000000000 -25.7015012123741187)
continue (10200.0000000000000000 -25.7149742996330239)
continue (10400.0000000000000000 -25.7281824448661638)
continue (10600.0000000000000000 -25.7411241574688603)
continue (10800.0000000000000000 -25.7538239931922277)
continue (11000.0000000000000000 -25.7662956072843272)
continue (11500.0000000000000000 -25.7964944784765819)
continue (12000.0000000000000000 -25.8253955776611903)
continue (12500.0000000000000000 -25.8531046497656938)
continue (13000.0000000000000000 -25.8796964305684192)
continue (13500.0000000000000000 -25.9052873098707046)
continue (14000.0000000000000000 -25.9299382534431508)
continue (14500.0000000000000000 -25.9536996916549221)
continue (15000.0000000000000000 -25.9766608589911243)
continue (15500.0000000000000000 -25.9988464769083123)
continue (16000.0000000000000000 -26.0203202766503345)
continue (16500.0000000000000000 -26.0411388542869666)
continue (17000.0000000000000000 -26.0613077847298271)
continue (17500.0000000000000000 -26.0808867177900936)
continue (18000.0000000000000000 -26.0999179372247063)
continue (18500.0000000000000000 -26.1184225688449843)
continue (19000.0000000000000000 -26.1364140531307960)
continue (19500.0000000000000000 -26.1539317437876946)
continue (20000.0000000000000000 -26.1710007023524120)
continue (20500.0000000000000000 -26.1876426150638508)
continue (21000.0000000000000000 -26.2038778960175129)
continue (21500.0000000000000000 -26.2197257145898348)
continue (22000.0000000000000000 -26.2352042598724289)
continue (22500.0000000000000000 -26.2503302267501688)
continue (23000.0000000000000000 -26.2651188166869680)
continue (23500.0000000000000000 -26.2795846236079882)
continue (24000.0000000000000000 -26.2937418357536785)
continue (24500.0000000000000000 -26.3076030858848107)
continue (25000.0000000000000000 -26.3211799953009873)
continue (25500.0000000000000000 -26.3344821275570560)
continue (26000.0000000000000000 -26.3475110846130214)
continue (26500.0000000000000000 -26.3602922076488682)
continue (27000.0000000000000000 -26.3728371345171873)
continue (27500.0000000000000000 -26.3851507622917509)
continue (28000.0000000000000000 -26.3972391330198057)
continue (28500.0000000000000000 -26.4090939547965320)
continue (29000.0000000000000000 -26.4207451909848423)
continue (29500.0000000000000000 -26.4322036639922473)
continue (30000.0000000000000000 -26.4434675288909382)
continue (30500.0000000000000000 -26.4545229322891942)
continue (31000.0000000000000000 -26.4654068393251869)
continue (31500.0000000000000000 -26.4761210979195418)
continue (32000.0000000000000000 -26.4866501550128000)
continue (32500.0000000000000000 -26.4970145871127620)
continue (33000.0000000000000000 -26.5072307465688510)
continue (33500.0000000000000000 -26.5172754767409486)
continue (34000.0000000000000000 -26.5271723844834000)
continue (34500.0000000000000000 -26.5369333536163374)
continue (35000.0000000000000000 -26.5465320683105581)
continue (35500.0000000000000000 -26.5560051258663457)
continue (36000.0000000000000000 -26.5653465507018396)
continue (36500.0000000000000000 -26.5745381386265258)
continue (37000.0000000000000000 -26.5836242681571449)
continue (37500.0000000000000000 -26.5925669782919769)
continue (38000.0000000000000000 -26.6014019528819112)
continue (38500.0000000000000000 -26.6101150367088444)
continue (39000.0000000000000000 -26.6187097054841075)
continue (39500.0000000000000000 -26.6272060038795324)
continue (40000.0000000000000000 -26.6355712351908558)
continue (40500.0000000000000000 -26.6438549388871486)
continue (41000.0000000000000000 -26.6520085876049890)
continue (41500.0000000000000000 -26.6600869624829500)
continue (42000.0000000000000000 -26.6680439840256298)
continue (42500.0000000000000000 -26.6759261096850437)
continue (43000.0000000000000000 -26.6836941365451885)
continue (43500.0000000000000000 -26.6913897406875336)
continue (44000.0000000000000000 -26.6989762271144713)
continue (44500.0000000000000000 -26.7064945729435337)
continue (45000.0000000000000000 -26.7139069294871163)
continue (45500.0000000000000000 -26.7212572007276847)
continue (46000.0000000000000000 -26.7285025329316888)
continue (46500.0000000000000000 -26.7356934710887870)
continue (47000.0000000000000000 -26.7427795736155041)
continue (47500.0000000000000000 -26.7498137165460292)
continue (48000.0000000000000000 -26.7567499454033459)
continue (48500.0000000000000000 -26.7636279985406027)
continue (49000.0000000000000000 -26.7704265837003312)
continue (49500.0000000000000000 -26.7771547349587316)
continue (50000.0000000000000000 -26.7838216325878804)
continue (50500.0000000000000000 -26.7904064618803233)
continue (51000.0000000000000000 -26.7969461900661443)
continue (51500.0000000000000000 -26.8033967487527001)
continue (52000.0000000000000000 -26.8098028163495457)
continue (52500.0000000000000000 -26.8161341946836984)
continue (53000.0000000000000000 -26.8224050970446619)
continue (53500.0000000000000000 -26.8286268898176949)
continue (54000.0000000000000000 -26.8347711571804268)
continue (54500.0000000000000000 -26.8408799944276666)
continue (55000.0000000000000000 -26.8469122872683776)
continue (55500.0000000000000000 -26.8528932351561167)
continue (56000.0000000000000000 -26.8588302054008174)
continue (56500.0000000000000000 -26.8646952601613904)
continue (57000.0000000000000000 -26.8705247123747881)
continue (57500.0000000000000000 -26.8762926255044725)
continue (58000.0000000000000000 -26.8820050274453060)
continue (58500.0000000000000000 -26.8876863795269969)
continue (59000.0000000000000000 -26.8932955869541779)
continue (59500.0000000000000000 -26.8988649722775044)
continue (60000.0000000000000000 -26.9043953565724081)
continue (60500.0000000000000000 -26.9098620445361085)
continue (61000.0000000000000000 -26.9152956986306044)
continue (61500.0000000000000000 -26.9206830636635424)
continue (62000.0000000000000000 -26.9260135095451822)
continue (62500.0000000000000000 -26.9313175242075182)
continue (63000.0000000000000000 -26.9365691211875564)
continue (63500.0000000000000000 -26.9417702629023346)
continue (64000.0000000000000000 -26.9469495999378061)
continue (64500.0000000000000000 -26.9520726539009559)
continue (65000.0000000000000000 -26.9571508109780176)
continue (65500.0000000000000000 -26.9622089150198079)
continue (66000.0000000000000000 -26.9672116319572517)
continue (66500.0000000000000000 -26.9721716537883260)
continue (67000.0000000000000000 -26.9771121309765434)
continue (67500.0000000000000000 -26.9820023941609399)
continue (68000.0000000000000000 -26.9868494754160864)
continue (68500.0000000000000000 -26.9916759686866534)
continue (69000.0000000000000000 -26.9964604311590186)
continue (69500.0000000000000000 -27.0011997825016756)
continue (70000.0000000000000000 -27.0059159771349435)
continue (70500.0000000000000000 -27.0105999134824160)
continue (71000.0000000000000000 -27.0152363356294671)
continue (71500.0000000000000000 -27.0198467048954143)
continue (72000.0000000000000000 -27.0244356123687695)
continue (72500.0000000000000000 -27.0289724382317758)
continue (73000.0000000000000000 -27.0334808511581883)
continue (73500.0000000000000000 -27.0379739485857620)
continue (74000.0000000000000000 -27.0424206047922588)
continue (74500.0000000000000000 -27.0468330659410832)
continue (75245.0000000000000000 -50.0000000000000000)
continue (7354000.0000000000000000 -50.0000000000000000)
f(nu) = -20.4428385684645555 at 1.0000000000000000 Ryd
