# Faucher-Giguere 2019 
# z = 0.122018
# E [Ryd] log (J_nu)
interpolate (0.0000000100100000 -50.0000000000000000)
continue (0.0990000000000000 -50.0000000000000000)
continue (0.1000000000000000 -20.0952383971111317)
continue (0.1500000000000000 -20.1174989317508341)
continue (0.2000000000000000 -20.1463588155793829)
continue (0.2500000000000001 -20.1771026008953029)
continue (0.3000000000000000 -20.2284349249012543)
continue (0.3500000000000001 -20.2920926278962135)
continue (0.4000000000000001 -20.3966062779833344)
continue (0.4500000000000001 -20.4759059262592018)
continue (0.5000000000000001 -20.5787565359460736)
continue (0.5500000000000002 -20.6552922384386903)
continue (0.6000000000000002 -20.7669037392595222)
continue (0.6500000000000001 -20.8574385311486807)
continue (0.7000000000000002 -20.9594082653114206)
continue (0.7500000000000002 -21.1676843398281882)
continue (0.8000000000000002 -21.2984942785742781)
continue (0.8500000000000002 -21.4577633439850466)
continue (0.9000000000000002 -21.6373500279208315)
continue (0.9500000000000003 -21.8722551833911965)
continue (1.0100000000000000 -22.6855818922124435)
continue (1.0600000000000001 -22.7012298764727127)
continue (1.1100000000000001 -22.7196804527115184)
continue (1.1600000000000001 -22.7257159629453653)
continue (1.2100000000000002 -22.7286660555248865)
continue (1.2600000000000002 -22.7330020989978330)
continue (1.3100000000000003 -22.7398459043567520)
continue (1.3600000000000003 -22.7476972095463204)
continue (1.4100000000000004 -22.7586674773173350)
continue (1.4600000000000004 -22.7734282732461537)
continue (1.5100000000000005 -22.7841472634143365)
continue (1.5600000000000005 -22.8014286469284819)
continue (1.6100000000000005 -22.8204721458613058)
continue (1.6600000000000006 -22.8438769683702709)
continue (1.7100000000000006 -22.8629570332620062)
continue (1.7600000000000007 -22.8834421016335376)
continue (1.8100000000000007 -22.9088876627276754)
continue (1.8600000000000008 -22.9351249484767088)
continue (1.9100000000000008 -22.9619733959463126)
continue (1.9600000000000009 -22.9879385156750935)
continue (2.0000000000000000 -23.0082736150204106)
continue (2.0099999999999998 -23.0172921779257358)
continue (2.0199999999999996 -23.0217433819246295)
continue (2.0299999999999994 -23.0267297455019708)
continue (2.0399999999999991 -23.0319049777224123)
continue (2.0499999999999989 -23.0400645064367460)
continue (2.0599999999999987 -23.0430112148682333)
continue (2.0699999999999985 -23.0474594050722246)
continue (2.0799999999999983 -23.0523923592245943)
continue (2.0899999999999981 -23.0611551450649870)
continue (2.0999999999999979 -23.0671019773552999)
continue (2.1099999999999977 -23.0729801571622168)
continue (2.1199999999999974 -23.0764797308010969)
continue (2.1299999999999972 -23.0822514464063282)
continue (2.1399999999999970 -23.0911425252163340)
continue (2.1499999999999968 -23.0958541771127557)
continue (2.1599999999999966 -23.1009914989192602)
continue (2.1699999999999964 -23.1062846275003544)
continue (2.1799999999999962 -23.1109111142055639)
continue (2.1899999999999959 -23.1172584849605656)
continue (2.1999999999999957 -23.1233529319563402)
continue (2.2099999999999955 -23.1287021575179992)
continue (2.2199999999999953 -23.1339688338797806)
continue (2.2299999999999951 -23.1385493515226308)
continue (2.2399999999999949 -23.1474285910528046)
continue (2.2499999999999947 -23.1532642245368443)
continue (2.2599999999999945 -23.1564899042223225)
continue (2.2699999999999942 -23.1605347531629242)
continue (2.2799999999999940 -23.1646545693550152)
continue (2.2899999999999938 -23.1723205604047315)
continue (2.2999999999999936 -23.1769836878266275)
continue (2.3099999999999934 -23.1808926506639530)
continue (2.3199999999999932 -23.1857465408655266)
continue (2.3299999999999930 -23.1885323227120708)
continue (2.3399999999999928 -23.1932654223695138)
continue (2.3499999999999925 -23.2010724891788165)
continue (2.3599999999999923 -23.2059758656364359)
continue (2.3699999999999921 -23.2109478679123242)
continue (2.3799999999999919 -23.2155655002366217)
continue (2.3899999999999917 -23.2206282219452049)
continue (2.3999999999999915 -23.2256641038967224)
continue (2.4099999999999913 -23.2319219151616565)
continue (2.4199999999999910 -23.2375190276376422)
continue (2.4299999999999908 -23.2436983257580927)
continue (2.4399999999999906 -23.2495961404602163)
continue (2.4499999999999904 -23.2557365401086180)
continue (2.4599999999999902 -23.2615263687116887)
continue (2.4699999999999900 -23.2680044298709809)
continue (2.4799999999999898 -23.2742926011790949)
continue (2.4899999999999896 -23.2793855092448467)
continue (2.4999999999999893 -23.2854152459140415)
continue (2.5099999999999891 -23.2904976030606967)
continue (2.5199999999999889 -23.2959496369058563)
continue (2.5299999999999887 -23.3015234985527293)
continue (2.5399999999999885 -23.3071978385960712)
continue (2.5499999999999883 -23.3125839248965541)
continue (2.5599999999999881 -23.3184157475360436)
continue (2.5699999999999878 -23.3242517649760437)
continue (2.5799999999999876 -23.3270463145831677)
continue (2.5899999999999874 -23.3313292898539153)
continue (2.5999999999999872 -23.3356209331032538)
continue (2.6099999999999870 -23.3392432486567856)
continue (2.6199999999999868 -23.3433837360026075)
continue (2.6299999999999866 -23.3475204543014456)
continue (2.6399999999999864 -23.3521192653838376)
continue (2.6499999999999861 -23.3559113713180579)
continue (2.6599999999999859 -23.3607740005264972)
continue (2.6699999999999857 -23.3634884077137635)
continue (2.6799999999999855 -23.3681029673245177)
continue (2.6899999999999853 -23.3725131617177553)
continue (2.6999999999999851 -23.3771328067417272)
continue (2.7099999999999849 -23.3815503291546669)
continue (2.7199999999999847 -23.3863287662223627)
continue (2.7299999999999844 -23.3901690942596545)
continue (2.7399999999999842 -23.3946573005281451)
continue (2.7499999999999840 -23.3994095090146246)
continue (2.7599999999999838 -23.4038380196118432)
continue (2.7699999999999836 -23.4076854175463573)
continue (2.7799999999999834 -23.4121489309973789)
continue (2.7899999999999832 -23.4173144830458817)
continue (2.7999999999999829 -23.4221427713655324)
continue (2.8099999999999827 -23.4269773042240210)
continue (2.8199999999999825 -23.4319593587927564)
continue (2.8299999999999823 -23.4373649372367581)
continue (2.8399999999999821 -23.4420846314541471)
continue (2.8499999999999819 -23.4475181992194663)
continue (2.8599999999999817 -23.4515018912673732)
continue (2.8699999999999815 -23.4574632302554065)
continue (2.8799999999999812 -23.4618406352625790)
continue (2.8899999999999810 -23.4668839883042217)
continue (2.8999999999999808 -23.4713658258905902)
continue (2.9099999999999806 -23.4771660164892637)
continue (2.9199999999999804 -23.4823993708671459)
continue (2.9299999999999802 -23.4880007103077482)
continue (2.9399999999999800 -23.4945126294915063)
continue (2.9499999999999797 -23.4991904033113634)
continue (2.9599999999999795 -23.5057911936917847)
continue (2.9699999999999793 -23.5108742606076717)
continue (2.9799999999999791 -23.5176006833188609)
continue (2.9899999999999789 -23.5225044046679344)
continue (2.9999999999999787 -23.5296525046507590)
continue (3.0099999999999785 -23.8136766601829244)
continue (3.0199999999999783 -23.8170246881830430)
continue (3.0299999999999780 -23.8235380920028277)
continue (3.0399999999999778 -23.8246034364213983)
continue (3.0499999999999776 -23.8304841192302810)
continue (3.0599999999999774 -23.8317555168261563)
continue (3.0699999999999772 -23.8381962715221114)
continue (3.0799999999999770 -23.8385752608242427)
continue (3.0899999999999768 -23.8454104905984892)
continue (3.0999999999999766 -23.8482813264649245)
continue (3.1099999999999763 -23.8520889065317832)
continue (3.1199999999999761 -23.8547332070195921)
continue (3.1299999999999759 -23.8581693295842783)
continue (3.1399999999999757 -23.8608589096934089)
continue (3.1499999999999755 -23.8640565546156331)
continue (3.1599999999999753 -23.8666469935486596)
continue (3.1699999999999751 -23.8739638305155353)
continue (3.1799999999999748 -23.8722033589704452)
continue (3.1899999999999746 -23.8799413676398196)
continue (3.1999999999999744 -23.8865553268531485)
continue (3.2099999999999742 -23.8854099275719634)
continue (3.2199999999999740 -23.8926300960679114)
continue (3.2299999999999738 -23.8901172501792622)
continue (3.2399999999999736 -23.8977771451892842)
continue (3.2499999999999734 -23.8992848200451355)
continue (3.2599999999999731 -23.9022874450337000)
continue (3.2699999999999729 -23.9038292140062971)
continue (3.2799999999999727 -23.9063764360492463)
continue (3.2899999999999725 -23.9077108689316269)
continue (3.2999999999999723 -23.9158494197542204)
continue (3.3099999999999721 -23.9179333506180996)
continue (3.3199999999999719 -23.9199339597732887)
continue (3.3299999999999716 -23.9274386295522774)
continue (3.3399999999999714 -23.9226978385640194)
continue (3.3499999999999712 -23.9313010905344257)
continue (3.3599999999999710 -23.9310761386376143)
continue (3.3699999999999708 -23.9340158663141587)
continue (3.3799999999999706 -23.9420719590258848)
continue (3.3899999999999704 -23.9357748834807822)
continue (3.3999999999999702 -23.9446789247170386)
continue (3.4099999999999699 -23.9443979569666432)
continue (3.4199999999999697 -23.9463034248435171)
continue (3.4299999999999695 -23.9454671735266480)
continue (3.4399999999999693 -23.9548142535368953)
continue (3.4499999999999691 -23.9562578496610108)
continue (3.4599999999999689 -23.9556009655237077)
continue (3.4699999999999687 -23.9647995186259912)
continue (3.4799999999999685 -23.9550381806134922)
continue (3.4899999999999682 -23.9654868786008564)
continue (3.4999999999999680 -23.9743779754520148)
continue (3.5099999999999678 -23.9640382629689412)
continue (3.5199999999999676 -23.9742932152409125)
continue (3.5299999999999674 -23.9709851387642630)
continue (3.5399999999999672 -23.9724482728985073)
continue (3.5499999999999670 -23.9826009170265060)
continue (3.5599999999999667 -23.9762493277515318)
continue (3.5600000000000001 -23.9762493277515674)
continue (3.5699999999999665 -23.9864101053585230)
continue (3.5799999999999663 -23.9871172985879646)
continue (3.5899999999999661 -23.9839300644130091)
continue (3.5999999999999659 -23.9940083882000401)
continue (3.6099999999999657 -23.9800036243884662)
continue (3.6199999999999655 -23.9912265246139782)
continue (3.6299999999999653 -24.0013747848005394)
continue (3.6399999999999650 -23.9863637539897105)
continue (3.6499999999999648 -23.9978722687331505)
continue (3.6599999999999646 -24.0082351788051866)
continue (3.6699999999999644 -23.9917970783495917)
continue (3.6799999999999642 -24.0035489152497448)
continue (3.6899999999999640 -24.0142034020864301)
continue (3.6999999999999638 -24.0086880488550349)
continue (3.7099999999999635 -24.0085710800411185)
continue (3.7199999999999633 -24.0195244444701856)
continue (3.7299999999999631 -24.0132066831054765)
continue (3.7399999999999629 -24.0122346612865627)
continue (3.7499999999999627 -24.0234138053579720)
continue (3.7500000000000000 -24.0219003611038673)
continue (3.7599999999999625 -24.0149820664152678)
continue (3.7699999999999623 -24.0265734194883116)
continue (3.7799999999999621 -24.0051930978942067)
continue (3.7899999999999618 -24.0181366564039571)
continue (3.7999999999999616 -24.0301073809822370)
continue (3.8099999999999614 -24.0068416480541984)
continue (3.8199999999999612 -24.0201117251390386)
continue (3.8299999999999610 -24.0325308387675278)
continue (3.8399999999999608 -24.0437759366485118)
continue (3.8399999999999999 -24.0427378372094687)
continue (3.8499999999999606 -24.0192917946994342)
continue (3.8599999999999604 -24.0323182589483331)
continue (3.8699999999999601 -24.0441093831791584)
continue (3.8799999999999599 -24.0343590920242818)
continue (3.8899999999999597 -24.0306989311715107)
continue (3.8900000000000001 -24.0306989311715640)
continue (3.8999999999999595 -24.0431774782218319)
continue (3.9099999999999593 -24.0328455123121287)
continue (3.9199999999999591 -24.0453450419640653)
continue (3.9299999999999589 -24.0419537184044430)
continue (3.9399999999999586 -24.0310494386170852)
continue (3.9499999999999584 -24.0443781314068978)
continue (3.9599999999999582 -24.0562769696767269)
continue (3.9699999999999580 -24.0277397912855015)
continue (3.9799999999999578 -24.0420215339279935)
continue (3.9899999999999576 -24.0547113655058098)
continue (4.0099999999999998 -24.0377963721141050)
continue (4.5099999999999998 -24.2490426344194603)
continue (5.0099999999999998 -24.2748888343217466)
continue (5.5099999999999998 -24.2905235851370165)
continue (6.0099999999999998 -24.3019375309486172)
continue (6.5099999999999998 -24.3095164124251042)
continue (7.0099999999999998 -24.3154864394644505)
continue (7.5099999999999998 -24.3209336721849603)
continue (8.0099999999999998 -24.3264579410813049)
continue (8.5099999999999998 -24.3328245373173111)
continue (9.0099999999999998 -24.3403219507621884)
continue (9.5099999999999998 -24.3490412766685473)
continue (10.0000000000000000 -24.3587803439497321)
continue (10.0099999999999998 -24.3589907311177924)
continue (15.0000000000000000 -24.4955394223107490)
continue (20.0000000000000000 -24.6345139811226375)
continue (25.0000000000000000 -24.7450409639600366)
continue (30.0000000000000000 -24.8260611116118213)
continue (35.0000000000000000 -24.8833428400316414)
continue (40.0000000000000000 -24.9236546737735374)
continue (45.0000000000000000 -24.9526460146956666)
continue (50.0000000000000000 -24.9742523424979588)
continue (55.0000000000000000 -24.9910580823509427)
continue (60.0000000000000000 -25.0046746873781522)
continue (65.0000000000000000 -25.0161097028668777)
continue (70.0000000000000000 -25.0260417131774666)
continue (75.0000000000000000 -25.0349085728274794)
continue (80.0000000000000000 -25.0429963883570004)
continue (85.0000000000000000 -25.0504968764240630)
continue (90.0000000000000000 -25.0575415726704520)
continue (95.0000000000000000 -25.0642185549301999)
continue (100.0000000000000000 -25.0705965742497021)
continue (110.0000000000000000 -25.0826144834395528)
continue (120.0000000000000000 -25.0937864284629555)
continue (130.0000000000000000 -25.1042448614575626)
continue (140.0000000000000000 -25.1140904205830360)
continue (150.0000000000000000 -25.1234075319894998)
continue (160.0000000000000000 -25.1322633025585240)
continue (170.0000000000000000 -25.1407109750205180)
continue (180.0000000000000000 -25.1488001564739605)
continue (190.0000000000000000 -25.1565652809816420)
continue (200.0000000000000000 -25.1640418492771616)
continue (210.0000000000000000 -25.1712573393586432)
continue (220.0000000000000000 -25.1782351665543125)
continue (230.0000000000000000 -25.1849961510429381)
continue (240.0000000000000000 -25.1915589124789570)
continue (250.0000000000000000 -25.1979400733431653)
continue (260.0000000000000000 -25.2041536501702694)
continue (270.0000000000000000 -25.2102099101633108)
continue (280.0000000000000000 -25.2161231710110947)
continue (290.0000000000000000 -25.2219017874249865)
continue (300.0000000000000000 -25.2275550980766248)
continue (310.0000000000000000 -25.2330908458254868)
continue (320.0000000000000000 -25.2385181105160683)
continue (330.0000000000000000 -25.2438402126325947)
continue (340.0000000000000000 -25.2490662048041621)
continue (350.0000000000000000 -25.2542017692671585)
continue (360.0000000000000000 -25.2592491895322482)
continue (370.0000000000000000 -25.2642147900702305)
continue (380.0000000000000000 -25.2691030144120461)
continue (390.0000000000000000 -25.2739181988789454)
continue (400.0000000000000000 -25.2786636175926596)
continue (410.0000000000000000 -25.2833425693383660)
continue (420.0000000000000000 -25.2879580615362869)
continue (430.0000000000000000 -25.2925128446448362)
continue (440.0000000000000000 -25.2970097802417797)
continue (450.0000000000000000 -25.3014514000050816)
continue (460.0000000000000000 -25.3058399337174791)
continue (470.0000000000000000 -25.3101777858225461)
continue (480.0000000000000000 -25.3144671380265969)
continue (490.0000000000000000 -25.3187099530801234)
continue (500.0000000000000000 -25.3229083417461567)
continue (510.0000000000000000 -25.3270639335141254)
continue (520.0000000000000000 -25.3311782069664773)
continue (530.0000000000000000 -25.3352525392635712)
continue (540.0000000000000000 -25.3392869749184158)
continue (550.0000000000000000 -25.3432845226327643)
continue (560.0000000000000000 -25.3472473272830676)
continue (570.0000000000000000 -25.3511759205673926)
continue (580.0000000000000000 -25.3550705435284023)
continue (590.0000000000000000 -25.3589312316054993)
continue (600.0000000000000000 -25.3627623142157894)
continue (610.0000000000000000 -25.3665637984310521)
continue (620.0000000000000000 -25.3703341328084520)
continue (630.0000000000000000 -25.3740760254656230)
continue (640.0000000000000000 -25.3777921283361003)
continue (650.0000000000000000 -25.3814803542115115)
continue (660.0000000000000000 -25.3851413540215560)
continue (670.0000000000000000 -25.3887795219588313)
continue (680.0000000000000000 -25.3923915246059195)
continue (690.0000000000000000 -25.3959793525757966)
continue (700.0000000000000000 -25.3995461120616355)
continue (710.0000000000000000 -25.4030873284996268)
continue (720.0000000000000000 -25.4066084620390953)
continue (730.0000000000000000 -25.4101085065182488)
continue (740.0000000000000000 -25.4135853328807499)
continue (750.0000000000000000 -25.4170450050616452)
continue (760.0000000000000000 -25.4204814163844546)
continue (770.0000000000000000 -25.4239011922115345)
continue (780.0000000000000000 -25.4273005922754045)
continue (790.0000000000000000 -25.4306820199290016)
continue (800.0000000000000000 -25.4340462382178139)
continue (810.0000000000000000 -25.4373908719201758)
continue (820.0000000000000000 -25.4407210824516277)
continue (830.0000000000000000 -25.4440309995748599)
continue (840.0000000000000000 -25.4473283010591125)
continue (850.0000000000000000 -25.4506054494591964)
continue (860.0000000000000000 -25.4538710796802334)
continue (870.0000000000000000 -25.4571170604710098)
continue (880.0000000000000000 -25.4603522989871180)
continue (890.0000000000000000 -25.4635684515950835)
continue (900.0000000000000000 -25.4667744946617702)
continue (910.0000000000000000 -25.4699620920036232)
continue (920.0000000000000000 -25.4731398714459374)
continue (930.0000000000000000 -25.4763002872083426)
continue (940.0000000000000000 -25.4794504360031091)
continue (950.0000000000000000 -25.4825851622759991)
continue (960.0000000000000000 -25.4857082158801092)
continue (970.0000000000000000 -25.4888187294258479)
continue (980.0000000000000000 -25.4919157836391861)
continue (990.0000000000000000 -25.4950030644193717)
continue (1000.0000000000000000 -25.4980749842223844)
continue (1200.0000000000000000 -25.5573310480439559)
continue (1400.0000000000000000 -25.6131165225518167)
continue (1600.0000000000000000 -25.6661669555989285)
continue (1800.0000000000000000 -25.7169077234700012)
continue (2000.0000000000000000 -25.7655840406871839)
continue (2200.0000000000000000 -25.8123497930413777)
continue (2400.0000000000000000 -25.8572858667716687)
continue (2600.0000000000000000 -25.9004733414157435)
continue (2800.0000000000000000 -25.9419509450054342)
continue (3000.0000000000000000 -25.9817918785404984)
continue (3200.0000000000000000 -26.0200596151225625)
continue (3400.0000000000000000 -26.0568015261637385)
continue (3600.0000000000000000 -26.0921134147477822)
continue (3800.0000000000000000 -26.1260369177964549)
continue (4000.0000000000000000 -26.1586691625490317)
continue (4200.0000000000000000 -26.1900684774947088)
continue (4400.0000000000000000 -26.2202923670207468)
continue (4600.0000000000000000 -26.2494056257577704)
continue (4800.0000000000000000 -26.2774709155522359)
continue (5000.0000000000000000 -26.3045543197682861)
continue (5200.0000000000000000 -26.3307142995937902)
continue (5400.0000000000000000 -26.3559745532403014)
continue (5600.0000000000000000 -26.3803990495272309)
continue (5800.0000000000000000 -26.4040430966577588)
continue (6000.0000000000000000 -26.4269166726380220)
continue (6200.0000000000000000 -26.4490904670810103)
continue (6400.0000000000000000 -26.4705912687662881)
continue (6600.0000000000000000 -26.4914354573731821)
continue (6800.0000000000000000 -26.5116894886766410)
continue (7000.0000000000000000 -26.5313691991981386)
continue (7200.0000000000000000 -26.5504810484120171)
continue (7400.0000000000000000 -26.5690767501035552)
continue (7600.0000000000000000 -26.5871806664858248)
continue (7800.0000000000000000 -26.6048175273794065)
continue (8000.0000000000000000 -26.6220072035751478)
continue (8200.0000000000000000 -26.6387660160912745)
continue (8400.0000000000000000 -26.6551140703380369)
continue (8600.0000000000000000 -26.6710717440480920)
continue (8800.0000000000000000 -26.6866577588423510)
continue (9000.0000000000000000 -26.7018888452632268)
continue (9200.0000000000000000 -26.7167798969515218)
continue (9400.0000000000000000 -26.7313444396529576)
continue (9600.0000000000000000 -26.7455961832439399)
continue (9800.0000000000000000 -26.7595517767990287)
continue (10000.0000000000000000 -26.7732241034033152)
continue (10200.0000000000000000 -26.7866262870241414)
continue (10400.0000000000000000 -26.7997671617459723)
continue (10600.0000000000000000 -26.8126575923435375)
continue (10800.0000000000000000 -26.8252926151211852)
continue (11000.0000000000000000 -26.8376850649055214)
continue (11500.0000000000000000 -26.8677172139323659)
continue (12000.0000000000000000 -26.8964560186429793)
continue (12500.0000000000000000 -26.9240105060956587)
continue (13000.0000000000000000 -26.9504690211595275)
continue (13500.0000000000000000 -26.9758922097281015)
continue (14000.0000000000000000 -27.0004034959840631)
continue (14500.0000000000000000 -27.0240192838092455)
continue (15000.0000000000000000 -27.0468423907337758)
continue (15500.0000000000000000 -27.0688827778242995)
continue (16000.0000000000000000 -27.0902396450021286)
continue (16500.0000000000000000 -27.1109033627019400)
continue (17000.0000000000000000 -27.1309441450906412)
continue (17500.0000000000000000 -27.1504099066954510)
continue (18000.0000000000000000 -27.1693132363746450)
continue (18500.0000000000000000 -27.1876756747365214)
continue (19000.0000000000000000 -27.2055436507410384)
continue (19500.0000000000000000 -27.2229417402388698)
continue (20000.0000000000000000 -27.2398945036056439)
continue (20500.0000000000000000 -27.2564221278370766)
continue (21000.0000000000000000 -27.2725446230023536)
continue (21500.0000000000000000 -27.2882795552258770)
continue (22000.0000000000000000 -27.3036447944004941)
continue (22500.0000000000000000 -27.3186570205494661)
continue (23000.0000000000000000 -27.3333320212929429)
continue (23500.0000000000000000 -27.3476857383731158)
continue (24000.0000000000000000 -27.3617322579247819)
continue (24500.0000000000000000 -27.3754854881122789)
continue (25000.0000000000000000 -27.3889570487954366)
continue (25500.0000000000000000 -27.4021592317852161)
continue (26000.0000000000000000 -27.4151007132029854)
continue (26500.0000000000000000 -27.4277800572200157)
continue (27000.0000000000000000 -27.4402121905279692)
continue (27500.0000000000000000 -27.4524201150852960)
continue (28000.0000000000000000 -27.4644102880284642)
continue (28500.0000000000000000 -27.4761869633126921)
continue (29000.0000000000000000 -27.4877357396941484)
continue (29500.0000000000000000 -27.4990865727494089)
continue (30000.0000000000000000 -27.5102556046050033)
continue (30500.0000000000000000 -27.5212375377617846)
continue (31000.0000000000000000 -27.5320149301422816)
continue (31500.0000000000000000 -27.5426311505076384)
continue (32000.0000000000000000 -27.5530873327489694)
continue (32500.0000000000000000 -27.5633530076989928)
continue (33000.0000000000000000 -27.5734703483189314)
continue (33500.0000000000000000 -27.5834457400885888)
continue (34000.0000000000000000 -27.5932432754171124)
continue (34500.0000000000000000 -27.6029103951960728)
continue (35000.0000000000000000 -27.6124437536106342)
continue (35500.0000000000000000 -27.6218129853258922)
continue (36000.0000000000000000 -27.6310741061459169)
continue (36500.0000000000000000 -27.6401878491848940)
continue (37000.0000000000000000 -27.6491785138700550)
continue (37500.0000000000000000 -27.6580589443811178)
continue (38000.0000000000000000 -27.6667925466700808)
continue (38500.0000000000000000 -27.6754386841982587)
continue (39000.0000000000000000 -27.6839426195645970)
continue (39500.0000000000000000 -27.6923574072043941)
continue (40000.0000000000000000 -27.7006503179690675)
continue (40500.0000000000000000 -27.7088443157656670)
continue (41000.0000000000000000 -27.7169363479389723)
continue (41500.0000000000000000 -27.7249211637417332)
continue (42000.0000000000000000 -27.7328197201846329)
continue (42500.0000000000000000 -27.7406067141783055)
continue (43000.0000000000000000 -27.7483177684278886)
continue (43500.0000000000000000 -27.7559187694586171)
continue (44000.0000000000000000 -27.7634496300674094)
continue (44500.0000000000000000 -27.7708748469402309)
continue (45000.0000000000000000 -27.7782318377023039)
continue (45500.0000000000000000 -27.7854904111431651)
continue (46000.0000000000000000 -27.7926786685042053)
continue (46500.0000000000000000 -27.7997810030859291)
continue (47000.0000000000000000 -27.8068064217725244)
continue (47500.0000000000000000 -27.8137613051383461)
continue (48000.0000000000000000 -27.8206297374948051)
continue (48500.0000000000000000 -27.8274440747773220)
continue (49000.0000000000000000 -27.8341619881460645)
continue (49500.0000000000000000 -27.8408382014612741)
continue (50000.0000000000000000 -27.8474164920274418)
continue (50500.0000000000000000 -27.8539512138609062)
continue (51000.0000000000000000 -27.8604036205340613)
continue (51500.0000000000000000 -27.8667954142636773)
continue (52000.0000000000000000 -27.8731353582396260)
continue (52500.0000000000000000 -27.8793916324822320)
continue (53000.0000000000000000 -27.8856141719621995)
continue (53500.0000000000000000 -27.8917497061014608)
continue (54000.0000000000000000 -27.8978410416469025)
continue (54500.0000000000000000 -27.9038766362575750)
continue (55000.0000000000000000 -27.9098408882806659)
continue (55500.0000000000000000 -27.9157749449205497)
continue (56000.0000000000000000 -27.9216276288840852)
continue (56500.0000000000000000 -27.9274388895428700)
continue (57000.0000000000000000 -27.9332056712153296)
continue (57500.0000000000000000 -27.9388996287414031)
continue (58000.0000000000000000 -27.9445672270977532)
continue (58500.0000000000000000 -27.9501676529676786)
continue (59000.0000000000000000 -27.9557180124412028)
continue (59500.0000000000000000 -27.9612414769920257)
continue (60000.0000000000000000 -27.9666907287526989)
continue (60500.0000000000000000 -27.9721042805402078)
continue (61000.0000000000000000 -27.9774849709476641)
continue (61500.0000000000000000 -27.9827954895769402)
continue (62000.0000000000000000 -27.9880786380340751)
continue (62500.0000000000000000 -27.9933209123551805)
continue (63000.0000000000000000 -27.9985019038994949)
continue (63500.0000000000000000 -28.0036592338440791)
continue (64000.0000000000000000 -28.0087715035085942)
continue (64500.0000000000000000 -28.0138282636821820)
continue (65000.0000000000000000 -28.0188644728355776)
continue (65500.0000000000000000 -28.0238545865365545)
continue (66000.0000000000000000 -28.0287926439607880)
continue (66500.0000000000000000 -28.0337109412426173)
continue (67000.0000000000000000 -28.0385870391936223)
continue (67500.0000000000000000 -28.0434114340636818)
continue (68000.0000000000000000 -28.0482152513961474)
continue (68500.0000000000000000 -28.0529843914933821)
continue (69000.0000000000000000 -28.0576996165562669)
continue (69500.0000000000000000 -28.0623928540668075)
continue (70000.0000000000000000 -28.0670613814454732)
continue (70500.0000000000000000 -28.0716721178941597)
continue (71000.0000000000000000 -28.0762591043714735)
continue (71500.0000000000000000 -28.0808284620304036)
continue (72000.0000000000000000 -28.0853423480698368)
continue (72500.0000000000000000 -28.0898273817198110)
continue (73000.0000000000000000 -28.0942977863740992)
continue (73500.0000000000000000 -28.0987248173679269)
continue (74000.0000000000000000 -28.1031117190959634)
continue (74500.0000000000000000 -28.1074813320116377)
continue (75245.0000000000000000 -50.0000000000000000)
continue (7354000.0000000000000000 -50.0000000000000000)
f(nu) = -21.4542297878725883 at 1.0000000000000000 Ryd
