# Faucher-Giguere 2019 
# z = 1.511886
# E [Ryd] log (J_nu)
interpolate (0.0000000100100000 -50.0000000000000000)
continue (0.0990000000000000 -50.0000000000000000)
continue (0.1000000000000000 -19.2484868059135330)
continue (0.1500000000000000 -19.2840026544046594)
continue (0.2000000000000000 -19.3202196873470946)
continue (0.2500000000000001 -19.3504932908118619)
continue (0.3000000000000000 -19.3315202322842765)
continue (0.3500000000000001 -19.3215314492703598)
continue (0.4000000000000001 -19.3324892154199759)
continue (0.4500000000000001 -19.3462643901791829)
continue (0.5000000000000001 -19.3680737141224775)
continue (0.5500000000000002 -19.4010082148226886)
continue (0.6000000000000002 -19.4516216086066827)
continue (0.6500000000000001 -19.5082037559223842)
continue (0.7000000000000002 -19.5564918880067431)
continue (0.7500000000000002 -19.7880081839360820)
continue (0.8000000000000002 -19.8750766055480987)
continue (0.8500000000000002 -20.0095676219064771)
continue (0.9000000000000002 -20.2223285137763966)
continue (0.9500000000000003 -20.5881021314665595)
continue (1.0100000000000000 -21.5693438135492315)
continue (1.0600000000000001 -21.6241341891862540)
continue (1.1100000000000001 -21.6626154242071784)
continue (1.1600000000000001 -21.7000500670148000)
continue (1.2100000000000002 -21.7277980349677122)
continue (1.2600000000000002 -21.7554420000651589)
continue (1.3100000000000003 -21.7878493825993331)
continue (1.3600000000000003 -21.7995615920511696)
continue (1.4100000000000004 -21.8147010608277370)
continue (1.4600000000000004 -21.8317946021259957)
continue (1.5100000000000005 -21.8507272266353638)
continue (1.5600000000000005 -21.8687863802116311)
continue (1.6100000000000005 -21.8846124979326611)
continue (1.6600000000000006 -21.9046571395293448)
continue (1.7100000000000006 -21.9105599177355046)
continue (1.7600000000000007 -21.9200219889479513)
continue (1.8100000000000007 -21.9306802578635143)
continue (1.8600000000000008 -21.9364866230870632)
continue (1.9100000000000008 -21.9391061861409042)
continue (1.9600000000000009 -21.9347105805211378)
continue (2.0000000000000000 -21.9384327862481143)
continue (2.0099999999999998 -21.9332308069145192)
continue (2.0199999999999996 -21.9346127178759716)
continue (2.0299999999999994 -21.9287041566342396)
continue (2.0399999999999991 -21.9302969450103511)
continue (2.0499999999999989 -21.9302383030288972)
continue (2.0599999999999987 -21.9249930908579636)
continue (2.0699999999999985 -21.9239613904024715)
continue (2.0799999999999983 -21.9235255949396191)
continue (2.0899999999999981 -21.9196376320578921)
continue (2.0999999999999979 -21.9188369095442290)
continue (2.1099999999999977 -21.9154124251441473)
continue (2.1199999999999974 -21.9094763908358914)
continue (2.1299999999999972 -21.9121599329021777)
continue (2.1399999999999970 -21.9069438221331652)
continue (2.1499999999999968 -21.9032589552490364)
continue (2.1599999999999966 -21.9014891381771051)
continue (2.1699999999999964 -21.8970518072891487)
continue (2.1799999999999962 -21.8974063790889311)
continue (2.1899999999999959 -21.8940892260757742)
continue (2.1999999999999957 -21.8875817906250063)
continue (2.2099999999999955 -21.8843056633433406)
continue (2.2199999999999953 -21.8815529644554019)
continue (2.2299999999999951 -21.8784155797436952)
continue (2.2399999999999949 -21.8759941737376060)
continue (2.2499999999999947 -21.8739916405375183)
continue (2.2599999999999945 -21.8690767454339365)
continue (2.2699999999999942 -21.8649270254401991)
continue (2.2799999999999940 -21.8629658702131557)
continue (2.2899999999999938 -21.8578257198529116)
continue (2.2999999999999936 -21.8517578461256115)
continue (2.3099999999999934 -21.8515356674680810)
continue (2.3199999999999932 -21.8499565205002781)
continue (2.3299999999999930 -21.8391101638888898)
continue (2.3399999999999928 -21.8388346068204733)
continue (2.3499999999999925 -21.8378390439943146)
continue (2.3599999999999923 -21.8360285315609417)
continue (2.3699999999999921 -21.8253001973922878)
continue (2.3799999999999919 -21.8242351845982476)
continue (2.3899999999999917 -21.8228994632527424)
continue (2.3999999999999915 -21.8213289350398867)
continue (2.4099999999999913 -21.8108581178139787)
continue (2.4199999999999910 -21.8096226441705774)
continue (2.4299999999999908 -21.8082966206620839)
continue (2.4399999999999906 -21.8016805830521854)
continue (2.4499999999999904 -21.7976023249214208)
continue (2.4599999999999902 -21.7964647702949605)
continue (2.4699999999999900 -21.7961235268860136)
continue (2.4799999999999898 -21.7887720011909423)
continue (2.4899999999999896 -21.7843477869183886)
continue (2.4999999999999893 -21.7846838494179948)
continue (2.5099999999999891 -21.7844076463237002)
continue (2.5199999999999889 -21.7766633166645853)
continue (2.5299999999999887 -21.7718646272912295)
continue (2.5399999999999885 -21.7714436125854256)
continue (2.5499999999999883 -21.7709107872477325)
continue (2.5599999999999881 -21.7634744304772880)
continue (2.5699999999999878 -21.7638477386981677)
continue (2.5799999999999876 -21.7585421054372148)
continue (2.5899999999999874 -21.7584346466321250)
continue (2.5999999999999872 -21.7582047819620321)
continue (2.6099999999999870 -21.7524597777346500)
continue (2.6199999999999868 -21.7479567441377171)
continue (2.6299999999999866 -21.7477887590185901)
continue (2.6399999999999864 -21.7484672003562274)
continue (2.6499999999999861 -21.7425046185569180)
continue (2.6599999999999859 -21.7426604637556800)
continue (2.6699999999999857 -21.7384640022515860)
continue (2.6799999999999855 -21.7392647722890295)
continue (2.6899999999999853 -21.7326885360387863)
continue (2.6999999999999851 -21.7328434384508284)
continue (2.7099999999999849 -21.7337614904857404)
continue (2.7199999999999847 -21.7303739612864888)
continue (2.7299999999999844 -21.7305014924511859)
continue (2.7399999999999842 -21.7243482865689082)
continue (2.7499999999999840 -21.7244747701618017)
continue (2.7599999999999838 -21.7248655877417107)
continue (2.7699999999999836 -21.7212788128768501)
continue (2.7799999999999834 -21.7214665950799493)
continue (2.7899999999999832 -21.7165703064274176)
continue (2.7999999999999829 -21.7180120789346489)
continue (2.8099999999999827 -21.7184285361969351)
continue (2.8199999999999825 -21.7202071340598692)
continue (2.8299999999999823 -21.7169239853728335)
continue (2.8399999999999821 -21.7120170532761385)
continue (2.8499999999999819 -21.7135810899650075)
continue (2.8599999999999817 -21.7150981236523002)
continue (2.8699999999999815 -21.7157259618636864)
continue (2.8799999999999812 -21.7166648334185375)
continue (2.8899999999999810 -21.7079372317115400)
continue (2.8999999999999808 -21.7097068313175932)
continue (2.9099999999999806 -21.7112191775188066)
continue (2.9199999999999804 -21.7118186178608283)
continue (2.9299999999999802 -21.7131401794842667)
continue (2.9399999999999800 -21.7109087115651320)
continue (2.9499999999999797 -21.7059162739993177)
continue (2.9599999999999795 -21.7078017745564473)
continue (2.9699999999999793 -21.7085627654668833)
continue (2.9799999999999791 -21.7097861953927485)
continue (2.9899999999999789 -21.7114859047740154)
continue (2.9999999999999787 -21.7133252358199762)
continue (3.0099999999999785 -22.3590047543158761)
continue (3.0199999999999783 -22.3610098109677686)
continue (3.0299999999999780 -22.3673027721783626)
continue (3.0399999999999778 -22.3711234778647636)
continue (3.0499999999999776 -22.3753861167676718)
continue (3.0599999999999774 -22.3809235227464320)
continue (3.0699999999999772 -22.3821556210603489)
continue (3.0799999999999770 -22.3886978960948397)
continue (3.0899999999999768 -22.3933180364381030)
continue (3.0999999999999766 -22.3976632983770401)
continue (3.1099999999999763 -22.4028107479960212)
continue (3.1199999999999761 -22.4036748682384435)
continue (3.1299999999999759 -22.4114136530856634)
continue (3.1399999999999757 -22.4156616572493483)
continue (3.1499999999999755 -22.4200885846324951)
continue (3.1599999999999753 -22.4228276328258396)
continue (3.1699999999999751 -22.4283084549406411)
continue (3.1799999999999748 -22.4345936532929109)
continue (3.1899999999999746 -22.4395946497451142)
continue (3.1999999999999744 -22.4428151490152530)
continue (3.2099999999999742 -22.4461052609294320)
continue (3.2199999999999740 -22.4483508633638209)
continue (3.2299999999999738 -22.4564615266616130)
continue (3.2399999999999736 -22.4630087717084415)
continue (3.2499999999999734 -22.4679641432495849)
continue (3.2599999999999731 -22.4732199942098454)
continue (3.2699999999999729 -22.4745720696874471)
continue (3.2799999999999727 -22.4805350965576274)
continue (3.2899999999999725 -22.4862155062730373)
continue (3.2999999999999723 -22.4928613593968336)
continue (3.3099999999999721 -22.5001996960705952)
continue (3.3199999999999719 -22.5009646941456545)
continue (3.3299999999999716 -22.5081073115773194)
continue (3.3399999999999714 -22.5103774584295735)
continue (3.3499999999999712 -22.5174751819867325)
continue (3.3599999999999710 -22.5255824794215336)
continue (3.3699999999999708 -22.5328030527545380)
continue (3.3799999999999706 -22.5340385801490690)
continue (3.3899999999999704 -22.5416358551988338)
continue (3.3999999999999702 -22.5445800694360940)
continue (3.4099999999999699 -22.5490029796901332)
continue (3.4199999999999697 -22.5593588557411628)
continue (3.4299999999999695 -22.5634429794225433)
continue (3.4399999999999693 -22.5682945973749334)
continue (3.4499999999999691 -22.5769577523588758)
continue (3.4599999999999689 -22.5782591243238215)
continue (3.4699999999999687 -22.5830463888380564)
continue (3.4799999999999685 -22.5925543255741950)
continue (3.4899999999999682 -22.6010768997699607)
continue (3.4999999999999680 -22.6037426129521180)
continue (3.5099999999999678 -22.6139367867695640)
continue (3.5199999999999676 -22.6186415619836971)
continue (3.5299999999999674 -22.6189039418101423)
continue (3.5399999999999672 -22.6256056694094561)
continue (3.5499999999999670 -22.6334206540388543)
continue (3.5599999999999667 -22.6037507726100060)
continue (3.5600000000000001 -22.6037507726100309)
continue (3.5699999999999665 -22.6159650357999809)
continue (3.5799999999999663 -22.6220640743776507)
continue (3.5899999999999661 -22.6213830078359521)
continue (3.5999999999999659 -22.6287576451938008)
continue (3.6099999999999657 -22.6366468147717157)
continue (3.6199999999999655 -22.6444672594401055)
continue (3.6299999999999653 -22.6445072226602555)
continue (3.6399999999999650 -22.6582150060655998)
continue (3.6499999999999648 -22.6588153822096103)
continue (3.6599999999999646 -22.6673776287763999)
continue (3.6699999999999644 -22.6722653353213062)
continue (3.6799999999999642 -22.6779378090054067)
continue (3.6899999999999640 -22.6895873959965577)
continue (3.6999999999999638 -22.6942919060054606)
continue (3.7099999999999635 -22.7026302464640821)
continue (3.7199999999999633 -22.7019728071616242)
continue (3.7299999999999631 -22.7116776040489263)
continue (3.7399999999999629 -22.7171720514939608)
continue (3.7499999999999627 -22.7202959414546903)
continue (3.7500000000000000 -22.7202959414547223)
continue (3.7599999999999625 -22.7108630391365125)
continue (3.7699999999999623 -22.7181951605479640)
continue (3.7799999999999621 -22.7280457371573839)
continue (3.7899999999999618 -22.7257100583569596)
continue (3.7999999999999616 -22.7371944669584245)
continue (3.8099999999999614 -22.7438972265126118)
continue (3.8199999999999612 -22.7477685113833310)
continue (3.8299999999999610 -22.7578187692131770)
continue (3.8399999999999608 -22.7673862609027644)
continue (3.8399999999999999 -22.7673862609027999)
continue (3.8499999999999606 -22.7589196228483139)
continue (3.8599999999999604 -22.7532365974465911)
continue (3.8699999999999601 -22.7668367118041743)
continue (3.8799999999999599 -22.7798186887420364)
continue (3.8899999999999597 -22.7833708134026622)
continue (3.8900000000000001 -22.7833708134027120)
continue (3.8999999999999595 -22.7954201507465939)
continue (3.9099999999999593 -22.8069448923269533)
continue (3.9199999999999591 -22.7910886822586960)
continue (3.9299999999999589 -22.7796944525812037)
continue (3.9399999999999586 -22.7961671466454554)
continue (3.9499999999999584 -22.8118790935727844)
continue (3.9599999999999582 -22.8271200448986598)
continue (3.9699999999999580 -22.8418456080523136)
continue (3.9799999999999578 -22.8558613815579719)
continue (3.9899999999999576 -22.8693447950098232)
continue (4.0099999999999998 -22.8282155959355322)
continue (4.5099999999999998 -23.2459241834817938)
continue (5.0099999999999998 -23.2949985058267970)
continue (5.5099999999999998 -23.3215099563615915)
continue (6.0099999999999998 -23.3483602017877843)
continue (6.5099999999999998 -23.3722317088066198)
continue (7.0099999999999998 -23.3960824636349329)
continue (7.5099999999999998 -23.4184756376064058)
continue (8.0099999999999998 -23.4376680003338294)
continue (8.5099999999999998 -23.4539383273456252)
continue (9.0099999999999998 -23.4672317767244394)
continue (9.5099999999999998 -23.4782022361259521)
continue (10.0000000000000000 -23.4869794575648108)
continue (10.0099999999999998 -23.4871419580146430)
continue (15.0000000000000000 -23.5347186573597007)
continue (20.0000000000000000 -23.5964951778216907)
continue (25.0000000000000000 -23.6774221341557833)
continue (30.0000000000000000 -23.7602362457256042)
continue (35.0000000000000000 -23.8371011005355307)
continue (40.0000000000000000 -23.9053776248627692)
continue (45.0000000000000000 -23.9642205354012745)
continue (50.0000000000000000 -24.0134503989966994)
continue (55.0000000000000000 -24.0532970720773882)
continue (60.0000000000000000 -24.0844268099790746)
continue (65.0000000000000000 -24.1079308924559506)
continue (70.0000000000000000 -24.1255147510774464)
continue (75.0000000000000000 -24.1387642782711183)
continue (80.0000000000000000 -24.1489686947441378)
continue (85.0000000000000000 -24.1571294350734256)
continue (90.0000000000000000 -24.1639814832264967)
continue (95.0000000000000000 -24.1700738676508884)
continue (100.0000000000000000 -24.1757734826078128)
continue (110.0000000000000000 -24.1865288944057397)
continue (120.0000000000000000 -24.1965347671358515)
continue (130.0000000000000000 -24.2058863822052501)
continue (140.0000000000000000 -24.2146674885462261)
continue (150.0000000000000000 -24.2229473454546742)
continue (160.0000000000000000 -24.2307850240339988)
continue (170.0000000000000000 -24.2382306439646094)
continue (180.0000000000000000 -24.2453264044583712)
continue (190.0000000000000000 -24.2521086125432390)
continue (200.0000000000000000 -24.2586072411872031)
continue (210.0000000000000000 -24.2648500123829933)
continue (220.0000000000000000 -24.2708597528469348)
continue (230.0000000000000000 -24.2766566882739028)
continue (240.0000000000000000 -24.2822586106125904)
continue (250.0000000000000000 -24.2876812278566412)
continue (260.0000000000000000 -24.2929376449798653)
continue (270.0000000000000000 -24.2980410882266327)
continue (280.0000000000000000 -24.3030025780739862)
continue (290.0000000000000000 -24.3078309707085261)
continue (300.0000000000000000 -24.3125365516801750)
continue (310.0000000000000000 -24.3171259434061433)
continue (320.0000000000000000 -24.3216074348633988)
continue (330.0000000000000000 -24.3259875990400296)
continue (340.0000000000000000 -24.3302714524930792)
continue (350.0000000000000000 -24.3344655588128447)
continue (360.0000000000000000 -24.3385748353801041)
continue (370.0000000000000000 -24.3426034987810240)
continue (380.0000000000000000 -24.3465557527551759)
continue (390.0000000000000000 -24.3504356151971955)
continue (400.0000000000000000 -24.3542471367892119)
continue (410.0000000000000000 -24.3579934652310115)
continue (420.0000000000000000 -24.3616776591701765)
continue (430.0000000000000000 -24.3653025942573365)
continue (440.0000000000000000 -24.3688710484794697)
continue (450.0000000000000000 -24.3723855406416838)
continue (460.0000000000000000 -24.3758483646673554)
continue (470.0000000000000000 -24.3792617606508415)
continue (480.0000000000000000 -24.3826278805228256)
continue (490.0000000000000000 -24.3859487033557762)
continue (500.0000000000000000 -24.3892260828285750)
continue (510.0000000000000000 -24.3924612922455992)
continue (520.0000000000000000 -24.3956561425343850)
continue (530.0000000000000000 -24.3988122571809960)
continue (540.0000000000000000 -24.4019311838186539)
continue (550.0000000000000000 -24.4050143320654307)
continue (560.0000000000000000 -24.4080631497129446)
continue (570.0000000000000000 -24.4110778697474515)
continue (580.0000000000000000 -24.4140604857074095)
continue (590.0000000000000000 -24.4170119898551334)
continue (600.0000000000000000 -24.4199339210427624)
continue (610.0000000000000000 -24.4228258152613691)
continue (620.0000000000000000 -24.4256898401030327)
continue (630.0000000000000000 -24.4285270476747449)
continue (640.0000000000000000 -24.4313373068660731)
continue (650.0000000000000000 -24.4341217502879111)
continue (660.0000000000000000 -24.4368818860884609)
continue (670.0000000000000000 -24.4396175287982231)
continue (680.0000000000000000 -24.4423295669692138)
continue (690.0000000000000000 -24.4450196109699434)
continue (700.0000000000000000 -24.4476867119851384)
continue (710.0000000000000000 -24.4503326857347751)
continue (720.0000000000000000 -24.4529582545239066)
continue (730.0000000000000000 -24.4555627516090262)
continue (740.0000000000000000 -24.4581482292835126)
continue (750.0000000000000000 -24.4607137468509706)
continue (760.0000000000000000 -24.4632608092908015)
continue (770.0000000000000000 -24.4657901426176991)
continue (780.0000000000000000 -24.4683008830939706)
continue (790.0000000000000000 -24.4707951454464023)
continue (800.0000000000000000 -24.4732717176702117)
continue (810.0000000000000000 -24.4757326012803844)
continue (820.0000000000000000 -24.4781765035225405)
continue (830.0000000000000000 -24.4806055915487448)
continue (840.0000000000000000 -24.4830185382430976)
continue (850.0000000000000000 -24.4854172820787284)
continue (860.0000000000000000 -24.4878006636097467)
continue (870.0000000000000000 -24.4901704893361440)
continue (880.0000000000000000 -24.4925256536390741)
continue (890.0000000000000000 -24.4948679139723104)
continue (900.0000000000000000 -24.4971960495476466)
continue (910.0000000000000000 -24.4995119131381394)
continue (920.0000000000000000 -24.5018141393735043)
continue (930.0000000000000000 -24.5041047941922834)
continue (940.0000000000000000 -24.5063822463939260)
continue (950.0000000000000000 -24.5086485713545308)
continue (960.0000000000000000 -24.5109022616360903)
continue (970.0000000000000000 -24.5131454016111263)
continue (980.0000000000000000 -24.5153763849768502)
continue (990.0000000000000000 -24.5175968602241277)
continue (1000.0000000000000000 -24.5198065848243765)
continue (1200.0000000000000000 -24.5620100945130311)
continue (1400.0000000000000000 -24.6012013527224198)
continue (1600.0000000000000000 -24.6381687713685515)
continue (1800.0000000000000000 -24.6734214608755948)
continue (2000.0000000000000000 -24.7073067691114510)
continue (2200.0000000000000000 -24.7400728842717257)
continue (2400.0000000000000000 -24.7719023519612271)
continue (2600.0000000000000000 -24.8029312892971632)
continue (2800.0000000000000000 -24.8332652295824943)
continue (3000.0000000000000000 -24.8629809855811921)
continue (3200.0000000000000000 -24.8921374746325306)
continue (3400.0000000000000000 -24.9207796846649359)
continue (3600.0000000000000000 -24.9489376724009695)
continue (3800.0000000000000000 -24.9766279048335065)
continue (4000.0000000000000000 -25.0038601689557822)
continue (4200.0000000000000000 -25.0306403400064248)
continue (4400.0000000000000000 -25.0569629690536040)
continue (4600.0000000000000000 -25.0828214084287247)
continue (4800.0000000000000000 -25.1082049524099169)
continue (5000.0000000000000000 -25.1331041434663582)
continue (5200.0000000000000000 -25.1574984095856564)
continue (5400.0000000000000000 -25.1813772302361336)
continue (5600.0000000000000000 -25.2047338473924256)
continue (5800.0000000000000000 -25.2275484751487511)
continue (6000.0000000000000000 -25.2498314789195106)
continue (6200.0000000000000000 -25.2715674636055709)
continue (6400.0000000000000000 -25.2927747730429644)
continue (6600.0000000000000000 -25.3134474955169360)
continue (6800.0000000000000000 -25.3335927234486142)
continue (7000.0000000000000000 -25.3532291262751563)
continue (7200.0000000000000000 -25.3723661557571987)
continue (7400.0000000000000000 -25.3910095355237218)
continue (7600.0000000000000000 -25.4091738013058688)
continue (7800.0000000000000000 -25.4268826684939278)
continue (8000.0000000000000000 -25.4441485841671877)
continue (8200.0000000000000000 -25.4609883120196869)
continue (8400.0000000000000000 -25.4774199907723435)
continue (8600.0000000000000000 -25.4934605015889879)
continue (8800.0000000000000000 -25.5091286508161517)
continue (9000.0000000000000000 -25.5244413507037322)
continue (9200.0000000000000000 -25.5394133719050132)
continue (9400.0000000000000000 -25.5540606905597301)
continue (9600.0000000000000000 -25.5683962282649802)
continue (9800.0000000000000000 -25.5824342006528305)
continue (10000.0000000000000000 -25.5961877452702744)
continue (10200.0000000000000000 -25.6096653131182457)
continue (10400.0000000000000000 -25.6228763373723112)
continue (10600.0000000000000000 -25.6358283406207939)
continue (10800.0000000000000000 -25.6485385888496324)
continue (11000.0000000000000000 -25.6610155577752437)
continue (11500.0000000000000000 -25.6912280318084534)
continue (12000.0000000000000000 -25.7201452281325089)
continue (12500.0000000000000000 -25.7478644512722639)
continue (13000.0000000000000000 -25.7744775808219480)
continue (13500.0000000000000000 -25.8000810444640152)
continue (14000.0000000000000000 -25.8247436683715748)
continue (14500.0000000000000000 -25.8485233417815898)
continue (15000.0000000000000000 -25.8714939543847038)
continue (15500.0000000000000000 -25.8936954570633340)
continue (16000.0000000000000000 -25.9151846595952975)
continue (16500.0000000000000000 -25.9360096146987118)
continue (17000.0000000000000000 -25.9561954492723430)
continue (17500.0000000000000000 -25.9757912929151509)
continue (18000.0000000000000000 -25.9948299377639991)
continue (18500.0000000000000000 -26.0133430325491766)
continue (19000.0000000000000000 -26.0313505160462526)
continue (19500.0000000000000000 -26.0488816673536796)
continue (20000.0000000000000000 -26.0659618545703822)
continue (20500.0000000000000000 -26.0826169767311669)
continue (21000.0000000000000000 -26.0988640090997812)
continue (21500.0000000000000000 -26.1147235292966684)
continue (22000.0000000000000000 -26.1302130722743051)
continue (22500.0000000000000000 -26.1453493832124551)
continue (23000.0000000000000000 -26.1601483746466457)
continue (23500.0000000000000000 -26.1746232926558484)
continue (24000.0000000000000000 -26.1887906211774357)
continue (24500.0000000000000000 -26.2026621484090754)
continue (25000.0000000000000000 -26.2162468959508814)
continue (25500.0000000000000000 -26.2295572670493868)
continue (26000.0000000000000000 -26.2426005740709840)
continue (26500.0000000000000000 -26.2553949504232271)
continue (27000.0000000000000000 -26.2679478973011982)
continue (27500.0000000000000000 -26.2802699852556358)
continue (28000.0000000000000000 -26.2923630185492350)
continue (28500.0000000000000000 -26.3042322953412508)
continue (29000.0000000000000000 -26.3158957113089969)
continue (29500.0000000000000000 -26.3273617350237856)
continue (30000.0000000000000000 -26.3386289527348048)
continue (30500.0000000000000000 -26.3496996355471005)
continue (31000.0000000000000000 -26.3605927427964630)
continue (31500.0000000000000000 -26.3713129181144730)
continue (32000.0000000000000000 -26.3818519669064244)
continue (32500.0000000000000000 -26.3922281333163973)
continue (33000.0000000000000000 -26.4024492034670928)
continue (33500.0000000000000000 -26.4125038690021086)
continue (34000.0000000000000000 -26.4224113078066303)
continue (34500.0000000000000000 -26.4321760106295649)
continue (35000.0000000000000000 -26.4417881089501172)
continue (35500.0000000000000000 -26.4512677729683467)
continue (36000.0000000000000000 -26.4606140922833220)
continue (36500.0000000000000000 -26.4698199421697389)
continue (37000.0000000000000000 -26.4789099076443790)
continue (37500.0000000000000000 -26.4878641945239401)
continue (38000.0000000000000000 -26.4967064850916785)
continue (38500.0000000000000000 -26.5054246962690030)
continue (39000.0000000000000000 -26.5140296412214589)
continue (39500.0000000000000000 -26.5225289414955867)
continue (40000.0000000000000000 -26.5309087285808509)
continue (40500.0000000000000000 -26.5391932020581933)
continue (41000.0000000000000000 -26.5473629475154880)
continue (41500.0000000000000000 -26.5554432733903383)
continue (42000.0000000000000000 -26.5634130156227535)
continue (42500.0000000000000000 -26.5712978865612328)
continue (43000.0000000000000000 -26.5790773489083563)
continue (43500.0000000000000000 -26.5867764780983364)
continue (44000.0000000000000000 -26.5943743273646191)
continue (44500.0000000000000000 -26.6018959653340978)
continue (45000.0000000000000000 -26.6093205051555763)
continue (45500.0000000000000000 -26.6166727015897351)
continue (46000.0000000000000000 -26.6239309506675177)
continue (46500.0000000000000000 -26.6311206870581820)
continue (47000.0000000000000000 -26.6382208208664686)
continue (47500.0000000000000000 -26.6452552062006838)
continue (48000.0000000000000000 -26.6522039143515279)
continue (48500.0000000000000000 -26.6590857597462403)
continue (49000.0000000000000000 -26.6658935846187362)
continue (49500.0000000000000000 -26.6726289768173928)
continue (50000.0000000000000000 -26.6793018461832219)
continue (50500.0000000000000000 -26.6858968409411297)
continue (51000.0000000000000000 -26.6924359737670045)
continue (51500.0000000000000000 -26.6988996944231580)
continue (52000.0000000000000000 -26.7053077449877172)
continue (52500.0000000000000000 -26.7116485923316631)
continue (53000.0000000000000000 -26.7179271620087704)
continue (53500.0000000000000000 -26.7241525507644404)
continue (54000.0000000000000000 -26.7303077379893281)
continue (54500.0000000000000000 -26.7364165908122118)
continue (55000.0000000000000000 -26.7424585968125221)
continue (55500.0000000000000000 -26.7484476411527723)
continue (56000.0000000000000000 -26.7543879818064596)
continue (56500.0000000000000000 -26.7602633979675453)
continue (57000.0000000000000000 -26.7660944758546329)
continue (57500.0000000000000000 -26.7718716269917927)
continue (58000.0000000000000000 -26.7775921636646679)
continue (58500.0000000000000000 -26.7832725330777706)
continue (59000.0000000000000000 -26.7888922232840621)
continue (59500.0000000000000000 -26.7944687896393390)
continue (60000.0000000000000000 -26.8000028538070545)
continue (60500.0000000000000000 -26.8054793788535868)
continue (61000.0000000000000000 -26.8109157453190683)
continue (61500.0000000000000000 -26.8163099069383470)
continue (62000.0000000000000000 -26.8216496557918447)
continue (62500.0000000000000000 -26.8269544784610900)
continue (63000.0000000000000000 -26.8322145360071893)
continue (63500.0000000000000000 -26.8374250844131623)
continue (64000.0000000000000000 -26.8426037531676585)
continue (64500.0000000000000000 -26.8477357515991990)
continue (65000.0000000000000000 -26.8528232325364016)
continue (65500.0000000000000000 -26.8578802958167877)
continue (66000.0000000000000000 -26.8628920298442821)
continue (66500.0000000000000000 -26.8678612750953683)
continue (67000.0000000000000000 -26.8728011223109249)
continue (67500.0000000000000000 -26.8776998093586315)
continue (68000.0000000000000000 -26.8825554689023960)
continue (68500.0000000000000000 -26.8873824096903817)
continue (69000.0000000000000000 -26.8921739942717224)
continue (69500.0000000000000000 -26.8969218123777907)
continue (70000.0000000000000000 -26.9016408269261369)
continue (70500.0000000000000000 -26.9063289924742612)
continue (71000.0000000000000000 -26.9109736076432995)
continue (71500.0000000000000000 -26.9155896694230883)
continue (72000.0000000000000000 -26.9201780279881717)
continue (72500.0000000000000000 -26.9247247090794701)
continue (73000.0000000000000000 -26.9292417109540416)
continue (73500.0000000000000000 -26.9337340929401989)
continue (74000.0000000000000000 -26.9381893957771261)
continue (74500.0000000000000000 -26.9426093773236772)
continue (75245.0000000000000000 -50.0000000000000000)
continue (7354000.0000000000000000 -50.0000000000000000)
f(nu) = -20.3107103467396506 at 1.0000000000000000 Ryd
