# Faucher-Giguere 2019 
# z = 2.162278
# E [Ryd] log (J_nu)
interpolate (0.0000000100100000 -50.0000000000000000)
continue (0.0990000000000000 -50.0000000000000000)
continue (0.1000000000000000 -19.1399404450002564)
continue (0.1500000000000000 -19.1697570189378688)
continue (0.2000000000000000 -19.2138260527039861)
continue (0.2500000000000001 -19.2574693904896534)
continue (0.3000000000000000 -19.2316846334909357)
continue (0.3500000000000001 -19.2181865483126977)
continue (0.4000000000000001 -19.2101693704433139)
continue (0.4500000000000001 -19.2169084619561481)
continue (0.5000000000000001 -19.2295187597209640)
continue (0.5500000000000002 -19.2473575722360124)
continue (0.6000000000000002 -19.2714033509780656)
continue (0.6500000000000001 -19.2960451894187308)
continue (0.7000000000000002 -19.3481495808469859)
continue (0.7500000000000002 -19.5613666405679716)
continue (0.8000000000000002 -19.6648506028352301)
continue (0.8500000000000002 -19.7659775353045504)
continue (0.9000000000000002 -19.9410152736091923)
continue (0.9500000000000003 -20.2440682318187406)
continue (1.0100000000000000 -21.4300890476540005)
continue (1.0600000000000001 -21.5002605725943923)
continue (1.1100000000000001 -21.5460012882802125)
continue (1.1600000000000001 -21.5973528275141717)
continue (1.2100000000000002 -21.6095155381848834)
continue (1.2600000000000002 -21.6401950680655446)
continue (1.3100000000000003 -21.6685911710182850)
continue (1.3600000000000003 -21.6921535804331853)
continue (1.4100000000000004 -21.7093005653681814)
continue (1.4600000000000004 -21.7564882971831643)
continue (1.5100000000000005 -21.7640633449138967)
continue (1.5600000000000005 -21.7693397352492823)
continue (1.6100000000000005 -21.7790742587329014)
continue (1.6600000000000006 -21.8043459219100804)
continue (1.7100000000000006 -21.8001502404298542)
continue (1.7600000000000007 -21.8191347544626666)
continue (1.8100000000000007 -21.8390838813151760)
continue (1.8600000000000008 -21.8559288909290252)
continue (1.9100000000000008 -21.8758336226211121)
continue (1.9600000000000009 -21.8800848170983002)
continue (2.0000000000000000 -21.9047425508737561)
continue (2.0099999999999998 -21.9092395095074117)
continue (2.0199999999999996 -21.9060865315798630)
continue (2.0299999999999994 -21.9097543821530429)
continue (2.0399999999999991 -21.9173149676085153)
continue (2.0499999999999989 -21.9131390627309983)
continue (2.0599999999999987 -21.9169072653308490)
continue (2.0699999999999985 -21.9200729175751334)
continue (2.0799999999999983 -21.9200080725745430)
continue (2.0899999999999981 -21.9223520440150104)
continue (2.0999999999999979 -21.9270605283686599)
continue (2.1099999999999977 -21.9271640769628888)
continue (2.1199999999999974 -21.9249712217848014)
continue (2.1299999999999972 -21.9333269987749162)
continue (2.1399999999999970 -21.9282821001562596)
continue (2.1499999999999968 -21.9276156815085024)
continue (2.1599999999999966 -21.9324287901973705)
continue (2.1699999999999964 -21.9305780034815214)
continue (2.1799999999999962 -21.9333896652218812)
continue (2.1899999999999959 -21.9296368802417518)
continue (2.1999999999999957 -21.9286389359968084)
continue (2.2099999999999955 -21.9251969777238358)
continue (2.2199999999999953 -21.9234465743632683)
continue (2.2299999999999951 -21.9290170615709350)
continue (2.2399999999999949 -21.9256031321338902)
continue (2.2499999999999947 -21.9217656513957770)
continue (2.2599999999999945 -21.9187910922257316)
continue (2.2699999999999942 -21.9171271333203244)
continue (2.2799999999999940 -21.9163939526513261)
continue (2.2899999999999938 -21.9121915431130923)
continue (2.2999999999999936 -21.9092954036050251)
continue (2.3099999999999934 -21.9066511052451638)
continue (2.3199999999999932 -21.9009677958024547)
continue (2.3299999999999930 -21.8986642003527265)
continue (2.3399999999999928 -21.8955054033865437)
continue (2.3499999999999925 -21.8868429629314605)
continue (2.3599999999999923 -21.8840186928714431)
continue (2.3699999999999921 -21.8793390574220190)
continue (2.3799999999999919 -21.8714344741656177)
continue (2.3899999999999917 -21.8660973529616243)
continue (2.3999999999999915 -21.8639104555810349)
continue (2.4099999999999913 -21.8522847192489920)
continue (2.4199999999999910 -21.8497471614190175)
continue (2.4299999999999908 -21.8448830211793599)
continue (2.4399999999999906 -21.8319008180144465)
continue (2.4499999999999904 -21.8320716512355339)
continue (2.4599999999999902 -21.8266814530911617)
continue (2.4699999999999900 -21.8110967240726978)
continue (2.4799999999999898 -21.8099659405855206)
continue (2.4899999999999896 -21.8083451614773622)
continue (2.4999999999999893 -21.7933238146691828)
continue (2.5099999999999891 -21.7890439963346942)
continue (2.5199999999999889 -21.7867319664242061)
continue (2.5299999999999887 -21.7707962600258043)
continue (2.5399999999999885 -21.7651710074720057)
continue (2.5499999999999883 -21.7629928986924632)
continue (2.5599999999999881 -21.7610349588764826)
continue (2.5699999999999878 -21.7441627099009906)
continue (2.5799999999999876 -21.7405478243597798)
continue (2.5899999999999874 -21.7379326869033207)
continue (2.5999999999999872 -21.7210118310234357)
continue (2.6099999999999870 -21.7149701581567811)
continue (2.6199999999999868 -21.7142839855749621)
continue (2.6299999999999866 -21.7107133001384689)
continue (2.6399999999999864 -21.6931926229178238)
continue (2.6499999999999861 -21.6881030924836189)
continue (2.6599999999999859 -21.6867206817007414)
continue (2.6699999999999857 -21.6700478461493056)
continue (2.6799999999999855 -21.6664576776504347)
continue (2.6899999999999853 -21.6609724552308158)
continue (2.6999999999999851 -21.6602064674312373)
continue (2.7099999999999849 -21.6450811679639052)
continue (2.7199999999999847 -21.6414571634788722)
continue (2.7299999999999844 -21.6356444798012966)
continue (2.7399999999999842 -21.6340572645469145)
continue (2.7499999999999840 -21.6180070814273861)
continue (2.7599999999999838 -21.6140274337197908)
continue (2.7699999999999836 -21.6081478163500549)
continue (2.7799999999999834 -21.6068670811313375)
continue (2.7899999999999832 -21.5914618237081335)
continue (2.7999999999999829 -21.5881110466532640)
continue (2.8099999999999827 -21.5851940030541876)
continue (2.8199999999999825 -21.5806118681635724)
continue (2.8299999999999823 -21.5654784753639461)
continue (2.8399999999999821 -21.5630201813762810)
continue (2.8499999999999819 -21.5613530603085515)
continue (2.8599999999999817 -21.5566633118381006)
continue (2.8699999999999815 -21.5410750805026474)
continue (2.8799999999999812 -21.5393576023730908)
continue (2.8899999999999810 -21.5374619762180508)
continue (2.8999999999999808 -21.5354782231347031)
continue (2.9099999999999806 -21.5169251757755475)
continue (2.9199999999999804 -21.5160913679016588)
continue (2.9299999999999802 -21.5136719866811852)
continue (2.9399999999999800 -21.5116755676754074)
continue (2.9499999999999797 -21.5093734884201631)
continue (2.9599999999999795 -21.4914864251297679)
continue (2.9699999999999793 -21.4899651240983616)
continue (2.9799999999999791 -21.4877493151153836)
continue (2.9899999999999789 -21.4858133694294509)
continue (2.9999999999999787 -21.4841074824617522)
continue (3.0099999999999785 -22.2459021572036093)
continue (3.0199999999999783 -22.2504021515868189)
continue (3.0299999999999780 -22.2527547799440164)
continue (3.0399999999999778 -22.2605089007596284)
continue (3.0499999999999776 -22.2592120213015860)
continue (3.0599999999999774 -22.2652047058602101)
continue (3.0699999999999772 -22.2680368745647428)
continue (3.0799999999999770 -22.2770839544061445)
continue (3.0899999999999768 -22.2792267950126792)
continue (3.0999999999999766 -22.2808896675967603)
continue (3.1099999999999763 -22.2839164185480527)
continue (3.1199999999999761 -22.2937744230404675)
continue (3.1299999999999759 -22.2958587367999002)
continue (3.1399999999999757 -22.2966828885250656)
continue (3.1499999999999755 -22.2999051790097873)
continue (3.1599999999999753 -22.3058622444338219)
continue (3.1699999999999751 -22.3136022631646576)
continue (3.1799999999999748 -22.3133684733537514)
continue (3.1899999999999746 -22.3163016189793986)
continue (3.1999999999999744 -22.3211338775042840)
continue (3.2099999999999742 -22.3334595078951459)
continue (3.2199999999999740 -22.3352358169507852)
continue (3.2299999999999738 -22.3348054722029055)
continue (3.2399999999999736 -22.3408611881403658)
continue (3.2499999999999734 -22.3488741587660122)
continue (3.2599999999999731 -22.3572447332213358)
continue (3.2699999999999729 -22.3586844966445071)
continue (3.2799999999999727 -22.3614509148664560)
continue (3.2899999999999725 -22.3681619538869754)
continue (3.2999999999999723 -22.3796644456985696)
continue (3.3099999999999721 -22.3821928812341646)
continue (3.3199999999999719 -22.3786910258533034)
continue (3.3299999999999716 -22.3882153316641705)
continue (3.3399999999999714 -22.3962341699055365)
continue (3.3499999999999712 -22.4078385709634524)
continue (3.3599999999999710 -22.4112427460816619)
continue (3.3699999999999708 -22.4162234478005757)
continue (3.3799999999999706 -22.4198317751853935)
continue (3.3899999999999704 -22.4296927879509944)
continue (3.3999999999999702 -22.4408015328539996)
continue (3.4099999999999699 -22.4384018895739459)
continue (3.4199999999999697 -22.4488182034499246)
continue (3.4299999999999695 -22.4563562293389580)
continue (3.4399999999999693 -22.4624025861807262)
continue (3.4499999999999691 -22.4759747931274525)
continue (3.4599999999999689 -22.4750143524430044)
continue (3.4699999999999687 -22.4856698547178695)
continue (3.4799999999999685 -22.4915076016575206)
continue (3.4899999999999682 -22.4971269923719426)
continue (3.4999999999999680 -22.5047340035477816)
continue (3.5099999999999678 -22.5144620613796889)
continue (3.5199999999999676 -22.5280442849463221)
continue (3.5299999999999674 -22.5325447779357972)
continue (3.5399999999999672 -22.5357416098986363)
continue (3.5499999999999670 -22.5433386645754048)
continue (3.5599999999999667 -22.4742231711029490)
continue (3.5600000000000001 -22.4742231711029667)
continue (3.5699999999999665 -22.4909412412804670)
continue (3.5799999999999663 -22.4956703899994466)
continue (3.5899999999999661 -22.5030320406550821)
continue (3.5999999999999659 -22.5072469015867043)
continue (3.6099999999999657 -22.5086507482806653)
continue (3.6199999999999655 -22.5280876573798494)
continue (3.6299999999999653 -22.5342441671347586)
continue (3.6399999999999650 -22.5449870287150667)
continue (3.6499999999999648 -22.5473973076972811)
continue (3.6599999999999646 -22.5582807248909809)
continue (3.6699999999999644 -22.5704820803824084)
continue (3.6799999999999642 -22.5763055519797220)
continue (3.6899999999999640 -22.5829218278721235)
continue (3.6999999999999638 -22.5948183821817317)
continue (3.7099999999999635 -22.5973537618322595)
continue (3.7199999999999633 -22.5975270670287394)
continue (3.7299999999999631 -22.6240163925967366)
continue (3.7399999999999629 -22.6304769564655821)
continue (3.7499999999999627 -22.6364966595746893)
continue (3.7500000000000000 -22.6355727947500007)
continue (3.7599999999999625 -22.6027160754331859)
continue (3.7699999999999623 -22.6082686889746221)
continue (3.7799999999999621 -22.6059058591419451)
continue (3.7899999999999618 -22.6378748131007512)
continue (3.7999999999999616 -22.6456387809550570)
continue (3.8099999999999614 -22.6514720940216172)
continue (3.8199999999999612 -22.6591285026615132)
continue (3.8299999999999610 -22.6482606062487761)
continue (3.8399999999999608 -22.6584243941021981)
continue (3.8399999999999999 -22.6584243941022372)
continue (3.8499999999999606 -22.6680524735905564)
continue (3.8599999999999604 -22.6772491703611081)
continue (3.8699999999999601 -22.6861215505285863)
continue (3.8799999999999599 -22.6939239885585842)
continue (3.8899999999999597 -22.6873834741197875)
continue (3.8900000000000001 -22.6873834741198372)
continue (3.8999999999999595 -22.6998042807680278)
continue (3.9099999999999593 -22.7116305441724577)
continue (3.9199999999999591 -22.7229909541602098)
continue (3.9299999999999589 -22.7339942744000467)
continue (3.9399999999999586 -22.7406105467654136)
continue (3.9499999999999584 -22.7567092111587179)
continue (3.9599999999999582 -22.7721126296114456)
continue (3.9699999999999580 -22.7868512070926172)
continue (3.9799999999999578 -22.8010561553894711)
continue (3.9899999999999576 -22.8149336880856737)
continue (4.0099999999999998 -22.8376488515824256)
continue (4.5099999999999998 -23.2928066424883902)
continue (5.0099999999999998 -23.3461761491397510)
continue (5.5099999999999998 -23.3711206872175481)
continue (6.0099999999999998 -23.3962484468669203)
continue (6.5099999999999998 -23.4166765138096586)
continue (7.0099999999999998 -23.4359488756394860)
continue (7.5099999999999998 -23.4529878472229960)
continue (8.0099999999999998 -23.4668330979630717)
continue (8.5099999999999998 -23.4783359931566693)
continue (9.0099999999999998 -23.4869633433256269)
continue (9.5099999999999998 -23.4943321836406653)
continue (10.0000000000000000 -23.4995605073251816)
continue (10.0099999999999998 -23.4997371093830587)
continue (15.0000000000000000 -23.5426054631122064)
continue (20.0000000000000000 -23.5778394240074647)
continue (25.0000000000000000 -23.6359018718533989)
continue (30.0000000000000000 -23.7043123233809645)
continue (35.0000000000000000 -23.7731575071225762)
continue (40.0000000000000000 -23.8378388162946813)
continue (45.0000000000000000 -23.8964219077454487)
continue (50.0000000000000000 -23.9479351076361553)
continue (55.0000000000000000 -23.9917264478583476)
continue (60.0000000000000000 -24.0273715166378565)
continue (65.0000000000000000 -24.0549649257327829)
continue (70.0000000000000000 -24.0757862699818332)
continue (75.0000000000000000 -24.0913241835518264)
continue (80.0000000000000000 -24.1029222119963684)
continue (85.0000000000000000 -24.1117435150394535)
continue (90.0000000000000000 -24.1187447693564110)
continue (95.0000000000000000 -24.1247038626379613)
continue (100.0000000000000000 -24.1302041318351002)
continue (110.0000000000000000 -24.1406307251623069)
continue (120.0000000000000000 -24.1503797483639460)
continue (130.0000000000000000 -24.1595201946110727)
continue (140.0000000000000000 -24.1681200155151927)
continue (150.0000000000000000 -24.1762390451917106)
continue (160.0000000000000000 -24.1839300923577483)
continue (170.0000000000000000 -24.1912392274424803)
continue (180.0000000000000000 -24.1982060343936034)
continue (190.0000000000000000 -24.2048644517364764)
continue (200.0000000000000000 -24.2112437179317368)
continue (210.0000000000000000 -24.2173702511318929)
continue (220.0000000000000000 -24.2232662685120452)
continue (230.0000000000000000 -24.2289513338883005)
continue (240.0000000000000000 -24.2344430916265132)
continue (250.0000000000000000 -24.2397566224004883)
continue (260.0000000000000000 -24.2449053309384475)
continue (270.0000000000000000 -24.2499014982827639)
continue (280.0000000000000000 -24.2547565950940758)
continue (290.0000000000000000 -24.2594793073291122)
continue (300.0000000000000000 -24.2640795473458795)
continue (310.0000000000000000 -24.2685641484324002)
continue (320.0000000000000000 -24.2729414218660402)
continue (330.0000000000000000 -24.2772172360965506)
continue (340.0000000000000000 -24.2813973260071307)
continue (350.0000000000000000 -24.2854880575516034)
continue (360.0000000000000000 -24.2894940189162760)
continue (370.0000000000000000 -24.2934194727166179)
continue (380.0000000000000000 -24.2972689561045030)
continue (390.0000000000000000 -24.3010461165955860)
continue (400.0000000000000000 -24.3047551036136937)
continue (410.0000000000000000 -24.3083992167229113)
continue (420.0000000000000000 -24.3119813106391085)
continue (430.0000000000000000 -24.3155041802821152)
continue (440.0000000000000000 -24.3189706981740592)
continue (450.0000000000000000 -24.3223833738961659)
continue (460.0000000000000000 -24.3257443883810929)
continue (470.0000000000000000 -24.3290560780811376)
continue (480.0000000000000000 -24.3323207501863763)
continue (490.0000000000000000 -24.3355402585725393)
continue (500.0000000000000000 -24.3387163120307868)
continue (510.0000000000000000 -24.3418503772892230)
continue (520.0000000000000000 -24.3449443503325362)
continue (530.0000000000000000 -24.3479994722804243)
continue (540.0000000000000000 -24.3510175041003549)
continue (550.0000000000000000 -24.3539999281241997)
continue (560.0000000000000000 -24.3569479311666868)
continue (570.0000000000000000 -24.3598623189407135)
continue (580.0000000000000000 -24.3627445731407057)
continue (590.0000000000000000 -24.3655954451948240)
continue (600.0000000000000000 -24.3684169542569578)
continue (610.0000000000000000 -24.3712089252348534)
continue (620.0000000000000000 -24.3739726592360419)
continue (630.0000000000000000 -24.3767098301606744)
continue (640.0000000000000000 -24.3794201721423995)
continue (650.0000000000000000 -24.3821048665810061)
continue (660.0000000000000000 -24.3847650819703539)
continue (670.0000000000000000 -24.3874010515364716)
continue (680.0000000000000000 -24.3900134182097474)
continue (690.0000000000000000 -24.3926037842443932)
continue (700.0000000000000000 -24.3951717037938103)
continue (710.0000000000000000 -24.3977180908568911)
continue (720.0000000000000000 -24.4002443257447048)
continue (730.0000000000000000 -24.4027499220628172)
continue (740.0000000000000000 -24.4052360091668668)
continue (750.0000000000000000 -24.4077026489830438)
continue (760.0000000000000000 -24.4101505591183781)
continue (770.0000000000000000 -24.4125809898250949)
continue (780.0000000000000000 -24.4149928718102203)
continue (790.0000000000000000 -24.4173883488663996)
continue (800.0000000000000000 -24.4197665815781058)
continue (810.0000000000000000 -24.4221285011081370)
continue (820.0000000000000000 -24.4244742255560929)
continue (830.0000000000000000 -24.4268046708062201)
continue (840.0000000000000000 -24.4291193651413678)
continue (850.0000000000000000 -24.4314198037950270)
continue (860.0000000000000000 -24.4337050466899868)
continue (870.0000000000000000 -24.4359767227709597)
continue (880.0000000000000000 -24.4382338808733763)
continue (890.0000000000000000 -24.4404781208892601)
continue (900.0000000000000000 -24.4427084103542640)
continue (910.0000000000000000 -24.4449263526881566)
continue (920.0000000000000000 -24.4471311008557599)
continue (930.0000000000000000 -24.4493237459929702)
continue (940.0000000000000000 -24.4515040327146629)
continue (950.0000000000000000 -24.4536724851620839)
continue (960.0000000000000000 -24.4558288432013704)
continue (970.0000000000000000 -24.4579745746541413)
continue (980.0000000000000000 -24.4601083432838671)
continue (990.0000000000000000 -24.4622318250717861)
continue (1000.0000000000000000 -24.4643442421788428)
continue (1200.0000000000000000 -24.5046209958135144)
continue (1400.0000000000000000 -24.5419150358097369)
continue (1600.0000000000000000 -24.5770138578402992)
continue (1800.0000000000000000 -24.6104262902817474)
continue (2000.0000000000000000 -24.6424983470264749)
continue (2200.0000000000000000 -24.6734789074080716)
continue (2400.0000000000000000 -24.7035507044881584)
continue (2600.0000000000000000 -24.7328522050436241)
continue (2800.0000000000000000 -24.7614913623817756)
continue (3000.0000000000000000 -24.7895522493781399)
continue (3200.0000000000000000 -24.8171013857477050)
continue (3400.0000000000000000 -24.8441902643621511)
continue (3600.0000000000000000 -24.8708623257623174)
continue (3800.0000000000000000 -24.8971432918515703)
continue (4000.0000000000000000 -24.9230545186876604)
continue (4200.0000000000000000 -24.9486128900645312)
continue (4400.0000000000000000 -24.9738186928228281)
continue (4600.0000000000000000 -24.9986711691106969)
continue (4800.0000000000000000 -25.0231631922523015)
continue (5000.0000000000000000 -25.0472850791623323)
continue (5200.0000000000000000 -25.0710134921076069)
continue (5400.0000000000000000 -25.0943278335200013)
continue (5600.0000000000000000 -25.1172132204928786)
continue (5800.0000000000000000 -25.1396454770963977)
continue (6000.0000000000000000 -25.1616156514951221)
continue (6200.0000000000000000 -25.1831100363073759)
continue (6400.0000000000000000 -25.2041322830242827)
continue (6600.0000000000000000 -25.2246692375720016)
continue (6800.0000000000000000 -25.2447196967129415)
continue (7000.0000000000000000 -25.2642949217124446)
continue (7200.0000000000000000 -25.2833924050463743)
continue (7400.0000000000000000 -25.3020187941964600)
continue (7600.0000000000000000 -25.3201786129818096)
continue (7800.0000000000000000 -25.3378913208301420)
continue (8000.0000000000000000 -25.3551692445911634)
continue (8200.0000000000000000 -25.3720190648321449)
continue (8400.0000000000000000 -25.3884605188270278)
continue (8600.0000000000000000 -25.4045120970690128)
continue (8800.0000000000000000 -25.4201909460783710)
continue (9000.0000000000000000 -25.4355140284685675)
continue (9200.0000000000000000 -25.4504980094663793)
continue (9400.0000000000000000 -25.4651564018462899)
continue (9600.0000000000000000 -25.4794992902343971)
continue (9800.0000000000000000 -25.4935469064841449)
continue (10000.0000000000000000 -25.5073105490680305)
continue (10200.0000000000000000 -25.5207965009554592)
continue (10400.0000000000000000 -25.5340175663056392)
continue (10600.0000000000000000 -25.5469826775055395)
continue (10800.0000000000000000 -25.5597038470683522)
continue (11000.0000000000000000 -25.5721862687886095)
continue (11500.0000000000000000 -25.6024230425674659)
continue (12000.0000000000000000 -25.6313628789669110)
continue (12500.0000000000000000 -25.6591033778141764)
continue (13000.0000000000000000 -25.6857415358666401)
continue (13500.0000000000000000 -25.7113648581241350)
continue (14000.0000000000000000 -25.7360489402082742)
continue (14500.0000000000000000 -25.7598478904625949)
continue (15000.0000000000000000 -25.7828402493184754)
continue (15500.0000000000000000 -25.8050611274027553)
continue (16000.0000000000000000 -25.8265706002328201)
continue (16500.0000000000000000 -25.8474127559938971)
continue (17000.0000000000000000 -25.8676188441062713)
continue (17500.0000000000000000 -25.8872360501742733)
continue (18000.0000000000000000 -25.9062919999556733)
continue (18500.0000000000000000 -25.9248196929012913)
continue (19000.0000000000000000 -25.9428450440520209)
continue (19500.0000000000000000 -25.9603950358686681)
continue (20000.0000000000000000 -25.9774923884439524)
continue (20500.0000000000000000 -25.9941641342602416)
continue (21000.0000000000000000 -26.0104287468656459)
continue (21500.0000000000000000 -26.0263054816778521)
continue (22000.0000000000000000 -26.0418113656036923)
continue (22500.0000000000000000 -26.0569632071845376)
continue (23000.0000000000000000 -26.0717774810615666)
continue (23500.0000000000000000 -26.0862686462105025)
continue (24000.0000000000000000 -26.1004518401655794)
continue (24500.0000000000000000 -26.1143385552936174)
continue (25000.0000000000000000 -26.1279369364692293)
continue (25500.0000000000000000 -26.1412638586964121)
continue (26000.0000000000000000 -26.1543242844932067)
continue (26500.0000000000000000 -26.1671346961266345)
continue (27000.0000000000000000 -26.1796983437425759)
continue (27500.0000000000000000 -26.1920355728729568)
continue (28000.0000000000000000 -26.2041414367452603)
continue (28500.0000000000000000 -26.2160281946284215)
continue (29000.0000000000000000 -26.2277043617421732)
continue (29500.0000000000000000 -26.2391834092427736)
continue (30000.0000000000000000 -26.2504631651833655)
continue (30500.0000000000000000 -26.2615498513752748)
continue (31000.0000000000000000 -26.2724547716420176)
continue (31500.0000000000000000 -26.2831873269368472)
continue (32000.0000000000000000 -26.2937432782554765)
continue (32500.0000000000000000 -26.3041300197019297)
continue (33000.0000000000000000 -26.3143629089865101)
continue (33500.0000000000000000 -26.3244341262670218)
continue (34000.0000000000000000 -26.3343514383417308)
continue (34500.0000000000000000 -26.3441281333888284)
continue (35000.0000000000000000 -26.3537555792908194)
continue (35500.0000000000000000 -26.3632466252157371)
continue (36000.0000000000000000 -26.3726056136396885)
continue (36500.0000000000000000 -26.3818236440743092)
continue (37000.0000000000000000 -26.3909237533518208)
continue (37500.0000000000000000 -26.3998931650261817)
continue (38000.0000000000000000 -26.4087458930386951)
continue (38500.0000000000000000 -26.4174779310955614)
continue (39000.0000000000000000 -26.4260926729469894)
continue (39500.0000000000000000 -26.4346033743278319)
continue (40000.0000000000000000 -26.4429951110025243)
continue (40500.0000000000000000 -26.4512902638062783)
continue (41000.0000000000000000 -26.4594744283377956)
continue (41500.0000000000000000 -26.4675622746473813)
continue (42000.0000000000000000 -26.4755483153866606)
continue (42500.0000000000000000 -26.4834395893472525)
continue (43000.0000000000000000 -26.4912349596570067)
continue (43500.0000000000000000 -26.4989403035568749)
continue (44000.0000000000000000 -26.5065539604876470)
continue (44500.0000000000000000 -26.5140817272042177)
continue (45000.0000000000000000 -26.5215218632947902)
continue (45500.0000000000000000 -26.5288797991524454)
continue (46000.0000000000000000 -26.5361524452563700)
continue (46500.0000000000000000 -26.5433499690754182)
continue (47000.0000000000000000 -26.5504615499399002)
continue (47500.0000000000000000 -26.5575057074820577)
continue (48000.0000000000000000 -26.5644653894205831)
continue (48500.0000000000000000 -26.5713592926746074)
continue (49000.0000000000000000 -26.5781759876742925)
continue (49500.0000000000000000 -26.5849228166994997)
continue (50000.0000000000000000 -26.5916036844239514)
continue (50500.0000000000000000 -26.5982128088049556)
continue (51000.0000000000000000 -26.6047576618894830)
continue (51500.0000000000000000 -26.6112319691870240)
continue (52000.0000000000000000 -26.6176515841769898)
continue (52500.0000000000000000 -26.6240012588908215)
continue (53000.0000000000000000 -26.6302905530538325)
continue (53500.0000000000000000 -26.6365231266268196)
continue (54000.0000000000000000 -26.6426902318225594)
continue (54500.0000000000000000 -26.6488083891301279)
continue (55000.0000000000000000 -26.6548599943185529)
continue (55500.0000000000000000 -26.6608592561447004)
continue (56000.0000000000000000 -26.6668064505472735)
continue (56500.0000000000000000 -26.6726927967344878)
continue (57000.0000000000000000 -26.6785347027490829)
continue (57500.0000000000000000 -26.6843200963850720)
continue (58000.0000000000000000 -26.6900528612078780)
continue (58500.0000000000000000 -26.6957379185989652)
continue (59000.0000000000000000 -26.7013681484801637)
continue (59500.0000000000000000 -26.7069550582175026)
continue (60000.0000000000000000 -26.7124953431098788)
continue (60500.0000000000000000 -26.7179820108459438)
continue (61000.0000000000000000 -26.7234298632933793)
continue (61500.0000000000000000 -26.7288299016975479)
continue (62000.0000000000000000 -26.7341803464230168)
continue (62500.0000000000000000 -26.7394947044102942)
continue (63000.0000000000000000 -26.7447623392562157)
continue (63500.0000000000000000 -26.7499835288531216)
continue (64000.0000000000000000 -26.7551695731289954)
continue (64500.0000000000000000 -26.7603102076301766)
continue (65000.0000000000000000 -26.7654084775894106)
continue (65500.0000000000000000 -26.7704719710760450)
continue (66000.0000000000000000 -26.7754922863735132)
continue (66500.0000000000000000 -26.7804717318199614)
continue (67000.0000000000000000 -26.7854187355334794)
continue (67500.0000000000000000 -26.7903250506228865)
continue (68000.0000000000000000 -26.7951900812929971)
continue (68500.0000000000000000 -26.8000259827203280)
continue (69000.0000000000000000 -26.8048231217548185)
continue (69500.0000000000000000 -26.8095801326806971)
continue (70000.0000000000000000 -26.8143097086708835)
continue (70500.0000000000000000 -26.8190024748808078)
continue (71000.0000000000000000 -26.8236566305389417)
continue (71500.0000000000000000 -26.8282820923677825)
continue (72000.0000000000000000 -26.8328765115520795)
continue (72500.0000000000000000 -26.8374326020692706)
continue (73000.0000000000000000 -26.8419605106563779)
continue (73500.0000000000000000 -26.8464582153014177)
continue (74000.0000000000000000 -26.8509209714514050)
continue (74500.0000000000000000 -26.8553489863020509)
continue (75245.0000000000000000 -50.0000000000000000)
continue (7354000.0000000000000000 -50.0000000000000000)
f(nu) = -20.1381848506312018 at 1.0000000000000000 Ryd
