# Faucher-Giguere 2019 
# z = 2.981072
# E [Ryd] log (J_nu)
interpolate (0.0000000100100000 -50.0000000000000000)
continue (0.0990000000000000 -50.0000000000000000)
continue (0.1000000000000000 -19.1234367024925369)
continue (0.1500000000000000 -19.1493895026887202)
continue (0.2000000000000000 -19.1892789656629077)
continue (0.2500000000000001 -19.2522160881263744)
continue (0.3000000000000000 -19.2267748137693779)
continue (0.3500000000000001 -19.2003295674774002)
continue (0.4000000000000001 -19.1886335963250545)
continue (0.4500000000000001 -19.1863090730566164)
continue (0.5000000000000001 -19.1971687181797925)
continue (0.5500000000000002 -19.1963571758862130)
continue (0.6000000000000002 -19.2084747540891883)
continue (0.6500000000000001 -19.2322197200545695)
continue (0.7000000000000002 -19.2655050460493378)
continue (0.7500000000000002 -19.4425096035510840)
continue (0.8000000000000002 -19.5845329497062401)
continue (0.8500000000000002 -19.6785502467309925)
continue (0.9000000000000002 -19.8889902198673987)
continue (0.9500000000000003 -20.0781340582772749)
continue (1.0100000000000000 -21.4507835300929912)
continue (1.0600000000000001 -21.5294393026760957)
continue (1.1100000000000001 -21.5520344177749053)
continue (1.1600000000000001 -21.6186777489163617)
continue (1.2100000000000002 -21.6467641468510372)
continue (1.2600000000000002 -21.6561314260722426)
continue (1.3100000000000003 -21.7039668612010246)
continue (1.3600000000000003 -21.7424044769109948)
continue (1.4100000000000004 -21.7679833343434055)
continue (1.4600000000000004 -21.8119533570710296)
continue (1.5100000000000005 -21.8176728350733704)
continue (1.5600000000000005 -21.8140938305710534)
continue (1.6100000000000005 -21.8241014926875110)
continue (1.6600000000000006 -21.9018832682703639)
continue (1.7100000000000006 -21.8286300000423203)
continue (1.7600000000000007 -21.8750354906333335)
continue (1.8100000000000007 -21.8892683776233561)
continue (1.8600000000000008 -21.9041042312838208)
continue (1.9100000000000008 -21.9171412983221892)
continue (1.9600000000000009 -21.9280422228298590)
continue (2.0000000000000000 -21.9708724384065306)
continue (2.0099999999999998 -21.9736229479937464)
continue (2.0199999999999996 -21.9863102462196274)
continue (2.0299999999999994 -21.9797951255068611)
continue (2.0399999999999991 -22.0032655614578481)
continue (2.0499999999999989 -21.9869132607332745)
continue (2.0599999999999987 -22.0035633743305503)
continue (2.0699999999999985 -22.0002742324126892)
continue (2.0799999999999983 -22.0088999050935641)
continue (2.0899999999999981 -22.0275764110904539)
continue (2.0999999999999979 -22.0141055784971513)
continue (2.1099999999999977 -22.0397755200470016)
continue (2.1199999999999974 -22.0319478521068923)
continue (2.1299999999999972 -22.0423470737679956)
continue (2.1399999999999970 -22.0565645814691074)
continue (2.1499999999999968 -22.0363294414034492)
continue (2.1599999999999966 -22.0553483258717016)
continue (2.1699999999999964 -22.0709150010561963)
continue (2.1799999999999962 -22.0657129258261371)
continue (2.1899999999999959 -22.0774683255331645)
continue (2.1999999999999957 -22.0603461038602724)
continue (2.2099999999999955 -22.0770068371019512)
continue (2.2199999999999953 -22.0869913104079991)
continue (2.2299999999999951 -22.0852731476942381)
continue (2.2399999999999949 -22.0983302064365184)
continue (2.2499999999999947 -22.0931235278882241)
continue (2.2599999999999945 -22.1004481665742105)
continue (2.2699999999999942 -22.1081955454208803)
continue (2.2799999999999940 -22.1096388525330170)
continue (2.2899999999999938 -22.1172772466492553)
continue (2.2999999999999936 -22.1151683144669740)
continue (2.3099999999999934 -22.1159368996564538)
continue (2.3199999999999932 -22.1212035418451762)
continue (2.3299999999999930 -22.1212153904313489)
continue (2.3399999999999928 -22.1155206383696736)
continue (2.3499999999999925 -22.1200282736017435)
continue (2.3599999999999923 -22.1134169170760408)
continue (2.3699999999999921 -22.1088765813267329)
continue (2.3799999999999919 -22.1102617843674736)
continue (2.3899999999999917 -22.1034967852892379)
continue (2.3999999999999915 -22.0981755127152830)
continue (2.4099999999999913 -22.0984428181909003)
continue (2.4199999999999910 -22.0944502069933897)
continue (2.4299999999999908 -22.0813593590863562)
continue (2.4399999999999906 -22.0859736290897679)
continue (2.4499999999999904 -22.0787172223193906)
continue (2.4599999999999902 -22.0723663783147970)
continue (2.4699999999999900 -22.0758431037820380)
continue (2.4799999999999898 -22.0648927438564932)
continue (2.4899999999999896 -22.0669375056684594)
continue (2.4999999999999893 -22.0676630374914780)
continue (2.5099999999999891 -22.0539064819007358)
continue (2.5199999999999889 -22.0480077297969288)
continue (2.5299999999999887 -22.0357905513042311)
continue (2.5399999999999885 -22.0318180039344078)
continue (2.5499999999999883 -22.0252480493545377)
continue (2.5599999999999881 -22.0131348395715243)
continue (2.5699999999999878 -22.0113206597605071)
continue (2.5799999999999876 -22.0032999595817813)
continue (2.5899999999999874 -21.9883466349275807)
continue (2.5999999999999872 -21.9864477105272087)
continue (2.6099999999999870 -21.9631125662157061)
continue (2.6199999999999868 -21.9618998872026765)
continue (2.6299999999999866 -21.9583532381169846)
continue (2.6399999999999864 -21.9338308108688125)
continue (2.6499999999999861 -21.9305627806970804)
continue (2.6599999999999859 -21.9298845719002422)
continue (2.6699999999999857 -21.9029843095224166)
continue (2.6799999999999855 -21.8961272936382905)
continue (2.6899999999999853 -21.8988106943822913)
continue (2.6999999999999851 -21.8729210551914370)
continue (2.7099999999999849 -21.8651946214606951)
continue (2.7199999999999847 -21.8700208508196781)
continue (2.7299999999999844 -21.8406892135893180)
continue (2.7399999999999842 -21.8286057279162762)
continue (2.7499999999999840 -21.8270773617303320)
continue (2.7599999999999838 -21.8020184871657179)
continue (2.7699999999999836 -21.7915516563432909)
continue (2.7799999999999834 -21.7859124455174040)
continue (2.7899999999999832 -21.7869704135695379)
continue (2.7999999999999829 -21.7560119075334484)
continue (2.8099999999999827 -21.7483041848032634)
continue (2.8199999999999825 -21.7464869945627690)
continue (2.8299999999999823 -21.7170081169709093)
continue (2.8399999999999821 -21.7108000826628711)
continue (2.8499999999999819 -21.7066758329823273)
continue (2.8599999999999817 -21.6755482553774925)
continue (2.8699999999999815 -21.6677670185806051)
continue (2.8799999999999812 -21.6643088086114126)
continue (2.8899999999999810 -21.6568115041998865)
continue (2.8999999999999808 -21.6251997082074681)
continue (2.9099999999999806 -21.6206921703373780)
continue (2.9199999999999804 -21.6162149643042589)
continue (2.9299999999999802 -21.5829881518349858)
continue (2.9399999999999800 -21.5764343148240130)
continue (2.9499999999999797 -21.5713523087316013)
continue (2.9599999999999795 -21.5665903143183186)
continue (2.9699999999999793 -21.5334622272738940)
continue (2.9799999999999791 -21.5282541885778826)
continue (2.9899999999999789 -21.5230473956465218)
continue (2.9999999999999787 -21.5179416503266836)
continue (3.0099999999999785 -22.3589873652256799)
continue (3.0199999999999783 -22.3759154289226672)
continue (3.0299999999999780 -22.3802575647617950)
continue (3.0399999999999778 -22.3787403179789450)
continue (3.0499999999999776 -22.3777285312955243)
continue (3.0599999999999774 -22.3930848639527653)
continue (3.0699999999999772 -22.3934168851292164)
continue (3.0799999999999770 -22.3981837983784970)
continue (3.0899999999999768 -22.4021352662387194)
continue (3.0999999999999766 -22.4064651303248787)
continue (3.1099999999999763 -22.4090887420182376)
continue (3.1199999999999761 -22.4128677926554758)
continue (3.1299999999999759 -22.4212647340825733)
continue (3.1399999999999757 -22.4178106477543295)
continue (3.1499999999999755 -22.4236759786494346)
continue (3.1599999999999753 -22.4279992114455027)
continue (3.1699999999999751 -22.4330145744257194)
continue (3.1799999999999748 -22.4330460687275455)
continue (3.1899999999999746 -22.4401063067898079)
continue (3.1999999999999744 -22.4551268594169358)
continue (3.2099999999999742 -22.4513505645043381)
continue (3.2199999999999740 -22.4543262902442500)
continue (3.2299999999999738 -22.4618776939430731)
continue (3.2399999999999736 -22.4782391186964787)
continue (3.2499999999999734 -22.4732304783284071)
continue (3.2599999999999731 -22.4779717977144919)
continue (3.2699999999999729 -22.4994584915017839)
continue (3.2799999999999727 -22.5016958629353354)
continue (3.2899999999999725 -22.4955734432669239)
continue (3.2999999999999723 -22.5021563356158083)
continue (3.3099999999999721 -22.5228844131313792)
continue (3.3199999999999719 -22.5250207667374909)
continue (3.3299999999999716 -22.5247704163663407)
continue (3.3399999999999714 -22.5323378198048552)
continue (3.3499999999999712 -22.5565777148881814)
continue (3.3599999999999710 -22.5598154279675107)
continue (3.3699999999999708 -22.5632431722237996)
continue (3.3799999999999706 -22.5743890610203977)
continue (3.3899999999999704 -22.5968747407259336)
continue (3.3999999999999702 -22.5968815922057580)
continue (3.4099999999999699 -22.6059093055952580)
continue (3.4199999999999697 -22.6147622455005148)
continue (3.4299999999999695 -22.6443698955043011)
continue (3.4399999999999693 -22.6423920711762818)
continue (3.4499999999999691 -22.6518155879697503)
continue (3.4599999999999689 -22.6625542100281372)
continue (3.4699999999999687 -22.6996015885009506)
continue (3.4799999999999685 -22.6990098590597356)
continue (3.4899999999999682 -22.7069977685394093)
continue (3.4999999999999680 -22.7208498767827933)
continue (3.5099999999999678 -22.7272211103528790)
continue (3.5199999999999676 -22.7717466511794768)
continue (3.5299999999999674 -22.7721144723379894)
continue (3.5399999999999672 -22.7841786285539598)
continue (3.5499999999999670 -22.7918602343991843)
continue (3.5599999999999667 -22.6179246413626451)
continue (3.5600000000000001 -22.6179246413626522)
continue (3.5699999999999665 -22.6215133902457879)
continue (3.5799999999999663 -22.6461376641872576)
continue (3.5899999999999661 -22.6469644127863958)
continue (3.5999999999999659 -22.6543663355485485)
continue (3.6099999999999657 -22.6603531385408807)
continue (3.6199999999999655 -22.6921017250806152)
continue (3.6299999999999653 -22.6941370249457144)
continue (3.6399999999999650 -22.7025839292232980)
continue (3.6499999999999648 -22.7069926013906560)
continue (3.6599999999999646 -22.7423572059806141)
continue (3.6699999999999644 -22.7498527453205988)
continue (3.6799999999999642 -22.7601218793972819)
continue (3.6899999999999640 -22.7631186133302243)
continue (3.6999999999999638 -22.7681599789403997)
continue (3.7099999999999635 -22.8184900922814116)
continue (3.7199999999999633 -22.8198830396017094)
continue (3.7299999999999631 -22.8337915150299970)
continue (3.7399999999999629 -22.8373107909128059)
continue (3.7499999999999627 -22.8655039320650282)
continue (3.7500000000000000 -22.8655039320650459)
continue (3.7599999999999625 -22.7668373209321011)
continue (3.7699999999999623 -22.7853966671962525)
continue (3.7799999999999621 -22.7897360744769450)
continue (3.7899999999999618 -22.7913670883114854)
continue (3.7999999999999616 -22.8328827744491569)
continue (3.8099999999999614 -22.8587292182682518)
continue (3.8199999999999612 -22.8641275840710065)
continue (3.8299999999999610 -22.8690966218768423)
continue (3.8399999999999608 -22.8697387458112402)
continue (3.8399999999999999 -22.8697387458112615)
continue (3.8499999999999606 -22.8282964694494908)
continue (3.8599999999999604 -22.8650866487181652)
continue (3.8699999999999601 -22.8723630555723538)
continue (3.8799999999999599 -22.8790946266838340)
continue (3.8899999999999597 -22.8342823458461588)
continue (3.8900000000000001 -22.8342823458461908)
continue (3.8999999999999595 -22.8449949682678799)
continue (3.9099999999999593 -22.8984156287714775)
continue (3.9199999999999591 -22.9081976918547170)
continue (3.9299999999999589 -22.9173870127192920)
continue (3.9399999999999586 -22.9266930240015050)
continue (3.9499999999999584 -22.9404354299333377)
continue (3.9599999999999582 -23.0166808768737070)
continue (3.9699999999999580 -23.0298253652006615)
continue (3.9799999999999578 -23.0423339324273933)
continue (3.9899999999999576 -23.0550719854295707)
continue (4.0099999999999998 -23.1953852120726012)
continue (4.5099999999999998 -23.6885856657546547)
continue (5.0099999999999998 -23.7441392493365662)
continue (5.5099999999999998 -23.7643508163001087)
continue (6.0099999999999998 -23.7875807897934379)
continue (6.5099999999999998 -23.8034507236672788)
continue (7.0099999999999998 -23.8184992951413825)
continue (7.5099999999999998 -23.8313035958310664)
continue (8.0099999999999998 -23.8406955787705144)
continue (8.5099999999999998 -23.8480823427465189)
continue (9.0099999999999998 -23.8520465329976297)
continue (9.5099999999999998 -23.8542411947875728)
continue (10.0000000000000000 -23.8543059087887954)
continue (10.0099999999999998 -23.8542906454801269)
continue (15.0000000000000000 -23.8184864648400385)
continue (20.0000000000000000 -23.8224407958135096)
continue (25.0000000000000000 -23.8480569056197780)
continue (30.0000000000000000 -23.8920794593273413)
continue (35.0000000000000000 -23.9446513927910267)
continue (40.0000000000000000 -23.9990923068481337)
continue (45.0000000000000000 -24.0517708614440515)
continue (50.0000000000000000 -24.1006577008815306)
continue (55.0000000000000000 -24.1443021837996383)
continue (60.0000000000000000 -24.1813052501521994)
continue (65.0000000000000000 -24.2107220166476118)
continue (70.0000000000000000 -24.2332956711350285)
continue (75.0000000000000000 -24.2502217291581630)
continue (80.0000000000000000 -24.2627107405795002)
continue (85.0000000000000000 -24.2719280028204842)
continue (90.0000000000000000 -24.2788960683860964)
continue (95.0000000000000000 -24.2845599440766797)
continue (100.0000000000000000 -24.2897208344266105)
continue (110.0000000000000000 -24.2996210124123841)
continue (120.0000000000000000 -24.3089914374812821)
continue (130.0000000000000000 -24.3178478311975574)
continue (140.0000000000000000 -24.3262259548677910)
continue (150.0000000000000000 -24.3341649994972791)
continue (160.0000000000000000 -24.3417050895183280)
continue (170.0000000000000000 -24.3488850227253479)
continue (180.0000000000000000 -24.3557374213495024)
continue (190.0000000000000000 -24.3622917362117697)
continue (200.0000000000000000 -24.3685769943740347)
continue (210.0000000000000000 -24.3746147987895547)
continue (220.0000000000000000 -24.3804275785049711)
continue (230.0000000000000000 -24.3860336316321167)
continue (240.0000000000000000 -24.3914497883736487)
continue (250.0000000000000000 -24.3966888201588112)
continue (260.0000000000000000 -24.4017669025693813)
continue (270.0000000000000000 -24.4066927056721568)
continue (280.0000000000000000 -24.4114788732250645)
continue (290.0000000000000000 -24.4161341178324598)
continue (300.0000000000000000 -24.4206678901682182)
continue (310.0000000000000000 -24.4250871163470187)
continue (320.0000000000000000 -24.4293998242266106)
continue (330.0000000000000000 -24.4336101674843604)
continue (340.0000000000000000 -24.4377267712602588)
continue (350.0000000000000000 -24.4417538280773812)
continue (360.0000000000000000 -24.4456969003955749)
continue (370.0000000000000000 -24.4495588527190684)
continue (380.0000000000000000 -24.4533464569836134)
continue (390.0000000000000000 -24.4570614168919889)
continue (400.0000000000000000 -24.4607078412102510)
continue (410.0000000000000000 -24.4642897955468648)
continue (420.0000000000000000 -24.4678100885856473)
continue (430.0000000000000000 -24.4712715112966066)
continue (440.0000000000000000 -24.4746766489738619)
continue (450.0000000000000000 -24.4780280153294960)
continue (460.0000000000000000 -24.4813280573203755)
continue (470.0000000000000000 -24.4845790260146146)
continue (480.0000000000000000 -24.4877831904296990)
continue (490.0000000000000000 -24.4909422500995042)
continue (500.0000000000000000 -24.4940567470853487)
continue (510.0000000000000000 -24.4971301618240993)
continue (520.0000000000000000 -24.5001644121745557)
continue (530.0000000000000000 -24.5031588212124660)
continue (540.0000000000000000 -24.5061161327649124)
continue (550.0000000000000000 -24.5090391366595099)
continue (560.0000000000000000 -24.5119258679848926)
continue (570.0000000000000000 -24.5147810591336359)
continue (580.0000000000000000 -24.5176022320871851)
continue (590.0000000000000000 -24.5203941657865663)
continue (600.0000000000000000 -24.5231546966072109)
continue (610.0000000000000000 -24.5258879207802849)
continue (620.0000000000000000 -24.5285908648738449)
continue (630.0000000000000000 -24.5312683418101081)
continue (640.0000000000000000 -24.5339194632293740)
continue (650.0000000000000000 -24.5365435785299759)
continue (660.0000000000000000 -24.5391447253254178)
continue (670.0000000000000000 -24.5417215172706413)
continue (680.0000000000000000 -24.5442736462842426)
continue (690.0000000000000000 -24.5468044637241576)
continue (700.0000000000000000 -24.5493140747801704)
continue (710.0000000000000000 -24.5518005846266192)
continue (720.0000000000000000 -24.5542668783555662)
continue (730.0000000000000000 -24.5567129661545529)
continue (740.0000000000000000 -24.5591401505631843)
continue (750.0000000000000000 -24.5615485842834325)
continue (760.0000000000000000 -24.5639372205883362)
continue (770.0000000000000000 -24.5663080799154265)
continue (780.0000000000000000 -24.5686605794900004)
continue (790.0000000000000000 -24.5709967618320206)
continue (800.0000000000000000 -24.5733158121783468)
continue (810.0000000000000000 -24.5756189561663376)
continue (820.0000000000000000 -24.5779059980097578)
continue (830.0000000000000000 -24.5801775295457787)
continue (840.0000000000000000 -24.5824339014007265)
continue (850.0000000000000000 -24.5846753224105399)
continue (860.0000000000000000 -24.5869022949179019)
continue (870.0000000000000000 -24.5891149311912542)
continue (880.0000000000000000 -24.5913137976314786)
continue (890.0000000000000000 -24.5934989682338347)
continue (900.0000000000000000 -24.5956709548451684)
continue (910.0000000000000000 -24.5978299023426850)
continue (920.0000000000000000 -24.5999762283689982)
continue (930.0000000000000000 -24.6021102378611616)
continue (940.0000000000000000 -24.6042319569150187)
continue (950.0000000000000000 -24.6063422556961555)
continue (960.0000000000000000 -24.6084405406675693)
continue (970.0000000000000000 -24.6105282169978814)
continue (980.0000000000000000 -24.6126040721800265)
continue (990.0000000000000000 -24.6146698384777309)
continue (1000.0000000000000000 -24.6167239174423429)
continue (1200.0000000000000000 -24.6558448029389048)
continue (1400.0000000000000000 -24.6920000430740565)
continue (1600.0000000000000000 -24.7259735096383828)
continue (1800.0000000000000000 -24.7582768515978593)
continue (2000.0000000000000000 -24.7892525075039352)
continue (2200.0000000000000000 -24.8191496824057687)
continue (2400.0000000000000000 -24.8481550560436375)
continue (2600.0000000000000000 -24.8764022296991456)
continue (2800.0000000000000000 -24.9039985414890026)
continue (3000.0000000000000000 -24.9310339210720500)
continue (3200.0000000000000000 -24.9575777209675387)
continue (3400.0000000000000000 -24.9836779746019140)
continue (3600.0000000000000000 -25.0093898010508546)
continue (3800.0000000000000000 -25.0347421300686364)
continue (4000.0000000000000000 -25.0597619059632493)
continue (4200.0000000000000000 -25.0844746243323691)
continue (4400.0000000000000000 -25.1088911401455483)
continue (4600.0000000000000000 -25.1330157728140868)
continue (4800.0000000000000000 -25.1568505169216117)
continue (5000.0000000000000000 -25.1803794163871686)
continue (5200.0000000000000000 -25.2035948593806651)
continue (5400.0000000000000000 -25.2264568327316319)
continue (5600.0000000000000000 -25.2489569848536668)
continue (5800.0000000000000000 -25.2710653068901614)
continue (6000.0000000000000000 -25.2927679164651167)
continue (6200.0000000000000000 -25.3140468219631600)
continue (6400.0000000000000000 -25.3349026054152198)
continue (6600.0000000000000000 -25.3553057863901472)
continue (6800.0000000000000000 -25.3752575065425248)
continue (7000.0000000000000000 -25.3947762644731796)
continue (7200.0000000000000000 -25.4138204694938921)
continue (7400.0000000000000000 -25.4324243891910307)
continue (7600.0000000000000000 -25.4505826813082052)
continue (7800.0000000000000000 -25.4682862197378306)
continue (8000.0000000000000000 -25.4855640481627255)
continue (8200.0000000000000000 -25.5024241799812437)
continue (8400.0000000000000000 -25.5188769378580815)
continue (8600.0000000000000000 -25.5349372932299481)
continue (8800.0000000000000000 -25.5506227037214124)
continue (9000.0000000000000000 -25.5659502519289745)
continue (9200.0000000000000000 -25.5809366737493633)
continue (9400.0000000000000000 -25.5955980428875129)
continue (9600.0000000000000000 -25.6099510302189941)
continue (9800.0000000000000000 -25.6240103766081369)
continue (10000.0000000000000000 -25.6377827919159031)
continue (10200.0000000000000000 -25.6512649574713407)
continue (10400.0000000000000000 -25.6644946431847849)
continue (10600.0000000000000000 -25.6774759064918676)
continue (10800.0000000000000000 -25.6901897775273760)
continue (11000.0000000000000000 -25.7026853033466836)
continue (11500.0000000000000000 -25.7329416686161849)
continue (12000.0000000000000000 -25.7618861455785257)
continue (12500.0000000000000000 -25.7896422073912284)
continue (13000.0000000000000000 -25.8162941438999347)
continue (13500.0000000000000000 -25.8419393301576115)
continue (14000.0000000000000000 -25.8666332191759309)
continue (14500.0000000000000000 -25.8904433274406394)
continue (15000.0000000000000000 -25.9134503653849819)
continue (15500.0000000000000000 -25.9356868445369493)
continue (16000.0000000000000000 -25.9572018265331188)
continue (16500.0000000000000000 -25.9780513210449229)
continue (17000.0000000000000000 -25.9982805418414280)
continue (17500.0000000000000000 -26.0178963978385269)
continue (18000.0000000000000000 -26.0369778663574216)
continue (18500.0000000000000000 -26.0555060237219287)
continue (19000.0000000000000000 -26.0735412221354181)
continue (19500.0000000000000000 -26.0911119634111763)
continue (20000.0000000000000000 -26.1082194967750034)
continue (20500.0000000000000000 -26.1248968016351739)
continue (21000.0000000000000000 -26.1411699276740457)
continue (21500.0000000000000000 -26.1570562261177173)
continue (22000.0000000000000000 -26.1725724484918132)
continue (22500.0000000000000000 -26.1877353450730261)
continue (23000.0000000000000000 -26.2025616584501613)
continue (23500.0000000000000000 -26.2170672931062541)
continue (24000.0000000000000000 -26.2312622938476707)
continue (24500.0000000000000000 -26.2451491794126248)
continue (25000.0000000000000000 -26.2587553125870556)
continue (25500.0000000000000000 -26.2720973705053424)
continue (26000.0000000000000000 -26.2851738869490426)
continue (26500.0000000000000000 -26.2979800049780543)
continue (27000.0000000000000000 -26.3105606899996971)
continue (27500.0000000000000000 -26.3229031491942322)
continue (28000.0000000000000000 -26.3350170546093558)
continue (28500.0000000000000000 -26.3469222641714822)
continue (29000.0000000000000000 -26.3585975285425640)
continue (29500.0000000000000000 -26.3700916952673161)
continue (30000.0000000000000000 -26.3813740169164390)
continue (30500.0000000000000000 -26.3924736910934534)
continue (31000.0000000000000000 -26.4033871218930898)
continue (31500.0000000000000000 -26.4141212273302628)
continue (32000.0000000000000000 -26.4246982937171495)
continue (32500.0000000000000000 -26.4350844726170244)
continue (33000.0000000000000000 -26.4453217795512856)
continue (33500.0000000000000000 -26.4554135059946312)
continue (34000.0000000000000000 -26.4653322461354996)
continue (34500.0000000000000000 -26.4751110487173733)
continue (35000.0000000000000000 -26.4847508533820104)
continue (35500.0000000000000000 -26.4942563822414634)
continue (36000.0000000000000000 -26.5036190992964258)
continue (36500.0000000000000000 -26.5128398318355707)
continue (37000.0000000000000000 -26.5219452042102297)
continue (37500.0000000000000000 -26.5309265629200439)
continue (38000.0000000000000000 -26.5397902690748495)
continue (38500.0000000000000000 -26.5485344933932517)
continue (39000.0000000000000000 -26.5571533840522918)
continue (39500.0000000000000000 -26.5656675057637486)
continue (40000.0000000000000000 -26.5740643612670020)
continue (40500.0000000000000000 -26.5823641326514490)
continue (41000.0000000000000000 -26.5905549045958658)
continue (41500.0000000000000000 -26.5986499679902799)
continue (42000.0000000000000000 -26.6066420162625796)
continue (42500.0000000000000000 -26.6145414225873864)
continue (43000.0000000000000000 -26.6223435867912919)
continue (43500.0000000000000000 -26.6300562226852051)
continue (44000.0000000000000000 -26.6376763403702981)
continue (44500.0000000000000000 -26.6452111962999290)
continue (45000.0000000000000000 -26.6526570103378617)
continue (45500.0000000000000000 -26.6600228500706180)
continue (46000.0000000000000000 -26.6673023015180064)
continue (46500.0000000000000000 -26.6745069143589362)
continue (47000.0000000000000000 -26.6816275993116854)
continue (47500.0000000000000000 -26.6886800465443415)
continue (48000.0000000000000000 -26.6956490566580946)
continue (48500.0000000000000000 -26.7025530653091145)
continue (49000.0000000000000000 -26.7093762061416164)
continue (49500.0000000000000000 -26.7161277028538571)
continue (50000.0000000000000000 -26.7228068611956928)
continue (50500.0000000000000000 -26.7294202422348128)
continue (51000.0000000000000000 -26.7359727644941145)
continue (51500.0000000000000000 -26.7424571631387806)
continue (52000.0000000000000000 -26.7488878372613108)
continue (52500.0000000000000000 -26.7552454534691506)
continue (53000.0000000000000000 -26.7615364951533792)
continue (53500.0000000000000000 -26.7677687670568538)
continue (54000.0000000000000000 -26.7739438906228102)
continue (54500.0000000000000000 -26.7800725452780846)
continue (55000.0000000000000000 -26.7861353803520146)
continue (55500.0000000000000000 -26.7921356568061064)
continue (56000.0000000000000000 -26.7980822140199351)
continue (56500.0000000000000000 -26.8039776871734645)
continue (57000.0000000000000000 -26.8098323624489119)
continue (57500.0000000000000000 -26.8156197677674868)
continue (58000.0000000000000000 -26.8213518299429410)
continue (58500.0000000000000000 -26.8270450886484575)
continue (59000.0000000000000000 -26.8326900807945350)
continue (59500.0000000000000000 -26.8382802140260885)
continue (60000.0000000000000000 -26.8438177420362791)
continue (60500.0000000000000000 -26.8493146021691587)
continue (61000.0000000000000000 -26.8547759866628581)
continue (61500.0000000000000000 -26.8601702348451745)
continue (62000.0000000000000000 -26.8655272368208138)
continue (62500.0000000000000000 -26.8708552150183877)
continue (63000.0000000000000000 -26.8761213987279106)
continue (63500.0000000000000000 -26.8813451611140515)
continue (64000.0000000000000000 -26.8865447141405340)
continue (64500.0000000000000000 -26.8916875472369128)
continue (65000.0000000000000000 -26.8967855965265734)
continue (65500.0000000000000000 -26.9018630800103189)
continue (66000.0000000000000000 -26.9068857348730397)
continue (66500.0000000000000000 -26.9118656467234807)
continue (67000.0000000000000000 -26.9168269024085447)
continue (67500.0000000000000000 -26.9217326257793736)
continue (68000.0000000000000000 -26.9266016765497120)
continue (68500.0000000000000000 -26.9314527531956536)
continue (69000.0000000000000000 -26.9362446854749074)
continue (69500.0000000000000000 -26.9410094495505099)
continue (70000.0000000000000000 -26.9457533217771754)
continue (70500.0000000000000000 -26.9504387032599446)
continue (71000.0000000000000000 -26.9551053228902440)
continue (71500.0000000000000000 -26.9597352589731862)
continue (72000.0000000000000000 -26.9643290535425777)
continue (72500.0000000000000000 -26.9689008441115163)
continue (73000.0000000000000000 -26.9734215468824949)
continue (73500.0000000000000000 -26.9779323538530953)
continue (74000.0000000000000000 -26.9823950657209792)
continue (74500.0000000000000000 -26.9868285994739345)
continue (75245.0000000000000000 -50.0000000000000000)
continue (7354000.0000000000000000 -50.0000000000000000)
f(nu) = -20.1285575344113354 at 1.0000000000000000 Ryd
