# Faucher-Giguere 2019 
# z = 2.548134
# E [Ryd] log (J_nu)
interpolate (0.0000000100100000 -50.0000000000000000)
continue (0.0990000000000000 -50.0000000000000000)
continue (0.1000000000000000 -19.1204697757903084)
continue (0.1500000000000000 -19.1463703529591953)
continue (0.2000000000000000 -19.1806833291900745)
continue (0.2500000000000001 -19.2432627598889923)
continue (0.3000000000000000 -19.2181415737877082)
continue (0.3500000000000001 -19.1913267352468964)
continue (0.4000000000000001 -19.1896860351423690)
continue (0.4500000000000001 -19.1907357254011899)
continue (0.5000000000000001 -19.1991441321329646)
continue (0.5500000000000002 -19.2115934954444540)
continue (0.6000000000000002 -19.2289857130164279)
continue (0.6500000000000001 -19.2389685893042461)
continue (0.7000000000000002 -19.3007000811823239)
continue (0.7500000000000002 -19.4757557398028780)
continue (0.8000000000000002 -19.5719740721571185)
continue (0.8500000000000002 -19.7097739809215469)
continue (0.9000000000000002 -19.9313876694303822)
continue (0.9500000000000003 -20.1842430719162778)
continue (1.0100000000000000 -21.4217271383562391)
continue (1.0600000000000001 -21.4860858554421483)
continue (1.1100000000000001 -21.5315416599204958)
continue (1.1600000000000001 -21.5908179304243504)
continue (1.2100000000000002 -21.6042281172588488)
continue (1.2600000000000002 -21.6356030822549634)
continue (1.3100000000000003 -21.6760392058459033)
continue (1.3600000000000003 -21.7016488956171258)
continue (1.4100000000000004 -21.7151112803102606)
continue (1.4600000000000004 -21.7670929814298120)
continue (1.5100000000000005 -21.7700101808585451)
continue (1.5600000000000005 -21.7848577475055194)
continue (1.6100000000000005 -21.7967665681052303)
continue (1.6600000000000006 -21.8244939201819612)
continue (1.7100000000000006 -21.8056684919525914)
continue (1.7600000000000007 -21.8233680251469373)
continue (1.8100000000000007 -21.8457589114265680)
continue (1.8600000000000008 -21.8696807436162217)
continue (1.9100000000000008 -21.8824746997125033)
continue (1.9600000000000009 -21.8932541053735221)
continue (2.0000000000000000 -21.9255878118821350)
continue (2.0099999999999998 -21.9248692236367901)
continue (2.0199999999999996 -21.9328098132214713)
continue (2.0299999999999994 -21.9323147165558616)
continue (2.0399999999999991 -21.9408210846757363)
continue (2.0499999999999989 -21.9451744667605482)
continue (2.0599999999999987 -21.9443999383579751)
continue (2.0699999999999985 -21.9476725436133577)
continue (2.0799999999999983 -21.9546803224973424)
continue (2.0899999999999981 -21.9556265598121954)
continue (2.0999999999999979 -21.9627990777766264)
continue (2.1099999999999977 -21.9681439562023648)
continue (2.1199999999999974 -21.9658506081620395)
continue (2.1299999999999972 -21.9759047146774016)
continue (2.1399999999999970 -21.9793077547756646)
continue (2.1499999999999968 -21.9761525845609391)
continue (2.1599999999999966 -21.9833409242937741)
continue (2.1699999999999964 -21.9889189051194656)
continue (2.1799999999999962 -21.9889054375503470)
continue (2.1899999999999959 -21.9894816665301782)
continue (2.1999999999999957 -21.9903311648774569)
continue (2.2099999999999955 -21.9901043782752481)
continue (2.2199999999999953 -21.9927761877199757)
continue (2.2299999999999951 -21.9998745579822277)
continue (2.2399999999999949 -22.0002250051290815)
continue (2.2499999999999947 -21.9981322781527560)
continue (2.2599999999999945 -21.9994358286643852)
continue (2.2699999999999942 -21.9985696633205663)
continue (2.2799999999999940 -22.0009967344686963)
continue (2.2899999999999938 -22.0041971656849782)
continue (2.2999999999999936 -21.9950901736976085)
continue (2.3099999999999934 -21.9999220284263117)
continue (2.3199999999999932 -21.9987153502563721)
continue (2.3299999999999930 -21.9906315196795035)
continue (2.3399999999999928 -21.9957993696808103)
continue (2.3499999999999925 -21.9835968202351424)
continue (2.3599999999999923 -21.9811485002253768)
continue (2.3699999999999921 -21.9852590779449137)
continue (2.3799999999999919 -21.9696139245513358)
continue (2.3899999999999917 -21.9700769916752243)
continue (2.3999999999999915 -21.9695630298157702)
continue (2.4099999999999913 -21.9527087298842645)
continue (2.4199999999999910 -21.9569842190781479)
continue (2.4299999999999908 -21.9424754605320160)
continue (2.4399999999999906 -21.9379727613926825)
continue (2.4499999999999904 -21.9417427893513342)
continue (2.4599999999999902 -21.9262857239321782)
continue (2.4699999999999900 -21.9224879874548684)
continue (2.4799999999999898 -21.9226532599765456)
continue (2.4899999999999896 -21.9085775170366936)
continue (2.4999999999999893 -21.9053188423065670)
continue (2.5099999999999891 -21.9043347957773058)
continue (2.5199999999999889 -21.8853706072000094)
continue (2.5299999999999887 -21.8812801595094015)
continue (2.5399999999999885 -21.8807760705949796)
continue (2.5499999999999883 -21.8639448081310448)
continue (2.5599999999999881 -21.8565915875894738)
continue (2.5699999999999878 -21.8565584309243057)
continue (2.5799999999999876 -21.8399441502411555)
continue (2.5899999999999874 -21.8300846769391441)
continue (2.5999999999999872 -21.8274725791738469)
continue (2.6099999999999870 -21.8124716162920755)
continue (2.6199999999999868 -21.8031181577877291)
continue (2.6299999999999866 -21.7983379078160375)
continue (2.6399999999999864 -21.7846034185246076)
continue (2.6499999999999861 -21.7748980033183699)
continue (2.6599999999999859 -21.7689611315407952)
continue (2.6699999999999857 -21.7523251999985945)
continue (2.6799999999999855 -21.7495716761038906)
continue (2.6899999999999853 -21.7389331979986551)
continue (2.6999999999999851 -21.7343377785032210)
continue (2.7099999999999849 -21.7203008515772886)
continue (2.7199999999999847 -21.7170036281468377)
continue (2.7299999999999844 -21.7053625681094431)
continue (2.7399999999999842 -21.6852520741739170)
continue (2.7499999999999840 -21.6841612063215052)
continue (2.7599999999999838 -21.6740105328166202)
continue (2.7699999999999836 -21.6528911343480779)
continue (2.7799999999999834 -21.6495837802586450)
continue (2.7899999999999832 -21.6483601707363675)
continue (2.7999999999999829 -21.6383023700643484)
continue (2.8099999999999827 -21.6168337900726790)
continue (2.8199999999999825 -21.6149252897899764)
continue (2.8299999999999823 -21.6112104242339669)
continue (2.8399999999999821 -21.6021108673759592)
continue (2.8499999999999819 -21.5817716790244027)
continue (2.8599999999999817 -21.5785563752585610)
continue (2.8699999999999815 -21.5748637734954194)
continue (2.8799999999999812 -21.5671255618517996)
continue (2.8899999999999810 -21.5462002410877673)
continue (2.8999999999999808 -21.5428248748258113)
continue (2.9099999999999806 -21.5396462696857292)
continue (2.9199999999999804 -21.5149514111365363)
continue (2.9299999999999802 -21.5103027197435672)
continue (2.9399999999999800 -21.5070687598960717)
continue (2.9499999999999797 -21.5034887939082964)
continue (2.9599999999999795 -21.4783316848798620)
continue (2.9699999999999793 -21.4747340348304121)
continue (2.9799999999999791 -21.4716407890218477)
continue (2.9899999999999789 -21.4678458112159625)
continue (2.9999999999999787 -21.4635981517797880)
continue (3.0099999999999785 -22.2736873669382831)
continue (3.0199999999999783 -22.2849240585258990)
continue (3.0299999999999780 -22.2868074861471506)
continue (3.0399999999999778 -22.2875909818488438)
continue (3.0499999999999776 -22.2907549882371967)
continue (3.0599999999999774 -22.2992681775357546)
continue (3.0699999999999772 -22.3024581611742256)
continue (3.0799999999999770 -22.3041844499098971)
continue (3.0899999999999768 -22.3118205066023449)
continue (3.0999999999999766 -22.3164703509394045)
continue (3.1099999999999763 -22.3186972904951801)
continue (3.1199999999999761 -22.3187684733951137)
continue (3.1299999999999759 -22.3260502521295621)
continue (3.1399999999999757 -22.3324144763533603)
continue (3.1499999999999755 -22.3351106432565665)
continue (3.1599999999999753 -22.3336870522408191)
continue (3.1699999999999751 -22.3415079503769221)
continue (3.1799999999999748 -22.3463980855184055)
continue (3.1899999999999746 -22.3531543891379982)
continue (3.1999999999999744 -22.3515821986784253)
continue (3.2099999999999742 -22.3602988259469804)
continue (3.2199999999999740 -22.3664401198798224)
continue (3.2299999999999738 -22.3736601792908765)
continue (3.2399999999999736 -22.3739889724666234)
continue (3.2499999999999734 -22.3809776281553070)
continue (3.2599999999999731 -22.3876540890197191)
continue (3.2699999999999729 -22.3962949500035542)
continue (3.2799999999999727 -22.3983565144707839)
continue (3.2899999999999725 -22.4024744076689686)
continue (3.2999999999999723 -22.4085244515961008)
continue (3.3099999999999721 -22.4138694839940769)
continue (3.3199999999999719 -22.4216070399480643)
continue (3.3299999999999716 -22.4305095503085354)
continue (3.3399999999999714 -22.4334231416078502)
continue (3.3499999999999712 -22.4409660726571403)
continue (3.3599999999999710 -22.4511900022241626)
continue (3.3699999999999708 -22.4641689008708205)
continue (3.3799999999999706 -22.4695339949285291)
continue (3.3899999999999704 -22.4708210060422360)
continue (3.3999999999999702 -22.4773336684487326)
continue (3.4099999999999699 -22.4857894295375296)
continue (3.4199999999999697 -22.5073218715436063)
continue (3.4299999999999695 -22.5071037240400997)
continue (3.4399999999999693 -22.5111169391446175)
continue (3.4499999999999691 -22.5182997507954532)
continue (3.4599999999999689 -22.5436453420777987)
continue (3.4699999999999687 -22.5512645498853885)
continue (3.4799999999999685 -22.5465440966063788)
continue (3.4899999999999682 -22.5560917497050362)
continue (3.4999999999999680 -22.5658409451267659)
continue (3.5099999999999678 -22.5985198718467650)
continue (3.5199999999999676 -22.6011261616363051)
continue (3.5299999999999674 -22.5988002218926312)
continue (3.5399999999999672 -22.6041945236577746)
continue (3.5499999999999670 -22.6169847961186790)
continue (3.5599999999999667 -22.5217853948291697)
continue (3.5600000000000001 -22.5217853948291769)
continue (3.5699999999999665 -22.5242638846629006)
continue (3.5799999999999663 -22.5297730812757351)
continue (3.5899999999999661 -22.5235469012986158)
continue (3.5999999999999659 -22.5447171433063787)
continue (3.6099999999999657 -22.5608603230278462)
continue (3.6199999999999655 -22.5641778030004403)
continue (3.6299999999999653 -22.5713337797519422)
continue (3.6399999999999650 -22.5827500328195434)
continue (3.6499999999999648 -22.6048344441623783)
continue (3.6599999999999646 -22.6083312713925402)
continue (3.6699999999999644 -22.6119441178460860)
continue (3.6799999999999642 -22.6200037577372122)
continue (3.6899999999999640 -22.6334153510134257)
continue (3.6999999999999638 -22.6600442321036581)
continue (3.7099999999999635 -22.6636961592205779)
continue (3.7199999999999633 -22.6675884782606154)
continue (3.7299999999999631 -22.6688547415354620)
continue (3.7399999999999629 -22.6926486770196583)
continue (3.7499999999999627 -22.7064762955281800)
continue (3.7500000000000000 -22.7064762955282013)
continue (3.7599999999999625 -22.6495601174056098)
continue (3.7699999999999623 -22.6544677622258703)
continue (3.7799999999999621 -22.6558065300815876)
continue (3.7899999999999618 -22.6956187855259337)
continue (3.7999999999999616 -22.7031505516374423)
continue (3.8099999999999614 -22.7097635623597753)
continue (3.8199999999999612 -22.7160988881179655)
continue (3.8299999999999610 -22.7223076789507061)
continue (3.8399999999999608 -22.6980987321217604)
continue (3.8399999999999999 -22.6980987321217889)
continue (3.8499999999999606 -22.7209905766268250)
continue (3.8599999999999604 -22.7296945579896885)
continue (3.8699999999999601 -22.7379147701969551)
continue (3.8799999999999599 -22.7459427573588790)
continue (3.8899999999999597 -22.7265934784155483)
continue (3.8900000000000001 -22.7265934784155839)
continue (3.8999999999999595 -22.7562764499102421)
continue (3.9099999999999593 -22.7676995077556015)
continue (3.9199999999999591 -22.7784502614487643)
continue (3.9299999999999589 -22.7889141723567974)
continue (3.9399999999999586 -22.7990334105021013)
continue (3.9499999999999584 -22.8397153040940957)
continue (3.9599999999999582 -22.8547595196606466)
continue (3.9699999999999580 -22.8689633813066848)
continue (3.9799999999999578 -22.8826268716658916)
continue (3.9899999999999576 -22.8961327236662875)
continue (4.0099999999999998 -22.9675493244579698)
continue (4.5099999999999998 -23.4420328843417387)
continue (5.0099999999999998 -23.4967968852877291)
continue (5.5099999999999998 -23.5198623447251443)
continue (6.0099999999999998 -23.5441801755958835)
continue (6.5099999999999998 -23.5628211899074991)
continue (7.0099999999999998 -23.5804489752218380)
continue (7.5099999999999998 -23.5959217414056006)
continue (8.0099999999999998 -23.6080906034717337)
continue (8.5099999999999998 -23.6181119391469103)
continue (9.0099999999999998 -23.6248663244932615)
continue (9.5099999999999998 -23.6296871103486694)
continue (10.0000000000000000 -23.6322907499771730)
continue (10.0099999999999998 -23.6323272681824754)
continue (15.0000000000000000 -23.6430588307283216)
continue (20.0000000000000000 -23.6628295365508947)
continue (25.0000000000000000 -23.7058547672576019)
continue (30.0000000000000000 -23.7635199075816637)
continue (35.0000000000000000 -23.8254948901240375)
continue (40.0000000000000000 -23.8860521151537100)
continue (45.0000000000000000 -23.9424771997562686)
continue (50.0000000000000000 -23.9933383989485911)
continue (55.0000000000000000 -24.0376020847232326)
continue (60.0000000000000000 -24.0743576937832167)
continue (65.0000000000000000 -24.1031918885508496)
continue (70.0000000000000000 -24.1251318862886421)
continue (75.0000000000000000 -24.1415314044838638)
continue (80.0000000000000000 -24.1536842205835001)
continue (85.0000000000000000 -24.1627689869825559)
continue (90.0000000000000000 -24.1697997308812269)
continue (95.0000000000000000 -24.1756444348668786)
continue (100.0000000000000000 -24.1810030331844033)
continue (110.0000000000000000 -24.1912067244831128)
continue (120.0000000000000000 -24.2007929798421166)
continue (130.0000000000000000 -24.2098088321708005)
continue (140.0000000000000000 -24.2183090490904753)
continue (150.0000000000000000 -24.2263455747586249)
continue (160.0000000000000000 -24.2339661596436393)
continue (170.0000000000000000 -24.2412131299269831)
continue (180.0000000000000000 -24.2481238887793324)
continue (190.0000000000000000 -24.2547306122963278)
continue (200.0000000000000000 -24.2610620299130666)
continue (210.0000000000000000 -24.2671429756406170)
continue (220.0000000000000000 -24.2729956388385517)
continue (230.0000000000000000 -24.2786390774691263)
continue (240.0000000000000000 -24.2840906860010541)
continue (250.0000000000000000 -24.2893643206979029)
continue (260.0000000000000000 -24.2944748816834277)
continue (270.0000000000000000 -24.2994328682517740)
continue (280.0000000000000000 -24.3042504330861249)
continue (290.0000000000000000 -24.3089361847040699)
continue (300.0000000000000000 -24.3134999369060694)
continue (310.0000000000000000 -24.3179484649680404)
continue (320.0000000000000000 -24.3222900237068842)
continue (330.0000000000000000 -24.3265298126280847)
continue (340.0000000000000000 -24.3306745297441687)
continue (350.0000000000000000 -24.3347301726683796)
continue (360.0000000000000000 -24.3387007830771616)
continue (370.0000000000000000 -24.3425910069661420)
continue (380.0000000000000000 -24.3464060051353179)
continue (390.0000000000000000 -24.3501482841747965)
continue (400.0000000000000000 -24.3538223803746376)
continue (410.0000000000000000 -24.3574317798431963)
continue (420.0000000000000000 -24.3609793087422233)
continue (430.0000000000000000 -24.3644678511442869)
continue (440.0000000000000000 -24.3678999954329498)
continue (450.0000000000000000 -24.3712782657658984)
continue (460.0000000000000000 -24.3746051123042946)
continue (470.0000000000000000 -24.3778827353710028)
continue (480.0000000000000000 -24.3811134404915606)
continue (490.0000000000000000 -24.3842991022105053)
continue (500.0000000000000000 -24.3874408313170541)
continue (510.0000000000000000 -24.3905406844632324)
continue (520.0000000000000000 -24.3936010379700505)
continue (530.0000000000000000 -24.3966225262207033)
continue (540.0000000000000000 -24.3996060977817315)
continue (550.0000000000000000 -24.4025551568695498)
continue (560.0000000000000000 -24.4054688241365980)
continue (570.0000000000000000 -24.4083498100092555)
continue (580.0000000000000000 -24.4111979180826530)
continue (590.0000000000000000 -24.4140155190770578)
continue (600.0000000000000000 -24.4168029329672258)
continue (610.0000000000000000 -24.4195617299271142)
continue (620.0000000000000000 -24.4222914204731048)
continue (630.0000000000000000 -24.4249952810791164)
continue (640.0000000000000000 -24.4276720357474915)
continue (650.0000000000000000 -24.4303227745871574)
continue (660.0000000000000000 -24.4329499662412459)
continue (670.0000000000000000 -24.4355524370373658)
continue (680.0000000000000000 -24.4381310304578534)
continue (690.0000000000000000 -24.4406881519436077)
continue (700.0000000000000000 -24.4432230087880100)
continue (710.0000000000000000 -24.4457357695143749)
continue (720.0000000000000000 -24.4482283886950533)
continue (730.0000000000000000 -24.4507005687735059)
continue (740.0000000000000000 -24.4531537640391505)
continue (750.0000000000000000 -24.4555873726164563)
continue (760.0000000000000000 -24.4580019476228507)
continue (770.0000000000000000 -24.4603989237825807)
continue (780.0000000000000000 -24.4627774760224632)
continue (790.0000000000000000 -24.4651396824868428)
continue (800.0000000000000000 -24.4674846171339446)
continue (810.0000000000000000 -24.4698136853440786)
continue (820.0000000000000000 -24.4721264921392141)
continue (830.0000000000000000 -24.4744238473253404)
continue (840.0000000000000000 -24.4767059359308057)
continue (850.0000000000000000 -24.4789730011051923)
continue (860.0000000000000000 -24.4812256456203379)
continue (870.0000000000000000 -24.4834639560601630)
continue (880.0000000000000000 -24.4856885522352705)
continue (890.0000000000000000 -24.4878994485001940)
continue (900.0000000000000000 -24.4900971737885769)
continue (910.0000000000000000 -24.4922817830132260)
continue (920.0000000000000000 -24.4944536765524781)
continue (930.0000000000000000 -24.4966133143449269)
continue (940.0000000000000000 -24.4987605019443606)
continue (950.0000000000000000 -24.5008963115704397)
continue (960.0000000000000000 -24.5030199911638036)
continue (970.0000000000000000 -24.5051331023730228)
continue (980.0000000000000000 -24.5072342575254893)
continue (990.0000000000000000 -24.5093252230855718)
continue (1000.0000000000000000 -24.5114050206710630)
continue (1200.0000000000000000 -24.5510326790856581)
continue (1400.0000000000000000 -24.5876866767236244)
continue (1600.0000000000000000 -24.6221543285828766)
continue (1800.0000000000000000 -24.6549435630678673)
continue (2000.0000000000000000 -24.6864004714664560)
continue (2200.0000000000000000 -24.7167735411989362)
continue (2400.0000000000000000 -24.7462474915902817)
continue (2600.0000000000000000 -24.7749580741562134)
continue (2800.0000000000000000 -24.8030132998817407)
continue (3000.0000000000000000 -24.8305005784439992)
continue (3200.0000000000000000 -24.8574881669311196)
continue (3400.0000000000000000 -24.8840265419060884)
continue (3600.0000000000000000 -24.9101647924549781)
continue (3800.0000000000000000 -24.9359319573543061)
continue (4000.0000000000000000 -24.9613503548479194)
continue (4200.0000000000000000 -24.9864436155581018)
continue (4400.0000000000000000 -25.0112173734607310)
continue (4600.0000000000000000 -25.0356725348782199)
continue (4800.0000000000000000 -25.0598074014505308)
continue (5000.0000000000000000 -25.0836099957369605)
continue (5200.0000000000000000 -25.1070601186830196)
continue (5400.0000000000000000 -25.1301315243776955)
continue (5600.0000000000000000 -25.1528111111359394)
continue (5800.0000000000000000 -25.1750708300618058)
continue (6000.0000000000000000 -25.1968992154286369)
continue (6200.0000000000000000 -25.2182797215916104)
continue (6400.0000000000000000 -25.2392143994169054)
continue (6600.0000000000000000 -25.2596840631050021)
continue (6800.0000000000000000 -25.2796822124322311)
continue (7000.0000000000000000 -25.2992283412476731)
continue (7200.0000000000000000 -25.3182996011130790)
continue (7400.0000000000000000 -25.3369170386873499)
continue (7600.0000000000000000 -25.3550737166917877)
continue (7800.0000000000000000 -25.3727828543673795)
continue (8000.0000000000000000 -25.3900611951217812)
continue (8200.0000000000000000 -25.4069189443255894)
continue (8400.0000000000000000 -25.4233681969471093)
continue (8600.0000000000000000 -25.4394239982463546)
continue (8800.0000000000000000 -25.4551065995426278)
continue (9000.0000000000000000 -25.4704327494377907)
continue (9200.0000000000000000 -25.4854164952615712)
continue (9400.0000000000000000 -25.5000745078271507)
continue (9600.0000000000000000 -25.5144228756144749)
continue (9800.0000000000000000 -25.5284760967012403)
continue (10000.0000000000000000 -25.5422450313431035)
continue (10200.0000000000000000 -25.5557314688526986)
continue (10400.0000000000000000 -25.5689555661394685)
continue (10600.0000000000000000 -25.5819277103944813)
continue (10800.0000000000000000 -25.5946473044820841)
continue (11000.0000000000000000 -25.6071358074867312)
continue (11500.0000000000000000 -25.6373829424716249)
continue (12000.0000000000000000 -25.6663284128675961)
continue (12500.0000000000000000 -25.6940756421181575)
continue (13000.0000000000000000 -25.7207240657707175)
continue (13500.0000000000000000 -25.7463564828280198)
continue (14000.0000000000000000 -25.7710452613362619)
continue (14500.0000000000000000 -25.7948511438974286)
continue (15000.0000000000000000 -25.8178509983459605)
continue (15500.0000000000000000 -25.8400813430513097)
continue (16000.0000000000000000 -25.8615977216122950)
continue (16500.0000000000000000 -25.8824409493269130)
continue (17000.0000000000000000 -25.9026591185541655)
continue (17500.0000000000000000 -25.9222760858127792)
continue (18000.0000000000000000 -25.9413445445894943)
continue (18500.0000000000000000 -25.9598745532760873)
continue (19000.0000000000000000 -25.9779069804023273)
continue (19500.0000000000000000 -25.9954660300057121)
continue (20000.0000000000000000 -26.0125682716091440)
continue (20500.0000000000000000 -26.0292440651933461)
continue (21000.0000000000000000 -26.0455137315509049)
continue (21500.0000000000000000 -26.0613959299626998)
continue (22000.0000000000000000 -26.0769075799040237)
continue (22500.0000000000000000 -26.0920654138078412)
continue (23000.0000000000000000 -26.1068861345799412)
continue (23500.0000000000000000 -26.1213845089246064)
continue (24000.0000000000000000 -26.1355750926578771)
continue (24500.0000000000000000 -26.1494643614844620)
continue (25000.0000000000000000 -26.1630657517509952)
continue (25500.0000000000000000 -26.1763996463372557)
continue (26000.0000000000000000 -26.1894689191928549)
continue (26500.0000000000000000 -26.2022780965730462)
continue (27000.0000000000000000 -26.2148504587072146)
continue (27500.0000000000000000 -26.2271929108901602)
continue (28000.0000000000000000 -26.2393018723002065)
continue (28500.0000000000000000 -26.2511983627268926)
continue (29000.0000000000000000 -26.2628742338264622)
continue (29500.0000000000000000 -26.2743618948506743)
continue (30000.0000000000000000 -26.2856432449437492)
continue (30500.0000000000000000 -26.2967404697048934)
continue (31000.0000000000000000 -26.3076459203580448)
continue (31500.0000000000000000 -26.3183811217155892)
continue (32000.0000000000000000 -26.3289460988202642)
continue (32500.0000000000000000 -26.3393336628046271)
continue (33000.0000000000000000 -26.3495712488800500)
continue (33500.0000000000000000 -26.3596508149495534)
continue (34000.0000000000000000 -26.3695698931007314)
continue (34500.0000000000000000 -26.3793486080303801)
continue (35000.0000000000000000 -26.3889854338382825)
continue (35500.0000000000000000 -26.3984810350646022)
continue (36000.0000000000000000 -26.4078413021785465)
continue (36500.0000000000000000 -26.4170620622267869)
continue (37000.0000000000000000 -26.4261660426510367)
continue (37500.0000000000000000 -26.4351441035042072)
continue (38000.0000000000000000 -26.4440004207330013)
continue (38500.0000000000000000 -26.4527370294340756)
continue (39000.0000000000000000 -26.4613546798710679)
continue (39500.0000000000000000 -26.4698679361615739)
continue (40000.0000000000000000 -26.4782628634605928)
continue (40500.0000000000000000 -26.4865611505933458)
continue (41000.0000000000000000 -26.4947489873839892)
continue (41500.0000000000000000 -26.5028413319247136)
continue (42000.0000000000000000 -26.5108302233684405)
continue (42500.0000000000000000 -26.5187272359859243)
continue (43000.0000000000000000 -26.5265258288574159)
continue (43500.0000000000000000 -26.5342361157254771)
continue (44000.0000000000000000 -26.5418524396587259)
continue (44500.0000000000000000 -26.5493846910623219)
continue (45000.0000000000000000 -26.5568268209251315)
continue (45500.0000000000000000 -26.5641896947309561)
continue (46000.0000000000000000 -26.5714656487794656)
continue (46500.0000000000000000 -26.5786671672756007)
continue (47000.0000000000000000 -26.5857833107725305)
continue (47500.0000000000000000 -26.5928319833527418)
continue (48000.0000000000000000 -26.5997963015521748)
continue (48500.0000000000000000 -26.6066950995888014)
continue (49000.0000000000000000 -26.6135165663285598)
continue (49500.0000000000000000 -26.6202686135028479)
continue (50000.0000000000000000 -26.6269483325184773)
continue (50500.0000000000000000 -26.6335582209594399)
continue (51000.0000000000000000 -26.6401074486520919)
continue (51500.0000000000000000 -26.6465865492254963)
continue (52000.0000000000000000 -26.6530115576153825)
continue (52500.0000000000000000 -26.6593663270056780)
continue (53000.0000000000000000 -26.6656606976386250)
continue (53500.0000000000000000 -26.6718908278830646)
continue (54000.0000000000000000 -26.6780610897350172)
continue (54500.0000000000000000 -26.6841839183101648)
continue (55000.0000000000000000 -26.6902424654440402)
continue (55500.0000000000000000 -26.6962463761827209)
continue (56000.0000000000000000 -26.7021904745212133)
continue (56500.0000000000000000 -26.7080807559720625)
continue (57000.0000000000000000 -26.7139286984395170)
continue (57500.0000000000000000 -26.7197172650126582)
continue (58000.0000000000000000 -26.7254496866894975)
continue (58500.0000000000000000 -26.7311389506827908)
continue (59000.0000000000000000 -26.7367755943693055)
continue (59500.0000000000000000 -26.7423685997729308)
continue (60000.0000000000000000 -26.7479053044554469)
continue (60500.0000000000000000 -26.7533964502057309)
continue (61000.0000000000000000 -26.7588505483836911)
continue (61500.0000000000000000 -26.7642509711038166)
continue (62000.0000000000000000 -26.7696031711530225)
continue (62500.0000000000000000 -26.7749237483937534)
continue (63000.0000000000000000 -26.7801936369949729)
continue (63500.0000000000000000 -26.7854148019492406)
continue (64000.0000000000000000 -26.7906069073084652)
continue (64500.0000000000000000 -26.7957509207174382)
continue (65000.0000000000000000 -26.8008481863095298)
continue (65500.0000000000000000 -26.8059181750272444)
continue (66000.0000000000000000 -26.8109420252243318)
continue (66500.0000000000000000 -26.8159210127210734)
continue (67000.0000000000000000 -26.8208745180540475)
continue (67500.0000000000000000 -26.8257834562801314)
continue (68000.0000000000000000 -26.8306489723465234)
continue (68500.0000000000000000 -26.8354915709310191)
continue (69000.0000000000000000 -26.8402894531258340)
continue (69500.0000000000000000 -26.8450485503442842)
continue (70000.0000000000000000 -26.8497850043041204)
continue (70500.0000000000000000 -26.8544759330155252)
continue (71000.0000000000000000 -26.8591353324705011)
continue (71500.0000000000000000 -26.8637677070997150)
continue (72000.0000000000000000 -26.8683584097078239)
continue (72500.0000000000000000 -26.8729225866260357)
continue (73000.0000000000000000 -26.8774473567474885)
continue (73500.0000000000000000 -26.8819507140160034)
continue (74000.0000000000000000 -26.8864165347185242)
continue (74500.0000000000000000 -26.8908455933929957)
continue (75245.0000000000000000 -50.0000000000000000)
continue (7354000.0000000000000000 -50.0000000000000000)
f(nu) = -20.1214616405730169 at 1.0000000000000000 Ryd
