# Faucher-Giguere 2019 
# z = 3.466836
# E [Ryd] log (J_nu)
interpolate (0.0000000100100000 -50.0000000000000000)
continue (0.0990000000000000 -50.0000000000000000)
continue (0.1000000000000000 -19.1532747361003075)
continue (0.1500000000000000 -19.1760580770384408)
continue (0.2000000000000000 -19.2033370996917050)
continue (0.2500000000000001 -19.2891194515844475)
continue (0.3000000000000000 -19.2645101382688928)
continue (0.3500000000000001 -19.2414692661267601)
continue (0.4000000000000001 -19.2131398692209565)
continue (0.4500000000000001 -19.2114911960033332)
continue (0.5000000000000001 -19.2100024640568812)
continue (0.5500000000000002 -19.2224034365995067)
continue (0.6000000000000002 -19.2225522372962345)
continue (0.6500000000000001 -19.2362999068523735)
continue (0.7000000000000002 -19.2612751126311252)
continue (0.7500000000000002 -19.4657043338347364)
continue (0.8000000000000002 -19.5342643007418140)
continue (0.8500000000000002 -19.6468399643489846)
continue (0.9000000000000002 -19.8621437603454787)
continue (0.9500000000000003 -20.2136147460093731)
continue (1.0100000000000000 -21.5055382491633509)
continue (1.0600000000000001 -21.5935830706350593)
continue (1.1100000000000001 -21.6185835596603120)
continue (1.1600000000000001 -21.7292120027223810)
continue (1.2100000000000002 -21.7023963292810080)
continue (1.2600000000000002 -21.7133807352063428)
continue (1.3100000000000003 -21.7778365750287222)
continue (1.3600000000000003 -21.7973203503937789)
continue (1.4100000000000004 -21.8215696918083353)
continue (1.4600000000000004 -21.8763450988504253)
continue (1.5100000000000005 -21.8719502796381029)
continue (1.5600000000000005 -21.8788031776457856)
continue (1.6100000000000005 -21.9213177365119236)
continue (1.6600000000000006 -21.9564873174386612)
continue (1.7100000000000006 -21.9077616045936523)
continue (1.7600000000000007 -21.9241743943154361)
continue (1.8100000000000007 -21.9561692642988362)
continue (1.8600000000000008 -21.9826820967258314)
continue (1.9100000000000008 -21.9741645263639676)
continue (1.9600000000000009 -21.9983489521478823)
continue (2.0000000000000000 -22.0559139037663421)
continue (2.0099999999999998 -22.0372831902349624)
continue (2.0199999999999996 -22.0679880499944829)
continue (2.0299999999999994 -22.0505898293363991)
continue (2.0399999999999991 -22.0763149177666733)
continue (2.0499999999999989 -22.0630179704945846)
continue (2.0599999999999987 -22.0752378347681066)
continue (2.0699999999999985 -22.0742049870034549)
continue (2.0799999999999983 -22.0855195369976904)
continue (2.0899999999999981 -22.0939594678853943)
continue (2.0999999999999979 -22.1100619782140910)
continue (2.1099999999999977 -22.1168522920256372)
continue (2.1199999999999974 -22.1306858202848886)
continue (2.1299999999999972 -22.1299105422008715)
continue (2.1399999999999970 -22.1320342236856931)
continue (2.1499999999999968 -22.1410238246038489)
continue (2.1599999999999966 -22.1295140677747959)
continue (2.1699999999999964 -22.1813916408910643)
continue (2.1799999999999962 -22.1540544671539692)
continue (2.1899999999999959 -22.1770075264599846)
continue (2.1999999999999957 -22.1737997577279273)
continue (2.2099999999999955 -22.1692659532486509)
continue (2.2199999999999953 -22.1993773337559617)
continue (2.2299999999999951 -22.1893731396821039)
continue (2.2399999999999949 -22.2124583480653293)
continue (2.2499999999999947 -22.2169672652246710)
continue (2.2599999999999945 -22.2089875160289765)
continue (2.2699999999999942 -22.2422512601760545)
continue (2.2799999999999940 -22.2383233453668758)
continue (2.2899999999999938 -22.2561586805383023)
continue (2.2999999999999936 -22.2542611162822617)
continue (2.3099999999999934 -22.2558022603602303)
continue (2.3199999999999932 -22.2722991226746920)
continue (2.3299999999999930 -22.2683092204988355)
continue (2.3399999999999928 -22.2675695695091562)
continue (2.3499999999999925 -22.2675561553640229)
continue (2.3599999999999923 -22.2643204733388984)
continue (2.3699999999999921 -22.2672340717376969)
continue (2.3799999999999919 -22.2565671099743660)
continue (2.3899999999999917 -22.2561460610555315)
continue (2.3999999999999915 -22.2524973897687701)
continue (2.4099999999999913 -22.2485390934782501)
continue (2.4199999999999910 -22.2495170091442311)
continue (2.4299999999999908 -22.2390490313532325)
continue (2.4399999999999906 -22.2447707886605066)
continue (2.4499999999999904 -22.2409929042762613)
continue (2.4599999999999902 -22.2345877669161673)
continue (2.4699999999999900 -22.2422754465728012)
continue (2.4799999999999898 -22.2395241893390754)
continue (2.4899999999999896 -22.2458983498614025)
continue (2.4999999999999893 -22.2421147587376460)
continue (2.5099999999999891 -22.2424142177158224)
continue (2.5199999999999889 -22.2269825990006424)
continue (2.5299999999999887 -22.2223488365298856)
continue (2.5399999999999885 -22.2177117321138731)
continue (2.5499999999999883 -22.2099025407917239)
continue (2.5599999999999881 -22.2069272387916463)
continue (2.5699999999999878 -22.2033476469723929)
continue (2.5799999999999876 -22.1903057749202226)
continue (2.5899999999999874 -22.1841427136655547)
continue (2.5999999999999872 -22.1817197717686199)
continue (2.6099999999999870 -22.1686011060446546)
continue (2.6199999999999868 -22.1652976335075564)
continue (2.6299999999999866 -22.1517967144326597)
continue (2.6399999999999864 -22.1488002308029870)
continue (2.6499999999999861 -22.1407090358555045)
continue (2.6599999999999859 -22.1248937640482666)
continue (2.6699999999999857 -22.1088745166075604)
continue (2.6799999999999855 -22.1036047097952739)
continue (2.6899999999999853 -22.0945487438008286)
continue (2.6999999999999851 -22.0869963263580651)
continue (2.7099999999999849 -22.0796671243437572)
continue (2.7199999999999847 -22.0697900527106192)
continue (2.7299999999999844 -22.0565499951005002)
continue (2.7399999999999842 -22.0391287801216507)
continue (2.7499999999999840 -22.0261649330877134)
continue (2.7599999999999838 -22.0155814792487448)
continue (2.7699999999999836 -21.9995526310537137)
continue (2.7799999999999834 -21.9698930170095466)
continue (2.7899999999999832 -21.9688829227988975)
continue (2.7999999999999829 -21.9626123721353750)
continue (2.8099999999999827 -21.9336363348294761)
continue (2.8199999999999825 -21.9225099022805558)
continue (2.8299999999999823 -21.9205271966003856)
continue (2.8399999999999821 -21.8939360871704984)
continue (2.8499999999999819 -21.8747371713845631)
continue (2.8599999999999817 -21.8708538376968953)
continue (2.8699999999999815 -21.8450088996481995)
continue (2.8799999999999812 -21.8260007822297588)
continue (2.8899999999999810 -21.8191650488301114)
continue (2.8999999999999808 -21.8138810766128124)
continue (2.9099999999999806 -21.7738307479574402)
continue (2.9199999999999804 -21.7657791382341266)
continue (2.9299999999999802 -21.7606568741890811)
continue (2.9399999999999800 -21.7201523698408501)
continue (2.9499999999999797 -21.7099483532015078)
continue (2.9599999999999795 -21.7068110743954819)
continue (2.9699999999999793 -21.6670048272831934)
continue (2.9799999999999791 -21.6569208386450391)
continue (2.9899999999999789 -21.6523772844953903)
continue (2.9999999999999787 -21.6464154592145128)
continue (3.0099999999999785 -22.5080896712305858)
continue (3.0199999999999783 -22.5181983903096814)
continue (3.0299999999999780 -22.5300994325746302)
continue (3.0399999999999778 -22.5289967109940186)
continue (3.0499999999999776 -22.5183958027918791)
continue (3.0599999999999774 -22.5403786958842858)
continue (3.0699999999999772 -22.5472239618157211)
continue (3.0799999999999770 -22.5483205718442861)
continue (3.0899999999999768 -22.5513063078673142)
continue (3.0999999999999766 -22.5583847289852848)
continue (3.1099999999999763 -22.5582522328654207)
continue (3.1199999999999761 -22.5595485560060993)
continue (3.1299999999999759 -22.5649332178920012)
continue (3.1399999999999757 -22.5662666872529805)
continue (3.1499999999999755 -22.5695826062586278)
continue (3.1599999999999753 -22.5660798632214430)
continue (3.1699999999999751 -22.5754848462054412)
continue (3.1799999999999748 -22.5802614619987239)
continue (3.1899999999999746 -22.5808723694826199)
continue (3.1999999999999744 -22.5898011487693609)
continue (3.2099999999999742 -22.6011758844919299)
continue (3.2199999999999740 -22.5989120921203259)
continue (3.2299999999999738 -22.6075598951461174)
continue (3.2399999999999736 -22.6213419163201976)
continue (3.2499999999999734 -22.6239504191251903)
continue (3.2599999999999731 -22.6326285704973991)
continue (3.2699999999999729 -22.6336051960948978)
continue (3.2799999999999727 -22.6452340173404423)
continue (3.2899999999999725 -22.6440992669449166)
continue (3.2999999999999723 -22.6487158815541676)
continue (3.3099999999999721 -22.6603768446531930)
continue (3.3199999999999719 -22.6711943258092532)
continue (3.3299999999999716 -22.6886219078867022)
continue (3.3399999999999714 -22.6907258238574094)
continue (3.3499999999999712 -22.7024478866571471)
continue (3.3599999999999710 -22.7170729864234424)
continue (3.3699999999999708 -22.7393638571002548)
continue (3.3799999999999706 -22.7461406087769120)
continue (3.3899999999999704 -22.7540277631043324)
continue (3.3999999999999702 -22.7606345193492992)
continue (3.4099999999999699 -22.7983589047777357)
continue (3.4199999999999697 -22.7995163330212591)
continue (3.4299999999999695 -22.8112474324367440)
continue (3.4399999999999693 -22.8472858975026867)
continue (3.4499999999999691 -22.8611529931191093)
continue (3.4599999999999689 -22.8666556573155653)
continue (3.4699999999999687 -22.8790622239466011)
continue (3.4799999999999685 -22.9509957464354031)
continue (3.4899999999999682 -22.9489943242949330)
continue (3.4999999999999680 -22.9580127107409702)
continue (3.5099999999999678 -22.9708334404828953)
continue (3.5199999999999676 -23.0691972192935104)
continue (3.5299999999999674 -23.0497189847065620)
continue (3.5399999999999672 -23.0654761721518327)
continue (3.5499999999999670 -23.0941688570315584)
continue (3.5599999999999667 -22.8047981605418677)
continue (3.5600000000000001 -22.8047981605418677)
continue (3.5699999999999665 -22.8091754042287143)
continue (3.5799999999999663 -22.8106180011826112)
continue (3.5899999999999661 -22.8277910703017675)
continue (3.5999999999999659 -22.8478700203083740)
continue (3.6099999999999657 -22.8564906116168416)
continue (3.6199999999999655 -22.8614705737218813)
continue (3.6299999999999653 -22.8887823008917373)
continue (3.6399999999999650 -22.9107457077548560)
continue (3.6499999999999648 -22.9207109374558620)
continue (3.6599999999999646 -22.9256368294587283)
continue (3.6699999999999644 -22.9599253883040824)
continue (3.6799999999999642 -22.9922301527222182)
continue (3.6899999999999640 -23.0023496575111324)
continue (3.6999999999999638 -23.0049553491736702)
continue (3.7099999999999635 -23.0756724900202848)
continue (3.7199999999999633 -23.1046141207253335)
continue (3.7299999999999631 -23.1080943085848673)
continue (3.7399999999999629 -23.1102885575223915)
continue (3.7499999999999627 -23.1218878169706308)
continue (3.7500000000000000 -23.0529880048409659)
continue (3.7599999999999625 -22.9807218667958004)
continue (3.7699999999999623 -22.9966595037394335)
continue (3.7799999999999621 -22.9992561947976775)
continue (3.7899999999999618 -23.0160170847914607)
continue (3.7999999999999616 -23.0719274947152115)
continue (3.8099999999999614 -23.0960217133777270)
continue (3.8199999999999612 -23.0986086988126225)
continue (3.8299999999999610 -23.1190947350269909)
continue (3.8399999999999608 -23.1309615470875762)
continue (3.8399999999999999 -23.0847036194369828)
continue (3.8499999999999606 -23.0478401569576015)
continue (3.8599999999999604 -23.0520505903343320)
continue (3.8699999999999601 -23.0858183051612400)
continue (3.8799999999999599 -23.1069044246745428)
continue (3.8899999999999597 -23.0195505495098658)
continue (3.8900000000000001 -23.0195505495098871)
continue (3.8999999999999595 -23.0257623238127032)
continue (3.9099999999999593 -23.0319704207938294)
continue (3.9199999999999591 -23.1119987044252859)
continue (3.9299999999999589 -23.1196093902530038)
continue (3.9399999999999586 -23.1272347880568603)
continue (3.9499999999999584 -23.1351801709202185)
continue (3.9599999999999582 -23.2555711860975087)
continue (3.9699999999999580 -23.2669743681989623)
continue (3.9799999999999578 -23.2774873514094409)
continue (3.9899999999999576 -23.2892043380234988)
continue (4.0099999999999998 -23.5276089776217106)
continue (4.5099999999999998 -24.0462285339383151)
continue (5.0099999999999998 -24.1025104471452529)
continue (5.5099999999999998 -24.1184498697704441)
continue (6.0099999999999998 -24.1402055692952580)
continue (6.5099999999999998 -24.1519205287634300)
continue (7.0099999999999998 -24.1632156473946331)
continue (7.5099999999999998 -24.1722314760971102)
continue (8.0099999999999998 -24.1777103056249452)
continue (8.5099999999999998 -24.1813255605740665)
continue (9.0099999999999998 -24.1814307272275855)
continue (9.5099999999999998 -24.1799958986281318)
continue (10.0000000000000000 -24.1765952374609121)
continue (10.0099999999999998 -24.1765086595248349)
continue (15.0000000000000000 -24.0998626348333964)
continue (20.0000000000000000 -24.0684137968802823)
continue (25.0000000000000000 -24.0741220884138301)
continue (30.0000000000000000 -24.1007646398660746)
continue (35.0000000000000000 -24.1404431830933142)
continue (40.0000000000000000 -24.1859738600302805)
continue (45.0000000000000000 -24.2327254513268038)
continue (50.0000000000000000 -24.2779328833615793)
continue (55.0000000000000000 -24.3195965338318842)
continue (60.0000000000000000 -24.3558219507147591)
continue (65.0000000000000000 -24.3850423955951250)
continue (70.0000000000000000 -24.4076510616475062)
continue (75.0000000000000000 -24.4246742009906939)
continue (80.0000000000000000 -24.4372046599436281)
continue (85.0000000000000000 -24.4463241207942055)
continue (90.0000000000000000 -24.4530769170320461)
continue (95.0000000000000000 -24.4584437463083866)
continue (100.0000000000000000 -24.4633113036454581)
continue (110.0000000000000000 -24.4727713294457061)
continue (120.0000000000000000 -24.4818333809214792)
continue (130.0000000000000000 -24.4904668111104975)
continue (140.0000000000000000 -24.4986777020622313)
continue (150.0000000000000000 -24.5064876769611715)
continue (160.0000000000000000 -24.5139253191222295)
continue (170.0000000000000000 -24.5210211970002234)
continue (180.0000000000000000 -24.5278038774063027)
continue (190.0000000000000000 -24.5342993708092791)
continue (200.0000000000000000 -24.5405325135311934)
continue (210.0000000000000000 -24.5465250756929620)
continue (220.0000000000000000 -24.5522964386678844)
continue (230.0000000000000000 -24.5578645472377879)
continue (240.0000000000000000 -24.5632445526261236)
continue (250.0000000000000000 -24.5684519293838157)
continue (260.0000000000000000 -24.5734979693902282)
continue (270.0000000000000000 -24.5783951231021902)
continue (280.0000000000000000 -24.5831533433834224)
continue (290.0000000000000000 -24.5877813098527156)
continue (300.0000000000000000 -24.5922886357924462)
continue (310.0000000000000000 -24.5966817842800829)
continue (320.0000000000000000 -24.6009684702546707)
continue (330.0000000000000000 -24.6051550478360248)
continue (340.0000000000000000 -24.6092474895720486)
continue (350.0000000000000000 -24.6132503430051131)
continue (360.0000000000000000 -24.6171699872359184)
continue (370.0000000000000000 -24.6210088969326648)
continue (380.0000000000000000 -24.6247725210470776)
continue (390.0000000000000000 -24.6284650987365694)
continue (400.0000000000000000 -24.6320895551103582)
continue (410.0000000000000000 -24.6356489989837044)
continue (420.0000000000000000 -24.6391468687859856)
continue (430.0000000000000000 -24.6425859636990374)
continue (440.0000000000000000 -24.6459690028744660)
continue (450.0000000000000000 -24.6492984775308912)
continue (460.0000000000000000 -24.6525766711589682)
continue (470.0000000000000000 -24.6558058398447173)
continue (480.0000000000000000 -24.6589877533564703)
continue (490.0000000000000000 -24.6621242889921852)
continue (500.0000000000000000 -24.6652179295075022)
continue (510.0000000000000000 -24.6682703748421837)
continue (520.0000000000000000 -24.6712823284255478)
continue (530.0000000000000000 -24.6742552808962650)
continue (540.0000000000000000 -24.6771919463912610)
continue (550.0000000000000000 -24.6800922203683797)
continue (560.0000000000000000 -24.6829587335804739)
continue (570.0000000000000000 -24.6857919545495506)
continue (580.0000000000000000 -24.6885925481056425)
continue (590.0000000000000000 -24.6913624536829559)
continue (600.0000000000000000 -24.6941025814936275)
continue (610.0000000000000000 -24.6968135779088556)
continue (620.0000000000000000 -24.6994966664565503)
continue (630.0000000000000000 -24.7021521204463141)
continue (640.0000000000000000 -24.7047824129269529)
continue (650.0000000000000000 -24.7073860509215812)
continue (660.0000000000000000 -24.7099651472484219)
continue (670.0000000000000000 -24.7125212298500649)
continue (680.0000000000000000 -24.7150530952793019)
continue (690.0000000000000000 -24.7175624170822381)
continue (700.0000000000000000 -24.7200501838954807)
continue (710.0000000000000000 -24.7225166481821823)
continue (720.0000000000000000 -24.7249625954650796)
continue (730.0000000000000000 -24.7273875873481295)
continue (740.0000000000000000 -24.7297932048990461)
continue (750.0000000000000000 -24.7321801774990639)
continue (760.0000000000000000 -24.7345483058490885)
continue (770.0000000000000000 -24.7368991364379411)
continue (780.0000000000000000 -24.7392311350643581)
continue (790.0000000000000000 -24.7415465570974682)
continue (800.0000000000000000 -24.7438447420617607)
continue (810.0000000000000000 -24.7461268377642938)
continue (820.0000000000000000 -24.7483929914939225)
continue (830.0000000000000000 -24.7506435359377122)
continue (840.0000000000000000 -24.7528790790261262)
continue (850.0000000000000000 -24.7550996222341411)
continue (860.0000000000000000 -24.7573058975214053)
continue (870.0000000000000000 -24.7594977891355370)
continue (880.0000000000000000 -24.7616760828819693)
continue (890.0000000000000000 -24.7638406261557904)
continue (900.0000000000000000 -24.7659921674719534)
continue (910.0000000000000000 -24.7681306168414110)
continue (920.0000000000000000 -24.7702565955328602)
continue (930.0000000000000000 -24.7723701501446207)
continue (940.0000000000000000 -24.7744715869788337)
continue (950.0000000000000000 -24.7765614116960258)
continue (960.0000000000000000 -24.7786391924952163)
continue (970.0000000000000000 -24.7807061794738388)
continue (980.0000000000000000 -24.7827609942104701)
continue (990.0000000000000000 -24.7848055692017368)
continue (1000.0000000000000000 -24.7868388099286427)
continue (1200.0000000000000000 -24.8255533442867247)
continue (1400.0000000000000000 -24.8613065363404395)
continue (1600.0000000000000000 -24.8948826475819303)
continue (1800.0000000000000000 -24.9267922348652817)
continue (2000.0000000000000000 -24.9573805964707880)
continue (2200.0000000000000000 -24.9868958168919626)
continue (2400.0000000000000000 -25.0155190391401625)
continue (2600.0000000000000000 -25.0433914560107667)
continue (2800.0000000000000000 -25.0706206855514608)
continue (3000.0000000000000000 -25.0972900321219079)
continue (3200.0000000000000000 -25.1234681785162230)
continue (3400.0000000000000000 -25.1492150200227229)
continue (3600.0000000000000000 -25.1745753424176186)
continue (3800.0000000000000000 -25.1995822519392156)
continue (4000.0000000000000000 -25.2242751055902019)
continue (4200.0000000000000000 -25.2486697632880528)
continue (4400.0000000000000000 -25.2727850565118750)
continue (4600.0000000000000000 -25.2966297957012749)
continue (4800.0000000000000000 -25.3202041295104046)
continue (5000.0000000000000000 -25.3434998609950739)
continue (5200.0000000000000000 -25.3665075341065069)
continue (5400.0000000000000000 -25.3891943773869109)
continue (5600.0000000000000000 -25.4115374434887080)
continue (5800.0000000000000000 -25.4335136763363359)
continue (6000.0000000000000000 -25.4551057968994598)
continue (6200.0000000000000000 -25.4762961558173018)
continue (6400.0000000000000000 -25.4970739071804644)
continue (6600.0000000000000000 -25.5174170195775147)
continue (6800.0000000000000000 -25.5373363130566773)
continue (7000.0000000000000000 -25.5568117083951698)
continue (7200.0000000000000000 -25.5758503128826931)
continue (7400.0000000000000000 -25.5944339398712479)
continue (7600.0000000000000000 -25.6125839394923531)
continue (7800.0000000000000000 -25.6302978862375639)
continue (8000.0000000000000000 -25.6475761729115774)
continue (8200.0000000000000000 -25.6644341179185460)
continue (8400.0000000000000000 -25.6808856727028001)
continue (8600.0000000000000000 -25.6969465664317589)
continue (8800.0000000000000000 -25.7126345476878448)
continue (9000.0000000000000000 -25.7279665371144581)
continue (9200.0000000000000000 -25.7429589761545792)
continue (9400.0000000000000000 -25.7576268644508133)
continue (9600.0000000000000000 -25.7719836774225186)
continue (9800.0000000000000000 -25.7860383919084200)
continue (10000.0000000000000000 -25.7998031102038965)
continue (10200.0000000000000000 -25.8132993168663312)
continue (10400.0000000000000000 -25.8265357562687647)
continue (10600.0000000000000000 -25.8395043963869462)
continue (10800.0000000000000000 -25.8522325993419884)
continue (11000.0000000000000000 -25.8647291009621192)
continue (11500.0000000000000000 -25.8949814980711857)
continue (12000.0000000000000000 -25.9239352599892605)
continue (12500.0000000000000000 -25.9517048791336613)
continue (13000.0000000000000000 -25.9783558211550059)
continue (13500.0000000000000000 -26.0039961012576768)
continue (14000.0000000000000000 -26.0287031004441332)
continue (14500.0000000000000000 -26.0525214180471210)
continue (15000.0000000000000000 -26.0755290638205857)
continue (15500.0000000000000000 -26.0977620784303213)
continue (16000.0000000000000000 -26.1192897136597004)
continue (16500.0000000000000000 -26.1401514537504696)
continue (17000.0000000000000000 -26.1603697576009786)
continue (17500.0000000000000000 -26.1800042072989925)
continue (18000.0000000000000000 -26.1990756350362446)
continue (18500.0000000000000000 -26.2176227590315136)
continue (19000.0000000000000000 -26.2356564712456901)
continue (19500.0000000000000000 -26.2532204619641369)
continue (20000.0000000000000000 -26.2703386568480006)
continue (20500.0000000000000000 -26.2870281555024405)
continue (21000.0000000000000000 -26.3033064795733793)
continue (21500.0000000000000000 -26.3191963202363191)
continue (22000.0000000000000000 -26.3347162840412921)
continue (22500.0000000000000000 -26.3498829156599932)
continue (23000.0000000000000000 -26.3647114108370317)
continue (23500.0000000000000000 -26.3792129615165898)
continue (24000.0000000000000000 -26.3934041878219112)
continue (24500.0000000000000000 -26.4073019344404507)
continue (25000.0000000000000000 -26.4209189909063191)
continue (25500.0000000000000000 -26.4342627788104103)
continue (26000.0000000000000000 -26.4473303239882718)
continue (26500.0000000000000000 -26.4601534058228509)
continue (27000.0000000000000000 -26.4727347948512488)
continue (27500.0000000000000000 -26.4850745872754736)
continue (28000.0000000000000000 -26.4972018404710603)
continue (28500.0000000000000000 -26.5090957920781101)
continue (29000.0000000000000000 -26.5207889260519423)
continue (29500.0000000000000000 -26.5322711196509218)
continue (30000.0000000000000000 -26.5435713398436839)
continue (30500.0000000000000000 -26.5546649565174775)
continue (31000.0000000000000000 -26.5655864058205182)
continue (31500.0000000000000000 -26.5763246081977762)
continue (32000.0000000000000000 -26.5868925465234796)
continue (32500.0000000000000000 -26.5972962741731145)
continue (33000.0000000000000000 -26.6075332407953908)
continue (33500.0000000000000000 -26.6176164841035110)
continue (34000.0000000000000000 -26.6275505011894680)
continue (34500.0000000000000000 -26.6373345270842243)
continue (35000.0000000000000000 -26.6469704796447111)
continue (35500.0000000000000000 -26.6564701610297625)
continue (36000.0000000000000000 -26.6658460038379133)
continue (36500.0000000000000000 -26.6750755806956015)
continue (37000.0000000000000000 -26.6841805350618948)
continue (37500.0000000000000000 -26.6931603897522614)
continue (38000.0000000000000000 -26.7020194078529087)
continue (38500.0000000000000000 -26.7107668593325798)
continue (39000.0000000000000000 -26.7193934661988131)
continue (39500.0000000000000000 -26.7279164961699429)
continue (40000.0000000000000000 -26.7363183319569586)
continue (40500.0000000000000000 -26.7446209267162125)
continue (41000.0000000000000000 -26.7528136988493834)
continue (41500.0000000000000000 -26.7609099348431236)
continue (42000.0000000000000000 -26.7689048268604637)
continue (42500.0000000000000000 -26.7768049630030909)
continue (43000.0000000000000000 -26.7846101372689240)
continue (43500.0000000000000000 -26.7923243999948042)
continue (44000.0000000000000000 -26.7999479810831396)
continue (44500.0000000000000000 -26.8074848185501722)
continue (45000.0000000000000000 -26.8149349514295317)
continue (45500.0000000000000000 -26.8223029813361897)
continue (46000.0000000000000000 -26.8295860566868072)
continue (46500.0000000000000000 -26.8367936293614378)
continue (47000.0000000000000000 -26.8439166075494953)
continue (47500.0000000000000000 -26.8509696208016102)
continue (48000.0000000000000000 -26.8579367858753244)
continue (48500.0000000000000000 -26.8648376406297089)
continue (49000.0000000000000000 -26.8716588272408572)
continue (49500.0000000000000000 -26.8784166504075870)
continue (50000.0000000000000000 -26.8851030011766028)
continue (50500.0000000000000000 -26.8917237663231710)
continue (51000.0000000000000000 -26.8982803833990509)
continue (51500.0000000000000000 -26.9047661283916675)
continue (52000.0000000000000000 -26.9111910999061834)
continue (52500.0000000000000000 -26.9175440357273388)
continue (53000.0000000000000000 -26.9238441961716326)
continue (53500.0000000000000000 -26.9300842811352545)
continue (54000.0000000000000000 -26.9362651103033244)
continue (54500.0000000000000000 -26.9423912917714397)
continue (55000.0000000000000000 -26.9484453439489826)
continue (55500.0000000000000000 -26.9544541603116770)
continue (56000.0000000000000000 -26.9604092234893216)
continue (56500.0000000000000000 -26.9663092936669422)
continue (57000.0000000000000000 -26.9721561318070151)
continue (57500.0000000000000000 -26.9779428796628551)
continue (58000.0000000000000000 -26.9836873208741785)
continue (58500.0000000000000000 -26.9893852888029500)
continue (59000.0000000000000000 -26.9950209194144435)
continue (59500.0000000000000000 -27.0006137196229332)
continue (60000.0000000000000000 -27.0061617060272212)
continue (60500.0000000000000000 -27.0116620379634433)
continue (61000.0000000000000000 -27.0171123367771138)
continue (61500.0000000000000000 -27.0225167201721987)
continue (62000.0000000000000000 -27.0278820570253089)
continue (62500.0000000000000000 -27.0332017417497887)
continue (63000.0000000000000000 -27.0384700184896296)
continue (63500.0000000000000000 -27.0437052410781931)
continue (64000.0000000000000000 -27.0489003520124882)
continue (64500.0000000000000000 -27.0540403492085026)
continue (65000.0000000000000000 -27.0591514677000440)
continue (65500.0000000000000000 -27.0642252572779114)
continue (66000.0000000000000000 -27.0692445508785191)
continue (66500.0000000000000000 -27.0742374163246886)
continue (67000.0000000000000000 -27.0791931270043520)
continue (67500.0000000000000000 -27.0840991542742167)
continue (68000.0000000000000000 -27.0889796764096289)
continue (68500.0000000000000000 -27.0938207702125418)
continue (69000.0000000000000000 -27.0986206859666368)
continue (69500.0000000000000000 -27.1033928119205072)
continue (70000.0000000000000000 -27.1081238428528764)
continue (70500.0000000000000000 -27.1128235636253798)
continue (71000.0000000000000000 -27.1174889703234143)
continue (71500.0000000000000000 -27.1221174289997933)
continue (72000.0000000000000000 -27.1267222236328465)
continue (72500.0000000000000000 -27.1312802834652942)
continue (73000.0000000000000000 -27.1358162870496322)
continue (73500.0000000000000000 -27.1403251737840741)
continue (74000.0000000000000000 -27.1447863811247707)
continue (74500.0000000000000000 -27.1492308856356743)
continue (75245.0000000000000000 -50.0000000000000000)
continue (7354000.0000000000000000 -50.0000000000000000)
f(nu) = -20.1964279058205243 at 1.0000000000000000 Ryd
