# Faucher-Giguere 2019 
# z = 4.623413
# E [Ryd] log (J_nu)
interpolate (0.0000000100100000 -50.0000000000000000)
continue (0.0990000000000000 -50.0000000000000000)
continue (0.1000000000000000 -19.3089446612345021)
continue (0.1500000000000000 -19.3202394005486333)
continue (0.2000000000000000 -19.3441902494692997)
continue (0.2500000000000001 -19.4515081491458872)
continue (0.3000000000000000 -19.4211917126523055)
continue (0.3500000000000001 -19.4000041969997561)
continue (0.4000000000000001 -19.3870700935058693)
continue (0.4500000000000001 -19.3860826074309500)
continue (0.5000000000000001 -19.3454598892158849)
continue (0.5500000000000002 -19.3329889759069324)
continue (0.6000000000000002 -19.3109347109029343)
continue (0.6500000000000001 -19.3139516274083967)
continue (0.7000000000000002 -19.3298787385712139)
continue (0.7500000000000002 -19.5437548265719272)
continue (0.8000000000000002 -19.6030687853014278)
continue (0.8500000000000002 -19.7294719107199228)
continue (0.9000000000000002 -19.9047304156193441)
continue (0.9500000000000003 -20.1475421453889432)
continue (1.0100000000000000 -21.6585389769855219)
continue (1.0600000000000001 -21.7677644473448808)
continue (1.1100000000000001 -21.7745826343015629)
continue (1.1600000000000001 -21.9557111858082479)
continue (1.2100000000000002 -21.8906860711952049)
continue (1.2600000000000002 -21.8780257216881360)
continue (1.3100000000000003 -21.9404299707262105)
continue (1.3600000000000003 -21.9949121365718412)
continue (1.4100000000000004 -21.9934317482853352)
continue (1.4600000000000004 -22.0886867402423057)
continue (1.5100000000000005 -22.0461332156468472)
continue (1.5600000000000005 -22.0481208607040031)
continue (1.6100000000000005 -22.0892553506321967)
continue (1.6600000000000006 -22.1984140254725979)
continue (1.7100000000000006 -22.0642423018416913)
continue (1.7600000000000007 -22.0496425299163405)
continue (1.8100000000000007 -22.1306582270582055)
continue (1.8600000000000008 -22.1644971002838389)
continue (1.9100000000000008 -22.1137134765446071)
continue (1.9600000000000009 -22.1149236913837193)
continue (2.0000000000000000 -22.2172013541871500)
continue (2.0099999999999998 -22.2072780818395188)
continue (2.0199999999999996 -22.2194715917229004)
continue (2.0299999999999994 -22.2259752794755876)
continue (2.0399999999999991 -22.2315107157703409)
continue (2.0499999999999989 -22.2391789879293427)
continue (2.0599999999999987 -22.2263184606384918)
continue (2.0699999999999985 -22.2517375639997859)
continue (2.0799999999999983 -22.2410677923009175)
continue (2.0899999999999981 -22.2812540383891609)
continue (2.0999999999999979 -22.2807869437554054)
continue (2.1099999999999977 -22.2969610711192665)
continue (2.1199999999999974 -22.3112322840172901)
continue (2.1299999999999972 -22.3063998154155883)
continue (2.1399999999999970 -22.3314939793403973)
continue (2.1499999999999968 -22.3170130596116429)
continue (2.1599999999999966 -22.3509733272754012)
continue (2.1699999999999964 -22.3704020582178131)
continue (2.1799999999999962 -22.3706594236836409)
continue (2.1899999999999959 -22.3677507250343979)
continue (2.1999999999999957 -22.3662705127715036)
continue (2.2099999999999955 -22.3790466254012266)
continue (2.2199999999999953 -22.4183464535219379)
continue (2.2299999999999951 -22.4407304025232790)
continue (2.2399999999999949 -22.4402518751566298)
continue (2.2499999999999947 -22.4543591140610062)
continue (2.2599999999999945 -22.4533854523338867)
continue (2.2699999999999942 -22.5075964502326080)
continue (2.2799999999999940 -22.5125903034097519)
continue (2.2899999999999938 -22.5517778164586495)
continue (2.2999999999999936 -22.5520542606491752)
continue (2.3099999999999934 -22.5738988501951425)
continue (2.3199999999999932 -22.5908788796922693)
continue (2.3299999999999930 -22.6038918927735075)
continue (2.3399999999999928 -22.5851965666045089)
continue (2.3499999999999925 -22.6053933256693824)
continue (2.3599999999999923 -22.5821158925782086)
continue (2.3699999999999921 -22.5941453973989219)
continue (2.3799999999999919 -22.5662258872471320)
continue (2.3899999999999917 -22.5697683720218834)
continue (2.3999999999999915 -22.5416723473986700)
continue (2.4099999999999913 -22.5600879610208871)
continue (2.4199999999999910 -22.5233674954044751)
continue (2.4299999999999908 -22.5500719522412290)
continue (2.4399999999999906 -22.5165361186311941)
continue (2.4499999999999904 -22.5652029553455478)
continue (2.4599999999999902 -22.5166141373951270)
continue (2.4699999999999900 -22.5719300637971472)
continue (2.4799999999999898 -22.5516291719280026)
continue (2.4899999999999896 -22.6006384876998716)
continue (2.4999999999999893 -22.5809329461640722)
continue (2.5099999999999891 -22.5996525810205320)
continue (2.5199999999999889 -22.5606636746147053)
continue (2.5299999999999887 -22.5786217490995860)
continue (2.5399999999999885 -22.5542853529535314)
continue (2.5499999999999883 -22.5651300246904079)
continue (2.5599999999999881 -22.5580658885155856)
continue (2.5699999999999878 -22.5659805692077740)
continue (2.5799999999999876 -22.5556153382399422)
continue (2.5899999999999874 -22.5486476969251051)
continue (2.5999999999999872 -22.5546424867246671)
continue (2.6099999999999870 -22.5454804759576568)
continue (2.6199999999999868 -22.5555335855693997)
continue (2.6299999999999866 -22.5396839050543925)
continue (2.6399999999999864 -22.5520018637129134)
continue (2.6499999999999861 -22.5235580047315231)
continue (2.6599999999999859 -22.5368236876140955)
continue (2.6699999999999857 -22.5119927988052240)
continue (2.6799999999999855 -22.5261656046496839)
continue (2.6899999999999853 -22.5343666681510193)
continue (2.6999999999999851 -22.5515805087805923)
continue (2.7099999999999849 -22.5533910477784048)
continue (2.7199999999999847 -22.5639606607603938)
continue (2.7299999999999844 -22.5297943108403267)
continue (2.7399999999999842 -22.5232228261332992)
continue (2.7499999999999840 -22.5143496652952670)
continue (2.7599999999999838 -22.4984347077409872)
continue (2.7699999999999836 -22.5183690501004570)
continue (2.7799999999999834 -22.4823025392069447)
continue (2.7899999999999832 -22.5111637952164862)
continue (2.7999999999999829 -22.5184155777122008)
continue (2.8099999999999827 -22.4856240068529374)
continue (2.8199999999999825 -22.5010157671470274)
continue (2.8299999999999823 -22.4879731378279892)
continue (2.8399999999999821 -22.4766515678585570)
continue (2.8499999999999819 -22.4330419360607465)
continue (2.8599999999999817 -22.4398779732966389)
continue (2.8699999999999815 -22.4273163835871721)
continue (2.8799999999999812 -22.3827798011239238)
continue (2.8899999999999810 -22.3819581332303201)
continue (2.8999999999999808 -22.3277267166016742)
continue (2.9099999999999806 -22.3231173728234396)
continue (2.9199999999999804 -22.3084522918965504)
continue (2.9299999999999802 -22.2509817889569810)
continue (2.9399999999999800 -22.2414214560531853)
continue (2.9499999999999797 -22.1788843005207923)
continue (2.9599999999999795 -22.1743544795265635)
continue (2.9699999999999793 -22.1601200579927529)
continue (2.9799999999999791 -22.1030224766873751)
continue (2.9899999999999789 -22.0903004215490562)
continue (2.9999999999999787 -22.0840796139516407)
continue (3.0099999999999785 -22.9321159487210160)
continue (3.0199999999999783 -22.8881913966976036)
continue (3.0299999999999780 -22.9485512768671072)
continue (3.0399999999999778 -22.9304391670900003)
continue (3.0499999999999776 -22.9024494990914000)
continue (3.0599999999999774 -22.9668936880622532)
continue (3.0699999999999772 -22.9648063609609245)
continue (3.0799999999999770 -22.9791180178816212)
continue (3.0899999999999768 -22.9668243987889049)
continue (3.0999999999999766 -22.9759990942749752)
continue (3.1099999999999763 -22.9723798256951994)
continue (3.1199999999999761 -22.9532656316275911)
continue (3.1299999999999759 -22.9710313598420939)
continue (3.1399999999999757 -22.9549026189077985)
continue (3.1499999999999755 -22.9440966955949150)
continue (3.1599999999999753 -22.9546257869318673)
continue (3.1699999999999751 -22.9337066604758064)
continue (3.1799999999999748 -22.9474105726496518)
continue (3.1899999999999746 -22.9576609536792553)
continue (3.1999999999999744 -22.9470210880558021)
continue (3.2099999999999742 -22.9644979814148797)
continue (3.2199999999999740 -22.9676765124870101)
continue (3.2299999999999738 -22.9649134517601574)
continue (3.2399999999999736 -22.9876832403441362)
continue (3.2499999999999734 -22.9865909681715941)
continue (3.2599999999999731 -22.9834054091391913)
continue (3.2699999999999729 -22.9920779696838586)
continue (3.2799999999999727 -22.9884784848080130)
continue (3.2899999999999725 -22.9791536254114916)
continue (3.2999999999999723 -22.9858341033439757)
continue (3.3099999999999721 -22.9882044673593917)
continue (3.3199999999999719 -23.0130072664098151)
continue (3.3299999999999716 -23.0151656460791862)
continue (3.3399999999999714 -23.0271644988529687)
continue (3.3499999999999712 -23.0588524130918451)
continue (3.3599999999999710 -23.0832255756694096)
continue (3.3699999999999708 -23.1127570841689725)
continue (3.3799999999999706 -23.1143627850624753)
continue (3.3899999999999704 -23.1272325135943362)
continue (3.3999999999999702 -23.1605442012350622)
continue (3.4099999999999699 -23.1708272738986878)
continue (3.4199999999999697 -23.1904479598313067)
continue (3.4299999999999695 -23.2191692193443622)
continue (3.4399999999999693 -23.2326703863243900)
continue (3.4499999999999691 -23.2595832909024658)
continue (3.4599999999999689 -23.2945780561893265)
continue (3.4699999999999687 -23.3191449549160517)
continue (3.4799999999999685 -23.3658682180835129)
continue (3.4899999999999682 -23.4167779071231159)
continue (3.4999999999999680 -23.4623473599592387)
continue (3.5099999999999678 -23.5201110052473830)
continue (3.5199999999999676 -23.5453729757469006)
continue (3.5299999999999674 -23.6256759546883224)
continue (3.5399999999999672 -23.7097602650727026)
continue (3.5499999999999670 -23.8341567105176644)
continue (3.5599999999999667 -23.2599514625037642)
continue (3.5600000000000001 -23.2599514625037784)
continue (3.5699999999999665 -23.2660271267766134)
continue (3.5799999999999663 -23.2643881760035001)
continue (3.5899999999999661 -23.2967588415014042)
continue (3.5999999999999659 -23.3127806042824339)
continue (3.6099999999999657 -23.3230751496038877)
continue (3.6199999999999655 -23.3365871214611360)
continue (3.6299999999999653 -23.3971915545836104)
continue (3.6399999999999650 -23.4067199621181921)
continue (3.6499999999999648 -23.4204038692500198)
continue (3.6599999999999646 -23.5042823202110753)
continue (3.6699999999999644 -23.5132111625024223)
continue (3.6799999999999642 -23.5276057356054515)
continue (3.6899999999999640 -23.6533060387647680)
continue (3.6999999999999638 -23.6586807070738772)
continue (3.7099999999999635 -23.6735027334946260)
continue (3.7199999999999633 -23.9003414757479504)
continue (3.7299999999999631 -23.9039829442847243)
continue (3.7399999999999629 -23.9237504737744544)
continue (3.7499999999999627 -23.9407234481521840)
continue (3.7500000000000000 -23.9407234481522480)
continue (3.7599999999999625 -23.5473774752043461)
continue (3.7699999999999623 -23.5463767433544540)
continue (3.7799999999999621 -23.6552578865219729)
continue (3.7899999999999618 -23.6815277245600804)
continue (3.7999999999999616 -23.6967928049363934)
continue (3.8099999999999614 -23.8930116637065453)
continue (3.8199999999999612 -23.8951720338784135)
continue (3.8299999999999610 -23.9282571338674295)
continue (3.8399999999999608 -23.9307297747323346)
continue (3.8399999999999999 -23.9307297747323453)
continue (3.8499999999999606 -23.6528661589489140)
continue (3.8599999999999604 -23.8007828584103756)
continue (3.8699999999999601 -23.8269876323471586)
continue (3.8799999999999599 -23.8281137127713798)
continue (3.8899999999999597 -23.4979078529969208)
continue (3.8900000000000001 -23.4979078529969385)
continue (3.8999999999999595 -23.5731680693457726)
continue (3.9099999999999593 -23.5757896786932477)
continue (3.9199999999999591 -23.5809186758314446)
continue (3.9299999999999589 -23.6807534283875754)
continue (3.9399999999999586 -23.6961456582261754)
continue (3.9499999999999584 -23.7007730908698058)
continue (3.9599999999999582 -23.7075025413883793)
continue (3.9699999999999580 -23.8985231771695830)
continue (3.9799999999999578 -23.9014875174217032)
continue (3.9899999999999576 -23.9126710173619195)
continue (4.0099999999999998 -24.4445100640071118)
continue (4.5099999999999998 -25.0463251433442160)
continue (5.0099999999999998 -25.1062789072982113)
continue (5.5099999999999998 -25.1069846388524986)
continue (6.0099999999999998 -25.1246505983450668)
continue (6.5099999999999998 -25.1219674156567052)
continue (7.0099999999999998 -25.1216309709369128)
continue (7.5099999999999998 -25.1209151824679964)
continue (8.0099999999999998 -25.1157952632266301)
continue (8.5099999999999998 -25.1097735821255483)
continue (9.0099999999999998 -25.1003524096077975)
continue (9.5099999999999998 -25.0898908519045456)
continue (10.0000000000000000 -25.0782411824370755)
continue (10.0099999999999998 -25.0779809177571593)
continue (15.0000000000000000 -24.9404149374678603)
continue (20.0000000000000000 -24.8218780975250972)
continue (25.0000000000000000 -24.7654964253090455)
continue (30.0000000000000000 -24.7576993252316484)
continue (35.0000000000000000 -24.7688908809291348)
continue (40.0000000000000000 -24.7929822163160729)
continue (45.0000000000000000 -24.8242678156107459)
continue (50.0000000000000000 -24.8587953122160954)
continue (55.0000000000000000 -24.8938230530810962)
continue (60.0000000000000000 -24.9266133383284156)
continue (65.0000000000000000 -24.9541776264502175)
continue (70.0000000000000000 -24.9761202730193475)
continue (75.0000000000000000 -24.9929831277305716)
continue (80.0000000000000000 -25.0054559735153532)
continue (85.0000000000000000 -25.0143238481085461)
continue (90.0000000000000000 -25.0204825999935956)
continue (95.0000000000000000 -25.0249948996039677)
continue (100.0000000000000000 -25.0290252530635016)
continue (110.0000000000000000 -25.0372201516679667)
continue (120.0000000000000000 -25.0454021641394746)
continue (130.0000000000000000 -25.0534018907287539)
continue (140.0000000000000000 -25.0611425615972117)
continue (150.0000000000000000 -25.0685939701559981)
continue (160.0000000000000000 -25.0757511403009019)
continue (170.0000000000000000 -25.0826219635461491)
continue (180.0000000000000000 -25.0892206474074371)
continue (190.0000000000000000 -25.0955619244030679)
continue (200.0000000000000000 -25.1016633054722611)
continue (210.0000000000000000 -25.1075417559863361)
continue (220.0000000000000000 -25.1132124727635535)
continue (230.0000000000000000 -25.1186901117313433)
continue (240.0000000000000000 -25.1239883838481148)
continue (250.0000000000000000 -25.1291203903437292)
continue (260.0000000000000000 -25.1340969119231801)
continue (270.0000000000000000 -25.1389279498278668)
continue (280.0000000000000000 -25.1436241436667665)
continue (290.0000000000000000 -25.1481933415385583)
continue (300.0000000000000000 -25.1526437812419630)
continue (310.0000000000000000 -25.1569824267822817)
continue (320.0000000000000000 -25.1612168136615573)
continue (330.0000000000000000 -25.1653519304593019)
continue (340.0000000000000000 -25.1693938433655973)
continue (350.0000000000000000 -25.1733480132254499)
continue (360.0000000000000000 -25.1772193269665934)
continue (370.0000000000000000 -25.1810110322093621)
continue (380.0000000000000000 -25.1847279926961001)
continue (390.0000000000000000 -25.1883743573596917)
continue (400.0000000000000000 -25.1919532959132297)
continue (410.0000000000000000 -25.1954677975770842)
continue (420.0000000000000000 -25.1989209527128040)
continue (430.0000000000000000 -25.2023157929589772)
continue (440.0000000000000000 -25.2056548312779860)
continue (450.0000000000000000 -25.2089405353243841)
continue (460.0000000000000000 -25.2121753252447753)
continue (470.0000000000000000 -25.2153611287481674)
continue (480.0000000000000000 -25.2184999069049489)
continue (490.0000000000000000 -25.2215937922342093)
continue (500.0000000000000000 -25.2246449360533909)
continue (510.0000000000000000 -25.2276544553180528)
continue (520.0000000000000000 -25.2306242689213462)
continue (530.0000000000000000 -25.2335551297698863)
continue (540.0000000000000000 -25.2364494863611064)
continue (550.0000000000000000 -25.2393076742528599)
continue (560.0000000000000000 -25.2421323362930430)
continue (570.0000000000000000 -25.2449237258272632)
continue (580.0000000000000000 -25.2476825381825840)
continue (590.0000000000000000 -25.2504105965755485)
continue (600.0000000000000000 -25.2531092659972671)
continue (610.0000000000000000 -25.2557789513029540)
continue (620.0000000000000000 -25.2584203229894158)
continue (630.0000000000000000 -25.2610344510916889)
continue (640.0000000000000000 -25.2636232334057951)
continue (650.0000000000000000 -25.2661856209706670)
continue (660.0000000000000000 -25.2687234995434196)
continue (670.0000000000000000 -25.2712383251067365)
continue (680.0000000000000000 -25.2737290920257536)
continue (690.0000000000000000 -25.2761974477758287)
continue (700.0000000000000000 -25.2786442851309729)
continue (710.0000000000000000 -25.2810691462635191)
continue (720.0000000000000000 -25.2834740680353995)
continue (730.0000000000000000 -25.2858583610682963)
continue (740.0000000000000000 -25.2882232018238291)
continue (750.0000000000000000 -25.2905694978704787)
continue (760.0000000000000000 -25.2928962750988369)
continue (770.0000000000000000 -25.2952061635533454)
continue (780.0000000000000000 -25.2974975219161493)
continue (790.0000000000000000 -25.2997720251171181)
continue (800.0000000000000000 -25.3020297069931388)
continue (810.0000000000000000 -25.3042713291696444)
continue (820.0000000000000000 -25.3064967151481106)
continue (830.0000000000000000 -25.3087066966366017)
continue (840.0000000000000000 -25.3109016317423539)
continue (850.0000000000000000 -25.3130814558888879)
continue (860.0000000000000000 -25.3152473567305520)
continue (870.0000000000000000 -25.3173984761838931)
continue (880.0000000000000000 -25.3195364729684513)
continue (890.0000000000000000 -25.3216603399950841)
continue (900.0000000000000000 -25.3237715159815622)
continue (910.0000000000000000 -25.3258695186103502)
continue (920.0000000000000000 -25.3279549805134359)
continue (930.0000000000000000 -25.3300282315850716)
continue (940.0000000000000000 -25.3320890498669335)
continue (950.0000000000000000 -25.3341382972531264)
continue (960.0000000000000000 -25.3361759221758263)
continue (970.0000000000000000 -25.3382022859751039)
continue (980.0000000000000000 -25.3402169503912127)
continue (990.0000000000000000 -25.3422216807219769)
continue (1000.0000000000000000 -25.3442145330610842)
continue (1200.0000000000000000 -25.3821284306441655)
continue (1400.0000000000000000 -25.4170880956570677)
continue (1600.0000000000000000 -25.4498783390805663)
continue (1800.0000000000000000 -25.4810089784517082)
continue (2000.0000000000000000 -25.5108242865560797)
continue (2200.0000000000000000 -25.5395741260110221)
continue (2400.0000000000000000 -25.5674382306188477)
continue (2600.0000000000000000 -25.5945590129735052)
continue (2800.0000000000000000 -25.6210405741014355)
continue (3000.0000000000000000 -25.6469701987476810)
continue (3200.0000000000000000 -25.6724169169524323)
continue (3400.0000000000000000 -25.6974352103529178)
continue (3600.0000000000000000 -25.7220761619751848)
continue (3800.0000000000000000 -25.7463717963964882)
continue (4000.0000000000000000 -25.7703627195268901)
continue (4200.0000000000000000 -25.7940713971489650)
continue (4400.0000000000000000 -25.8175223165773708)
continue (4600.0000000000000000 -25.8407327180168380)
continue (4800.0000000000000000 -25.8637112045040105)
continue (5000.0000000000000000 -25.8864624929048439)
continue (5200.0000000000000000 -25.9089759743062125)
continue (5400.0000000000000000 -25.9312230572650968)
continue (5600.0000000000000000 -25.9531779072889428)
continue (5800.0000000000000000 -25.9748151527334734)
continue (6000.0000000000000000 -25.9961160765654924)
continue (6200.0000000000000000 -26.0170612690453211)
continue (6400.0000000000000000 -26.0376372514534076)
continue (6600.0000000000000000 -26.0578213873666158)
continue (6800.0000000000000000 -26.0776183493865297)
continue (7000.0000000000000000 -26.0970078777973384)
continue (7200.0000000000000000 -26.1159811586657611)
continue (7400.0000000000000000 -26.1345327575439121)
continue (7600.0000000000000000 -26.1526618891508207)
continue (7800.0000000000000000 -26.1703701052980833)
continue (8000.0000000000000000 -26.1876510604783341)
continue (8200.0000000000000000 -26.2045154371347877)
continue (8400.0000000000000000 -26.2209733709700004)
continue (8600.0000000000000000 -26.2370400638891041)
continue (8800.0000000000000000 -26.2527330624816564)
continue (9000.0000000000000000 -26.2680693840104347)
continue (9200.0000000000000000 -26.2830660003933829)
continue (9400.0000000000000000 -26.2977373220843553)
continue (9600.0000000000000000 -26.3120982168199440)
continue (9800.0000000000000000 -26.3261561204247485)
continue (10000.0000000000000000 -26.3399286963848631)
continue (10200.0000000000000000 -26.3534316244569382)
continue (10400.0000000000000000 -26.3666659912891390)
continue (10600.0000000000000000 -26.3796460878080552)
continue (10800.0000000000000000 -26.3923767363548478)
continue (11000.0000000000000000 -26.4048736832520490)
continue (11500.0000000000000000 -26.4351393633587541)
continue (12000.0000000000000000 -26.4641070488958619)
continue (12500.0000000000000000 -26.4918813068955323)
continue (13000.0000000000000000 -26.5185482227578291)
continue (13500.0000000000000000 -26.5441970065472503)
continue (14000.0000000000000000 -26.5689135944074266)
continue (14500.0000000000000000 -26.5927390703898290)
continue (15000.0000000000000000 -26.6157591391861708)
continue (15500.0000000000000000 -26.6380018560340091)
continue (16000.0000000000000000 -26.6595408350304446)
continue (16500.0000000000000000 -26.6804071266597163)
continue (17000.0000000000000000 -26.7006366471741359)
continue (17500.0000000000000000 -26.7202803189565188)
continue (18000.0000000000000000 -26.7393635292357210)
continue (18500.0000000000000000 -26.7579128661868850)
continue (19000.0000000000000000 -26.7759608249347352)
continue (19500.0000000000000000 -26.7935313229084429)
continue (20000.0000000000000000 -26.8106558252351057)
continue (20500.0000000000000000 -26.8273519647999841)
continue (21000.0000000000000000 -26.8436401440397994)
continue (21500.0000000000000000 -26.8595392642819490)
continue (22000.0000000000000000 -26.8750669484539699)
continue (22500.0000000000000000 -26.8902398445931325)
continue (23000.0000000000000000 -26.9050741181731183)
continue (23500.0000000000000000 -26.9195846481085468)
continue (24000.0000000000000000 -26.9337848518630274)
continue (24500.0000000000000000 -26.9476917700014305)
continue (25000.0000000000000000 -26.9613129264434015)
continue (25500.0000000000000000 -26.9746619570574815)
continue (26000.0000000000000000 -26.9877437111161917)
continue (26500.0000000000000000 -27.0005700314714261)
continue (27000.0000000000000000 -27.0131550405479501)
continue (27500.0000000000000000 -27.0255062000529165)
continue (28000.0000000000000000 -27.0376355119558198)
continue (28500.0000000000000000 -27.0495438021796026)
continue (29000.0000000000000000 -27.0612395604896427)
continue (29500.0000000000000000 -27.0727289963136002)
continue (30000.0000000000000000 -27.0840314405086851)
continue (30500.0000000000000000 -27.0951374478522453)
continue (31000.0000000000000000 -27.1060598395167318)
continue (31500.0000000000000000 -27.1168087602778876)
continue (32000.0000000000000000 -27.1273851899933227)
continue (32500.0000000000000000 -27.1377895783419270)
continue (33000.0000000000000000 -27.1480370454241857)
continue (33500.0000000000000000 -27.1581280404994594)
continue (34000.0000000000000000 -27.1680611890267372)
continue (34500.0000000000000000 -27.1778525798350508)
continue (35000.0000000000000000 -27.1874981442048771)
continue (35500.0000000000000000 -27.1970021395346713)
continue (36000.0000000000000000 -27.2063825179555501)
continue (36500.0000000000000000 -27.2156185567711759)
continue (37000.0000000000000000 -27.2247305437554665)
continue (37500.0000000000000000 -27.2337171921309071)
continue (38000.0000000000000000 -27.2425810722356054)
continue (38500.0000000000000000 -27.2513356047429873)
continue (39000.0000000000000000 -27.2599642841387819)
continue (39500.0000000000000000 -27.2684910330047430)
continue (40000.0000000000000000 -27.2769003054522443)
continue (40500.0000000000000000 -27.2852071268770224)
continue (41000.0000000000000000 -27.2934085465842209)
continue (41500.0000000000000000 -27.3015092090964018)
continue (42000.0000000000000000 -27.3095101385398706)
continue (42500.0000000000000000 -27.3174170145615314)
continue (43000.0000000000000000 -27.3252268381236760)
continue (43500.0000000000000000 -27.3329474447827856)
continue (44000.0000000000000000 -27.3405751373624781)
continue (44500.0000000000000000 -27.3481177795217150)
continue (45000.0000000000000000 -27.3555717691898579)
continue (45500.0000000000000000 -27.3629441074255162)
continue (46000.0000000000000000 -27.3702335959821710)
continue (46500.0000000000000000 -27.3774430056640163)
continue (47000.0000000000000000 -27.3845724358289431)
continue (47500.0000000000000000 -27.3916282067802008)
continue (48000.0000000000000000 -27.3986014377401972)
continue (48500.0000000000000000 -27.4055106878968004)
continue (49000.0000000000000000 -27.4123358886496540)
continue (49500.0000000000000000 -27.4191017575183160)
continue (50000.0000000000000000 -27.4257917209290945)
continue (50500.0000000000000000 -27.4324155054509902)
continue (51000.0000000000000000 -27.4389740813162284)
continue (51500.0000000000000000 -27.4454647004283139)
continue (52000.0000000000000000 -27.4518968772196601)
continue (52500.0000000000000000 -27.4582548024483373)
continue (53000.0000000000000000 -27.4645616750957018)
continue (53500.0000000000000000 -27.4708055749846771)
continue (54000.0000000000000000 -27.4769897420910638)
continue (54500.0000000000000000 -27.4831184370586605)
continue (55000.0000000000000000 -27.4891788421333487)
continue (55500.0000000000000000 -27.4951947543961204)
continue (56000.0000000000000000 -27.5011525228732694)
continue (56500.0000000000000000 -27.5070552388823586)
continue (57000.0000000000000000 -27.5129084619145772)
continue (57500.0000000000000000 -27.5186998671487508)
continue (58000.0000000000000000 -27.5244488068125293)
continue (58500.0000000000000000 -27.5301471157143993)
continue (59000.0000000000000000 -27.5357892118542544)
continue (59500.0000000000000000 -27.5413906073685304)
continue (60000.0000000000000000 -27.5469402234833183)
continue (60500.0000000000000000 -27.5524419550726520)
continue (61000.0000000000000000 -27.5579019317536691)
continue (61500.0000000000000000 -27.5633100513923779)
continue (62000.0000000000000000 -27.5686776321753904)
continue (62500.0000000000000000 -27.5740019460632126)
continue (63000.0000000000000000 -27.5792752597655806)
continue (63500.0000000000000000 -27.5845139596642923)
continue (64000.0000000000000000 -27.5897119511229434)
continue (64500.0000000000000000 -27.5948575213362588)
continue (65000.0000000000000000 -27.5999723351667363)
continue (65500.0000000000000000 -27.6050490449912047)
continue (66000.0000000000000000 -27.6100741141776531)
continue (66500.0000000000000000 -27.6150708252347883)
continue (67000.0000000000000000 -27.6200298485266771)
continue (67500.0000000000000000 -27.6249416554058875)
continue (68000.0000000000000000 -27.6298253229123745)
continue (68500.0000000000000000 -27.6346712187970702)
continue (69000.0000000000000000 -27.6394759466760149)
continue (69500.0000000000000000 -27.6442482575665451)
continue (70000.0000000000000000 -27.6489883973581705)
continue (70500.0000000000000000 -27.6536890428185451)
continue (71000.0000000000000000 -27.6583554465571488)
continue (71500.0000000000000000 -27.6629925846639182)
continue (72000.0000000000000000 -27.6675963368026530)
continue (72500.0000000000000000 -27.6721607140203218)
continue (73000.0000000000000000 -27.6767010745016044)
continue (73500.0000000000000000 -27.6812123055763522)
continue (74000.0000000000000000 -27.6856801669592727)
continue (74500.0000000000000000 -27.6901257280040376)
continue (75245.0000000000000000 -50.0000000000000000)
continue (7354000.0000000000000000 -50.0000000000000000)
f(nu) = -20.3138355071655994 at 1.0000000000000000 Ryd
