# Faucher-Giguere 2019 
# z = 0.412538
# E [Ryd] log (J_nu)
interpolate (0.0000000100100000 -50.0000000000000000)
continue (0.0990000000000000 -50.0000000000000000)
continue (0.1000000000000000 -19.8058344939036530)
continue (0.1500000000000000 -19.8392072234469552)
continue (0.2000000000000000 -19.8596979130087483)
continue (0.2500000000000001 -19.8835368191690272)
continue (0.3000000000000000 -19.8920430606388727)
continue (0.3500000000000001 -19.9444332424699411)
continue (0.4000000000000001 -19.9880182270480269)
continue (0.4500000000000001 -20.0647907441495832)
continue (0.5000000000000001 -20.1430200024508466)
continue (0.5500000000000002 -20.2278517943597755)
continue (0.6000000000000002 -20.3173250241532273)
continue (0.6500000000000001 -20.3865500094577037)
continue (0.7000000000000002 -20.5324898155093294)
continue (0.7500000000000002 -20.7491314078117917)
continue (0.8000000000000002 -20.8464966359083661)
continue (0.8500000000000002 -21.0513891742085129)
continue (0.9000000000000002 -21.0810074760843627)
continue (0.9500000000000003 -21.4193899360445101)
continue (1.0100000000000000 -22.3513492744548294)
continue (1.0600000000000001 -22.3867063022283439)
continue (1.1100000000000001 -22.4107839113090712)
continue (1.1600000000000001 -22.4370262530449338)
continue (1.2100000000000002 -22.4470855625924450)
continue (1.2600000000000002 -22.4544658241230586)
continue (1.3100000000000003 -22.4520135434549779)
continue (1.3600000000000003 -22.4586811589442519)
continue (1.4100000000000004 -22.4535356250201623)
continue (1.4600000000000004 -22.4513535202990226)
continue (1.5100000000000005 -22.4462018814067576)
continue (1.5600000000000005 -22.4435305885423055)
continue (1.6100000000000005 -22.4465762689186086)
continue (1.6600000000000006 -22.4476722105423505)
continue (1.7100000000000006 -22.4521189549106950)
continue (1.7600000000000007 -22.4574041633428862)
continue (1.8100000000000007 -22.4699441958685711)
continue (1.8600000000000008 -22.4791818006263142)
continue (1.9100000000000008 -22.4900471204206234)
continue (1.9600000000000009 -22.5011633499067258)
continue (2.0000000000000000 -22.5153460449008271)
continue (2.0099999999999998 -22.5187189390620190)
continue (2.0199999999999996 -22.5220290330009867)
continue (2.0299999999999994 -22.5260812281645322)
continue (2.0399999999999991 -22.5326401179444034)
continue (2.0499999999999989 -22.5314140335180504)
continue (2.0599999999999987 -22.5349473716814046)
continue (2.0699999999999985 -22.5396918027196982)
continue (2.0799999999999983 -22.5462849713212456)
continue (2.0899999999999981 -22.5501191906666634)
continue (2.0999999999999979 -22.5539874229257293)
continue (2.1099999999999977 -22.5537264805558806)
continue (2.1199999999999974 -22.5601322329546647)
continue (2.1299999999999972 -22.5634596014993249)
continue (2.1399999999999970 -22.5662087260389086)
continue (2.1499999999999968 -22.5696900675481444)
continue (2.1599999999999966 -22.5726251804093820)
continue (2.1699999999999964 -22.5769110937701072)
continue (2.1799999999999962 -22.5803651954706233)
continue (2.1899999999999959 -22.5837389887526889)
continue (2.1999999999999957 -22.5911186865671603)
continue (2.2099999999999955 -22.5951734449252655)
continue (2.2199999999999953 -22.5955188231745545)
continue (2.2299999999999951 -22.5993210039614745)
continue (2.2399999999999949 -22.6031851095388419)
continue (2.2499999999999947 -22.6111248085729137)
continue (2.2599999999999945 -22.6157253369903657)
continue (2.2699999999999942 -22.6199575269768154)
continue (2.2799999999999940 -22.6205380550090318)
continue (2.2899999999999938 -22.6294231830046506)
continue (2.2999999999999936 -22.6338100017021198)
continue (2.3099999999999934 -22.6386779303458958)
continue (2.3199999999999932 -22.6435063290641132)
continue (2.3299999999999930 -22.6483192839012020)
continue (2.3399999999999928 -22.6531312790843344)
continue (2.3499999999999925 -22.6562855772293119)
continue (2.3599999999999923 -22.6594984306567397)
continue (2.3699999999999921 -22.6627014848136454)
continue (2.3799999999999919 -22.6668587265642074)
continue (2.3899999999999917 -22.6750274972504151)
continue (2.3999999999999915 -22.6787388094914881)
continue (2.4099999999999913 -22.6785182835985815)
continue (2.4199999999999910 -22.6820064029630792)
continue (2.4299999999999908 -22.6861422156455959)
continue (2.4399999999999906 -22.6939941402019087)
continue (2.4499999999999904 -22.6989880664818635)
continue (2.4599999999999902 -22.7030300453330049)
continue (2.4699999999999900 -22.7070841935969696)
continue (2.4799999999999898 -22.7073734401703113)
continue (2.4899999999999896 -22.7157998689047780)
continue (2.4999999999999893 -22.7204931445003666)
continue (2.5099999999999891 -22.7259895669010774)
continue (2.5199999999999889 -22.7307967439171712)
continue (2.5299999999999887 -22.7351991405145526)
continue (2.5399999999999885 -22.7391600382063608)
continue (2.5499999999999883 -22.7447207566781557)
continue (2.5599999999999881 -22.7498652137963049)
continue (2.5699999999999878 -22.7562442025219731)
continue (2.5799999999999876 -22.7615399923658366)
continue (2.5899999999999874 -22.7667061782196924)
continue (2.5999999999999872 -22.7711421316391665)
continue (2.6099999999999870 -22.7804640329946757)
continue (2.6199999999999868 -22.7865821789064320)
continue (2.6299999999999866 -22.7891396262580592)
continue (2.6399999999999864 -22.7927431048028666)
continue (2.6499999999999861 -22.7961544258883642)
continue (2.6599999999999859 -22.7989983757548771)
continue (2.6699999999999857 -22.8060080237158580)
continue (2.6799999999999855 -22.8098928609850731)
continue (2.6899999999999853 -22.8146268199267439)
continue (2.6999999999999851 -22.8183397712074942)
continue (2.7099999999999849 -22.8193524496736657)
continue (2.7199999999999847 -22.8229701293070306)
continue (2.7299999999999844 -22.8270151249670405)
continue (2.7399999999999842 -22.8342648936270081)
continue (2.7499999999999840 -22.8382026155469688)
continue (2.7599999999999838 -22.8424446819318838)
continue (2.7699999999999836 -22.8466104916084198)
continue (2.7799999999999834 -22.8508753770431561)
continue (2.7899999999999832 -22.8551406575870075)
continue (2.7999999999999829 -22.8595658757923275)
continue (2.8099999999999827 -22.8638949513260528)
continue (2.8199999999999825 -22.8689153080091465)
continue (2.8299999999999823 -22.8734347206377002)
continue (2.8399999999999821 -22.8785770976442215)
continue (2.8499999999999819 -22.8836797920753305)
continue (2.8599999999999817 -22.8888040560665011)
continue (2.8699999999999815 -22.8941919069947311)
continue (2.8799999999999812 -22.8993559505147566)
continue (2.8899999999999810 -22.9044843494044166)
continue (2.8999999999999808 -22.9074212627128091)
continue (2.9099999999999806 -22.9126594889721247)
continue (2.9199999999999804 -22.9179978171014120)
continue (2.9299999999999802 -22.9240293626862055)
continue (2.9399999999999800 -22.9295108532011653)
continue (2.9499999999999797 -22.9350748500971555)
continue (2.9599999999999795 -22.9412441826358986)
continue (2.9699999999999793 -22.9469566225054891)
continue (2.9799999999999791 -22.9525498001524859)
continue (2.9899999999999789 -22.9593314973378000)
continue (2.9999999999999787 -22.9652094914089204)
continue (3.0099999999999785 -23.3380031064842228)
continue (3.0199999999999783 -23.3420510160763541)
continue (3.0299999999999780 -23.3451297714896917)
continue (3.0399999999999778 -23.3513388186194888)
continue (3.0499999999999776 -23.3543456196212453)
continue (3.0599999999999774 -23.3608858255984053)
continue (3.0699999999999772 -23.3641962550969922)
continue (3.0799999999999770 -23.3675382465026225)
continue (3.0899999999999768 -23.3738764543556492)
continue (3.0999999999999766 -23.3769148066725769)
continue (3.1099999999999763 -23.3830855099823367)
continue (3.1199999999999761 -23.3861444953158468)
continue (3.1299999999999759 -23.3881188915265099)
continue (3.1399999999999757 -23.3951977742117769)
continue (3.1499999999999755 -23.3973549307075217)
continue (3.1599999999999753 -23.4043119488987621)
continue (3.1699999999999751 -23.4064728933599291)
continue (3.1799999999999748 -23.4133704965098133)
continue (3.1899999999999746 -23.4153585114153131)
continue (3.1999999999999744 -23.4222298876942503)
continue (3.2099999999999742 -23.4239286370378679)
continue (3.2199999999999740 -23.4248088348722554)
continue (3.2299999999999738 -23.4326953377145308)
continue (3.2399999999999736 -23.4334261694321597)
continue (3.2499999999999734 -23.4410019506617289)
continue (3.2599999999999731 -23.4419016072033983)
continue (3.2699999999999729 -23.4495176261337726)
continue (3.2799999999999727 -23.4502811193716632)
continue (3.2899999999999725 -23.4578687813110740)
continue (3.2999999999999723 -23.4579430125373349)
continue (3.3099999999999721 -23.4662898022332556)
continue (3.3199999999999719 -23.4656287095058715)
continue (3.3299999999999716 -23.4742397207626681)
continue (3.3399999999999714 -23.4732123946260387)
continue (3.3499999999999712 -23.4822274808203630)
continue (3.3599999999999710 -23.4808795396573693)
continue (3.3699999999999708 -23.4894636078632821)
continue (3.3799999999999706 -23.4882076533924362)
continue (3.3899999999999704 -23.4969246414062418)
continue (3.3999999999999702 -23.4953335889941961)
continue (3.4099999999999699 -23.5041794570945157)
continue (3.4199999999999697 -23.5018956394094047)
continue (3.4299999999999695 -23.5108241055814027)
continue (3.4399999999999693 -23.5078948971177866)
continue (3.4499999999999691 -23.5172331217642991)
continue (3.4599999999999689 -23.5129910307834606)
continue (3.4699999999999687 -23.5235499816233009)
continue (3.4799999999999685 -23.5183826756968806)
continue (3.4899999999999682 -23.5292866705644315)
continue (3.4999999999999680 -23.5382857793785831)
continue (3.5099999999999678 -23.5346102433409996)
continue (3.5199999999999676 -23.5441296195625647)
continue (3.5299999999999674 -23.5392824927502460)
continue (3.5399999999999672 -23.5493056515552368)
continue (3.5499999999999670 -23.5436343174969736)
continue (3.5599999999999667 -23.5473944795568606)
continue (3.5600000000000001 -23.5473944795568926)
continue (3.5699999999999665 -23.5408624527235268)
continue (3.5799999999999663 -23.5516479577533921)
continue (3.5899999999999661 -23.5440849713712588)
continue (3.5999999999999659 -23.5553356317957920)
continue (3.6099999999999657 -23.5668733929509315)
continue (3.6199999999999655 -23.5583673440754957)
continue (3.6299999999999653 -23.5705208997724966)
continue (3.6399999999999650 -23.5604276388354315)
continue (3.6499999999999648 -23.5731846273163121)
continue (3.6599999999999646 -23.5835131081825509)
continue (3.6699999999999644 -23.5747509081958633)
continue (3.6799999999999642 -23.5858956897709611)
continue (3.6899999999999640 -23.5757894989618819)
continue (3.6999999999999638 -23.5875670731863920)
continue (3.7099999999999635 -23.5759966948074897)
continue (3.7199999999999633 -23.5897626199537775)
continue (3.7299999999999631 -23.6012591450160549)
continue (3.7399999999999629 -23.5896087420103520)
continue (3.7499999999999627 -23.6018081054912123)
continue (3.7500000000000000 -23.5983225706900122)
continue (3.7599999999999625 -23.5842292870946260)
continue (3.7699999999999623 -23.5968899171718043)
continue (3.7799999999999621 -23.6102577946181924)
continue (3.7899999999999618 -23.5947916075836623)
continue (3.7999999999999616 -23.6092465999393077)
continue (3.8099999999999614 -23.5915792894039491)
continue (3.8199999999999612 -23.6068529764087529)
continue (3.8299999999999610 -23.6209015034936769)
continue (3.8399999999999608 -23.6030660942652872)
continue (3.8399999999999999 -23.6006735636477849)
continue (3.8499999999999606 -23.6157052999012471)
continue (3.8599999999999604 -23.6276203463124617)
continue (3.8699999999999601 -23.6115288994862276)
continue (3.8799999999999599 -23.6243274374010035)
continue (3.8899999999999597 -23.6032021534529655)
continue (3.8900000000000001 -23.6032021534530330)
continue (3.8999999999999595 -23.6192975351866927)
continue (3.9099999999999593 -23.6321152628264493)
continue (3.9199999999999591 -23.6125437986667173)
continue (3.9299999999999589 -23.6264825981136397)
continue (3.9399999999999586 -23.6413853957102518)
continue (3.9499999999999584 -23.6211519212810401)
continue (3.9599999999999582 -23.6351326903468575)
continue (3.9699999999999580 -23.6502263697707598)
continue (3.9799999999999578 -23.6268234201013314)
continue (3.9899999999999576 -23.6431951764827701)
continue (4.0099999999999998 -23.6339450471459571)
continue (4.5099999999999998 -23.9147036427017774)
continue (5.0099999999999998 -23.9491563782953421)
continue (5.5099999999999998 -23.9721912640831363)
continue (6.0099999999999998 -23.9909438706535880)
continue (6.5099999999999998 -24.0043562034237681)
continue (7.0099999999999998 -24.0145837122424837)
continue (7.5099999999999998 -24.0219823565909998)
continue (8.0099999999999998 -24.0272432902658153)
continue (8.5099999999999998 -24.0315667748194350)
continue (9.0099999999999998 -24.0355433691681277)
continue (9.5099999999999998 -24.0398103707918693)
continue (10.0000000000000000 -24.0446091071292933)
continue (10.0099999999999998 -24.0447161964168821)
continue (15.0000000000000000 -24.1369820764757073)
continue (20.0000000000000000 -24.2604030388172482)
continue (25.0000000000000000 -24.3725826504751346)
continue (30.0000000000000000 -24.4641899428239356)
continue (35.0000000000000000 -24.5350377835983231)
continue (40.0000000000000000 -24.5879503769586911)
continue (45.0000000000000000 -24.6267876016130707)
continue (50.0000000000000000 -24.6553310525220581)
continue (55.0000000000000000 -24.6766526670204449)
continue (60.0000000000000000 -24.6929944335628804)
continue (65.0000000000000000 -24.7059548008427541)
continue (70.0000000000000000 -24.7166428208590787)
continue (75.0000000000000000 -24.7258035032969019)
continue (80.0000000000000000 -24.7339186785357299)
continue (85.0000000000000000 -24.7412973853110962)
continue (90.0000000000000000 -24.7481438158050402)
continue (95.0000000000000000 -24.7545955831542415)
continue (100.0000000000000000 -24.7607451140974248)
continue (110.0000000000000000 -24.7723190392314621)
continue (120.0000000000000000 -24.7830619180141838)
continue (130.0000000000000000 -24.7930999821954856)
continue (140.0000000000000000 -24.8025330419378207)
continue (150.0000000000000000 -24.8114422800338730)
continue (160.0000000000000000 -24.8198935378930479)
continue (170.0000000000000000 -24.8279413001049285)
continue (180.0000000000000000 -24.8356286838999019)
continue (190.0000000000000000 -24.8429968510016259)
continue (200.0000000000000000 -24.8500774865283098)
continue (210.0000000000000000 -24.8568968019495991)
continue (220.0000000000000000 -24.8634800612679179)
continue (230.0000000000000000 -24.8698480545657006)
continue (240.0000000000000000 -24.8760187463841511)
continue (250.0000000000000000 -24.8820069037034912)
continue (260.0000000000000000 -24.8878287136257903)
continue (270.0000000000000000 -24.8934967066108648)
continue (280.0000000000000000 -24.8990191451895946)
continue (290.0000000000000000 -24.9044097467263406)
continue (300.0000000000000000 -24.9096742545453260)
continue (310.0000000000000000 -24.9148240637271066)
continue (320.0000000000000000 -24.9198626344924570)
continue (330.0000000000000000 -24.9247998440504475)
continue (340.0000000000000000 -24.9296411262608828)
continue (350.0000000000000000 -24.9343900287673428)
continue (360.0000000000000000 -24.9390533746486440)
continue (370.0000000000000000 -24.9436362780759744)
continue (380.0000000000000000 -24.9481426429995281)
continue (390.0000000000000000 -24.9525756144687207)
continue (400.0000000000000000 -24.9569386586810076)
continue (410.0000000000000000 -24.9612358244521495)
continue (420.0000000000000000 -24.9654703416837833)
continue (430.0000000000000000 -24.9696450414739886)
continue (440.0000000000000000 -24.9737626578496439)
continue (450.0000000000000000 -24.9778257208485357)
continue (460.0000000000000000 -24.9818365835370848)
continue (470.0000000000000000 -24.9857975304744606)
continue (480.0000000000000000 -24.9897105262759212)
continue (490.0000000000000000 -24.9935772319653147)
continue (500.0000000000000000 -24.9973989462909216)
continue (510.0000000000000000 -25.0011784878414076)
continue (520.0000000000000000 -25.0049174068310016)
continue (530.0000000000000000 -25.0086175860401880)
continue (540.0000000000000000 -25.0122800301857779)
continue (550.0000000000000000 -25.0159058770264764)
continue (560.0000000000000000 -25.0194948767500307)
continue (570.0000000000000000 -25.0230506414603084)
continue (580.0000000000000000 -25.0265744037280093)
continue (590.0000000000000000 -25.0300668032728915)
continue (600.0000000000000000 -25.0335263536504691)
continue (610.0000000000000000 -25.0369571750980349)
continue (620.0000000000000000 -25.0403602084398109)
continue (630.0000000000000000 -25.0437344174200369)
continue (640.0000000000000000 -25.0470807169867946)
continue (650.0000000000000000 -25.0504025582849401)
continue (660.0000000000000000 -25.0536984377714731)
continue (670.0000000000000000 -25.0569682291421962)
continue (680.0000000000000000 -25.0602161292777481)
continue (690.0000000000000000 -25.0634393339217958)
continue (700.0000000000000000 -25.0666398403592012)
continue (710.0000000000000000 -25.0698200126927482)
continue (720.0000000000000000 -25.0729760325468263)
continue (730.0000000000000000 -25.0761130732597231)
continue (740.0000000000000000 -25.0792295309177113)
continue (750.0000000000000000 -25.0823252494917739)
continue (760.0000000000000000 -25.0854038150286165)
continue (770.0000000000000000 -25.0884602963162529)
continue (780.0000000000000000 -25.0915015868374773)
continue (790.0000000000000000 -25.0945225945403223)
continue (800.0000000000000000 -25.0975277475408198)
continue (810.0000000000000000 -25.1005149817189590)
continue (820.0000000000000000 -25.1034859446337286)
continue (830.0000000000000000 -25.1064408422783387)
continue (840.0000000000000000 -25.1093791978474101)
continue (850.0000000000000000 -25.1123030201812014)
continue (860.0000000000000000 -25.1152103455334483)
continue (870.0000000000000000 -25.1181042746677328)
continue (880.0000000000000000 -25.1209821489731695)
continue (890.0000000000000000 -25.1238472476923143)
continue (900.0000000000000000 -25.1266971436256874)
continue (910.0000000000000000 -25.1295343757218212)
continue (920.0000000000000000 -25.1323576627321437)
continue (930.0000000000000000 -25.1351680475895058)
continue (940.0000000000000000 -25.1379660336406943)
continue (950.0000000000000000 -25.1407505527604975)
continue (960.0000000000000000 -25.1435244713629160)
continue (970.0000000000000000 -25.1462838049553028)
continue (980.0000000000000000 -25.1490347241938643)
continue (990.0000000000000000 -25.1517702416378590)
continue (1000.0000000000000000 -25.1544979934496240)
continue (1200.0000000000000000 -25.2069139304312380)
continue (1400.0000000000000000 -25.2561004159416882)
continue (1600.0000000000000000 -25.3028460866933429)
continue (1800.0000000000000000 -25.3476414953287339)
continue (2000.0000000000000000 -25.3908105156474804)
continue (2200.0000000000000000 -25.4325486020736840)
continue (2400.0000000000000000 -25.4729916397685301)
continue (2600.0000000000000000 -25.5122090493045022)
continue (2800.0000000000000000 -25.5502579791661368)
continue (3000.0000000000000000 -25.5871657471743035)
continue (3200.0000000000000000 -25.6229539914410900)
continue (3400.0000000000000000 -25.6576461286609145)
continue (3600.0000000000000000 -25.6912420019134764)
continue (3800.0000000000000000 -25.7237925587152922)
continue (4000.0000000000000000 -25.7552982138249575)
continue (4200.0000000000000000 -25.7857900313004365)
continue (4400.0000000000000000 -25.8153035192336731)
continue (4600.0000000000000000 -25.8438702563851201)
continue (4800.0000000000000000 -25.8715228477251387)
continue (5000.0000000000000000 -25.8982773181099795)
continue (5200.0000000000000000 -25.9241811416131256)
continue (5400.0000000000000000 -25.9492844326752206)
continue (5600.0000000000000000 -25.9735837745417193)
continue (5800.0000000000000000 -25.9971403001804688)
continue (6000.0000000000000000 -26.0199714700400726)
continue (6200.0000000000000000 -26.0421249904387828)
continue (6400.0000000000000000 -26.0636021987215969)
continue (6600.0000000000000000 -26.0844740121590526)
continue (6800.0000000000000000 -26.1047367462596043)
continue (7000.0000000000000000 -26.1244207771936026)
continue (7200.0000000000000000 -26.1435689232173054)
continue (7400.0000000000000000 -26.1622060178449409)
continue (7600.0000000000000000 -26.1803492984974433)
continue (7800.0000000000000000 -26.1980103729291365)
continue (8000.0000000000000000 -26.2152201295307279)
continue (8200.0000000000000000 -26.2320040268338168)
continue (8400.0000000000000000 -26.2483809075243215)
continue (8600.0000000000000000 -26.2643689268758678)
continue (8800.0000000000000000 -26.2799855582446611)
continue (9000.0000000000000000 -26.2952475499447615)
continue (9200.0000000000000000 -26.3101710424111062)
continue (9400.0000000000000000 -26.3247711655212306)
continue (9600.0000000000000000 -26.3390624247007707)
continue (9800.0000000000000000 -26.3530546460538098)
continue (10000.0000000000000000 -26.3667556641837422)
continue (10200.0000000000000000 -26.3801739790797747)
continue (10400.0000000000000000 -26.3933337980536145)
continue (10600.0000000000000000 -26.4062446874664154)
continue (10800.0000000000000000 -26.4189140709479986)
continue (11000.0000000000000000 -26.4313535954965069)
continue (11500.0000000000000000 -26.4614550505056414)
continue (12000.0000000000000000 -26.4902497481837251)
continue (12500.0000000000000000 -26.5178532927474784)
continue (13000.0000000000000000 -26.5443703486029996)
continue (13500.0000000000000000 -26.5698806967215049)
continue (14000.0000000000000000 -26.5944246323597753)
continue (14500.0000000000000000 -26.6181237065864984)
continue (15000.0000000000000000 -26.6409790678588010)
continue (15500.0000000000000000 -26.6631026762878953)
continue (16000.0000000000000000 -26.6844874266884275)
continue (16500.0000000000000000 -26.7052138066288798)
continue (17000.0000000000000000 -26.7253269949115690)
continue (17500.0000000000000000 -26.7448268201971082)
continue (18000.0000000000000000 -26.7637710604849026)
continue (18500.0000000000000000 -26.7821924763128507)
continue (19000.0000000000000000 -26.8001193494955601)
continue (19500.0000000000000000 -26.8175777289126351)
continue (20000.0000000000000000 -26.8345798637566944)
continue (20500.0000000000000000 -26.8511507913787533)
continue (21000.0000000000000000 -26.8673168010482009)
continue (21500.0000000000000000 -26.8830958864500786)
continue (22000.0000000000000000 -26.8985072569645247)
continue (22500.0000000000000000 -26.9135674400491602)
continue (23000.0000000000000000 -26.9282906534503148)
continue (23500.0000000000000000 -26.9426928124712859)
continue (24000.0000000000000000 -26.9567829523757752)
continue (24500.0000000000000000 -26.9705711095406180)
continue (25000.0000000000000000 -26.9840770694952177)
continue (25500.0000000000000000 -26.9973134597168887)
continue (26000.0000000000000000 -27.0102922327408521)
continue (26500.0000000000000000 -27.0230215105242735)
continue (27000.0000000000000000 -27.0355124905645994)
continue (27500.0000000000000000 -27.0477556564225559)
continue (28000.0000000000000000 -27.0597720420510122)
continue (28500.0000000000000000 -27.0715800982107346)
continue (29000.0000000000000000 -27.0831863814723626)
continue (29500.0000000000000000 -27.0945833368685598)
continue (30000.0000000000000000 -27.1057723517216900)
continue (30500.0000000000000000 -27.1167855354356995)
continue (31000.0000000000000000 -27.1276258920336772)
continue (31500.0000000000000000 -27.1382667297134006)
continue (32000.0000000000000000 -27.1487453457547581)
continue (32500.0000000000000000 -27.1590708155074125)
continue (33000.0000000000000000 -27.1692163411529819)
continue (33500.0000000000000000 -27.1792120115846316)
continue (34000.0000000000000000 -27.1890708924200482)
continue (34500.0000000000000000 -27.1987588859993821)
continue (35000.0000000000000000 -27.2083176250636605)
continue (35500.0000000000000000 -27.2177476702606178)
continue (36000.0000000000000000 -27.2270177859950877)
continue (36500.0000000000000000 -27.2361818600149341)
continue (37000.0000000000000000 -27.2452002237937236)
continue (37500.0000000000000000 -27.2541027347198508)
continue (38000.0000000000000000 -27.2628926529173548)
continue (38500.0000000000000000 -27.2715464934444256)
continue (39000.0000000000000000 -27.2801108862255468)
continue (39500.0000000000000000 -27.2885342478397881)
continue (40000.0000000000000000 -27.2968765108319822)
continue (40500.0000000000000000 -27.3050903928086335)
continue (41000.0000000000000000 -27.3132179315549628)
continue (41500.0000000000000000 -27.3212329292620026)
continue (42000.0000000000000000 -27.3291584796592915)
continue (42500.0000000000000000 -27.3369823279675792)
continue (43000.0000000000000000 -27.3447161126880367)
continue (43500.0000000000000000 -27.3523560140365092)
continue (44000.0000000000000000 -27.3599087490341510)
continue (44500.0000000000000000 -27.3673715643335065)
continue (45000.0000000000000000 -27.3747529019766844)
continue (45500.0000000000000000 -27.3820445614133980)
continue (46000.0000000000000000 -27.3892639009118994)
continue (46500.0000000000000000 -27.3963911654992316)
continue (47000.0000000000000000 -27.4034571091092225)
continue (47500.0000000000000000 -27.4104243929337485)
continue (48000.0000000000000000 -27.4173434121223245)
continue (48500.0000000000000000 -27.4241602860942706)
continue (49000.0000000000000000 -27.4309332901794143)
continue (49500.0000000000000000 -27.4376101446942400)
continue (50000.0000000000000000 -27.4442340650648333)
continue (50500.0000000000000000 -27.4507862443255455)
continue (51000.0000000000000000 -27.4572683803158135)
continue (51500.0000000000000000 -27.4637005726756733)
continue (52000.0000000000000000 -27.4700462238780041)
continue (52500.0000000000000000 -27.4763553898885888)
continue (53000.0000000000000000 -27.4825783581298033)
continue (53500.0000000000000000 -27.4887534443979966)
continue (54000.0000000000000000 -27.4948753580622984)
continue (54500.0000000000000000 -27.5009226578819366)
continue (55000.0000000000000000 -27.5069376770526297)
continue (55500.0000000000000000 -27.5128709425588340)
continue (56000.0000000000000000 -27.5187616076754544)
continue (56500.0000000000000000 -27.5246069218364333)
continue (57000.0000000000000000 -27.5303792518399213)
continue (57500.0000000000000000 -27.5361212749942403)
continue (58000.0000000000000000 -27.5417969263510649)
continue (58500.0000000000000000 -27.5474236246735416)
continue (59000.0000000000000000 -27.5530193997836825)
continue (59500.0000000000000000 -27.5585401662503884)
continue (60000.0000000000000000 -27.5640266083949470)
continue (60500.0000000000000000 -27.5694752006107144)
continue (61000.0000000000000000 -27.5748572117133683)
continue (61500.0000000000000000 -27.5802092086489168)
continue (62000.0000000000000000 -27.5855173688972108)
continue (62500.0000000000000000 -27.5907671780121468)
continue (63000.0000000000000000 -27.5959918358728196)
continue (63500.0000000000000000 -27.6011655183906441)
continue (64000.0000000000000000 -27.6062903660456200)
continue (64500.0000000000000000 -27.6113913377146822)
continue (65000.0000000000000000 -27.6164399298424463)
continue (65500.0000000000000000 -27.6214442661511335)
continue (66000.0000000000000000 -27.6264257489935616)
continue (66500.0000000000000000 -27.6313573475415275)
continue (67000.0000000000000000 -27.6362455019405999)
continue (67500.0000000000000000 -27.6411116117370916)
continue (68000.0000000000000000 -27.6459341727622174)
continue (68500.0000000000000000 -27.6507101568053990)
continue (69000.0000000000000000 -27.6554641904997354)
continue (69500.0000000000000000 -27.6601847211307330)
continue (70000.0000000000000000 -27.6648536120342676)
continue (70500.0000000000000000 -27.6694999489783022)
continue (71000.0000000000000000 -27.6741223399266119)
continue (71500.0000000000000000 -27.6786885557127782)
continue (72000.0000000000000000 -27.6832322183928241)
continue (72500.0000000000000000 -27.6877578572416922)
continue (73000.0000000000000000 -27.6922299623272075)
continue (73500.0000000000000000 -27.6966740012193213)
continue (74000.0000000000000000 -27.7010996672669840)
continue (74500.0000000000000000 -27.7054909386703301)
continue (75245.0000000000000000 -50.0000000000000000)
continue (7354000.0000000000000000 -50.0000000000000000)
f(nu) = -21.1007227736410101 at 1.0000000000000000 Ryd
