# Faucher-Giguere 2019 
# z = 0.584893
# E [Ryd] log (J_nu)
interpolate (0.0000000100100000 -50.0000000000000000)
continue (0.0990000000000000 -50.0000000000000000)
continue (0.1000000000000000 -19.6805716314621257)
continue (0.1500000000000000 -19.7201219541061334)
continue (0.2000000000000000 -19.7365990909761564)
continue (0.2500000000000001 -19.7475086868979055)
continue (0.3000000000000000 -19.7574337608100628)
continue (0.3500000000000001 -19.7854387095370434)
continue (0.4000000000000001 -19.8324072864232868)
continue (0.4500000000000001 -19.8733319277069214)
continue (0.5000000000000001 -19.9651447849752124)
continue (0.5500000000000002 -20.0287023093852561)
continue (0.6000000000000002 -20.1120185387183170)
continue (0.6500000000000001 -20.1925904553063127)
continue (0.7000000000000002 -20.2986187245062695)
continue (0.7500000000000002 -20.5299939642219265)
continue (0.8000000000000002 -20.6187298675820152)
continue (0.8500000000000002 -20.7744988501834094)
continue (0.9000000000000002 -20.9295365543624499)
continue (0.9500000000000003 -21.3401318109910392)
continue (1.0100000000000000 -22.1727804983360670)
continue (1.0600000000000001 -22.2153344154155974)
continue (1.1100000000000001 -22.2441975741263853)
continue (1.1600000000000001 -22.2760399199907972)
continue (1.2100000000000002 -22.2890147183202352)
continue (1.2600000000000002 -22.3123744534589861)
continue (1.3100000000000003 -22.3165723080911143)
continue (1.3600000000000003 -22.3261151358717598)
continue (1.4100000000000004 -22.3265085079927204)
continue (1.4600000000000004 -22.3297323757758726)
continue (1.5100000000000005 -22.3284365613459848)
continue (1.5600000000000005 -22.3234780128675041)
continue (1.6100000000000005 -22.3152289397081205)
continue (1.6600000000000006 -22.3107824890084494)
continue (1.7100000000000006 -22.3091888700381027)
continue (1.7600000000000007 -22.3052686607945603)
continue (1.8100000000000007 -22.3088317331611528)
continue (1.8600000000000008 -22.3045186899222756)
continue (1.9100000000000008 -22.3096542506231188)
continue (1.9600000000000009 -22.3099046539135415)
continue (2.0000000000000000 -22.3168149462110996)
continue (2.0099999999999998 -22.3192396100723514)
continue (2.0199999999999996 -22.3219283350802407)
continue (2.0299999999999994 -22.3246665149352950)
continue (2.0399999999999991 -22.3284723416226640)
continue (2.0499999999999989 -22.3252016118104102)
continue (2.0599999999999987 -22.3281915090210177)
continue (2.0699999999999985 -22.3327297150068667)
continue (2.0799999999999983 -22.3355056929897486)
continue (2.0899999999999981 -22.3326619247183551)
continue (2.0999999999999979 -22.3369110632253864)
continue (2.1099999999999977 -22.3400591921931451)
continue (2.1199999999999974 -22.3434205804321948)
continue (2.1299999999999972 -22.3466471866647609)
continue (2.1399999999999970 -22.3450999743280505)
continue (2.1499999999999968 -22.3485803763607827)
continue (2.1599999999999966 -22.3520184456279480)
continue (2.1699999999999964 -22.3566400899240492)
continue (2.1799999999999962 -22.3603403371187284)
continue (2.1899999999999959 -22.3580057320426917)
continue (2.1999999999999957 -22.3615872488395127)
continue (2.2099999999999955 -22.3660605648612822)
continue (2.2199999999999953 -22.3684282373307752)
continue (2.2299999999999951 -22.3717791809590700)
continue (2.2399999999999949 -22.3704463855595321)
continue (2.2499999999999947 -22.3753482324262549)
continue (2.2599999999999945 -22.3787560361296904)
continue (2.2699999999999942 -22.3815926024900875)
continue (2.2799999999999940 -22.3859918076503881)
continue (2.2899999999999938 -22.3864950015671837)
continue (2.2999999999999936 -22.3897426731235925)
continue (2.3099999999999934 -22.3930295390584533)
continue (2.3199999999999932 -22.3969699510862377)
continue (2.3299999999999930 -22.4033144558927511)
continue (2.3399999999999928 -22.4069322759499734)
continue (2.3499999999999925 -22.4050102761897527)
continue (2.3599999999999923 -22.4087553203581678)
continue (2.3699999999999921 -22.4131812030428605)
continue (2.3799999999999919 -22.4194567562586009)
continue (2.3899999999999917 -22.4237927635536067)
continue (2.3999999999999915 -22.4270312411115142)
continue (2.4099999999999913 -22.4261528280711318)
continue (2.4199999999999910 -22.4317154043700882)
continue (2.4299999999999908 -22.4353686810855635)
continue (2.4399999999999906 -22.4388653605750577)
continue (2.4499999999999904 -22.4420752854548020)
continue (2.4599999999999902 -22.4459591729607375)
continue (2.4699999999999900 -22.4475771797297767)
continue (2.4799999999999898 -22.4512875139554708)
continue (2.4899999999999896 -22.4548253863777028)
continue (2.4999999999999893 -22.4584382825242344)
continue (2.5099999999999891 -22.4654220687489463)
continue (2.5199999999999889 -22.4693636573361530)
continue (2.5299999999999887 -22.4692970097182503)
continue (2.5399999999999885 -22.4725955501861989)
continue (2.5499999999999883 -22.4767146610652304)
continue (2.5599999999999881 -22.4809863081100225)
continue (2.5699999999999878 -22.4884522453039111)
continue (2.5799999999999876 -22.4928252457298754)
continue (2.5899999999999874 -22.4975837431865919)
continue (2.5999999999999872 -22.4972067257518304)
continue (2.6099999999999870 -22.5021759806957853)
continue (2.6199999999999868 -22.5103540194150256)
continue (2.6299999999999866 -22.5146265840753195)
continue (2.6399999999999864 -22.5194218811415219)
continue (2.6499999999999861 -22.5237505504994502)
continue (2.6599999999999859 -22.5284593262005970)
continue (2.6699999999999857 -22.5319000106491920)
continue (2.6799999999999855 -22.5360832603109777)
continue (2.6899999999999853 -22.5396628887251715)
continue (2.6999999999999851 -22.5432475444239380)
continue (2.7099999999999849 -22.5461728931996355)
continue (2.7199999999999847 -22.5498215652625085)
continue (2.7299999999999844 -22.5561966589901139)
continue (2.7399999999999842 -22.5609894217423630)
continue (2.7499999999999840 -22.5608939121695720)
continue (2.7599999999999838 -22.5645425739841592)
continue (2.7699999999999836 -22.5679228829002980)
continue (2.7799999999999834 -22.5720869645912003)
continue (2.7899999999999832 -22.5787272047706402)
continue (2.7999999999999829 -22.5839541275903635)
continue (2.8099999999999827 -22.5880881797251796)
continue (2.8199999999999825 -22.5922835628753802)
continue (2.8299999999999823 -22.5920908416342741)
continue (2.8399999999999821 -22.5965078305890863)
continue (2.8499999999999819 -22.6034149274862450)
continue (2.8599999999999817 -22.6093380740555823)
continue (2.8699999999999815 -22.6139025397148608)
continue (2.8799999999999812 -22.6187157008119080)
continue (2.8899999999999810 -22.6234572584234428)
continue (2.8999999999999808 -22.6272323482905833)
continue (2.9099999999999806 -22.6302151222062200)
continue (2.9199999999999804 -22.6355449273855491)
continue (2.9299999999999802 -22.6419987817273274)
continue (2.9399999999999800 -22.6472974656823745)
continue (2.9499999999999797 -22.6526161837012978)
continue (2.9599999999999795 -22.6579346749862616)
continue (2.9699999999999793 -22.6625571199062747)
continue (2.9799999999999791 -22.6691428215847601)
continue (2.9899999999999789 -22.6751762084924664)
continue (2.9999999999999787 -22.6809831302833125)
continue (3.0099999999999785 -23.1005020591810961)
continue (3.0199999999999783 -23.1049013535102610)
continue (3.0299999999999780 -23.1086893031137066)
continue (3.0399999999999778 -23.1108631893411953)
continue (3.0499999999999776 -23.1149906916295116)
continue (3.0599999999999774 -23.1209458516113848)
continue (3.0699999999999772 -23.1260319366599170)
continue (3.0799999999999770 -23.1336752470639588)
continue (3.0899999999999768 -23.1383632375894841)
continue (3.0999999999999766 -23.1427968859743594)
continue (3.1099999999999763 -23.1473519879679657)
continue (3.1199999999999761 -23.1513494899568997)
continue (3.1299999999999759 -23.1536915690984344)
continue (3.1399999999999757 -23.1596371560245942)
continue (3.1499999999999755 -23.1652031364138651)
continue (3.1599999999999753 -23.1707640757182851)
continue (3.1699999999999751 -23.1756130242325611)
continue (3.1799999999999748 -23.1806242862527725)
continue (3.1899999999999746 -23.1847859183189335)
continue (3.1999999999999744 -23.1894254403007167)
continue (3.2099999999999742 -23.1883228107738901)
continue (3.2199999999999740 -23.1905468427834052)
continue (3.2299999999999738 -23.1979306707876383)
continue (3.2399999999999736 -23.2002496191594716)
continue (3.2499999999999734 -23.2023483015853067)
continue (3.2599999999999731 -23.2099440440677185)
continue (3.2699999999999729 -23.2121870771376884)
continue (3.2799999999999727 -23.2195385645849939)
continue (3.2899999999999725 -23.2216896020758981)
continue (3.2999999999999723 -23.2226203121511787)
continue (3.3099999999999721 -23.2312939767197086)
continue (3.3199999999999719 -23.2319932679484111)
continue (3.3299999999999716 -23.2406921568570048)
continue (3.3399999999999714 -23.2414335161820063)
continue (3.3499999999999712 -23.2500669682077863)
continue (3.3599999999999710 -23.2508155094111970)
continue (3.3699999999999708 -23.2514785032169158)
continue (3.3799999999999706 -23.2599344165516619)
continue (3.3899999999999704 -23.2604995668340990)
continue (3.3999999999999702 -23.2688611853796097)
continue (3.4099999999999699 -23.2693148015875053)
continue (3.4199999999999697 -23.2776866383284293)
continue (3.4299999999999695 -23.2777849839335111)
continue (3.4399999999999693 -23.2861751534637840)
continue (3.4499999999999691 -23.2862558592343660)
continue (3.4599999999999689 -23.2839648570378763)
continue (3.4699999999999687 -23.2946166669325727)
continue (3.4799999999999685 -23.2918492136435020)
continue (3.4899999999999682 -23.3025273315209844)
continue (3.4999999999999680 -23.3007064805697972)
continue (3.5099999999999678 -23.3103253487320465)
continue (3.5199999999999676 -23.3081724671508148)
continue (3.5299999999999674 -23.3179187349245822)
continue (3.5399999999999672 -23.3154204251444348)
continue (3.5499999999999670 -23.3253469899188595)
continue (3.5599999999999667 -23.3135458321678755)
continue (3.5600000000000001 -23.3135458321679145)
continue (3.5699999999999665 -23.3235901558474588)
continue (3.5799999999999663 -23.3201517789204154)
continue (3.5899999999999661 -23.3303596293779130)
continue (3.5999999999999659 -23.3264683400758521)
continue (3.6099999999999657 -23.3385122975796051)
continue (3.6199999999999655 -23.3322801409447891)
continue (3.6299999999999653 -23.3446707604962498)
continue (3.6399999999999650 -23.3378337478929083)
continue (3.6499999999999648 -23.3506088877414939)
continue (3.6599999999999646 -23.3446585317522235)
continue (3.6699999999999644 -23.3561095791933369)
continue (3.6799999999999642 -23.3491729051880483)
continue (3.6899999999999640 -23.3609667245666692)
continue (3.6999999999999638 -23.3532106853685519)
continue (3.7099999999999635 -23.3653425741312759)
continue (3.7199999999999633 -23.3784208524578467)
continue (3.7299999999999631 -23.3712880669059793)
continue (3.7399999999999629 -23.3827673371115381)
continue (3.7499999999999627 -23.3746545471690368)
continue (3.7500000000000000 -23.3743736626404690)
continue (3.7599999999999625 -23.3813124935939882)
continue (3.7699999999999623 -23.3719864046149226)
continue (3.7799999999999621 -23.3865954755054197)
continue (3.7899999999999618 -23.3737640566289286)
continue (3.7999999999999616 -23.3890618624780053)
continue (3.8099999999999614 -23.3748729285154795)
continue (3.8199999999999612 -23.3907006173905501)
continue (3.8299999999999610 -23.4053050178755484)
continue (3.8399999999999608 -23.3914423187509612)
continue (3.8399999999999999 -23.3912495148133104)
continue (3.8499999999999606 -23.4033009996804253)
continue (3.8599999999999604 -23.3904979324818640)
continue (3.8699999999999601 -23.4040466217792833)
continue (3.8799999999999599 -23.3898560047179203)
continue (3.8899999999999597 -23.4010427308097988)
continue (3.8900000000000001 -23.4010427308098663)
continue (3.8999999999999595 -23.4167204718046911)
continue (3.9099999999999593 -23.4022028592765103)
continue (3.9199999999999591 -23.4157202236551356)
continue (3.9299999999999589 -23.3998834524471171)
continue (3.9399999999999586 -23.4169270709590407)
continue (3.9499999999999584 -23.4300543899459619)
continue (3.9599999999999582 -23.4142015666732242)
continue (3.9699999999999580 -23.4309425529007491)
continue (3.9799999999999578 -23.4103001491773384)
continue (3.9899999999999576 -23.4279792476108462)
continue (4.0099999999999998 -23.4235874206293708)
continue (4.5099999999999998 -23.7407118031802931)
continue (5.0099999999999998 -23.7805847597610267)
continue (5.5099999999999998 -23.8068615483353021)
continue (6.0099999999999998 -23.8297344847742210)
continue (6.5099999999999998 -23.8473557013705424)
continue (7.0099999999999998 -23.8615737488445312)
continue (7.5099999999999998 -23.8725464354706425)
continue (8.0099999999999998 -23.8805000919834782)
continue (8.5099999999999998 -23.8866233611171062)
continue (9.0099999999999998 -23.8914440005905355)
continue (9.5099999999999998 -23.8958154887363996)
continue (10.0000000000000000 -23.9000285594359703)
continue (10.0099999999999998 -23.9001137802845776)
continue (15.0000000000000000 -23.9748538085599314)
continue (20.0000000000000000 -24.0873640485981149)
continue (25.0000000000000000 -24.1965242446753948)
continue (30.0000000000000000 -24.2898883145729521)
continue (35.0000000000000000 -24.3654136300977093)
continue (40.0000000000000000 -24.4242077307240528)
continue (45.0000000000000000 -24.4687210602377334)
continue (50.0000000000000000 -24.5019565473280458)
continue (55.0000000000000000 -24.5267205635279488)
continue (60.0000000000000000 -24.5453974241211768)
continue (65.0000000000000000 -24.5597859729662460)
continue (70.0000000000000000 -24.5712913741406744)
continue (75.0000000000000000 -24.5808665999913778)
continue (80.0000000000000000 -24.5891462200735589)
continue (85.0000000000000000 -24.5965423243183423)
continue (90.0000000000000000 -24.6033293305394309)
continue (95.0000000000000000 -24.6096896493657908)
continue (100.0000000000000000 -24.6157392737534799)
continue (110.0000000000000000 -24.6271248961914537)
continue (120.0000000000000000 -24.6376909683029695)
continue (130.0000000000000000 -24.6475569779082804)
continue (140.0000000000000000 -24.6568237439521170)
continue (150.0000000000000000 -24.6655690952614428)
continue (160.0000000000000000 -24.6738580301089740)
continue (170.0000000000000000 -24.6817456891879417)
continue (180.0000000000000000 -24.6892743944425206)
continue (190.0000000000000000 -24.6964853675206797)
continue (200.0000000000000000 -24.7034074920459084)
continue (210.0000000000000000 -24.7100702818977567)
continue (220.0000000000000000 -24.7164974617059308)
continue (230.0000000000000000 -24.7227097385275556)
continue (240.0000000000000000 -24.7287253496657762)
continue (250.0000000000000000 -24.7345597031021782)
continue (260.0000000000000000 -24.7402258873138301)
continue (270.0000000000000000 -24.7457392670793475)
continue (280.0000000000000000 -24.7511087919787194)
continue (290.0000000000000000 -24.7563447015124858)
continue (300.0000000000000000 -24.7614566746428331)
continue (310.0000000000000000 -24.7664521398346054)
continue (320.0000000000000000 -24.7713381266786534)
continue (330.0000000000000000 -24.7761235576955805)
continue (340.0000000000000000 -24.7808108655660106)
continue (350.0000000000000000 -24.7854075239079918)
continue (360.0000000000000000 -24.7899195031495871)
continue (370.0000000000000000 -24.7943510908881528)
continue (380.0000000000000000 -24.7987048064448281)
continue (390.0000000000000000 -24.8029856599645235)
continue (400.0000000000000000 -24.8071975284980013)
continue (410.0000000000000000 -24.8113436622077046)
continue (420.0000000000000000 -24.8154273041384563)
continue (430.0000000000000000 -24.8194512553618623)
continue (440.0000000000000000 -24.8234183530667352)
continue (450.0000000000000000 -24.8273311157897254)
continue (460.0000000000000000 -24.8311918051792198)
continue (470.0000000000000000 -24.8350027341761717)
continue (480.0000000000000000 -24.8387658473744786)
continue (490.0000000000000000 -24.8424832952051737)
continue (500.0000000000000000 -24.8461567278155755)
continue (510.0000000000000000 -24.8497871098452734)
continue (520.0000000000000000 -24.8533765071635067)
continue (530.0000000000000000 -24.8569271608061939)
continue (540.0000000000000000 -24.8604410176836055)
continue (550.0000000000000000 -24.8639184923260430)
continue (560.0000000000000000 -24.8673607474223672)
continue (570.0000000000000000 -24.8707675786746130)
continue (580.0000000000000000 -24.8741428887588079)
continue (590.0000000000000000 -24.8774873709062128)
continue (600.0000000000000000 -24.8808011780847522)
continue (610.0000000000000000 -24.8840835581353019)
continue (620.0000000000000000 -24.8873390219653885)
continue (630.0000000000000000 -24.8905672813407008)
continue (640.0000000000000000 -24.8937666957704913)
continue (650.0000000000000000 -24.8969411895493344)
continue (660.0000000000000000 -24.9000913636875900)
continue (670.0000000000000000 -24.9032150045516829)
continue (680.0000000000000000 -24.9063160817522089)
continue (690.0000000000000000 -24.9093948848296556)
continue (700.0000000000000000 -24.9124485955324211)
continue (710.0000000000000000 -24.9154827515643618)
continue (720.0000000000000000 -24.9184949995346479)
continue (730.0000000000000000 -24.9214857057936747)
continue (740.0000000000000000 -24.9244582805575412)
continue (750.0000000000000000 -24.9274084031626266)
continue (760.0000000000000000 -24.9303418832484489)
continue (770.0000000000000000 -24.9332552467092512)
continue (780.0000000000000000 -24.9361511985287834)
continue (790.0000000000000000 -24.9390297380463650)
continue (800.0000000000000000 -24.9418895824049471)
continue (810.0000000000000000 -24.9447348086442382)
continue (820.0000000000000000 -24.9475605181902722)
continue (830.0000000000000000 -24.9503734734133040)
continue (840.0000000000000000 -24.9531672376764178)
continue (850.0000000000000000 -24.9559491569294707)
continue (860.0000000000000000 -24.9587126581164220)
continue (870.0000000000000000 -24.9614648698752184)
continue (880.0000000000000000 -24.9641993913984663)
continue (890.0000000000000000 -24.9669233254595220)
continue (900.0000000000000000 -24.9696299870491458)
continue (910.0000000000000000 -24.9723268738219311)
continue (920.0000000000000000 -24.9750069167003090)
continue (930.0000000000000000 -24.9776776278682817)
continue (940.0000000000000000 -24.9803324182541715)
continue (950.0000000000000000 -24.9829774012778572)
continue (960.0000000000000000 -24.9856084656122697)
continue (970.0000000000000000 -24.9882283219703965)
continue (980.0000000000000000 -24.9908369077824766)
continue (990.0000000000000000 -24.9934329691676176)
continue (1000.0000000000000000 -24.9960198542222827)
continue (1200.0000000000000000 -25.0456661435796448)
continue (1400.0000000000000000 -25.0921501267915126)
continue (1600.0000000000000000 -25.1362646707292470)
continue (1800.0000000000000000 -25.1785144123155860)
continue (2000.0000000000000000 -25.2192351566072190)
continue (2200.0000000000000000 -25.2586489884671437)
continue (2400.0000000000000000 -25.2969114136583464)
continue (2600.0000000000000000 -25.3341132003336433)
continue (2800.0000000000000000 -25.3703282562500902)
continue (3000.0000000000000000 -25.4055858356743869)
continue (3200.0000000000000000 -25.4399088609831843)
continue (3400.0000000000000000 -25.4733200802691684)
continue (3600.0000000000000000 -25.5058194418840287)
continue (3800.0000000000000000 -25.5374269166869219)
continue (4000.0000000000000000 -25.5681373075870155)
continue (4200.0000000000000000 -25.5979714759715264)
continue (4400.0000000000000000 -25.6269430826617075)
continue (4600.0000000000000000 -25.6550690922273255)
continue (4800.0000000000000000 -25.6823674035154639)
continue (5000.0000000000000000 -25.7088578624658730)
continue (5200.0000000000000000 -25.7345404908668520)
continue (5400.0000000000000000 -25.7594696229949882)
continue (5600.0000000000000000 -25.7836632383606670)
continue (5800.0000000000000000 -25.8071128596632136)
continue (6000.0000000000000000 -25.8298976916272380)
continue (6200.0000000000000000 -25.8519890803157963)
continue (6400.0000000000000000 -25.8734497555952103)
continue (6600.0000000000000000 -25.8943088991441712)
continue (6800.0000000000000000 -25.9145561576602503)
continue (7000.0000000000000000 -25.9342465202578900)
continue (7200.0000000000000000 -25.9534116902669787)
continue (7400.0000000000000000 -25.9720580032113979)
continue (7600.0000000000000000 -25.9901997071248196)
continue (7800.0000000000000000 -26.0078727141819499)
continue (8000.0000000000000000 -26.0250987127548115)
continue (8200.0000000000000000 -26.0418964775774846)
continue (8400.0000000000000000 -26.0582870451838460)
continue (8600.0000000000000000 -26.0742888378051028)
continue (8800.0000000000000000 -26.0899187578603353)
continue (9000.0000000000000000 -26.1051936776760236)
continue (9200.0000000000000000 -26.1201301966668034)
continue (9400.0000000000000000 -26.1347432557206538)
continue (9600.0000000000000000 -26.1490448713293127)
continue (9800.0000000000000000 -26.1630495315919944)
continue (10000.0000000000000000 -26.1767695150080861)
continue (10200.0000000000000000 -26.1902126633669212)
continue (10400.0000000000000000 -26.2033795235304616)
continue (10600.0000000000000000 -26.2162947853694064)
continue (10800.0000000000000000 -26.2289725336037129)
continue (11000.0000000000000000 -26.2414209565181515)
continue (11500.0000000000000000 -26.2715533389724314)
continue (12000.0000000000000000 -26.3003898437726207)
continue (12500.0000000000000000 -26.3280194221630985)
continue (13000.0000000000000000 -26.3545527995764672)
continue (13500.0000000000000000 -26.3800914867600333)
continue (14000.0000000000000000 -26.4046669856829084)
continue (14500.0000000000000000 -26.4283816138463266)
continue (15000.0000000000000000 -26.4512718572656702)
continue (15500.0000000000000000 -26.4734147446515244)
continue (16000.0000000000000000 -26.4948218647070135)
continue (16500.0000000000000000 -26.5155855862565595)
continue (17000.0000000000000000 -26.5357095555603308)
continue (17500.0000000000000000 -26.5552313449282060)
continue (18000.0000000000000000 -26.5742017549581533)
continue (18500.0000000000000000 -26.5926539171721608)
continue (19000.0000000000000000 -26.6106064325480887)
continue (19500.0000000000000000 -26.6280744502720630)
continue (20000.0000000000000000 -26.6450919060072486)
continue (20500.0000000000000000 -26.6616837512942482)
continue (21000.0000000000000000 -26.6778703983129759)
continue (21500.0000000000000000 -26.6936706058537609)
continue (22000.0000000000000000 -26.7091020650345428)
continue (22500.0000000000000000 -26.7241814655708687)
continue (23000.0000000000000000 -26.7389244748146879)
continue (23500.0000000000000000 -26.7533460315461760)
continue (24000.0000000000000000 -26.7674600844193407)
continue (24500.0000000000000000 -26.7812771949333097)
continue (25000.0000000000000000 -26.7948058007339291)
continue (25500.0000000000000000 -26.8080532535335507)
continue (26000.0000000000000000 -26.8210433983147922)
continue (26500.0000000000000000 -26.8337890547465392)
continue (27000.0000000000000000 -26.8462949180790709)
continue (27500.0000000000000000 -26.8585695510775686)
continue (28000.0000000000000000 -26.8706041415561643)
continue (28500.0000000000000000 -26.8824192358043987)
continue (29000.0000000000000000 -26.8940393318315358)
continue (29500.0000000000000000 -26.9054609890565750)
continue (30000.0000000000000000 -26.9166725075170561)
continue (30500.0000000000000000 -26.9276908256325278)
continue (31000.0000000000000000 -26.9385449513978408)
continue (31500.0000000000000000 -26.9492212660020982)
continue (32000.0000000000000000 -26.9597025646740853)
continue (32500.0000000000000000 -26.9700387175126153)
continue (33000.0000000000000000 -26.9802187453033078)
continue (33500.0000000000000000 -26.9902163162259789)
continue (34000.0000000000000000 -27.0000858640613970)
continue (34500.0000000000000000 -27.0098072594471041)
continue (35000.0000000000000000 -27.0193658504483061)
continue (35500.0000000000000000 -27.0288134409188068)
continue (36000.0000000000000000 -27.0381041295462161)
continue (36500.0000000000000000 -27.0472732165694261)
continue (37000.0000000000000000 -27.0563252182914660)
continue (37500.0000000000000000 -27.0652257114413999)
continue (38000.0000000000000000 -27.0740364822656687)
continue (38500.0000000000000000 -27.0827031562534088)
continue (39000.0000000000000000 -27.0912750608365052)
continue (39500.0000000000000000 -27.0997240201433129)
continue (40000.0000000000000000 -27.1080688680162929)
continue (40500.0000000000000000 -27.1163122708186286)
continue (41000.0000000000000000 -27.1244400936169292)
continue (41500.0000000000000000 -27.1324860114021540)
continue (42000.0000000000000000 -27.1404091121332804)
continue (42500.0000000000000000 -27.1482624724478363)
continue (43000.0000000000000000 -27.1559936823819967)
continue (43500.0000000000000000 -27.1636630209942069)
continue (44000.0000000000000000 -27.1712130946719839)
continue (44500.0000000000000000 -27.1787052352737426)
continue (45000.0000000000000000 -27.1860837652362690)
continue (45500.0000000000000000 -27.1934046317745093)
continue (46000.0000000000000000 -27.2006198369469168)
continue (46500.0000000000000000 -27.2077736313858161)
continue (47000.0000000000000000 -27.2148369917526054)
continue (47500.0000000000000000 -27.2218288756632099)
continue (48000.0000000000000000 -27.2287487292355337)
continue (48500.0000000000000000 -27.2355859403783356)
continue (49000.0000000000000000 -27.2423684621464730)
continue (49500.0000000000000000 -27.2490558044905420)
continue (50000.0000000000000000 -27.2557052912891820)
continue (50500.0000000000000000 -27.2622561746003207)
continue (51000.0000000000000000 -27.2687637106522835)
continue (51500.0000000000000000 -27.2751921604047816)
continue (52000.0000000000000000 -27.2815585103737135)
continue (52500.0000000000000000 -27.2878759438359708)
continue (53000.0000000000000000 -27.2941080574575068)
continue (53500.0000000000000000 -27.3003110361924755)
continue (54000.0000000000000000 -27.3064267427943435)
continue (54500.0000000000000000 -27.3124956366505387)
continue (55000.0000000000000000 -27.3185156618303715)
continue (55500.0000000000000000 -27.3244589681184529)
continue (56000.0000000000000000 -27.3303774937915271)
continue (56500.0000000000000000 -27.3362153533936976)
continue (57000.0000000000000000 -27.3420072314626275)
continue (57500.0000000000000000 -27.3477620395378374)
continue (58000.0000000000000000 -27.3534417514005561)
continue (58500.0000000000000000 -27.3590909075627877)
continue (59000.0000000000000000 -27.3646848209890443)
continue (59500.0000000000000000 -27.3702184260831665)
continue (60000.0000000000000000 -27.3757318492953416)
continue (60500.0000000000000000 -27.3811727907030651)
continue (61000.0000000000000000 -27.3865716088854505)
continue (61500.0000000000000000 -27.3919450250313368)
continue (62000.0000000000000000 -27.3972477493165911)
continue (62500.0000000000000000 -27.4025158542561584)
continue (63000.0000000000000000 -27.4077560551720616)
continue (63500.0000000000000000 -27.4129289799569342)
continue (64000.0000000000000000 -27.4180721278724171)
continue (64500.0000000000000000 -27.4231848249629557)
continue (65000.0000000000000000 -27.4282352544223222)
continue (65500.0000000000000000 -27.4332575207238918)
continue (66000.0000000000000000 -27.4382504937380567)
continue (66500.0000000000000000 -27.4431833240610956)
continue (67000.0000000000000000 -27.4480888573718111)
continue (67500.0000000000000000 -27.4529693977599898)
continue (68000.0000000000000000 -27.4577897370720976)
continue (68500.0000000000000000 -27.4625824170162822)
continue (69000.0000000000000000 -27.4673556776886159)
continue (69500.0000000000000000 -27.4720693301694965)
continue (70000.0000000000000000 -27.4767531937315184)
continue (70500.0000000000000000 -27.4814230487180744)
continue (71000.0000000000000000 -27.4860366640252920)
continue (71500.0000000000000000 -27.4906150465872550)
continue (72000.0000000000000000 -27.4951806163999422)
continue (72500.0000000000000000 -27.4997053863054752)
continue (73000.0000000000000000 -27.5041857987207976)
continue (73500.0000000000000000 -27.5086467093073814)
continue (74000.0000000000000000 -27.5130858773099014)
continue (74500.0000000000000000 -27.5174728832055386)
continue (75245.0000000000000000 -50.0000000000000000)
continue (7354000.0000000000000000 -50.0000000000000000)
f(nu) = -20.9382891272024239 at 1.0000000000000000 Ryd
