# Faucher-Giguere 2019 
# z = 5.309573
# E [Ryd] log (J_nu)
interpolate (0.0000000100100000 -50.0000000000000000)
continue (0.0990000000000000 -50.0000000000000000)
continue (0.1000000000000000 -19.4255064740273689)
continue (0.1500000000000000 -19.4514126325302712)
continue (0.2000000000000000 -19.4612267837298631)
continue (0.2500000000000001 -19.5795320587814530)
continue (0.3000000000000000 -19.5519623354350927)
continue (0.3500000000000001 -19.5266109125329592)
continue (0.4000000000000001 -19.5079887457757586)
continue (0.4500000000000001 -19.5074188507906356)
continue (0.5000000000000001 -19.5065112082682077)
continue (0.5500000000000002 -19.4692760579626203)
continue (0.6000000000000002 -19.4083112416884518)
continue (0.6500000000000001 -19.3849937691136951)
continue (0.7000000000000002 -19.3872271679132062)
continue (0.7500000000000002 -19.6149815870475805)
continue (0.8000000000000002 -19.6906423881691524)
continue (0.8500000000000002 -19.7856134033367184)
continue (0.9000000000000002 -19.9720241633312874)
continue (0.9500000000000003 -20.2590883451144066)
continue (1.0100000000000000 -21.7534106068761020)
continue (1.0600000000000001 -21.8656515337036339)
continue (1.1100000000000001 -21.8629646574233334)
continue (1.1600000000000001 -22.0625961711958283)
continue (1.2100000000000002 -22.0127652803846452)
continue (1.2600000000000002 -21.9561991995883012)
continue (1.3100000000000003 -22.0413839734908699)
continue (1.3600000000000003 -22.1056093929975681)
continue (1.4100000000000004 -22.0985484876938223)
continue (1.4600000000000004 -22.2015930707621223)
continue (1.5100000000000005 -22.1450632274761681)
continue (1.5600000000000005 -22.1473522834168151)
continue (1.6100000000000005 -22.1490451783836590)
continue (1.6600000000000006 -22.3660916660835269)
continue (1.7100000000000006 -22.1575044392434464)
continue (1.7600000000000007 -22.1531444473703480)
continue (1.8100000000000007 -22.2273136658164425)
continue (1.8600000000000008 -22.2731777325239513)
continue (1.9100000000000008 -22.2050670255760387)
continue (1.9600000000000009 -22.2053577425272906)
continue (2.0000000000000000 -22.3096207430182361)
continue (2.0099999999999998 -22.3025340010624369)
continue (2.0199999999999996 -22.3056358811824040)
continue (2.0299999999999994 -22.3190219318888339)
continue (2.0399999999999991 -22.3297744350522542)
continue (2.0499999999999989 -22.3171309517376173)
continue (2.0599999999999987 -22.3181782986089949)
continue (2.0699999999999985 -22.3239937908974433)
continue (2.0799999999999983 -22.3256166916759184)
continue (2.0899999999999981 -22.3728664677079649)
continue (2.0999999999999979 -22.3634754150977599)
continue (2.1099999999999977 -22.4130935446612618)
continue (2.1199999999999974 -22.3949558438254783)
continue (2.1299999999999972 -22.4248470209591559)
continue (2.1399999999999970 -22.4186951577930245)
continue (2.1499999999999968 -22.3958759900165205)
continue (2.1599999999999966 -22.4599598583035984)
continue (2.1699999999999964 -22.4518570673140907)
continue (2.1799999999999962 -22.4835387632383075)
continue (2.1899999999999959 -22.4534776029390812)
continue (2.1999999999999957 -22.4476006472774117)
continue (2.2099999999999955 -22.4732004292263063)
continue (2.2199999999999953 -22.5049465012696821)
continue (2.2299999999999951 -22.5294921067991041)
continue (2.2399999999999949 -22.5367003226745020)
continue (2.2499999999999947 -22.5330209010080580)
continue (2.2599999999999945 -22.5794004971586126)
continue (2.2699999999999942 -22.6154670483851383)
continue (2.2799999999999940 -22.6584604622276693)
continue (2.2899999999999938 -22.6861260786877601)
continue (2.2999999999999936 -22.7192057139950094)
continue (2.3099999999999934 -22.7248356034328225)
continue (2.3199999999999932 -22.7841901851533137)
continue (2.3299999999999930 -22.7691377866951115)
continue (2.3399999999999928 -22.7811421668744707)
continue (2.3499999999999925 -22.7745641719906722)
continue (2.3599999999999923 -22.7759969722197440)
continue (2.3699999999999921 -22.7509611433664212)
continue (2.3799999999999919 -22.7560671015349065)
continue (2.3899999999999917 -22.7086795666913908)
continue (2.3999999999999915 -22.7192340029659547)
continue (2.4099999999999913 -22.6963064169484454)
continue (2.4199999999999910 -22.6862532020001311)
continue (2.4299999999999908 -22.6850592400136293)
continue (2.4399999999999906 -22.6642574366028846)
continue (2.4499999999999904 -22.7020731941443792)
continue (2.4599999999999902 -22.6578125873781353)
continue (2.4699999999999900 -22.7113063657626952)
continue (2.4799999999999898 -22.7223518065835073)
continue (2.4899999999999896 -22.7574168019277856)
continue (2.4999999999999893 -22.7717616026552321)
continue (2.5099999999999891 -22.7463998883167164)
continue (2.5199999999999889 -22.7338343185058172)
continue (2.5299999999999887 -22.7085784934542971)
continue (2.5399999999999885 -22.7167081130955708)
continue (2.5499999999999883 -22.6922397229019168)
continue (2.5599999999999881 -22.7252487118943272)
continue (2.5699999999999878 -22.6940322245830792)
continue (2.5799999999999876 -22.7219727845970034)
continue (2.5899999999999874 -22.6742465676962830)
continue (2.5999999999999872 -22.7161698655831259)
continue (2.6099999999999870 -22.6718100317053057)
continue (2.6199999999999868 -22.7050418383372872)
continue (2.6299999999999866 -22.6706357667527634)
continue (2.6399999999999864 -22.6948675501073573)
continue (2.6499999999999861 -22.6646055497193402)
continue (2.6599999999999859 -22.6797393987501117)
continue (2.6699999999999857 -22.6518749144959664)
continue (2.6799999999999855 -22.6676173040082283)
continue (2.6899999999999853 -22.6905507798097332)
continue (2.6999999999999851 -22.7138989897317387)
continue (2.7099999999999849 -22.7414766717876802)
continue (2.7199999999999847 -22.7410341130174274)
continue (2.7299999999999844 -22.7162603257823719)
continue (2.7399999999999842 -22.6916759056055319)
continue (2.7499999999999840 -22.6928435370268069)
continue (2.7599999999999838 -22.6745102439887880)
continue (2.7699999999999836 -22.7028237697570674)
continue (2.7799999999999834 -22.6903493163191463)
continue (2.7899999999999832 -22.7397995279610754)
continue (2.7999999999999829 -22.7568651903884813)
continue (2.8099999999999827 -22.7494590801631915)
continue (2.8199999999999825 -22.7770948365559498)
continue (2.8299999999999823 -22.8242941626948728)
continue (2.8399999999999821 -22.7845269861129225)
continue (2.8499999999999819 -22.7891139962927127)
continue (2.8599999999999817 -22.7936217177477225)
continue (2.8699999999999815 -22.7816631936667626)
continue (2.8799999999999812 -22.7716476098738276)
continue (2.8899999999999810 -22.7475002676921179)
continue (2.8999999999999808 -22.7498102762589873)
continue (2.9099999999999806 -22.6952665519350418)
continue (2.9199999999999804 -22.7087424340509294)
continue (2.9299999999999802 -22.6433226916841974)
continue (2.9399999999999800 -22.6282776471488880)
continue (2.9499999999999797 -22.6015496067578283)
continue (2.9599999999999795 -22.5493821187768049)
continue (2.9699999999999793 -22.5466602189756209)
continue (2.9799999999999791 -22.4647083103595229)
continue (2.9899999999999789 -22.4694981861093055)
continue (2.9999999999999787 -22.4513285943255987)
continue (3.0099999999999785 -23.1835371212560233)
continue (3.0199999999999783 -23.1543543993485521)
continue (3.0299999999999780 -23.1755005087910568)
continue (3.0399999999999778 -23.2015630674954316)
continue (3.0499999999999776 -23.1282322235140079)
continue (3.0599999999999774 -23.2531912152133096)
continue (3.0699999999999772 -23.2664324236299400)
continue (3.0799999999999770 -23.2583658740686197)
continue (3.0899999999999768 -23.2732059672741336)
continue (3.0999999999999766 -23.2548838328350591)
continue (3.1099999999999763 -23.2505380115159426)
continue (3.1199999999999761 -23.2356162232186563)
continue (3.1299999999999759 -23.2218808289901411)
continue (3.1399999999999757 -23.2188531402893439)
continue (3.1499999999999755 -23.1869674564068262)
continue (3.1599999999999753 -23.1845361247211592)
continue (3.1699999999999751 -23.1742231785572130)
continue (3.1799999999999748 -23.1704123838294365)
continue (3.1899999999999746 -23.1831540595641528)
continue (3.1999999999999744 -23.1883755765473900)
continue (3.2099999999999742 -23.1809799492229409)
continue (3.2199999999999740 -23.2008913394651657)
continue (3.2299999999999738 -23.1953467998544731)
continue (3.2399999999999736 -23.2055699139904945)
continue (3.2499999999999734 -23.2280308962106794)
continue (3.2599999999999731 -23.2000400612616531)
continue (3.2699999999999729 -23.2081431432802354)
continue (3.2799999999999727 -23.2096673285021211)
continue (3.2899999999999725 -23.1642078487047449)
continue (3.2999999999999723 -23.1835761792708510)
continue (3.3099999999999721 -23.1759853403442762)
continue (3.3199999999999719 -23.1862399344024617)
continue (3.3299999999999716 -23.2135604277149277)
continue (3.3399999999999714 -23.2053640072080825)
continue (3.3499999999999712 -23.2552633771078021)
continue (3.3599999999999710 -23.3109853738729420)
continue (3.3699999999999708 -23.3044816990267449)
continue (3.3799999999999706 -23.3369827150296203)
continue (3.3899999999999704 -23.3388997127344346)
continue (3.3999999999999702 -23.3549288050653132)
continue (3.4099999999999699 -23.4125208586032336)
continue (3.4199999999999697 -23.3878638304169826)
continue (3.4299999999999695 -23.4268294332189662)
continue (3.4399999999999693 -23.4684856171069818)
continue (3.4499999999999691 -23.4364065646679194)
continue (3.4599999999999689 -23.5259861236331247)
continue (3.4699999999999687 -23.5263147875170908)
continue (3.4799999999999685 -23.5482020204000158)
continue (3.4899999999999682 -23.7066020214895872)
continue (3.4999999999999680 -23.6646893958088853)
continue (3.5099999999999678 -23.7118380352172089)
continue (3.5199999999999676 -23.7938381895668201)
continue (3.5299999999999674 -23.7728635582550147)
continue (3.5399999999999672 -23.9011882031830609)
continue (3.5499999999999670 -24.1246864561444525)
continue (3.5599999999999667 -23.5497345141928420)
continue (3.5600000000000001 -23.5497345141928598)
continue (3.5699999999999665 -23.5574492978043466)
continue (3.5799999999999663 -23.5636963249300599)
continue (3.5899999999999661 -23.5684646971508585)
continue (3.5999999999999659 -23.5951278855804851)
continue (3.6099999999999657 -23.6401155007453525)
continue (3.6199999999999655 -23.6613633901842917)
continue (3.6299999999999653 -23.6895487435187420)
continue (3.6399999999999650 -23.7460850479622678)
continue (3.6499999999999648 -23.7674149247432780)
continue (3.6599999999999646 -23.7963379991021817)
continue (3.6699999999999644 -23.8763349659184669)
continue (3.6799999999999642 -23.8967459833435782)
continue (3.6899999999999640 -23.9223048246879060)
continue (3.6999999999999638 -24.0410211450787266)
continue (3.7099999999999635 -24.0592689980992240)
continue (3.7199999999999633 -24.0864643099870257)
continue (3.7299999999999631 -24.3157355217147639)
continue (3.7399999999999629 -24.3410488935968878)
continue (3.7499999999999627 -24.3853195465053929)
continue (3.7500000000000000 -24.3853195465055670)
continue (3.7599999999999625 -23.9416447268497130)
continue (3.7699999999999623 -23.9442104764902375)
continue (3.7799999999999621 -24.0003949018020890)
continue (3.7899999999999618 -24.0957966926789098)
continue (3.7999999999999616 -24.1304402520872578)
continue (3.8099999999999614 -24.2425367327084977)
continue (3.8199999999999612 -24.3812325409190116)
continue (3.8299999999999610 -24.3920993344662875)
continue (3.8399999999999608 -24.3985672203939501)
continue (3.8399999999999999 -24.3985672203939750)
continue (3.8499999999999606 -24.1491404239243863)
continue (3.8599999999999604 -24.3891914886432311)
continue (3.8699999999999601 -24.3919078292332649)
continue (3.8799999999999599 -24.3973629576486104)
continue (3.8899999999999597 -23.9436904577430738)
continue (3.8900000000000001 -23.9436904577430951)
continue (3.8999999999999595 -23.9501087641416106)
continue (3.9099999999999593 -24.0220015192684286)
continue (3.9199999999999591 -24.0216671068784287)
continue (3.9299999999999589 -24.0285339284723989)
continue (3.9399999999999586 -24.1395524555438890)
continue (3.9499999999999584 -24.1367261259960024)
continue (3.9599999999999582 -24.1461297823430066)
continue (3.9699999999999580 -24.3519970255934020)
continue (3.9799999999999578 -24.3430602620797067)
continue (3.9899999999999576 -24.3599035020676276)
continue (4.0099999999999998 -25.1224226698197874)
continue (4.5099999999999998 -25.7856456348896685)
continue (5.0099999999999998 -25.8557300514860700)
continue (5.5099999999999998 -25.8395826295949718)
continue (6.0099999999999998 -25.8592823525550308)
continue (6.5099999999999998 -25.8426310839499003)
continue (7.0099999999999998 -25.8339675770549242)
continue (7.5099999999999998 -25.8290270459730529)
continue (8.0099999999999998 -25.8177310418341186)
continue (8.5099999999999998 -25.8071457559424715)
continue (9.0099999999999998 -25.7924046123113300)
continue (9.5099999999999998 -25.7771475270595083)
continue (10.0000000000000000 -25.7611892340774666)
continue (10.0099999999999998 -25.7608296327376536)
continue (15.0000000000000000 -25.5995455551691613)
continue (20.0000000000000000 -25.4700534878504641)
continue (25.0000000000000000 -25.3792277364070600)
continue (30.0000000000000000 -25.3466595570398283)
continue (35.0000000000000000 -25.3483857506722181)
continue (40.0000000000000000 -25.3617987937673988)
continue (45.0000000000000000 -25.3834985729546290)
continue (50.0000000000000000 -25.4102452347667231)
continue (55.0000000000000000 -25.4394132812466580)
continue (60.0000000000000000 -25.4683042739213938)
continue (65.0000000000000000 -25.4933201277262285)
continue (70.0000000000000000 -25.5135166278668670)
continue (75.0000000000000000 -25.5292100378885110)
continue (80.0000000000000000 -25.5408865527142126)
continue (85.0000000000000000 -25.5491385353876339)
continue (90.0000000000000000 -25.5546910035301273)
continue (95.0000000000000000 -25.5584801937895421)
continue (100.0000000000000000 -25.5617689725849360)
continue (110.0000000000000000 -25.5688361714970647)
continue (120.0000000000000000 -25.5762361728537115)
continue (130.0000000000000000 -25.5836768097188987)
continue (140.0000000000000000 -25.5910078670939711)
continue (150.0000000000000000 -25.5981513608821736)
continue (160.0000000000000000 -25.6050718151947230)
continue (170.0000000000000000 -25.6117576026163327)
continue (180.0000000000000000 -25.6182086580598707)
continue (190.0000000000000000 -25.6244300014962469)
continue (200.0000000000000000 -25.6304324856165202)
continue (210.0000000000000000 -25.6362283243610740)
continue (220.0000000000000000 -25.6418287466942338)
continue (230.0000000000000000 -25.6472454350059600)
continue (240.0000000000000000 -25.6524910221675242)
continue (250.0000000000000000 -25.6575759354489286)
continue (260.0000000000000000 -25.6625106265019944)
continue (270.0000000000000000 -25.6673037467955503)
continue (280.0000000000000000 -25.6719656780465186)
continue (290.0000000000000000 -25.6765030897168280)
continue (300.0000000000000000 -25.6809239920014072)
continue (310.0000000000000000 -25.6852346989556715)
continue (320.0000000000000000 -25.6894431777637529)
continue (330.0000000000000000 -25.6935534001378407)
continue (340.0000000000000000 -25.6975717798109891)
continue (350.0000000000000000 -25.7015036302294355)
continue (360.0000000000000000 -25.7053536052778036)
continue (370.0000000000000000 -25.7091235948941197)
continue (380.0000000000000000 -25.7128206590094983)
continue (390.0000000000000000 -25.7164466602742081)
continue (400.0000000000000000 -25.7200063411099009)
continue (410.0000000000000000 -25.7235023447254711)
continue (420.0000000000000000 -25.7269368706343826)
continue (430.0000000000000000 -25.7303133037625145)
continue (440.0000000000000000 -25.7336343432645194)
continue (450.0000000000000000 -25.7369024195987244)
continue (460.0000000000000000 -25.7401196507256635)
continue (470.0000000000000000 -25.7432876741284673)
continue (480.0000000000000000 -25.7464091485927398)
continue (490.0000000000000000 -25.7494863750383409)
continue (500.0000000000000000 -25.7525205709676506)
continue (510.0000000000000000 -25.7555132537545930)
continue (520.0000000000000000 -25.7584670086682621)
continue (530.0000000000000000 -25.7613808911741629)
continue (540.0000000000000000 -25.7642589200625594)
continue (550.0000000000000000 -25.7671007673248553)
continue (560.0000000000000000 -25.7699088715775915)
continue (570.0000000000000000 -25.7726847700136155)
continue (580.0000000000000000 -25.7754273233019013)
continue (590.0000000000000000 -25.7781388923051828)
continue (600.0000000000000000 -25.7808214856981941)
continue (610.0000000000000000 -25.7834755055250646)
continue (620.0000000000000000 -25.7861010310825804)
continue (630.0000000000000000 -25.7886995530320036)
continue (640.0000000000000000 -25.7912727314318566)
continue (650.0000000000000000 -25.7938193254598680)
continue (660.0000000000000000 -25.7963413459865194)
continue (670.0000000000000000 -25.7988405892232961)
continue (680.0000000000000000 -25.8013153549951504)
continue (690.0000000000000000 -25.8037677849243146)
continue (700.0000000000000000 -25.8061989843686668)
continue (710.0000000000000000 -25.8086081045848381)
continue (720.0000000000000000 -25.8109976663438232)
continue (730.0000000000000000 -25.8133668118315640)
continue (740.0000000000000000 -25.8157160100927143)
continue (750.0000000000000000 -25.8180464148374931)
continue (760.0000000000000000 -25.8203576746260417)
continue (770.0000000000000000 -25.8226527059638293)
continue (780.0000000000000000 -25.8249280369037315)
continue (790.0000000000000000 -25.8271870793561398)
continue (800.0000000000000000 -25.8294299447096911)
continue (810.0000000000000000 -25.8316553394570505)
continue (820.0000000000000000 -25.8338657660677065)
continue (830.0000000000000000 -25.8360603646115372)
continue (840.0000000000000000 -25.8382397830383468)
continue (850.0000000000000000 -25.8404046341275055)
continue (860.0000000000000000 -25.8425547046196691)
continue (870.0000000000000000 -25.8446909926880473)
continue (880.0000000000000000 -25.8468131516534001)
continue (890.0000000000000000 -25.8489221661689506)
continue (900.0000000000000000 -25.8510176510634544)
continue (910.0000000000000000 -25.8531004471287567)
continue (920.0000000000000000 -25.8551706581108647)
continue (930.0000000000000000 -25.8572281503298171)
continue (940.0000000000000000 -25.8592745392704479)
continue (950.0000000000000000 -25.8613078480549490)
continue (960.0000000000000000 -25.8633303812098880)
continue (970.0000000000000000 -25.8653418429310946)
continue (980.0000000000000000 -25.8673406179968985)
continue (990.0000000000000000 -25.8693306724790943)
continue (1000.0000000000000000 -25.8713082399603707)
continue (1200.0000000000000000 -25.9089189006052898)
continue (1400.0000000000000000 -25.9435778515720372)
continue (1600.0000000000000000 -25.9760680675547881)
continue (1800.0000000000000000 -26.0069009613067976)
continue (2000.0000000000000000 -26.0364198024666216)
continue (2200.0000000000000000 -26.0648758040958057)
continue (2400.0000000000000000 -26.0924470732388940)
continue (2600.0000000000000000 -26.1192758868227095)
continue (2800.0000000000000000 -26.1454681457195974)
continue (3000.0000000000000000 -26.1711095319680815)
continue (3200.0000000000000000 -26.1962689561121707)
continue (3400.0000000000000000 -26.2210014023838340)
continue (3600.0000000000000000 -26.2453609467121183)
continue (3800.0000000000000000 -26.2693737441634596)
continue (4000.0000000000000000 -26.2930826203432950)
continue (4200.0000000000000000 -26.3165149027276613)
continue (4400.0000000000000000 -26.3396902245688160)
continue (4600.0000000000000000 -26.3626310945557698)
continue (4800.0000000000000000 -26.3853449512912839)
continue (5000.0000000000000000 -26.4078488837107557)
continue (5200.0000000000000000 -26.4301349391335734)
continue (5400.0000000000000000 -26.4521709449222797)
continue (5600.0000000000000000 -26.4739348027382029)
continue (5800.0000000000000000 -26.4954063502088211)
continue (6000.0000000000000000 -26.5165530264683333)
continue (6200.0000000000000000 -26.5373687333372423)
continue (6400.0000000000000000 -26.5578345384872030)
continue (6600.0000000000000000 -26.5779216644149976)
continue (6800.0000000000000000 -26.5976380312621608)
continue (7000.0000000000000000 -26.6169625504519018)
continue (7200.0000000000000000 -26.6358895324798297)
continue (7400.0000000000000000 -26.6544113050709406)
continue (7600.0000000000000000 -26.6725163371048595)
continue (7800.0000000000000000 -26.6902150062111048)
continue (8000.0000000000000000 -26.7074990185205046)
continue (8200.0000000000000000 -26.7243609923753382)
continue (8400.0000000000000000 -26.7408201125929459)
continue (8600.0000000000000000 -26.7568881700291179)
continue (8800.0000000000000000 -26.7725833405351636)
continue (9000.0000000000000000 -26.7879226077522574)
continue (9200.0000000000000000 -26.8029226101606994)
continue (9400.0000000000000000 -26.8175995485301151)
continue (9600.0000000000000000 -26.8319576912708833)
continue (9800.0000000000000000 -26.8460148131675851)
continue (10000.0000000000000000 -26.8597940633778833)
continue (10200.0000000000000000 -26.8732937930184370)
continue (10400.0000000000000000 -26.8865346879143878)
continue (10600.0000000000000000 -26.8995155453469685)
continue (10800.0000000000000000 -26.9122509083951869)
continue (11000.0000000000000000 -26.9247439379317086)
continue (11500.0000000000000000 -26.9550159544882959)
continue (12000.0000000000000000 -26.9839913776962632)
continue (12500.0000000000000000 -27.0117701325148296)
continue (13000.0000000000000000 -27.0384399049770074)
continue (13500.0000000000000000 -27.0640928306805471)
continue (14000.0000000000000000 -27.0888184352224677)
continue (14500.0000000000000000 -27.1126397453778196)
continue (15000.0000000000000000 -27.1356719808395859)
continue (15500.0000000000000000 -27.1579138823869961)
continue (16000.0000000000000000 -27.1794563206812612)
continue (16500.0000000000000000 -27.2003252737080992)
continue (17000.0000000000000000 -27.2205596665804421)
continue (17500.0000000000000000 -27.2402118671850602)
continue (18000.0000000000000000 -27.2592936171298206)
continue (18500.0000000000000000 -27.2778469761958320)
continue (19000.0000000000000000 -27.2958961768641188)
continue (19500.0000000000000000 -27.3134737882604064)
continue (20000.0000000000000000 -27.3305971771103025)
continue (20500.0000000000000000 -27.3472970842504992)
continue (21000.0000000000000000 -27.3635906945774323)
continue (21500.0000000000000000 -27.3794944540494960)
continue (22000.0000000000000000 -27.3950252300807371)
continue (22500.0000000000000000 -27.4101999308952990)
continue (23000.0000000000000000 -27.4250354030725312)
continue (23500.0000000000000000 -27.4395486936053707)
continue (24000.0000000000000000 -27.4537559064023071)
continue (24500.0000000000000000 -27.4676668122687921)
continue (25000.0000000000000000 -27.4812867896840380)
continue (25500.0000000000000000 -27.4946453785398006)
continue (26000.0000000000000000 -27.5077240993014165)
continue (26500.0000000000000000 -27.5205590738037991)
continue (27000.0000000000000000 -27.5331401697283304)
continue (27500.0000000000000000 -27.5455002507145572)
continue (28000.0000000000000000 -27.5576295692960649)
continue (28500.0000000000000000 -27.5695381223440243)
continue (29000.0000000000000000 -27.5812394695525178)
continue (29500.0000000000000000 -27.5927338132336821)
continue (30000.0000000000000000 -27.6040368234665259)
continue (30500.0000000000000000 -27.6151445175589103)
continue (31000.0000000000000000 -27.6260671482594731)
continue (31500.0000000000000000 -27.6368183966728722)
continue (32000.0000000000000000 -27.6473996630123473)
continue (32500.0000000000000000 -27.6578056089606257)
continue (33000.0000000000000000 -27.6680544084315443)
continue (33500.0000000000000000 -27.6781497946510946)
continue (34000.0000000000000000 -27.6880840460680240)
continue (34500.0000000000000000 -27.6978788603828647)
continue (35000.0000000000000000 -27.7075291437623612)
continue (35500.0000000000000000 -27.7170362425455821)
continue (36000.0000000000000000 -27.7264233410467718)
continue (36500.0000000000000000 -27.7356567006103916)
continue (37000.0000000000000000 -27.7447681661225509)
continue (37500.0000000000000000 -27.7537604928558075)
continue (38000.0000000000000000 -27.7626293786276435)
continue (38500.0000000000000000 -27.7713844487616370)
continue (39000.0000000000000000 -27.7800113908534918)
continue (39500.0000000000000000 -27.7885473237747753)
continue (40000.0000000000000000 -27.7969536777173829)
continue (40500.0000000000000000 -27.8052631725855122)
continue (41000.0000000000000000 -27.8134719896065619)
continue (41500.0000000000000000 -27.8215681799079242)
continue (42000.0000000000000000 -27.8295778109013199)
continue (42500.0000000000000000 -27.8374798218782438)
continue (43000.0000000000000000 -27.8452975985140156)
continue (43500.0000000000000000 -27.8530146382450745)
continue (44000.0000000000000000 -27.8606503834967079)
continue (44500.0000000000000000 -27.8681893958223519)
continue (45000.0000000000000000 -27.8756528238622074)
continue (45500.0000000000000000 -27.8830207266235064)
continue (46000.0000000000000000 -27.8903186831416257)
continue (46500.0000000000000000 -27.8975254155285697)
continue (47000.0000000000000000 -27.9046567505652163)
continue (47500.0000000000000000 -27.9117191748503295)
continue (48000.0000000000000000 -27.9186882494143056)
continue (48500.0000000000000000 -27.9256058272964864)
continue (49000.0000000000000000 -27.9324305942095457)
continue (49500.0000000000000000 -27.9391960382119429)
continue (50000.0000000000000000 -27.9458895603334199)
continue (50500.0000000000000000 -27.9525189337872888)
continue (51000.0000000000000000 -27.9590746482428898)
continue (51500.0000000000000000 -27.9655662476313438)
continue (52000.0000000000000000 -27.9720075883800838)
continue (52500.0000000000000000 -27.9783636664126298)
continue (53000.0000000000000000 -27.9846710830247716)
continue (53500.0000000000000000 -27.9909140903274114)
continue (54000.0000000000000000 -27.9971039405572242)
continue (54500.0000000000000000 -28.0032387725924714)
continue (55000.0000000000000000 -28.0092966706881157)
continue (55500.0000000000000000 -28.0153137349642272)
continue (56000.0000000000000000 -28.0212709122710422)
continue (56500.0000000000000000 -28.0271770151839128)
continue (57000.0000000000000000 -28.0330379426800818)
continue (57500.0000000000000000 -28.0388302902917950)
continue (58000.0000000000000000 -28.0445802878807626)
continue (58500.0000000000000000 -28.0502780612929072)
continue (59000.0000000000000000 -28.0559196390348156)
continue (59500.0000000000000000 -28.0615236760162112)
continue (60000.0000000000000000 -28.0670735184737410)
continue (60500.0000000000000000 -28.0725773703929313)
continue (61000.0000000000000000 -28.0780418237362390)
continue (61500.0000000000000000 -28.0834506160162363)
continue (62000.0000000000000000 -28.0888214368120686)
continue (62500.0000000000000000 -28.0941514380161692)
continue (63000.0000000000000000 -28.0994252117174277)
continue (63500.0000000000000000 -28.1046664814082057)
continue (64000.0000000000000000 -28.1098674974775520)
continue (64500.0000000000000000 -28.1150133563861147)
continue (65000.0000000000000000 -28.1201311357592871)
continue (65500.0000000000000000 -28.1252097785929536)
continue (66000.0000000000000000 -28.1302350845169400)
continue (66500.0000000000000000 -28.1352341548663851)
continue (67000.0000000000000000 -28.1401954642249699)
continue (67500.0000000000000000 -28.1451068145412222)
continue (68000.0000000000000000 -28.1499909279549421)
continue (68500.0000000000000000 -28.1548397663735273)
continue (69000.0000000000000000 -28.1596421270255277)
continue (69500.0000000000000000 -28.1644156084729183)
continue (70000.0000000000000000 -28.1691578219814112)
continue (70500.0000000000000000 -28.1738584561593335)
continue (71000.0000000000000000 -28.1785265675602652)
continue (71500.0000000000000000 -28.1831676915283857)
continue (72000.0000000000000000 -28.1877727839923367)
continue (72500.0000000000000000 -28.1923399487268043)
continue (73000.0000000000000000 -28.1968848267805043)
continue (73500.0000000000000000 -28.2013993859790659)
continue (74000.0000000000000000 -28.2058660638306797)
continue (74500.0000000000000000 -28.2103101327093952)
continue (75245.0000000000000000 -50.0000000000000000)
continue (7354000.0000000000000000 -50.0000000000000000)
f(nu) = -20.4114162759427025 at 1.0000000000000000 Ryd
