# Faucher-Giguere 2019 
# z = 6.943282
# E [Ryd] log (J_nu)
interpolate (0.0000000100100000 -50.0000000000000000)
continue (0.0990000000000000 -50.0000000000000000)
continue (0.1000000000000000 -19.8805977536678427)
continue (0.1500000000000000 -19.9319326396914640)
continue (0.2000000000000000 -19.9059630097735578)
continue (0.2500000000000001 -20.0700615471027248)
continue (0.3000000000000000 -20.0367458936433813)
continue (0.3500000000000001 -20.0156728132884041)
continue (0.4000000000000001 -19.9768263369185988)
continue (0.4500000000000001 -19.9926236852470716)
continue (0.5000000000000001 -19.9836120553504593)
continue (0.5500000000000002 -19.9978882458189062)
continue (0.6000000000000002 -19.9759037905041801)
continue (0.6500000000000001 -19.9620760008734415)
continue (0.7000000000000002 -19.6791499240587306)
continue (0.7500000000000002 -20.0368256924616261)
continue (0.8000000000000002 -20.0447190387878820)
continue (0.8500000000000002 -20.0872169992516163)
continue (0.9000000000000002 -20.2031550029633991)
continue (0.9500000000000003 -20.4607724369770700)
continue (1.0100000000000000 -21.9894932775733452)
continue (1.0600000000000001 -22.0966348775569408)
continue (1.1100000000000001 -22.0994718668516832)
continue (1.1600000000000001 -22.3641879691180279)
continue (1.2100000000000002 -22.2791246319101575)
continue (1.2600000000000002 -22.1884248646212541)
continue (1.3100000000000003 -22.2825624296927707)
continue (1.3600000000000003 -22.3666160270563701)
continue (1.4100000000000004 -22.3315384618798163)
continue (1.4600000000000004 -22.4989431317931015)
continue (1.5100000000000005 -22.3691908679384213)
continue (1.5600000000000005 -22.3932848879915483)
continue (1.6100000000000005 -22.3361389090636564)
continue (1.6600000000000006 -22.6615698773337861)
continue (1.7100000000000006 -22.3694064166188546)
continue (1.7600000000000007 -22.3942833765976026)
continue (1.8100000000000007 -22.4552191946286186)
continue (1.8600000000000008 -22.5680897097083069)
continue (1.9100000000000008 -22.4251169744521519)
continue (1.9600000000000009 -22.4320027434606040)
continue (2.0000000000000000 -22.5472147772473157)
continue (2.0099999999999998 -22.5354683156296396)
continue (2.0199999999999996 -22.5512316255904501)
continue (2.0299999999999994 -22.5565895524746232)
continue (2.0399999999999991 -22.5673764189283936)
continue (2.0499999999999989 -22.5415381309129437)
continue (2.0599999999999987 -22.5369709245599523)
continue (2.0699999999999985 -22.5358382700876057)
continue (2.0799999999999983 -22.5516341535538771)
continue (2.0899999999999981 -22.5927809279791525)
continue (2.0999999999999979 -22.6030915722030734)
continue (2.1099999999999977 -22.6286807016520868)
continue (2.1199999999999974 -22.6281812879665551)
continue (2.1299999999999972 -22.6432328368435840)
continue (2.1399999999999970 -22.6343955170637869)
continue (2.1499999999999968 -22.6446588722836779)
continue (2.1599999999999966 -22.6964842428805298)
continue (2.1699999999999964 -22.7241435218283385)
continue (2.1799999999999962 -22.6909086181349657)
continue (2.1899999999999959 -22.6647614745739467)
continue (2.1999999999999957 -22.6442379943322649)
continue (2.2099999999999955 -22.6761639497963685)
continue (2.2199999999999953 -22.7312780030776516)
continue (2.2299999999999951 -22.7483370459426908)
continue (2.2399999999999949 -22.7454692147545146)
continue (2.2499999999999947 -22.7482466973515507)
continue (2.2599999999999945 -22.7702609703168086)
continue (2.2699999999999942 -22.8310226591475143)
continue (2.2799999999999940 -22.8772318761868547)
continue (2.2899999999999938 -22.9216506470454711)
continue (2.2999999999999936 -22.9436543896545544)
continue (2.3099999999999934 -23.0023495704201473)
continue (2.3199999999999932 -23.0844555028901937)
continue (2.3299999999999930 -23.0860662315676848)
continue (2.3399999999999928 -23.1010355753968675)
continue (2.3499999999999925 -23.1028902314132587)
continue (2.3599999999999923 -23.0998653431274157)
continue (2.3699999999999921 -23.0858461350531385)
continue (2.3799999999999919 -23.0288950115872026)
continue (2.3899999999999917 -22.9971327325801340)
continue (2.3999999999999915 -22.9854245306102598)
continue (2.4099999999999913 -22.9696930537203983)
continue (2.4199999999999910 -22.9358259810692111)
continue (2.4299999999999908 -22.8976471972775641)
continue (2.4399999999999906 -22.9120286573416436)
continue (2.4499999999999904 -22.8909390047936192)
continue (2.4599999999999902 -22.8804996563871015)
continue (2.4699999999999900 -22.9607371275636005)
continue (2.4799999999999898 -22.9924611102263086)
continue (2.4899999999999896 -23.0577107947830235)
continue (2.4999999999999893 -23.0728056071732013)
continue (2.5099999999999891 -23.0467786046883063)
continue (2.5199999999999889 -23.0063538286453664)
continue (2.5299999999999887 -22.9651091791793753)
continue (2.5399999999999885 -22.9754275223480597)
continue (2.5499999999999883 -22.9686105319428115)
continue (2.5599999999999881 -22.9826466115842614)
continue (2.5699999999999878 -22.9836134646673749)
continue (2.5799999999999876 -22.9619565091411424)
continue (2.5899999999999874 -22.9536843206358192)
continue (2.5999999999999872 -22.9643047387526380)
continue (2.6099999999999870 -22.9277173625088402)
continue (2.6199999999999868 -22.9442010911512000)
continue (2.6299999999999866 -22.9298759136316193)
continue (2.6399999999999864 -22.9174240324318887)
continue (2.6499999999999861 -22.9101643171790066)
continue (2.6599999999999859 -22.8813306742832125)
continue (2.6699999999999857 -22.8646133024134706)
continue (2.6799999999999855 -22.8639403894199766)
continue (2.6899999999999853 -22.9149092331389070)
continue (2.6999999999999851 -22.9651260595890783)
continue (2.7099999999999849 -22.9858398969827249)
continue (2.7199999999999847 -23.0104433121391203)
continue (2.7299999999999844 -22.9326345120141220)
continue (2.7399999999999842 -22.9033960673212071)
continue (2.7499999999999840 -22.9005331324431047)
continue (2.7599999999999838 -22.8516553775049971)
continue (2.7699999999999836 -22.9239583411123036)
continue (2.7799999999999834 -22.8895944967164091)
continue (2.7899999999999832 -22.9801280058985462)
continue (2.7999999999999829 -22.9882672469132636)
continue (2.8099999999999827 -22.9719417153164009)
continue (2.8199999999999825 -23.0909911693945844)
continue (2.8299999999999823 -23.0981582501669855)
continue (2.8399999999999821 -23.1368305748850425)
continue (2.8499999999999819 -23.1018700162690998)
continue (2.8599999999999817 -23.1493397671549488)
continue (2.8699999999999815 -23.1568022991255482)
continue (2.8799999999999812 -23.1513049969753375)
continue (2.8899999999999810 -23.1705806019916913)
continue (2.8999999999999808 -23.1561074796804043)
continue (2.9099999999999806 -23.1231316163702658)
continue (2.9199999999999804 -23.1437209009661444)
continue (2.9299999999999802 -23.0369821440005857)
continue (2.9399999999999800 -23.0624839142029074)
continue (2.9499999999999797 -22.9726533421097301)
continue (2.9599999999999795 -22.9963082453231671)
continue (2.9699999999999793 -22.9116656469249342)
continue (2.9799999999999791 -22.9160506789868847)
continue (2.9899999999999789 -22.8288089061759258)
continue (2.9999999999999787 -22.8711758266413518)
continue (3.0099999999999785 -23.3988249312072831)
continue (3.0199999999999783 -23.5628315897448779)
continue (3.0299999999999780 -23.4298325403321677)
continue (3.0399999999999778 -23.5489237274955485)
continue (3.0499999999999776 -23.4331727083420347)
continue (3.0599999999999774 -23.6838704563268649)
continue (3.0699999999999772 -23.7268150920085006)
continue (3.0799999999999770 -23.7288900966336520)
continue (3.0899999999999768 -23.7491844210261647)
continue (3.0999999999999766 -23.7256087672422105)
continue (3.1099999999999763 -23.6952907348581512)
continue (3.1199999999999761 -23.6600746456982343)
continue (3.1299999999999759 -23.6313091471001435)
continue (3.1399999999999757 -23.5944196556643142)
continue (3.1499999999999755 -23.5447644567590224)
continue (3.1599999999999753 -23.5128554411795356)
continue (3.1699999999999751 -23.4950062715075987)
continue (3.1799999999999748 -23.4932739950366773)
continue (3.1899999999999746 -23.5041452482041500)
continue (3.1999999999999744 -23.5072858247061198)
continue (3.2099999999999742 -23.5013622551679440)
continue (3.2199999999999740 -23.5283517648695870)
continue (3.2299999999999738 -23.5134380655949577)
continue (3.2399999999999736 -23.5603853393669418)
continue (3.2499999999999734 -23.5366044660230891)
continue (3.2599999999999731 -23.5408201398626495)
continue (3.2699999999999729 -23.4952516604136292)
continue (3.2799999999999727 -23.4881080702575318)
continue (3.2899999999999725 -23.4151815336448728)
continue (3.2999999999999723 -23.4134659786756636)
continue (3.3099999999999721 -23.4117232613635906)
continue (3.3199999999999719 -23.4122648348373232)
continue (3.3299999999999716 -23.4340569822761999)
continue (3.3399999999999714 -23.4400306366978981)
continue (3.3499999999999712 -23.5137343124888609)
continue (3.3599999999999710 -23.5734926690079440)
continue (3.3699999999999708 -23.5858301185073245)
continue (3.3799999999999706 -23.5936168479627213)
continue (3.3899999999999704 -23.6042074375124713)
continue (3.3999999999999702 -23.6368885935196289)
continue (3.4099999999999699 -23.6547558566106630)
continue (3.4199999999999697 -23.6664183496303764)
continue (3.4299999999999695 -23.6882965643157490)
continue (3.4399999999999693 -23.7015240058683254)
continue (3.4499999999999691 -23.7271822148368372)
continue (3.4599999999999689 -23.7481230868189499)
continue (3.4699999999999687 -23.8174898474746115)
continue (3.4799999999999685 -23.8421724133854731)
continue (3.4899999999999682 -23.8900790545553789)
continue (3.4999999999999680 -23.9957691583818580)
continue (3.5099999999999678 -23.8404295305875813)
continue (3.5199999999999676 -24.0151116669798128)
continue (3.5299999999999674 -23.8733531796745098)
continue (3.5399999999999672 -24.1282824856061175)
continue (3.5499999999999670 -24.5267782159064147)
continue (3.5599999999999667 -23.9553970979905131)
continue (3.5600000000000001 -23.9553970979903745)
continue (3.5699999999999665 -23.9364413417004478)
continue (3.5799999999999663 -23.9301031694798212)
continue (3.5899999999999661 -23.9280852977064953)
continue (3.5999999999999659 -23.9744959499103913)
continue (3.6099999999999657 -24.0266437579422139)
continue (3.6199999999999655 -24.0770609817563539)
continue (3.6299999999999653 -24.1384909388809348)
continue (3.6399999999999650 -24.1978435422023530)
continue (3.6499999999999648 -24.2603117929970189)
continue (3.6599999999999646 -24.3439303370269116)
continue (3.6699999999999644 -24.4116851237696544)
continue (3.6799999999999642 -24.4944086230955982)
continue (3.6899999999999640 -24.5694487342290060)
continue (3.6999999999999638 -24.6514216554202861)
continue (3.7099999999999635 -24.7488744093667847)
continue (3.7199999999999633 -24.8540495005797162)
continue (3.7299999999999631 -25.0469939547526614)
continue (3.7399999999999629 -25.1729788348636454)
continue (3.7499999999999627 -25.5236122444631981)
continue (3.7500000000000000 -25.5236122444652125)
continue (3.7599999999999625 -24.5818094606183202)
continue (3.7699999999999623 -24.6310275254533124)
continue (3.7799999999999621 -24.6889234616402646)
continue (3.7899999999999618 -24.8389354088358765)
continue (3.7999999999999616 -25.1274730193447446)
continue (3.8099999999999614 -25.1463170443229238)
continue (3.8199999999999612 -25.3884106755463854)
continue (3.8299999999999610 -25.4616165915827217)
continue (3.8399999999999608 -25.5137022272083094)
continue (3.8399999999999999 -25.5137022272085225)
continue (3.8499999999999606 -25.3191655550423036)
continue (3.8599999999999604 -25.3377378218782532)
continue (3.8699999999999601 -25.5895031205428900)
continue (3.8799999999999599 -25.6078939734812039)
continue (3.8899999999999597 -25.1248154309211600)
continue (3.8900000000000001 -25.1248154309210996)
continue (3.8999999999999595 -25.1185674668534240)
continue (3.9099999999999593 -25.1762709274647207)
continue (3.9199999999999591 -25.1707932325121142)
continue (3.9299999999999589 -25.1844636094329104)
continue (3.9399999999999586 -25.2056441152688606)
continue (3.9499999999999584 -25.1866393597886216)
continue (3.9599999999999582 -25.2405454373747027)
continue (3.9699999999999580 -25.2221056377727813)
continue (3.9799999999999578 -25.2622264828730927)
continue (3.9899999999999576 -25.3639069086640561)
continue (4.0099999999999998 -25.8749790756427167)
continue (4.5099999999999998 -27.1453712386084725)
continue (5.0099999999999998 -27.5890312833192297)
continue (5.5099999999999998 -27.4229263920715312)
continue (6.0099999999999998 -27.6889252620850996)
continue (6.5099999999999998 -27.5378532054354004)
continue (7.0099999999999998 -27.5264595958094702)
continue (7.5099999999999998 -27.5990255879757278)
continue (8.0099999999999998 -27.6050311787444969)
continue (8.5099999999999998 -27.6428601227754136)
continue (9.0099999999999998 -27.6286070910992052)
continue (9.5099999999999998 -27.6146330425568536)
continue (10.0000000000000000 -27.5929453053175138)
continue (10.0099999999999998 -27.5920192479709350)
continue (15.0000000000000000 -27.4061664592551963)
continue (20.0000000000000000 -27.2715794326163845)
continue (25.0000000000000000 -27.1652771119235901)
continue (30.0000000000000000 -27.0909493103148691)
continue (35.0000000000000000 -27.0603798892545946)
continue (40.0000000000000000 -27.0596524548182771)
continue (45.0000000000000000 -27.0666798394227044)
continue (50.0000000000000000 -27.0815369686820446)
continue (55.0000000000000000 -27.1016684112444501)
continue (60.0000000000000000 -27.1242161936289996)
continue (65.0000000000000000 -27.1448594372329097)
continue (70.0000000000000000 -27.1619868576032957)
continue (75.0000000000000000 -27.1755189433568418)
continue (80.0000000000000000 -27.1856606053578034)
continue (85.0000000000000000 -27.1927762624675644)
continue (90.0000000000000000 -27.1973721823168226)
continue (95.0000000000000000 -27.2001754343697719)
continue (100.0000000000000000 -27.2025141570460498)
continue (110.0000000000000000 -27.2081524797316305)
continue (120.0000000000000000 -27.2145670693979689)
continue (130.0000000000000000 -27.2213087567407577)
continue (140.0000000000000000 -27.2281290186778548)
continue (150.0000000000000000 -27.2348912605492259)
continue (160.0000000000000000 -27.2415211781602267)
continue (170.0000000000000000 -27.2479803494993895)
continue (180.0000000000000000 -27.2542521047998036)
continue (190.0000000000000000 -27.2603285132611859)
continue (200.0000000000000000 -27.2662130945569778)
continue (210.0000000000000000 -27.2719104120559841)
continue (220.0000000000000000 -27.2774281106195211)
continue (230.0000000000000000 -27.2827745132874675)
continue (240.0000000000000000 -27.2879591855911627)
continue (250.0000000000000000 -27.2929911328057457)
continue (260.0000000000000000 -27.2978789409137832)
continue (270.0000000000000000 -27.3026299584418695)
continue (280.0000000000000000 -27.3072540009882303)
continue (290.0000000000000000 -27.3117568066314576)
continue (300.0000000000000000 -27.3161463405223834)
continue (310.0000000000000000 -27.3204279547920947)
continue (320.0000000000000000 -27.3246093670771160)
continue (330.0000000000000000 -27.3286937743263216)
continue (340.0000000000000000 -27.3326881829059047)
continue (350.0000000000000000 -27.3365972989647794)
continue (360.0000000000000000 -27.3404249404311734)
continue (370.0000000000000000 -27.3441744313940340)
continue (380.0000000000000000 -27.3478508785764163)
continue (390.0000000000000000 -27.3514579270493172)
continue (400.0000000000000000 -27.3549984466366922)
continue (410.0000000000000000 -27.3584758735642879)
continue (420.0000000000000000 -27.3618927097273499)
continue (430.0000000000000000 -27.3652518203471686)
continue (440.0000000000000000 -27.3685556903401874)
continue (450.0000000000000000 -27.3718067172785595)
continue (460.0000000000000000 -27.3750071975230114)
continue (470.0000000000000000 -27.3781590985349190)
continue (480.0000000000000000 -27.3812647259493929)
continue (490.0000000000000000 -27.3843258658563506)
continue (500.0000000000000000 -27.3873440318500023)
continue (510.0000000000000000 -27.3903216775018166)
continue (520.0000000000000000 -27.3932595857490995)
continue (530.0000000000000000 -27.3961586835834865)
continue (540.0000000000000000 -27.3990210881125620)
continue (550.0000000000000000 -27.4018481292384735)
continue (560.0000000000000000 -27.4046413853437549)
continue (570.0000000000000000 -27.4074020389040811)
continue (580.0000000000000000 -27.4101300788724487)
continue (590.0000000000000000 -27.4128271162890016)
continue (600.0000000000000000 -27.4154949745363545)
continue (610.0000000000000000 -27.4181344406290677)
continue (620.0000000000000000 -27.4207450171477305)
continue (630.0000000000000000 -27.4233287210430809)
continue (640.0000000000000000 -27.4258877066489113)
continue (650.0000000000000000 -27.4284199148336576)
continue (660.0000000000000000 -27.4309273828803555)
continue (670.0000000000000000 -27.4334125747217925)
continue (680.0000000000000000 -27.4358731113896219)
continue (690.0000000000000000 -27.4383112838039267)
continue (700.0000000000000000 -27.4407288872475235)
continue (710.0000000000000000 -27.4431236852882279)
continue (720.0000000000000000 -27.4454990574075026)
continue (730.0000000000000000 -27.4478539594143029)
continue (740.0000000000000000 -27.4501885486967900)
continue (750.0000000000000000 -27.4525057575658131)
continue (760.0000000000000000 -27.4548029165128682)
continue (770.0000000000000000 -27.4570833708139759)
continue (780.0000000000000000 -27.4593448696744140)
continue (790.0000000000000000 -27.4615902585477976)
continue (800.0000000000000000 -27.4638187092528909)
continue (810.0000000000000000 -27.4660303591092827)
continue (820.0000000000000000 -27.4682271203336583)
continue (830.0000000000000000 -27.4704070644939513)
continue (840.0000000000000000 -27.4725733505400527)
continue (850.0000000000000000 -27.4747234224022243)
continue (860.0000000000000000 -27.4768605391781833)
continue (870.0000000000000000 -27.4789820445893263)
continue (880.0000000000000000 -27.4810912644821990)
continue (890.0000000000000000 -27.4831854962376525)
continue (900.0000000000000000 -27.4852680565375991)
continue (910.0000000000000000 -27.4873362660186693)
continue (920.0000000000000000 -27.4893933909128378)
continue (930.0000000000000000 -27.4914368061179744)
continue (940.0000000000000000 -27.4934692100214271)
continue (950.0000000000000000 -27.4954892059095926)
continue (960.0000000000000000 -27.4974975189617510)
continue (970.0000000000000000 -27.4994952069269587)
continue (980.0000000000000000 -27.5014806154764990)
continue (990.0000000000000000 -27.5034567456271155)
continue (1000.0000000000000000 -27.5054203578532963)
continue (1200.0000000000000000 -27.5427571836530092)
continue (1400.0000000000000000 -27.5771451341833291)
continue (1600.0000000000000000 -27.6093667549821298)
continue (1800.0000000000000000 -27.6399319018839442)
continue (2000.0000000000000000 -27.6691846023655508)
continue (2200.0000000000000000 -27.6973751379064232)
continue (2400.0000000000000000 -27.7246836824559608)
continue (2600.0000000000000000 -27.7512516803235627)
continue (2800.0000000000000000 -27.7771831489235730)
continue (3000.0000000000000000 -27.8025658265581370)
continue (3200.0000000000000000 -27.8274688198774953)
continue (3400.0000000000000000 -27.8519449953399132)
continue (3600.0000000000000000 -27.8760488403762707)
continue (3800.0000000000000000 -27.8998085471697763)
continue (4000.0000000000000000 -27.9232668904789847)
continue (4200.0000000000000000 -27.9464494599610411)
continue (4400.0000000000000000 -27.9693782237636732)
continue (4600.0000000000000000 -27.9920737307862204)
continue (4800.0000000000000000 -28.0145528436236866)
continue (5000.0000000000000000 -28.0368283307066513)
continue (5200.0000000000000000 -28.0589052711491185)
continue (5400.0000000000000000 -28.0807510665201718)
continue (5600.0000000000000000 -28.1023447483954918)
continue (5800.0000000000000000 -28.1236604917360857)
continue (6000.0000000000000000 -28.1446697387450300)
continue (6200.0000000000000000 -28.1653607545226663)
continue (6400.0000000000000000 -28.1857199494496626)
continue (6600.0000000000000000 -28.2057155836084021)
continue (6800.0000000000000000 -28.2253600039261983)
continue (7000.0000000000000000 -28.2446303976607815)
continue (7200.0000000000000000 -28.2635108040491509)
continue (7400.0000000000000000 -28.2819950381915639)
continue (7600.0000000000000000 -28.3000881164787046)
continue (7800.0000000000000000 -28.3177730710284550)
continue (8000.0000000000000000 -28.3350530116296930)
continue (8200.0000000000000000 -28.3519209834818611)
continue (8400.0000000000000000 -28.3683827842458811)
continue (8600.0000000000000000 -28.3844530857844966)
continue (8800.0000000000000000 -28.4001501178677991)
continue (9000.0000000000000000 -28.4154909507778406)
continue (9200.0000000000000000 -28.4304924410588207)
continue (9400.0000000000000000 -28.4451665986356197)
continue (9600.0000000000000000 -28.4595266970211966)
continue (9800.0000000000000000 -28.4735893524787009)
continue (10000.0000000000000000 -28.4873665983556954)
continue (10200.0000000000000000 -28.5008688938459329)
continue (10400.0000000000000000 -28.5141121762009249)
continue (10600.0000000000000000 -28.5270976070156799)
continue (10800.0000000000000000 -28.5398331407091845)
continue (11000.0000000000000000 -28.5523283221809301)
continue (11500.0000000000000000 -28.5826054409238992)
continue (12000.0000000000000000 -28.6115770959164806)
continue (12500.0000000000000000 -28.6393641376807793)
continue (13000.0000000000000000 -28.6660416497467807)
continue (13500.0000000000000000 -28.6916961287978829)
continue (14000.0000000000000000 -28.7164216637004905)
continue (14500.0000000000000000 -28.7402513347745057)
continue (15000.0000000000000000 -28.7632825661747624)
continue (15500.0000000000000000 -28.7855316312087020)
continue (16000.0000000000000000 -28.8070799033874643)
continue (16500.0000000000000000 -28.8279510664683691)
continue (17000.0000000000000000 -28.8481880689440295)
continue (17500.0000000000000000 -28.8678399276588209)
continue (18000.0000000000000000 -28.8869301634281079)
continue (18500.0000000000000000 -28.9054844910314301)
continue (19000.0000000000000000 -28.9235342409264682)
continue (19500.0000000000000000 -28.9411155861921117)
continue (20000.0000000000000000 -28.9582462478422720)
continue (20500.0000000000000000 -28.9749467576856361)
continue (21000.0000000000000000 -28.9912415076187102)
continue (21500.0000000000000000 -29.0071473020334203)
continue (22000.0000000000000000 -29.0226810585628527)
continue (22500.0000000000000000 -29.0378595910008741)
continue (23000.0000000000000000 -29.0526996836755487)
continue (23500.0000000000000000 -29.0672179419534658)
continue (24000.0000000000000000 -29.0814251881639194)
continue (24500.0000000000000000 -29.0953337875230105)
continue (25000.0000000000000000 -29.1089641246260484)
continue (25500.0000000000000000 -29.1223203598522886)
continue (26000.0000000000000000 -29.1354078542654307)
continue (26500.0000000000000000 -29.1482411019743388)
continue (27000.0000000000000000 -29.1608271411049742)
continue (27500.0000000000000000 -29.1731824627434193)
continue (28000.0000000000000000 -29.1853204674065907)
continue (28500.0000000000000000 -29.1972347800628356)
continue (29000.0000000000000000 -29.2089327417202398)
continue (29500.0000000000000000 -29.2204284878048064)
continue (30000.0000000000000000 -29.2317374173629325)
continue (30500.0000000000000000 -29.2428503576546319)
continue (31000.0000000000000000 -29.2537739233636387)
continue (31500.0000000000000000 -29.2645272199697537)
continue (32000.0000000000000000 -29.2751127420377202)
continue (32500.0000000000000000 -29.2855177240111324)
continue (33000.0000000000000000 -29.2957686946441491)
continue (33500.0000000000000000 -29.3058700819646560)
continue (34000.0000000000000000 -29.3158044044366761)
continue (34500.0000000000000000 -29.3256026846902138)
continue (35000.0000000000000000 -29.3352556872758896)
continue (35500.0000000000000000 -29.3447620336318309)
continue (36000.0000000000000000 -29.3541481849605823)
continue (36500.0000000000000000 -29.3633851223281219)
continue (37000.0000000000000000 -29.3725024905818017)
continue (37500.0000000000000000 -29.3814978992331248)
continue (38000.0000000000000000 -29.3903623858430620)
continue (38500.0000000000000000 -29.3991248113456720)
continue (39000.0000000000000000 -29.4077547900265479)
continue (39500.0000000000000000 -29.4162879147870946)
continue (40000.0000000000000000 -29.4246978056548549)
continue (40500.0000000000000000 -29.4330119154057144)
continue (41000.0000000000000000 -29.4412176490081094)
continue (41500.0000000000000000 -29.4493216156741298)
continue (42000.0000000000000000 -29.4573301873310847)
continue (42500.0000000000000000 -29.4652355828674608)
continue (43000.0000000000000000 -29.4730561562677202)
continue (43500.0000000000000000 -29.4807736042908175)
continue (44000.0000000000000000 -29.4884127034669028)
continue (44500.0000000000000000 -29.4959532144852190)
continue (45000.0000000000000000 -29.5034166063916743)
continue (45500.0000000000000000 -29.5107899311363049)
continue (46000.0000000000000000 -29.5180840623266292)
continue (46500.0000000000000000 -29.5252976941294527)
continue (47000.0000000000000000 -29.5324281983061994)
continue (47500.0000000000000000 -29.5394915403343390)
continue (48000.0000000000000000 -29.5464663461221804)
continue (48500.0000000000000000 -29.5533829811493263)
continue (49000.0000000000000000 -29.5602102053531937)
continue (49500.0000000000000000 -29.5669811715628583)
continue (50000.0000000000000000 -29.5736693832711204)
continue (50500.0000000000000000 -29.5803039365299050)
continue (51000.0000000000000000 -29.5868638284675143)
continue (51500.0000000000000000 -29.5933552584065716)
continue (52000.0000000000000000 -29.5997956235646598)
continue (52500.0000000000000000 -29.6061555472793430)
continue (53000.0000000000000000 -29.6124682147531963)
continue (53500.0000000000000000 -29.6187109043861589)
continue (54000.0000000000000000 -29.6248994178193996)
continue (54500.0000000000000000 -29.6310351087965174)
continue (55000.0000000000000000 -29.6370984835806475)
continue (55500.0000000000000000 -29.6431194842155676)
continue (56000.0000000000000000 -29.6490773458929482)
continue (56500.0000000000000000 -29.6549823596559925)
continue (57000.0000000000000000 -29.6608437142005172)
continue (57500.0000000000000000 -29.6666350994582224)
continue (58000.0000000000000000 -29.6723924892652491)
continue (58500.0000000000000000 -29.6780912462253710)
continue (59000.0000000000000000 -29.6837371117397666)
continue (59500.0000000000000000 -29.6893430397704563)
continue (60000.0000000000000000 -29.6948932550921469)
continue (60500.0000000000000000 -29.7003969831472041)
continue (61000.0000000000000000 -29.7058650804448270)
continue (61500.0000000000000000 -29.7112701850094858)
continue (62000.0000000000000000 -29.7166434081388573)
continue (62500.0000000000000000 -29.7219750504626212)
continue (63000.0000000000000000 -29.7272468370242180)
continue (63500.0000000000000000 -29.7324919806481063)
continue (64000.0000000000000000 -29.7376947196561545)
continue (64500.0000000000000000 -29.7428399117066746)
continue (65000.0000000000000000 -29.7479613587433676)
continue (65500.0000000000000000 -29.7530415801424368)
continue (66000.0000000000000000 -29.7580662265509766)
continue (66500.0000000000000000 -29.7630688489019768)
continue (67000.0000000000000000 -29.7680322483567643)
continue (67500.0000000000000000 -29.7729424536860812)
continue (68000.0000000000000000 -29.7778309936839314)
continue (68500.0000000000000000 -29.7826835690179479)
continue (69000.0000000000000000 -29.7874850025603664)
continue (69500.0000000000000000 -29.7922621903272073)
continue (70000.0000000000000000 -29.7970096974842278)
continue (70500.0000000000000000 -29.8017104644836692)
continue (71000.0000000000000000 -29.8063799157138973)
continue (71500.0000000000000000 -29.8110236400639010)
continue (72000.0000000000000000 -29.8156284077557139)
continue (72500.0000000000000000 -29.8201964735646250)
continue (73000.0000000000000000 -29.8247421495267488)
continue (73500.0000000000000000 -29.8292550148595410)
continue (74000.0000000000000000 -29.8337209981075020)
continue (74500.0000000000000000 -29.8381704923739761)
continue (75245.0000000000000000 -50.0000000000000000)
continue (7354000.0000000000000000 -50.0000000000000000)
f(nu) = -20.6419101651310548 at 1.0000000000000000 Ryd
