# Faucher-Giguere 2019 
# z = 0.778279
# E [Ryd] log (J_nu)
interpolate (0.0000000100100000 -50.0000000000000000)
continue (0.0990000000000000 -50.0000000000000000)
continue (0.1000000000000000 -19.5560842851522345)
continue (0.1500000000000000 -19.6018308176501463)
continue (0.2000000000000000 -19.6179206410147096)
continue (0.2500000000000001 -19.6305584430094200)
continue (0.3000000000000000 -19.6381743446234047)
continue (0.3500000000000001 -19.6426139245629088)
continue (0.4000000000000001 -19.6802359984602617)
continue (0.4500000000000001 -19.7240663496972068)
continue (0.5000000000000001 -19.7816334255472910)
continue (0.5500000000000002 -19.8457397830823083)
continue (0.6000000000000002 -19.9180515069977453)
continue (0.6500000000000001 -20.0181309133512926)
continue (0.7000000000000002 -20.1199235106746919)
continue (0.7500000000000002 -20.3243547070338906)
continue (0.8000000000000002 -20.4278811573298924)
continue (0.8500000000000002 -20.5839607799301305)
continue (0.9000000000000002 -20.7981529785119612)
continue (0.9500000000000003 -21.0430759404827121)
continue (1.0100000000000000 -21.9966948131218416)
continue (1.0600000000000001 -22.0423295749008865)
continue (1.1100000000000001 -22.0781492840169626)
continue (1.1600000000000001 -22.1089287345192851)
continue (1.2100000000000002 -22.1298628721015724)
continue (1.2600000000000002 -22.1525668790609380)
continue (1.3100000000000003 -22.1698302008570636)
continue (1.3600000000000003 -22.1831562814814660)
continue (1.4100000000000004 -22.1968182620991143)
continue (1.4600000000000004 -22.2064467609465126)
continue (1.5100000000000005 -22.2047704905115246)
continue (1.5600000000000005 -22.2075998241282981)
continue (1.6100000000000005 -22.2068310907428206)
continue (1.6600000000000006 -22.2018887542005565)
continue (1.7100000000000006 -22.1958302863452595)
continue (1.7600000000000007 -22.1867164250870665)
continue (1.8100000000000007 -22.1792217785001178)
continue (1.8600000000000008 -22.1773223981397329)
continue (1.9100000000000008 -22.1692967453832068)
continue (1.9600000000000009 -22.1672454776302139)
continue (2.0000000000000000 -22.1608743030110773)
continue (2.0099999999999998 -22.1626641263560842)
continue (2.0199999999999996 -22.1631874659629098)
continue (2.0299999999999994 -22.1640749590981798)
continue (2.0399999999999991 -22.1604103178994087)
continue (2.0499999999999989 -22.1609416104105037)
continue (2.0599999999999987 -22.1618749936156370)
continue (2.0699999999999985 -22.1635637946735997)
continue (2.0799999999999983 -22.1592973341338428)
continue (2.0899999999999981 -22.1611254069974279)
continue (2.0999999999999979 -22.1635680998096412)
continue (2.1099999999999977 -22.1642911203944131)
continue (2.1199999999999974 -22.1614645160149237)
continue (2.1299999999999972 -22.1635724902399218)
continue (2.1399999999999970 -22.1653280630663296)
continue (2.1499999999999968 -22.1669185406590792)
continue (2.1599999999999966 -22.1689071766220849)
continue (2.1699999999999964 -22.1661333946554677)
continue (2.1799999999999962 -22.1681456363459866)
continue (2.1899999999999959 -22.1695366956064213)
continue (2.1999999999999957 -22.1716688264457460)
continue (2.2099999999999955 -22.1684779759237678)
continue (2.2199999999999953 -22.1713925308726907)
continue (2.2299999999999951 -22.1735305771202604)
continue (2.2399999999999949 -22.1745656787205405)
continue (2.2499999999999947 -22.1775739067169084)
continue (2.2599999999999945 -22.1749012972033306)
continue (2.2699999999999942 -22.1775944046637008)
continue (2.2799999999999940 -22.1802929636439181)
continue (2.2899999999999938 -22.1832267990670111)
continue (2.2999999999999936 -22.1793081181106295)
continue (2.3099999999999934 -22.1822436875933420)
continue (2.3199999999999932 -22.1852288875216956)
continue (2.3299999999999930 -22.1896876370128062)
continue (2.3399999999999928 -22.1919815831822653)
continue (2.3499999999999925 -22.1878791018634622)
continue (2.3599999999999923 -22.1906676289577334)
continue (2.3699999999999921 -22.1952644412322968)
continue (2.3799999999999919 -22.1982051766146427)
continue (2.3899999999999917 -22.2018463809127695)
continue (2.3999999999999915 -22.2040905190935440)
continue (2.4099999999999913 -22.2018011911632698)
continue (2.4199999999999910 -22.2056197291133621)
continue (2.4299999999999908 -22.2090172145126417)
continue (2.4399999999999906 -22.2115508370891028)
continue (2.4499999999999904 -22.2166410308976268)
continue (2.4599999999999902 -22.2137781326756851)
continue (2.4699999999999900 -22.2170360662217092)
continue (2.4799999999999898 -22.2200488185653597)
continue (2.4899999999999896 -22.2237317058885822)
continue (2.4999999999999893 -22.2264099118501512)
continue (2.5099999999999891 -22.2305273291370753)
continue (2.5199999999999889 -22.2284518475484134)
continue (2.5299999999999887 -22.2321464327210556)
continue (2.5399999999999885 -22.2353429114402594)
continue (2.5499999999999883 -22.2379733499067775)
continue (2.5599999999999881 -22.2413485180058572)
continue (2.5699999999999878 -22.2461857128323217)
continue (2.5799999999999876 -22.2456541124214837)
continue (2.5899999999999874 -22.2488554914544707)
continue (2.5999999999999872 -22.2515041572670391)
continue (2.6099999999999870 -22.2554094432776282)
continue (2.6199999999999868 -22.2617636333273126)
continue (2.6299999999999866 -22.2654175108439887)
continue (2.6399999999999864 -22.2637444463813701)
continue (2.6499999999999861 -22.2670148372366228)
continue (2.6599999999999859 -22.2715926819423693)
continue (2.6699999999999857 -22.2773262561627021)
continue (2.6799999999999855 -22.2811347011456569)
continue (2.6899999999999853 -22.2850622690645963)
continue (2.6999999999999851 -22.2882537204836133)
continue (2.7099999999999849 -22.2865614315132596)
continue (2.7199999999999847 -22.2923042375462863)
continue (2.7299999999999844 -22.2963105129094181)
continue (2.7399999999999842 -22.2995498237236092)
continue (2.7499999999999840 -22.3018641370349826)
continue (2.7599999999999838 -22.3052107738924157)
continue (2.7699999999999836 -22.3061919155472204)
continue (2.7799999999999834 -22.3099465352926067)
continue (2.7899999999999832 -22.3142853200978415)
continue (2.7999999999999829 -22.3180473683604070)
continue (2.8099999999999827 -22.3211228964052957)
continue (2.8199999999999825 -22.3248090406313828)
continue (2.8299999999999823 -22.3304967011197810)
continue (2.8399999999999821 -22.3344329590811270)
continue (2.8499999999999819 -22.3344752588962976)
continue (2.8599999999999817 -22.3379038950888571)
continue (2.8699999999999815 -22.3419041328241157)
continue (2.8799999999999812 -22.3461638713904236)
continue (2.8899999999999810 -22.3525184061488069)
continue (2.8999999999999808 -22.3567961889022655)
continue (2.9099999999999806 -22.3613477864104198)
continue (2.9199999999999804 -22.3607025840970621)
continue (2.9299999999999802 -22.3651057288856379)
continue (2.9399999999999800 -22.3712379784631636)
continue (2.9499999999999797 -22.3768607958319059)
continue (2.9599999999999795 -22.3814435129685414)
continue (2.9699999999999793 -22.3862649152817603)
continue (2.9799999999999791 -22.3909035919668824)
continue (2.9899999999999789 -22.3958549368333095)
continue (2.9999999999999787 -22.4006566213047051)
continue (3.0099999999999785 -22.8742963846033263)
continue (3.0199999999999783 -22.8785021345777508)
continue (3.0299999999999780 -22.8822407421368972)
continue (3.0399999999999778 -22.8864454852114534)
continue (3.0499999999999776 -22.8890989215621161)
continue (3.0599999999999774 -22.8932641949652407)
continue (3.0699999999999772 -22.9000383561696736)
continue (3.0799999999999770 -22.9079034400235741)
continue (3.0899999999999768 -22.9123468373843693)
continue (3.0999999999999766 -22.9160440628202444)
continue (3.1099999999999763 -22.9203785817263785)
continue (3.1199999999999761 -22.9221681742434207)
continue (3.1299999999999759 -22.9269438902475251)
continue (3.1399999999999757 -22.9328782335403680)
continue (3.1499999999999755 -22.9410353814892680)
continue (3.1599999999999753 -22.9458390962351189)
continue (3.1699999999999751 -22.9503083497458924)
continue (3.1799999999999748 -22.9542009466451375)
continue (3.1899999999999746 -22.9565103825323895)
continue (3.1999999999999744 -22.9606723307973120)
continue (3.2099999999999742 -22.9639355008359409)
continue (3.2199999999999740 -22.9735164738288447)
continue (3.2299999999999738 -22.9788758298218703)
continue (3.2399999999999736 -22.9840664026061319)
continue (3.2499999999999734 -22.9887303593301731)
continue (3.2599999999999731 -22.9910393045903909)
continue (3.2699999999999729 -22.9953634750451030)
continue (3.2799999999999727 -22.9944923386493230)
continue (3.2899999999999725 -23.0008631193718678)
continue (3.2999999999999723 -23.0108330863973585)
continue (3.3099999999999721 -23.0169616440600890)
continue (3.3199999999999719 -23.0221539943389040)
continue (3.3299999999999716 -23.0276969670396987)
continue (3.3399999999999714 -23.0297078956988805)
continue (3.3499999999999712 -23.0227517189222972)
continue (3.3599999999999710 -23.0302430855030984)
continue (3.3699999999999708 -23.0369973856146260)
continue (3.3799999999999706 -23.0484081054853611)
continue (3.3899999999999704 -23.0544157250138753)
continue (3.3999999999999702 -23.0608134265799407)
continue (3.4099999999999699 -23.0663010002561109)
continue (3.4199999999999697 -23.0692133776339894)
continue (3.4299999999999695 -23.0552114067310256)
continue (3.4399999999999693 -23.0641922704949813)
continue (3.4499999999999691 -23.0719010872859371)
continue (3.4599999999999689 -23.0827698930803429)
continue (3.4699999999999687 -23.0906491574621704)
continue (3.4799999999999685 -23.0969912915683864)
continue (3.4899999999999682 -23.1039867670384531)
continue (3.4999999999999680 -23.1095955724256186)
continue (3.5099999999999678 -23.1163258824269171)
continue (3.5199999999999676 -23.0962063030608498)
continue (3.5299999999999674 -23.1062092398666614)
continue (3.5399999999999672 -23.1144987069202053)
continue (3.5499999999999670 -23.1236370123320825)
continue (3.5599999999999667 -23.1187614050804839)
continue (3.5600000000000001 -23.1187614050805124)
continue (3.5699999999999665 -23.1269067899871921)
continue (3.5799999999999663 -23.1330868587899268)
continue (3.5899999999999661 -23.1406794068094221)
continue (3.5999999999999659 -23.1460191427249846)
continue (3.6099999999999657 -23.1183468944278552)
continue (3.6199999999999655 -23.1142534125640360)
continue (3.6299999999999653 -23.1269541537630197)
continue (3.6399999999999650 -23.1225476630558013)
continue (3.6499999999999648 -23.1354599286200049)
continue (3.6599999999999646 -23.1306447909879864)
continue (3.6699999999999644 -23.1437797179673836)
continue (3.6799999999999642 -23.1385254627616490)
continue (3.6899999999999640 -23.1518455023325416)
continue (3.6999999999999638 -23.1461528311066331)
continue (3.7099999999999635 -23.1596862896811153)
continue (3.7199999999999633 -23.1560278217731899)
continue (3.7299999999999631 -23.1672377791828517)
continue (3.7399999999999629 -23.1632280951220615)
continue (3.7499999999999627 -23.1743742799659387)
continue (3.7500000000000000 -23.1743742799659849)
continue (3.7599999999999625 -23.1629370958109000)
continue (3.7699999999999623 -23.1540991264620963)
continue (3.7799999999999621 -23.1694122778583917)
continue (3.7899999999999618 -23.1598414481557846)
continue (3.7999999999999616 -23.1755141759816254)
continue (3.8099999999999614 -23.1648895881421772)
continue (3.8199999999999612 -23.1809100841171656)
continue (3.8299999999999610 -23.1728425399959512)
continue (3.8399999999999608 -23.1859129097534549)
continue (3.8399999999999999 -23.1859129097535153)
continue (3.8499999999999606 -23.1964885978270843)
continue (3.8599999999999604 -23.1856564131672904)
continue (3.8699999999999601 -23.2015475617782876)
continue (3.8799999999999599 -23.1897251934142545)
continue (3.8899999999999597 -23.2024113605679148)
continue (3.8900000000000001 -23.2024113605679752)
continue (3.8999999999999595 -23.1932268030307362)
continue (3.9099999999999593 -23.2063390371121159)
continue (3.9199999999999591 -23.1961482425295280)
continue (3.9299999999999589 -23.2095610819811533)
continue (3.9399999999999586 -23.1984421591449852)
continue (3.9499999999999584 -23.2160996260082193)
continue (3.9599999999999582 -23.2000160274095748)
continue (3.9699999999999580 -23.2182678053416112)
continue (3.9799999999999578 -23.2008333833380824)
continue (3.9899999999999576 -23.2196519811445619)
continue (4.0099999999999998 -23.2202153235774702)
continue (4.5099999999999998 -23.5737740794046644)
continue (5.0099999999999998 -23.6183007657765280)
continue (5.5099999999999998 -23.6476916072863226)
continue (6.0099999999999998 -23.6737522651935244)
continue (6.5099999999999998 -23.6954399947440351)
continue (7.0099999999999998 -23.7135196644564274)
continue (7.5099999999999998 -23.7283053454781232)
continue (8.0099999999999998 -23.7395872708361324)
continue (8.5099999999999998 -23.7483801778315851)
continue (9.0099999999999998 -23.7551209349930801)
continue (9.5099999999999998 -23.7607053787294831)
continue (10.0000000000000000 -23.7654530574961882)
continue (10.0099999999999998 -23.7655449504808090)
continue (15.0000000000000000 -23.8276363421986872)
continue (20.0000000000000000 -23.9281385525278800)
continue (25.0000000000000000 -24.0324511746717349)
continue (30.0000000000000000 -24.1255735282029597)
continue (35.0000000000000000 -24.2039350384619212)
continue (40.0000000000000000 -24.2673845718080514)
continue (45.0000000000000000 -24.3171440156061962)
continue (50.0000000000000000 -24.3552413072261587)
continue (55.0000000000000000 -24.3839601566054256)
continue (60.0000000000000000 -24.4054999125531005)
continue (65.0000000000000000 -24.4217893248557409)
continue (70.0000000000000000 -24.4344351621997582)
continue (75.0000000000000000 -24.4446370406232170)
continue (80.0000000000000000 -24.4532059893573930)
continue (85.0000000000000000 -24.4606851268944894)
continue (90.0000000000000000 -24.4674433539471927)
continue (95.0000000000000000 -24.4737208776746478)
continue (100.0000000000000000 -24.4796789348549026)
continue (110.0000000000000000 -24.4908921839322744)
continue (120.0000000000000000 -24.5012981713179592)
continue (130.0000000000000000 -24.5110124662196149)
continue (140.0000000000000000 -24.5201321648684321)
continue (150.0000000000000000 -24.5287344990993432)
continue (160.0000000000000000 -24.5368834187516747)
continue (170.0000000000000000 -24.5446325597664448)
continue (180.0000000000000000 -24.5520236355850017)
continue (190.0000000000000000 -24.5590983170728627)
continue (200.0000000000000000 -24.5658856857104091)
continue (210.0000000000000000 -24.5724138190359263)
continue (220.0000000000000000 -24.5787069466983858)
continue (230.0000000000000000 -24.5847857013887143)
continue (240.0000000000000000 -24.5906682017663911)
continue (250.0000000000000000 -24.5963688216823400)
continue (260.0000000000000000 -24.6019030945877795)
continue (270.0000000000000000 -24.6072845013819332)
continue (280.0000000000000000 -24.6125213573979806)
continue (290.0000000000000000 -24.6176261330333190)
continue (300.0000000000000000 -24.6226059929682215)
continue (310.0000000000000000 -24.6274708406318084)
continue (320.0000000000000000 -24.6322253603776744)
continue (330.0000000000000000 -24.6368794958606188)
continue (340.0000000000000000 -24.6414368274378148)
continue (350.0000000000000000 -24.6459029127002935)
continue (360.0000000000000000 -24.6502840378384143)
continue (370.0000000000000000 -24.6545850562921878)
continue (380.0000000000000000 -24.6588096736721312)
continue (390.0000000000000000 -24.6629605893179651)
continue (400.0000000000000000 -24.6670427001905956)
continue (410.0000000000000000 -24.6710593359643973)
continue (420.0000000000000000 -24.6750136306120957)
continue (430.0000000000000000 -24.6789084002591288)
continue (440.0000000000000000 -24.6827464332550086)
continue (450.0000000000000000 -24.6865302536895008)
continue (460.0000000000000000 -24.6902621517035605)
continue (470.0000000000000000 -24.6939444379441042)
continue (480.0000000000000000 -24.6975791845474220)
continue (490.0000000000000000 -24.7011684113120538)
continue (500.0000000000000000 -24.7047131491321288)
continue (510.0000000000000000 -24.7082151467528028)
continue (520.0000000000000000 -24.7116770066062870)
continue (530.0000000000000000 -24.7151005169105069)
continue (540.0000000000000000 -24.7184867380693696)
continue (550.0000000000000000 -24.7218369481783640)
continue (560.0000000000000000 -24.7251509036916097)
continue (570.0000000000000000 -24.7284310428593983)
continue (580.0000000000000000 -24.7316799842645345)
continue (590.0000000000000000 -24.7348976155409801)
continue (600.0000000000000000 -24.7380837362909460)
continue (610.0000000000000000 -24.7412401108548430)
continue (620.0000000000000000 -24.7443696017732826)
continue (630.0000000000000000 -24.7474715327622192)
continue (640.0000000000000000 -24.7505444433099555)
continue (650.0000000000000000 -24.7535935369615459)
continue (660.0000000000000000 -24.7566178944396214)
continue (670.0000000000000000 -24.7596153203360529)
continue (680.0000000000000000 -24.7625913825199078)
continue (690.0000000000000000 -24.7655442550901661)
continue (700.0000000000000000 -24.7684730124848578)
continue (710.0000000000000000 -24.7713824381895940)
continue (720.0000000000000000 -24.7742688383337750)
continue (730.0000000000000000 -24.7771356582514919)
continue (740.0000000000000000 -24.7799832810459506)
continue (750.0000000000000000 -24.7828087990409820)
continue (760.0000000000000000 -24.7856182402119636)
continue (770.0000000000000000 -24.7884067677054531)
continue (780.0000000000000000 -24.7911790928901716)
continue (790.0000000000000000 -24.7939327412218908)
continue (800.0000000000000000 -24.7966698092368638)
continue (810.0000000000000000 -24.7993903593216629)
continue (820.0000000000000000 -24.8020935506005245)
continue (830.0000000000000000 -24.8047826113591761)
continue (840.0000000000000000 -24.8074535976625725)
continue (850.0000000000000000 -24.8101122195064967)
continue (860.0000000000000000 -24.8127528591107982)
continue (870.0000000000000000 -24.8153821693451633)
continue (880.0000000000000000 -24.8179940451382492)
continue (890.0000000000000000 -24.8205952439915727)
continue (900.0000000000000000 -24.8231796742267967)
continue (910.0000000000000000 -24.8257536925253923)
continue (920.0000000000000000 -24.8283121667820978)
continue (930.0000000000000000 -24.8308597347977695)
continue (940.0000000000000000 -24.8333937223071572)
continue (950.0000000000000000 -24.8359157556876688)
continue (960.0000000000000000 -24.8384262844716552)
continue (970.0000000000000000 -24.8409240304792505)
continue (980.0000000000000000 -24.8434120083367951)
continue (990.0000000000000000 -24.8458861911776907)
continue (1000.0000000000000000 -24.8483527923665406)
continue (1200.0000000000000000 -24.8956054822987269)
continue (1400.0000000000000000 -24.9397489279591760)
continue (1600.0000000000000000 -24.9815779183384805)
continue (1800.0000000000000000 -25.0215977097392646)
continue (2000.0000000000000000 -25.0601559748875538)
continue (2200.0000000000000000 -25.0974848481897155)
continue (2400.0000000000000000 -25.1337571628558258)
continue (2600.0000000000000000 -25.1690788536526888)
continue (2800.0000000000000000 -25.2035392291786486)
continue (3000.0000000000000000 -25.2371832267759046)
continue (3200.0000000000000000 -25.2700419739378859)
continue (3400.0000000000000000 -25.3021403627565853)
continue (3600.0000000000000000 -25.3334742413651774)
continue (3800.0000000000000000 -25.3640679586539868)
continue (4000.0000000000000000 -25.3939013538504668)
continue (4200.0000000000000000 -25.4229897060884831)
continue (4400.0000000000000000 -25.4513339932162346)
continue (4600.0000000000000000 -25.4789387191663046)
continue (4800.0000000000000000 -25.5058106222255212)
continue (5000.0000000000000000 -25.5319527927028034)
continue (5200.0000000000000000 -25.5573628645671569)
continue (5400.0000000000000000 -25.5820835763930354)
continue (5600.0000000000000000 -25.6061030378525878)
continue (5800.0000000000000000 -25.6294404505543234)
continue (6000.0000000000000000 -25.6521239652527200)
continue (6200.0000000000000000 -25.6741639579755159)
continue (6400.0000000000000000 -25.6955754023663800)
continue (6600.0000000000000000 -25.7164144820635840)
continue (6800.0000000000000000 -25.7366486694757057)
continue (7000.0000000000000000 -25.7563299288865046)
continue (7200.0000000000000000 -25.7754913228530746)
continue (7400.0000000000000000 -25.7941523870887011)
continue (7600.0000000000000000 -25.8123070469783222)
continue (7800.0000000000000000 -25.8299904209977740)
continue (8000.0000000000000000 -25.8472274741024002)
continue (8200.0000000000000000 -25.8640373364828662)
continue (8400.0000000000000000 -25.8804400722434238)
continue (8600.0000000000000000 -25.8964534054182813)
continue (8800.0000000000000000 -25.9120952947001086)
continue (9000.0000000000000000 -25.9273823349562029)
continue (9200.0000000000000000 -25.9423305552360581)
continue (9400.0000000000000000 -25.9569550819021408)
continue (9600.0000000000000000 -25.9712689934627932)
continue (9800.0000000000000000 -25.9852854992202467)
continue (10000.0000000000000000 -25.9990164257202387)
continue (10200.0000000000000000 -26.0124603560958469)
continue (10400.0000000000000000 -26.0256378895736908)
continue (10600.0000000000000000 -26.0385674417253163)
continue (10800.0000000000000000 -26.0512612812055337)
continue (11000.0000000000000000 -26.0637221201787206)
continue (11500.0000000000000000 -26.0938802029647618)
continue (12000.0000000000000000 -26.1227379222617202)
continue (12500.0000000000000000 -26.1503863188733021)
continue (13000.0000000000000000 -26.1769519917964324)
continue (13500.0000000000000000 -26.2025162891051231)
continue (14000.0000000000000000 -26.2271066086033109)
continue (14500.0000000000000000 -26.2508526132564022)
continue (15000.0000000000000000 -26.2737566415507686)
continue (15500.0000000000000000 -26.2959298576771694)
continue (16000.0000000000000000 -26.3173566588316667)
continue (16500.0000000000000000 -26.3381312478185095)
continue (17000.0000000000000000 -26.3582884759892977)
continue (17500.0000000000000000 -26.3778289432870992)
continue (18000.0000000000000000 -26.3968142469838298)
continue (18500.0000000000000000 -26.4152819375944183)
continue (19000.0000000000000000 -26.4332563166004419)
continue (19500.0000000000000000 -26.4507523226701196)
continue (20000.0000000000000000 -26.4677887229285744)
continue (20500.0000000000000000 -26.4843994323009539)
continue (21000.0000000000000000 -26.5006039930302357)
continue (21500.0000000000000000 -26.5164221869271337)
continue (22000.0000000000000000 -26.5318716928699487)
continue (22500.0000000000000000 -26.5469690529461708)
continue (23000.0000000000000000 -26.5617302348582420)
continue (23500.0000000000000000 -26.5761689448287974)
continue (24000.0000000000000000 -26.5903004072353006)
continue (24500.0000000000000000 -26.6041303563783309)
continue (25000.0000000000000000 -26.6176664443556987)
continue (25500.0000000000000000 -26.6309355174979068)
continue (26000.0000000000000000 -26.6439453589437107)
continue (26500.0000000000000000 -26.6567102073261744)
continue (27000.0000000000000000 -26.6692341423486035)
continue (27500.0000000000000000 -26.6815214859000704)
continue (28000.0000000000000000 -26.6935635929228532)
continue (28500.0000000000000000 -26.7054010354206426)
continue (29000.0000000000000000 -26.7170397784976323)
continue (29500.0000000000000000 -26.7284772561835169)
continue (30000.0000000000000000 -26.7396932027950669)
continue (30500.0000000000000000 -26.7507354744134851)
continue (31000.0000000000000000 -26.7616063157260271)
continue (31500.0000000000000000 -26.7722851164606901)
continue (32000.0000000000000000 -26.7827867013892131)
continue (32500.0000000000000000 -26.7931428039978705)
continue (33000.0000000000000000 -26.8033267813258362)
continue (33500.0000000000000000 -26.8133438687498469)
continue (34000.0000000000000000 -26.8232328922733672)
continue (34500.0000000000000000 -26.8329550240587693)
continue (35000.0000000000000000 -26.8425383893202429)
continue (35500.0000000000000000 -26.8520013910928412)
continue (36000.0000000000000000 -26.8612974260913830)
continue (36500.0000000000000000 -26.8704872673275510)
continue (37000.0000000000000000 -26.8795406897595193)
continue (37500.0000000000000000 -26.8884651420136436)
continue (38000.0000000000000000 -26.8972904319743549)
continue (38500.0000000000000000 -26.9059628968064004)
continue (39000.0000000000000000 -26.9145548706639666)
continue (39500.0000000000000000 -26.9230086590705007)
continue (40000.0000000000000000 -26.9313736546687430)
continue (40500.0000000000000000 -26.9396185393013283)
continue (41000.0000000000000000 -26.9477694629834801)
continue (41500.0000000000000000 -26.9558158660767511)
continue (42000.0000000000000000 -26.9637624841857182)
continue (42500.0000000000000000 -26.9716185348496822)
continue (43000.0000000000000000 -26.9793716616007764)
continue (43500.0000000000000000 -26.9870437941540757)
continue (44000.0000000000000000 -26.9946150233120470)
continue (44500.0000000000000000 -27.0021090934516401)
continue (45000.0000000000000000 -27.0095091033853514)
continue (45500.0000000000000000 -27.0168303192665178)
continue (46000.0000000000000000 -27.0240691087965814)
continue (46500.0000000000000000 -27.0312238701687484)
continue (47000.0000000000000000 -27.0383096833003300)
continue (47500.0000000000000000 -27.0453052200332920)
continue (48000.0000000000000000 -27.0522447803352470)
continue (48500.0000000000000000 -27.0590855255922484)
continue (49000.0000000000000000 -27.0658870324088525)
continue (49500.0000000000000000 -27.0725826986877927)
continue (50000.0000000000000000 -27.0792396676051261)
continue (50500.0000000000000000 -27.0858060746792653)
continue (51000.0000000000000000 -27.0923143054606506)
continue (51500.0000000000000000 -27.0987653131642396)
continue (52000.0000000000000000 -27.1051347169685464)
continue (52500.0000000000000000 -27.1114707957669303)
continue (53000.0000000000000000 -27.1177118711933822)
continue (53500.0000000000000000 -27.1239157208048454)
continue (54000.0000000000000000 -27.1300525438898674)
continue (54500.0000000000000000 -27.1361247412144593)
continue (55000.0000000000000000 -27.1421632112714377)
continue (55500.0000000000000000 -27.1481150826155044)
continue (56000.0000000000000000 -27.1540331200192462)
continue (56500.0000000000000000 -27.1598929823900157)
continue (57000.0000000000000000 -27.1656878573714806)
continue (57500.0000000000000000 -27.1714597945136980)
continue (58000.0000000000000000 -27.1771488560592438)
continue (58500.0000000000000000 -27.1827988439078787)
continue (59000.0000000000000000 -27.1884133282564946)
continue (59500.0000000000000000 -27.1939546509582932)
continue (60000.0000000000000000 -27.1994676307762226)
continue (60500.0000000000000000 -27.2049307795288620)
continue (61000.0000000000000000 -27.2103326100094520)
continue (61500.0000000000000000 -27.2157152897756802)
continue (62000.0000000000000000 -27.2210341225080761)
continue (62500.0000000000000000 -27.2263047987460389)
continue (63000.0000000000000000 -27.2315596439912362)
continue (63500.0000000000000000 -27.2367436561494038)
continue (64000.0000000000000000 -27.2418894196413710)
continue (64500.0000000000000000 -27.2470180469639374)
continue (65000.0000000000000000 -27.2520778444180642)
continue (65500.0000000000000000 -27.2571028855564066)
continue (66000.0000000000000000 -27.2621115482047927)
continue (66500.0000000000000000 -27.2670539418111275)
continue (67000.0000000000000000 -27.2719618822901673)
continue (67500.0000000000000000 -27.2768565227101050)
continue (68000.0000000000000000 -27.2816878562061227)
continue (68500.0000000000000000 -27.2864829722874909)
continue (69000.0000000000000000 -27.2912653694164007)
continue (69500.0000000000000000 -27.2959948881412160)
continue (70000.0000000000000000 -27.3006827475637088)
continue (70500.0000000000000000 -27.3053546592918970)
continue (71000.0000000000000000 -27.3099894117991440)
continue (71500.0000000000000000 -27.3145749536442217)
continue (72000.0000000000000000 -27.3191397532169091)
continue (72500.0000000000000000 -27.3236845063680853)
continue (73000.0000000000000000 -27.3281718456688800)
continue (73500.0000000000000000 -27.3326351781178296)
continue (74000.0000000000000000 -27.3370874048917827)
continue (74500.0000000000000000 -27.3414856985364025)
continue (75245.0000000000000000 -50.0000000000000000)
continue (7354000.0000000000000000 -50.0000000000000000)
f(nu) = -20.7425492598212493 at 1.0000000000000000 Ryd
