# Faucher-Giguere 2019 
# z = 7.912509
# E [Ryd] log (J_nu)
interpolate (0.0000000100100000 -50.0000000000000000)
continue (0.0990000000000000 -50.0000000000000000)
continue (0.1000000000000000 -20.9437433964830966)
continue (0.1500000000000000 -21.0157293505136842)
continue (0.2000000000000000 -21.0014017288338160)
continue (0.2500000000000001 -21.1689864399885295)
continue (0.3000000000000000 -21.1346864401229837)
continue (0.3500000000000001 -21.1112152867637484)
continue (0.4000000000000001 -21.0959864779473385)
continue (0.4500000000000001 -21.0535568328946248)
continue (0.5000000000000001 -21.1078266583694898)
continue (0.5500000000000002 -21.1822880347153912)
continue (0.6000000000000002 -21.1058673934052088)
continue (0.6500000000000001 -21.0869777608942854)
continue (0.7000000000000002 -21.0600704534456504)
continue (0.7500000000000002 -21.2251109626635177)
continue (0.8000000000000002 -21.1431795875514830)
continue (0.8500000000000002 -21.1432304713973096)
continue (0.9000000000000002 -21.1927275708232301)
continue (0.9500000000000003 -21.2480951089768340)
continue (1.0100000000000000 -22.7229372604401441)
continue (1.0600000000000001 -22.7634261568254388)
continue (1.1100000000000001 -22.7453434964874290)
continue (1.1600000000000001 -23.1102243662991782)
continue (1.2100000000000002 -22.8905908987379654)
continue (1.2600000000000002 -22.7665621427177847)
continue (1.3100000000000003 -22.8631418304277503)
continue (1.3600000000000003 -22.8676097545418386)
continue (1.4100000000000004 -22.8273089644399469)
continue (1.4600000000000004 -23.1801968818409243)
continue (1.5100000000000005 -22.9724397821701665)
continue (1.5600000000000005 -22.9815163964956071)
continue (1.6100000000000005 -22.8862245351830538)
continue (1.6600000000000006 -23.2791188833457809)
continue (1.7100000000000006 -22.8834386235423430)
continue (1.7600000000000007 -22.9007644340736967)
continue (1.8100000000000007 -23.0697966210093952)
continue (1.8600000000000008 -23.0635405218012544)
continue (1.9100000000000008 -23.0109119347087265)
continue (1.9600000000000009 -22.8679650659173355)
continue (2.0000000000000000 -23.0863862111140925)
continue (2.0099999999999998 -23.0363030062909822)
continue (2.0199999999999996 -23.0731554184777821)
continue (2.0299999999999994 -23.0812154533550888)
continue (2.0399999999999991 -23.1355125851844221)
continue (2.0499999999999989 -23.0722856409420913)
continue (2.0599999999999987 -23.0671916331761864)
continue (2.0699999999999985 -23.0482710013942196)
continue (2.0799999999999983 -23.0291293515360387)
continue (2.0899999999999981 -23.1087815355469672)
continue (2.0999999999999979 -23.0982893846921478)
continue (2.1099999999999977 -23.1618927016705172)
continue (2.1199999999999974 -23.1418910017990775)
continue (2.1299999999999972 -23.1993856182967271)
continue (2.1399999999999970 -23.1575770934312146)
continue (2.1499999999999968 -23.1159824477301257)
continue (2.1599999999999966 -23.1936845133240084)
continue (2.1699999999999964 -23.3085331615448048)
continue (2.1799999999999962 -23.2599014613813075)
continue (2.1899999999999959 -23.2360053854153676)
continue (2.1999999999999957 -23.1171829681605097)
continue (2.2099999999999955 -23.1377925234751416)
continue (2.2199999999999953 -23.2444306842305615)
continue (2.2299999999999951 -23.2924437506470916)
continue (2.2399999999999949 -23.2621060958410126)
continue (2.2499999999999947 -23.1937551972094376)
continue (2.2599999999999945 -23.1978970085662759)
continue (2.2699999999999942 -23.2997906519488787)
continue (2.2799999999999940 -23.3290454118005499)
continue (2.2899999999999938 -23.4188928410915267)
continue (2.2999999999999936 -23.3946689326021016)
continue (2.3099999999999934 -23.4600552316251019)
continue (2.3199999999999932 -23.6161286691938486)
continue (2.3299999999999930 -23.5948392147461696)
continue (2.3399999999999928 -23.6305849194578563)
continue (2.3499999999999925 -23.6819763733132653)
continue (2.3599999999999923 -23.6767707736394399)
continue (2.3699999999999921 -23.7504067440297995)
continue (2.3799999999999919 -23.6731418357950183)
continue (2.3899999999999917 -23.5962953483202575)
continue (2.3999999999999915 -23.5974471306208535)
continue (2.4099999999999913 -23.5592261731339221)
continue (2.4199999999999910 -23.5119949549958775)
continue (2.4299999999999908 -23.4403879015438861)
continue (2.4399999999999906 -23.4487742655432498)
continue (2.4499999999999904 -23.4566698780862808)
continue (2.4599999999999902 -23.3198128831491758)
continue (2.4699999999999900 -23.4188064006549794)
continue (2.4799999999999898 -23.4385109053601361)
continue (2.4899999999999896 -23.6236829992174826)
continue (2.4999999999999893 -23.7318229252886965)
continue (2.5099999999999891 -23.6923773693987343)
continue (2.5199999999999889 -23.5924267830874363)
continue (2.5299999999999887 -23.5541083458648117)
continue (2.5399999999999885 -23.4982702313784202)
continue (2.5499999999999883 -23.4911578394848668)
continue (2.5599999999999881 -23.5411760005731345)
continue (2.5699999999999878 -23.5601524233375628)
continue (2.5799999999999876 -23.5388158624094928)
continue (2.5899999999999874 -23.5049338231694058)
continue (2.5999999999999872 -23.5576028442131715)
continue (2.6099999999999870 -23.4943297952134103)
continue (2.6199999999999868 -23.5410365942852202)
continue (2.6299999999999866 -23.5033274164271013)
continue (2.6399999999999864 -23.5258691792261843)
continue (2.6499999999999861 -23.5019962697937181)
continue (2.6599999999999859 -23.4596754149837743)
continue (2.6699999999999857 -23.3315032209663080)
continue (2.6799999999999855 -23.3390536159538335)
continue (2.6899999999999853 -23.3797802504653873)
continue (2.6999999999999851 -23.4724694977998745)
continue (2.7099999999999849 -23.6741601503063990)
continue (2.7199999999999847 -23.7326851561065446)
continue (2.7299999999999844 -23.5814684778863572)
continue (2.7399999999999842 -23.4887827252876384)
continue (2.7499999999999840 -23.4085678342119081)
continue (2.7599999999999838 -23.3503709172372460)
continue (2.7699999999999836 -23.3515668950571360)
continue (2.7799999999999834 -23.3172422663810934)
continue (2.7899999999999832 -23.4884578212069854)
continue (2.7999999999999829 -23.4267804195536158)
continue (2.8099999999999827 -23.3639654547502218)
continue (2.8199999999999825 -23.5515211436894418)
continue (2.8299999999999823 -23.6876223063074569)
continue (2.8399999999999821 -23.6062318061175951)
continue (2.8499999999999819 -23.5892388519094460)
continue (2.8599999999999817 -23.7168633509896019)
continue (2.8699999999999815 -23.6949402244820426)
continue (2.8799999999999812 -23.7476165700372732)
continue (2.8899999999999810 -23.7988972394375935)
continue (2.8999999999999808 -23.8198111245955211)
continue (2.9099999999999806 -24.0037716289047900)
continue (2.9199999999999804 -24.1136467727827046)
continue (2.9299999999999802 -23.8509600293974309)
continue (2.9399999999999800 -23.9243571171742637)
continue (2.9499999999999797 -23.7518512674881599)
continue (2.9599999999999795 -23.9248753779047973)
continue (2.9699999999999793 -23.8138252556193706)
continue (2.9799999999999791 -23.6149981259234529)
continue (2.9899999999999789 -23.5981147031344456)
continue (2.9999999999999787 -23.6731241271459396)
continue (3.0099999999999785 -23.8990304357051571)
continue (3.0199999999999783 -24.0470073216885822)
continue (3.0299999999999780 -23.9664918130767752)
continue (3.0399999999999778 -23.9080213243229771)
continue (3.0499999999999776 -23.7063556433142644)
continue (3.0599999999999774 -24.1802474701368020)
continue (3.0699999999999772 -24.2642235294126856)
continue (3.0799999999999770 -24.3381145933387337)
continue (3.0899999999999768 -24.4735116367330505)
continue (3.0999999999999766 -24.5238288947439429)
continue (3.1099999999999763 -24.4429281627784114)
continue (3.1199999999999761 -24.4374293081472089)
continue (3.1299999999999759 -24.4838755922697047)
continue (3.1399999999999757 -24.4425243872650206)
continue (3.1499999999999755 -24.2128970328936575)
continue (3.1599999999999753 -24.0911729611722762)
continue (3.1699999999999751 -24.0207905320229607)
continue (3.1799999999999748 -24.0088255345825701)
continue (3.1899999999999746 -24.0695402766925532)
continue (3.1999999999999744 -24.0295609688352911)
continue (3.2099999999999742 -24.0562441288896736)
continue (3.2199999999999740 -24.0468806394171111)
continue (3.2299999999999738 -24.0605848714319634)
continue (3.2399999999999736 -24.2008951262460492)
continue (3.2499999999999734 -24.2364289400602573)
continue (3.2599999999999731 -24.2773644005131040)
continue (3.2699999999999729 -24.3814719426312720)
continue (3.2799999999999727 -24.2965118857558338)
continue (3.2899999999999725 -23.9684841364560306)
continue (3.2999999999999723 -23.9368682741814105)
continue (3.3099999999999721 -23.9073717379710544)
continue (3.3199999999999719 -23.8728862073412174)
continue (3.3299999999999716 -23.8400414775204617)
continue (3.3399999999999714 -23.7982109035188500)
continue (3.3499999999999712 -23.9444300743489116)
continue (3.3599999999999710 -24.0851733681818914)
continue (3.3699999999999708 -24.0892171003567768)
continue (3.3799999999999706 -24.0606605171319821)
continue (3.3899999999999704 -24.0568254646905118)
continue (3.3999999999999702 -24.1209524257627308)
continue (3.4099999999999699 -24.1327769531316214)
continue (3.4199999999999697 -24.1457303418391085)
continue (3.4299999999999695 -24.1613266040364927)
continue (3.4399999999999693 -24.1525616593408401)
continue (3.4499999999999691 -24.1000165807577744)
continue (3.4599999999999689 -24.1182989226920661)
continue (3.4699999999999687 -24.1399609745017756)
continue (3.4799999999999685 -24.1821924829580048)
continue (3.4899999999999682 -24.4466496471839321)
continue (3.4999999999999680 -24.4977252271519284)
continue (3.5099999999999678 -24.3663787933573737)
continue (3.5199999999999676 -24.2855243119741999)
continue (3.5299999999999674 -24.0273946330139623)
continue (3.5399999999999672 -24.2431292936704459)
continue (3.5499999999999670 -24.6501274719441881)
continue (3.5599999999999667 -24.5960102485913161)
continue (3.5600000000000001 -24.5960102485908116)
continue (3.5699999999999665 -24.4760765744347921)
continue (3.5799999999999663 -24.3674030963415618)
continue (3.5899999999999661 -24.3006078870658015)
continue (3.5999999999999659 -24.3426474599580125)
continue (3.6099999999999657 -24.3840186256502740)
continue (3.6199999999999655 -24.4275196155946865)
continue (3.6299999999999653 -24.4812583196432989)
continue (3.6399999999999650 -24.5229579331776080)
continue (3.6499999999999648 -24.5767871228599368)
continue (3.6599999999999646 -24.6537366798565785)
continue (3.6699999999999644 -24.7292075065034496)
continue (3.6799999999999642 -24.8019066358278089)
continue (3.6899999999999640 -24.8808195868583937)
continue (3.6999999999999638 -24.9410252476554781)
continue (3.7099999999999635 -25.0194041250843746)
continue (3.7199999999999633 -25.0906403174203945)
continue (3.7299999999999631 -25.1995638760334941)
continue (3.7399999999999629 -25.3407929969737005)
continue (3.7499999999999627 -25.7756824158181566)
continue (3.7500000000000000 -25.7752313901787709)
continue (3.7599999999999625 -24.9327129964181005)
continue (3.7699999999999623 -24.8534003156905285)
continue (3.7799999999999621 -24.9133500612919079)
continue (3.7899999999999618 -25.1173548482055438)
continue (3.7999999999999616 -25.4521702083432118)
continue (3.8099999999999614 -25.4548590174756555)
continue (3.8199999999999612 -25.5909669853824866)
continue (3.8299999999999610 -25.6820999553310862)
continue (3.8399999999999608 -25.7504531456347472)
continue (3.8399999999999999 -25.7504531456350350)
continue (3.8499999999999606 -25.6976449786990848)
continue (3.8599999999999604 -25.7202482431130477)
continue (3.8699999999999601 -25.8455947418985303)
continue (3.8799999999999599 -25.8668946245690101)
continue (3.8899999999999597 -25.6520389736377155)
continue (3.8900000000000001 -25.6520389736377048)
continue (3.8999999999999595 -25.6966367962830446)
continue (3.9099999999999593 -25.7797445262976836)
continue (3.9199999999999591 -25.8015321290476045)
continue (3.9299999999999589 -25.7945031953131299)
continue (3.9399999999999586 -25.7728735142533196)
continue (3.9499999999999584 -25.7480642369125370)
continue (3.9599999999999582 -25.7247380782002715)
continue (3.9699999999999580 -25.5693735146678698)
continue (3.9799999999999578 -25.4506134449708448)
continue (3.9899999999999576 -25.5789354309914714)
continue (4.0099999999999998 -25.8707039541364416)
continue (4.5099999999999998 -26.6663790238879628)
continue (5.0099999999999998 -27.1262158512863856)
continue (5.5099999999999998 -26.8432919338731750)
continue (6.0099999999999998 -27.3599934666049407)
continue (6.5099999999999998 -27.0738212807861380)
continue (7.0099999999999998 -27.0991066616261733)
continue (7.5099999999999998 -27.2900923515143177)
continue (8.0099999999999998 -27.3544033512350495)
continue (8.5099999999999998 -27.5111385513382842)
continue (9.0099999999999998 -27.5271190092452720)
continue (9.5099999999999998 -27.5512912704389663)
continue (10.0000000000000000 -27.5477625465467462)
continue (10.0099999999999998 -27.5461958257158983)
continue (15.0000000000000000 -27.5799203961312003)
continue (20.0000000000000000 -27.6475739742734277)
continue (25.0000000000000000 -27.7048634287424385)
continue (30.0000000000000000 -27.7817603138299987)
continue (35.0000000000000000 -27.8537029149417918)
continue (40.0000000000000000 -27.9221927124163969)
continue (45.0000000000000000 -27.9817663116178856)
continue (50.0000000000000000 -28.0364831148083304)
continue (55.0000000000000000 -28.0863737247284568)
continue (60.0000000000000000 -28.1311093624178099)
continue (65.0000000000000000 -28.1684879138362554)
continue (70.0000000000000000 -28.1984193170317141)
continue (75.0000000000000000 -28.2218709398615282)
continue (80.0000000000000000 -28.2397898461492787)
continue (85.0000000000000000 -28.2530655702625211)
continue (90.0000000000000000 -28.2625586439064982)
continue (95.0000000000000000 -28.2692340583624073)
continue (100.0000000000000000 -28.2746566477722432)
continue (110.0000000000000000 -28.2848690575533830)
continue (120.0000000000000000 -28.2944200298299258)
continue (130.0000000000000000 -28.3033748125486326)
continue (140.0000000000000000 -28.3117954072296065)
continue (150.0000000000000000 -28.3197402784715173)
continue (160.0000000000000000 -28.3272608119878555)
continue (170.0000000000000000 -28.3344011294640055)
continue (180.0000000000000000 -28.3412023679403688)
continue (190.0000000000000000 -28.3476953915656544)
continue (200.0000000000000000 -28.3539113448351969)
continue (210.0000000000000000 -28.3598753215392811)
continue (220.0000000000000000 -28.3656092197879630)
continue (230.0000000000000000 -28.3711328415393780)
continue (240.0000000000000000 -28.3764629836193620)
continue (250.0000000000000000 -28.3816159139460886)
continue (260.0000000000000000 -28.3866048929155923)
continue (270.0000000000000000 -28.3914407705009708)
continue (280.0000000000000000 -28.3961360226508077)
continue (290.0000000000000000 -28.4006991311903860)
continue (300.0000000000000000 -28.4051399688671111)
continue (310.0000000000000000 -28.4094653141171349)
continue (320.0000000000000000 -28.4136837001289919)
continue (330.0000000000000000 -28.4177998752619807)
continue (340.0000000000000000 -28.4218217373612489)
continue (350.0000000000000000 -28.4257541525270625)
continue (360.0000000000000000 -28.4296015456703905)
continue (370.0000000000000000 -28.4333676921932330)
continue (380.0000000000000000 -28.4370587856665509)
continue (390.0000000000000000 -28.4406781549140639)
continue (400.0000000000000000 -28.4442292797475034)
continue (410.0000000000000000 -28.4477152411536558)
continue (420.0000000000000000 -28.4511394350075939)
continue (430.0000000000000000 -28.4545046347995445)
continue (440.0000000000000000 -28.4578134377052763)
continue (450.0000000000000000 -28.4610683725850286)
continue (460.0000000000000000 -28.4642718927056002)
continue (470.0000000000000000 -28.4674263034489137)
continue (480.0000000000000000 -28.4705334855190202)
continue (490.0000000000000000 -28.4735952974277495)
continue (500.0000000000000000 -28.4766142094539205)
continue (510.0000000000000000 -28.4795914581929921)
continue (520.0000000000000000 -28.4825290270389289)
continue (530.0000000000000000 -28.4854273780231786)
continue (540.0000000000000000 -28.4882881474775331)
continue (550.0000000000000000 -28.4911133508171517)
continue (560.0000000000000000 -28.4939046554864888)
continue (570.0000000000000000 -28.4966633159357770)
continue (580.0000000000000000 -28.4993888008485960)
continue (590.0000000000000000 -28.5020830110470840)
continue (600.0000000000000000 -28.5047479282422778)
continue (610.0000000000000000 -28.5073844432603778)
continue (620.0000000000000000 -28.5099917983414599)
continue (630.0000000000000000 -28.5125722554183270)
continue (640.0000000000000000 -28.5151276559049620)
continue (650.0000000000000000 -28.5176558978888792)
continue (660.0000000000000000 -28.5201597534360189)
continue (670.0000000000000000 -28.5226410378652453)
continue (680.0000000000000000 -28.5250973518678030)
continue (690.0000000000000000 -28.5275315925811093)
continue (700.0000000000000000 -28.5299448278529972)
continue (710.0000000000000000 -28.5323354792309800)
continue (720.0000000000000000 -28.5347063000531058)
continue (730.0000000000000000 -28.5370567314721590)
continue (740.0000000000000000 -28.5393870636281761)
continue (750.0000000000000000 -28.5416995005533494)
continue (760.0000000000000000 -28.5439918524078031)
continue (770.0000000000000000 -28.5462680441993299)
continue (780.0000000000000000 -28.5485247442719654)
continue (790.0000000000000000 -28.5507650404549942)
continue (800.0000000000000000 -28.5529887398412754)
continue (810.0000000000000000 -28.5551955809462470)
continue (820.0000000000000000 -28.5573877943666297)
continue (830.0000000000000000 -28.5595627505478085)
continue (840.0000000000000000 -28.5617241957911681)
continue (850.0000000000000000 -28.5638690932067973)
continue (860.0000000000000000 -28.5660013133720483)
continue (870.0000000000000000 -28.5681176239173205)
continue (880.0000000000000000 -28.5702219484969397)
continue (890.0000000000000000 -28.5723109831772071)
continue (900.0000000000000000 -28.5743886266284086)
continue (910.0000000000000000 -28.5764515788899303)
continue (920.0000000000000000 -28.5785036050933670)
continue (930.0000000000000000 -28.5805415312287963)
continue (940.0000000000000000 -28.5825687153093284)
continue (950.0000000000000000 -28.5845834066276723)
continue (960.0000000000000000 -28.5865867831002376)
continue (970.0000000000000000 -28.5885794275562013)
continue (980.0000000000000000 -28.5905594782474779)
continue (990.0000000000000000 -28.5925301727290808)
continue (1000.0000000000000000 -28.5944884305396272)
continue (1200.0000000000000000 -28.6317188719434306)
continue (1400.0000000000000000 -28.6659985523046110)
continue (1600.0000000000000000 -28.6981120239028442)
continue (1800.0000000000000000 -28.7285682670604032)
continue (2000.0000000000000000 -28.7577129992812601)
continue (2200.0000000000000000 -28.7857960315967496)
continue (2400.0000000000000000 -28.8129971868666921)
continue (2600.0000000000000000 -28.8394590652448635)
continue (2800.0000000000000000 -28.8652845563106730)
continue (3000.0000000000000000 -28.8905617652401858)
continue (3200.0000000000000000 -28.9153594804394238)
continue (3400.0000000000000000 -28.9397320870618451)
continue (3600.0000000000000000 -28.9637316776999292)
continue (3800.0000000000000000 -28.9873872720130912)
continue (4000.0000000000000000 -29.0107433678976783)
continue (4200.0000000000000000 -29.0338226298793209)
continue (4400.0000000000000000 -29.0566497541620272)
continue (4600.0000000000000000 -29.0792442715125965)
continue (4800.0000000000000000 -29.1016256021020183)
continue (5000.0000000000000000 -29.1238063383925869)
continue (5200.0000000000000000 -29.1457940440462799)
continue (5400.0000000000000000 -29.1675582035904988)
continue (5600.0000000000000000 -29.1890770232507037)
continue (5800.0000000000000000 -29.2103270926536140)
continue (6000.0000000000000000 -29.2312754056480202)
continue (6200.0000000000000000 -29.2519147288680088)
continue (6400.0000000000000000 -29.2722287289821423)
continue (6600.0000000000000000 -29.2921840839286709)
continue (6800.0000000000000000 -29.3117936584716823)
continue (7000.0000000000000000 -29.3310372681957965)
continue (7200.0000000000000000 -29.3498963968859279)
continue (7400.0000000000000000 -29.3683674746980579)
continue (7600.0000000000000000 -29.3864469590593416)
continue (7800.0000000000000000 -29.4041298543586720)
continue (8000.0000000000000000 -29.4214053830661904)
continue (8200.0000000000000000 -29.4382775213680503)
continue (8400.0000000000000000 -29.4547408427173139)
continue (8600.0000000000000000 -29.4708111941911568)
continue (8800.0000000000000000 -29.4865090889137846)
continue (9000.0000000000000000 -29.5018514162197079)
continue (9200.0000000000000000 -29.5168527979561190)
continue (9400.0000000000000000 -29.5315241738457672)
continue (9600.0000000000000000 -29.5458866585913711)
continue (9800.0000000000000000 -29.5599505341783093)
continue (10000.0000000000000000 -29.5737259532547085)
continue (10200.0000000000000000 -29.5872304316892532)
continue (10400.0000000000000000 -29.6004756209027491)
continue (10600.0000000000000000 -29.6134598908144220)
continue (10800.0000000000000000 -29.6261962354768436)
continue (11000.0000000000000000 -29.6386952293149868)
continue (11500.0000000000000000 -29.6689694090570875)
continue (12000.0000000000000000 -29.6979469348731904)
continue (12500.0000000000000000 -29.7257352379301416)
continue (13000.0000000000000000 -29.7524160467395404)
continue (13500.0000000000000000 -29.7780663817947584)
continue (14000.0000000000000000 -29.8027970293001232)
continue (14500.0000000000000000 -29.8266292726200604)
continue (15000.0000000000000000 -29.8496608005154194)
continue (15500.0000000000000000 -29.8719078679233014)
continue (16000.0000000000000000 -29.8934633916698402)
continue (16500.0000000000000000 -29.9143313533211561)
continue (17000.0000000000000000 -29.9345686745525157)
continue (17500.0000000000000000 -29.9542228761825129)
continue (18000.0000000000000000 -29.9733149864095871)
continue (18500.0000000000000000 -29.9918716546699820)
continue (19000.0000000000000000 -30.0099231166017084)
continue (19500.0000000000000000 -30.0275033903119883)
continue (20000.0000000000000000 -30.0446362050682545)
continue (20500.0000000000000000 -30.0613413397039331)
continue (21000.0000000000000000 -30.0776354940396082)
continue (21500.0000000000000000 -30.0935412042281598)
continue (22000.0000000000000000 -30.1090762466437702)
continue (22500.0000000000000000 -30.1242573827379623)
continue (23000.0000000000000000 -30.1391003357617251)
continue (23500.0000000000000000 -30.1536166462230604)
continue (24000.0000000000000000 -30.1678233186349516)
continue (24500.0000000000000000 -30.1817371932180407)
continue (25000.0000000000000000 -30.1953642436764902)
continue (25500.0000000000000000 -30.2087262364040079)
continue (26000.0000000000000000 -30.2218127073620586)
continue (26500.0000000000000000 -30.2346459564531607)
continue (27000.0000000000000000 -30.2472361946521566)
continue (27500.0000000000000000 -30.2595920012577331)
continue (28000.0000000000000000 -30.2717298190375210)
continue (28500.0000000000000000 -30.2836454551162539)
continue (29000.0000000000000000 -30.2953434990099559)
continue (29500.0000000000000000 -30.3068398990284962)
continue (30000.0000000000000000 -30.3181510739888473)
continue (30500.0000000000000000 -30.3292675442269548)
continue (31000.0000000000000000 -30.3401911432396538)
continue (31500.0000000000000000 -30.3509415487982750)
continue (32000.0000000000000000 -30.3615293264279025)
continue (32500.0000000000000000 -30.3719378698420606)
continue (33000.0000000000000000 -30.3821870711642887)
continue (33500.0000000000000000 -30.3922898495366844)
continue (34000.0000000000000000 -30.4022280229993953)
continue (34500.0000000000000000 -30.4120222359565133)
continue (35000.0000000000000000 -30.4216817093538587)
continue (35500.0000000000000000 -30.4311834564232520)
continue (36000.0000000000000000 -30.4405743600654510)
continue (36500.0000000000000000 -30.4498108965605958)
continue (37000.0000000000000000 -30.4589264988757442)
continue (37500.0000000000000000 -30.4679284023932233)
continue (38000.0000000000000000 -30.4767900631245396)
continue (38500.0000000000000000 -30.4855528452905027)
continue (39000.0000000000000000 -30.4941841509612246)
continue (39500.0000000000000000 -30.5027207906617761)
continue (40000.0000000000000000 -30.5111309742241410)
continue (40500.0000000000000000 -30.5194432568047418)
continue (41000.0000000000000000 -30.5276496683780501)
continue (41500.0000000000000000 -30.5357532246913692)
continue (42000.0000000000000000 -30.5437641407358420)
continue (42500.0000000000000000 -30.5516700413038045)
continue (43000.0000000000000000 -30.5594920956030052)
continue (43500.0000000000000000 -30.5672102592341055)
continue (44000.0000000000000000 -30.5748502415808154)
continue (44500.0000000000000000 -30.5823907571226812)
continue (45000.0000000000000000 -30.5898553781700748)
continue (45500.0000000000000000 -30.5972280151634628)
continue (46000.0000000000000000 -30.6045242191636646)
continue (46500.0000000000000000 -30.6117387908152665)
continue (47000.0000000000000000 -30.6188725242594515)
continue (47500.0000000000000000 -30.6259373705494795)
continue (48000.0000000000000000 -30.6329118685973825)
continue (48500.0000000000000000 -30.6398278759388241)
continue (49000.0000000000000000 -30.6466541008104798)
continue (49500.0000000000000000 -30.6534297681886514)
continue (50000.0000000000000000 -30.6601186091504694)
continue (50500.0000000000000000 -30.6667512830842561)
continue (51000.0000000000000000 -30.6733112773433767)
continue (51500.0000000000000000 -30.6798073296884901)
continue (52000.0000000000000000 -30.6862467967754249)
continue (52500.0000000000000000 -30.6926047367991153)
continue (53000.0000000000000000 -30.6989231889743301)
continue (53500.0000000000000000 -30.7051620532976379)
continue (54000.0000000000000000 -30.7113524608458341)
continue (54500.0000000000000000 -30.7174909883454994)
continue (55000.0000000000000000 -30.7235509238757381)
continue (55500.0000000000000000 -30.7295779886808909)
continue (56000.0000000000000000 -30.7355311994562150)
continue (56500.0000000000000000 -30.7414408740019205)
continue (57000.0000000000000000 -30.7473014713171828)
continue (57500.0000000000000000 -30.7530935664457203)
continue (58000.0000000000000000 -30.7588507402230782)
continue (58500.0000000000000000 -30.7645512017796641)
continue (59000.0000000000000000 -30.7701953914911748)
continue (59500.0000000000000000 -30.7758062521946165)
continue (60000.0000000000000000 -30.7813525491687621)
continue (60500.0000000000000000 -30.7868617969386520)
continue (61000.0000000000000000 -30.7923272552962217)
continue (61500.0000000000000000 -30.7977350997921775)
continue (62000.0000000000000000 -30.8031074180171345)
continue (62500.0000000000000000 -30.8084402224328961)
continue (63000.0000000000000000 -30.8137139595587612)
continue (63500.0000000000000000 -30.8189570233404062)
continue (64000.0000000000000000 -30.8241628872682512)
continue (64500.0000000000000000 -30.8293081260059694)
continue (65000.0000000000000000 -30.8344280867140341)
continue (65500.0000000000000000 -30.8395118525863587)
continue (66000.0000000000000000 -30.8445364165646509)
continue (66500.0000000000000000 -30.8495376760686177)
continue (67000.0000000000000000 -30.8545039001353381)
continue (67500.0000000000000000 -30.8594153854947280)
continue (68000.0000000000000000 -30.8643020938310677)
continue (68500.0000000000000000 -30.8691556083870751)
continue (69000.0000000000000000 -30.8739593373526517)
continue (69500.0000000000000000 -30.8787377991489258)
continue (70000.0000000000000000 -30.8834837923741290)
continue (70500.0000000000000000 -30.8881832025019847)
continue (71000.0000000000000000 -30.8928567398879110)
continue (71500.0000000000000000 -30.8975028761007451)
continue (72000.0000000000000000 -30.9021047275298386)
continue (72500.0000000000000000 -30.9066715855304395)
continue (73000.0000000000000000 -30.9112193507620212)
continue (73500.0000000000000000 -30.9157352158938217)
continue (74000.0000000000000000 -30.9202019756230193)
continue (74500.0000000000000000 -30.9246513677719648)
continue (75245.0000000000000000 -50.0000000000000000)
continue (7354000.0000000000000000 -50.0000000000000000)
f(nu) = -21.3841078881740891 at 1.0000000000000000 Ryd
