# Faucher-Giguere 2019 
# z = 9.000000
# E [Ryd] log (J_nu)
interpolate (0.0000000100100000 -50.0000000000000000)
continue (0.0990000000000000 -50.0000000000000000)
continue (0.1000000000000000 -25.8603604075129780)
continue (0.1500000000000000 -25.9660180680084949)
continue (0.2000000000000000 -26.0409786077216410)
continue (0.2500000000000001 -26.0991251029178244)
continue (0.3000000000000000 -26.1466349758213923)
continue (0.3500000000000001 -26.1868038231179590)
continue (0.4000000000000001 -26.2215974869722324)
continue (0.4500000000000001 -26.2522895547935597)
continue (0.5000000000000001 -26.2797424051618904)
continue (0.5500000000000002 -26.3046004382457781)
continue (0.6000000000000002 -26.3289930867779951)
continue (0.6500000000000001 -26.3565825022364102)
continue (0.7000000000000002 -25.9549049838030612)
continue (0.7500000000000002 -26.4196071262473637)
continue (0.8000000000000002 -26.4542764573708133)
continue (0.8500000000000002 -26.4908607068206337)
continue (0.9000000000000002 -26.5293071156171791)
continue (0.9500000000000003 -26.5932666283227022)
continue (1.0100000000000000 -27.3896823033631591)
continue (1.0600000000000001 -27.5084371435267592)
continue (1.1100000000000001 -27.5802199168111351)
continue (1.1600000000000001 -27.6217386737279291)
continue (1.2100000000000002 -27.6462768973173674)
continue (1.2600000000000002 -27.6620344526147690)
continue (1.3100000000000003 -27.6734370286580003)
continue (1.3600000000000003 -27.6825599138697740)
continue (1.4100000000000004 -27.6904393480631654)
continue (1.4600000000000004 -27.6977674153426427)
continue (1.5100000000000005 -27.7045769159244131)
continue (1.5600000000000005 -27.7111894857960408)
continue (1.6100000000000005 -27.7175770989485848)
continue (1.6600000000000006 -27.7237322843371494)
continue (1.7100000000000006 -27.7297485734633113)
continue (1.7600000000000007 -27.7356457412729149)
continue (1.8100000000000007 -27.7413414605693305)
continue (1.8600000000000008 -27.7469417758713277)
continue (1.9100000000000008 -27.7524495476919881)
continue (1.9600000000000009 -27.7578611835432305)
continue (2.0000000000000000 -27.7620962866473029)
continue (2.0099999999999998 -27.7631770292937858)
continue (2.0199999999999996 -27.7642536363492205)
continue (2.0299999999999994 -27.7652651311822396)
continue (2.0399999999999991 -27.7662832379904181)
continue (2.0499999999999989 -27.7673334578284248)
continue (2.0599999999999987 -27.7683997908458480)
continue (2.0699999999999985 -27.7694457375747845)
continue (2.0799999999999983 -27.7704344461584576)
continue (2.0899999999999981 -27.7714484733321783)
continue (2.0999999999999979 -27.7724902191896064)
continue (2.1099999999999977 -27.7735414687063269)
continue (2.1199999999999974 -27.7745653680721816)
continue (2.1299999999999972 -27.7755387592213872)
continue (2.1399999999999970 -27.7765455690506684)
continue (2.1499999999999968 -27.7775769459200674)
continue (2.1599999999999966 -27.7786148993826387)
continue (2.1699999999999964 -27.7796237881490526)
continue (2.1799999999999962 -27.7805900035262106)
continue (2.1899999999999959 -27.7815876256235974)
continue (2.1999999999999957 -27.7826030192403053)
continue (2.2099999999999955 -27.7836010048115263)
continue (2.2199999999999953 -27.7845731534805296)
continue (2.2299999999999951 -27.7854979027040088)
continue (2.2399999999999949 -27.7864526268143592)
continue (2.2499999999999947 -27.7874299762107277)
continue (2.2599999999999945 -27.7884168801151148)
continue (2.2699999999999942 -27.7893829748330319)
continue (2.2799999999999940 -27.7903027793715331)
continue (2.2899999999999938 -27.7912430663223766)
continue (2.2999999999999936 -27.7922072751864100)
continue (2.3099999999999934 -27.7931817366943328)
continue (2.3199999999999932 -27.7941465558233034)
continue (2.3299999999999930 -27.7950670417335921)
continue (2.3399999999999928 -27.7959897993686340)
continue (2.3499999999999925 -27.7969343877070436)
continue (2.3599999999999923 -27.7978952902980048)
continue (2.3699999999999921 -27.7988552243529341)
continue (2.3799999999999919 -27.7997855195098786)
continue (2.3899999999999917 -27.8006845281210033)
continue (2.3999999999999915 -27.8016092877736654)
continue (2.4099999999999913 -27.8025516883732244)
continue (2.4199999999999910 -27.8035016558507202)
continue (2.4299999999999908 -27.8044341930415193)
continue (2.4399999999999906 -27.8053301950554115)
continue (2.4499999999999904 -27.8062284441829419)
continue (2.4599999999999902 -27.8071479994490609)
continue (2.4699999999999900 -27.8080815970902222)
continue (2.4799999999999898 -27.8090164972719620)
continue (2.4899999999999896 -27.8099368891503289)
continue (2.4999999999999893 -27.8108091440346286)
continue (2.5099999999999891 -27.8116981127325289)
continue (2.5199999999999889 -27.8126048572077984)
continue (2.5299999999999887 -27.8135230731630863)
continue (2.5399999999999885 -27.8144416297071650)
continue (2.5499999999999883 -27.8153335975333071)
continue (2.5599999999999881 -27.8161972421370969)
continue (2.5699999999999878 -27.8170807535551035)
continue (2.5799999999999876 -27.8179789367424917)
continue (2.5899999999999874 -27.8188871414598680)
continue (2.5999999999999872 -27.8197929350588815)
continue (2.6099999999999870 -27.8206703361782353)
continue (2.6199999999999868 -27.8215244332088005)
continue (2.6299999999999866 -27.8223986421767862)
continue (2.6399999999999864 -27.8232889147343450)
continue (2.6499999999999861 -27.8241888391079293)
continue (2.6599999999999859 -27.8250874181799723)
continue (2.6699999999999857 -27.8259620521811435)
continue (2.6799999999999855 -27.8268071431978186)
continue (2.6899999999999853 -27.8276573356356529)
continue (2.6999999999999851 -27.8285206700587509)
continue (2.7099999999999849 -27.8293937976368007)
continue (2.7199999999999847 -27.8302673972164598)
continue (2.7299999999999844 -27.8311268684611726)
continue (2.7399999999999842 -27.8319503296522548)
continue (2.7499999999999840 -27.8327883496826658)
continue (2.7599999999999838 -27.8336412553707504)
continue (2.7699999999999836 -27.8345031371700316)
continue (2.7799999999999834 -27.8353577777455286)
continue (2.7899999999999832 -27.8361780350743224)
continue (2.7999999999999829 -27.8369193804295989)
continue (2.8099999999999827 -27.8375685606969654)
continue (2.8199999999999825 -27.8380746769307912)
continue (2.8299999999999823 -27.8387514751804126)
continue (2.8399999999999821 -27.8387577160761275)
continue (2.8499999999999819 -27.8380728875163150)
continue (2.8599999999999817 -27.8362076752770449)
continue (2.8699999999999815 -27.8359133004275598)
continue (2.8799999999999812 -27.8315051997015743)
continue (2.8899999999999810 -27.8228165142785073)
continue (2.8999999999999808 -27.8068674593774077)
continue (2.9099999999999806 -27.8012993142957363)
continue (2.9199999999999804 -27.7723503494071764)
continue (2.9299999999999802 -27.7282038690870145)
continue (2.9399999999999800 -27.7164950822167029)
continue (2.9499999999999797 -27.6367085039917555)
continue (2.9599999999999795 -27.5278836891277372)
continue (2.9699999999999793 -27.4950919806369853)
continue (2.9799999999999791 -27.3577203199184069)
continue (2.9899999999999789 -27.2013120521862177)
continue (2.9999999999999787 -27.1675148929020587)
continue (3.0099999999999785 -27.8544194385419956)
continue (3.0199999999999783 -27.8552259344367101)
continue (3.0299999999999780 -27.8560440682673907)
continue (3.0399999999999778 -27.8568651683893904)
continue (3.0499999999999776 -27.8576810023339121)
continue (3.0599999999999774 -27.8584869312048511)
continue (3.0699999999999772 -27.8592731223536347)
continue (3.0799999999999770 -27.8600538448789834)
continue (3.0899999999999768 -27.8608476534833827)
continue (3.0999999999999766 -27.8616517331739075)
continue (3.1099999999999763 -27.8624643229276607)
continue (3.1199999999999761 -27.8632746502885524)
continue (3.1299999999999759 -27.8640722870962207)
continue (3.1399999999999757 -27.8648540774279745)
continue (3.1499999999999755 -27.8656230532321487)
continue (3.1599999999999753 -27.8664052598084737)
continue (3.1699999999999751 -27.8671985904952173)
continue (3.1799999999999748 -27.8679997420500669)
continue (3.1899999999999746 -27.8687960297843489)
continue (3.1999999999999744 -27.8695896027946581)
continue (3.2099999999999742 -27.8703756919016428)
continue (3.2199999999999740 -27.8711338738769179)
continue (3.2299999999999738 -27.8719042906790229)
continue (3.2399999999999736 -27.8726852703519796)
continue (3.2499999999999734 -27.8734709357218193)
continue (3.2599999999999731 -27.8742619817168595)
continue (3.2699999999999729 -27.8750546747671564)
continue (3.2799999999999727 -27.8758351955389507)
continue (3.2899999999999725 -27.8765966464538693)
continue (3.2999999999999723 -27.8773552845357209)
continue (3.3099999999999721 -27.8781230931887904)
continue (3.3199999999999719 -27.8789840389430843)
continue (3.3299999999999716 -27.8798992359562909)
continue (3.3399999999999714 -27.8806796828544421)
continue (3.3499999999999712 -27.8816571202739709)
continue (3.3599999999999710 -27.8827442510773338)
continue (3.3699999999999708 -27.8839685077818622)
continue (3.3799999999999706 -27.8847108427861556)
continue (3.3899999999999704 -27.8862232324198729)
continue (3.3999999999999702 -27.8881634822387277)
continue (3.4099999999999699 -27.8907827903187062)
continue (3.4199999999999697 -27.8915131909637282)
continue (3.4299999999999695 -27.8951732504488454)
continue (3.4399999999999693 -27.9005398242347127)
continue (3.4499999999999691 -27.9011708785132022)
continue (3.4599999999999689 -27.9092264277777353)
continue (3.4699999999999687 -27.9098201380132309)
continue (3.4799999999999685 -27.9223366485647091)
continue (3.4899999999999682 -27.9424029825823723)
continue (3.4999999999999680 -27.9428395375883518)
continue (3.5099999999999678 -27.9760092030828531)
continue (3.5199999999999676 -27.9763905489351892)
continue (3.5299999999999674 -28.0350628346260962)
continue (3.5399999999999672 -28.1467124028116018)
continue (3.5499999999999670 -28.1468579567697788)
continue (3.5599999999999667 -27.9001326871213990)
continue (3.5600000000000001 -27.9001326871214026)
continue (3.5699999999999665 -27.9012801170510194)
continue (3.5799999999999663 -27.9033034454654043)
continue (3.5899999999999661 -27.9058446288212956)
continue (3.5999999999999659 -27.9069826134467149)
continue (3.6099999999999657 -27.9103518401140214)
continue (3.6199999999999655 -27.9114962092761587)
continue (3.6299999999999653 -27.9162343283516705)
continue (3.6399999999999650 -27.9176114638902959)
continue (3.6499999999999648 -27.9243132767323203)
continue (3.6599999999999646 -27.9347318042683206)
continue (3.6699999999999644 -27.9359354653224301)
continue (3.6799999999999642 -27.9519326186437382)
continue (3.6899999999999640 -27.9526956979308636)
continue (3.6999999999999638 -27.9780199991052712)
continue (3.7099999999999635 -27.9786944744367858)
continue (3.7199999999999633 -28.0201457606053381)
continue (3.7299999999999631 -28.0231742360162990)
continue (3.7399999999999629 -28.0909111997581569)
continue (3.7499999999999627 -28.0965948049221375)
continue (3.7500000000000000 -28.0965948049221410)
continue (3.7599999999999625 -27.9363996818813938)
continue (3.7699999999999623 -27.9489092411070317)
continue (3.7799999999999621 -27.9486524019066351)
continue (3.7899999999999618 -27.9676460058063192)
continue (3.7999999999999616 -27.9674110808225365)
continue (3.8099999999999614 -27.9875357791664001)
continue (3.8199999999999612 -27.9970792019557422)
continue (3.8299999999999610 -28.0311234801554008)
continue (3.8399999999999608 -28.0458094730619756)
continue (3.8399999999999999 -28.0458094730619933)
continue (3.8499999999999606 -27.9149599676261815)
continue (3.8599999999999604 -27.9410559993848082)
continue (3.8699999999999601 -27.9472430677929431)
continue (3.8799999999999599 -27.9582743123420485)
continue (3.8899999999999597 -27.8353605537898616)
continue (3.8900000000000001 -27.8353605537899327)
continue (3.8999999999999595 -27.8511581330309426)
continue (3.9099999999999593 -27.8142628324828927)
continue (3.9199999999999591 -27.8336810095373011)
continue (3.9299999999999589 -27.7896509664827889)
continue (3.9399999999999586 -27.8133520350362993)
continue (3.9499999999999584 -27.7603503693260869)
continue (3.9599999999999582 -27.7891609666590611)
continue (3.9699999999999580 -27.7265167762546909)
continue (3.9799999999999578 -27.7613607806744014)
continue (3.9899999999999576 -27.6890798375164380)
continue (4.0099999999999998 -27.6487433695068603)
continue (4.5099999999999998 -28.2431842664452013)
continue (5.0099999999999998 -28.2426050233791841)
continue (5.5099999999999998 -28.2444442182232791)
continue (6.0099999999999998 -28.2586849093042680)
continue (6.5099999999999998 -28.2802192921749658)
continue (7.0099999999999998 -28.3018530938832136)
continue (7.5099999999999998 -28.3236690837026401)
continue (8.0099999999999998 -28.3456567322819382)
continue (8.5099999999999998 -28.3677522104286410)
continue (9.0099999999999998 -28.3899159012647857)
continue (9.5099999999999998 -28.4119967649977170)
continue (10.0000000000000000 -28.4335245038221096)
continue (10.0099999999999998 -28.4339612608176218)
continue (15.0000000000000000 -28.6365452248524761)
continue (20.0000000000000000 -28.8020883623422321)
continue (25.0000000000000000 -28.9362619160564805)
continue (30.0000000000000000 -29.0472001264956035)
continue (35.0000000000000000 -29.1408825783015217)
continue (40.0000000000000000 -29.2213382226112905)
continue (45.0000000000000000 -29.2913530392005974)
continue (50.0000000000000000 -29.3528951737779771)
continue (55.0000000000000000 -29.4074569693606911)
continue (60.0000000000000000 -29.4557342651338132)
continue (65.0000000000000000 -29.4959001087001980)
continue (70.0000000000000000 -29.5280228619262104)
continue (75.0000000000000000 -29.5532366013936603)
continue (80.0000000000000000 -29.5725961763386209)
continue (85.0000000000000000 -29.5870553241545373)
continue (90.0000000000000000 -29.5974719793935677)
continue (95.0000000000000000 -29.6047429281173251)
continue (100.0000000000000000 -29.6105305956428566)
continue (110.0000000000000000 -29.6212672655356926)
continue (120.0000000000000000 -29.6311727317615166)
continue (130.0000000000000000 -29.6403742627222684)
continue (140.0000000000000000 -29.6489706365246946)
continue (150.0000000000000000 -29.6570431036253908)
continue (160.0000000000000000 -29.6646577351135683)
continue (170.0000000000000000 -29.6718681555600554)
continue (180.0000000000000000 -29.6787224413895281)
continue (190.0000000000000000 -29.6852551836005993)
continue (200.0000000000000000 -29.6915015485579659)
continue (210.0000000000000000 -29.6974885627789433)
continue (220.0000000000000000 -29.7032397295679189)
continue (230.0000000000000000 -29.7087760654187960)
continue (240.0000000000000000 -29.7141155479870775)
continue (250.0000000000000000 -29.7192750001568982)
continue (260.0000000000000000 -29.7242682688643498)
continue (270.0000000000000000 -29.7291062765224083)
continue (280.0000000000000000 -29.7338025213605590)
continue (290.0000000000000000 -29.7383652449891933)
continue (300.0000000000000000 -29.7428046536219952)
continue (310.0000000000000000 -29.7471275956627537)
continue (320.0000000000000000 -29.7513432448814896)
continue (330.0000000000000000 -29.7554555545544872)
continue (340.0000000000000000 -29.7594732429300315)
continue (350.0000000000000000 -29.7634012627336233)
continue (360.0000000000000000 -29.7672436664616740)
continue (370.0000000000000000 -29.7710045031055515)
continue (380.0000000000000000 -29.7746901075197172)
continue (390.0000000000000000 -29.7783035855740401)
continue (400.0000000000000000 -29.7818487904560527)
continue (410.0000000000000000 -29.7853285678733144)
continue (420.0000000000000000 -29.7887464401293158)
continue (430.0000000000000000 -29.7921051309114375)
continue (440.0000000000000000 -29.7954073135314559)
continue (450.0000000000000000 -29.7986555093317698)
continue (460.0000000000000000 -29.8018521518759627)
continue (470.0000000000000000 -29.8049996246028925)
continue (480.0000000000000000 -29.8080996804074267)
continue (490.0000000000000000 -29.8111545044416957)
continue (500.0000000000000000 -29.8141661256734878)
continue (510.0000000000000000 -29.8171364474065825)
continue (520.0000000000000000 -29.8200667684255976)
continue (530.0000000000000000 -29.8229578105508324)
continue (540.0000000000000000 -29.8258112454347355)
continue (550.0000000000000000 -29.8286290313814355)
continue (560.0000000000000000 -29.8314129478616294)
continue (570.0000000000000000 -29.8341643520801654)
continue (580.0000000000000000 -29.8368823666436249)
continue (590.0000000000000000 -29.8395689672788649)
continue (600.0000000000000000 -29.8422264207082577)
continue (610.0000000000000000 -29.8448556484514249)
continue (620.0000000000000000 -29.8474553127249038)
continue (630.0000000000000000 -29.8500280818934129)
continue (640.0000000000000000 -29.8525760714926491)
continue (650.0000000000000000 -29.8550967961877873)
continue (660.0000000000000000 -29.8575929328317358)
continue (670.0000000000000000 -29.8600667426966382)
continue (680.0000000000000000 -29.8625154338143943)
continue (690.0000000000000000 -29.8649418646801479)
continue (700.0000000000000000 -29.8673478146497509)
continue (710.0000000000000000 -29.8697305631605516)
continue (720.0000000000000000 -29.8720938975490569)
continue (730.0000000000000000 -29.8744367471694261)
continue (740.0000000000000000 -29.8767591929309901)
continue (750.0000000000000000 -29.8790642870603946)
continue (760.0000000000000000 -29.8813487611144204)
continue (770.0000000000000000 -29.8836172745815567)
continue (780.0000000000000000 -29.8858664237818736)
continue (790.0000000000000000 -29.8880991301801231)
continue (800.0000000000000000 -29.8903151485567591)
continue (810.0000000000000000 -29.8925140986752638)
continue (820.0000000000000000 -29.8946986663706440)
continue (830.0000000000000000 -29.8968658333855046)
continue (840.0000000000000000 -29.8990198473782982)
continue (850.0000000000000000 -29.9011569102093091)
continue (860.0000000000000000 -29.9032815953166775)
continue (870.0000000000000000 -29.9053901082688007)
continue (880.0000000000000000 -29.9074868610481346)
continue (890.0000000000000000 -29.9095680545040707)
continue (900.0000000000000000 -29.9116381869995251)
continue (910.0000000000000000 -29.9136931906097416)
continue (920.0000000000000000 -29.9157376560982406)
continue (930.0000000000000000 -29.9177678523800452)
continue (940.0000000000000000 -29.9197875793980970)
continue (950.0000000000000000 -29.9217946080292023)
continue (960.0000000000000000 -29.9237901906426806)
continue (970.0000000000000000 -29.9257750252095285)
continue (980.0000000000000000 -29.9277473741833973)
continue (990.0000000000000000 -29.9297107447092685)
continue (1000.0000000000000000 -29.9316610831020000)
continue (1200.0000000000000000 -29.9687377505103960)
continue (1400.0000000000000000 -30.0028646313310645)
continue (1600.0000000000000000 -30.0348257338003677)
continue (1800.0000000000000000 -30.0651304309461871)
continue (2000.0000000000000000 -30.0941237051420813)
continue (2200.0000000000000000 -30.1220565385843706)
continue (2400.0000000000000000 -30.1491079539353137)
continue (2600.0000000000000000 -30.1754212117061371)
continue (2800.0000000000000000 -30.2010981935019913)
continue (3000.0000000000000000 -30.2262277988766925)
continue (3200.0000000000000000 -30.2508790628373490)
continue (3400.0000000000000000 -30.2751045105732892)
continue (3600.0000000000000000 -30.2989590208535482)
continue (3800.0000000000000000 -30.3224699222204279)
continue (4000.0000000000000000 -30.3456818471657535)
continue (4200.0000000000000000 -30.3686178285765287)
continue (4400.0000000000000000 -30.3913021270634509)
continue (4600.0000000000000000 -30.4137544434201708)
continue (4800.0000000000000000 -30.4359947866165435)
continue (5000.0000000000000000 -30.4580393557455018)
continue (5200.0000000000000000 -30.4799011095911112)
continue (5400.0000000000000000 -30.5015487443643813)
continue (5600.0000000000000000 -30.5229611361645361)
continue (5800.0000000000000000 -30.5441158868418867)
continue (6000.0000000000000000 -30.5649768390016732)
continue (6200.0000000000000000 -30.5855393537685316)
continue (6400.0000000000000000 -30.6057853183297226)
continue (6600.0000000000000000 -30.6256811714041177)
continue (6800.0000000000000000 -30.6452416125989231)
continue (7000.0000000000000000 -30.6644453573653806)
continue (7200.0000000000000000 -30.6832711709122670)
continue (7400.0000000000000000 -30.7017169797285732)
continue (7600.0000000000000000 -30.7197817810574563)
continue (7800.0000000000000000 -30.7374572787930660)
continue (8000.0000000000000000 -30.7547305108613536)
continue (8200.0000000000000000 -30.7716011003293133)
continue (8400.0000000000000000 -30.7880672594214175)
continue (8600.0000000000000000 -30.8041386545007256)
continue (8800.0000000000000000 -30.8198376265539480)
continue (9000.0000000000000000 -30.8351812282367916)
continue (9200.0000000000000000 -30.8501823083449480)
continue (9400.0000000000000000 -30.8648565347859183)
continue (9600.0000000000000000 -30.8792193701468634)
continue (9800.0000000000000000 -30.8932828846945746)
continue (10000.0000000000000000 -30.9070606399781127)
continue (10200.0000000000000000 -30.9205645332060257)
continue (10400.0000000000000000 -30.9338119119025343)
continue (10600.0000000000000000 -30.9467994601879255)
continue (10800.0000000000000000 -30.9595357220497256)
continue (11000.0000000000000000 -30.9720331021424435)
continue (11500.0000000000000000 -31.0023106406798128)
continue (12000.0000000000000000 -31.0312894181419772)
continue (12500.0000000000000000 -31.0590812661739548)
continue (13000.0000000000000000 -31.0857643160909305)
continue (13500.0000000000000000 -31.1114170385977715)
continue (14000.0000000000000000 -31.1361505825514797)
continue (14500.0000000000000000 -31.1599830808914220)
continue (15000.0000000000000000 -31.1830186789755537)
continue (15500.0000000000000000 -31.2052669519063812)
continue (16000.0000000000000000 -31.2268256270070381)
continue (16500.0000000000000000 -31.2476954513137670)
continue (17000.0000000000000000 -31.2679335139176295)
continue (17500.0000000000000000 -31.2875911509091544)
continue (18000.0000000000000000 -31.3066861486905808)
continue (18500.0000000000000000 -31.3252429630443032)
continue (19000.0000000000000000 -31.3432943443896725)
continue (19500.0000000000000000 -31.3608781997022845)
continue (20000.0000000000000000 -31.3780119655876391)
continue (20500.0000000000000000 -31.3947188520050489)
continue (21000.0000000000000000 -31.4110157634168914)
continue (21500.0000000000000000 -31.4269232165462746)
continue (22000.0000000000000000 -31.4424599413897354)
continue (22500.0000000000000000 -31.4576427504624618)
continue (23000.0000000000000000 -31.4724861489151273)
continue (23500.0000000000000000 -31.4870041775084317)
continue (24000.0000000000000000 -31.5012130867667430)
continue (24500.0000000000000000 -31.5151268973224958)
continue (25000.0000000000000000 -31.5287577725737478)
continue (25500.0000000000000000 -31.5421199003305404)
continue (26000.0000000000000000 -31.5552103660330232)
continue (26500.0000000000000000 -31.5680446290334018)
continue (27000.0000000000000000 -31.5806339710807293)
continue (27500.0000000000000000 -31.5929913913704183)
continue (28000.0000000000000000 -31.6051322226470965)
continue (28500.0000000000000000 -31.6170502892478744)
continue (29000.0000000000000000 -31.6287489196193228)
continue (29500.0000000000000000 -31.6402470338651369)
continue (30000.0000000000000000 -31.6515591047491824)
continue (30500.0000000000000000 -31.6626773440671236)
continue (31000.0000000000000000 -31.6736004783714833)
continue (31500.0000000000000000 -31.6843528902783049)
continue (32000.0000000000000000 -31.6949446283712959)
continue (32500.0000000000000000 -31.7053528953287440)
continue (33000.0000000000000000 -31.7156020461709396)
continue (33500.0000000000000000 -31.7257090111916398)
continue (34000.0000000000000000 -31.7356451267135355)
continue (34500.0000000000000000 -31.7454432836548399)
continue (35000.0000000000000000 -31.7551035801854304)
continue (35500.0000000000000000 -31.7646060550897467)
continue (36000.0000000000000000 -31.7739982789270599)
continue (36500.0000000000000000 -31.7832364873432240)
continue (37000.0000000000000000 -31.7923526143161226)
continue (37500.0000000000000000 -31.8013563530670780)
continue (38000.0000000000000000 -31.8102195036408020)
continue (38500.0000000000000000 -31.8189854604345328)
continue (39000.0000000000000000 -31.8276149226909837)
continue (39500.0000000000000000 -31.8361525406325434)
continue (40000.0000000000000000 -31.8445653495283594)
continue (40500.0000000000000000 -31.8528789802235011)
continue (41000.0000000000000000 -31.8610865495440834)
continue (41500.0000000000000000 -31.8691908006474449)
continue (42000.0000000000000000 -31.8772037781273312)
continue (42500.0000000000000000 -31.8851089163394690)
continue (43000.0000000000000000 -31.8929339673720591)
continue (43500.0000000000000000 -31.9006512249304386)
continue (44000.0000000000000000 -31.9082944821971175)
continue (44500.0000000000000000 -31.9158342692646144)
continue (45000.0000000000000000 -31.9233018744859862)
continue (45500.0000000000000000 -31.9306748663191442)
continue (46000.0000000000000000 -31.9379725135772183)
continue (46500.0000000000000000 -31.9451882341571434)
continue (47000.0000000000000000 -31.9523228899137735)
continue (47500.0000000000000000 -31.9593873946516744)
continue (48000.0000000000000000 -31.9663628993391455)
continue (48500.0000000000000000 -31.9732829021539260)
continue (49000.0000000000000000 -31.9801082631606697)
continue (49500.0000000000000000 -31.9868856578827376)
continue (50000.0000000000000000 -31.9935730274631354)
continue (50500.0000000000000000 -32.0002096887045298)
continue (51000.0000000000000000 -32.0067706911809466)
continue (51500.0000000000000000 -32.0132665244802155)
continue (52000.0000000000000000 -32.0197081253835378)
continue (52500.0000000000000000 -32.0260662670525704)
continue (53000.0000000000000000 -32.0323862889653554)
continue (53500.0000000000000000 -32.0386247979878647)
continue (54000.0000000000000000 -32.0448174171373381)
continue (54500.0000000000000000 -32.0509561582433236)
continue (55000.0000000000000000 -32.0570171840932403)
continue (55500.0000000000000000 -32.0630460702777498)
continue (56000.0000000000000000 -32.0689994049083396)
continue (56500.0000000000000000 -32.0749109122047216)
continue (57000.0000000000000000 -32.0807733209266672)
continue (57500.0000000000000000 -32.0865649157902695)
continue (58000.0000000000000000 -32.0923242062286391)
continue (58500.0000000000000000 -32.0980248896381539)
continue (59000.0000000000000000 -32.1036692517864850)
continue (59500.0000000000000000 -32.1092820602824460)
continue (60000.0000000000000000 -32.1148285964389970)
continue (60500.0000000000000000 -32.1203383993427849)
continue (61000.0000000000000000 -32.1258074800578939)
continue (61500.0000000000000000 -32.1312124604024092)
continue (62000.0000000000000000 -32.1365878096272795)
continue (62500.0000000000000000 -32.1419224690541085)
continue (63000.0000000000000000 -32.1471946028164766)
continue (63500.0000000000000000 -32.1524403931501013)
continue (64000.0000000000000000 -32.1576468494099572)
continue (64500.0000000000000000 -32.1627921970465707)
continue (65000.0000000000000000 -32.1679144091652276)
continue (65500.0000000000000000 -32.1729983404666768)
continue (66000.0000000000000000 -32.1780231271721817)
continue (66500.0000000000000000 -32.1830265057894067)
continue (67000.0000000000000000 -32.1879935565977888)
continue (67500.0000000000000000 -32.1929040681849585)
continue (68000.0000000000000000 -32.1977933476728353)
continue (68500.0000000000000000 -32.2026493579783377)
continue (69000.0000000000000000 -32.2074502268912255)
continue (69500.0000000000000000 -32.2122319488387205)
continue (70000.0000000000000000 -32.2169798345069012)
continue (70500.0000000000000000 -32.2216779951819419)
continue (71000.0000000000000000 -32.2263516747099601)
continue (71500.0000000000000000 -32.2310002073942456)
continue (72000.0000000000000000 -32.2356028544919297)
continue (72500.0000000000000000 -32.2401698506766010)
continue (73000.0000000000000000 -32.2447197358981299)
continue (73500.0000000000000000 -32.2492354184568839)
continue (74000.0000000000000000 -32.2537016299320598)
continue (74500.0000000000000000 -32.2581536606027370)
continue (75245.0000000000000000 -50.0000000000000000)
continue (7354000.0000000000000000 -50.0000000000000000)
f(nu) = -26.1610777565123733 at 1.0000000000000000 Ryd
