# Faucher-Giguere 2019 
# z = 0.000000
# E [Ryd] log (J_nu)
interpolate (0.0000000100100000 -0.0000000050000000)
continue (0.0990000000000000 -0.0000000050000000)
continue (0.1000000000000000 -0.0000000020010925)
continue (0.1500000000000000 -0.0000000020137059)
continue (0.2000000000000000 -0.0000000020228047)
continue (0.2500000000000001 -0.0000000020296056)
continue (0.3000000000000000 -0.0000000020367095)
continue (0.3500000000000001 -0.0000000020459848)
continue (0.4000000000000001 -0.0000000020567302)
continue (0.4500000000000001 -0.0000000020649698)
continue (0.5000000000000001 -0.0000000020764915)
continue (0.5500000000000002 -0.0000000020859243)
continue (0.6000000000000002 -0.0000000020964954)
continue (0.6500000000000001 -0.0000000021053439)
continue (0.7000000000000002 -0.0000000021164391)
continue (0.7500000000000002 -0.0000000021438944)
continue (0.8000000000000002 -0.0000000021633300)
continue (0.8500000000000002 -0.0000000021773805)
continue (0.9000000000000002 -0.0000000021909451)
continue (0.9500000000000003 -0.0000000022098500)
continue (1.0100000000000000 -0.0000000022854099)
continue (1.0600000000000001 -0.0000000022890690)
continue (1.1100000000000001 -0.0000000022926101)
continue (1.1600000000000001 -0.0000000022960865)
continue (1.2100000000000002 -0.0000000022992369)
continue (1.2600000000000002 -0.0000000023021793)
continue (1.3100000000000003 -0.0000000023051791)
continue (1.3600000000000003 -0.0000000023083918)
continue (1.4100000000000004 -0.0000000023114776)
continue (1.4600000000000004 -0.0000000023148933)
continue (1.5100000000000005 -0.0000000023179532)
continue (1.5600000000000005 -0.0000000023211983)
continue (1.6100000000000005 -0.0000000023247860)
continue (1.6600000000000006 -0.0000000023281104)
continue (1.7100000000000006 -0.0000000023319954)
continue (1.7600000000000007 -0.0000000023353540)
continue (1.8100000000000007 -0.0000000023387591)
continue (1.8600000000000008 -0.0000000023421636)
continue (1.9100000000000008 -0.0000000023463273)
continue (1.9600000000000009 -0.0000000023498847)
continue (2.0000000000000000 -0.0000000023520820)
continue (2.0099999999999998 -0.0000000023533303)
continue (2.0199999999999996 -0.0000000023539806)
continue (2.0299999999999994 -0.0000000023547555)
continue (2.0399999999999991 -0.0000000023554204)
continue (2.0499999999999989 -0.0000000023561805)
continue (2.0599999999999987 -0.0000000023568535)
continue (2.0699999999999985 -0.0000000023574615)
continue (2.0799999999999983 -0.0000000023581956)
continue (2.0899999999999981 -0.0000000023588499)
continue (2.0999999999999979 -0.0000000023595983)
continue (2.1099999999999977 -0.0000000023603435)
continue (2.1199999999999974 -0.0000000023610560)
continue (2.1299999999999972 -0.0000000023617246)
continue (2.1399999999999970 -0.0000000023624924)
continue (2.1499999999999968 -0.0000000023628646)
continue (2.1599999999999966 -0.0000000023635456)
continue (2.1699999999999964 -0.0000000023643451)
continue (2.1799999999999962 -0.0000000023649807)
continue (2.1899999999999959 -0.0000000023657140)
continue (2.1999999999999957 -0.0000000023664360)
continue (2.2099999999999955 -0.0000000023671671)
continue (2.2199999999999953 -0.0000000023676342)
continue (2.2299999999999951 -0.0000000023682478)
continue (2.2399999999999949 -0.0000000023689819)
continue (2.2499999999999947 -0.0000000023696731)
continue (2.2599999999999945 -0.0000000023704038)
continue (2.2699999999999942 -0.0000000023708816)
continue (2.2799999999999940 -0.0000000023716126)
continue (2.2899999999999938 -0.0000000023723080)
continue (2.2999999999999936 -0.0000000023730151)
continue (2.3099999999999934 -0.0000000023733914)
continue (2.3199999999999932 -0.0000000023741012)
continue (2.3299999999999930 -0.0000000023747801)
continue (2.3399999999999928 -0.0000000023755247)
continue (2.3499999999999925 -0.0000000023759573)
continue (2.3599999999999923 -0.0000000023766879)
continue (2.3699999999999921 -0.0000000023773657)
continue (2.3799999999999919 -0.0000000023778555)
continue (2.3899999999999917 -0.0000000023785509)
continue (2.3999999999999915 -0.0000000023792556)
continue (2.4099999999999913 -0.0000000023798337)
continue (2.4199999999999910 -0.0000000023803329)
continue (2.4299999999999908 -0.0000000023809948)
continue (2.4399999999999906 -0.0000000023816801)
continue (2.4499999999999904 -0.0000000023821505)
continue (2.4599999999999902 -0.0000000023828173)
continue (2.4699999999999900 -0.0000000023835398)
continue (2.4799999999999898 -0.0000000023839583)
continue (2.4899999999999896 -0.0000000023846722)
continue (2.4999999999999893 -0.0000000023850934)
continue (2.5099999999999891 -0.0000000023857042)
continue (2.5199999999999889 -0.0000000023863577)
continue (2.5299999999999887 -0.0000000023868121)
continue (2.5399999999999885 -0.0000000023875014)
continue (2.5499999999999883 -0.0000000023881664)
continue (2.5599999999999881 -0.0000000023886117)
continue (2.5699999999999878 -0.0000000023892699)
continue (2.5799999999999876 -0.0000000023896973)
continue (2.5899999999999874 -0.0000000023903941)
continue (2.5999999999999872 -0.0000000023910040)
continue (2.6099999999999870 -0.0000000023913926)
continue (2.6199999999999868 -0.0000000023920141)
continue (2.6299999999999866 -0.0000000023924584)
continue (2.6399999999999864 -0.0000000023931222)
continue (2.6499999999999861 -0.0000000023937635)
continue (2.6599999999999859 -0.0000000023942032)
continue (2.6699999999999857 -0.0000000023948293)
continue (2.6799999999999855 -0.0000000023952567)
continue (2.6899999999999853 -0.0000000023959066)
continue (2.6999999999999851 -0.0000000023963037)
continue (2.7099999999999849 -0.0000000023969670)
continue (2.7199999999999847 -0.0000000023973623)
continue (2.7299999999999844 -0.0000000023979137)
continue (2.7399999999999842 -0.0000000023985279)
continue (2.7499999999999840 -0.0000000023989604)
continue (2.7599999999999838 -0.0000000023995486)
continue (2.7699999999999836 -0.0000000023999888)
continue (2.7799999999999834 -0.0000000024005807)
continue (2.7899999999999832 -0.0000000024009968)
continue (2.7999999999999829 -0.0000000024016023)
continue (2.8099999999999827 -0.0000000024020058)
continue (2.8199999999999825 -0.0000000024025975)
continue (2.8299999999999823 -0.0000000024030523)
continue (2.8399999999999821 -0.0000000024035643)
continue (2.8499999999999819 -0.0000000024040453)
continue (2.8599999999999817 -0.0000000024044834)
continue (2.8699999999999815 -0.0000000024049084)
continue (2.8799999999999812 -0.0000000024054859)
continue (2.8899999999999810 -0.0000000024058753)
continue (2.8999999999999808 -0.0000000024064241)
continue (2.9099999999999806 -0.0000000024068344)
continue (2.9199999999999804 -0.0000000024073641)
continue (2.9299999999999802 -0.0000000024077761)
continue (2.9399999999999800 -0.0000000024081907)
continue (2.9499999999999797 -0.0000000024087179)
continue (2.9599999999999795 -0.0000000024091140)
continue (2.9699999999999793 -0.0000000024096381)
continue (2.9799999999999791 -0.0000000024100424)
continue (2.9899999999999789 -0.0000000024105359)
continue (2.9999999999999787 -0.0000000024109777)
continue (3.0099999999999785 -0.0000000024190541)
continue (3.0199999999999783 -0.0000000024194587)
continue (3.0299999999999780 -0.0000000024197905)
continue (3.0399999999999778 -0.0000000024202094)
continue (3.0499999999999776 -0.0000000024206108)
continue (3.0599999999999774 -0.0000000024209743)
continue (3.0699999999999772 -0.0000000024213680)
continue (3.0799999999999770 -0.0000000024217399)
continue (3.0899999999999768 -0.0000000024221062)
continue (3.0999999999999766 -0.0000000024224940)
continue (3.1099999999999763 -0.0000000024228316)
continue (3.1199999999999761 -0.0000000024232197)
continue (3.1299999999999759 -0.0000000024235466)
continue (3.1399999999999757 -0.0000000024239203)
continue (3.1499999999999755 -0.0000000024242030)
continue (3.1599999999999753 -0.0000000024246221)
continue (3.1699999999999751 -0.0000000024249849)
continue (3.1799999999999748 -0.0000000024252753)
continue (3.1899999999999746 -0.0000000024256869)
continue (3.1999999999999744 -0.0000000024260253)
continue (3.2099999999999742 -0.0000000024263261)
continue (3.2199999999999740 -0.0000000024267215)
continue (3.2299999999999738 -0.0000000024268739)
continue (3.2399999999999736 -0.0000000024273547)
continue (3.2499999999999734 -0.0000000024277333)
continue (3.2599999999999731 -0.0000000024278731)
continue (3.2699999999999729 -0.0000000024283654)
continue (3.2799999999999727 -0.0000000024284440)
continue (3.2899999999999725 -0.0000000024288554)
continue (3.2999999999999723 -0.0000000024293344)
continue (3.3099999999999721 -0.0000000024293864)
continue (3.3199999999999719 -0.0000000024298076)
continue (3.3299999999999716 -0.0000000024302924)
continue (3.3399999999999714 -0.0000000024303243)
continue (3.3499999999999712 -0.0000000024307482)
continue (3.3599999999999710 -0.0000000024312207)
continue (3.3699999999999708 -0.0000000024312223)
continue (3.3799999999999706 -0.0000000024316501)
continue (3.3899999999999704 -0.0000000024315971)
continue (3.3999999999999702 -0.0000000024320831)
continue (3.4099999999999699 -0.0000000024325233)
continue (3.4199999999999697 -0.0000000024324166)
continue (3.4299999999999695 -0.0000000024329076)
continue (3.4399999999999693 -0.0000000024333579)
continue (3.4499999999999691 -0.0000000024331883)
continue (3.4599999999999689 -0.0000000024337006)
continue (3.4699999999999687 -0.0000000024341569)
continue (3.4799999999999685 -0.0000000024339255)
continue (3.4899999999999682 -0.0000000024344638)
continue (3.4999999999999680 -0.0000000024349358)
continue (3.5099999999999678 -0.0000000024346132)
continue (3.5199999999999676 -0.0000000024351752)
continue (3.5299999999999674 -0.0000000024356834)
continue (3.5399999999999672 -0.0000000024352736)
continue (3.5499999999999670 -0.0000000024358367)
continue (3.5599999999999667 -0.0000000024359675)
continue (3.5699999999999665 -0.0000000024364450)
continue (3.5799999999999663 -0.0000000024360531)
continue (3.5899999999999661 -0.0000000024366046)
continue (3.5999999999999659 -0.0000000024371168)
continue (3.6099999999999657 -0.0000000024366335)
continue (3.6199999999999655 -0.0000000024372136)
continue (3.6299999999999653 -0.0000000024377483)
continue (3.6399999999999650 -0.0000000024371499)
continue (3.6499999999999648 -0.0000000024377562)
continue (3.6599999999999646 -0.0000000024383192)
continue (3.6699999999999644 -0.0000000024375936)
continue (3.6799999999999642 -0.0000000024382265)
continue (3.6899999999999640 -0.0000000024388249)
continue (3.6999999999999638 -0.0000000024393613)
continue (3.7099999999999635 -0.0000000024386184)
continue (3.7199999999999633 -0.0000000024392431)
continue (3.7299999999999631 -0.0000000024398344)
continue (3.7399999999999629 -0.0000000024389450)
continue (3.7499999999999627 -0.0000000024395877)
continue (3.7599999999999625 -0.0000000024399938)
continue (3.7699999999999623 -0.0000000024405754)
continue (3.7799999999999621 -0.0000000024396331)
continue (3.7899999999999618 -0.0000000024402893)
continue (3.7999999999999616 -0.0000000024409219)
continue (3.8099999999999614 -0.0000000024398065)
continue (3.8199999999999612 -0.0000000024405060)
continue (3.8299999999999610 -0.0000000024411682)
continue (3.8399999999999608 -0.0000000024417943)
continue (3.8499999999999606 -0.0000000024404658)
continue (3.8599999999999604 -0.0000000024411733)
continue (3.8699999999999601 -0.0000000024418422)
continue (3.8799999999999599 -0.0000000024424706)
continue (3.8899999999999597 -0.0000000024411065)
continue (3.8999999999999595 -0.0000000024418255)
continue (3.9099999999999593 -0.0000000024425032)
continue (3.9199999999999591 -0.0000000024431354)
continue (3.9299999999999589 -0.0000000024417777)
continue (3.9399999999999586 -0.0000000024425072)
continue (3.9499999999999584 -0.0000000024432008)
continue (3.9599999999999582 -0.0000000024438417)
continue (3.9699999999999580 -0.0000000024424091)
continue (3.9799999999999578 -0.0000000024431517)
continue (3.9899999999999576 -0.0000000024438561)
continue (4.0099999999999998 -0.0000000024429698)
continue (4.5099999999999998 -0.0000000024551234)
continue (5.0099999999999998 -0.0000000024594446)
continue (5.5099999999999998 -0.0000000024635913)
continue (6.0099999999999998 -0.0000000024675399)
continue (6.5099999999999998 -0.0000000024712191)
continue (7.0099999999999998 -0.0000000024745794)
continue (7.5099999999999998 -0.0000000024775880)
continue (8.0099999999999998 -0.0000000024802339)
continue (8.5099999999999998 -0.0000000024825383)
continue (9.0099999999999998 -0.0000000024845393)
continue (9.5099999999999998 -0.0000000024862804)
continue (10.0000000000000000 -0.0000000024877840)
continue (10.0099999999999998 -0.0000000024878125)
continue (15.0000000000000000 -0.0000000024976799)
continue (20.0000000000000000 -0.0000000025032634)
continue (25.0000000000000000 -0.0000000025065072)
continue (30.0000000000000000 -0.0000000025086645)
continue (35.0000000000000000 -0.0000000025103574)
continue (40.0000000000000000 -0.0000000025118068)
continue (45.0000000000000000 -0.0000000025130966)
continue (50.0000000000000000 -0.0000000025142680)
continue (55.0000000000000000 -0.0000000025153479)
continue (60.0000000000000000 -0.0000000025163494)
continue (65.0000000000000000 -0.0000000025172835)
continue (70.0000000000000000 -0.0000000025181591)
continue (75.0000000000000000 -0.0000000025189837)
continue (80.0000000000000000 -0.0000000025197635)
continue (85.0000000000000000 -0.0000000025205036)
continue (90.0000000000000000 -0.0000000025212083)
continue (95.0000000000000000 -0.0000000025218815)
continue (100.0000000000000000 -0.0000000025225261)
continue (110.0000000000000000 -0.0000000025237405)
continue (120.0000000000000000 -0.0000000025248691)
continue (130.0000000000000000 -0.0000000025259256)
continue (140.0000000000000000 -0.0000000025269204)
continue (150.0000000000000000 -0.0000000025278620)
continue (160.0000000000000000 -0.0000000025287573)
continue (170.0000000000000000 -0.0000000025296118)
continue (180.0000000000000000 -0.0000000025304301)
continue (190.0000000000000000 -0.0000000025312162)
continue (200.0000000000000000 -0.0000000025319732)
continue (210.0000000000000000 -0.0000000025327041)
continue (220.0000000000000000 -0.0000000025334113)
continue (230.0000000000000000 -0.0000000025340968)
continue (240.0000000000000000 -0.0000000025347625)
continue (250.0000000000000000 -0.0000000025354100)
continue (260.0000000000000000 -0.0000000025360407)
continue (270.0000000000000000 -0.0000000025366559)
continue (280.0000000000000000 -0.0000000025372566)
continue (290.0000000000000000 -0.0000000025378440)
continue (300.0000000000000000 -0.0000000025384188)
continue (310.0000000000000000 -0.0000000025389820)
continue (320.0000000000000000 -0.0000000025395342)
continue (330.0000000000000000 -0.0000000025400761)
continue (340.0000000000000000 -0.0000000025406083)
continue (350.0000000000000000 -0.0000000025411314)
continue (360.0000000000000000 -0.0000000025416459)
continue (370.0000000000000000 -0.0000000025421522)
continue (380.0000000000000000 -0.0000000025426508)
continue (390.0000000000000000 -0.0000000025431420)
continue (400.0000000000000000 -0.0000000025436263)
continue (410.0000000000000000 -0.0000000025441040)
continue (420.0000000000000000 -0.0000000025445754)
continue (430.0000000000000000 -0.0000000025450407)
continue (440.0000000000000000 -0.0000000025455003)
continue (450.0000000000000000 -0.0000000025459544)
continue (460.0000000000000000 -0.0000000025464033)
continue (470.0000000000000000 -0.0000000025468471)
continue (480.0000000000000000 -0.0000000025472861)
continue (490.0000000000000000 -0.0000000025477205)
continue (500.0000000000000000 -0.0000000025481504)
continue (510.0000000000000000 -0.0000000025485760)
continue (520.0000000000000000 -0.0000000025489976)
continue (530.0000000000000000 -0.0000000025494151)
continue (540.0000000000000000 -0.0000000025498289)
continue (550.0000000000000000 -0.0000000025502389)
continue (560.0000000000000000 -0.0000000025506455)
continue (570.0000000000000000 -0.0000000025510485)
continue (580.0000000000000000 -0.0000000025514483)
continue (590.0000000000000000 -0.0000000025518449)
continue (600.0000000000000000 -0.0000000025522383)
continue (610.0000000000000000 -0.0000000025526288)
continue (620.0000000000000000 -0.0000000025530164)
continue (630.0000000000000000 -0.0000000025534011)
continue (640.0000000000000000 -0.0000000025537831)
continue (650.0000000000000000 -0.0000000025541625)
continue (660.0000000000000000 -0.0000000025545393)
continue (670.0000000000000000 -0.0000000025549136)
continue (680.0000000000000000 -0.0000000025552854)
continue (690.0000000000000000 -0.0000000025556549)
continue (700.0000000000000000 -0.0000000025560221)
continue (710.0000000000000000 -0.0000000025563871)
continue (720.0000000000000000 -0.0000000025567499)
continue (730.0000000000000000 -0.0000000025571106)
continue (740.0000000000000000 -0.0000000025574693)
continue (750.0000000000000000 -0.0000000025578259)
continue (760.0000000000000000 -0.0000000025581806)
continue (770.0000000000000000 -0.0000000025585333)
continue (780.0000000000000000 -0.0000000025588842)
continue (790.0000000000000000 -0.0000000025592333)
continue (800.0000000000000000 -0.0000000025595807)
continue (810.0000000000000000 -0.0000000025599262)
continue (820.0000000000000000 -0.0000000025602701)
continue (830.0000000000000000 -0.0000000025606124)
continue (840.0000000000000000 -0.0000000025609530)
continue (850.0000000000000000 -0.0000000025612921)
continue (860.0000000000000000 -0.0000000025616296)
continue (870.0000000000000000 -0.0000000025619656)
continue (880.0000000000000000 -0.0000000025623001)
continue (890.0000000000000000 -0.0000000025626331)
continue (900.0000000000000000 -0.0000000025629648)
continue (910.0000000000000000 -0.0000000025632951)
continue (920.0000000000000000 -0.0000000025636240)
continue (930.0000000000000000 -0.0000000025639515)
continue (940.0000000000000000 -0.0000000025642778)
continue (950.0000000000000000 -0.0000000025646028)
continue (960.0000000000000000 -0.0000000025649265)
continue (970.0000000000000000 -0.0000000025652490)
continue (980.0000000000000000 -0.0000000025655703)
continue (990.0000000000000000 -0.0000000025658904)
continue (1000.0000000000000000 -0.0000000025662093)
continue (1200.0000000000000000 -0.0000000025723723)
continue (1400.0000000000000000 -0.0000000025782002)
continue (1600.0000000000000000 -0.0000000025837676)
continue (1800.0000000000000000 -0.0000000025891173)
continue (2000.0000000000000000 -0.0000000025942724)
continue (2200.0000000000000000 -0.0000000025992435)
continue (2400.0000000000000000 -0.0000000026040342)
continue (2600.0000000000000000 -0.0000000026086444)
continue (2800.0000000000000000 -0.0000000026130731)
continue (3000.0000000000000000 -0.0000000026173198)
continue (3200.0000000000000000 -0.0000000026213866)
continue (3400.0000000000000000 -0.0000000026252770)
continue (3600.0000000000000000 -0.0000000026289974)
continue (3800.0000000000000000 -0.0000000026325550)
continue (4000.0000000000000000 -0.0000000026359584)
continue (4200.0000000000000000 -0.0000000026392164)
continue (4400.0000000000000000 -0.0000000026423379)
continue (4600.0000000000000000 -0.0000000026453317)
continue (4800.0000000000000000 -0.0000000026482060)
continue (5000.0000000000000000 -0.0000000026509687)
continue (5200.0000000000000000 -0.0000000026536270)
continue (5400.0000000000000000 -0.0000000026561878)
continue (5600.0000000000000000 -0.0000000026586574)
continue (5800.0000000000000000 -0.0000000026610413)
continue (6000.0000000000000000 -0.0000000026633450)
continue (6200.0000000000000000 -0.0000000026655733)
continue (6400.0000000000000000 -0.0000000026677308)
continue (6600.0000000000000000 -0.0000000026698214)
continue (6800.0000000000000000 -0.0000000026718490)
continue (7000.0000000000000000 -0.0000000026738171)
continue (7200.0000000000000000 -0.0000000026757292)
continue (7400.0000000000000000 -0.0000000026775882)
continue (7600.0000000000000000 -0.0000000026793970)
continue (7800.0000000000000000 -0.0000000026811583)
continue (8000.0000000000000000 -0.0000000026828745)
continue (8200.0000000000000000 -0.0000000026845477)
continue (8400.0000000000000000 -0.0000000026861801)
continue (8600.0000000000000000 -0.0000000026877736)
continue (8800.0000000000000000 -0.0000000026893300)
continue (9000.0000000000000000 -0.0000000026908510)
continue (9200.0000000000000000 -0.0000000026923380)
continue (9400.0000000000000000 -0.0000000026937927)
continue (9600.0000000000000000 -0.0000000026952163)
continue (9800.0000000000000000 -0.0000000026966102)
continue (10000.0000000000000000 -0.0000000026979755)
continue (10200.0000000000000000 -0.0000000026993134)
continue (10400.0000000000000000 -0.0000000027006250)
continue (10600.0000000000000000 -0.0000000027019112)
continue (10800.0000000000000000 -0.0000000027031731)
continue (11000.0000000000000000 -0.0000000027044114)
continue (11500.0000000000000000 -0.0000000027074100)
continue (12000.0000000000000000 -0.0000000027102791)
continue (12500.0000000000000000 -0.0000000027130292)
continue (13000.0000000000000000 -0.0000000027156699)
continue (13500.0000000000000000 -0.0000000027182093)
continue (14000.0000000000000000 -0.0000000027206549)
continue (14500.0000000000000000 -0.0000000027230133)
continue (15000.0000000000000000 -0.0000000027252904)
continue (15500.0000000000000000 -0.0000000027274916)
continue (16000.0000000000000000 -0.0000000027296218)
continue (16500.0000000000000000 -0.0000000027316852)
continue (17000.0000000000000000 -0.0000000027336860)
continue (17500.0000000000000000 -0.0000000027356278)
continue (18000.0000000000000000 -0.0000000027375139)
continue (18500.0000000000000000 -0.0000000027393473)
continue (19000.0000000000000000 -0.0000000027411310)
continue (19500.0000000000000000 -0.0000000027428675)
continue (20000.0000000000000000 -0.0000000027445591)
continue (20500.0000000000000000 -0.0000000027462082)
continue (21000.0000000000000000 -0.0000000027478169)
continue (21500.0000000000000000 -0.0000000027493869)
continue (22000.0000000000000000 -0.0000000027509201)
continue (22500.0000000000000000 -0.0000000027524182)
continue (23000.0000000000000000 -0.0000000027538827)
continue (23500.0000000000000000 -0.0000000027553150)
continue (24000.0000000000000000 -0.0000000027567166)
continue (24500.0000000000000000 -0.0000000027580887)
continue (25000.0000000000000000 -0.0000000027594325)
continue (25500.0000000000000000 -0.0000000027607491)
continue (26000.0000000000000000 -0.0000000027620397)
continue (26500.0000000000000000 -0.0000000027633051)
continue (27000.0000000000000000 -0.0000000027645463)
continue (27500.0000000000000000 -0.0000000027657643)
continue (28000.0000000000000000 -0.0000000027669599)
continue (28500.0000000000000000 -0.0000000027681338)
continue (29000.0000000000000000 -0.0000000027692869)
continue (29500.0000000000000000 -0.0000000027704198)
continue (30000.0000000000000000 -0.0000000027715332)
continue (30500.0000000000000000 -0.0000000027726278)
continue (31000.0000000000000000 -0.0000000027737042)
continue (31500.0000000000000000 -0.0000000027747630)
continue (32000.0000000000000000 -0.0000000027758048)
continue (32500.0000000000000000 -0.0000000027768300)
continue (33000.0000000000000000 -0.0000000027778392)
continue (33500.0000000000000000 -0.0000000027788328)
continue (34000.0000000000000000 -0.0000000027798114)
continue (34500.0000000000000000 -0.0000000027807754)
continue (35000.0000000000000000 -0.0000000027817251)
continue (35500.0000000000000000 -0.0000000027826611)
continue (36000.0000000000000000 -0.0000000027835836)
continue (36500.0000000000000000 -0.0000000027844931)
continue (37000.0000000000000000 -0.0000000027853900)
continue (37500.0000000000000000 -0.0000000027862745)
continue (38000.0000000000000000 -0.0000000027871470)
continue (38500.0000000000000000 -0.0000000027880078)
continue (39000.0000000000000000 -0.0000000027888572)
continue (39500.0000000000000000 -0.0000000027896955)
continue (40000.0000000000000000 -0.0000000027905230)
continue (40500.0000000000000000 -0.0000000027913400)
continue (41000.0000000000000000 -0.0000000027921467)
continue (41500.0000000000000000 -0.0000000027929433)
continue (42000.0000000000000000 -0.0000000027937302)
continue (42500.0000000000000000 -0.0000000027945075)
continue (43000.0000000000000000 -0.0000000027952755)
continue (43500.0000000000000000 -0.0000000027960343)
continue (44000.0000000000000000 -0.0000000027967843)
continue (44500.0000000000000000 -0.0000000027975256)
continue (45000.0000000000000000 -0.0000000027982584)
continue (45500.0000000000000000 -0.0000000027989828)
continue (46000.0000000000000000 -0.0000000027996991)
continue (46500.0000000000000000 -0.0000000028004075)
continue (47000.0000000000000000 -0.0000000028011081)
continue (47500.0000000000000000 -0.0000000028018011)
continue (48000.0000000000000000 -0.0000000028024866)
continue (48500.0000000000000000 -0.0000000028031648)
continue (49000.0000000000000000 -0.0000000028038359)
continue (49500.0000000000000000 -0.0000000028045000)
continue (50000.0000000000000000 -0.0000000028051572)
continue (50500.0000000000000000 -0.0000000028058077)
continue (51000.0000000000000000 -0.0000000028064516)
continue (51500.0000000000000000 -0.0000000028070891)
continue (52000.0000000000000000 -0.0000000028077202)
continue (52500.0000000000000000 -0.0000000028083451)
continue (53000.0000000000000000 -0.0000000028089639)
continue (53500.0000000000000000 -0.0000000028095767)
continue (54000.0000000000000000 -0.0000000028101837)
continue (54500.0000000000000000 -0.0000000028107849)
continue (55000.0000000000000000 -0.0000000028113805)
continue (55500.0000000000000000 -0.0000000028119705)
continue (56000.0000000000000000 -0.0000000028125551)
continue (56500.0000000000000000 -0.0000000028131343)
continue (57000.0000000000000000 -0.0000000028137083)
continue (57500.0000000000000000 -0.0000000028142772)
continue (58000.0000000000000000 -0.0000000028148409)
continue (58500.0000000000000000 -0.0000000028153997)
continue (59000.0000000000000000 -0.0000000028159536)
continue (59500.0000000000000000 -0.0000000028165026)
continue (60000.0000000000000000 -0.0000000028170469)
continue (60500.0000000000000000 -0.0000000028175866)
continue (61000.0000000000000000 -0.0000000028181217)
continue (61500.0000000000000000 -0.0000000028186523)
continue (62000.0000000000000000 -0.0000000028191785)
continue (62500.0000000000000000 -0.0000000028197004)
continue (63000.0000000000000000 -0.0000000028202179)
continue (63500.0000000000000000 -0.0000000028207312)
continue (64000.0000000000000000 -0.0000000028212404)
continue (64500.0000000000000000 -0.0000000028217455)
continue (65000.0000000000000000 -0.0000000028222466)
continue (65500.0000000000000000 -0.0000000028227437)
continue (66000.0000000000000000 -0.0000000028232369)
continue (66500.0000000000000000 -0.0000000028237263)
continue (67000.0000000000000000 -0.0000000028242119)
continue (67500.0000000000000000 -0.0000000028246938)
continue (68000.0000000000000000 -0.0000000028251720)
continue (68500.0000000000000000 -0.0000000028256466)
continue (69000.0000000000000000 -0.0000000028261177)
continue (69500.0000000000000000 -0.0000000028265852)
continue (70000.0000000000000000 -0.0000000028270493)
continue (70500.0000000000000000 -0.0000000028275099)
continue (71000.0000000000000000 -0.0000000028279673)
continue (71500.0000000000000000 -0.0000000028284213)
continue (72000.0000000000000000 -0.0000000028288720)
continue (72500.0000000000000000 -0.0000000028293195)
continue (73000.0000000000000000 -0.0000000028297639)
continue (73500.0000000000000000 -0.0000000028302051)
continue (74000.0000000000000000 -0.0000000028306432)
continue (74500.0000000000000000 -0.0000000028310783)
continue (75245.0000000000000000 -0.0000000050000000)
continue (7354000.0000000000000000 -0.0000000050000000)
f(nu) = -21.6321263707236149 at 1.0000000000000000 Ryd
