# Faucher-Giguere 2019 
# z = 0.122018
# E [Ryd] log (J_nu)
interpolate (0.0000000100100000 -0.0000000050000000)
continue (0.0990000000000000 -0.0000000050000000)
continue (0.1000000000000000 -0.0000000019848021)
continue (0.1500000000000000 -0.0000000019974064)
continue (0.2000000000000000 -0.0000000020058075)
continue (0.2500000000000001 -0.0000000020125953)
continue (0.3000000000000000 -0.0000000020182759)
continue (0.3500000000000001 -0.0000000020257325)
continue (0.4000000000000001 -0.0000000020353117)
continue (0.4500000000000001 -0.0000000020433432)
continue (0.5000000000000001 -0.0000000020534698)
continue (0.5500000000000002 -0.0000000020622699)
continue (0.6000000000000002 -0.0000000020712959)
continue (0.6500000000000001 -0.0000000020812583)
continue (0.7000000000000002 -0.0000000020931619)
continue (0.7500000000000002 -0.0000000021210685)
continue (0.8000000000000002 -0.0000000021317706)
continue (0.8500000000000002 -0.0000000021540405)
continue (0.9000000000000002 -0.0000000021734326)
continue (0.9500000000000003 -0.0000000021912857)
continue (1.0100000000000000 -0.0000000022621481)
continue (1.0600000000000001 -0.0000000022655983)
continue (1.1100000000000001 -0.0000000022690725)
continue (1.1600000000000001 -0.0000000022722515)
continue (1.2100000000000002 -0.0000000022752684)
continue (1.2600000000000002 -0.0000000022781547)
continue (1.3100000000000003 -0.0000000022813239)
continue (1.3600000000000003 -0.0000000022842721)
continue (1.4100000000000004 -0.0000000022869446)
continue (1.4600000000000004 -0.0000000022894928)
continue (1.5100000000000005 -0.0000000022923598)
continue (1.5600000000000005 -0.0000000022950692)
continue (1.6100000000000005 -0.0000000022981152)
continue (1.6600000000000006 -0.0000000023012140)
continue (1.7100000000000006 -0.0000000023037734)
continue (1.7600000000000007 -0.0000000023070549)
continue (1.8100000000000007 -0.0000000023100280)
continue (1.8600000000000008 -0.0000000023129444)
continue (1.9100000000000008 -0.0000000023164987)
continue (1.9600000000000009 -0.0000000023196900)
continue (2.0000000000000000 -0.0000000023223980)
continue (2.0099999999999998 -0.0000000023229554)
continue (2.0199999999999996 -0.0000000023233124)
continue (2.0299999999999994 -0.0000000023238647)
continue (2.0399999999999991 -0.0000000023249609)
continue (2.0499999999999989 -0.0000000023256351)
continue (2.0599999999999987 -0.0000000023261713)
continue (2.0699999999999985 -0.0000000023266573)
continue (2.0799999999999983 -0.0000000023270348)
continue (2.0899999999999981 -0.0000000023281805)
continue (2.0999999999999979 -0.0000000023286444)
continue (2.1099999999999977 -0.0000000023293578)
continue (2.1199999999999974 -0.0000000023298379)
continue (2.1299999999999972 -0.0000000023303636)
continue (2.1399999999999970 -0.0000000023315671)
continue (2.1499999999999968 -0.0000000023319477)
continue (2.1599999999999966 -0.0000000023325613)
continue (2.1699999999999964 -0.0000000023330247)
continue (2.1799999999999962 -0.0000000023336345)
continue (2.1899999999999959 -0.0000000023348805)
continue (2.1999999999999957 -0.0000000023353859)
continue (2.2099999999999955 -0.0000000023358677)
continue (2.2199999999999953 -0.0000000023362174)
continue (2.2299999999999951 -0.0000000023367699)
continue (2.2399999999999949 -0.0000000023372905)
continue (2.2499999999999947 -0.0000000023385385)
continue (2.2599999999999945 -0.0000000023391603)
continue (2.2699999999999942 -0.0000000023398192)
continue (2.2799999999999940 -0.0000000023404556)
continue (2.2899999999999938 -0.0000000023410784)
continue (2.2999999999999936 -0.0000000023417153)
continue (2.3099999999999934 -0.0000000023423914)
continue (2.3199999999999932 -0.0000000023428720)
continue (2.3299999999999930 -0.0000000023435891)
continue (2.3399999999999928 -0.0000000023441829)
continue (2.3499999999999925 -0.0000000023448789)
continue (2.3599999999999923 -0.0000000023455340)
continue (2.3699999999999921 -0.0000000023458919)
continue (2.3799999999999919 -0.0000000023465620)
continue (2.3899999999999917 -0.0000000023472384)
continue (2.3999999999999915 -0.0000000023478464)
continue (2.4099999999999913 -0.0000000023485579)
continue (2.4199999999999910 -0.0000000023489886)
continue (2.4299999999999908 -0.0000000023497211)
continue (2.4399999999999906 -0.0000000023503175)
continue (2.4499999999999904 -0.0000000023509992)
continue (2.4599999999999902 -0.0000000023513609)
continue (2.4699999999999900 -0.0000000023520079)
continue (2.4799999999999898 -0.0000000023526624)
continue (2.4899999999999896 -0.0000000023533298)
continue (2.4999999999999893 -0.0000000023537727)
continue (2.5099999999999891 -0.0000000023544867)
continue (2.5199999999999889 -0.0000000023551043)
continue (2.5299999999999887 -0.0000000023555819)
continue (2.5399999999999885 -0.0000000023562353)
continue (2.5499999999999883 -0.0000000023568059)
continue (2.5599999999999881 -0.0000000023572099)
continue (2.5699999999999878 -0.0000000023578923)
continue (2.5799999999999876 -0.0000000023585336)
continue (2.5899999999999874 -0.0000000023591575)
continue (2.5999999999999872 -0.0000000023596328)
continue (2.6099999999999870 -0.0000000023602721)
continue (2.6199999999999868 -0.0000000023609207)
continue (2.6299999999999866 -0.0000000023613620)
continue (2.6399999999999864 -0.0000000023620371)
continue (2.6499999999999861 -0.0000000023623582)
continue (2.6599999999999859 -0.0000000023630049)
continue (2.6699999999999857 -0.0000000023636365)
continue (2.6799999999999855 -0.0000000023640808)
continue (2.6899999999999853 -0.0000000023647464)
continue (2.6999999999999851 -0.0000000023653434)
continue (2.7099999999999849 -0.0000000023658497)
continue (2.7199999999999847 -0.0000000023664171)
continue (2.7299999999999844 -0.0000000023669034)
continue (2.7399999999999842 -0.0000000023674922)
continue (2.7499999999999840 -0.0000000023681607)
continue (2.7599999999999838 -0.0000000023684523)
continue (2.7699999999999836 -0.0000000023691000)
continue (2.7799999999999834 -0.0000000023695060)
continue (2.7899999999999832 -0.0000000023701421)
continue (2.7999999999999829 -0.0000000023705941)
continue (2.8099999999999827 -0.0000000023712004)
continue (2.8199999999999825 -0.0000000023717954)
continue (2.8299999999999823 -0.0000000023722538)
continue (2.8399999999999821 -0.0000000023728357)
continue (2.8499999999999819 -0.0000000023732994)
continue (2.8599999999999817 -0.0000000023738791)
continue (2.8699999999999815 -0.0000000023743228)
continue (2.8799999999999812 -0.0000000023748109)
continue (2.8899999999999810 -0.0000000023752497)
continue (2.8999999999999808 -0.0000000023758246)
continue (2.9099999999999806 -0.0000000023763895)
continue (2.9199999999999804 -0.0000000023768189)
continue (2.9299999999999802 -0.0000000023774070)
continue (2.9399999999999800 -0.0000000023778046)
continue (2.9499999999999797 -0.0000000023784205)
continue (2.9599999999999795 -0.0000000023788055)
continue (2.9699999999999793 -0.0000000023793863)
continue (2.9799999999999791 -0.0000000023798092)
continue (2.9899999999999789 -0.0000000023803409)
continue (2.9999999999999787 -0.0000000023808156)
continue (3.0099999999999785 -0.0000000023905996)
continue (3.0199999999999783 -0.0000000023910265)
continue (3.0299999999999780 -0.0000000023914616)
continue (3.0399999999999778 -0.0000000023918723)
continue (3.0499999999999776 -0.0000000023923196)
continue (3.0599999999999774 -0.0000000023927416)
continue (3.0699999999999772 -0.0000000023931553)
continue (3.0799999999999770 -0.0000000023935914)
continue (3.0899999999999768 -0.0000000023940023)
continue (3.0999999999999766 -0.0000000023944119)
continue (3.1099999999999763 -0.0000000023948032)
continue (3.1199999999999761 -0.0000000023952256)
continue (3.1299999999999759 -0.0000000023956168)
continue (3.1399999999999757 -0.0000000023960260)
continue (3.1499999999999755 -0.0000000023964288)
continue (3.1599999999999753 -0.0000000023967868)
continue (3.1699999999999751 -0.0000000023972345)
continue (3.1799999999999748 -0.0000000023975526)
continue (3.1899999999999746 -0.0000000023980067)
continue (3.1999999999999744 -0.0000000023984122)
continue (3.2099999999999742 -0.0000000023987426)
continue (3.2199999999999740 -0.0000000023991989)
continue (3.2299999999999738 -0.0000000023994721)
continue (3.2399999999999736 -0.0000000023999180)
continue (3.2499999999999734 -0.0000000024002128)
continue (3.2599999999999731 -0.0000000024006253)
continue (3.2699999999999729 -0.0000000024010836)
continue (3.2799999999999727 -0.0000000024013594)
continue (3.2899999999999725 -0.0000000024017673)
continue (3.2999999999999723 -0.0000000024020185)
continue (3.3099999999999721 -0.0000000024024501)
continue (3.3199999999999719 -0.0000000024026405)
continue (3.3299999999999716 -0.0000000024031137)
continue (3.3399999999999714 -0.0000000024035665)
continue (3.3499999999999712 -0.0000000024037503)
continue (3.3599999999999710 -0.0000000024042096)
continue (3.3699999999999708 -0.0000000024043187)
continue (3.3799999999999706 -0.0000000024047942)
continue (3.3899999999999704 -0.0000000024052733)
continue (3.3999999999999702 -0.0000000024053605)
continue (3.4099999999999699 -0.0000000024058459)
continue (3.4199999999999697 -0.0000000024058891)
continue (3.4299999999999695 -0.0000000024063321)
continue (3.4399999999999693 -0.0000000024068670)
continue (3.4499999999999691 -0.0000000024068817)
continue (3.4599999999999689 -0.0000000024073252)
continue (3.4699999999999687 -0.0000000024078542)
continue (3.4799999999999685 -0.0000000024078506)
continue (3.4899999999999682 -0.0000000024083022)
continue (3.4999999999999680 -0.0000000024088209)
continue (3.5099999999999678 -0.0000000024087337)
continue (3.5199999999999676 -0.0000000024092598)
continue (3.5299999999999674 -0.0000000024091573)
continue (3.5399999999999672 -0.0000000024096543)
continue (3.5499999999999670 -0.0000000024101772)
continue (3.5599999999999667 -0.0000000024095029)
continue (3.5699999999999665 -0.0000000024100197)
continue (3.5799999999999663 -0.0000000024105462)
continue (3.5899999999999661 -0.0000000024103362)
continue (3.5999999999999659 -0.0000000024108745)
continue (3.6099999999999657 -0.0000000024114203)
continue (3.6199999999999655 -0.0000000024110644)
continue (3.6299999999999653 -0.0000000024116953)
continue (3.6399999999999650 -0.0000000024122545)
continue (3.6499999999999648 -0.0000000024118398)
continue (3.6599999999999646 -0.0000000024124697)
continue (3.6699999999999644 -0.0000000024130512)
continue (3.6799999999999642 -0.0000000024125700)
continue (3.6899999999999640 -0.0000000024132090)
continue (3.6999999999999638 -0.0000000024138080)
continue (3.7099999999999635 -0.0000000024132415)
continue (3.7199999999999633 -0.0000000024138924)
continue (3.7299999999999631 -0.0000000024145196)
continue (3.7399999999999629 -0.0000000024138718)
continue (3.7499999999999627 -0.0000000024145281)
continue (3.7599999999999625 -0.0000000024148897)
continue (3.7699999999999623 -0.0000000024141536)
continue (3.7799999999999621 -0.0000000024148371)
continue (3.7899999999999618 -0.0000000024154993)
continue (3.7999999999999616 -0.0000000024148099)
continue (3.8099999999999614 -0.0000000024153772)
continue (3.8199999999999612 -0.0000000024160570)
continue (3.8299999999999610 -0.0000000024152540)
continue (3.8399999999999608 -0.0000000024158424)
continue (3.8499999999999606 -0.0000000024163708)
continue (3.8599999999999604 -0.0000000024170310)
continue (3.8699999999999601 -0.0000000024160474)
continue (3.8799999999999599 -0.0000000024167904)
continue (3.8899999999999597 -0.0000000024173638)
continue (3.8999999999999595 -0.0000000024162288)
continue (3.9099999999999593 -0.0000000024170016)
continue (3.9199999999999591 -0.0000000024177413)
continue (3.9299999999999589 -0.0000000024166389)
continue (3.9399999999999586 -0.0000000024172592)
continue (3.9499999999999584 -0.0000000024180351)
continue (3.9599999999999582 -0.0000000024187701)
continue (3.9699999999999580 -0.0000000024174486)
continue (3.9799999999999578 -0.0000000024182613)
continue (3.9899999999999576 -0.0000000024190393)
continue (4.0099999999999998 -0.0000000024184109)
continue (4.5099999999999998 -0.0000000024318453)
continue (5.0099999999999998 -0.0000000024364566)
continue (5.5099999999999998 -0.0000000024408390)
continue (6.0099999999999998 -0.0000000024450457)
continue (6.5099999999999998 -0.0000000024490211)
continue (7.0099999999999998 -0.0000000024527411)
continue (7.5099999999999998 -0.0000000024561711)
continue (8.0099999999999998 -0.0000000024592899)
continue (8.5099999999999998 -0.0000000024620870)
continue (9.0099999999999998 -0.0000000024645660)
continue (9.5099999999999998 -0.0000000024667533)
continue (10.0000000000000000 -0.0000000024686364)
continue (10.0099999999999998 -0.0000000024686722)
continue (15.0000000000000000 -0.0000000024800517)
continue (20.0000000000000000 -0.0000000024862866)
continue (25.0000000000000000 -0.0000000024901254)
continue (30.0000000000000000 -0.0000000024925568)
continue (35.0000000000000000 -0.0000000024943337)
continue (40.0000000000000000 -0.0000000024957943)
continue (45.0000000000000000 -0.0000000024970692)
continue (50.0000000000000000 -0.0000000024982204)
continue (55.0000000000000000 -0.0000000024992829)
continue (60.0000000000000000 -0.0000000025002688)
continue (65.0000000000000000 -0.0000000025011883)
continue (70.0000000000000000 -0.0000000025020502)
continue (75.0000000000000000 -0.0000000025028616)
continue (80.0000000000000000 -0.0000000025036285)
continue (85.0000000000000000 -0.0000000025043559)
continue (90.0000000000000000 -0.0000000025050483)
continue (95.0000000000000000 -0.0000000025057091)
continue (100.0000000000000000 -0.0000000025063416)
continue (110.0000000000000000 -0.0000000025075319)
continue (120.0000000000000000 -0.0000000025086366)
continue (130.0000000000000000 -0.0000000025096693)
continue (140.0000000000000000 -0.0000000025106405)
continue (150.0000000000000000 -0.0000000025115586)
continue (160.0000000000000000 -0.0000000025124304)
continue (170.0000000000000000 -0.0000000025132614)
continue (180.0000000000000000 -0.0000000025140563)
continue (190.0000000000000000 -0.0000000025148190)
continue (200.0000000000000000 -0.0000000025155528)
continue (210.0000000000000000 -0.0000000025162604)
continue (220.0000000000000000 -0.0000000025169443)
continue (230.0000000000000000 -0.0000000025176066)
continue (240.0000000000000000 -0.0000000025182491)
continue (250.0000000000000000 -0.0000000025188734)
continue (260.0000000000000000 -0.0000000025194809)
continue (270.0000000000000000 -0.0000000025200729)
continue (280.0000000000000000 -0.0000000025206506)
continue (290.0000000000000000 -0.0000000025212149)
continue (300.0000000000000000 -0.0000000025217666)
continue (310.0000000000000000 -0.0000000025223068)
continue (320.0000000000000000 -0.0000000025228359)
continue (330.0000000000000000 -0.0000000025233549)
continue (340.0000000000000000 -0.0000000025238641)
continue (350.0000000000000000 -0.0000000025243643)
continue (360.0000000000000000 -0.0000000025248558)
continue (370.0000000000000000 -0.0000000025253393)
continue (380.0000000000000000 -0.0000000025258150)
continue (390.0000000000000000 -0.0000000025262834)
continue (400.0000000000000000 -0.0000000025267449)
continue (410.0000000000000000 -0.0000000025271998)
continue (420.0000000000000000 -0.0000000025276484)
continue (430.0000000000000000 -0.0000000025280910)
continue (440.0000000000000000 -0.0000000025285279)
continue (450.0000000000000000 -0.0000000025289593)
continue (460.0000000000000000 -0.0000000025293854)
continue (470.0000000000000000 -0.0000000025298066)
continue (480.0000000000000000 -0.0000000025302230)
continue (490.0000000000000000 -0.0000000025306347)
continue (500.0000000000000000 -0.0000000025310421)
continue (510.0000000000000000 -0.0000000025314451)
continue (520.0000000000000000 -0.0000000025318441)
continue (530.0000000000000000 -0.0000000025322392)
continue (540.0000000000000000 -0.0000000025326304)
continue (550.0000000000000000 -0.0000000025330180)
continue (560.0000000000000000 -0.0000000025334021)
continue (570.0000000000000000 -0.0000000025337827)
continue (580.0000000000000000 -0.0000000025341601)
continue (590.0000000000000000 -0.0000000025345343)
continue (600.0000000000000000 -0.0000000025349054)
continue (610.0000000000000000 -0.0000000025352735)
continue (620.0000000000000000 -0.0000000025356387)
continue (630.0000000000000000 -0.0000000025360012)
continue (640.0000000000000000 -0.0000000025363609)
continue (650.0000000000000000 -0.0000000025367180)
continue (660.0000000000000000 -0.0000000025370726)
continue (670.0000000000000000 -0.0000000025374247)
continue (680.0000000000000000 -0.0000000025377743)
continue (690.0000000000000000 -0.0000000025381217)
continue (700.0000000000000000 -0.0000000025384667)
continue (710.0000000000000000 -0.0000000025388096)
continue (720.0000000000000000 -0.0000000025391503)
continue (730.0000000000000000 -0.0000000025394889)
continue (740.0000000000000000 -0.0000000025398255)
continue (750.0000000000000000 -0.0000000025401601)
continue (760.0000000000000000 -0.0000000025404928)
continue (770.0000000000000000 -0.0000000025408236)
continue (780.0000000000000000 -0.0000000025411525)
continue (790.0000000000000000 -0.0000000025414796)
continue (800.0000000000000000 -0.0000000025418050)
continue (810.0000000000000000 -0.0000000025421287)
continue (820.0000000000000000 -0.0000000025424507)
continue (830.0000000000000000 -0.0000000025427711)
continue (840.0000000000000000 -0.0000000025430899)
continue (850.0000000000000000 -0.0000000025434071)
continue (860.0000000000000000 -0.0000000025437229)
continue (870.0000000000000000 -0.0000000025440371)
continue (880.0000000000000000 -0.0000000025443498)
continue (890.0000000000000000 -0.0000000025446612)
continue (900.0000000000000000 -0.0000000025449711)
continue (910.0000000000000000 -0.0000000025452797)
continue (920.0000000000000000 -0.0000000025455869)
continue (930.0000000000000000 -0.0000000025458929)
continue (940.0000000000000000 -0.0000000025461975)
continue (950.0000000000000000 -0.0000000025465009)
continue (960.0000000000000000 -0.0000000025468030)
continue (970.0000000000000000 -0.0000000025471040)
continue (980.0000000000000000 -0.0000000025474037)
continue (990.0000000000000000 -0.0000000025477023)
continue (1000.0000000000000000 -0.0000000025479997)
continue (1200.0000000000000000 -0.0000000025537374)
continue (1400.0000000000000000 -0.0000000025591499)
continue (1600.0000000000000000 -0.0000000025643148)
continue (1800.0000000000000000 -0.0000000025692793)
continue (2000.0000000000000000 -0.0000000025740721)
continue (2200.0000000000000000 -0.0000000025787098)
continue (2400.0000000000000000 -0.0000000025832006)
continue (2600.0000000000000000 -0.0000000025875478)
continue (2800.0000000000000000 -0.0000000025917519)
continue (3000.0000000000000000 -0.0000000025958119)
continue (3200.0000000000000000 -0.0000000025997270)
continue (3400.0000000000000000 -0.0000000026034973)
continue (3600.0000000000000000 -0.0000000026071240)
continue (3800.0000000000000000 -0.0000000026106102)
continue (4000.0000000000000000 -0.0000000026139597)
continue (4200.0000000000000000 -0.0000000026171779)
continue (4400.0000000000000000 -0.0000000026202705)
continue (4600.0000000000000000 -0.0000000026232437)
continue (4800.0000000000000000 -0.0000000026261038)
continue (5000.0000000000000000 -0.0000000026288571)
continue (5200.0000000000000000 -0.0000000026315097)
continue (5400.0000000000000000 -0.0000000026340674)
continue (5600.0000000000000000 -0.0000000026365358)
continue (5800.0000000000000000 -0.0000000026389201)
continue (6000.0000000000000000 -0.0000000026412250)
continue (6200.0000000000000000 -0.0000000026434552)
continue (6400.0000000000000000 -0.0000000026456149)
continue (6600.0000000000000000 -0.0000000026477079)
continue (6800.0000000000000000 -0.0000000026497379)
continue (7000.0000000000000000 -0.0000000026517085)
continue (7200.0000000000000000 -0.0000000026536228)
continue (7400.0000000000000000 -0.0000000026554842)
continue (7600.0000000000000000 -0.0000000026572953)
continue (7800.0000000000000000 -0.0000000026590588)
continue (8000.0000000000000000 -0.0000000026607772)
continue (8200.0000000000000000 -0.0000000026624526)
continue (8400.0000000000000000 -0.0000000026640871)
continue (8600.0000000000000000 -0.0000000026656828)
continue (8800.0000000000000000 -0.0000000026672412)
continue (9000.0000000000000000 -0.0000000026687643)
continue (9200.0000000000000000 -0.0000000026702534)
continue (9400.0000000000000000 -0.0000000026717101)
continue (9600.0000000000000000 -0.0000000026731357)
continue (9800.0000000000000000 -0.0000000026745316)
continue (10000.0000000000000000 -0.0000000026758988)
continue (10200.0000000000000000 -0.0000000026772387)
continue (10400.0000000000000000 -0.0000000026785522)
continue (10600.0000000000000000 -0.0000000026798403)
continue (10800.0000000000000000 -0.0000000026811040)
continue (11000.0000000000000000 -0.0000000026823442)
continue (11500.0000000000000000 -0.0000000026853473)
continue (12000.0000000000000000 -0.0000000026882208)
continue (12500.0000000000000000 -0.0000000026909754)
continue (13000.0000000000000000 -0.0000000026936203)
continue (13500.0000000000000000 -0.0000000026961639)
continue (14000.0000000000000000 -0.0000000026986135)
continue (14500.0000000000000000 -0.0000000027009759)
continue (15000.0000000000000000 -0.0000000027032570)
continue (15500.0000000000000000 -0.0000000027054620)
continue (16000.0000000000000000 -0.0000000027075959)
continue (16500.0000000000000000 -0.0000000027096631)
continue (17000.0000000000000000 -0.0000000027116675)
continue (17500.0000000000000000 -0.0000000027136129)
continue (18000.0000000000000000 -0.0000000027155025)
continue (18500.0000000000000000 -0.0000000027173394)
continue (19000.0000000000000000 -0.0000000027191265)
continue (19500.0000000000000000 -0.0000000027208663)
continue (20000.0000000000000000 -0.0000000027225613)
continue (20500.0000000000000000 -0.0000000027242137)
continue (21000.0000000000000000 -0.0000000027258255)
continue (21500.0000000000000000 -0.0000000027273987)
continue (22000.0000000000000000 -0.0000000027289351)
continue (22500.0000000000000000 -0.0000000027304363)
continue (23000.0000000000000000 -0.0000000027319038)
continue (23500.0000000000000000 -0.0000000027333392)
continue (24000.0000000000000000 -0.0000000027347437)
continue (24500.0000000000000000 -0.0000000027361188)
continue (25000.0000000000000000 -0.0000000027374655)
continue (25500.0000000000000000 -0.0000000027387850)
continue (26000.0000000000000000 -0.0000000027400783)
continue (26500.0000000000000000 -0.0000000027413466)
continue (27000.0000000000000000 -0.0000000027425906)
continue (27500.0000000000000000 -0.0000000027438113)
continue (28000.0000000000000000 -0.0000000027450096)
continue (28500.0000000000000000 -0.0000000027461862)
continue (29000.0000000000000000 -0.0000000027473419)
continue (29500.0000000000000000 -0.0000000027484774)
continue (30000.0000000000000000 -0.0000000027495935)
continue (30500.0000000000000000 -0.0000000027506907)
continue (31000.0000000000000000 -0.0000000027517696)
continue (31500.0000000000000000 -0.0000000027528310)
continue (32000.0000000000000000 -0.0000000027538752)
continue (32500.0000000000000000 -0.0000000027549029)
continue (33000.0000000000000000 -0.0000000027559145)
continue (33500.0000000000000000 -0.0000000027569106)
continue (34000.0000000000000000 -0.0000000027578916)
continue (34500.0000000000000000 -0.0000000027588579)
continue (35000.0000000000000000 -0.0000000027598101)
continue (35500.0000000000000000 -0.0000000027607484)
continue (36000.0000000000000000 -0.0000000027616732)
continue (36500.0000000000000000 -0.0000000027625851)
continue (37000.0000000000000000 -0.0000000027634842)
continue (37500.0000000000000000 -0.0000000027643709)
continue (38000.0000000000000000 -0.0000000027652457)
continue (38500.0000000000000000 -0.0000000027661087)
continue (39000.0000000000000000 -0.0000000027669603)
continue (39500.0000000000000000 -0.0000000027678008)
continue (40000.0000000000000000 -0.0000000027686305)
continue (40500.0000000000000000 -0.0000000027694497)
continue (41000.0000000000000000 -0.0000000027702585)
continue (41500.0000000000000000 -0.0000000027710573)
continue (42000.0000000000000000 -0.0000000027718462)
continue (42500.0000000000000000 -0.0000000027726256)
continue (43000.0000000000000000 -0.0000000027733957)
continue (43500.0000000000000000 -0.0000000027741566)
continue (44000.0000000000000000 -0.0000000027749087)
continue (44500.0000000000000000 -0.0000000027756520)
continue (45000.0000000000000000 -0.0000000027763868)
continue (45500.0000000000000000 -0.0000000027771132)
continue (46000.0000000000000000 -0.0000000027778315)
continue (46500.0000000000000000 -0.0000000027785419)
continue (47000.0000000000000000 -0.0000000027792444)
continue (47500.0000000000000000 -0.0000000027799394)
continue (48000.0000000000000000 -0.0000000027806268)
continue (48500.0000000000000000 -0.0000000027813070)
continue (49000.0000000000000000 -0.0000000027819800)
continue (49500.0000000000000000 -0.0000000027826459)
continue (50000.0000000000000000 -0.0000000027833050)
continue (50500.0000000000000000 -0.0000000027839574)
continue (51000.0000000000000000 -0.0000000027846032)
continue (51500.0000000000000000 -0.0000000027852425)
continue (52000.0000000000000000 -0.0000000027858754)
continue (52500.0000000000000000 -0.0000000027865022)
continue (53000.0000000000000000 -0.0000000027871228)
continue (53500.0000000000000000 -0.0000000027877375)
continue (54000.0000000000000000 -0.0000000027883462)
continue (54500.0000000000000000 -0.0000000027889492)
continue (55000.0000000000000000 -0.0000000027895466)
continue (55500.0000000000000000 -0.0000000027901384)
continue (56000.0000000000000000 -0.0000000027907247)
continue (56500.0000000000000000 -0.0000000027913057)
continue (57000.0000000000000000 -0.0000000027918814)
continue (57500.0000000000000000 -0.0000000027924519)
continue (58000.0000000000000000 -0.0000000027930174)
continue (58500.0000000000000000 -0.0000000027935779)
continue (59000.0000000000000000 -0.0000000027941335)
continue (59500.0000000000000000 -0.0000000027946842)
continue (60000.0000000000000000 -0.0000000027952302)
continue (60500.0000000000000000 -0.0000000027957716)
continue (61000.0000000000000000 -0.0000000027963083)
continue (61500.0000000000000000 -0.0000000027968406)
continue (62000.0000000000000000 -0.0000000027973684)
continue (62500.0000000000000000 -0.0000000027978918)
continue (63000.0000000000000000 -0.0000000027984110)
continue (63500.0000000000000000 -0.0000000027989260)
continue (64000.0000000000000000 -0.0000000027994367)
continue (64500.0000000000000000 -0.0000000027999434)
continue (65000.0000000000000000 -0.0000000028004461)
continue (65500.0000000000000000 -0.0000000028009448)
continue (66000.0000000000000000 -0.0000000028014396)
continue (66500.0000000000000000 -0.0000000028019305)
continue (67000.0000000000000000 -0.0000000028024177)
continue (67500.0000000000000000 -0.0000000028029011)
continue (68000.0000000000000000 -0.0000000028033809)
continue (68500.0000000000000000 -0.0000000028038570)
continue (69000.0000000000000000 -0.0000000028043296)
continue (69500.0000000000000000 -0.0000000028047986)
continue (70000.0000000000000000 -0.0000000028052642)
continue (70500.0000000000000000 -0.0000000028057264)
continue (71000.0000000000000000 -0.0000000028061852)
continue (71500.0000000000000000 -0.0000000028066407)
continue (72000.0000000000000000 -0.0000000028070929)
continue (72500.0000000000000000 -0.0000000028075419)
continue (73000.0000000000000000 -0.0000000028079877)
continue (73500.0000000000000000 -0.0000000028084304)
continue (74000.0000000000000000 -0.0000000028088700)
continue (74500.0000000000000000 -0.0000000028093065)
continue (75245.0000000000000000 -0.0000000050000000)
continue (7354000.0000000000000000 -0.0000000050000000)
f(nu) = -21.4071404845262165 at 1.0000000000000000 Ryd
