# Faucher-Giguere 2019 
# z = 1.818383
# E [Ryd] log (J_nu)
interpolate (0.0000000100100000 -0.0000000050000000)
continue (0.0990000000000000 -0.0000000050000000)
continue (0.1000000000000000 -0.0000000018822861)
continue (0.1500000000000000 -0.0000000018946686)
continue (0.2000000000000000 -0.0000000019085121)
continue (0.2500000000000001 -0.0000000019217391)
continue (0.3000000000000000 -0.0000000019223593)
continue (0.3500000000000001 -0.0000000019225048)
continue (0.4000000000000001 -0.0000000019226029)
continue (0.4500000000000001 -0.0000000019245688)
continue (0.5000000000000001 -0.0000000019261264)
continue (0.5500000000000002 -0.0000000019281734)
continue (0.6000000000000002 -0.0000000019304331)
continue (0.6500000000000001 -0.0000000019346612)
continue (0.7000000000000002 -0.0000000019397420)
continue (0.7500000000000002 -0.0000000019721474)
continue (0.8000000000000002 -0.0000000019807505)
continue (0.8500000000000002 -0.0000000019989573)
continue (0.9000000000000002 -0.0000000020169295)
continue (0.9500000000000003 -0.0000000020534830)
continue (1.0100000000000000 -0.0000000021374160)
continue (1.0600000000000001 -0.0000000021413762)
continue (1.1100000000000001 -0.0000000021448484)
continue (1.1600000000000001 -0.0000000021485214)
continue (1.2100000000000002 -0.0000000021507366)
continue (1.2600000000000002 -0.0000000021536752)
continue (1.3100000000000003 -0.0000000021566371)
continue (1.3600000000000003 -0.0000000021595669)
continue (1.4100000000000004 -0.0000000021618110)
continue (1.4600000000000004 -0.0000000021640537)
continue (1.5100000000000005 -0.0000000021665280)
continue (1.5600000000000005 -0.0000000021695044)
continue (1.6100000000000005 -0.0000000021720923)
continue (1.6600000000000006 -0.0000000021752273)
continue (1.7100000000000006 -0.0000000021772922)
continue (1.7600000000000007 -0.0000000021797250)
continue (1.8100000000000007 -0.0000000021820445)
continue (1.8600000000000008 -0.0000000021842723)
continue (1.9100000000000008 -0.0000000021857050)
continue (1.9600000000000009 -0.0000000021881513)
continue (2.0000000000000000 -0.0000000021891141)
continue (2.0099999999999998 -0.0000000021889526)
continue (2.0199999999999996 -0.0000000021897238)
continue (2.0299999999999994 -0.0000000021901309)
continue (2.0399999999999991 -0.0000000021896856)
continue (2.0499999999999989 -0.0000000021905541)
continue (2.0599999999999987 -0.0000000021909902)
continue (2.0699999999999985 -0.0000000021908643)
continue (2.0799999999999983 -0.0000000021910919)
continue (2.0899999999999981 -0.0000000021915732)
continue (2.0999999999999979 -0.0000000021913308)
continue (2.1099999999999977 -0.0000000021917753)
continue (2.1199999999999974 -0.0000000021924060)
continue (2.1299999999999972 -0.0000000021921979)
continue (2.1399999999999970 -0.0000000021921505)
continue (2.1499999999999968 -0.0000000021929662)
continue (2.1599999999999966 -0.0000000021931775)
continue (2.1699999999999964 -0.0000000021927926)
continue (2.1799999999999962 -0.0000000021935131)
continue (2.1899999999999959 -0.0000000021937591)
continue (2.1999999999999957 -0.0000000021937002)
continue (2.2099999999999955 -0.0000000021939891)
continue (2.2199999999999953 -0.0000000021942834)
continue (2.2299999999999951 -0.0000000021944318)
continue (2.2399999999999949 -0.0000000021944671)
continue (2.2499999999999947 -0.0000000021947484)
continue (2.2599999999999945 -0.0000000021947295)
continue (2.2699999999999942 -0.0000000021954559)
continue (2.2799999999999940 -0.0000000021948815)
continue (2.2899999999999938 -0.0000000021951569)
continue (2.2999999999999936 -0.0000000021955001)
continue (2.3099999999999934 -0.0000000021956016)
continue (2.3199999999999932 -0.0000000021952605)
continue (2.3299999999999930 -0.0000000021957711)
continue (2.3399999999999928 -0.0000000021954538)
continue (2.3499999999999925 -0.0000000021961202)
continue (2.3599999999999923 -0.0000000021957069)
continue (2.3699999999999921 -0.0000000021959613)
continue (2.3799999999999919 -0.0000000021960116)
continue (2.3899999999999917 -0.0000000021962081)
continue (2.3999999999999915 -0.0000000021963555)
continue (2.4099999999999913 -0.0000000021963989)
continue (2.4199999999999910 -0.0000000021961022)
continue (2.4299999999999908 -0.0000000021967515)
continue (2.4399999999999906 -0.0000000021962146)
continue (2.4499999999999904 -0.0000000021964013)
continue (2.4599999999999902 -0.0000000021961798)
continue (2.4699999999999900 -0.0000000021971685)
continue (2.4799999999999898 -0.0000000021964586)
continue (2.4899999999999896 -0.0000000021962891)
continue (2.4999999999999893 -0.0000000021965395)
continue (2.5099999999999891 -0.0000000021974389)
continue (2.5199999999999889 -0.0000000021968948)
continue (2.5299999999999887 -0.0000000021965996)
continue (2.5399999999999885 -0.0000000021966104)
continue (2.5499999999999883 -0.0000000021968819)
continue (2.5599999999999881 -0.0000000021972448)
continue (2.5699999999999878 -0.0000000021967304)
continue (2.5799999999999876 -0.0000000021966914)
continue (2.5899999999999874 -0.0000000021968120)
continue (2.5999999999999872 -0.0000000021971254)
continue (2.6099999999999870 -0.0000000021966477)
continue (2.6199999999999868 -0.0000000021969464)
continue (2.6299999999999866 -0.0000000021967453)
continue (2.6399999999999864 -0.0000000021970662)
continue (2.6499999999999861 -0.0000000021968244)
continue (2.6599999999999859 -0.0000000021970504)
continue (2.6699999999999857 -0.0000000021966999)
continue (2.6799999999999855 -0.0000000021969836)
continue (2.6899999999999853 -0.0000000021969683)
continue (2.6999999999999851 -0.0000000021969269)
continue (2.7099999999999849 -0.0000000021975716)
continue (2.7199999999999847 -0.0000000021968985)
continue (2.7299999999999844 -0.0000000021970833)
continue (2.7399999999999842 -0.0000000021970528)
continue (2.7499999999999840 -0.0000000021974539)
continue (2.7599999999999838 -0.0000000021966803)
continue (2.7699999999999836 -0.0000000021974724)
continue (2.7799999999999834 -0.0000000021971169)
continue (2.7899999999999832 -0.0000000021970977)
continue (2.7999999999999829 -0.0000000021974267)
continue (2.8099999999999827 -0.0000000021972978)
continue (2.8199999999999825 -0.0000000021974892)
continue (2.8299999999999823 -0.0000000021972991)
continue (2.8399999999999821 -0.0000000021972677)
continue (2.8499999999999819 -0.0000000021971744)
continue (2.8599999999999817 -0.0000000021976330)
continue (2.8699999999999815 -0.0000000021974700)
continue (2.8799999999999812 -0.0000000021974439)
continue (2.8899999999999810 -0.0000000021976151)
continue (2.8999999999999808 -0.0000000021973828)
continue (2.9099999999999806 -0.0000000021977008)
continue (2.9199999999999804 -0.0000000021976028)
continue (2.9299999999999802 -0.0000000021977351)
continue (2.9399999999999800 -0.0000000021978249)
continue (2.9499999999999797 -0.0000000021976533)
continue (2.9599999999999795 -0.0000000021977180)
continue (2.9699999999999793 -0.0000000021979742)
continue (2.9799999999999791 -0.0000000021981632)
continue (2.9899999999999789 -0.0000000021981573)
continue (2.9999999999999787 -0.0000000021986748)
continue (3.0099999999999785 -0.0000000022381992)
continue (3.0199999999999783 -0.0000000022391666)
continue (3.0299999999999780 -0.0000000022396156)
continue (3.0399999999999778 -0.0000000022400527)
continue (3.0499999999999776 -0.0000000022401305)
continue (3.0599999999999774 -0.0000000022406207)
continue (3.0699999999999772 -0.0000000022416784)
continue (3.0799999999999770 -0.0000000022423092)
continue (3.0899999999999768 -0.0000000022423149)
continue (3.0999999999999766 -0.0000000022423605)
continue (3.1099999999999763 -0.0000000022433841)
continue (3.1199999999999761 -0.0000000022439936)
continue (3.1299999999999759 -0.0000000022445730)
continue (3.1399999999999757 -0.0000000022445700)
continue (3.1499999999999755 -0.0000000022447432)
continue (3.1599999999999753 -0.0000000022453742)
continue (3.1699999999999751 -0.0000000022468153)
continue (3.1799999999999748 -0.0000000022467355)
continue (3.1899999999999746 -0.0000000022468313)
continue (3.1999999999999744 -0.0000000022472025)
continue (3.2099999999999742 -0.0000000022475872)
continue (3.2199999999999740 -0.0000000022493971)
continue (3.2299999999999738 -0.0000000022494911)
continue (3.2399999999999736 -0.0000000022493803)
continue (3.2499999999999734 -0.0000000022500057)
continue (3.2599999999999731 -0.0000000022498104)
continue (3.2699999999999729 -0.0000000022519349)
continue (3.2799999999999727 -0.0000000022524400)
continue (3.2899999999999725 -0.0000000022524718)
continue (3.2999999999999723 -0.0000000022525524)
continue (3.3099999999999721 -0.0000000022524619)
continue (3.3199999999999719 -0.0000000022537087)
continue (3.3299999999999716 -0.0000000022546405)
continue (3.3399999999999714 -0.0000000022555126)
continue (3.3499999999999712 -0.0000000022551411)
continue (3.3599999999999710 -0.0000000022556996)
continue (3.3699999999999708 -0.0000000022564690)
continue (3.3799999999999706 -0.0000000022579245)
continue (3.3899999999999704 -0.0000000022585713)
continue (3.3999999999999702 -0.0000000022581791)
continue (3.4099999999999699 -0.0000000022580705)
continue (3.4199999999999697 -0.0000000022593031)
continue (3.4299999999999695 -0.0000000022595333)
continue (3.4399999999999693 -0.0000000022614181)
continue (3.4499999999999691 -0.0000000022611649)
continue (3.4599999999999689 -0.0000000022605879)
continue (3.4699999999999687 -0.0000000022611693)
continue (3.4799999999999685 -0.0000000022623722)
continue (3.4899999999999682 -0.0000000022627221)
continue (3.4999999999999680 -0.0000000022647098)
continue (3.5099999999999678 -0.0000000022644765)
continue (3.5199999999999676 -0.0000000022639531)
continue (3.5299999999999674 -0.0000000022651239)
continue (3.5399999999999672 -0.0000000022656657)
continue (3.5499999999999670 -0.0000000022664806)
continue (3.5599999999999667 -0.0000000022629460)
continue (3.5699999999999665 -0.0000000022638975)
continue (3.5799999999999663 -0.0000000022633263)
continue (3.5899999999999661 -0.0000000022644816)
continue (3.5999999999999659 -0.0000000022655922)
continue (3.6099999999999657 -0.0000000022665754)
continue (3.6199999999999655 -0.0000000022653934)
continue (3.6299999999999653 -0.0000000022668889)
continue (3.6399999999999650 -0.0000000022666324)
continue (3.6499999999999648 -0.0000000022679472)
continue (3.6599999999999646 -0.0000000022688530)
continue (3.6699999999999644 -0.0000000022701023)
continue (3.6799999999999642 -0.0000000022684949)
continue (3.6899999999999640 -0.0000000022698025)
continue (3.6999999999999638 -0.0000000022697834)
continue (3.7099999999999635 -0.0000000022711551)
continue (3.7199999999999633 -0.0000000022719058)
continue (3.7299999999999631 -0.0000000022731706)
continue (3.7399999999999629 -0.0000000022710698)
continue (3.7499999999999627 -0.0000000022719320)
continue (3.7599999999999625 -0.0000000022703601)
continue (3.7699999999999623 -0.0000000022710265)
continue (3.7799999999999621 -0.0000000022726713)
continue (3.7899999999999618 -0.0000000022739373)
continue (3.7999999999999616 -0.0000000022714051)
continue (3.8099999999999614 -0.0000000022725974)
continue (3.8199999999999612 -0.0000000022737276)
continue (3.8299999999999610 -0.0000000022736543)
continue (3.8399999999999608 -0.0000000022742731)
continue (3.8499999999999606 -0.0000000022753271)
continue (3.8599999999999604 -0.0000000022765103)
continue (3.8699999999999601 -0.0000000022733467)
continue (3.8799999999999599 -0.0000000022747694)
continue (3.8899999999999597 -0.0000000022751478)
continue (3.8999999999999595 -0.0000000022760157)
continue (3.9099999999999593 -0.0000000022766790)
continue (3.9199999999999591 -0.0000000022781890)
continue (3.9299999999999589 -0.0000000022791572)
continue (3.9399999999999586 -0.0000000022756496)
continue (3.9499999999999584 -0.0000000022770697)
continue (3.9599999999999582 -0.0000000022784057)
continue (3.9699999999999580 -0.0000000022793596)
continue (3.9799999999999578 -0.0000000022802008)
continue (3.9899999999999576 -0.0000000022818357)
continue (4.0099999999999998 -0.0000000022784675)
continue (4.5099999999999998 -0.0000000023130816)
continue (5.0099999999999998 -0.0000000023205367)
continue (5.5099999999999998 -0.0000000023262133)
continue (6.0099999999999998 -0.0000000023315301)
continue (6.5099999999999998 -0.0000000023364969)
continue (7.0099999999999998 -0.0000000023412560)
continue (7.5099999999999998 -0.0000000023457160)
continue (8.0099999999999998 -0.0000000023498298)
continue (8.5099999999999998 -0.0000000023536957)
continue (9.0099999999999998 -0.0000000023573172)
continue (9.5099999999999998 -0.0000000023607294)
continue (10.0000000000000000 -0.0000000023638967)
continue (10.0099999999999998 -0.0000000023639597)
continue (15.0000000000000000 -0.0000000023893294)
continue (20.0000000000000000 -0.0000000023986181)
continue (25.0000000000000000 -0.0000000024032793)
continue (30.0000000000000000 -0.0000000024079026)
continue (35.0000000000000000 -0.0000000024118281)
continue (40.0000000000000000 -0.0000000024147031)
continue (45.0000000000000000 -0.0000000024163805)
continue (50.0000000000000000 -0.0000000024173398)
continue (55.0000000000000000 -0.0000000024182548)
continue (60.0000000000000000 -0.0000000024191248)
continue (65.0000000000000000 -0.0000000024199490)
continue (70.0000000000000000 -0.0000000024207290)
continue (75.0000000000000000 -0.0000000024214678)
continue (80.0000000000000000 -0.0000000024221686)
continue (85.0000000000000000 -0.0000000024228346)
continue (90.0000000000000000 -0.0000000024234690)
continue (95.0000000000000000 -0.0000000024240744)
continue (100.0000000000000000 -0.0000000024246533)
continue (110.0000000000000000 -0.0000000024257406)
continue (120.0000000000000000 -0.0000000024267461)
continue (130.0000000000000000 -0.0000000024276819)
continue (140.0000000000000000 -0.0000000024285578)
continue (150.0000000000000000 -0.0000000024293816)
continue (160.0000000000000000 -0.0000000024301599)
continue (170.0000000000000000 -0.0000000024308980)
continue (180.0000000000000000 -0.0000000024316005)
continue (190.0000000000000000 -0.0000000024322711)
continue (200.0000000000000000 -0.0000000024329130)
continue (210.0000000000000000 -0.0000000024335290)
continue (220.0000000000000000 -0.0000000024341215)
continue (230.0000000000000000 -0.0000000024346925)
continue (240.0000000000000000 -0.0000000024352440)
continue (250.0000000000000000 -0.0000000024357773)
continue (260.0000000000000000 -0.0000000024362941)
continue (270.0000000000000000 -0.0000000024367954)
continue (280.0000000000000000 -0.0000000024372825)
continue (290.0000000000000000 -0.0000000024377562)
continue (300.0000000000000000 -0.0000000024382176)
continue (310.0000000000000000 -0.0000000024386675)
continue (320.0000000000000000 -0.0000000024391064)
continue (330.0000000000000000 -0.0000000024395353)
continue (340.0000000000000000 -0.0000000024399545)
continue (350.0000000000000000 -0.0000000024403647)
continue (360.0000000000000000 -0.0000000024407664)
continue (370.0000000000000000 -0.0000000024411601)
continue (380.0000000000000000 -0.0000000024415461)
continue (390.0000000000000000 -0.0000000024419250)
continue (400.0000000000000000 -0.0000000024422969)
continue (410.0000000000000000 -0.0000000024426624)
continue (420.0000000000000000 -0.0000000024430216)
continue (430.0000000000000000 -0.0000000024433749)
continue (440.0000000000000000 -0.0000000024437226)
continue (450.0000000000000000 -0.0000000024440649)
continue (460.0000000000000000 -0.0000000024444020)
continue (470.0000000000000000 -0.0000000024447342)
continue (480.0000000000000000 -0.0000000024450617)
continue (490.0000000000000000 -0.0000000024453847)
continue (500.0000000000000000 -0.0000000024457032)
continue (510.0000000000000000 -0.0000000024460177)
continue (520.0000000000000000 -0.0000000024463281)
continue (530.0000000000000000 -0.0000000024466346)
continue (540.0000000000000000 -0.0000000024469374)
continue (550.0000000000000000 -0.0000000024472367)
continue (560.0000000000000000 -0.0000000024475325)
continue (570.0000000000000000 -0.0000000024478249)
continue (580.0000000000000000 -0.0000000024481141)
continue (590.0000000000000000 -0.0000000024484003)
continue (600.0000000000000000 -0.0000000024486834)
continue (610.0000000000000000 -0.0000000024489636)
continue (620.0000000000000000 -0.0000000024492410)
continue (630.0000000000000000 -0.0000000024495157)
continue (640.0000000000000000 -0.0000000024497878)
continue (650.0000000000000000 -0.0000000024500573)
continue (660.0000000000000000 -0.0000000024503243)
continue (670.0000000000000000 -0.0000000024505890)
continue (680.0000000000000000 -0.0000000024508513)
continue (690.0000000000000000 -0.0000000024511113)
continue (700.0000000000000000 -0.0000000024513691)
continue (710.0000000000000000 -0.0000000024516248)
continue (720.0000000000000000 -0.0000000024518785)
continue (730.0000000000000000 -0.0000000024521301)
continue (740.0000000000000000 -0.0000000024523797)
continue (750.0000000000000000 -0.0000000024526275)
continue (760.0000000000000000 -0.0000000024528733)
continue (770.0000000000000000 -0.0000000024531174)
continue (780.0000000000000000 -0.0000000024533597)
continue (790.0000000000000000 -0.0000000024536003)
continue (800.0000000000000000 -0.0000000024538392)
continue (810.0000000000000000 -0.0000000024540764)
continue (820.0000000000000000 -0.0000000024543121)
continue (830.0000000000000000 -0.0000000024545462)
continue (840.0000000000000000 -0.0000000024547788)
continue (850.0000000000000000 -0.0000000024550099)
continue (860.0000000000000000 -0.0000000024552395)
continue (870.0000000000000000 -0.0000000024554677)
continue (880.0000000000000000 -0.0000000024556946)
continue (890.0000000000000000 -0.0000000024559201)
continue (900.0000000000000000 -0.0000000024561442)
continue (910.0000000000000000 -0.0000000024563671)
continue (920.0000000000000000 -0.0000000024565887)
continue (930.0000000000000000 -0.0000000024568090)
continue (940.0000000000000000 -0.0000000024570282)
continue (950.0000000000000000 -0.0000000024572462)
continue (960.0000000000000000 -0.0000000024574629)
continue (970.0000000000000000 -0.0000000024576786)
continue (980.0000000000000000 -0.0000000024578931)
continue (990.0000000000000000 -0.0000000024581066)
continue (1000.0000000000000000 -0.0000000024583190)
continue (1200.0000000000000000 -0.0000000024623700)
continue (1400.0000000000000000 -0.0000000024661243)
continue (1600.0000000000000000 -0.0000000024696604)
continue (1800.0000000000000000 -0.0000000024730293)
continue (2000.0000000000000000 -0.0000000024762657)
continue (2200.0000000000000000 -0.0000000024793942)
continue (2400.0000000000000000 -0.0000000024824332)
continue (2600.0000000000000000 -0.0000000024853967)
continue (2800.0000000000000000 -0.0000000024882952)
continue (3000.0000000000000000 -0.0000000024911374)
continue (3200.0000000000000000 -0.0000000024939299)
continue (3400.0000000000000000 -0.0000000024966781)
continue (3600.0000000000000000 -0.0000000024993861)
continue (3800.0000000000000000 -0.0000000025020570)
continue (4000.0000000000000000 -0.0000000025046931)
continue (4200.0000000000000000 -0.0000000025072960)
continue (4400.0000000000000000 -0.0000000025098663)
continue (4600.0000000000000000 -0.0000000025124042)
continue (4800.0000000000000000 -0.0000000025149090)
continue (5000.0000000000000000 -0.0000000025173795)
continue (5200.0000000000000000 -0.0000000025198142)
continue (5400.0000000000000000 -0.0000000025222108)
continue (5600.0000000000000000 -0.0000000025245667)
continue (5800.0000000000000000 -0.0000000025268789)
continue (6000.0000000000000000 -0.0000000025291441)
continue (6200.0000000000000000 -0.0000000025313588)
continue (6400.0000000000000000 -0.0000000025335194)
continue (6600.0000000000000000 -0.0000000025356222)
continue (6800.0000000000000000 -0.0000000025376632)
continue (7000.0000000000000000 -0.0000000025396437)
continue (7200.0000000000000000 -0.0000000025415680)
continue (7400.0000000000000000 -0.0000000025434392)
continue (7600.0000000000000000 -0.0000000025452599)
continue (7800.0000000000000000 -0.0000000025470330)
continue (8000.0000000000000000 -0.0000000025487607)
continue (8200.0000000000000000 -0.0000000025504454)
continue (8400.0000000000000000 -0.0000000025520891)
continue (8600.0000000000000000 -0.0000000025536937)
continue (8800.0000000000000000 -0.0000000025552611)
continue (9000.0000000000000000 -0.0000000025567929)
continue (9200.0000000000000000 -0.0000000025582908)
continue (9400.0000000000000000 -0.0000000025597561)
continue (9600.0000000000000000 -0.0000000025611902)
continue (9800.0000000000000000 -0.0000000025625945)
continue (10000.0000000000000000 -0.0000000025639701)
continue (10200.0000000000000000 -0.0000000025653182)
continue (10400.0000000000000000 -0.0000000025666398)
continue (10600.0000000000000000 -0.0000000025679360)
continue (10800.0000000000000000 -0.0000000025692077)
continue (11000.0000000000000000 -0.0000000025704558)
continue (11500.0000000000000000 -0.0000000025734784)
continue (12000.0000000000000000 -0.0000000025763709)
continue (12500.0000000000000000 -0.0000000025791440)
continue (13000.0000000000000000 -0.0000000025818070)
continue (13500.0000000000000000 -0.0000000025843684)
continue (14000.0000000000000000 -0.0000000025868355)
continue (14500.0000000000000000 -0.0000000025892150)
continue (15000.0000000000000000 -0.0000000025915128)
continue (15500.0000000000000000 -0.0000000025937343)
continue (16000.0000000000000000 -0.0000000025958844)
continue (16500.0000000000000000 -0.0000000025979675)
continue (17000.0000000000000000 -0.0000000025999875)
continue (17500.0000000000000000 -0.0000000026019483)
continue (18000.0000000000000000 -0.0000000026038530)
continue (18500.0000000000000000 -0.0000000026057048)
continue (19000.0000000000000000 -0.0000000026075066)
continue (19500.0000000000000000 -0.0000000026092609)
continue (20000.0000000000000000 -0.0000000026109701)
continue (20500.0000000000000000 -0.0000000026126366)
continue (21000.0000000000000000 -0.0000000026142623)
continue (21500.0000000000000000 -0.0000000026158491)
continue (22000.0000000000000000 -0.0000000026173990)
continue (22500.0000000000000000 -0.0000000026189135)
continue (23000.0000000000000000 -0.0000000026203942)
continue (23500.0000000000000000 -0.0000000026218426)
continue (24000.0000000000000000 -0.0000000026232600)
continue (24500.0000000000000000 -0.0000000026246477)
continue (25000.0000000000000000 -0.0000000026260069)
continue (25500.0000000000000000 -0.0000000026273388)
continue (26000.0000000000000000 -0.0000000026286444)
continue (26500.0000000000000000 -0.0000000026299248)
continue (27000.0000000000000000 -0.0000000026311808)
continue (27500.0000000000000000 -0.0000000026324133)
continue (28000.0000000000000000 -0.0000000026336233)
continue (28500.0000000000000000 -0.0000000026348116)
continue (29000.0000000000000000 -0.0000000026359788)
continue (29500.0000000000000000 -0.0000000026371257)
continue (30000.0000000000000000 -0.0000000026382530)
continue (30500.0000000000000000 -0.0000000026393613)
continue (31000.0000000000000000 -0.0000000026404514)
continue (31500.0000000000000000 -0.0000000026415236)
continue (32000.0000000000000000 -0.0000000026425787)
continue (32500.0000000000000000 -0.0000000026436171)
continue (33000.0000000000000000 -0.0000000026446394)
continue (33500.0000000000000000 -0.0000000026456460)
continue (34000.0000000000000000 -0.0000000026466375)
continue (34500.0000000000000000 -0.0000000026476142)
continue (35000.0000000000000000 -0.0000000026485766)
continue (35500.0000000000000000 -0.0000000026495251)
continue (36000.0000000000000000 -0.0000000026504600)
continue (36500.0000000000000000 -0.0000000026513819)
continue (37000.0000000000000000 -0.0000000026522909)
continue (37500.0000000000000000 -0.0000000026531876)
continue (38000.0000000000000000 -0.0000000026540721)
continue (38500.0000000000000000 -0.0000000026549448)
continue (39000.0000000000000000 -0.0000000026558061)
continue (39500.0000000000000000 -0.0000000026566561)
continue (40000.0000000000000000 -0.0000000026574953)
continue (40500.0000000000000000 -0.0000000026583238)
continue (41000.0000000000000000 -0.0000000026591420)
continue (41500.0000000000000000 -0.0000000026599500)
continue (42000.0000000000000000 -0.0000000026607482)
continue (42500.0000000000000000 -0.0000000026615367)
continue (43000.0000000000000000 -0.0000000026623159)
continue (43500.0000000000000000 -0.0000000026630858)
continue (44000.0000000000000000 -0.0000000026638468)
continue (44500.0000000000000000 -0.0000000026645990)
continue (45000.0000000000000000 -0.0000000026653426)
continue (45500.0000000000000000 -0.0000000026660778)
continue (46000.0000000000000000 -0.0000000026668048)
continue (46500.0000000000000000 -0.0000000026675238)
continue (47000.0000000000000000 -0.0000000026682349)
continue (47500.0000000000000000 -0.0000000026689384)
continue (48000.0000000000000000 -0.0000000026696343)
continue (48500.0000000000000000 -0.0000000026703229)
continue (49000.0000000000000000 -0.0000000026710042)
continue (49500.0000000000000000 -0.0000000026716785)
continue (50000.0000000000000000 -0.0000000026723459)
continue (50500.0000000000000000 -0.0000000026730065)
continue (51000.0000000000000000 -0.0000000026736604)
continue (51500.0000000000000000 -0.0000000026743078)
continue (52000.0000000000000000 -0.0000000026749488)
continue (52500.0000000000000000 -0.0000000026755836)
continue (53000.0000000000000000 -0.0000000026762122)
continue (53500.0000000000000000 -0.0000000026768347)
continue (54000.0000000000000000 -0.0000000026774514)
continue (54500.0000000000000000 -0.0000000026780622)
continue (55000.0000000000000000 -0.0000000026786673)
continue (55500.0000000000000000 -0.0000000026792669)
continue (56000.0000000000000000 -0.0000000026798609)
continue (56500.0000000000000000 -0.0000000026804495)
continue (57000.0000000000000000 -0.0000000026810328)
continue (57500.0000000000000000 -0.0000000026816109)
continue (58000.0000000000000000 -0.0000000026821839)
continue (58500.0000000000000000 -0.0000000026827519)
continue (59000.0000000000000000 -0.0000000026833149)
continue (59500.0000000000000000 -0.0000000026838731)
continue (60000.0000000000000000 -0.0000000026844264)
continue (60500.0000000000000000 -0.0000000026849751)
continue (61000.0000000000000000 -0.0000000026855191)
continue (61500.0000000000000000 -0.0000000026860586)
continue (62000.0000000000000000 -0.0000000026865937)
continue (62500.0000000000000000 -0.0000000026871243)
continue (63000.0000000000000000 -0.0000000026876506)
continue (63500.0000000000000000 -0.0000000026881726)
continue (64000.0000000000000000 -0.0000000026886905)
continue (64500.0000000000000000 -0.0000000026892042)
continue (65000.0000000000000000 -0.0000000026897139)
continue (65500.0000000000000000 -0.0000000026902195)
continue (66000.0000000000000000 -0.0000000026907212)
continue (66500.0000000000000000 -0.0000000026912191)
continue (67000.0000000000000000 -0.0000000026917131)
continue (67500.0000000000000000 -0.0000000026922034)
continue (68000.0000000000000000 -0.0000000026926899)
continue (68500.0000000000000000 -0.0000000026931728)
continue (69000.0000000000000000 -0.0000000026936521)
continue (69500.0000000000000000 -0.0000000026941279)
continue (70000.0000000000000000 -0.0000000026946001)
continue (70500.0000000000000000 -0.0000000026950689)
continue (71000.0000000000000000 -0.0000000026955343)
continue (71500.0000000000000000 -0.0000000026959964)
continue (72000.0000000000000000 -0.0000000026964552)
continue (72500.0000000000000000 -0.0000000026969107)
continue (73000.0000000000000000 -0.0000000026973630)
continue (73500.0000000000000000 -0.0000000026978121)
continue (74000.0000000000000000 -0.0000000026982581)
continue (74500.0000000000000000 -0.0000000026987011)
continue (75245.0000000000000000 -0.0000000050000000)
continue (7354000.0000000000000000 -0.0000000050000000)
f(nu) = -20.1385828193735748 at 1.0000000000000000 Ryd
