# Faucher-Giguere 2019 
# z = 1.238721
# E [Ryd] log (J_nu)
interpolate (0.0000000100100000 -0.0000000050000000)
continue (0.0990000000000000 -0.0000000050000000)
continue (0.1000000000000000 -0.0000000018997805)
continue (0.1500000000000000 -0.0000000019133617)
continue (0.2000000000000000 -0.0000000019271982)
continue (0.2500000000000001 -0.0000000019363729)
continue (0.3000000000000000 -0.0000000019377315)
continue (0.3500000000000001 -0.0000000019387609)
continue (0.4000000000000001 -0.0000000019398558)
continue (0.4500000000000001 -0.0000000019422085)
continue (0.5000000000000001 -0.0000000019455951)
continue (0.5500000000000002 -0.0000000019493155)
continue (0.6000000000000002 -0.0000000019540052)
continue (0.6500000000000001 -0.0000000019600822)
continue (0.7000000000000002 -0.0000000019678846)
continue (0.7500000000000002 -0.0000000020009839)
continue (0.8000000000000002 -0.0000000020128596)
continue (0.8500000000000002 -0.0000000020300712)
continue (0.9000000000000002 -0.0000000020588368)
continue (0.9500000000000003 -0.0000000020830775)
continue (1.0100000000000000 -0.0000000021476557)
continue (1.0600000000000001 -0.0000000021515925)
continue (1.1100000000000001 -0.0000000021552267)
continue (1.1600000000000001 -0.0000000021583373)
continue (1.2100000000000002 -0.0000000021613590)
continue (1.2600000000000002 -0.0000000021644817)
continue (1.3100000000000003 -0.0000000021673835)
continue (1.3600000000000003 -0.0000000021701750)
continue (1.4100000000000004 -0.0000000021731722)
continue (1.4600000000000004 -0.0000000021756002)
continue (1.5100000000000005 -0.0000000021782333)
continue (1.5600000000000005 -0.0000000021808870)
continue (1.6100000000000005 -0.0000000021835678)
continue (1.6600000000000006 -0.0000000021859251)
continue (1.7100000000000006 -0.0000000021879041)
continue (1.7600000000000007 -0.0000000021903047)
continue (1.8100000000000007 -0.0000000021922650)
continue (1.8600000000000008 -0.0000000021944062)
continue (1.9100000000000008 -0.0000000021957107)
continue (1.9600000000000009 -0.0000000021976194)
continue (2.0000000000000000 -0.0000000021989416)
continue (2.0099999999999998 -0.0000000021992476)
continue (2.0199999999999996 -0.0000000021994795)
continue (2.0299999999999994 -0.0000000021997122)
continue (2.0399999999999991 -0.0000000022000940)
continue (2.0499999999999989 -0.0000000022004598)
continue (2.0599999999999987 -0.0000000022004587)
continue (2.0699999999999985 -0.0000000022006592)
continue (2.0799999999999983 -0.0000000022011917)
continue (2.0899999999999981 -0.0000000022014995)
continue (2.0999999999999979 -0.0000000022015674)
continue (2.1099999999999977 -0.0000000022016804)
continue (2.1199999999999974 -0.0000000022023720)
continue (2.1299999999999972 -0.0000000022025007)
continue (2.1399999999999970 -0.0000000022027030)
continue (2.1499999999999968 -0.0000000022027839)
continue (2.1599999999999966 -0.0000000022032005)
continue (2.1699999999999964 -0.0000000022038015)
continue (2.1799999999999962 -0.0000000022034696)
continue (2.1899999999999959 -0.0000000022040731)
continue (2.1999999999999957 -0.0000000022041172)
continue (2.2099999999999955 -0.0000000022047406)
continue (2.2199999999999953 -0.0000000022047733)
continue (2.2299999999999951 -0.0000000022047840)
continue (2.2399999999999949 -0.0000000022051160)
continue (2.2499999999999947 -0.0000000022055055)
continue (2.2599999999999945 -0.0000000022058230)
continue (2.2699999999999942 -0.0000000022056568)
continue (2.2799999999999940 -0.0000000022061127)
continue (2.2899999999999938 -0.0000000022063209)
continue (2.2999999999999936 -0.0000000022067544)
continue (2.3099999999999934 -0.0000000022068684)
continue (2.3199999999999932 -0.0000000022069357)
continue (2.3299999999999930 -0.0000000022073479)
continue (2.3399999999999928 -0.0000000022075478)
continue (2.3499999999999925 -0.0000000022080673)
continue (2.3599999999999923 -0.0000000022079833)
continue (2.3699999999999921 -0.0000000022080567)
continue (2.3799999999999919 -0.0000000022086129)
continue (2.3899999999999917 -0.0000000022088869)
continue (2.3999999999999915 -0.0000000022090362)
continue (2.4099999999999913 -0.0000000022091158)
continue (2.4199999999999910 -0.0000000022093987)
continue (2.4299999999999908 -0.0000000022098595)
continue (2.4399999999999906 -0.0000000022101560)
continue (2.4499999999999904 -0.0000000022103246)
continue (2.4599999999999902 -0.0000000022104822)
continue (2.4699999999999900 -0.0000000022108720)
continue (2.4799999999999898 -0.0000000022108718)
continue (2.4899999999999896 -0.0000000022112762)
continue (2.4999999999999893 -0.0000000022114780)
continue (2.5099999999999891 -0.0000000022117501)
continue (2.5199999999999889 -0.0000000022121032)
continue (2.5299999999999887 -0.0000000022121368)
continue (2.5399999999999885 -0.0000000022128069)
continue (2.5499999999999883 -0.0000000022126903)
continue (2.5599999999999881 -0.0000000022129798)
continue (2.5699999999999878 -0.0000000022132346)
continue (2.5799999999999876 -0.0000000022136752)
continue (2.5899999999999874 -0.0000000022140858)
continue (2.5999999999999872 -0.0000000022138850)
continue (2.6099999999999870 -0.0000000022142995)
continue (2.6199999999999868 -0.0000000022149857)
continue (2.6299999999999866 -0.0000000022151341)
continue (2.6399999999999864 -0.0000000022154573)
continue (2.6499999999999861 -0.0000000022154219)
continue (2.6599999999999859 -0.0000000022155330)
continue (2.6699999999999857 -0.0000000022159884)
continue (2.6799999999999855 -0.0000000022161907)
continue (2.6899999999999853 -0.0000000022162383)
continue (2.6999999999999851 -0.0000000022162244)
continue (2.7099999999999849 -0.0000000022166059)
continue (2.7199999999999847 -0.0000000022169413)
continue (2.7299999999999844 -0.0000000022171244)
continue (2.7399999999999842 -0.0000000022172503)
continue (2.7499999999999840 -0.0000000022174686)
continue (2.7599999999999838 -0.0000000022175571)
continue (2.7699999999999836 -0.0000000022179109)
continue (2.7799999999999834 -0.0000000022180085)
continue (2.7899999999999832 -0.0000000022183414)
continue (2.7999999999999829 -0.0000000022183630)
continue (2.8099999999999827 -0.0000000022189818)
continue (2.8199999999999825 -0.0000000022187686)
continue (2.8299999999999823 -0.0000000022191515)
continue (2.8399999999999821 -0.0000000022193829)
continue (2.8499999999999819 -0.0000000022196658)
continue (2.8599999999999817 -0.0000000022199310)
continue (2.8699999999999815 -0.0000000022201910)
continue (2.8799999999999812 -0.0000000022201358)
continue (2.8899999999999810 -0.0000000022205212)
continue (2.8999999999999808 -0.0000000022206685)
continue (2.9099999999999806 -0.0000000022211616)
continue (2.9199999999999804 -0.0000000022211964)
continue (2.9299999999999802 -0.0000000022214643)
continue (2.9399999999999800 -0.0000000022214978)
continue (2.9499999999999797 -0.0000000022218790)
continue (2.9599999999999795 -0.0000000022221333)
continue (2.9699999999999793 -0.0000000022224683)
continue (2.9799999999999791 -0.0000000022225766)
continue (2.9899999999999789 -0.0000000022228810)
continue (2.9999999999999787 -0.0000000022233514)
continue (3.0099999999999785 -0.0000000022510597)
continue (3.0199999999999783 -0.0000000022515422)
continue (3.0299999999999780 -0.0000000022519589)
continue (3.0399999999999778 -0.0000000022521246)
continue (3.0499999999999776 -0.0000000022525307)
continue (3.0599999999999774 -0.0000000022530707)
continue (3.0699999999999772 -0.0000000022534849)
continue (3.0799999999999770 -0.0000000022541467)
continue (3.0899999999999768 -0.0000000022546302)
continue (3.0999999999999766 -0.0000000022549008)
continue (3.1099999999999763 -0.0000000022551649)
continue (3.1199999999999761 -0.0000000022557382)
continue (3.1299999999999759 -0.0000000022561393)
continue (3.1399999999999757 -0.0000000022570833)
continue (3.1499999999999755 -0.0000000022573335)
continue (3.1599999999999753 -0.0000000022574215)
continue (3.1699999999999751 -0.0000000022578036)
continue (3.1799999999999748 -0.0000000022579774)
continue (3.1899999999999746 -0.0000000022586654)
continue (3.1999999999999744 -0.0000000022597857)
continue (3.2099999999999742 -0.0000000022601492)
continue (3.2199999999999740 -0.0000000022603585)
continue (3.2299999999999738 -0.0000000022606262)
continue (3.2399999999999736 -0.0000000022607775)
continue (3.2499999999999734 -0.0000000022611428)
continue (3.2599999999999731 -0.0000000022623128)
continue (3.2699999999999729 -0.0000000022630354)
continue (3.2799999999999727 -0.0000000022630914)
continue (3.2899999999999725 -0.0000000022637034)
continue (3.2999999999999723 -0.0000000022636776)
continue (3.3099999999999721 -0.0000000022640484)
continue (3.3199999999999719 -0.0000000022644917)
continue (3.3299999999999716 -0.0000000022655591)
continue (3.3399999999999714 -0.0000000022657263)
continue (3.3499999999999712 -0.0000000022663042)
continue (3.3599999999999710 -0.0000000022669048)
continue (3.3699999999999708 -0.0000000022670215)
continue (3.3799999999999706 -0.0000000022675160)
continue (3.3899999999999704 -0.0000000022682646)
continue (3.3999999999999702 -0.0000000022682421)
continue (3.4099999999999699 -0.0000000022691429)
continue (3.4199999999999697 -0.0000000022696145)
continue (3.4299999999999695 -0.0000000022697717)
continue (3.4399999999999693 -0.0000000022702147)
continue (3.4499999999999691 -0.0000000022709447)
continue (3.4599999999999689 -0.0000000022707018)
continue (3.4699999999999687 -0.0000000022711905)
continue (3.4799999999999685 -0.0000000022724414)
continue (3.4899999999999682 -0.0000000022728574)
continue (3.4999999999999680 -0.0000000022729331)
continue (3.5099999999999678 -0.0000000022733294)
continue (3.5199999999999676 -0.0000000022742580)
continue (3.5299999999999674 -0.0000000022740097)
continue (3.5399999999999672 -0.0000000022743914)
continue (3.5499999999999670 -0.0000000022751779)
continue (3.5599999999999667 -0.0000000022743763)
continue (3.5699999999999665 -0.0000000022746795)
continue (3.5799999999999663 -0.0000000022746439)
continue (3.5899999999999661 -0.0000000022754141)
continue (3.5999999999999659 -0.0000000022751484)
continue (3.6099999999999657 -0.0000000022758316)
continue (3.6199999999999655 -0.0000000022763348)
continue (3.6299999999999653 -0.0000000022772804)
continue (3.6399999999999650 -0.0000000022779085)
continue (3.6499999999999648 -0.0000000022778741)
continue (3.6599999999999646 -0.0000000022785469)
continue (3.6699999999999644 -0.0000000022792944)
continue (3.6799999999999642 -0.0000000022788330)
continue (3.6899999999999640 -0.0000000022795337)
continue (3.6999999999999638 -0.0000000022801018)
continue (3.7099999999999635 -0.0000000022809516)
continue (3.7199999999999633 -0.0000000022816030)
continue (3.7299999999999631 -0.0000000022815787)
continue (3.7399999999999629 -0.0000000022823483)
continue (3.7499999999999627 -0.0000000022805041)
continue (3.7599999999999625 -0.0000000022811874)
continue (3.7699999999999623 -0.0000000022819815)
continue (3.7799999999999621 -0.0000000022826654)
continue (3.7899999999999618 -0.0000000022835664)
continue (3.7999999999999616 -0.0000000022842632)
continue (3.8099999999999614 -0.0000000022842248)
continue (3.8199999999999612 -0.0000000022850457)
continue (3.8299999999999610 -0.0000000022826906)
continue (3.8399999999999608 -0.0000000022837052)
continue (3.8499999999999606 -0.0000000022846154)
continue (3.8599999999999604 -0.0000000022854354)
continue (3.8699999999999601 -0.0000000022863221)
continue (3.8799999999999599 -0.0000000022871069)
continue (3.8899999999999597 -0.0000000022872975)
continue (3.8999999999999595 -0.0000000022881041)
continue (3.9099999999999593 -0.0000000022889555)
continue (3.9199999999999591 -0.0000000022860102)
continue (3.9299999999999589 -0.0000000022870740)
continue (3.9399999999999586 -0.0000000022880728)
continue (3.9499999999999584 -0.0000000022890311)
continue (3.9599999999999582 -0.0000000022899409)
continue (3.9699999999999580 -0.0000000022906706)
continue (3.9799999999999578 -0.0000000022913460)
continue (3.9899999999999576 -0.0000000022923043)
continue (4.0099999999999998 -0.0000000022894740)
continue (4.5099999999999998 -0.0000000023133740)
continue (5.0099999999999998 -0.0000000023203491)
continue (5.5099999999999998 -0.0000000023263214)
continue (6.0099999999999998 -0.0000000023319651)
continue (6.5099999999999998 -0.0000000023372612)
continue (7.0099999999999998 -0.0000000023422745)
continue (7.5099999999999998 -0.0000000023469578)
continue (8.0099999999999998 -0.0000000023513369)
continue (8.5099999999999998 -0.0000000023554536)
continue (9.0099999999999998 -0.0000000023593338)
continue (9.5099999999999998 -0.0000000023630074)
continue (10.0000000000000000 -0.0000000023664303)
continue (10.0099999999999998 -0.0000000023664985)
continue (15.0000000000000000 -0.0000000023923469)
continue (20.0000000000000000 -0.0000000024016783)
continue (25.0000000000000000 -0.0000000024072789)
continue (30.0000000000000000 -0.0000000024121269)
continue (35.0000000000000000 -0.0000000024158457)
continue (40.0000000000000000 -0.0000000024183923)
continue (45.0000000000000000 -0.0000000024199454)
continue (50.0000000000000000 -0.0000000024209861)
continue (55.0000000000000000 -0.0000000024219582)
continue (60.0000000000000000 -0.0000000024228691)
continue (65.0000000000000000 -0.0000000024237236)
continue (70.0000000000000000 -0.0000000024245269)
continue (75.0000000000000000 -0.0000000024252843)
continue (80.0000000000000000 -0.0000000024260002)
continue (85.0000000000000000 -0.0000000024266790)
continue (90.0000000000000000 -0.0000000024273244)
continue (95.0000000000000000 -0.0000000024279394)
continue (100.0000000000000000 -0.0000000024285271)
continue (110.0000000000000000 -0.0000000024296297)
continue (120.0000000000000000 -0.0000000024306485)
continue (130.0000000000000000 -0.0000000024315965)
continue (140.0000000000000000 -0.0000000024324837)
continue (150.0000000000000000 -0.0000000024333184)
continue (160.0000000000000000 -0.0000000024341071)
continue (170.0000000000000000 -0.0000000024348555)
continue (180.0000000000000000 -0.0000000024355680)
continue (190.0000000000000000 -0.0000000024362484)
continue (200.0000000000000000 -0.0000000024369001)
continue (210.0000000000000000 -0.0000000024375258)
continue (220.0000000000000000 -0.0000000024381279)
continue (230.0000000000000000 -0.0000000024387085)
continue (240.0000000000000000 -0.0000000024392694)
continue (250.0000000000000000 -0.0000000024398122)
continue (260.0000000000000000 -0.0000000024403384)
continue (270.0000000000000000 -0.0000000024408491)
continue (280.0000000000000000 -0.0000000024413456)
continue (290.0000000000000000 -0.0000000024418287)
continue (300.0000000000000000 -0.0000000024422994)
continue (310.0000000000000000 -0.0000000024427586)
continue (320.0000000000000000 -0.0000000024432069)
continue (330.0000000000000000 -0.0000000024436450)
continue (340.0000000000000000 -0.0000000024440735)
continue (350.0000000000000000 -0.0000000024444930)
continue (360.0000000000000000 -0.0000000024449040)
continue (370.0000000000000000 -0.0000000024453069)
continue (380.0000000000000000 -0.0000000024457022)
continue (390.0000000000000000 -0.0000000024460902)
continue (400.0000000000000000 -0.0000000024464714)
continue (410.0000000000000000 -0.0000000024468461)
continue (420.0000000000000000 -0.0000000024472145)
continue (430.0000000000000000 -0.0000000024475770)
continue (440.0000000000000000 -0.0000000024479339)
continue (450.0000000000000000 -0.0000000024482853)
continue (460.0000000000000000 -0.0000000024486316)
continue (470.0000000000000000 -0.0000000024489730)
continue (480.0000000000000000 -0.0000000024493096)
continue (490.0000000000000000 -0.0000000024496417)
continue (500.0000000000000000 -0.0000000024499694)
continue (510.0000000000000000 -0.0000000024502930)
continue (520.0000000000000000 -0.0000000024506125)
continue (530.0000000000000000 -0.0000000024509282)
continue (540.0000000000000000 -0.0000000024512401)
continue (550.0000000000000000 -0.0000000024515484)
continue (560.0000000000000000 -0.0000000024518533)
continue (570.0000000000000000 -0.0000000024521549)
continue (580.0000000000000000 -0.0000000024524532)
continue (590.0000000000000000 -0.0000000024527484)
continue (600.0000000000000000 -0.0000000024530406)
continue (610.0000000000000000 -0.0000000024533298)
continue (620.0000000000000000 -0.0000000024536163)
continue (630.0000000000000000 -0.0000000024539000)
continue (640.0000000000000000 -0.0000000024541811)
continue (650.0000000000000000 -0.0000000024544597)
continue (660.0000000000000000 -0.0000000024547357)
continue (670.0000000000000000 -0.0000000024550094)
continue (680.0000000000000000 -0.0000000024552807)
continue (690.0000000000000000 -0.0000000024555497)
continue (700.0000000000000000 -0.0000000024558165)
continue (710.0000000000000000 -0.0000000024560812)
continue (720.0000000000000000 -0.0000000024563438)
continue (730.0000000000000000 -0.0000000024566044)
continue (740.0000000000000000 -0.0000000024568630)
continue (750.0000000000000000 -0.0000000024571197)
continue (760.0000000000000000 -0.0000000024573746)
continue (770.0000000000000000 -0.0000000024576276)
continue (780.0000000000000000 -0.0000000024578788)
continue (790.0000000000000000 -0.0000000024581283)
continue (800.0000000000000000 -0.0000000024583761)
continue (810.0000000000000000 -0.0000000024586223)
continue (820.0000000000000000 -0.0000000024588669)
continue (830.0000000000000000 -0.0000000024591099)
continue (840.0000000000000000 -0.0000000024593513)
continue (850.0000000000000000 -0.0000000024595913)
continue (860.0000000000000000 -0.0000000024598298)
continue (870.0000000000000000 -0.0000000024600669)
continue (880.0000000000000000 -0.0000000024603027)
continue (890.0000000000000000 -0.0000000024605370)
continue (900.0000000000000000 -0.0000000024607700)
continue (910.0000000000000000 -0.0000000024610017)
continue (920.0000000000000000 -0.0000000024612322)
continue (930.0000000000000000 -0.0000000024614614)
continue (940.0000000000000000 -0.0000000024616894)
continue (950.0000000000000000 -0.0000000024619161)
continue (960.0000000000000000 -0.0000000024621418)
continue (970.0000000000000000 -0.0000000024623662)
continue (980.0000000000000000 -0.0000000024625896)
continue (990.0000000000000000 -0.0000000024628118)
continue (1000.0000000000000000 -0.0000000024630330)
continue (1200.0000000000000000 -0.0000000024672584)
continue (1400.0000000000000000 -0.0000000024711845)
continue (1600.0000000000000000 -0.0000000024748899)
continue (1800.0000000000000000 -0.0000000024784255)
continue (2000.0000000000000000 -0.0000000024818262)
continue (2200.0000000000000000 -0.0000000024851166)
continue (2400.0000000000000000 -0.0000000024883151)
continue (2600.0000000000000000 -0.0000000024914354)
continue (2800.0000000000000000 -0.0000000024944880)
continue (3000.0000000000000000 -0.0000000024974810)
continue (3200.0000000000000000 -0.0000000025004204)
continue (3400.0000000000000000 -0.0000000025033109)
continue (3600.0000000000000000 -0.0000000025061555)
continue (3800.0000000000000000 -0.0000000025089566)
continue (4000.0000000000000000 -0.0000000025117152)
continue (4200.0000000000000000 -0.0000000025144317)
continue (4400.0000000000000000 -0.0000000025171058)
continue (4600.0000000000000000 -0.0000000025197368)
continue (4800.0000000000000000 -0.0000000025223234)
continue (5000.0000000000000000 -0.0000000025248638)
continue (5200.0000000000000000 -0.0000000025273563)
continue (5400.0000000000000000 -0.0000000025297988)
continue (5600.0000000000000000 -0.0000000025321893)
continue (5800.0000000000000000 -0.0000000025345256)
continue (6000.0000000000000000 -0.0000000025368057)
continue (6200.0000000000000000 -0.0000000025390279)
continue (6400.0000000000000000 -0.0000000025411906)
continue (6600.0000000000000000 -0.0000000025432923)
continue (6800.0000000000000000 -0.0000000025453320)
continue (7000.0000000000000000 -0.0000000025473115)
continue (7200.0000000000000000 -0.0000000025492347)
continue (7400.0000000000000000 -0.0000000025511048)
continue (7600.0000000000000000 -0.0000000025529245)
continue (7800.0000000000000000 -0.0000000025546966)
continue (8000.0000000000000000 -0.0000000025564233)
continue (8200.0000000000000000 -0.0000000025581070)
continue (8400.0000000000000000 -0.0000000025597497)
continue (8600.0000000000000000 -0.0000000025613534)
continue (8800.0000000000000000 -0.0000000025629198)
continue (9000.0000000000000000 -0.0000000025644507)
continue (9200.0000000000000000 -0.0000000025659476)
continue (9400.0000000000000000 -0.0000000025674120)
continue (9600.0000000000000000 -0.0000000025688452)
continue (9800.0000000000000000 -0.0000000025702486)
continue (10000.0000000000000000 -0.0000000025716233)
continue (10200.0000000000000000 -0.0000000025729705)
continue (10400.0000000000000000 -0.0000000025742912)
continue (10600.0000000000000000 -0.0000000025755866)
continue (10800.0000000000000000 -0.0000000025768574)
continue (11000.0000000000000000 -0.0000000025781047)
continue (11500.0000000000000000 -0.0000000025811252)
continue (12000.0000000000000000 -0.0000000025840156)
continue (12500.0000000000000000 -0.0000000025867867)
continue (13000.0000000000000000 -0.0000000025894478)
continue (13500.0000000000000000 -0.0000000025920073)
continue (14000.0000000000000000 -0.0000000025944725)
continue (14500.0000000000000000 -0.0000000025968502)
continue (15000.0000000000000000 -0.0000000025991462)
continue (15500.0000000000000000 -0.0000000026013659)
continue (16000.0000000000000000 -0.0000000026035143)
continue (16500.0000000000000000 -0.0000000026055956)
continue (17000.0000000000000000 -0.0000000026076140)
continue (17500.0000000000000000 -0.0000000026095731)
continue (18000.0000000000000000 -0.0000000026114762)
continue (18500.0000000000000000 -0.0000000026133264)
continue (19000.0000000000000000 -0.0000000026151266)
continue (19500.0000000000000000 -0.0000000026168793)
continue (20000.0000000000000000 -0.0000000026185870)
continue (20500.0000000000000000 -0.0000000026202519)
continue (21000.0000000000000000 -0.0000000026218761)
continue (21500.0000000000000000 -0.0000000026234615)
continue (22000.0000000000000000 -0.0000000026250099)
continue (22500.0000000000000000 -0.0000000026265230)
continue (23000.0000000000000000 -0.0000000026280023)
continue (23500.0000000000000000 -0.0000000026294492)
continue (24000.0000000000000000 -0.0000000026308652)
continue (24500.0000000000000000 -0.0000000026322516)
continue (25000.0000000000000000 -0.0000000026336095)
continue (25500.0000000000000000 -0.0000000026349400)
continue (26000.0000000000000000 -0.0000000026362443)
continue (26500.0000000000000000 -0.0000000026375233)
continue (27000.0000000000000000 -0.0000000026387780)
continue (27500.0000000000000000 -0.0000000026400093)
continue (28000.0000000000000000 -0.0000000026412180)
continue (28500.0000000000000000 -0.0000000026424050)
continue (29000.0000000000000000 -0.0000000026435710)
continue (29500.0000000000000000 -0.0000000026447166)
continue (30000.0000000000000000 -0.0000000026458427)
continue (30500.0000000000000000 -0.0000000026469499)
continue (31000.0000000000000000 -0.0000000026480387)
continue (31500.0000000000000000 -0.0000000026491097)
continue (32000.0000000000000000 -0.0000000026501636)
continue (32500.0000000000000000 -0.0000000026512009)
continue (33000.0000000000000000 -0.0000000026522220)
continue (33500.0000000000000000 -0.0000000026532275)
continue (34000.0000000000000000 -0.0000000026542178)
continue (34500.0000000000000000 -0.0000000026551934)
continue (35000.0000000000000000 -0.0000000026561547)
continue (35500.0000000000000000 -0.0000000026571021)
continue (36000.0000000000000000 -0.0000000026580359)
continue (36500.0000000000000000 -0.0000000026589567)
continue (37000.0000000000000000 -0.0000000026598647)
continue (37500.0000000000000000 -0.0000000026607602)
continue (38000.0000000000000000 -0.0000000026616437)
continue (38500.0000000000000000 -0.0000000026625153)
continue (39000.0000000000000000 -0.0000000026633755)
continue (39500.0000000000000000 -0.0000000026642246)
continue (40000.0000000000000000 -0.0000000026650627)
continue (40500.0000000000000000 -0.0000000026658902)
continue (41000.0000000000000000 -0.0000000026667073)
continue (41500.0000000000000000 -0.0000000026675144)
continue (42000.0000000000000000 -0.0000000026683116)
continue (42500.0000000000000000 -0.0000000026690991)
continue (43000.0000000000000000 -0.0000000026698772)
continue (43500.0000000000000000 -0.0000000026706462)
continue (44000.0000000000000000 -0.0000000026714062)
continue (44500.0000000000000000 -0.0000000026721574)
continue (45000.0000000000000000 -0.0000000026729000)
continue (45500.0000000000000000 -0.0000000026736343)
continue (46000.0000000000000000 -0.0000000026743604)
continue (46500.0000000000000000 -0.0000000026750784)
continue (47000.0000000000000000 -0.0000000026757886)
continue (47500.0000000000000000 -0.0000000026764911)
continue (48000.0000000000000000 -0.0000000026771861)
continue (48500.0000000000000000 -0.0000000026778738)
continue (49000.0000000000000000 -0.0000000026785542)
continue (49500.0000000000000000 -0.0000000026792276)
continue (50000.0000000000000000 -0.0000000026798941)
continue (50500.0000000000000000 -0.0000000026805538)
continue (51000.0000000000000000 -0.0000000026812068)
continue (51500.0000000000000000 -0.0000000026818533)
continue (52000.0000000000000000 -0.0000000026824934)
continue (52500.0000000000000000 -0.0000000026831273)
continue (53000.0000000000000000 -0.0000000026837550)
continue (53500.0000000000000000 -0.0000000026843767)
continue (54000.0000000000000000 -0.0000000026849925)
continue (54500.0000000000000000 -0.0000000026856025)
continue (55000.0000000000000000 -0.0000000026862068)
continue (55500.0000000000000000 -0.0000000026868054)
continue (56000.0000000000000000 -0.0000000026873986)
continue (56500.0000000000000000 -0.0000000026879864)
continue (57000.0000000000000000 -0.0000000026885689)
continue (57500.0000000000000000 -0.0000000026891462)
continue (58000.0000000000000000 -0.0000000026897183)
continue (58500.0000000000000000 -0.0000000026902855)
continue (59000.0000000000000000 -0.0000000026908477)
continue (59500.0000000000000000 -0.0000000026914050)
continue (60000.0000000000000000 -0.0000000026919576)
continue (60500.0000000000000000 -0.0000000026925054)
continue (61000.0000000000000000 -0.0000000026930487)
continue (61500.0000000000000000 -0.0000000026935874)
continue (62000.0000000000000000 -0.0000000026941216)
continue (62500.0000000000000000 -0.0000000026946515)
continue (63000.0000000000000000 -0.0000000026951770)
continue (63500.0000000000000000 -0.0000000026956982)
continue (64000.0000000000000000 -0.0000000026962153)
continue (64500.0000000000000000 -0.0000000026967283)
continue (65000.0000000000000000 -0.0000000026972372)
continue (65500.0000000000000000 -0.0000000026977421)
continue (66000.0000000000000000 -0.0000000026982430)
continue (66500.0000000000000000 -0.0000000026987401)
continue (67000.0000000000000000 -0.0000000026992334)
continue (67500.0000000000000000 -0.0000000026997229)
continue (68000.0000000000000000 -0.0000000027002087)
continue (68500.0000000000000000 -0.0000000027006908)
continue (69000.0000000000000000 -0.0000000027011694)
continue (69500.0000000000000000 -0.0000000027016444)
continue (70000.0000000000000000 -0.0000000027021159)
continue (70500.0000000000000000 -0.0000000027025840)
continue (71000.0000000000000000 -0.0000000027030487)
continue (71500.0000000000000000 -0.0000000027035100)
continue (72000.0000000000000000 -0.0000000027039681)
continue (72500.0000000000000000 -0.0000000027044229)
continue (73000.0000000000000000 -0.0000000027048745)
continue (73500.0000000000000000 -0.0000000027053229)
continue (74000.0000000000000000 -0.0000000027057682)
continue (74500.0000000000000000 -0.0000000027062104)
continue (75245.0000000000000000 -0.0000000050000000)
continue (7354000.0000000000000000 -0.0000000050000000)
f(nu) = -20.2724264385779946 at 1.0000000000000000 Ryd
