# Faucher-Giguere 2019 
# z = 1.511886
# E [Ryd] log (J_nu)
interpolate (0.0000000100100000 -0.0000000050000000)
continue (0.0990000000000000 -0.0000000050000000)
continue (0.1000000000000000 -0.0000000018899676)
continue (0.1500000000000000 -0.0000000019028328)
continue (0.2000000000000000 -0.0000000019171786)
continue (0.2500000000000001 -0.0000000019280790)
continue (0.3000000000000000 -0.0000000019290022)
continue (0.3500000000000001 -0.0000000019296677)
continue (0.4000000000000001 -0.0000000019304331)
continue (0.4500000000000001 -0.0000000019317038)
continue (0.5000000000000001 -0.0000000019350005)
continue (0.5500000000000002 -0.0000000019371867)
continue (0.6000000000000002 -0.0000000019406168)
continue (0.6500000000000001 -0.0000000019456727)
continue (0.7000000000000002 -0.0000000019523391)
continue (0.7500000000000002 -0.0000000019853743)
continue (0.8000000000000002 -0.0000000019951791)
continue (0.8500000000000002 -0.0000000020134472)
continue (0.9000000000000002 -0.0000000020400061)
continue (0.9500000000000003 -0.0000000020700513)
continue (1.0100000000000000 -0.0000000021404001)
continue (1.0600000000000001 -0.0000000021443492)
continue (1.1100000000000001 -0.0000000021477214)
continue (1.1600000000000001 -0.0000000021512079)
continue (1.2100000000000002 -0.0000000021539799)
continue (1.2600000000000002 -0.0000000021568276)
continue (1.3100000000000003 -0.0000000021596736)
continue (1.3600000000000003 -0.0000000021624597)
continue (1.4100000000000004 -0.0000000021651446)
continue (1.4600000000000004 -0.0000000021681099)
continue (1.5100000000000005 -0.0000000021707733)
continue (1.5600000000000005 -0.0000000021734410)
continue (1.6100000000000005 -0.0000000021759135)
continue (1.6600000000000006 -0.0000000021786106)
continue (1.7100000000000006 -0.0000000021802527)
continue (1.7600000000000007 -0.0000000021828024)
continue (1.8100000000000007 -0.0000000021851573)
continue (1.8600000000000008 -0.0000000021872666)
continue (1.9100000000000008 -0.0000000021887088)
continue (1.9600000000000009 -0.0000000021906167)
continue (2.0000000000000000 -0.0000000021917777)
continue (2.0099999999999998 -0.0000000021920981)
continue (2.0199999999999996 -0.0000000021923614)
continue (2.0299999999999994 -0.0000000021932422)
continue (2.0399999999999991 -0.0000000021924210)
continue (2.0499999999999989 -0.0000000021932898)
continue (2.0599999999999987 -0.0000000021935029)
continue (2.0699999999999985 -0.0000000021938913)
continue (2.0799999999999983 -0.0000000021937318)
continue (2.0899999999999981 -0.0000000021940555)
continue (2.0999999999999979 -0.0000000021946858)
continue (2.1099999999999977 -0.0000000021946755)
continue (2.1199999999999974 -0.0000000021947719)
continue (2.1299999999999972 -0.0000000021951281)
continue (2.1399999999999970 -0.0000000021957146)
continue (2.1499999999999968 -0.0000000021955352)
continue (2.1599999999999966 -0.0000000021956913)
continue (2.1699999999999964 -0.0000000021964180)
continue (2.1799999999999962 -0.0000000021963468)
continue (2.1899999999999959 -0.0000000021965439)
continue (2.1999999999999957 -0.0000000021965958)
continue (2.2099999999999955 -0.0000000021972759)
continue (2.2199999999999953 -0.0000000021970857)
continue (2.2299999999999951 -0.0000000021972913)
continue (2.2399999999999949 -0.0000000021975652)
continue (2.2499999999999947 -0.0000000021979397)
continue (2.2599999999999945 -0.0000000021978498)
continue (2.2699999999999942 -0.0000000021981907)
continue (2.2799999999999940 -0.0000000021984265)
continue (2.2899999999999938 -0.0000000021984718)
continue (2.2999999999999936 -0.0000000021985904)
continue (2.3099999999999934 -0.0000000021990215)
continue (2.3199999999999932 -0.0000000021991972)
continue (2.3299999999999930 -0.0000000021989487)
continue (2.3399999999999928 -0.0000000021994461)
continue (2.3499999999999925 -0.0000000021992190)
continue (2.3599999999999923 -0.0000000021997276)
continue (2.3699999999999921 -0.0000000021997918)
continue (2.3799999999999919 -0.0000000022000719)
continue (2.3899999999999917 -0.0000000021999441)
continue (2.3999999999999915 -0.0000000022001492)
continue (2.4099999999999913 -0.0000000022006150)
continue (2.4199999999999910 -0.0000000022006445)
continue (2.4299999999999908 -0.0000000022003475)
continue (2.4399999999999906 -0.0000000022006823)
continue (2.4499999999999904 -0.0000000022009385)
continue (2.4599999999999902 -0.0000000022011244)
continue (2.4699999999999900 -0.0000000022010690)
continue (2.4799999999999898 -0.0000000022011538)
continue (2.4899999999999896 -0.0000000022013799)
continue (2.4999999999999893 -0.0000000022018759)
continue (2.5099999999999891 -0.0000000022018329)
continue (2.5199999999999889 -0.0000000022018757)
continue (2.5299999999999887 -0.0000000022017660)
continue (2.5399999999999885 -0.0000000022021662)
continue (2.5499999999999883 -0.0000000022023361)
continue (2.5599999999999881 -0.0000000022024754)
continue (2.5699999999999878 -0.0000000022023437)
continue (2.5799999999999876 -0.0000000022026213)
continue (2.5899999999999874 -0.0000000022026562)
continue (2.5999999999999872 -0.0000000022029459)
continue (2.6099999999999870 -0.0000000022031236)
continue (2.6199999999999868 -0.0000000022030668)
continue (2.6299999999999866 -0.0000000022034311)
continue (2.6399999999999864 -0.0000000022034960)
continue (2.6499999999999861 -0.0000000022036912)
continue (2.6599999999999859 -0.0000000022039785)
continue (2.6699999999999857 -0.0000000022038198)
continue (2.6799999999999855 -0.0000000022041884)
continue (2.6899999999999853 -0.0000000022041317)
continue (2.6999999999999851 -0.0000000022046570)
continue (2.7099999999999849 -0.0000000022047364)
continue (2.7199999999999847 -0.0000000022047782)
continue (2.7299999999999844 -0.0000000022045948)
continue (2.7399999999999842 -0.0000000022051305)
continue (2.7499999999999840 -0.0000000022055980)
continue (2.7599999999999838 -0.0000000022054498)
continue (2.7699999999999836 -0.0000000022056711)
continue (2.7799999999999834 -0.0000000022056135)
continue (2.7899999999999832 -0.0000000022061053)
continue (2.7999999999999829 -0.0000000022064147)
continue (2.8099999999999827 -0.0000000022063035)
continue (2.8199999999999825 -0.0000000022066369)
continue (2.8299999999999823 -0.0000000022072856)
continue (2.8399999999999821 -0.0000000022069320)
continue (2.8499999999999819 -0.0000000022073310)
continue (2.8599999999999817 -0.0000000022074017)
continue (2.8699999999999815 -0.0000000022076237)
continue (2.8799999999999812 -0.0000000022081722)
continue (2.8899999999999810 -0.0000000022077897)
continue (2.8999999999999808 -0.0000000022081421)
continue (2.9099999999999806 -0.0000000022084883)
continue (2.9199999999999804 -0.0000000022088463)
continue (2.9299999999999802 -0.0000000022091752)
continue (2.9399999999999800 -0.0000000022094664)
continue (2.9499999999999797 -0.0000000022094023)
continue (2.9599999999999795 -0.0000000022096890)
continue (2.9699999999999793 -0.0000000022100566)
continue (2.9799999999999791 -0.0000000022101143)
continue (2.9899999999999789 -0.0000000022101913)
continue (2.9999999999999787 -0.0000000022104208)
continue (3.0099999999999785 -0.0000000022422359)
continue (3.0199999999999783 -0.0000000022432838)
continue (3.0299999999999780 -0.0000000022436267)
continue (3.0399999999999778 -0.0000000022437928)
continue (3.0499999999999776 -0.0000000022440724)
continue (3.0599999999999774 -0.0000000022444584)
continue (3.0699999999999772 -0.0000000022451615)
continue (3.0799999999999770 -0.0000000022460542)
continue (3.0899999999999768 -0.0000000022461192)
continue (3.0999999999999766 -0.0000000022464796)
continue (3.1099999999999763 -0.0000000022468873)
continue (3.1199999999999761 -0.0000000022474350)
continue (3.1299999999999759 -0.0000000022482251)
continue (3.1399999999999757 -0.0000000022484016)
continue (3.1499999999999755 -0.0000000022486926)
continue (3.1599999999999753 -0.0000000022492552)
continue (3.1699999999999751 -0.0000000022495503)
continue (3.1799999999999748 -0.0000000022502297)
continue (3.1899999999999746 -0.0000000022507274)
continue (3.1999999999999744 -0.0000000022506752)
continue (3.2099999999999742 -0.0000000022516641)
continue (3.2199999999999740 -0.0000000022521588)
continue (3.2299999999999738 -0.0000000022523494)
continue (3.2399999999999736 -0.0000000022532631)
continue (3.2499999999999734 -0.0000000022532445)
continue (3.2599999999999731 -0.0000000022536565)
continue (3.2699999999999729 -0.0000000022545661)
continue (3.2799999999999727 -0.0000000022550421)
continue (3.2899999999999725 -0.0000000022551731)
continue (3.2999999999999723 -0.0000000022560175)
continue (3.3099999999999721 -0.0000000022561079)
continue (3.3199999999999719 -0.0000000022564632)
continue (3.3299999999999716 -0.0000000022572601)
continue (3.3399999999999714 -0.0000000022574820)
continue (3.3499999999999712 -0.0000000022579106)
continue (3.3599999999999710 -0.0000000022589752)
continue (3.3699999999999708 -0.0000000022594020)
continue (3.3799999999999706 -0.0000000022597651)
continue (3.3899999999999704 -0.0000000022600425)
continue (3.3999999999999702 -0.0000000022603966)
continue (3.4099999999999699 -0.0000000022608283)
continue (3.4199999999999697 -0.0000000022616375)
continue (3.4299999999999695 -0.0000000022621752)
continue (3.4399999999999693 -0.0000000022628655)
continue (3.4499999999999691 -0.0000000022629791)
continue (3.4599999999999689 -0.0000000022631608)
continue (3.4699999999999687 -0.0000000022636166)
continue (3.4799999999999685 -0.0000000022639838)
continue (3.4899999999999682 -0.0000000022649341)
continue (3.4999999999999680 -0.0000000022658319)
continue (3.5099999999999678 -0.0000000022659528)
continue (3.5199999999999676 -0.0000000022660068)
continue (3.5299999999999674 -0.0000000022667704)
continue (3.5399999999999672 -0.0000000022668674)
continue (3.5499999999999670 -0.0000000022674478)
continue (3.5599999999999667 -0.0000000022667808)
continue (3.5699999999999665 -0.0000000022670979)
continue (3.5799999999999663 -0.0000000022663538)
continue (3.5899999999999661 -0.0000000022671238)
continue (3.5999999999999659 -0.0000000022679509)
continue (3.6099999999999657 -0.0000000022681427)
continue (3.6199999999999655 -0.0000000022686913)
continue (3.6299999999999653 -0.0000000022701514)
continue (3.6399999999999650 -0.0000000022689324)
continue (3.6499999999999648 -0.0000000022699290)
continue (3.6599999999999646 -0.0000000022707929)
continue (3.6699999999999644 -0.0000000022712370)
continue (3.6799999999999642 -0.0000000022716266)
continue (3.6899999999999640 -0.0000000022723632)
continue (3.6999999999999638 -0.0000000022737370)
continue (3.7099999999999635 -0.0000000022721681)
continue (3.7199999999999633 -0.0000000022732899)
continue (3.7299999999999631 -0.0000000022741883)
continue (3.7399999999999629 -0.0000000022745920)
continue (3.7499999999999627 -0.0000000022746929)
continue (3.7599999999999625 -0.0000000022743487)
continue (3.7699999999999623 -0.0000000022761169)
continue (3.7799999999999621 -0.0000000022740179)
continue (3.7899999999999618 -0.0000000022750713)
continue (3.7999999999999616 -0.0000000022761442)
continue (3.8099999999999614 -0.0000000022769328)
continue (3.8199999999999612 -0.0000000022768639)
continue (3.8299999999999610 -0.0000000022775846)
continue (3.8399999999999608 -0.0000000022786122)
continue (3.8499999999999606 -0.0000000022760966)
continue (3.8599999999999604 -0.0000000022770880)
continue (3.8699999999999601 -0.0000000022781662)
continue (3.8799999999999599 -0.0000000022791971)
continue (3.8899999999999597 -0.0000000022794629)
continue (3.8999999999999595 -0.0000000022800913)
continue (3.9099999999999593 -0.0000000022810837)
continue (3.9199999999999591 -0.0000000022821413)
continue (3.9299999999999589 -0.0000000022790107)
continue (3.9399999999999586 -0.0000000022801787)
continue (3.9499999999999584 -0.0000000022812727)
continue (3.9599999999999582 -0.0000000022823153)
continue (3.9699999999999580 -0.0000000022831166)
continue (3.9799999999999578 -0.0000000022838427)
continue (3.9899999999999576 -0.0000000022850242)
continue (4.0099999999999998 -0.0000000022822501)
continue (4.5099999999999998 -0.0000000023091486)
continue (5.0099999999999998 -0.0000000023163395)
continue (5.5099999999999998 -0.0000000023222801)
continue (6.0099999999999998 -0.0000000023278726)
continue (6.5099999999999998 -0.0000000023331193)
continue (7.0099999999999998 -0.0000000023380933)
continue (7.5099999999999998 -0.0000000023427422)
continue (8.0099999999999998 -0.0000000023470705)
continue (8.5099999999999998 -0.0000000023511344)
continue (9.0099999999999998 -0.0000000023549529)
continue (9.5099999999999998 -0.0000000023585589)
continue (10.0000000000000000 -0.0000000023619136)
continue (10.0099999999999998 -0.0000000023619804)
continue (15.0000000000000000 -0.0000000023881742)
continue (20.0000000000000000 -0.0000000023977055)
continue (25.0000000000000000 -0.0000000024029782)
continue (30.0000000000000000 -0.0000000024078141)
continue (35.0000000000000000 -0.0000000024117050)
continue (40.0000000000000000 -0.0000000024144555)
continue (45.0000000000000000 -0.0000000024160890)
continue (50.0000000000000000 -0.0000000024170985)
continue (55.0000000000000000 -0.0000000024180483)
continue (60.0000000000000000 -0.0000000024189430)
continue (65.0000000000000000 -0.0000000024197852)
continue (70.0000000000000000 -0.0000000024205789)
continue (75.0000000000000000 -0.0000000024213283)
continue (80.0000000000000000 -0.0000000024220377)
continue (85.0000000000000000 -0.0000000024227108)
continue (90.0000000000000000 -0.0000000024233511)
continue (95.0000000000000000 -0.0000000024239616)
continue (100.0000000000000000 -0.0000000024245451)
continue (110.0000000000000000 -0.0000000024256401)
continue (120.0000000000000000 -0.0000000024266521)
continue (130.0000000000000000 -0.0000000024275937)
continue (140.0000000000000000 -0.0000000024284748)
continue (150.0000000000000000 -0.0000000024293036)
continue (160.0000000000000000 -0.0000000024300866)
continue (170.0000000000000000 -0.0000000024308293)
continue (180.0000000000000000 -0.0000000024315361)
continue (190.0000000000000000 -0.0000000024322111)
continue (200.0000000000000000 -0.0000000024328572)
continue (210.0000000000000000 -0.0000000024334775)
continue (220.0000000000000000 -0.0000000024340741)
continue (230.0000000000000000 -0.0000000024346493)
continue (240.0000000000000000 -0.0000000024352048)
continue (250.0000000000000000 -0.0000000024357423)
continue (260.0000000000000000 -0.0000000024362631)
continue (270.0000000000000000 -0.0000000024367685)
continue (280.0000000000000000 -0.0000000024372596)
continue (290.0000000000000000 -0.0000000024377374)
continue (300.0000000000000000 -0.0000000024382028)
continue (310.0000000000000000 -0.0000000024386566)
continue (320.0000000000000000 -0.0000000024390996)
continue (330.0000000000000000 -0.0000000024395324)
continue (340.0000000000000000 -0.0000000024399557)
continue (350.0000000000000000 -0.0000000024403699)
continue (360.0000000000000000 -0.0000000024407755)
continue (370.0000000000000000 -0.0000000024411732)
continue (380.0000000000000000 -0.0000000024415632)
continue (390.0000000000000000 -0.0000000024419460)
continue (400.0000000000000000 -0.0000000024423219)
continue (410.0000000000000000 -0.0000000024426913)
continue (420.0000000000000000 -0.0000000024430545)
continue (430.0000000000000000 -0.0000000024434117)
continue (440.0000000000000000 -0.0000000024437634)
continue (450.0000000000000000 -0.0000000024441096)
continue (460.0000000000000000 -0.0000000024444507)
continue (470.0000000000000000 -0.0000000024447868)
continue (480.0000000000000000 -0.0000000024451182)
continue (490.0000000000000000 -0.0000000024454451)
continue (500.0000000000000000 -0.0000000024457676)
continue (510.0000000000000000 -0.0000000024460859)
continue (520.0000000000000000 -0.0000000024464002)
continue (530.0000000000000000 -0.0000000024467107)
continue (540.0000000000000000 -0.0000000024470174)
continue (550.0000000000000000 -0.0000000024473205)
continue (560.0000000000000000 -0.0000000024476202)
continue (570.0000000000000000 -0.0000000024479166)
continue (580.0000000000000000 -0.0000000024482097)
continue (590.0000000000000000 -0.0000000024484997)
continue (600.0000000000000000 -0.0000000024487867)
continue (610.0000000000000000 -0.0000000024490709)
continue (620.0000000000000000 -0.0000000024493522)
continue (630.0000000000000000 -0.0000000024496307)
continue (640.0000000000000000 -0.0000000024499067)
continue (650.0000000000000000 -0.0000000024501800)
continue (660.0000000000000000 -0.0000000024504509)
continue (670.0000000000000000 -0.0000000024507194)
continue (680.0000000000000000 -0.0000000024509856)
continue (690.0000000000000000 -0.0000000024512495)
continue (700.0000000000000000 -0.0000000024515112)
continue (710.0000000000000000 -0.0000000024517708)
continue (720.0000000000000000 -0.0000000024520282)
continue (730.0000000000000000 -0.0000000024522837)
continue (740.0000000000000000 -0.0000000024525372)
continue (750.0000000000000000 -0.0000000024527888)
continue (760.0000000000000000 -0.0000000024530385)
continue (770.0000000000000000 -0.0000000024532864)
continue (780.0000000000000000 -0.0000000024535325)
continue (790.0000000000000000 -0.0000000024537769)
continue (800.0000000000000000 -0.0000000024540196)
continue (810.0000000000000000 -0.0000000024542607)
continue (820.0000000000000000 -0.0000000024545002)
continue (830.0000000000000000 -0.0000000024547381)
continue (840.0000000000000000 -0.0000000024549745)
continue (850.0000000000000000 -0.0000000024552094)
continue (860.0000000000000000 -0.0000000024554429)
continue (870.0000000000000000 -0.0000000024556749)
continue (880.0000000000000000 -0.0000000024559056)
continue (890.0000000000000000 -0.0000000024561349)
continue (900.0000000000000000 -0.0000000024563628)
continue (910.0000000000000000 -0.0000000024565895)
continue (920.0000000000000000 -0.0000000024568149)
continue (930.0000000000000000 -0.0000000024570390)
continue (940.0000000000000000 -0.0000000024572620)
continue (950.0000000000000000 -0.0000000024574837)
continue (960.0000000000000000 -0.0000000024577043)
continue (970.0000000000000000 -0.0000000024579237)
continue (980.0000000000000000 -0.0000000024581421)
continue (990.0000000000000000 -0.0000000024583593)
continue (1000.0000000000000000 -0.0000000024585754)
continue (1200.0000000000000000 -0.0000000024627014)
continue (1400.0000000000000000 -0.0000000024665294)
continue (1600.0000000000000000 -0.0000000024701382)
continue (1800.0000000000000000 -0.0000000024735787)
continue (2000.0000000000000000 -0.0000000024768857)
continue (2200.0000000000000000 -0.0000000024800838)
continue (2400.0000000000000000 -0.0000000024831915)
continue (2600.0000000000000000 -0.0000000024862224)
continue (2800.0000000000000000 -0.0000000024891874)
continue (3000.0000000000000000 -0.0000000024920948)
continue (3200.0000000000000000 -0.0000000024949511)
continue (3400.0000000000000000 -0.0000000024977612)
continue (3600.0000000000000000 -0.0000000025005289)
continue (3800.0000000000000000 -0.0000000025032571)
continue (4000.0000000000000000 -0.0000000025059474)
continue (4200.0000000000000000 -0.0000000025086009)
continue (4400.0000000000000000 -0.0000000025112178)
continue (4600.0000000000000000 -0.0000000025137978)
continue (4800.0000000000000000 -0.0000000025163397)
continue (5000.0000000000000000 -0.0000000025188423)
continue (5200.0000000000000000 -0.0000000025213037)
continue (5400.0000000000000000 -0.0000000025237217)
continue (5600.0000000000000000 -0.0000000025260938)
continue (5800.0000000000000000 -0.0000000025284174)
continue (6000.0000000000000000 -0.0000000025306898)
continue (6200.0000000000000000 -0.0000000025329082)
continue (6400.0000000000000000 -0.0000000025350697)
continue (6600.0000000000000000 -0.0000000025371720)
continue (6800.0000000000000000 -0.0000000025392124)
continue (7000.0000000000000000 -0.0000000025411925)
continue (7200.0000000000000000 -0.0000000025431164)
continue (7400.0000000000000000 -0.0000000025449870)
continue (7600.0000000000000000 -0.0000000025468074)
continue (7800.0000000000000000 -0.0000000025485800)
continue (8000.0000000000000000 -0.0000000025503073)
continue (8200.0000000000000000 -0.0000000025519915)
continue (8400.0000000000000000 -0.0000000025536348)
continue (8600.0000000000000000 -0.0000000025552390)
continue (8800.0000000000000000 -0.0000000025568060)
continue (9000.0000000000000000 -0.0000000025583374)
continue (9200.0000000000000000 -0.0000000025598349)
continue (9400.0000000000000000 -0.0000000025612998)
continue (9600.0000000000000000 -0.0000000025627335)
continue (9800.0000000000000000 -0.0000000025641374)
continue (10000.0000000000000000 -0.0000000025655126)
continue (10200.0000000000000000 -0.0000000025668603)
continue (10400.0000000000000000 -0.0000000025681816)
continue (10600.0000000000000000 -0.0000000025694774)
continue (10800.0000000000000000 -0.0000000025707487)
continue (11000.0000000000000000 -0.0000000025719965)
continue (11500.0000000000000000 -0.0000000025750181)
continue (12000.0000000000000000 -0.0000000025779098)
continue (12500.0000000000000000 -0.0000000025806820)
continue (13000.0000000000000000 -0.0000000025833442)
continue (13500.0000000000000000 -0.0000000025859048)
continue (14000.0000000000000000 -0.0000000025883711)
continue (14500.0000000000000000 -0.0000000025907498)
continue (15000.0000000000000000 -0.0000000025930468)
continue (15500.0000000000000000 -0.0000000025952675)
continue (16000.0000000000000000 -0.0000000025974169)
continue (16500.0000000000000000 -0.0000000025994992)
continue (17000.0000000000000000 -0.0000000026015185)
continue (17500.0000000000000000 -0.0000000026034785)
continue (18000.0000000000000000 -0.0000000026053826)
continue (18500.0000000000000000 -0.0000000026072337)
continue (19000.0000000000000000 -0.0000000026090348)
continue (19500.0000000000000000 -0.0000000026107884)
continue (20000.0000000000000000 -0.0000000026124970)
continue (20500.0000000000000000 -0.0000000026141628)
continue (21000.0000000000000000 -0.0000000026157878)
continue (21500.0000000000000000 -0.0000000026173741)
continue (22000.0000000000000000 -0.0000000026189233)
continue (22500.0000000000000000 -0.0000000026204372)
continue (23000.0000000000000000 -0.0000000026219173)
continue (23500.0000000000000000 -0.0000000026233650)
continue (24000.0000000000000000 -0.0000000026247818)
continue (24500.0000000000000000 -0.0000000026261690)
continue (25000.0000000000000000 -0.0000000026275276)
continue (25500.0000000000000000 -0.0000000026288589)
continue (26000.0000000000000000 -0.0000000026301640)
continue (26500.0000000000000000 -0.0000000026314437)
continue (27000.0000000000000000 -0.0000000026326992)
continue (27500.0000000000000000 -0.0000000026339312)
continue (28000.0000000000000000 -0.0000000026351407)
continue (28500.0000000000000000 -0.0000000026363283)
continue (29000.0000000000000000 -0.0000000026374950)
continue (29500.0000000000000000 -0.0000000026386414)
continue (30000.0000000000000000 -0.0000000026397682)
continue (30500.0000000000000000 -0.0000000026408760)
continue (31000.0000000000000000 -0.0000000026419655)
continue (31500.0000000000000000 -0.0000000026430372)
continue (32000.0000000000000000 -0.0000000026440918)
continue (32500.0000000000000000 -0.0000000026451297)
continue (33000.0000000000000000 -0.0000000026461515)
continue (33500.0000000000000000 -0.0000000026471577)
continue (34000.0000000000000000 -0.0000000026481486)
continue (34500.0000000000000000 -0.0000000026491248)
continue (35000.0000000000000000 -0.0000000026500867)
continue (35500.0000000000000000 -0.0000000026510348)
continue (36000.0000000000000000 -0.0000000026519693)
continue (36500.0000000000000000 -0.0000000026528906)
continue (37000.0000000000000000 -0.0000000026537992)
continue (37500.0000000000000000 -0.0000000026546954)
continue (38000.0000000000000000 -0.0000000026555794)
continue (38500.0000000000000000 -0.0000000026564517)
continue (39000.0000000000000000 -0.0000000026573125)
continue (39500.0000000000000000 -0.0000000026581621)
continue (40000.0000000000000000 -0.0000000026590008)
continue (40500.0000000000000000 -0.0000000026598289)
continue (41000.0000000000000000 -0.0000000026606466)
continue (41500.0000000000000000 -0.0000000026614543)
continue (42000.0000000000000000 -0.0000000026622520)
continue (42500.0000000000000000 -0.0000000026630401)
continue (43000.0000000000000000 -0.0000000026638188)
continue (43500.0000000000000000 -0.0000000026645883)
continue (44000.0000000000000000 -0.0000000026653489)
continue (44500.0000000000000000 -0.0000000026661006)
continue (45000.0000000000000000 -0.0000000026668438)
continue (45500.0000000000000000 -0.0000000026675786)
continue (46000.0000000000000000 -0.0000000026683052)
continue (46500.0000000000000000 -0.0000000026690238)
continue (47000.0000000000000000 -0.0000000026697346)
continue (47500.0000000000000000 -0.0000000026704376)
continue (48000.0000000000000000 -0.0000000026711332)
continue (48500.0000000000000000 -0.0000000026718213)
continue (49000.0000000000000000 -0.0000000026725023)
continue (49500.0000000000000000 -0.0000000026731762)
continue (50000.0000000000000000 -0.0000000026738432)
continue (50500.0000000000000000 -0.0000000026745033)
continue (51000.0000000000000000 -0.0000000026751569)
continue (51500.0000000000000000 -0.0000000026758039)
continue (52000.0000000000000000 -0.0000000026764445)
continue (52500.0000000000000000 -0.0000000026770789)
continue (53000.0000000000000000 -0.0000000026777071)
continue (53500.0000000000000000 -0.0000000026783293)
continue (54000.0000000000000000 -0.0000000026789456)
continue (54500.0000000000000000 -0.0000000026795561)
continue (55000.0000000000000000 -0.0000000026801608)
continue (55500.0000000000000000 -0.0000000026807600)
continue (56000.0000000000000000 -0.0000000026813536)
continue (56500.0000000000000000 -0.0000000026819419)
continue (57000.0000000000000000 -0.0000000026825249)
continue (57500.0000000000000000 -0.0000000026831026)
continue (58000.0000000000000000 -0.0000000026836752)
continue (58500.0000000000000000 -0.0000000026842429)
continue (59000.0000000000000000 -0.0000000026848055)
continue (59500.0000000000000000 -0.0000000026853633)
continue (60000.0000000000000000 -0.0000000026859163)
continue (60500.0000000000000000 -0.0000000026864647)
continue (61000.0000000000000000 -0.0000000026870084)
continue (61500.0000000000000000 -0.0000000026875475)
continue (62000.0000000000000000 -0.0000000026880822)
continue (62500.0000000000000000 -0.0000000026886125)
continue (63000.0000000000000000 -0.0000000026891385)
continue (63500.0000000000000000 -0.0000000026896602)
continue (64000.0000000000000000 -0.0000000026901777)
continue (64500.0000000000000000 -0.0000000026906911)
continue (65000.0000000000000000 -0.0000000026912004)
continue (65500.0000000000000000 -0.0000000026917057)
continue (66000.0000000000000000 -0.0000000026922071)
continue (66500.0000000000000000 -0.0000000026927046)
continue (67000.0000000000000000 -0.0000000026931983)
continue (67500.0000000000000000 -0.0000000026936882)
continue (68000.0000000000000000 -0.0000000026941745)
continue (68500.0000000000000000 -0.0000000026946571)
continue (69000.0000000000000000 -0.0000000026951360)
continue (69500.0000000000000000 -0.0000000026956115)
continue (70000.0000000000000000 -0.0000000026960834)
continue (70500.0000000000000000 -0.0000000026965519)
continue (71000.0000000000000000 -0.0000000026970170)
continue (71500.0000000000000000 -0.0000000026974788)
continue (72000.0000000000000000 -0.0000000026979372)
continue (72500.0000000000000000 -0.0000000026983924)
continue (73000.0000000000000000 -0.0000000026988444)
continue (73500.0000000000000000 -0.0000000026992932)
continue (74000.0000000000000000 -0.0000000026997389)
continue (74500.0000000000000000 -0.0000000027001816)
continue (75245.0000000000000000 -0.0000000050000000)
continue (7354000.0000000000000000 -0.0000000050000000)
f(nu) = -20.1904944572821847 at 1.0000000000000000 Ryd
