# Faucher-Giguere 2019 
# z = 2.548134
# E [Ryd] log (J_nu)
interpolate (0.0000000100100000 -0.0000000050000000)
continue (0.0990000000000000 -0.0000000050000000)
continue (0.1000000000000000 -0.0000000018750627)
continue (0.1500000000000000 -0.0000000018857992)
continue (0.2000000000000000 -0.0000000018999200)
continue (0.2500000000000001 -0.0000000019163693)
continue (0.3000000000000000 -0.0000000019172240)
continue (0.3500000000000001 -0.0000000019164361)
continue (0.4000000000000001 -0.0000000019159366)
continue (0.4500000000000001 -0.0000000019162664)
continue (0.5000000000000001 -0.0000000019168162)
continue (0.5500000000000002 -0.0000000019184550)
continue (0.6000000000000002 -0.0000000019186716)
continue (0.6500000000000001 -0.0000000019207737)
continue (0.7000000000000002 -0.0000000019241697)
continue (0.7500000000000002 -0.0000000019555744)
continue (0.8000000000000002 -0.0000000019688134)
continue (0.8500000000000002 -0.0000000019813328)
continue (0.9000000000000002 -0.0000000020025620)
continue (0.9500000000000003 -0.0000000020352198)
continue (1.0100000000000000 -0.0000000021417286)
continue (1.0600000000000001 -0.0000000021462735)
continue (1.1100000000000001 -0.0000000021502313)
continue (1.1600000000000001 -0.0000000021541672)
continue (1.2100000000000002 -0.0000000021554675)
continue (1.2600000000000002 -0.0000000021579169)
continue (1.3100000000000003 -0.0000000021609264)
continue (1.3600000000000003 -0.0000000021625317)
continue (1.4100000000000004 -0.0000000021648496)
continue (1.4600000000000004 -0.0000000021688475)
continue (1.5100000000000005 -0.0000000021686525)
continue (1.5600000000000005 -0.0000000021727368)
continue (1.6100000000000005 -0.0000000021749045)
continue (1.6600000000000006 -0.0000000021770914)
continue (1.7100000000000006 -0.0000000021789625)
continue (1.7600000000000007 -0.0000000021807343)
continue (1.8100000000000007 -0.0000000021831340)
continue (1.8600000000000008 -0.0000000021862591)
continue (1.9100000000000008 -0.0000000021884642)
continue (1.9600000000000009 -0.0000000021907190)
continue (2.0000000000000000 -0.0000000021924464)
continue (2.0099999999999998 -0.0000000021920030)
continue (2.0199999999999996 -0.0000000021939799)
continue (2.0299999999999994 -0.0000000021937701)
continue (2.0399999999999991 -0.0000000021936936)
continue (2.0499999999999989 -0.0000000021942828)
continue (2.0599999999999987 -0.0000000021944202)
continue (2.0699999999999985 -0.0000000021945068)
continue (2.0799999999999983 -0.0000000021953105)
continue (2.0899999999999981 -0.0000000021949815)
continue (2.0999999999999979 -0.0000000021953036)
continue (2.1099999999999977 -0.0000000021970910)
continue (2.1199999999999974 -0.0000000021951573)
continue (2.1299999999999972 -0.0000000021968420)
continue (2.1399999999999970 -0.0000000021980463)
continue (2.1499999999999968 -0.0000000021961645)
continue (2.1599999999999966 -0.0000000021980306)
continue (2.1699999999999964 -0.0000000021992659)
continue (2.1799999999999962 -0.0000000021974679)
continue (2.1899999999999959 -0.0000000021986454)
continue (2.1999999999999957 -0.0000000021997339)
continue (2.2099999999999955 -0.0000000021984054)
continue (2.2199999999999953 -0.0000000021987815)
continue (2.2299999999999951 -0.0000000022005110)
continue (2.2399999999999949 -0.0000000021993242)
continue (2.2499999999999947 -0.0000000021997037)
continue (2.2599999999999945 -0.0000000022009490)
continue (2.2699999999999942 -0.0000000021993144)
continue (2.2799999999999940 -0.0000000022003961)
continue (2.2899999999999938 -0.0000000022017292)
continue (2.2999999999999936 -0.0000000021994084)
continue (2.3099999999999934 -0.0000000022011467)
continue (2.3199999999999932 -0.0000000022022337)
continue (2.3299999999999930 -0.0000000021991482)
continue (2.3399999999999928 -0.0000000022011563)
continue (2.3499999999999925 -0.0000000022023645)
continue (2.3599999999999923 -0.0000000021992106)
continue (2.3699999999999921 -0.0000000022010949)
continue (2.3799999999999919 -0.0000000022018858)
continue (2.3899999999999917 -0.0000000021992562)
continue (2.3999999999999915 -0.0000000022004972)
continue (2.4099999999999913 -0.0000000022010932)
continue (2.4199999999999910 -0.0000000021992888)
continue (2.4299999999999908 -0.0000000021996782)
continue (2.4399999999999906 -0.0000000022006191)
continue (2.4499999999999904 -0.0000000021993181)
continue (2.4599999999999902 -0.0000000021988542)
continue (2.4699999999999900 -0.0000000022007045)
continue (2.4799999999999898 -0.0000000021989786)
continue (2.4899999999999896 -0.0000000021986678)
continue (2.4999999999999893 -0.0000000021998969)
continue (2.5099999999999891 -0.0000000021989560)
continue (2.5199999999999889 -0.0000000021986482)
continue (2.5299999999999887 -0.0000000021980777)
continue (2.5399999999999885 -0.0000000021990113)
continue (2.5499999999999883 -0.0000000021977659)
continue (2.5599999999999881 -0.0000000021972689)
continue (2.5699999999999878 -0.0000000021984766)
continue (2.5799999999999876 -0.0000000021972831)
continue (2.5899999999999874 -0.0000000021965091)
continue (2.5999999999999872 -0.0000000021966385)
continue (2.6099999999999870 -0.0000000021967850)
continue (2.6199999999999868 -0.0000000021958249)
continue (2.6299999999999866 -0.0000000021954820)
continue (2.6399999999999864 -0.0000000021958520)
continue (2.6499999999999861 -0.0000000021955379)
continue (2.6599999999999859 -0.0000000021954748)
continue (2.6699999999999857 -0.0000000021944909)
continue (2.6799999999999855 -0.0000000021945714)
continue (2.6899999999999853 -0.0000000021944507)
continue (2.6999999999999851 -0.0000000021935171)
continue (2.7099999999999849 -0.0000000021936949)
continue (2.7199999999999847 -0.0000000021934581)
continue (2.7299999999999844 -0.0000000021934871)
continue (2.7399999999999842 -0.0000000021924763)
continue (2.7499999999999840 -0.0000000021923286)
continue (2.7599999999999838 -0.0000000021923837)
continue (2.7699999999999836 -0.0000000021917044)
continue (2.7799999999999834 -0.0000000021913743)
continue (2.7899999999999832 -0.0000000021913142)
continue (2.7999999999999829 -0.0000000021916548)
continue (2.8099999999999827 -0.0000000021908521)
continue (2.8199999999999825 -0.0000000021903335)
continue (2.8299999999999823 -0.0000000021905109)
continue (2.8399999999999821 -0.0000000021904830)
continue (2.8499999999999819 -0.0000000021896620)
continue (2.8599999999999817 -0.0000000021890799)
continue (2.8699999999999815 -0.0000000021897331)
continue (2.8799999999999812 -0.0000000021886891)
continue (2.8899999999999810 -0.0000000021881545)
continue (2.8999999999999808 -0.0000000021879575)
continue (2.9099999999999806 -0.0000000021884417)
continue (2.9199999999999804 -0.0000000021872079)
continue (2.9299999999999802 -0.0000000021870152)
continue (2.9399999999999800 -0.0000000021868399)
continue (2.9499999999999797 -0.0000000021867270)
continue (2.9599999999999795 -0.0000000021857885)
continue (2.9699999999999793 -0.0000000021860527)
continue (2.9799999999999791 -0.0000000021857163)
continue (2.9899999999999789 -0.0000000021853334)
continue (2.9999999999999787 -0.0000000021858297)
continue (3.0099999999999785 -0.0000000022422269)
continue (3.0199999999999783 -0.0000000022421670)
continue (3.0299999999999780 -0.0000000022413350)
continue (3.0399999999999778 -0.0000000022428190)
continue (3.0499999999999776 -0.0000000022439179)
continue (3.0599999999999774 -0.0000000022442410)
continue (3.0699999999999772 -0.0000000022433317)
continue (3.0799999999999770 -0.0000000022463106)
continue (3.0899999999999768 -0.0000000022461540)
continue (3.0999999999999766 -0.0000000022473374)
continue (3.1099999999999763 -0.0000000022459197)
continue (3.1199999999999761 -0.0000000022486791)
continue (3.1299999999999759 -0.0000000022478078)
continue (3.1399999999999757 -0.0000000022494132)
continue (3.1499999999999755 -0.0000000022482703)
continue (3.1599999999999753 -0.0000000022502792)
continue (3.1699999999999751 -0.0000000022503425)
continue (3.1799999999999748 -0.0000000022510313)
continue (3.1899999999999746 -0.0000000022514033)
continue (3.1999999999999744 -0.0000000022527440)
continue (3.2099999999999742 -0.0000000022531722)
continue (3.2199999999999740 -0.0000000022538108)
continue (3.2299999999999738 -0.0000000022541666)
continue (3.2399999999999736 -0.0000000022558662)
continue (3.2499999999999734 -0.0000000022564278)
continue (3.2599999999999731 -0.0000000022566140)
continue (3.2699999999999729 -0.0000000022576000)
continue (3.2799999999999727 -0.0000000022593043)
continue (3.2899999999999725 -0.0000000022605020)
continue (3.2999999999999723 -0.0000000022600203)
continue (3.3099999999999721 -0.0000000022597317)
continue (3.3199999999999719 -0.0000000022609018)
continue (3.3299999999999716 -0.0000000022632015)
continue (3.3399999999999714 -0.0000000022642953)
continue (3.3499999999999712 -0.0000000022636834)
continue (3.3599999999999710 -0.0000000022650225)
continue (3.3699999999999708 -0.0000000022680102)
continue (3.3799999999999706 -0.0000000022682855)
continue (3.3899999999999704 -0.0000000022683244)
continue (3.3999999999999702 -0.0000000022677114)
continue (3.4099999999999699 -0.0000000022696318)
continue (3.4199999999999697 -0.0000000022721772)
continue (3.4299999999999695 -0.0000000022729782)
continue (3.4399999999999693 -0.0000000022716657)
continue (3.4499999999999691 -0.0000000022712586)
continue (3.4599999999999689 -0.0000000022762359)
continue (3.4699999999999687 -0.0000000022761980)
continue (3.4799999999999685 -0.0000000022768038)
continue (3.4899999999999682 -0.0000000022746942)
continue (3.4999999999999680 -0.0000000022766315)
continue (3.5099999999999678 -0.0000000022816936)
continue (3.5199999999999676 -0.0000000022815662)
continue (3.5299999999999674 -0.0000000022814016)
continue (3.5399999999999672 -0.0000000022800087)
continue (3.5499999999999670 -0.0000000022822707)
continue (3.5599999999999667 -0.0000000022742677)
continue (3.5699999999999665 -0.0000000022743548)
continue (3.5799999999999663 -0.0000000022748667)
continue (3.5899999999999661 -0.0000000022757145)
continue (3.5999999999999659 -0.0000000022766582)
continue (3.6099999999999657 -0.0000000022771747)
continue (3.6199999999999655 -0.0000000022781668)
continue (3.6299999999999653 -0.0000000022802135)
continue (3.6399999999999650 -0.0000000022816849)
continue (3.6499999999999648 -0.0000000022812704)
continue (3.6599999999999646 -0.0000000022820607)
continue (3.6699999999999644 -0.0000000022831464)
continue (3.6799999999999642 -0.0000000022845588)
continue (3.6899999999999640 -0.0000000022856603)
continue (3.6999999999999638 -0.0000000022862314)
continue (3.7099999999999635 -0.0000000022864704)
continue (3.7199999999999633 -0.0000000022875727)
continue (3.7299999999999631 -0.0000000022887784)
continue (3.7399999999999629 -0.0000000022898654)
continue (3.7499999999999627 -0.0000000022898286)
continue (3.7599999999999625 -0.0000000022846116)
continue (3.7699999999999623 -0.0000000022858337)
continue (3.7799999999999621 -0.0000000022870430)
continue (3.7899999999999618 -0.0000000022880663)
continue (3.7999999999999616 -0.0000000022891949)
continue (3.8099999999999614 -0.0000000022886342)
continue (3.8199999999999612 -0.0000000022895828)
continue (3.8299999999999610 -0.0000000022920119)
continue (3.8399999999999608 -0.0000000022876325)
continue (3.8499999999999606 -0.0000000022886866)
continue (3.8599999999999604 -0.0000000022886451)
continue (3.8699999999999601 -0.0000000022891402)
continue (3.8799999999999599 -0.0000000022917552)
continue (3.8899999999999597 -0.0000000022913112)
continue (3.8999999999999595 -0.0000000022888860)
continue (3.9099999999999593 -0.0000000022899597)
continue (3.9199999999999591 -0.0000000022902177)
continue (3.9299999999999589 -0.0000000022918729)
continue (3.9399999999999586 -0.0000000022945261)
continue (3.9499999999999584 -0.0000000022912801)
continue (3.9599999999999582 -0.0000000022931086)
continue (3.9699999999999580 -0.0000000022937291)
continue (3.9799999999999578 -0.0000000022941086)
continue (3.9899999999999576 -0.0000000022970957)
continue (4.0099999999999998 -0.0000000022955313)
continue (4.5099999999999998 -0.0000000023478834)
continue (5.0099999999999998 -0.0000000023553357)
continue (5.5099999999999998 -0.0000000023590542)
continue (6.0099999999999998 -0.0000000023628476)
continue (6.5099999999999998 -0.0000000023659723)
continue (7.0099999999999998 -0.0000000023698025)
continue (7.5099999999999998 -0.0000000023736888)
continue (8.0099999999999998 -0.0000000023770968)
continue (8.5099999999999998 -0.0000000023803295)
continue (9.0099999999999998 -0.0000000023833053)
continue (9.5099999999999998 -0.0000000023860881)
continue (10.0000000000000000 -0.0000000023886385)
continue (10.0099999999999998 -0.0000000023886892)
continue (15.0000000000000000 -0.0000000024093821)
continue (20.0000000000000000 -0.0000000024168028)
continue (25.0000000000000000 -0.0000000024190463)
continue (30.0000000000000000 -0.0000000024223992)
continue (35.0000000000000000 -0.0000000024258337)
continue (40.0000000000000000 -0.0000000024286256)
continue (45.0000000000000000 -0.0000000024302067)
continue (50.0000000000000000 -0.0000000024309437)
continue (55.0000000000000000 -0.0000000024317070)
continue (60.0000000000000000 -0.0000000024324710)
continue (65.0000000000000000 -0.0000000024332186)
continue (70.0000000000000000 -0.0000000024339420)
continue (75.0000000000000000 -0.0000000024346380)
continue (80.0000000000000000 -0.0000000024353056)
continue (85.0000000000000000 -0.0000000024359454)
continue (90.0000000000000000 -0.0000000024365587)
continue (95.0000000000000000 -0.0000000024371468)
continue (100.0000000000000000 -0.0000000024377113)
continue (110.0000000000000000 -0.0000000024387759)
continue (120.0000000000000000 -0.0000000024397641)
continue (130.0000000000000000 -0.0000000024406861)
continue (140.0000000000000000 -0.0000000024415505)
continue (150.0000000000000000 -0.0000000024423644)
continue (160.0000000000000000 -0.0000000024431338)
continue (170.0000000000000000 -0.0000000024438638)
continue (180.0000000000000000 -0.0000000024445588)
continue (190.0000000000000000 -0.0000000024452222)
continue (200.0000000000000000 -0.0000000024458573)
continue (210.0000000000000000 -0.0000000024464668)
continue (220.0000000000000000 -0.0000000024470529)
continue (230.0000000000000000 -0.0000000024476177)
continue (240.0000000000000000 -0.0000000024481630)
continue (250.0000000000000000 -0.0000000024486903)
continue (260.0000000000000000 -0.0000000024492011)
continue (270.0000000000000000 -0.0000000024496965)
continue (280.0000000000000000 -0.0000000024501777)
continue (290.0000000000000000 -0.0000000024506457)
continue (300.0000000000000000 -0.0000000024511013)
continue (310.0000000000000000 -0.0000000024515454)
continue (320.0000000000000000 -0.0000000024519787)
continue (330.0000000000000000 -0.0000000024524018)
continue (340.0000000000000000 -0.0000000024528154)
continue (350.0000000000000000 -0.0000000024532199)
continue (360.0000000000000000 -0.0000000024536160)
continue (370.0000000000000000 -0.0000000024540041)
continue (380.0000000000000000 -0.0000000024543845)
continue (390.0000000000000000 -0.0000000024547577)
continue (400.0000000000000000 -0.0000000024551241)
continue (410.0000000000000000 -0.0000000024554840)
continue (420.0000000000000000 -0.0000000024558377)
continue (430.0000000000000000 -0.0000000024561854)
continue (440.0000000000000000 -0.0000000024565276)
continue (450.0000000000000000 -0.0000000024568643)
continue (460.0000000000000000 -0.0000000024571959)
continue (470.0000000000000000 -0.0000000024575226)
continue (480.0000000000000000 -0.0000000024578445)
continue (490.0000000000000000 -0.0000000024581620)
continue (500.0000000000000000 -0.0000000024584750)
continue (510.0000000000000000 -0.0000000024587839)
continue (520.0000000000000000 -0.0000000024590889)
continue (530.0000000000000000 -0.0000000024593899)
continue (540.0000000000000000 -0.0000000024596872)
continue (550.0000000000000000 -0.0000000024599810)
continue (560.0000000000000000 -0.0000000024602713)
continue (570.0000000000000000 -0.0000000024605583)
continue (580.0000000000000000 -0.0000000024608420)
continue (590.0000000000000000 -0.0000000024611227)
continue (600.0000000000000000 -0.0000000024614004)
continue (610.0000000000000000 -0.0000000024616751)
continue (620.0000000000000000 -0.0000000024619471)
continue (630.0000000000000000 -0.0000000024622163)
continue (640.0000000000000000 -0.0000000024624829)
continue (650.0000000000000000 -0.0000000024627470)
continue (660.0000000000000000 -0.0000000024630086)
continue (670.0000000000000000 -0.0000000024632678)
continue (680.0000000000000000 -0.0000000024635247)
continue (690.0000000000000000 -0.0000000024637793)
continue (700.0000000000000000 -0.0000000024640317)
continue (710.0000000000000000 -0.0000000024642820)
continue (720.0000000000000000 -0.0000000024645302)
continue (730.0000000000000000 -0.0000000024647764)
continue (740.0000000000000000 -0.0000000024650206)
continue (750.0000000000000000 -0.0000000024652630)
continue (760.0000000000000000 -0.0000000024655034)
continue (770.0000000000000000 -0.0000000024657421)
continue (780.0000000000000000 -0.0000000024659790)
continue (790.0000000000000000 -0.0000000024662142)
continue (800.0000000000000000 -0.0000000024664477)
continue (810.0000000000000000 -0.0000000024666796)
continue (820.0000000000000000 -0.0000000024669099)
continue (830.0000000000000000 -0.0000000024671386)
continue (840.0000000000000000 -0.0000000024673658)
continue (850.0000000000000000 -0.0000000024675915)
continue (860.0000000000000000 -0.0000000024678158)
continue (870.0000000000000000 -0.0000000024680387)
continue (880.0000000000000000 -0.0000000024682602)
continue (890.0000000000000000 -0.0000000024684803)
continue (900.0000000000000000 -0.0000000024686991)
continue (910.0000000000000000 -0.0000000024689167)
continue (920.0000000000000000 -0.0000000024691329)
continue (930.0000000000000000 -0.0000000024693480)
continue (940.0000000000000000 -0.0000000024695618)
continue (950.0000000000000000 -0.0000000024697744)
continue (960.0000000000000000 -0.0000000024699859)
continue (970.0000000000000000 -0.0000000024701962)
continue (980.0000000000000000 -0.0000000024704054)
continue (990.0000000000000000 -0.0000000024706136)
continue (1000.0000000000000000 -0.0000000024708206)
continue (1200.0000000000000000 -0.0000000024747663)
continue (1400.0000000000000000 -0.0000000024784165)
continue (1600.0000000000000000 -0.0000000024818499)
continue (1800.0000000000000000 -0.0000000024851175)
continue (2000.0000000000000000 -0.0000000024882538)
continue (2200.0000000000000000 -0.0000000024912836)
continue (2400.0000000000000000 -0.0000000024942252)
continue (2600.0000000000000000 -0.0000000024970925)
continue (2800.0000000000000000 -0.0000000024998962)
continue (3000.0000000000000000 -0.0000000025026449)
continue (3200.0000000000000000 -0.0000000025053455)
continue (3400.0000000000000000 -0.0000000025080035)
continue (3600.0000000000000000 -0.0000000025106235)
continue (3800.0000000000000000 -0.0000000025132092)
continue (4000.0000000000000000 -0.0000000025157634)
continue (4200.0000000000000000 -0.0000000025182884)
continue (4400.0000000000000000 -0.0000000025207858)
continue (4600.0000000000000000 -0.0000000025232565)
continue (4800.0000000000000000 -0.0000000025257006)
continue (5000.0000000000000000 -0.0000000025281179)
continue (5200.0000000000000000 -0.0000000025305072)
continue (5400.0000000000000000 -0.0000000025328666)
continue (5600.0000000000000000 -0.0000000025351938)
continue (5800.0000000000000000 -0.0000000025374854)
continue (6000.0000000000000000 -0.0000000025397374)
continue (6200.0000000000000000 -0.0000000025419454)
continue (6400.0000000000000000 -0.0000000025441039)
continue (6600.0000000000000000 -0.0000000025462073)
continue (6800.0000000000000000 -0.0000000025482492)
continue (7000.0000000000000000 -0.0000000025502304)
continue (7200.0000000000000000 -0.0000000025521554)
continue (7400.0000000000000000 -0.0000000025540271)
continue (7600.0000000000000000 -0.0000000025558485)
continue (7800.0000000000000000 -0.0000000025576222)
continue (8000.0000000000000000 -0.0000000025593506)
continue (8200.0000000000000000 -0.0000000025610358)
continue (8400.0000000000000000 -0.0000000025626801)
continue (8600.0000000000000000 -0.0000000025642854)
continue (8800.0000000000000000 -0.0000000025658534)
continue (9000.0000000000000000 -0.0000000025673858)
continue (9200.0000000000000000 -0.0000000025688842)
continue (9400.0000000000000000 -0.0000000025703501)
continue (9600.0000000000000000 -0.0000000025717848)
continue (9800.0000000000000000 -0.0000000025731896)
continue (10000.0000000000000000 -0.0000000025745658)
continue (10200.0000000000000000 -0.0000000025759144)
continue (10400.0000000000000000 -0.0000000025772366)
continue (10600.0000000000000000 -0.0000000025785333)
continue (10800.0000000000000000 -0.0000000025798055)
continue (11000.0000000000000000 -0.0000000025810542)
continue (11500.0000000000000000 -0.0000000025840781)
continue (12000.0000000000000000 -0.0000000025869718)
continue (12500.0000000000000000 -0.0000000025897461)
continue (13000.0000000000000000 -0.0000000025924104)
continue (13500.0000000000000000 -0.0000000025949730)
continue (14000.0000000000000000 -0.0000000025974413)
continue (14500.0000000000000000 -0.0000000025998219)
continue (15000.0000000000000000 -0.0000000026021208)
continue (15500.0000000000000000 -0.0000000026043435)
continue (16000.0000000000000000 -0.0000000026064946)
continue (16500.0000000000000000 -0.0000000026085787)
continue (17000.0000000000000000 -0.0000000026105999)
continue (17500.0000000000000000 -0.0000000026125616)
continue (18000.0000000000000000 -0.0000000026144674)
continue (18500.0000000000000000 -0.0000000026163202)
continue (19000.0000000000000000 -0.0000000026181229)
continue (19500.0000000000000000 -0.0000000026198782)
continue (20000.0000000000000000 -0.0000000026215884)
continue (20500.0000000000000000 -0.0000000026232558)
continue (21000.0000000000000000 -0.0000000026248824)
continue (21500.0000000000000000 -0.0000000026264702)
continue (22000.0000000000000000 -0.0000000026280210)
continue (22500.0000000000000000 -0.0000000026295364)
continue (23000.0000000000000000 -0.0000000026310180)
continue (23500.0000000000000000 -0.0000000026324672)
continue (24000.0000000000000000 -0.0000000026338855)
continue (24500.0000000000000000 -0.0000000026352740)
continue (25000.0000000000000000 -0.0000000026366341)
continue (25500.0000000000000000 -0.0000000026379668)
continue (26000.0000000000000000 -0.0000000026392733)
continue (26500.0000000000000000 -0.0000000026405544)
continue (27000.0000000000000000 -0.0000000026418113)
continue (27500.0000000000000000 -0.0000000026430446)
continue (28000.0000000000000000 -0.0000000026442554)
continue (28500.0000000000000000 -0.0000000026454444)
continue (29000.0000000000000000 -0.0000000026466124)
continue (29500.0000000000000000 -0.0000000026477601)
continue (30000.0000000000000000 -0.0000000026488882)
continue (30500.0000000000000000 -0.0000000026499973)
continue (31000.0000000000000000 -0.0000000026510880)
continue (31500.0000000000000000 -0.0000000026521610)
continue (32000.0000000000000000 -0.0000000026532168)
continue (32500.0000000000000000 -0.0000000026542560)
continue (33000.0000000000000000 -0.0000000026552790)
continue (33500.0000000000000000 -0.0000000026562863)
continue (34000.0000000000000000 -0.0000000026572785)
continue (34500.0000000000000000 -0.0000000026582559)
continue (35000.0000000000000000 -0.0000000026592190)
continue (35500.0000000000000000 -0.0000000026601682)
continue (36000.0000000000000000 -0.0000000026611038)
continue (36500.0000000000000000 -0.0000000026620264)
continue (37000.0000000000000000 -0.0000000026629361)
continue (37500.0000000000000000 -0.0000000026638334)
continue (38000.0000000000000000 -0.0000000026647185)
continue (38500.0000000000000000 -0.0000000026655919)
continue (39000.0000000000000000 -0.0000000026664538)
continue (39500.0000000000000000 -0.0000000026673046)
continue (40000.0000000000000000 -0.0000000026681444)
continue (40500.0000000000000000 -0.0000000026689735)
continue (41000.0000000000000000 -0.0000000026697923)
continue (41500.0000000000000000 -0.0000000026706010)
continue (42000.0000000000000000 -0.0000000026713998)
continue (42500.0000000000000000 -0.0000000026721890)
continue (43000.0000000000000000 -0.0000000026729687)
continue (43500.0000000000000000 -0.0000000026737393)
continue (44000.0000000000000000 -0.0000000026745008)
continue (44500.0000000000000000 -0.0000000026752536)
continue (45000.0000000000000000 -0.0000000026759978)
continue (45500.0000000000000000 -0.0000000026767337)
continue (46000.0000000000000000 -0.0000000026774613)
continue (46500.0000000000000000 -0.0000000026781808)
continue (47000.0000000000000000 -0.0000000026788926)
continue (47500.0000000000000000 -0.0000000026795966)
continue (48000.0000000000000000 -0.0000000026802931)
continue (48500.0000000000000000 -0.0000000026809823)
continue (49000.0000000000000000 -0.0000000026816642)
continue (49500.0000000000000000 -0.0000000026823390)
continue (50000.0000000000000000 -0.0000000026830070)
continue (50500.0000000000000000 -0.0000000026836681)
continue (51000.0000000000000000 -0.0000000026843226)
continue (51500.0000000000000000 -0.0000000026849705)
continue (52000.0000000000000000 -0.0000000026856121)
continue (52500.0000000000000000 -0.0000000026862474)
continue (53000.0000000000000000 -0.0000000026868765)
continue (53500.0000000000000000 -0.0000000026874996)
continue (54000.0000000000000000 -0.0000000026881168)
continue (54500.0000000000000000 -0.0000000026887282)
continue (55000.0000000000000000 -0.0000000026893339)
continue (55500.0000000000000000 -0.0000000026899339)
continue (56000.0000000000000000 -0.0000000026905285)
continue (56500.0000000000000000 -0.0000000026911176)
continue (57000.0000000000000000 -0.0000000026917015)
continue (57500.0000000000000000 -0.0000000026922801)
continue (58000.0000000000000000 -0.0000000026928536)
continue (58500.0000000000000000 -0.0000000026934221)
continue (59000.0000000000000000 -0.0000000026939856)
continue (59500.0000000000000000 -0.0000000026945442)
continue (60000.0000000000000000 -0.0000000026950981)
continue (60500.0000000000000000 -0.0000000026956473)
continue (61000.0000000000000000 -0.0000000026961918)
continue (61500.0000000000000000 -0.0000000026967318)
continue (62000.0000000000000000 -0.0000000026972673)
continue (62500.0000000000000000 -0.0000000026977985)
continue (63000.0000000000000000 -0.0000000026983253)
continue (63500.0000000000000000 -0.0000000026988478)
continue (64000.0000000000000000 -0.0000000026993661)
continue (64500.0000000000000000 -0.0000000026998803)
continue (65000.0000000000000000 -0.0000000027003905)
continue (65500.0000000000000000 -0.0000000027008966)
continue (66000.0000000000000000 -0.0000000027013988)
continue (66500.0000000000000000 -0.0000000027018971)
continue (67000.0000000000000000 -0.0000000027023916)
continue (67500.0000000000000000 -0.0000000027028823)
continue (68000.0000000000000000 -0.0000000027033693)
continue (68500.0000000000000000 -0.0000000027038527)
continue (69000.0000000000000000 -0.0000000027043325)
continue (69500.0000000000000000 -0.0000000027048087)
continue (70000.0000000000000000 -0.0000000027052814)
continue (70500.0000000000000000 -0.0000000027057507)
continue (71000.0000000000000000 -0.0000000027062165)
continue (71500.0000000000000000 -0.0000000027066790)
continue (72000.0000000000000000 -0.0000000027071383)
continue (72500.0000000000000000 -0.0000000027075942)
continue (73000.0000000000000000 -0.0000000027080470)
continue (73500.0000000000000000 -0.0000000027084965)
continue (74000.0000000000000000 -0.0000000027089430)
continue (74500.0000000000000000 -0.0000000027093864)
continue (75245.0000000000000000 -0.0000000050000000)
continue (7354000.0000000000000000 -0.0000000050000000)
f(nu) = -20.1450298840927751 at 1.0000000000000000 Ryd
