# Faucher-Giguere 2019 
# z = 2.981072
# E [Ryd] log (J_nu)
interpolate (0.0000000100100000 -0.0000000050000000)
continue (0.0990000000000000 -0.0000000050000000)
continue (0.1000000000000000 -0.0000000018751947)
continue (0.1500000000000000 -0.0000000018850181)
continue (0.2000000000000000 -0.0000000018999126)
continue (0.2500000000000001 -0.0000000019166029)
continue (0.3000000000000000 -0.0000000019182550)
continue (0.3500000000000001 -0.0000000019167694)
continue (0.4000000000000001 -0.0000000019162258)
continue (0.4500000000000001 -0.0000000019158502)
continue (0.5000000000000001 -0.0000000019157658)
continue (0.5500000000000002 -0.0000000019164445)
continue (0.6000000000000002 -0.0000000019165045)
continue (0.6500000000000001 -0.0000000019178848)
continue (0.7000000000000002 -0.0000000019197758)
continue (0.7500000000000002 -0.0000000019522838)
continue (0.8000000000000002 -0.0000000019643106)
continue (0.8500000000000002 -0.0000000019775895)
continue (0.9000000000000002 -0.0000000019990233)
continue (0.9500000000000003 -0.0000000020250111)
continue (1.0100000000000000 -0.0000000021468030)
continue (1.0600000000000001 -0.0000000021515246)
continue (1.1100000000000001 -0.0000000021552235)
continue (1.1600000000000001 -0.0000000021598635)
continue (1.2100000000000002 -0.0000000021612382)
continue (1.2600000000000002 -0.0000000021634588)
continue (1.3100000000000003 -0.0000000021665955)
continue (1.3600000000000003 -0.0000000021678870)
continue (1.4100000000000004 -0.0000000021701085)
continue (1.4600000000000004 -0.0000000021724075)
continue (1.5100000000000005 -0.0000000021740121)
continue (1.5600000000000005 -0.0000000021759426)
continue (1.6100000000000005 -0.0000000021790432)
continue (1.6600000000000006 -0.0000000021812146)
continue (1.7100000000000006 -0.0000000021810984)
continue (1.7600000000000007 -0.0000000021844683)
continue (1.8100000000000007 -0.0000000021862154)
continue (1.8600000000000008 -0.0000000021901024)
continue (1.9100000000000008 -0.0000000021913738)
continue (1.9600000000000009 -0.0000000021931310)
continue (2.0000000000000000 -0.0000000021965069)
continue (2.0099999999999998 -0.0000000021962615)
continue (2.0199999999999996 -0.0000000021975993)
continue (2.0299999999999994 -0.0000000021974759)
continue (2.0399999999999991 -0.0000000021973916)
continue (2.0499999999999989 -0.0000000021982325)
continue (2.0599999999999987 -0.0000000021979085)
continue (2.0699999999999985 -0.0000000021996234)
continue (2.0799999999999983 -0.0000000021992078)
continue (2.0899999999999981 -0.0000000022000217)
continue (2.0999999999999979 -0.0000000021989186)
continue (2.1099999999999977 -0.0000000022000948)
continue (2.1199999999999974 -0.0000000022005087)
continue (2.1299999999999972 -0.0000000022001778)
continue (2.1399999999999970 -0.0000000022021629)
continue (2.1499999999999968 -0.0000000022009413)
continue (2.1599999999999966 -0.0000000022013135)
continue (2.1699999999999964 -0.0000000022041274)
continue (2.1799999999999962 -0.0000000022024396)
continue (2.1899999999999959 -0.0000000022041275)
continue (2.1999999999999957 -0.0000000022028741)
continue (2.2099999999999955 -0.0000000022036749)
continue (2.2199999999999953 -0.0000000022042604)
continue (2.2299999999999951 -0.0000000022041725)
continue (2.2399999999999949 -0.0000000022055071)
continue (2.2499999999999947 -0.0000000022048982)
continue (2.2599999999999945 -0.0000000022062068)
continue (2.2699999999999942 -0.0000000022063871)
continue (2.2799999999999940 -0.0000000022054232)
continue (2.2899999999999938 -0.0000000022068007)
continue (2.2999999999999936 -0.0000000022068496)
continue (2.3099999999999934 -0.0000000022062068)
continue (2.3199999999999932 -0.0000000022075028)
continue (2.3299999999999930 -0.0000000022067022)
continue (2.3399999999999928 -0.0000000022066782)
continue (2.3499999999999925 -0.0000000022082142)
continue (2.3599999999999923 -0.0000000022062797)
continue (2.3699999999999921 -0.0000000022076032)
continue (2.3799999999999919 -0.0000000022080145)
continue (2.3899999999999917 -0.0000000022069361)
continue (2.3999999999999915 -0.0000000022072624)
continue (2.4099999999999913 -0.0000000022071668)
continue (2.4199999999999910 -0.0000000022072027)
continue (2.4299999999999908 -0.0000000022069134)
continue (2.4399999999999906 -0.0000000022055409)
continue (2.4499999999999904 -0.0000000022066118)
continue (2.4599999999999902 -0.0000000022064480)
continue (2.4699999999999900 -0.0000000022050643)
continue (2.4799999999999898 -0.0000000022057342)
continue (2.4899999999999896 -0.0000000022067271)
continue (2.4999999999999893 -0.0000000022041970)
continue (2.5099999999999891 -0.0000000022052665)
continue (2.5199999999999889 -0.0000000022068007)
continue (2.5299999999999887 -0.0000000022033775)
continue (2.5399999999999885 -0.0000000022042942)
continue (2.5499999999999883 -0.0000000022058367)
continue (2.5599999999999881 -0.0000000022034755)
continue (2.5699999999999878 -0.0000000022030323)
continue (2.5799999999999876 -0.0000000022038353)
continue (2.5899999999999874 -0.0000000022024532)
continue (2.5999999999999872 -0.0000000022013135)
continue (2.6099999999999870 -0.0000000022023213)
continue (2.6199999999999868 -0.0000000022018903)
continue (2.6299999999999866 -0.0000000021999231)
continue (2.6399999999999864 -0.0000000022003590)
continue (2.6499999999999861 -0.0000000022011929)
continue (2.6599999999999859 -0.0000000021991782)
continue (2.6699999999999857 -0.0000000021988618)
continue (2.6799999999999855 -0.0000000021994966)
continue (2.6899999999999853 -0.0000000021985203)
continue (2.6999999999999851 -0.0000000021976340)
continue (2.7099999999999849 -0.0000000021978018)
continue (2.7199999999999847 -0.0000000021976788)
continue (2.7299999999999844 -0.0000000021957582)
continue (2.7399999999999842 -0.0000000021962789)
continue (2.7499999999999840 -0.0000000021960050)
continue (2.7599999999999838 -0.0000000021943610)
continue (2.7699999999999836 -0.0000000021948016)
continue (2.7799999999999834 -0.0000000021940338)
continue (2.7899999999999832 -0.0000000021931226)
continue (2.7999999999999829 -0.0000000021929253)
continue (2.8099999999999827 -0.0000000021928504)
continue (2.8199999999999825 -0.0000000021929901)
continue (2.8299999999999823 -0.0000000021916732)
continue (2.8399999999999821 -0.0000000021918627)
continue (2.8499999999999819 -0.0000000021911692)
continue (2.8599999999999817 -0.0000000021900587)
continue (2.8699999999999815 -0.0000000021898190)
continue (2.8799999999999812 -0.0000000021894190)
continue (2.8899999999999810 -0.0000000021895969)
continue (2.8999999999999808 -0.0000000021880526)
continue (2.9099999999999806 -0.0000000021877336)
continue (2.9199999999999804 -0.0000000021873752)
continue (2.9299999999999802 -0.0000000021865609)
continue (2.9399999999999800 -0.0000000021855839)
continue (2.9499999999999797 -0.0000000021852382)
continue (2.9599999999999795 -0.0000000021858042)
continue (2.9699999999999793 -0.0000000021842855)
continue (2.9799999999999791 -0.0000000021836641)
continue (2.9899999999999789 -0.0000000021833613)
continue (2.9999999999999787 -0.0000000021839520)
continue (3.0099999999999785 -0.0000000022448295)
continue (3.0199999999999783 -0.0000000022457368)
continue (3.0299999999999780 -0.0000000022458303)
continue (3.0399999999999778 -0.0000000022463950)
continue (3.0499999999999776 -0.0000000022471925)
continue (3.0599999999999774 -0.0000000022480737)
continue (3.0699999999999772 -0.0000000022484108)
continue (3.0799999999999770 -0.0000000022488644)
continue (3.0899999999999768 -0.0000000022517958)
continue (3.0999999999999766 -0.0000000022507484)
continue (3.1099999999999763 -0.0000000022513035)
continue (3.1199999999999761 -0.0000000022516679)
continue (3.1299999999999759 -0.0000000022533092)
continue (3.1399999999999757 -0.0000000022528132)
continue (3.1499999999999755 -0.0000000022524632)
continue (3.1599999999999753 -0.0000000022558015)
continue (3.1699999999999751 -0.0000000022550267)
continue (3.1799999999999748 -0.0000000022544242)
continue (3.1899999999999746 -0.0000000022563838)
continue (3.1999999999999744 -0.0000000022590164)
continue (3.2099999999999742 -0.0000000022576518)
continue (3.2199999999999740 -0.0000000022572993)
continue (3.2299999999999738 -0.0000000022602453)
continue (3.2399999999999736 -0.0000000022626995)
continue (3.2499999999999734 -0.0000000022607693)
continue (3.2599999999999731 -0.0000000022613270)
continue (3.2699999999999729 -0.0000000022669773)
continue (3.2799999999999727 -0.0000000022671755)
continue (3.2899999999999725 -0.0000000022650442)
continue (3.2999999999999723 -0.0000000022653500)
continue (3.3099999999999721 -0.0000000022702081)
continue (3.3199999999999719 -0.0000000022700569)
continue (3.3299999999999716 -0.0000000022685495)
continue (3.3399999999999714 -0.0000000022710253)
continue (3.3499999999999712 -0.0000000022765161)
continue (3.3599999999999710 -0.0000000022766974)
continue (3.3699999999999708 -0.0000000022752592)
continue (3.3799999999999706 -0.0000000022759861)
continue (3.3899999999999704 -0.0000000022820997)
continue (3.3999999999999702 -0.0000000022814363)
continue (3.4099999999999699 -0.0000000022797807)
continue (3.4199999999999697 -0.0000000022809456)
continue (3.4299999999999695 -0.0000000022878927)
continue (3.4399999999999693 -0.0000000022866892)
continue (3.4499999999999691 -0.0000000022845630)
continue (3.4599999999999689 -0.0000000022851390)
continue (3.4699999999999687 -0.0000000022928943)
continue (3.4799999999999685 -0.0000000022927342)
continue (3.4899999999999682 -0.0000000022906785)
continue (3.4999999999999680 -0.0000000022911291)
continue (3.5099999999999678 -0.0000000022951978)
continue (3.5199999999999676 -0.0000000023007546)
continue (3.5299999999999674 -0.0000000023004292)
continue (3.5399999999999672 -0.0000000022998569)
continue (3.5499999999999670 -0.0000000023007990)
continue (3.5599999999999667 -0.0000000022852750)
continue (3.5699999999999665 -0.0000000022826262)
continue (3.5799999999999663 -0.0000000022866984)
continue (3.5899999999999661 -0.0000000022872276)
continue (3.5999999999999659 -0.0000000022882227)
continue (3.6099999999999657 -0.0000000022875696)
continue (3.6199999999999655 -0.0000000022921020)
continue (3.6299999999999653 -0.0000000022959531)
continue (3.6399999999999650 -0.0000000022952352)
continue (3.6499999999999648 -0.0000000022943811)
continue (3.6599999999999646 -0.0000000022983786)
continue (3.6699999999999644 -0.0000000023009616)
continue (3.6799999999999642 -0.0000000023017494)
continue (3.6899999999999640 -0.0000000023019995)
continue (3.6999999999999638 -0.0000000023005414)
continue (3.7099999999999635 -0.0000000023064748)
continue (3.7199999999999633 -0.0000000023076016)
continue (3.7299999999999631 -0.0000000023078499)
continue (3.7399999999999629 -0.0000000023079290)
continue (3.7499999999999627 -0.0000000023109838)
continue (3.7599999999999625 -0.0000000023024311)
continue (3.7699999999999623 -0.0000000023021130)
continue (3.7799999999999621 -0.0000000023017463)
continue (3.7899999999999618 -0.0000000023031854)
continue (3.7999999999999616 -0.0000000023089498)
continue (3.8099999999999614 -0.0000000023074555)
continue (3.8199999999999612 -0.0000000023084410)
continue (3.8299999999999610 -0.0000000023092447)
continue (3.8399999999999608 -0.0000000023104147)
continue (3.8499999999999606 -0.0000000023068669)
continue (3.8599999999999604 -0.0000000023055307)
continue (3.8699999999999601 -0.0000000023064932)
continue (3.8799999999999599 -0.0000000023065185)
continue (3.8899999999999597 -0.0000000023039147)
continue (3.8999999999999595 -0.0000000023070255)
continue (3.9099999999999593 -0.0000000023061744)
continue (3.9199999999999591 -0.0000000023061093)
continue (3.9299999999999589 -0.0000000023051908)
continue (3.9399999999999586 -0.0000000023089500)
continue (3.9499999999999584 -0.0000000023122872)
continue (3.9599999999999582 -0.0000000023110862)
continue (3.9699999999999580 -0.0000000023106377)
continue (3.9799999999999578 -0.0000000023097671)
continue (3.9899999999999576 -0.0000000023142236)
continue (4.0099999999999998 -0.0000000023165197)
continue (4.5099999999999998 -0.0000000023801208)
continue (5.0099999999999998 -0.0000000023889161)
continue (5.5099999999999998 -0.0000000023919296)
continue (6.0099999999999998 -0.0000000023957339)
continue (6.5099999999999998 -0.0000000023979596)
continue (7.0099999999999998 -0.0000000024007442)
continue (7.5099999999999998 -0.0000000024036020)
continue (8.0099999999999998 -0.0000000024056948)
continue (8.5099999999999998 -0.0000000024076780)
continue (9.0099999999999998 -0.0000000024094108)
continue (9.5099999999999998 -0.0000000024113865)
continue (10.0000000000000000 -0.0000000024134226)
continue (10.0099999999999998 -0.0000000024134644)
continue (15.0000000000000000 -0.0000000024304456)
continue (20.0000000000000000 -0.0000000024360090)
continue (25.0000000000000000 -0.0000000024360953)
continue (30.0000000000000000 -0.0000000024380872)
continue (35.0000000000000000 -0.0000000024407737)
continue (40.0000000000000000 -0.0000000024432178)
continue (45.0000000000000000 -0.0000000024445630)
continue (50.0000000000000000 -0.0000000024450499)
continue (55.0000000000000000 -0.0000000024456417)
continue (60.0000000000000000 -0.0000000024462851)
continue (65.0000000000000000 -0.0000000024469459)
continue (70.0000000000000000 -0.0000000024476054)
continue (75.0000000000000000 -0.0000000024482533)
continue (80.0000000000000000 -0.0000000024488841)
continue (85.0000000000000000 -0.0000000024494953)
continue (90.0000000000000000 -0.0000000024500859)
continue (95.0000000000000000 -0.0000000024506558)
continue (100.0000000000000000 -0.0000000024512055)
continue (110.0000000000000000 -0.0000000024522477)
continue (120.0000000000000000 -0.0000000024532201)
continue (130.0000000000000000 -0.0000000024541303)
continue (140.0000000000000000 -0.0000000024549856)
continue (150.0000000000000000 -0.0000000024557923)
continue (160.0000000000000000 -0.0000000024565558)
continue (170.0000000000000000 -0.0000000024572808)
continue (180.0000000000000000 -0.0000000024579714)
continue (190.0000000000000000 -0.0000000024586309)
continue (200.0000000000000000 -0.0000000024592625)
continue (210.0000000000000000 -0.0000000024598687)
continue (220.0000000000000000 -0.0000000024604518)
continue (230.0000000000000000 -0.0000000024610138)
continue (240.0000000000000000 -0.0000000024615564)
continue (250.0000000000000000 -0.0000000024620811)
continue (260.0000000000000000 -0.0000000024625894)
continue (270.0000000000000000 -0.0000000024630824)
continue (280.0000000000000000 -0.0000000024635612)
continue (290.0000000000000000 -0.0000000024640269)
continue (300.0000000000000000 -0.0000000024644802)
continue (310.0000000000000000 -0.0000000024649220)
continue (320.0000000000000000 -0.0000000024653531)
continue (330.0000000000000000 -0.0000000024657740)
continue (340.0000000000000000 -0.0000000024661854)
continue (350.0000000000000000 -0.0000000024665878)
continue (360.0000000000000000 -0.0000000024669817)
continue (370.0000000000000000 -0.0000000024673677)
continue (380.0000000000000000 -0.0000000024677460)
continue (390.0000000000000000 -0.0000000024681171)
continue (400.0000000000000000 -0.0000000024684814)
continue (410.0000000000000000 -0.0000000024688391)
continue (420.0000000000000000 -0.0000000024691907)
continue (430.0000000000000000 -0.0000000024695364)
continue (440.0000000000000000 -0.0000000024698765)
continue (450.0000000000000000 -0.0000000024702111)
continue (460.0000000000000000 -0.0000000024705407)
continue (470.0000000000000000 -0.0000000024708653)
continue (480.0000000000000000 -0.0000000024711852)
continue (490.0000000000000000 -0.0000000024715006)
continue (500.0000000000000000 -0.0000000024718116)
continue (510.0000000000000000 -0.0000000024721185)
continue (520.0000000000000000 -0.0000000024724213)
continue (530.0000000000000000 -0.0000000024727203)
continue (540.0000000000000000 -0.0000000024730156)
continue (550.0000000000000000 -0.0000000024733073)
continue (560.0000000000000000 -0.0000000024735956)
continue (570.0000000000000000 -0.0000000024738806)
continue (580.0000000000000000 -0.0000000024741623)
continue (590.0000000000000000 -0.0000000024744409)
continue (600.0000000000000000 -0.0000000024747166)
continue (610.0000000000000000 -0.0000000024749893)
continue (620.0000000000000000 -0.0000000024752593)
continue (630.0000000000000000 -0.0000000024755265)
continue (640.0000000000000000 -0.0000000024757911)
continue (650.0000000000000000 -0.0000000024760531)
continue (660.0000000000000000 -0.0000000024763127)
continue (670.0000000000000000 -0.0000000024765699)
continue (680.0000000000000000 -0.0000000024768248)
continue (690.0000000000000000 -0.0000000024770774)
continue (700.0000000000000000 -0.0000000024773278)
continue (710.0000000000000000 -0.0000000024775761)
continue (720.0000000000000000 -0.0000000024778223)
continue (730.0000000000000000 -0.0000000024780665)
continue (740.0000000000000000 -0.0000000024783087)
continue (750.0000000000000000 -0.0000000024785491)
continue (760.0000000000000000 -0.0000000024787875)
continue (770.0000000000000000 -0.0000000024790242)
continue (780.0000000000000000 -0.0000000024792591)
continue (790.0000000000000000 -0.0000000024794923)
continue (800.0000000000000000 -0.0000000024797238)
continue (810.0000000000000000 -0.0000000024799537)
continue (820.0000000000000000 -0.0000000024801820)
continue (830.0000000000000000 -0.0000000024804087)
continue (840.0000000000000000 -0.0000000024806340)
continue (850.0000000000000000 -0.0000000024808577)
continue (860.0000000000000000 -0.0000000024810800)
continue (870.0000000000000000 -0.0000000024813009)
continue (880.0000000000000000 -0.0000000024815204)
continue (890.0000000000000000 -0.0000000024817386)
continue (900.0000000000000000 -0.0000000024819554)
continue (910.0000000000000000 -0.0000000024821710)
continue (920.0000000000000000 -0.0000000024823852)
continue (930.0000000000000000 -0.0000000024825983)
continue (940.0000000000000000 -0.0000000024828101)
continue (950.0000000000000000 -0.0000000024830208)
continue (960.0000000000000000 -0.0000000024832303)
continue (970.0000000000000000 -0.0000000024834387)
continue (980.0000000000000000 -0.0000000024836459)
continue (990.0000000000000000 -0.0000000024838521)
continue (1000.0000000000000000 -0.0000000024840572)
continue (1200.0000000000000000 -0.0000000024879637)
continue (1400.0000000000000000 -0.0000000024915752)
continue (1600.0000000000000000 -0.0000000024949705)
continue (1800.0000000000000000 -0.0000000024982003)
continue (2000.0000000000000000 -0.0000000025012992)
continue (2200.0000000000000000 -0.0000000025042921)
continue (2400.0000000000000000 -0.0000000025071972)
continue (2600.0000000000000000 -0.0000000025100283)
continue (2800.0000000000000000 -0.0000000025127963)
continue (3000.0000000000000000 -0.0000000025155097)
continue (3200.0000000000000000 -0.0000000025181754)
continue (3400.0000000000000000 -0.0000000025207989)
continue (3600.0000000000000000 -0.0000000025233851)
continue (3800.0000000000000000 -0.0000000025259375)
continue (4000.0000000000000000 -0.0000000025284593)
continue (4200.0000000000000000 -0.0000000025309531)
continue (4400.0000000000000000 -0.0000000025334205)
continue (4600.0000000000000000 -0.0000000025358630)
continue (4800.0000000000000000 -0.0000000025382812)
continue (5000.0000000000000000 -0.0000000025406750)
continue (5200.0000000000000000 -0.0000000025430438)
continue (5400.0000000000000000 -0.0000000025453860)
continue (5600.0000000000000000 -0.0000000025476995)
continue (5800.0000000000000000 -0.0000000025499809)
continue (6000.0000000000000000 -0.0000000025522264)
continue (6200.0000000000000000 -0.0000000025544308)
continue (6400.0000000000000000 -0.0000000025565883)
continue (6600.0000000000000000 -0.0000000025586919)
continue (6800.0000000000000000 -0.0000000025607341)
continue (7000.0000000000000000 -0.0000000025627156)
continue (7200.0000000000000000 -0.0000000025646408)
continue (7400.0000000000000000 -0.0000000025665128)
continue (7600.0000000000000000 -0.0000000025683345)
continue (7800.0000000000000000 -0.0000000025701084)
continue (8000.0000000000000000 -0.0000000025718370)
continue (8200.0000000000000000 -0.0000000025735225)
continue (8400.0000000000000000 -0.0000000025751670)
continue (8600.0000000000000000 -0.0000000025767725)
continue (8800.0000000000000000 -0.0000000025783407)
continue (9000.0000000000000000 -0.0000000025798734)
continue (9200.0000000000000000 -0.0000000025813720)
continue (9400.0000000000000000 -0.0000000025828381)
continue (9600.0000000000000000 -0.0000000025842730)
continue (9800.0000000000000000 -0.0000000025856781)
continue (10000.0000000000000000 -0.0000000025870544)
continue (10200.0000000000000000 -0.0000000025884033)
continue (10400.0000000000000000 -0.0000000025897257)
continue (10600.0000000000000000 -0.0000000025910226)
continue (10800.0000000000000000 -0.0000000025922950)
continue (11000.0000000000000000 -0.0000000025935439)
continue (11500.0000000000000000 -0.0000000025965682)
continue (12000.0000000000000000 -0.0000000025994625)
continue (12500.0000000000000000 -0.0000000026022373)
continue (13000.0000000000000000 -0.0000000026049021)
continue (13500.0000000000000000 -0.0000000026074651)
continue (14000.0000000000000000 -0.0000000026099338)
continue (14500.0000000000000000 -0.0000000026123149)
continue (15000.0000000000000000 -0.0000000026146142)
continue (15500.0000000000000000 -0.0000000026168373)
continue (16000.0000000000000000 -0.0000000026189889)
continue (16500.0000000000000000 -0.0000000026210734)
continue (17000.0000000000000000 -0.0000000026230949)
continue (17500.0000000000000000 -0.0000000026250571)
continue (18000.0000000000000000 -0.0000000026269632)
continue (18500.0000000000000000 -0.0000000026288164)
continue (19000.0000000000000000 -0.0000000026306195)
continue (19500.0000000000000000 -0.0000000026323752)
continue (20000.0000000000000000 -0.0000000026340858)
continue (20500.0000000000000000 -0.0000000026357535)
continue (21000.0000000000000000 -0.0000000026373805)
continue (21500.0000000000000000 -0.0000000026389686)
continue (22000.0000000000000000 -0.0000000026405198)
continue (22500.0000000000000000 -0.0000000026420355)
continue (23000.0000000000000000 -0.0000000026435174)
continue (23500.0000000000000000 -0.0000000026449670)
continue (24000.0000000000000000 -0.0000000026463856)
continue (24500.0000000000000000 -0.0000000026477745)
continue (25000.0000000000000000 -0.0000000026491349)
continue (25500.0000000000000000 -0.0000000026504679)
continue (26000.0000000000000000 -0.0000000026517747)
continue (26500.0000000000000000 -0.0000000026530562)
continue (27000.0000000000000000 -0.0000000026543133)
continue (27500.0000000000000000 -0.0000000026555470)
continue (28000.0000000000000000 -0.0000000026567581)
continue (28500.0000000000000000 -0.0000000026579474)
continue (29000.0000000000000000 -0.0000000026591157)
continue (29500.0000000000000000 -0.0000000026602637)
continue (30000.0000000000000000 -0.0000000026613920)
continue (30500.0000000000000000 -0.0000000026625014)
continue (31000.0000000000000000 -0.0000000026635925)
continue (31500.0000000000000000 -0.0000000026646657)
continue (32000.0000000000000000 -0.0000000026657218)
continue (32500.0000000000000000 -0.0000000026667613)
continue (33000.0000000000000000 -0.0000000026677845)
continue (33500.0000000000000000 -0.0000000026687922)
continue (34000.0000000000000000 -0.0000000026697846)
continue (34500.0000000000000000 -0.0000000026707623)
continue (35000.0000000000000000 -0.0000000026717256)
continue (35500.0000000000000000 -0.0000000026726751)
continue (36000.0000000000000000 -0.0000000026736110)
continue (36500.0000000000000000 -0.0000000026745338)
continue (37000.0000000000000000 -0.0000000026754438)
continue (37500.0000000000000000 -0.0000000026763413)
continue (38000.0000000000000000 -0.0000000026772267)
continue (38500.0000000000000000 -0.0000000026781004)
continue (39000.0000000000000000 -0.0000000026789625)
continue (39500.0000000000000000 -0.0000000026798135)
continue (40000.0000000000000000 -0.0000000026806536)
continue (40500.0000000000000000 -0.0000000026814830)
continue (41000.0000000000000000 -0.0000000026823020)
continue (41500.0000000000000000 -0.0000000026831109)
continue (42000.0000000000000000 -0.0000000026839100)
continue (42500.0000000000000000 -0.0000000026846994)
continue (43000.0000000000000000 -0.0000000026854794)
continue (43500.0000000000000000 -0.0000000026862502)
continue (44000.0000000000000000 -0.0000000026870120)
continue (44500.0000000000000000 -0.0000000026877650)
continue (45000.0000000000000000 -0.0000000026885094)
continue (45500.0000000000000000 -0.0000000026892455)
continue (46000.0000000000000000 -0.0000000026899733)
continue (46500.0000000000000000 -0.0000000026906931)
continue (47000.0000000000000000 -0.0000000026914051)
continue (47500.0000000000000000 -0.0000000026921093)
continue (48000.0000000000000000 -0.0000000026928061)
continue (48500.0000000000000000 -0.0000000026934954)
continue (49000.0000000000000000 -0.0000000026941776)
continue (49500.0000000000000000 -0.0000000026948526)
continue (50000.0000000000000000 -0.0000000026955208)
continue (50500.0000000000000000 -0.0000000026961821)
continue (51000.0000000000000000 -0.0000000026968368)
continue (51500.0000000000000000 -0.0000000026974850)
continue (52000.0000000000000000 -0.0000000026981268)
continue (52500.0000000000000000 -0.0000000026987623)
continue (53000.0000000000000000 -0.0000000026993916)
continue (53500.0000000000000000 -0.0000000027000150)
continue (54000.0000000000000000 -0.0000000027006323)
continue (54500.0000000000000000 -0.0000000027012439)
continue (55000.0000000000000000 -0.0000000027018498)
continue (55500.0000000000000000 -0.0000000027024500)
continue (56000.0000000000000000 -0.0000000027030448)
continue (56500.0000000000000000 -0.0000000027036341)
continue (57000.0000000000000000 -0.0000000027042182)
continue (57500.0000000000000000 -0.0000000027047970)
continue (58000.0000000000000000 -0.0000000027053707)
continue (58500.0000000000000000 -0.0000000027059394)
continue (59000.0000000000000000 -0.0000000027065031)
continue (59500.0000000000000000 -0.0000000027070619)
continue (60000.0000000000000000 -0.0000000027076160)
continue (60500.0000000000000000 -0.0000000027081654)
continue (61000.0000000000000000 -0.0000000027087101)
continue (61500.0000000000000000 -0.0000000027092503)
continue (62000.0000000000000000 -0.0000000027097860)
continue (62500.0000000000000000 -0.0000000027103173)
continue (63000.0000000000000000 -0.0000000027108443)
continue (63500.0000000000000000 -0.0000000027113670)
continue (64000.0000000000000000 -0.0000000027118855)
continue (64500.0000000000000000 -0.0000000027123999)
continue (65000.0000000000000000 -0.0000000027129103)
continue (65500.0000000000000000 -0.0000000027134166)
continue (66000.0000000000000000 -0.0000000027139190)
continue (66500.0000000000000000 -0.0000000027144175)
continue (67000.0000000000000000 -0.0000000027149121)
continue (67500.0000000000000000 -0.0000000027154030)
continue (68000.0000000000000000 -0.0000000027158902)
continue (68500.0000000000000000 -0.0000000027163738)
continue (69000.0000000000000000 -0.0000000027168537)
continue (69500.0000000000000000 -0.0000000027173301)
continue (70000.0000000000000000 -0.0000000027178030)
continue (70500.0000000000000000 -0.0000000027182724)
continue (71000.0000000000000000 -0.0000000027187385)
continue (71500.0000000000000000 -0.0000000027192012)
continue (72000.0000000000000000 -0.0000000027196606)
continue (72500.0000000000000000 -0.0000000027201167)
continue (73000.0000000000000000 -0.0000000027205696)
continue (73500.0000000000000000 -0.0000000027210194)
continue (74000.0000000000000000 -0.0000000027214660)
continue (74500.0000000000000000 -0.0000000027219095)
continue (75245.0000000000000000 -0.0000000050000000)
continue (7354000.0000000000000000 -0.0000000050000000)
f(nu) = -20.1709435465220857 at 1.0000000000000000 Ryd
