# Faucher-Giguere 2019 
# z = 2.162278
# E [Ryd] log (J_nu)
interpolate (0.0000000100100000 -0.0000000050000000)
continue (0.0990000000000000 -0.0000000050000000)
continue (0.1000000000000000 -0.0000000018774238)
continue (0.1500000000000000 -0.0000000018892853)
continue (0.2000000000000000 -0.0000000019042315)
continue (0.2500000000000001 -0.0000000019186431)
continue (0.3000000000000000 -0.0000000019185665)
continue (0.3500000000000001 -0.0000000019185286)
continue (0.4000000000000001 -0.0000000019185154)
continue (0.4500000000000001 -0.0000000019194097)
continue (0.5000000000000001 -0.0000000019196325)
continue (0.5500000000000002 -0.0000000019218526)
continue (0.6000000000000002 -0.0000000019232887)
continue (0.6500000000000001 -0.0000000019259495)
continue (0.7000000000000002 -0.0000000019303264)
continue (0.7500000000000002 -0.0000000019622300)
continue (0.8000000000000002 -0.0000000019740144)
continue (0.8500000000000002 -0.0000000019875522)
continue (0.9000000000000002 -0.0000000020088728)
continue (0.9500000000000003 -0.0000000020409232)
continue (1.0100000000000000 -0.0000000021384059)
continue (1.0600000000000001 -0.0000000021428667)
continue (1.1100000000000001 -0.0000000021466248)
continue (1.1600000000000001 -0.0000000021499507)
continue (1.2100000000000002 -0.0000000021521223)
continue (1.2600000000000002 -0.0000000021550168)
continue (1.3100000000000003 -0.0000000021572547)
continue (1.3600000000000003 -0.0000000021591197)
continue (1.4100000000000004 -0.0000000021628412)
continue (1.4600000000000004 -0.0000000021646842)
continue (1.5100000000000005 -0.0000000021672679)
continue (1.5600000000000005 -0.0000000021699433)
continue (1.6100000000000005 -0.0000000021721406)
continue (1.6600000000000006 -0.0000000021748046)
continue (1.7100000000000006 -0.0000000021764112)
continue (1.7600000000000007 -0.0000000021788528)
continue (1.8100000000000007 -0.0000000021817754)
continue (1.8600000000000008 -0.0000000021837102)
continue (1.9100000000000008 -0.0000000021858608)
continue (1.9600000000000009 -0.0000000021874634)
continue (2.0000000000000000 -0.0000000021895566)
continue (2.0099999999999998 -0.0000000021909068)
continue (2.0199999999999996 -0.0000000021895142)
continue (2.0299999999999994 -0.0000000021908578)
continue (2.0399999999999991 -0.0000000021916792)
continue (2.0499999999999989 -0.0000000021906901)
continue (2.0599999999999987 -0.0000000021919224)
continue (2.0699999999999985 -0.0000000021923752)
continue (2.0799999999999983 -0.0000000021916081)
continue (2.0899999999999981 -0.0000000021924674)
continue (2.0999999999999979 -0.0000000021926311)
continue (2.1099999999999977 -0.0000000021929135)
continue (2.1199999999999974 -0.0000000021925641)
continue (2.1299999999999972 -0.0000000021932427)
continue (2.1399999999999970 -0.0000000021937922)
continue (2.1499999999999968 -0.0000000021927315)
continue (2.1599999999999966 -0.0000000021943107)
continue (2.1699999999999964 -0.0000000021950800)
continue (2.1799999999999962 -0.0000000021937812)
continue (2.1899999999999959 -0.0000000021947960)
continue (2.1999999999999957 -0.0000000021950995)
continue (2.2099999999999955 -0.0000000021946199)
continue (2.2199999999999953 -0.0000000021949222)
continue (2.2299999999999951 -0.0000000021954052)
continue (2.2399999999999949 -0.0000000021957415)
continue (2.2499999999999947 -0.0000000021957961)
continue (2.2599999999999945 -0.0000000021954317)
continue (2.2699999999999942 -0.0000000021961801)
continue (2.2799999999999940 -0.0000000021960829)
continue (2.2899999999999938 -0.0000000021957767)
continue (2.2999999999999936 -0.0000000021963582)
continue (2.3099999999999934 -0.0000000021965524)
continue (2.3199999999999932 -0.0000000021967311)
continue (2.3299999999999930 -0.0000000021960816)
continue (2.3399999999999928 -0.0000000021965811)
continue (2.3499999999999925 -0.0000000021965843)
continue (2.3599999999999923 -0.0000000021962317)
continue (2.3699999999999921 -0.0000000021963471)
continue (2.3799999999999919 -0.0000000021966729)
continue (2.3899999999999917 -0.0000000021968828)
continue (2.3999999999999915 -0.0000000021959654)
continue (2.4099999999999913 -0.0000000021967275)
continue (2.4199999999999910 -0.0000000021966276)
continue (2.4299999999999908 -0.0000000021959951)
continue (2.4399999999999906 -0.0000000021960894)
continue (2.4499999999999904 -0.0000000021964571)
continue (2.4599999999999902 -0.0000000021959864)
continue (2.4699999999999900 -0.0000000021956736)
continue (2.4799999999999898 -0.0000000021963433)
continue (2.4899999999999896 -0.0000000021959550)
continue (2.4999999999999893 -0.0000000021958650)
continue (2.5099999999999891 -0.0000000021957703)
continue (2.5199999999999889 -0.0000000021967187)
continue (2.5299999999999887 -0.0000000021957064)
continue (2.5399999999999885 -0.0000000021954176)
continue (2.5499999999999883 -0.0000000021959861)
continue (2.5599999999999881 -0.0000000021956725)
continue (2.5699999999999878 -0.0000000021952860)
continue (2.5799999999999876 -0.0000000021952480)
continue (2.5899999999999874 -0.0000000021955041)
continue (2.5999999999999872 -0.0000000021949871)
continue (2.6099999999999870 -0.0000000021950167)
continue (2.6199999999999868 -0.0000000021948843)
continue (2.6299999999999866 -0.0000000021941665)
continue (2.6399999999999864 -0.0000000021946968)
continue (2.6499999999999861 -0.0000000021942831)
continue (2.6599999999999859 -0.0000000021947249)
continue (2.6699999999999857 -0.0000000021940900)
continue (2.6799999999999855 -0.0000000021939698)
continue (2.6899999999999853 -0.0000000021936129)
continue (2.6999999999999851 -0.0000000021944372)
continue (2.7099999999999849 -0.0000000021938672)
continue (2.7199999999999847 -0.0000000021931837)
continue (2.7299999999999844 -0.0000000021931727)
continue (2.7399999999999842 -0.0000000021933057)
continue (2.7499999999999840 -0.0000000021931983)
continue (2.7599999999999838 -0.0000000021925251)
continue (2.7699999999999836 -0.0000000021928443)
continue (2.7799999999999834 -0.0000000021934581)
continue (2.7899999999999832 -0.0000000021926806)
continue (2.7999999999999829 -0.0000000021920975)
continue (2.8099999999999827 -0.0000000021922824)
continue (2.8199999999999825 -0.0000000021930898)
continue (2.8299999999999823 -0.0000000021923587)
continue (2.8399999999999821 -0.0000000021919560)
continue (2.8499999999999819 -0.0000000021919322)
continue (2.8599999999999817 -0.0000000021923211)
continue (2.8699999999999815 -0.0000000021918302)
continue (2.8799999999999812 -0.0000000021915995)
continue (2.8899999999999810 -0.0000000021912610)
continue (2.8999999999999808 -0.0000000021914076)
continue (2.9099999999999806 -0.0000000021911282)
continue (2.9199999999999804 -0.0000000021910849)
continue (2.9299999999999802 -0.0000000021907690)
continue (2.9399999999999800 -0.0000000021905971)
continue (2.9499999999999797 -0.0000000021912929)
continue (2.9599999999999795 -0.0000000021904487)
continue (2.9699999999999793 -0.0000000021903806)
continue (2.9799999999999791 -0.0000000021901512)
continue (2.9899999999999789 -0.0000000021904559)
continue (2.9999999999999787 -0.0000000021909197)
continue (3.0099999999999785 -0.0000000022383782)
continue (3.0199999999999783 -0.0000000022387075)
continue (3.0299999999999780 -0.0000000022399821)
continue (3.0399999999999778 -0.0000000022406841)
continue (3.0499999999999776 -0.0000000022405683)
continue (3.0599999999999774 -0.0000000022401404)
continue (3.0699999999999772 -0.0000000022422851)
continue (3.0799999999999770 -0.0000000022425743)
continue (3.0899999999999768 -0.0000000022434890)
continue (3.0999999999999766 -0.0000000022423759)
continue (3.1099999999999763 -0.0000000022437313)
continue (3.1199999999999761 -0.0000000022450063)
continue (3.1299999999999759 -0.0000000022449743)
continue (3.1399999999999757 -0.0000000022453778)
continue (3.1499999999999755 -0.0000000022448468)
continue (3.1599999999999753 -0.0000000022470127)
continue (3.1699999999999751 -0.0000000022471440)
continue (3.1799999999999748 -0.0000000022473870)
continue (3.1899999999999746 -0.0000000022475247)
continue (3.1999999999999744 -0.0000000022480019)
continue (3.2099999999999742 -0.0000000022496856)
continue (3.2199999999999740 -0.0000000022499610)
continue (3.2299999999999738 -0.0000000022501182)
continue (3.2399999999999736 -0.0000000022503371)
continue (3.2499999999999734 -0.0000000022519041)
continue (3.2599999999999731 -0.0000000022526241)
continue (3.2699999999999729 -0.0000000022530017)
continue (3.2799999999999727 -0.0000000022530029)
continue (3.2899999999999725 -0.0000000022538855)
continue (3.2999999999999723 -0.0000000022552626)
continue (3.3099999999999721 -0.0000000022557277)
continue (3.3199999999999719 -0.0000000022560147)
continue (3.3299999999999716 -0.0000000022555982)
continue (3.3399999999999714 -0.0000000022569514)
continue (3.3499999999999712 -0.0000000022589693)
continue (3.3599999999999710 -0.0000000022592412)
continue (3.3699999999999708 -0.0000000022599309)
continue (3.3799999999999706 -0.0000000022592334)
continue (3.3899999999999704 -0.0000000022601382)
continue (3.3999999999999702 -0.0000000022627155)
continue (3.4099999999999699 -0.0000000022627339)
continue (3.4199999999999697 -0.0000000022629711)
continue (3.4299999999999695 -0.0000000022625068)
continue (3.4399999999999693 -0.0000000022633750)
continue (3.4499999999999691 -0.0000000022660309)
continue (3.4599999999999689 -0.0000000022661251)
continue (3.4699999999999687 -0.0000000022661701)
continue (3.4799999999999685 -0.0000000022658251)
continue (3.4899999999999682 -0.0000000022660561)
continue (3.4999999999999680 -0.0000000022680353)
continue (3.5099999999999678 -0.0000000022700137)
continue (3.5199999999999676 -0.0000000022702666)
continue (3.5299999999999674 -0.0000000022694897)
continue (3.5399999999999672 -0.0000000022701574)
continue (3.5499999999999670 -0.0000000022714710)
continue (3.5599999999999667 -0.0000000022665849)
continue (3.5699999999999665 -0.0000000022674233)
continue (3.5799999999999663 -0.0000000022666362)
continue (3.5899999999999661 -0.0000000022673655)
continue (3.5999999999999659 -0.0000000022692364)
continue (3.6099999999999657 -0.0000000022676228)
continue (3.6199999999999655 -0.0000000022702679)
continue (3.6299999999999653 -0.0000000022708023)
continue (3.6399999999999650 -0.0000000022714281)
continue (3.6499999999999648 -0.0000000022726978)
continue (3.6599999999999646 -0.0000000022708045)
continue (3.6699999999999644 -0.0000000022736335)
continue (3.6799999999999642 -0.0000000022742701)
continue (3.6899999999999640 -0.0000000022742531)
continue (3.6999999999999638 -0.0000000022759601)
continue (3.7099999999999635 -0.0000000022749891)
continue (3.7199999999999633 -0.0000000022745047)
continue (3.7299999999999631 -0.0000000022773101)
continue (3.7399999999999629 -0.0000000022775796)
continue (3.7499999999999627 -0.0000000022782074)
continue (3.7599999999999625 -0.0000000022769862)
continue (3.7699999999999623 -0.0000000022739744)
continue (3.7799999999999621 -0.0000000022745527)
continue (3.7899999999999618 -0.0000000022774843)
continue (3.7999999999999616 -0.0000000022779790)
continue (3.8099999999999614 -0.0000000022794203)
continue (3.8199999999999612 -0.0000000022772922)
continue (3.8299999999999610 -0.0000000022769840)
continue (3.8399999999999608 -0.0000000022782450)
continue (3.8499999999999606 -0.0000000022786568)
continue (3.8599999999999604 -0.0000000022791883)
continue (3.8699999999999601 -0.0000000022811203)
continue (3.8799999999999599 -0.0000000022781303)
continue (3.8899999999999597 -0.0000000022782233)
continue (3.8999999999999595 -0.0000000022795943)
continue (3.9099999999999593 -0.0000000022802183)
continue (3.9199999999999591 -0.0000000022811821)
continue (3.9299999999999589 -0.0000000022831580)
continue (3.9399999999999586 -0.0000000022789408)
continue (3.9499999999999584 -0.0000000022806396)
continue (3.9599999999999582 -0.0000000022822231)
continue (3.9699999999999580 -0.0000000022831649)
continue (3.9799999999999578 -0.0000000022839505)
continue (3.9899999999999576 -0.0000000022861027)
continue (4.0099999999999998 -0.0000000022827218)
continue (4.5099999999999998 -0.0000000023249489)
continue (5.0099999999999998 -0.0000000023322544)
continue (5.5099999999999998 -0.0000000023374971)
continue (6.0099999999999998 -0.0000000023425232)
continue (6.5099999999999998 -0.0000000023470851)
continue (7.0099999999999998 -0.0000000023515462)
continue (7.5099999999999998 -0.0000000023557633)
continue (8.0099999999999998 -0.0000000023595728)
continue (8.5099999999999998 -0.0000000023631525)
continue (9.0099999999999998 -0.0000000023664883)
continue (9.5099999999999998 -0.0000000023696212)
continue (10.0000000000000000 -0.0000000023725173)
continue (10.0099999999999998 -0.0000000023725749)
continue (15.0000000000000000 -0.0000000023961255)
continue (20.0000000000000000 -0.0000000024047457)
continue (25.0000000000000000 -0.0000000024084492)
continue (30.0000000000000000 -0.0000000024126180)
continue (35.0000000000000000 -0.0000000024164171)
continue (40.0000000000000000 -0.0000000024193215)
continue (45.0000000000000000 -0.0000000024209922)
continue (50.0000000000000000 -0.0000000024218698)
continue (55.0000000000000000 -0.0000000024227290)
continue (60.0000000000000000 -0.0000000024235599)
continue (65.0000000000000000 -0.0000000024243558)
continue (70.0000000000000000 -0.0000000024251148)
continue (75.0000000000000000 -0.0000000024258376)
continue (80.0000000000000000 -0.0000000024265258)
continue (85.0000000000000000 -0.0000000024271819)
continue (90.0000000000000000 -0.0000000024278081)
continue (95.0000000000000000 -0.0000000024284067)
continue (100.0000000000000000 -0.0000000024289799)
continue (110.0000000000000000 -0.0000000024300580)
continue (120.0000000000000000 -0.0000000024310561)
continue (130.0000000000000000 -0.0000000024319859)
continue (140.0000000000000000 -0.0000000024328565)
continue (150.0000000000000000 -0.0000000024336757)
continue (160.0000000000000000 -0.0000000024344497)
continue (170.0000000000000000 -0.0000000024351838)
continue (180.0000000000000000 -0.0000000024358825)
continue (190.0000000000000000 -0.0000000024365494)
continue (200.0000000000000000 -0.0000000024371878)
continue (210.0000000000000000 -0.0000000024378003)
continue (220.0000000000000000 -0.0000000024383894)
continue (230.0000000000000000 -0.0000000024389572)
continue (240.0000000000000000 -0.0000000024395053)
continue (250.0000000000000000 -0.0000000024400354)
continue (260.0000000000000000 -0.0000000024405489)
continue (270.0000000000000000 -0.0000000024410470)
continue (280.0000000000000000 -0.0000000024415309)
continue (290.0000000000000000 -0.0000000024420015)
continue (300.0000000000000000 -0.0000000024424597)
continue (310.0000000000000000 -0.0000000024429064)
continue (320.0000000000000000 -0.0000000024433423)
continue (330.0000000000000000 -0.0000000024437680)
continue (340.0000000000000000 -0.0000000024441841)
continue (350.0000000000000000 -0.0000000024445912)
continue (360.0000000000000000 -0.0000000024449898)
continue (370.0000000000000000 -0.0000000024453804)
continue (380.0000000000000000 -0.0000000024457633)
continue (390.0000000000000000 -0.0000000024461391)
continue (400.0000000000000000 -0.0000000024465079)
continue (410.0000000000000000 -0.0000000024468703)
continue (420.0000000000000000 -0.0000000024472265)
continue (430.0000000000000000 -0.0000000024475767)
continue (440.0000000000000000 -0.0000000024479213)
continue (450.0000000000000000 -0.0000000024482606)
continue (460.0000000000000000 -0.0000000024485946)
continue (470.0000000000000000 -0.0000000024489238)
continue (480.0000000000000000 -0.0000000024492482)
continue (490.0000000000000000 -0.0000000024495681)
continue (500.0000000000000000 -0.0000000024498836)
continue (510.0000000000000000 -0.0000000024501950)
continue (520.0000000000000000 -0.0000000024505024)
continue (530.0000000000000000 -0.0000000024508059)
continue (540.0000000000000000 -0.0000000024511056)
continue (550.0000000000000000 -0.0000000024514018)
continue (560.0000000000000000 -0.0000000024516946)
continue (570.0000000000000000 -0.0000000024519840)
continue (580.0000000000000000 -0.0000000024522702)
continue (590.0000000000000000 -0.0000000024525533)
continue (600.0000000000000000 -0.0000000024528334)
continue (610.0000000000000000 -0.0000000024531106)
continue (620.0000000000000000 -0.0000000024533850)
continue (630.0000000000000000 -0.0000000024536567)
continue (640.0000000000000000 -0.0000000024539258)
continue (650.0000000000000000 -0.0000000024541923)
continue (660.0000000000000000 -0.0000000024544563)
continue (670.0000000000000000 -0.0000000024547179)
continue (680.0000000000000000 -0.0000000024549772)
continue (690.0000000000000000 -0.0000000024552342)
continue (700.0000000000000000 -0.0000000024554891)
continue (710.0000000000000000 -0.0000000024557418)
continue (720.0000000000000000 -0.0000000024559924)
continue (730.0000000000000000 -0.0000000024562410)
continue (740.0000000000000000 -0.0000000024564877)
continue (750.0000000000000000 -0.0000000024567324)
continue (760.0000000000000000 -0.0000000024569753)
continue (770.0000000000000000 -0.0000000024572164)
continue (780.0000000000000000 -0.0000000024574557)
continue (790.0000000000000000 -0.0000000024576933)
continue (800.0000000000000000 -0.0000000024579292)
continue (810.0000000000000000 -0.0000000024581635)
continue (820.0000000000000000 -0.0000000024583962)
continue (830.0000000000000000 -0.0000000024586273)
continue (840.0000000000000000 -0.0000000024588569)
continue (850.0000000000000000 -0.0000000024590850)
continue (860.0000000000000000 -0.0000000024593117)
continue (870.0000000000000000 -0.0000000024595370)
continue (880.0000000000000000 -0.0000000024597609)
continue (890.0000000000000000 -0.0000000024599834)
continue (900.0000000000000000 -0.0000000024602046)
continue (910.0000000000000000 -0.0000000024604245)
continue (920.0000000000000000 -0.0000000024606431)
continue (930.0000000000000000 -0.0000000024608606)
continue (940.0000000000000000 -0.0000000024610768)
continue (950.0000000000000000 -0.0000000024612918)
continue (960.0000000000000000 -0.0000000024615056)
continue (970.0000000000000000 -0.0000000024617183)
continue (980.0000000000000000 -0.0000000024619299)
continue (990.0000000000000000 -0.0000000024621404)
continue (1000.0000000000000000 -0.0000000024623499)
continue (1200.0000000000000000 -0.0000000024663426)
continue (1400.0000000000000000 -0.0000000024700394)
continue (1600.0000000000000000 -0.0000000024735188)
continue (1800.0000000000000000 -0.0000000024768317)
continue (2000.0000000000000000 -0.0000000024800129)
continue (2200.0000000000000000 -0.0000000024830869)
continue (2400.0000000000000000 -0.0000000024860723)
continue (2600.0000000000000000 -0.0000000024889827)
continue (2800.0000000000000000 -0.0000000024918291)
continue (3000.0000000000000000 -0.0000000024946198)
continue (3200.0000000000000000 -0.0000000024973619)
continue (3400.0000000000000000 -0.0000000025000607)
continue (3600.0000000000000000 -0.0000000025027206)
continue (3800.0000000000000000 -0.0000000025053451)
continue (4000.0000000000000000 -0.0000000025079369)
continue (4200.0000000000000000 -0.0000000025104978)
continue (4400.0000000000000000 -0.0000000025130291)
continue (4600.0000000000000000 -0.0000000025155312)
continue (4800.0000000000000000 -0.0000000025180039)
continue (5000.0000000000000000 -0.0000000025204465)
continue (5200.0000000000000000 -0.0000000025228576)
continue (5400.0000000000000000 -0.0000000025252350)
continue (5600.0000000000000000 -0.0000000025275761)
continue (5800.0000000000000000 -0.0000000025298778)
continue (6000.0000000000000000 -0.0000000025321364)
continue (6200.0000000000000000 -0.0000000025343478)
continue (6400.0000000000000000 -0.0000000025365075)
continue (6600.0000000000000000 -0.0000000025386105)
continue (6800.0000000000000000 -0.0000000025406519)
continue (7000.0000000000000000 -0.0000000025426328)
continue (7200.0000000000000000 -0.0000000025445575)
continue (7400.0000000000000000 -0.0000000025464290)
continue (7600.0000000000000000 -0.0000000025482501)
continue (7800.0000000000000000 -0.0000000025500235)
continue (8000.0000000000000000 -0.0000000025517515)
continue (8200.0000000000000000 -0.0000000025534365)
continue (8400.0000000000000000 -0.0000000025550806)
continue (8600.0000000000000000 -0.0000000025566856)
continue (8800.0000000000000000 -0.0000000025582533)
continue (9000.0000000000000000 -0.0000000025597854)
continue (9200.0000000000000000 -0.0000000025612836)
continue (9400.0000000000000000 -0.0000000025627492)
continue (9600.0000000000000000 -0.0000000025641837)
continue (9800.0000000000000000 -0.0000000025655882)
continue (10000.0000000000000000 -0.0000000025669641)
continue (10200.0000000000000000 -0.0000000025683125)
continue (10400.0000000000000000 -0.0000000025696344)
continue (10600.0000000000000000 -0.0000000025709309)
continue (10800.0000000000000000 -0.0000000025722029)
continue (11000.0000000000000000 -0.0000000025734513)
continue (11500.0000000000000000 -0.0000000025764746)
continue (12000.0000000000000000 -0.0000000025793678)
continue (12500.0000000000000000 -0.0000000025821416)
continue (13000.0000000000000000 -0.0000000025848053)
continue (13500.0000000000000000 -0.0000000025873673)
continue (14000.0000000000000000 -0.0000000025898351)
continue (14500.0000000000000000 -0.0000000025922152)
continue (15000.0000000000000000 -0.0000000025945136)
continue (15500.0000000000000000 -0.0000000025967357)
continue (16000.0000000000000000 -0.0000000025988864)
continue (16500.0000000000000000 -0.0000000026009701)
continue (17000.0000000000000000 -0.0000000026029907)
continue (17500.0000000000000000 -0.0000000026049520)
continue (18000.0000000000000000 -0.0000000026068573)
continue (18500.0000000000000000 -0.0000000026087096)
continue (19000.0000000000000000 -0.0000000026105119)
continue (19500.0000000000000000 -0.0000000026122668)
continue (20000.0000000000000000 -0.0000000026139766)
continue (20500.0000000000000000 -0.0000000026156435)
continue (21000.0000000000000000 -0.0000000026172697)
continue (21500.0000000000000000 -0.0000000026188571)
continue (22000.0000000000000000 -0.0000000026204074)
continue (22500.0000000000000000 -0.0000000026219224)
continue (23000.0000000000000000 -0.0000000026234036)
continue (23500.0000000000000000 -0.0000000026248525)
continue (24000.0000000000000000 -0.0000000026262703)
continue (24500.0000000000000000 -0.0000000026276585)
continue (25000.0000000000000000 -0.0000000026290182)
continue (25500.0000000000000000 -0.0000000026303506)
continue (26000.0000000000000000 -0.0000000026316566)
continue (26500.0000000000000000 -0.0000000026329374)
continue (27000.0000000000000000 -0.0000000026341939)
continue (27500.0000000000000000 -0.0000000026354269)
continue (28000.0000000000000000 -0.0000000026366373)
continue (28500.0000000000000000 -0.0000000026378260)
continue (29000.0000000000000000 -0.0000000026389936)
continue (29500.0000000000000000 -0.0000000026401409)
continue (30000.0000000000000000 -0.0000000026412687)
continue (30500.0000000000000000 -0.0000000026423774)
continue (31000.0000000000000000 -0.0000000026434678)
continue (31500.0000000000000000 -0.0000000026445405)
continue (32000.0000000000000000 -0.0000000026455960)
continue (32500.0000000000000000 -0.0000000026466348)
continue (33000.0000000000000000 -0.0000000026476575)
continue (33500.0000000000000000 -0.0000000026486645)
continue (34000.0000000000000000 -0.0000000026496563)
continue (34500.0000000000000000 -0.0000000026506334)
continue (35000.0000000000000000 -0.0000000026515962)
continue (35500.0000000000000000 -0.0000000026525451)
continue (36000.0000000000000000 -0.0000000026534804)
continue (36500.0000000000000000 -0.0000000026544026)
continue (37000.0000000000000000 -0.0000000026553121)
continue (37500.0000000000000000 -0.0000000026562091)
continue (38000.0000000000000000 -0.0000000026570939)
continue (38500.0000000000000000 -0.0000000026579670)
continue (39000.0000000000000000 -0.0000000026588286)
continue (39500.0000000000000000 -0.0000000026596790)
continue (40000.0000000000000000 -0.0000000026605186)
continue (40500.0000000000000000 -0.0000000026613474)
continue (41000.0000000000000000 -0.0000000026621660)
continue (41500.0000000000000000 -0.0000000026629744)
continue (42000.0000000000000000 -0.0000000026637729)
continue (42500.0000000000000000 -0.0000000026645618)
continue (43000.0000000000000000 -0.0000000026653412)
continue (43500.0000000000000000 -0.0000000026661115)
continue (44000.0000000000000000 -0.0000000026668728)
continue (44500.0000000000000000 -0.0000000026676253)
continue (45000.0000000000000000 -0.0000000026683692)
continue (45500.0000000000000000 -0.0000000026691048)
continue (46000.0000000000000000 -0.0000000026698321)
continue (46500.0000000000000000 -0.0000000026705514)
continue (47000.0000000000000000 -0.0000000026712629)
continue (47500.0000000000000000 -0.0000000026719667)
continue (48000.0000000000000000 -0.0000000026726629)
continue (48500.0000000000000000 -0.0000000026733518)
continue (49000.0000000000000000 -0.0000000026740335)
continue (49500.0000000000000000 -0.0000000026747081)
continue (50000.0000000000000000 -0.0000000026753757)
continue (50500.0000000000000000 -0.0000000026760366)
continue (51000.0000000000000000 -0.0000000026766909)
continue (51500.0000000000000000 -0.0000000026773386)
continue (52000.0000000000000000 -0.0000000026779799)
continue (52500.0000000000000000 -0.0000000026786149)
continue (53000.0000000000000000 -0.0000000026792438)
continue (53500.0000000000000000 -0.0000000026798667)
continue (54000.0000000000000000 -0.0000000026804836)
continue (54500.0000000000000000 -0.0000000026810947)
continue (55000.0000000000000000 -0.0000000026817002)
continue (55500.0000000000000000 -0.0000000026823000)
continue (56000.0000000000000000 -0.0000000026828943)
continue (56500.0000000000000000 -0.0000000026834832)
continue (57000.0000000000000000 -0.0000000026840668)
continue (57500.0000000000000000 -0.0000000026846452)
continue (58000.0000000000000000 -0.0000000026852185)
continue (58500.0000000000000000 -0.0000000026857867)
continue (59000.0000000000000000 -0.0000000026863500)
continue (59500.0000000000000000 -0.0000000026869084)
continue (60000.0000000000000000 -0.0000000026874621)
continue (60500.0000000000000000 -0.0000000026880110)
continue (61000.0000000000000000 -0.0000000026885553)
continue (61500.0000000000000000 -0.0000000026890951)
continue (62000.0000000000000000 -0.0000000026896304)
continue (62500.0000000000000000 -0.0000000026901613)
continue (63000.0000000000000000 -0.0000000026906879)
continue (63500.0000000000000000 -0.0000000026912102)
continue (64000.0000000000000000 -0.0000000026917283)
continue (64500.0000000000000000 -0.0000000026922423)
continue (65000.0000000000000000 -0.0000000026927522)
continue (65500.0000000000000000 -0.0000000026932581)
continue (66000.0000000000000000 -0.0000000026937601)
continue (66500.0000000000000000 -0.0000000026942582)
continue (67000.0000000000000000 -0.0000000026947525)
continue (67500.0000000000000000 -0.0000000026952430)
continue (68000.0000000000000000 -0.0000000026957298)
continue (68500.0000000000000000 -0.0000000026962130)
continue (69000.0000000000000000 -0.0000000026966925)
continue (69500.0000000000000000 -0.0000000026971685)
continue (70000.0000000000000000 -0.0000000026976410)
continue (70500.0000000000000000 -0.0000000026981101)
continue (71000.0000000000000000 -0.0000000026985757)
continue (71500.0000000000000000 -0.0000000026990381)
continue (72000.0000000000000000 -0.0000000026994971)
continue (72500.0000000000000000 -0.0000000026999528)
continue (73000.0000000000000000 -0.0000000027004054)
continue (73500.0000000000000000 -0.0000000027008548)
continue (74000.0000000000000000 -0.0000000027013010)
continue (74500.0000000000000000 -0.0000000027017442)
continue (75245.0000000000000000 -0.0000000050000000)
continue (7354000.0000000000000000 -0.0000000050000000)
f(nu) = -20.1264678661872125 at 1.0000000000000000 Ryd
