# Faucher-Giguere 2019 
# z = 0.258925
# E [Ryd] log (J_nu)
interpolate (0.0000000100100000 -0.0000000050000000)
continue (0.0990000000000000 -0.0000000050000000)
continue (0.1000000000000000 -0.0000000019685642)
continue (0.1500000000000000 -0.0000000019822056)
continue (0.2000000000000000 -0.0000000019911723)
continue (0.2500000000000001 -0.0000000019973750)
continue (0.3000000000000000 -0.0000000020017974)
continue (0.3500000000000001 -0.0000000020077720)
continue (0.4000000000000001 -0.0000000020153636)
continue (0.4500000000000001 -0.0000000020233326)
continue (0.5000000000000001 -0.0000000020317543)
continue (0.5500000000000002 -0.0000000020406562)
continue (0.6000000000000002 -0.0000000020502522)
continue (0.6500000000000001 -0.0000000020609291)
continue (0.7000000000000002 -0.0000000020715265)
continue (0.7500000000000002 -0.0000000021001139)
continue (0.8000000000000002 -0.0000000021110919)
continue (0.8500000000000002 -0.0000000021266359)
continue (0.9000000000000002 -0.0000000021610443)
continue (0.9500000000000003 -0.0000000021778980)
continue (1.0100000000000000 -0.0000000022390219)
continue (1.0600000000000001 -0.0000000022427172)
continue (1.1100000000000001 -0.0000000022460246)
continue (1.1600000000000001 -0.0000000022491787)
continue (1.2100000000000002 -0.0000000022522662)
continue (1.2600000000000002 -0.0000000022551220)
continue (1.3100000000000003 -0.0000000022578302)
continue (1.3600000000000003 -0.0000000022606865)
continue (1.4100000000000004 -0.0000000022634500)
continue (1.4600000000000004 -0.0000000022661189)
continue (1.5100000000000005 -0.0000000022686966)
continue (1.5600000000000005 -0.0000000022712051)
continue (1.6100000000000005 -0.0000000022735242)
continue (1.6600000000000006 -0.0000000022761401)
continue (1.7100000000000006 -0.0000000022785895)
continue (1.7600000000000007 -0.0000000022809769)
continue (1.8100000000000007 -0.0000000022836322)
continue (1.8600000000000008 -0.0000000022860914)
continue (1.9100000000000008 -0.0000000022891458)
continue (1.9600000000000009 -0.0000000022916948)
continue (2.0000000000000000 -0.0000000022937880)
continue (2.0099999999999998 -0.0000000022943621)
continue (2.0199999999999996 -0.0000000022953037)
continue (2.0299999999999994 -0.0000000022956661)
continue (2.0399999999999991 -0.0000000022961150)
continue (2.0499999999999989 -0.0000000022964927)
continue (2.0599999999999987 -0.0000000022975394)
continue (2.0699999999999985 -0.0000000022980014)
continue (2.0799999999999983 -0.0000000022984505)
continue (2.0899999999999981 -0.0000000022987725)
continue (2.0999999999999979 -0.0000000022992743)
continue (2.1099999999999977 -0.0000000023002859)
continue (2.1199999999999974 -0.0000000023007792)
continue (2.1299999999999972 -0.0000000023012841)
continue (2.1399999999999970 -0.0000000023017778)
continue (2.1499999999999968 -0.0000000023025011)
continue (2.1599999999999966 -0.0000000023031745)
continue (2.1699999999999964 -0.0000000023036311)
continue (2.1799999999999962 -0.0000000023040026)
continue (2.1899999999999959 -0.0000000023046410)
continue (2.1999999999999957 -0.0000000023056259)
continue (2.2099999999999955 -0.0000000023061954)
continue (2.2199999999999953 -0.0000000023065066)
continue (2.2299999999999951 -0.0000000023068505)
continue (2.2399999999999949 -0.0000000023074274)
continue (2.2499999999999947 -0.0000000023084771)
continue (2.2599999999999945 -0.0000000023090658)
continue (2.2699999999999942 -0.0000000023095877)
continue (2.2799999999999940 -0.0000000023098055)
continue (2.2899999999999938 -0.0000000023103275)
continue (2.2999999999999936 -0.0000000023113863)
continue (2.3099999999999934 -0.0000000023120589)
continue (2.3199999999999932 -0.0000000023125447)
continue (2.3299999999999930 -0.0000000023129841)
continue (2.3399999999999928 -0.0000000023133973)
continue (2.3499999999999925 -0.0000000023143407)
continue (2.3599999999999923 -0.0000000023148281)
continue (2.3699999999999921 -0.0000000023154911)
continue (2.3799999999999919 -0.0000000023159396)
continue (2.3899999999999917 -0.0000000023164438)
continue (2.3999999999999915 -0.0000000023168311)
continue (2.4099999999999913 -0.0000000023179818)
continue (2.4199999999999910 -0.0000000023186257)
continue (2.4299999999999908 -0.0000000023189237)
continue (2.4399999999999906 -0.0000000023193698)
continue (2.4499999999999904 -0.0000000023198358)
continue (2.4599999999999902 -0.0000000023210219)
continue (2.4699999999999900 -0.0000000023214665)
continue (2.4799999999999898 -0.0000000023219779)
continue (2.4899999999999896 -0.0000000023224929)
continue (2.4999999999999893 -0.0000000023229041)
continue (2.5099999999999891 -0.0000000023232023)
continue (2.5199999999999889 -0.0000000023237184)
continue (2.5299999999999887 -0.0000000023248901)
continue (2.5399999999999885 -0.0000000023255052)
continue (2.5499999999999883 -0.0000000023261282)
continue (2.5599999999999881 -0.0000000023267203)
continue (2.5699999999999878 -0.0000000023272052)
continue (2.5799999999999876 -0.0000000023278159)
continue (2.5899999999999874 -0.0000000023282838)
continue (2.5999999999999872 -0.0000000023288815)
continue (2.6099999999999870 -0.0000000023293452)
continue (2.6199999999999868 -0.0000000023299757)
continue (2.6299999999999866 -0.0000000023305493)
continue (2.6399999999999864 -0.0000000023312074)
continue (2.6499999999999861 -0.0000000023316230)
continue (2.6599999999999859 -0.0000000023322777)
continue (2.6699999999999857 -0.0000000023328621)
continue (2.6799999999999855 -0.0000000023333156)
continue (2.6899999999999853 -0.0000000023338073)
continue (2.6999999999999851 -0.0000000023343995)
continue (2.7099999999999849 -0.0000000023350042)
continue (2.7199999999999847 -0.0000000023354624)
continue (2.7299999999999844 -0.0000000023360707)
continue (2.7399999999999842 -0.0000000023366489)
continue (2.7499999999999840 -0.0000000023371580)
continue (2.7599999999999838 -0.0000000023377173)
continue (2.7699999999999836 -0.0000000023383409)
continue (2.7799999999999834 -0.0000000023386592)
continue (2.7899999999999832 -0.0000000023392691)
continue (2.7999999999999829 -0.0000000023397236)
continue (2.8099999999999827 -0.0000000023403240)
continue (2.8199999999999825 -0.0000000023409445)
continue (2.8299999999999823 -0.0000000023413911)
continue (2.8399999999999821 -0.0000000023419879)
continue (2.8499999999999819 -0.0000000023425660)
continue (2.8599999999999817 -0.0000000023430352)
continue (2.8699999999999815 -0.0000000023436192)
continue (2.8799999999999812 -0.0000000023440544)
continue (2.8899999999999810 -0.0000000023445274)
continue (2.8999999999999808 -0.0000000023450813)
continue (2.9099999999999806 -0.0000000023455786)
continue (2.9199999999999804 -0.0000000023461155)
continue (2.9299999999999802 -0.0000000023465849)
continue (2.9399999999999800 -0.0000000023471385)
continue (2.9499999999999797 -0.0000000023477111)
continue (2.9599999999999795 -0.0000000023481765)
continue (2.9699999999999793 -0.0000000023487356)
continue (2.9799999999999791 -0.0000000023491952)
continue (2.9899999999999789 -0.0000000023497550)
continue (2.9999999999999787 -0.0000000023502347)
continue (3.0099999999999785 -0.0000000023618481)
continue (3.0199999999999783 -0.0000000023623356)
continue (3.0299999999999780 -0.0000000023627663)
continue (3.0399999999999778 -0.0000000023632382)
continue (3.0499999999999776 -0.0000000023636935)
continue (3.0599999999999774 -0.0000000023641298)
continue (3.0699999999999772 -0.0000000023646196)
continue (3.0799999999999770 -0.0000000023650272)
continue (3.0899999999999768 -0.0000000023655338)
continue (3.0999999999999766 -0.0000000023659247)
continue (3.1099999999999763 -0.0000000023664005)
continue (3.1199999999999761 -0.0000000023668309)
continue (3.1299999999999759 -0.0000000023672524)
continue (3.1399999999999757 -0.0000000023677256)
continue (3.1499999999999755 -0.0000000023681069)
continue (3.1599999999999753 -0.0000000023685891)
continue (3.1699999999999751 -0.0000000023689589)
continue (3.1799999999999748 -0.0000000023694383)
continue (3.1899999999999746 -0.0000000023698151)
continue (3.1999999999999744 -0.0000000023702797)
continue (3.2099999999999742 -0.0000000023707203)
continue (3.2199999999999740 -0.0000000023711221)
continue (3.2299999999999738 -0.0000000023715678)
continue (3.2399999999999736 -0.0000000023719465)
continue (3.2499999999999734 -0.0000000023724157)
continue (3.2599999999999731 -0.0000000023727525)
continue (3.2699999999999729 -0.0000000023732421)
continue (3.2799999999999727 -0.0000000023735417)
continue (3.2899999999999725 -0.0000000023740278)
continue (3.2999999999999723 -0.0000000023743232)
continue (3.3099999999999721 -0.0000000023747870)
continue (3.3199999999999719 -0.0000000023751176)
continue (3.3299999999999716 -0.0000000023755612)
continue (3.3399999999999714 -0.0000000023758601)
continue (3.3499999999999712 -0.0000000023763495)
continue (3.3599999999999710 -0.0000000023768008)
continue (3.3699999999999708 -0.0000000023771086)
continue (3.3799999999999706 -0.0000000023775374)
continue (3.3899999999999704 -0.0000000023777849)
continue (3.3999999999999702 -0.0000000023782694)
continue (3.4099999999999699 -0.0000000023784345)
continue (3.4199999999999697 -0.0000000023789909)
continue (3.4299999999999695 -0.0000000023790760)
continue (3.4399999999999693 -0.0000000023796449)
continue (3.4499999999999691 -0.0000000023801291)
continue (3.4599999999999689 -0.0000000023802552)
continue (3.4699999999999687 -0.0000000023807719)
continue (3.4799999999999685 -0.0000000023808473)
continue (3.4899999999999682 -0.0000000023814212)
continue (3.4999999999999680 -0.0000000023818953)
continue (3.5099999999999678 -0.0000000023819972)
continue (3.5199999999999676 -0.0000000023825223)
continue (3.5299999999999674 -0.0000000023825167)
continue (3.5399999999999672 -0.0000000023831223)
continue (3.5499999999999670 -0.0000000023830139)
continue (3.5599999999999667 -0.0000000023829578)
continue (3.5699999999999665 -0.0000000023835226)
continue (3.5799999999999663 -0.0000000023834215)
continue (3.5899999999999661 -0.0000000023840367)
continue (3.5999999999999659 -0.0000000023845873)
continue (3.6099999999999657 -0.0000000023844851)
continue (3.6199999999999655 -0.0000000023851111)
continue (3.6299999999999653 -0.0000000023848847)
continue (3.6399999999999650 -0.0000000023855276)
continue (3.6499999999999648 -0.0000000023860921)
continue (3.6599999999999646 -0.0000000023858708)
continue (3.6699999999999644 -0.0000000023865346)
continue (3.6799999999999642 -0.0000000023861746)
continue (3.6899999999999640 -0.0000000023868438)
continue (3.6999999999999638 -0.0000000023874999)
continue (3.7099999999999635 -0.0000000023870923)
continue (3.7199999999999633 -0.0000000023877740)
continue (3.7299999999999631 -0.0000000023883796)
continue (3.7399999999999629 -0.0000000023879848)
continue (3.7499999999999627 -0.0000000023886731)
continue (3.7599999999999625 -0.0000000023889156)
continue (3.7699999999999623 -0.0000000023884784)
continue (3.7799999999999621 -0.0000000023891851)
continue (3.7899999999999618 -0.0000000023885422)
continue (3.7999999999999616 -0.0000000023892992)
continue (3.8099999999999614 -0.0000000023900266)
continue (3.8199999999999612 -0.0000000023893040)
continue (3.8299999999999610 -0.0000000023900732)
continue (3.8399999999999608 -0.0000000023908155)
continue (3.8499999999999606 -0.0000000023897894)
continue (3.8599999999999604 -0.0000000023905756)
continue (3.8699999999999601 -0.0000000023913331)
continue (3.8799999999999599 -0.0000000023904494)
continue (3.8899999999999597 -0.0000000023911005)
continue (3.8999999999999595 -0.0000000023918742)
continue (3.9099999999999593 -0.0000000023908908)
continue (3.9199999999999591 -0.0000000023917250)
continue (3.9299999999999589 -0.0000000023925199)
continue (3.9399999999999586 -0.0000000023914365)
continue (3.9499999999999584 -0.0000000023922939)
continue (3.9599999999999582 -0.0000000023931140)
continue (3.9699999999999580 -0.0000000023919443)
continue (3.9799999999999578 -0.0000000023928243)
continue (3.9899999999999576 -0.0000000023936697)
continue (4.0099999999999998 -0.0000000023933137)
continue (4.5099999999999998 -0.0000000024081263)
continue (5.0099999999999998 -0.0000000024131052)
continue (5.5099999999999998 -0.0000000024177830)
continue (6.0099999999999998 -0.0000000024222567)
continue (6.5099999999999998 -0.0000000024265003)
continue (7.0099999999999998 -0.0000000024305082)
continue (7.5099999999999998 -0.0000000024342651)
continue (8.0099999999999998 -0.0000000024377570)
continue (8.5099999999999998 -0.0000000024409744)
continue (9.0099999999999998 -0.0000000024439076)
continue (9.5099999999999998 -0.0000000024465539)
continue (10.0000000000000000 -0.0000000024488804)
continue (10.0099999999999998 -0.0000000024489257)
continue (15.0000000000000000 -0.0000000024624870)
continue (20.0000000000000000 -0.0000000024692445)
continue (25.0000000000000000 -0.0000000024737201)
continue (30.0000000000000000 -0.0000000024765713)
continue (35.0000000000000000 -0.0000000024785175)
continue (40.0000000000000000 -0.0000000024800223)
continue (45.0000000000000000 -0.0000000024812918)
continue (50.0000000000000000 -0.0000000024824236)
continue (55.0000000000000000 -0.0000000024834695)
continue (60.0000000000000000 -0.0000000024844408)
continue (65.0000000000000000 -0.0000000024853471)
continue (70.0000000000000000 -0.0000000024861965)
continue (75.0000000000000000 -0.0000000024869959)
continue (80.0000000000000000 -0.0000000024877513)
continue (85.0000000000000000 -0.0000000024884676)
continue (90.0000000000000000 -0.0000000024891489)
continue (95.0000000000000000 -0.0000000024897989)
continue (100.0000000000000000 -0.0000000024904206)
continue (110.0000000000000000 -0.0000000024915897)
continue (120.0000000000000000 -0.0000000024926734)
continue (130.0000000000000000 -0.0000000024936853)
continue (140.0000000000000000 -0.0000000024946357)
continue (150.0000000000000000 -0.0000000024955331)
continue (160.0000000000000000 -0.0000000024963843)
continue (170.0000000000000000 -0.0000000024971948)
continue (180.0000000000000000 -0.0000000024979692)
continue (190.0000000000000000 -0.0000000024987114)
continue (200.0000000000000000 -0.0000000024994247)
continue (210.0000000000000000 -0.0000000025001120)
continue (220.0000000000000000 -0.0000000025007755)
continue (230.0000000000000000 -0.0000000025014174)
continue (240.0000000000000000 -0.0000000025020395)
continue (250.0000000000000000 -0.0000000025026435)
continue (260.0000000000000000 -0.0000000025032308)
continue (270.0000000000000000 -0.0000000025038026)
continue (280.0000000000000000 -0.0000000025043600)
continue (290.0000000000000000 -0.0000000025049040)
continue (300.0000000000000000 -0.0000000025054356)
continue (310.0000000000000000 -0.0000000025059555)
continue (320.0000000000000000 -0.0000000025064645)
continue (330.0000000000000000 -0.0000000025069633)
continue (340.0000000000000000 -0.0000000025074524)
continue (350.0000000000000000 -0.0000000025079325)
continue (360.0000000000000000 -0.0000000025084040)
continue (370.0000000000000000 -0.0000000025088673)
continue (380.0000000000000000 -0.0000000025093230)
continue (390.0000000000000000 -0.0000000025097714)
continue (400.0000000000000000 -0.0000000025102129)
continue (410.0000000000000000 -0.0000000025106478)
continue (420.0000000000000000 -0.0000000025110764)
continue (430.0000000000000000 -0.0000000025114990)
continue (440.0000000000000000 -0.0000000025119160)
continue (450.0000000000000000 -0.0000000025123275)
continue (460.0000000000000000 -0.0000000025127338)
continue (470.0000000000000000 -0.0000000025131351)
continue (480.0000000000000000 -0.0000000025135316)
continue (490.0000000000000000 -0.0000000025139235)
continue (500.0000000000000000 -0.0000000025143110)
continue (510.0000000000000000 -0.0000000025146943)
continue (520.0000000000000000 -0.0000000025150735)
continue (530.0000000000000000 -0.0000000025154487)
continue (540.0000000000000000 -0.0000000025158202)
continue (550.0000000000000000 -0.0000000025161881)
continue (560.0000000000000000 -0.0000000025165525)
continue (570.0000000000000000 -0.0000000025169134)
continue (580.0000000000000000 -0.0000000025172711)
continue (590.0000000000000000 -0.0000000025176256)
continue (600.0000000000000000 -0.0000000025179771)
continue (610.0000000000000000 -0.0000000025183256)
continue (620.0000000000000000 -0.0000000025186712)
continue (630.0000000000000000 -0.0000000025190141)
continue (640.0000000000000000 -0.0000000025193543)
continue (650.0000000000000000 -0.0000000025196918)
continue (660.0000000000000000 -0.0000000025200269)
continue (670.0000000000000000 -0.0000000025203594)
continue (680.0000000000000000 -0.0000000025206896)
continue (690.0000000000000000 -0.0000000025210175)
continue (700.0000000000000000 -0.0000000025213431)
continue (710.0000000000000000 -0.0000000025216665)
continue (720.0000000000000000 -0.0000000025219878)
continue (730.0000000000000000 -0.0000000025223070)
continue (740.0000000000000000 -0.0000000025226242)
continue (750.0000000000000000 -0.0000000025229395)
continue (760.0000000000000000 -0.0000000025232528)
continue (770.0000000000000000 -0.0000000025235642)
continue (780.0000000000000000 -0.0000000025238739)
continue (790.0000000000000000 -0.0000000025241817)
continue (800.0000000000000000 -0.0000000025244878)
continue (810.0000000000000000 -0.0000000025247923)
continue (820.0000000000000000 -0.0000000025250950)
continue (830.0000000000000000 -0.0000000025253962)
continue (840.0000000000000000 -0.0000000025256958)
continue (850.0000000000000000 -0.0000000025259938)
continue (860.0000000000000000 -0.0000000025262903)
continue (870.0000000000000000 -0.0000000025265854)
continue (880.0000000000000000 -0.0000000025268790)
continue (890.0000000000000000 -0.0000000025271713)
continue (900.0000000000000000 -0.0000000025274621)
continue (910.0000000000000000 -0.0000000025277516)
continue (920.0000000000000000 -0.0000000025280398)
continue (930.0000000000000000 -0.0000000025283266)
continue (940.0000000000000000 -0.0000000025286122)
continue (950.0000000000000000 -0.0000000025288966)
continue (960.0000000000000000 -0.0000000025291797)
continue (970.0000000000000000 -0.0000000025294617)
continue (980.0000000000000000 -0.0000000025297425)
continue (990.0000000000000000 -0.0000000025300221)
continue (1000.0000000000000000 -0.0000000025303006)
continue (1200.0000000000000000 -0.0000000025356633)
continue (1400.0000000000000000 -0.0000000025407081)
continue (1600.0000000000000000 -0.0000000025455136)
continue (1800.0000000000000000 -0.0000000025501295)
continue (2000.0000000000000000 -0.0000000025545877)
continue (2200.0000000000000000 -0.0000000025589087)
continue (2400.0000000000000000 -0.0000000025631051)
continue (2600.0000000000000000 -0.0000000025671836)
continue (2800.0000000000000000 -0.0000000025711476)
continue (3000.0000000000000000 -0.0000000025749977)
continue (3200.0000000000000000 -0.0000000025787335)
continue (3400.0000000000000000 -0.0000000025823540)
continue (3600.0000000000000000 -0.0000000025858585)
continue (3800.0000000000000000 -0.0000000025892468)
continue (4000.0000000000000000 -0.0000000025925198)
continue (4200.0000000000000000 -0.0000000025956791)
continue (4400.0000000000000000 -0.0000000025987272)
continue (4600.0000000000000000 -0.0000000026016676)
continue (4800.0000000000000000 -0.0000000026045043)
continue (5000.0000000000000000 -0.0000000026072412)
continue (5200.0000000000000000 -0.0000000026098830)
continue (5400.0000000000000000 -0.0000000026124341)
continue (5600.0000000000000000 -0.0000000026148989)
continue (5800.0000000000000000 -0.0000000026172817)
continue (6000.0000000000000000 -0.0000000026195868)
continue (6200.0000000000000000 -0.0000000026218183)
continue (6400.0000000000000000 -0.0000000026239797)
continue (6600.0000000000000000 -0.0000000026260749)
continue (6800.0000000000000000 -0.0000000026281072)
continue (7000.0000000000000000 -0.0000000026300799)
continue (7200.0000000000000000 -0.0000000026319964)
continue (7400.0000000000000000 -0.0000000026338598)
continue (7600.0000000000000000 -0.0000000026356730)
continue (7800.0000000000000000 -0.0000000026374385)
continue (8000.0000000000000000 -0.0000000026391589)
continue (8200.0000000000000000 -0.0000000026408363)
continue (8400.0000000000000000 -0.0000000026424728)
continue (8600.0000000000000000 -0.0000000026440703)
continue (8800.0000000000000000 -0.0000000026456307)
continue (9000.0000000000000000 -0.0000000026471556)
continue (9200.0000000000000000 -0.0000000026486466)
continue (9400.0000000000000000 -0.0000000026501051)
continue (9600.0000000000000000 -0.0000000026515326)
continue (9800.0000000000000000 -0.0000000026529302)
continue (10000.0000000000000000 -0.0000000026542993)
continue (10200.0000000000000000 -0.0000000026556409)
continue (10400.0000000000000000 -0.0000000026569561)
continue (10600.0000000000000000 -0.0000000026582459)
continue (10800.0000000000000000 -0.0000000026595113)
continue (11000.0000000000000000 -0.0000000026607532)
continue (11500.0000000000000000 -0.0000000026637605)
continue (12000.0000000000000000 -0.0000000026666381)
continue (12500.0000000000000000 -0.0000000026693966)
continue (13000.0000000000000000 -0.0000000026720453)
continue (13500.0000000000000000 -0.0000000026745927)
continue (14000.0000000000000000 -0.0000000026770461)
continue (14500.0000000000000000 -0.0000000026794121)
continue (15000.0000000000000000 -0.0000000026816967)
continue (15500.0000000000000000 -0.0000000026839053)
continue (16000.0000000000000000 -0.0000000026860426)
continue (16500.0000000000000000 -0.0000000026881132)
continue (17000.0000000000000000 -0.0000000026901209)
continue (17500.0000000000000000 -0.0000000026920695)
continue (18000.0000000000000000 -0.0000000026939623)
continue (18500.0000000000000000 -0.0000000026958024)
continue (19000.0000000000000000 -0.0000000026975926)
continue (19500.0000000000000000 -0.0000000026993355)
continue (20000.0000000000000000 -0.0000000027010335)
continue (20500.0000000000000000 -0.0000000027026889)
continue (21000.0000000000000000 -0.0000000027043037)
continue (21500.0000000000000000 -0.0000000027058798)
continue (22000.0000000000000000 -0.0000000027074190)
continue (22500.0000000000000000 -0.0000000027089230)
continue (23000.0000000000000000 -0.0000000027103933)
continue (23500.0000000000000000 -0.0000000027118314)
continue (24000.0000000000000000 -0.0000000027132387)
continue (24500.0000000000000000 -0.0000000027146164)
continue (25000.0000000000000000 -0.0000000027159658)
continue (25500.0000000000000000 -0.0000000027172879)
continue (26000.0000000000000000 -0.0000000027185838)
continue (26500.0000000000000000 -0.0000000027198546)
continue (27000.0000000000000000 -0.0000000027211012)
continue (27500.0000000000000000 -0.0000000027223244)
continue (28000.0000000000000000 -0.0000000027235251)
continue (28500.0000000000000000 -0.0000000027247042)
continue (29000.0000000000000000 -0.0000000027258624)
continue (29500.0000000000000000 -0.0000000027270003)
continue (30000.0000000000000000 -0.0000000027281187)
continue (30500.0000000000000000 -0.0000000027292183)
continue (31000.0000000000000000 -0.0000000027302996)
continue (31500.0000000000000000 -0.0000000027313632)
continue (32000.0000000000000000 -0.0000000027324097)
continue (32500.0000000000000000 -0.0000000027334396)
continue (33000.0000000000000000 -0.0000000027344535)
continue (33500.0000000000000000 -0.0000000027354518)
continue (34000.0000000000000000 -0.0000000027364350)
continue (34500.0000000000000000 -0.0000000027374036)
continue (35000.0000000000000000 -0.0000000027383578)
continue (35500.0000000000000000 -0.0000000027392983)
continue (36000.0000000000000000 -0.0000000027402253)
continue (36500.0000000000000000 -0.0000000027411392)
continue (37000.0000000000000000 -0.0000000027420404)
continue (37500.0000000000000000 -0.0000000027429293)
continue (38000.0000000000000000 -0.0000000027438061)
continue (38500.0000000000000000 -0.0000000027446711)
continue (39000.0000000000000000 -0.0000000027455248)
continue (39500.0000000000000000 -0.0000000027463673)
continue (40000.0000000000000000 -0.0000000027471990)
continue (40500.0000000000000000 -0.0000000027480201)
continue (41000.0000000000000000 -0.0000000027488309)
continue (41500.0000000000000000 -0.0000000027496316)
continue (42000.0000000000000000 -0.0000000027504225)
continue (42500.0000000000000000 -0.0000000027512038)
continue (43000.0000000000000000 -0.0000000027519758)
continue (43500.0000000000000000 -0.0000000027527386)
continue (44000.0000000000000000 -0.0000000027534925)
continue (44500.0000000000000000 -0.0000000027542377)
continue (45000.0000000000000000 -0.0000000027549743)
continue (45500.0000000000000000 -0.0000000027557026)
continue (46000.0000000000000000 -0.0000000027564228)
continue (46500.0000000000000000 -0.0000000027571349)
continue (47000.0000000000000000 -0.0000000027578393)
continue (47500.0000000000000000 -0.0000000027585360)
continue (48000.0000000000000000 -0.0000000027592252)
continue (48500.0000000000000000 -0.0000000027599072)
continue (49000.0000000000000000 -0.0000000027605819)
continue (49500.0000000000000000 -0.0000000027612496)
continue (50000.0000000000000000 -0.0000000027619105)
continue (50500.0000000000000000 -0.0000000027625645)
continue (51000.0000000000000000 -0.0000000027632120)
continue (51500.0000000000000000 -0.0000000027638530)
continue (52000.0000000000000000 -0.0000000027644877)
continue (52500.0000000000000000 -0.0000000027651161)
continue (53000.0000000000000000 -0.0000000027657384)
continue (53500.0000000000000000 -0.0000000027663547)
continue (54000.0000000000000000 -0.0000000027669651)
continue (54500.0000000000000000 -0.0000000027675697)
continue (55000.0000000000000000 -0.0000000027681687)
continue (55500.0000000000000000 -0.0000000027687621)
continue (56000.0000000000000000 -0.0000000027693501)
continue (56500.0000000000000000 -0.0000000027699326)
continue (57000.0000000000000000 -0.0000000027705100)
continue (57500.0000000000000000 -0.0000000027710821)
continue (58000.0000000000000000 -0.0000000027716491)
continue (58500.0000000000000000 -0.0000000027722112)
continue (59000.0000000000000000 -0.0000000027727683)
continue (59500.0000000000000000 -0.0000000027733206)
continue (60000.0000000000000000 -0.0000000027738681)
continue (60500.0000000000000000 -0.0000000027744110)
continue (61000.0000000000000000 -0.0000000027749493)
continue (61500.0000000000000000 -0.0000000027754831)
continue (62000.0000000000000000 -0.0000000027760124)
continue (62500.0000000000000000 -0.0000000027765373)
continue (63000.0000000000000000 -0.0000000027770580)
continue (63500.0000000000000000 -0.0000000027775744)
continue (64000.0000000000000000 -0.0000000027780867)
continue (64500.0000000000000000 -0.0000000027785948)
continue (65000.0000000000000000 -0.0000000027790989)
continue (65500.0000000000000000 -0.0000000027795991)
continue (66000.0000000000000000 -0.0000000027800953)
continue (66500.0000000000000000 -0.0000000027805877)
continue (67000.0000000000000000 -0.0000000027810763)
continue (67500.0000000000000000 -0.0000000027815612)
continue (68000.0000000000000000 -0.0000000027820423)
continue (68500.0000000000000000 -0.0000000027825199)
continue (69000.0000000000000000 -0.0000000027829939)
continue (69500.0000000000000000 -0.0000000027834643)
continue (70000.0000000000000000 -0.0000000027839313)
continue (70500.0000000000000000 -0.0000000027843948)
continue (71000.0000000000000000 -0.0000000027848550)
continue (71500.0000000000000000 -0.0000000027853119)
continue (72000.0000000000000000 -0.0000000027857655)
continue (72500.0000000000000000 -0.0000000027862158)
continue (73000.0000000000000000 -0.0000000027866630)
continue (73500.0000000000000000 -0.0000000027871070)
continue (74000.0000000000000000 -0.0000000027875479)
continue (74500.0000000000000000 -0.0000000027879858)
continue (75245.0000000000000000 -0.0000000050000000)
continue (7354000.0000000000000000 -0.0000000050000000)
f(nu) = -21.1917003743176267 at 1.0000000000000000 Ryd
