# Faucher-Giguere 2019 
# z = 3.466836
# E [Ryd] log (J_nu)
interpolate (0.0000000100100000 -0.0000000050000000)
continue (0.0990000000000000 -0.0000000050000000)
continue (0.1000000000000000 -0.0000000018777921)
continue (0.1500000000000000 -0.0000000018871757)
continue (0.2000000000000000 -0.0000000019009414)
continue (0.2500000000000001 -0.0000000019196894)
continue (0.3000000000000000 -0.0000000019213567)
continue (0.3500000000000001 -0.0000000019221301)
continue (0.4000000000000001 -0.0000000019193206)
continue (0.4500000000000001 -0.0000000019182839)
continue (0.5000000000000001 -0.0000000019175855)
continue (0.5500000000000002 -0.0000000019172838)
continue (0.6000000000000002 -0.0000000019172315)
continue (0.6500000000000001 -0.0000000019170361)
continue (0.7000000000000002 -0.0000000019183599)
continue (0.7500000000000002 -0.0000000019529146)
continue (0.8000000000000002 -0.0000000019608367)
continue (0.8500000000000002 -0.0000000019762552)
continue (0.9000000000000002 -0.0000000019982544)
continue (0.9500000000000003 -0.0000000020338052)
continue (1.0100000000000000 -0.0000000021528595)
continue (1.0600000000000001 -0.0000000021583898)
continue (1.1100000000000001 -0.0000000021632822)
continue (1.1600000000000001 -0.0000000021679973)
continue (1.2100000000000002 -0.0000000021681595)
continue (1.2600000000000002 -0.0000000021704077)
continue (1.3100000000000003 -0.0000000021731080)
continue (1.3600000000000003 -0.0000000021750882)
continue (1.4100000000000004 -0.0000000021786398)
continue (1.4600000000000004 -0.0000000021772133)
continue (1.5100000000000005 -0.0000000021794766)
continue (1.5600000000000005 -0.0000000021824406)
continue (1.6100000000000005 -0.0000000021849832)
continue (1.6600000000000006 -0.0000000021857362)
continue (1.7100000000000006 -0.0000000021854360)
continue (1.7600000000000007 -0.0000000021887884)
continue (1.8100000000000007 -0.0000000021908138)
continue (1.8600000000000008 -0.0000000021942440)
continue (1.9100000000000008 -0.0000000021952589)
continue (1.9600000000000009 -0.0000000021992573)
continue (2.0000000000000000 -0.0000000022021026)
continue (2.0099999999999998 -0.0000000022002107)
continue (2.0199999999999996 -0.0000000022020685)
continue (2.0299999999999994 -0.0000000022023409)
continue (2.0399999999999991 -0.0000000022019281)
continue (2.0499999999999989 -0.0000000022029366)
continue (2.0599999999999987 -0.0000000022024723)
continue (2.0699999999999985 -0.0000000022031338)
continue (2.0799999999999983 -0.0000000022033108)
continue (2.0899999999999981 -0.0000000022028644)
continue (2.0999999999999979 -0.0000000022050545)
continue (2.1099999999999977 -0.0000000022047296)
continue (2.1199999999999974 -0.0000000022059979)
continue (2.1299999999999972 -0.0000000022047961)
continue (2.1399999999999970 -0.0000000022060879)
continue (2.1499999999999968 -0.0000000022058169)
continue (2.1599999999999966 -0.0000000022058340)
continue (2.1699999999999964 -0.0000000022095785)
continue (2.1799999999999962 -0.0000000022066446)
continue (2.1899999999999959 -0.0000000022100714)
continue (2.1999999999999957 -0.0000000022080221)
continue (2.2099999999999955 -0.0000000022096957)
continue (2.2199999999999953 -0.0000000022082479)
continue (2.2299999999999951 -0.0000000022108187)
continue (2.2399999999999949 -0.0000000022111941)
continue (2.2499999999999947 -0.0000000022105908)
continue (2.2599999999999945 -0.0000000022126786)
continue (2.2699999999999942 -0.0000000022104040)
continue (2.2799999999999940 -0.0000000022134133)
continue (2.2899999999999938 -0.0000000022126853)
continue (2.2999999999999936 -0.0000000022130461)
continue (2.3099999999999934 -0.0000000022146212)
continue (2.3199999999999932 -0.0000000022123379)
continue (2.3299999999999930 -0.0000000022152067)
continue (2.3399999999999928 -0.0000000022135013)
continue (2.3499999999999925 -0.0000000022149017)
continue (2.3599999999999923 -0.0000000022151319)
continue (2.3699999999999921 -0.0000000022139394)
continue (2.3799999999999919 -0.0000000022151289)
continue (2.3899999999999917 -0.0000000022155760)
continue (2.3999999999999915 -0.0000000022138103)
continue (2.4099999999999913 -0.0000000022154370)
continue (2.4199999999999910 -0.0000000022147803)
continue (2.4299999999999908 -0.0000000022131583)
continue (2.4399999999999906 -0.0000000022147343)
continue (2.4499999999999904 -0.0000000022142530)
continue (2.4599999999999902 -0.0000000022132848)
continue (2.4699999999999900 -0.0000000022146924)
continue (2.4799999999999898 -0.0000000022125904)
continue (2.4899999999999896 -0.0000000022149220)
continue (2.4999999999999893 -0.0000000022140386)
continue (2.5099999999999891 -0.0000000022131179)
continue (2.5199999999999889 -0.0000000022146252)
continue (2.5299999999999887 -0.0000000022117885)
continue (2.5399999999999885 -0.0000000022127614)
continue (2.5499999999999883 -0.0000000022130031)
continue (2.5599999999999881 -0.0000000022125497)
continue (2.5699999999999878 -0.0000000022108642)
continue (2.5799999999999876 -0.0000000022114173)
continue (2.5899999999999874 -0.0000000022118258)
continue (2.5999999999999872 -0.0000000022092121)
continue (2.6099999999999870 -0.0000000022100806)
continue (2.6199999999999868 -0.0000000022101944)
continue (2.6299999999999866 -0.0000000022075853)
continue (2.6399999999999864 -0.0000000022087975)
continue (2.6499999999999861 -0.0000000022091638)
continue (2.6599999999999859 -0.0000000022067098)
continue (2.6699999999999857 -0.0000000022071736)
continue (2.6799999999999855 -0.0000000022070263)
continue (2.6899999999999853 -0.0000000022060363)
continue (2.6999999999999851 -0.0000000022050603)
continue (2.7099999999999849 -0.0000000022051368)
continue (2.7199999999999847 -0.0000000022044893)
continue (2.7299999999999844 -0.0000000022033640)
continue (2.7399999999999842 -0.0000000022029260)
continue (2.7499999999999840 -0.0000000022027346)
continue (2.7599999999999838 -0.0000000022016233)
continue (2.7699999999999836 -0.0000000022007643)
continue (2.7799999999999834 -0.0000000022009263)
continue (2.7899999999999832 -0.0000000022001312)
continue (2.7999999999999829 -0.0000000021988576)
continue (2.8099999999999827 -0.0000000021994788)
continue (2.8199999999999825 -0.0000000021984341)
continue (2.8299999999999823 -0.0000000021973731)
continue (2.8399999999999821 -0.0000000021979115)
continue (2.8499999999999819 -0.0000000021964269)
continue (2.8599999999999817 -0.0000000021953389)
continue (2.8699999999999815 -0.0000000021956722)
continue (2.8799999999999812 -0.0000000021942916)
continue (2.8899999999999810 -0.0000000021931896)
continue (2.8999999999999808 -0.0000000021930839)
continue (2.9099999999999806 -0.0000000021916402)
continue (2.9199999999999804 -0.0000000021909314)
continue (2.9299999999999802 -0.0000000021906039)
continue (2.9399999999999800 -0.0000000021887270)
continue (2.9499999999999797 -0.0000000021884446)
continue (2.9599999999999795 -0.0000000021879985)
continue (2.9699999999999793 -0.0000000021865695)
continue (2.9799999999999791 -0.0000000021860192)
continue (2.9899999999999789 -0.0000000021854677)
continue (2.9999999999999787 -0.0000000021858243)
continue (3.0099999999999785 -0.0000000022495342)
continue (3.0199999999999783 -0.0000000022492567)
continue (3.0299999999999780 -0.0000000022489584)
continue (3.0399999999999778 -0.0000000022501651)
continue (3.0499999999999776 -0.0000000022505705)
continue (3.0599999999999774 -0.0000000022517450)
continue (3.0699999999999772 -0.0000000022513086)
continue (3.0799999999999770 -0.0000000022536348)
continue (3.0899999999999768 -0.0000000022546535)
continue (3.0999999999999766 -0.0000000022543965)
continue (3.1099999999999763 -0.0000000022551403)
continue (3.1199999999999761 -0.0000000022559184)
continue (3.1299999999999759 -0.0000000022563320)
continue (3.1399999999999757 -0.0000000022558944)
continue (3.1499999999999755 -0.0000000022570116)
continue (3.1599999999999753 -0.0000000022580714)
continue (3.1699999999999751 -0.0000000022581227)
continue (3.1799999999999748 -0.0000000022584636)
continue (3.1899999999999746 -0.0000000022611344)
continue (3.1999999999999744 -0.0000000022613999)
continue (3.2099999999999742 -0.0000000022613519)
continue (3.2199999999999740 -0.0000000022630000)
continue (3.2299999999999738 -0.0000000022659577)
continue (3.2399999999999736 -0.0000000022646546)
continue (3.2499999999999734 -0.0000000022662373)
continue (3.2599999999999731 -0.0000000022690992)
continue (3.2699999999999729 -0.0000000022703079)
continue (3.2799999999999727 -0.0000000022701049)
continue (3.2899999999999725 -0.0000000022729193)
continue (3.2999999999999723 -0.0000000022746819)
continue (3.3099999999999721 -0.0000000022725192)
continue (3.3199999999999719 -0.0000000022746126)
continue (3.3299999999999716 -0.0000000022792341)
continue (3.3399999999999714 -0.0000000022809212)
continue (3.3499999999999712 -0.0000000022796235)
continue (3.3599999999999710 -0.0000000022854301)
continue (3.3699999999999708 -0.0000000022909822)
continue (3.3799999999999706 -0.0000000022867202)
continue (3.3899999999999704 -0.0000000022866627)
continue (3.3999999999999702 -0.0000000022934383)
continue (3.4099999999999699 -0.0000000022964676)
continue (3.4199999999999697 -0.0000000022933620)
continue (3.4299999999999695 -0.0000000022935990)
continue (3.4399999999999693 -0.0000000023052433)
continue (3.4499999999999691 -0.0000000023020059)
continue (3.4599999999999689 -0.0000000022994959)
continue (3.4699999999999687 -0.0000000023005585)
continue (3.4799999999999685 -0.0000000023169336)
continue (3.4899999999999682 -0.0000000023107208)
continue (3.4999999999999680 -0.0000000023099791)
continue (3.5099999999999678 -0.0000000023120265)
continue (3.5199999999999676 -0.0000000023326214)
continue (3.5299999999999674 -0.0000000023293836)
continue (3.5399999999999672 -0.0000000023232202)
continue (3.5499999999999670 -0.0000000023252239)
continue (3.5599999999999667 -0.0000000023006442)
continue (3.5699999999999665 -0.0000000022975695)
continue (3.5799999999999663 -0.0000000022938289)
continue (3.5899999999999661 -0.0000000023000849)
continue (3.5999999999999659 -0.0000000023049579)
continue (3.6099999999999657 -0.0000000023038249)
continue (3.6199999999999655 -0.0000000023023581)
continue (3.6299999999999653 -0.0000000023133114)
continue (3.6399999999999650 -0.0000000023155846)
continue (3.6499999999999648 -0.0000000023144454)
continue (3.6599999999999646 -0.0000000023123082)
continue (3.6699999999999644 -0.0000000023219315)
continue (3.6799999999999642 -0.0000000023275079)
continue (3.6899999999999640 -0.0000000023267732)
continue (3.6999999999999638 -0.0000000023223587)
continue (3.7099999999999635 -0.0000000023322226)
continue (3.7199999999999633 -0.0000000023383332)
continue (3.7299999999999631 -0.0000000023372088)
continue (3.7399999999999629 -0.0000000023358942)
continue (3.7499999999999627 -0.0000000023373747)
continue (3.7599999999999625 -0.0000000023257751)
continue (3.7699999999999623 -0.0000000023237953)
continue (3.7799999999999621 -0.0000000023227850)
continue (3.7899999999999618 -0.0000000023294796)
continue (3.7999999999999616 -0.0000000023367689)
continue (3.8099999999999614 -0.0000000023338403)
continue (3.8199999999999612 -0.0000000023351923)
continue (3.8299999999999610 -0.0000000023407669)
continue (3.8399999999999608 -0.0000000023414383)
continue (3.8499999999999606 -0.0000000023268152)
continue (3.8599999999999604 -0.0000000023277877)
continue (3.8699999999999601 -0.0000000023327214)
continue (3.8799999999999599 -0.0000000023345093)
continue (3.8899999999999597 -0.0000000023206085)
continue (3.8999999999999595 -0.0000000023236631)
continue (3.9099999999999593 -0.0000000023283677)
continue (3.9199999999999591 -0.0000000023302735)
continue (3.9299999999999589 -0.0000000023266064)
continue (3.9399999999999586 -0.0000000023272515)
continue (3.9499999999999584 -0.0000000023335983)
continue (3.9599999999999582 -0.0000000023377667)
continue (3.9699999999999580 -0.0000000023342374)
continue (3.9799999999999578 -0.0000000023302005)
continue (3.9899999999999576 -0.0000000023376643)
continue (4.0099999999999998 -0.0000000023485135)
continue (4.5099999999999998 -0.0000000024231064)
continue (5.0099999999999998 -0.0000000024340516)
continue (5.5099999999999998 -0.0000000024360839)
continue (6.0099999999999998 -0.0000000024405486)
continue (6.5099999999999998 -0.0000000024416879)
continue (7.0099999999999998 -0.0000000024439773)
continue (7.5099999999999998 -0.0000000024467040)
continue (8.0099999999999998 -0.0000000024481835)
continue (8.5099999999999998 -0.0000000024496070)
continue (9.0099999999999998 -0.0000000024507354)
continue (9.5099999999999998 -0.0000000024517316)
continue (10.0000000000000000 -0.0000000024525504)
continue (10.0099999999999998 -0.0000000024525660)
continue (15.0000000000000000 -0.0000000024611372)
continue (20.0000000000000000 -0.0000000024641155)
continue (25.0000000000000000 -0.0000000024611680)
continue (30.0000000000000000 -0.0000000024610247)
continue (35.0000000000000000 -0.0000000024623590)
continue (40.0000000000000000 -0.0000000024640582)
continue (45.0000000000000000 -0.0000000024649132)
continue (50.0000000000000000 -0.0000000024649546)
continue (55.0000000000000000 -0.0000000024652371)
continue (60.0000000000000000 -0.0000000024656613)
continue (65.0000000000000000 -0.0000000024661635)
continue (70.0000000000000000 -0.0000000024667059)
continue (75.0000000000000000 -0.0000000024672657)
continue (80.0000000000000000 -0.0000000024678291)
continue (85.0000000000000000 -0.0000000024683880)
continue (90.0000000000000000 -0.0000000024689373)
continue (95.0000000000000000 -0.0000000024694742)
continue (100.0000000000000000 -0.0000000024699973)
continue (110.0000000000000000 -0.0000000024709997)
continue (120.0000000000000000 -0.0000000024719444)
continue (130.0000000000000000 -0.0000000024728346)
continue (140.0000000000000000 -0.0000000024736750)
continue (150.0000000000000000 -0.0000000024744703)
continue (160.0000000000000000 -0.0000000024752247)
continue (170.0000000000000000 -0.0000000024759424)
continue (180.0000000000000000 -0.0000000024766269)
continue (190.0000000000000000 -0.0000000024772813)
continue (200.0000000000000000 -0.0000000024779084)
continue (210.0000000000000000 -0.0000000024785107)
continue (220.0000000000000000 -0.0000000024790903)
continue (230.0000000000000000 -0.0000000024796491)
continue (240.0000000000000000 -0.0000000024801887)
continue (250.0000000000000000 -0.0000000024807107)
continue (260.0000000000000000 -0.0000000024812164)
continue (270.0000000000000000 -0.0000000024817069)
continue (280.0000000000000000 -0.0000000024821834)
continue (290.0000000000000000 -0.0000000024826468)
continue (300.0000000000000000 -0.0000000024830980)
continue (310.0000000000000000 -0.0000000024835377)
continue (320.0000000000000000 -0.0000000024839667)
continue (330.0000000000000000 -0.0000000024843856)
continue (340.0000000000000000 -0.0000000024847951)
continue (350.0000000000000000 -0.0000000024851955)
continue (360.0000000000000000 -0.0000000024855875)
continue (370.0000000000000000 -0.0000000024859716)
continue (380.0000000000000000 -0.0000000024863480)
continue (390.0000000000000000 -0.0000000024867173)
continue (400.0000000000000000 -0.0000000024870797)
continue (410.0000000000000000 -0.0000000024874357)
continue (420.0000000000000000 -0.0000000024877854)
continue (430.0000000000000000 -0.0000000024881293)
continue (440.0000000000000000 -0.0000000024884676)
continue (450.0000000000000000 -0.0000000024888005)
continue (460.0000000000000000 -0.0000000024891283)
continue (470.0000000000000000 -0.0000000024894511)
continue (480.0000000000000000 -0.0000000024897693)
continue (490.0000000000000000 -0.0000000024900829)
continue (500.0000000000000000 -0.0000000024903922)
continue (510.0000000000000000 -0.0000000024906973)
continue (520.0000000000000000 -0.0000000024909984)
continue (530.0000000000000000 -0.0000000024912957)
continue (540.0000000000000000 -0.0000000024915893)
continue (550.0000000000000000 -0.0000000024918793)
continue (560.0000000000000000 -0.0000000024921658)
continue (570.0000000000000000 -0.0000000024924490)
continue (580.0000000000000000 -0.0000000024927291)
continue (590.0000000000000000 -0.0000000024930060)
continue (600.0000000000000000 -0.0000000024932799)
continue (610.0000000000000000 -0.0000000024935510)
continue (620.0000000000000000 -0.0000000024938192)
continue (630.0000000000000000 -0.0000000024940847)
continue (640.0000000000000000 -0.0000000024943476)
continue (650.0000000000000000 -0.0000000024946080)
continue (660.0000000000000000 -0.0000000024948659)
continue (670.0000000000000000 -0.0000000024951214)
continue (680.0000000000000000 -0.0000000024953745)
continue (690.0000000000000000 -0.0000000024956254)
continue (700.0000000000000000 -0.0000000024958742)
continue (710.0000000000000000 -0.0000000024961208)
continue (720.0000000000000000 -0.0000000024963653)
continue (730.0000000000000000 -0.0000000024966078)
continue (740.0000000000000000 -0.0000000024968484)
continue (750.0000000000000000 -0.0000000024970870)
continue (760.0000000000000000 -0.0000000024973238)
continue (770.0000000000000000 -0.0000000024975588)
continue (780.0000000000000000 -0.0000000024977920)
continue (790.0000000000000000 -0.0000000024980235)
continue (800.0000000000000000 -0.0000000024982534)
continue (810.0000000000000000 -0.0000000024984816)
continue (820.0000000000000000 -0.0000000024987082)
continue (830.0000000000000000 -0.0000000024989333)
continue (840.0000000000000000 -0.0000000024991568)
continue (850.0000000000000000 -0.0000000024993789)
continue (860.0000000000000000 -0.0000000024995995)
continue (870.0000000000000000 -0.0000000024998188)
continue (880.0000000000000000 -0.0000000025000366)
continue (890.0000000000000000 -0.0000000025002531)
continue (900.0000000000000000 -0.0000000025004683)
continue (910.0000000000000000 -0.0000000025006821)
continue (920.0000000000000000 -0.0000000025008948)
continue (930.0000000000000000 -0.0000000025011062)
continue (940.0000000000000000 -0.0000000025013163)
continue (950.0000000000000000 -0.0000000025015253)
continue (960.0000000000000000 -0.0000000025017332)
continue (970.0000000000000000 -0.0000000025019399)
continue (980.0000000000000000 -0.0000000025021455)
continue (990.0000000000000000 -0.0000000025023500)
continue (1000.0000000000000000 -0.0000000025025534)
continue (1200.0000000000000000 -0.0000000025064270)
continue (1400.0000000000000000 -0.0000000025100060)
continue (1600.0000000000000000 -0.0000000025133690)
continue (1800.0000000000000000 -0.0000000025165669)
continue (2000.0000000000000000 -0.0000000025196343)
continue (2200.0000000000000000 -0.0000000025225959)
continue (2400.0000000000000000 -0.0000000025254699)
continue (2600.0000000000000000 -0.0000000025282704)
continue (2800.0000000000000000 -0.0000000025310080)
continue (3000.0000000000000000 -0.0000000025336914)
continue (3200.0000000000000000 -0.0000000025363273)
continue (3400.0000000000000000 -0.0000000025389214)
continue (3600.0000000000000000 -0.0000000025414785)
continue (3800.0000000000000000 -0.0000000025440023)
continue (4000.0000000000000000 -0.0000000025464960)
continue (4200.0000000000000000 -0.0000000025489623)
continue (4400.0000000000000000 -0.0000000025514033)
continue (4600.0000000000000000 -0.0000000025538205)
continue (4800.0000000000000000 -0.0000000025562149)
continue (5000.0000000000000000 -0.0000000025585869)
continue (5200.0000000000000000 -0.0000000025609363)
continue (5400.0000000000000000 -0.0000000025632619)
continue (5600.0000000000000000 -0.0000000025655619)
continue (5800.0000000000000000 -0.0000000025678332)
continue (6000.0000000000000000 -0.0000000025700718)
continue (6200.0000000000000000 -0.0000000025722725)
continue (6400.0000000000000000 -0.0000000025744287)
continue (6600.0000000000000000 -0.0000000025765324)
continue (6800.0000000000000000 -0.0000000025785750)
continue (7000.0000000000000000 -0.0000000025805567)
continue (7200.0000000000000000 -0.0000000025824821)
continue (7400.0000000000000000 -0.0000000025843544)
continue (7600.0000000000000000 -0.0000000025861762)
continue (7800.0000000000000000 -0.0000000025879504)
continue (8000.0000000000000000 -0.0000000025896792)
continue (8200.0000000000000000 -0.0000000025913649)
continue (8400.0000000000000000 -0.0000000025930096)
continue (8600.0000000000000000 -0.0000000025946153)
continue (8800.0000000000000000 -0.0000000025961837)
continue (9000.0000000000000000 -0.0000000025977166)
continue (9200.0000000000000000 -0.0000000025992154)
continue (9400.0000000000000000 -0.0000000026006817)
continue (9600.0000000000000000 -0.0000000026021168)
continue (9800.0000000000000000 -0.0000000026035220)
continue (10000.0000000000000000 -0.0000000026048986)
continue (10200.0000000000000000 -0.0000000026062476)
continue (10400.0000000000000000 -0.0000000026075702)
continue (10600.0000000000000000 -0.0000000026088673)
continue (10800.0000000000000000 -0.0000000026101399)
continue (11000.0000000000000000 -0.0000000026113889)
continue (11500.0000000000000000 -0.0000000026144137)
continue (12000.0000000000000000 -0.0000000026173084)
continue (12500.0000000000000000 -0.0000000026200836)
continue (13000.0000000000000000 -0.0000000026227487)
continue (13500.0000000000000000 -0.0000000026253122)
continue (14000.0000000000000000 -0.0000000026277813)
continue (14500.0000000000000000 -0.0000000026301627)
continue (15000.0000000000000000 -0.0000000026324625)
continue (15500.0000000000000000 -0.0000000026346859)
continue (16000.0000000000000000 -0.0000000026368378)
continue (16500.0000000000000000 -0.0000000026389227)
continue (17000.0000000000000000 -0.0000000026409446)
continue (17500.0000000000000000 -0.0000000026429071)
continue (18000.0000000000000000 -0.0000000026448135)
continue (18500.0000000000000000 -0.0000000026466671)
continue (19000.0000000000000000 -0.0000000026484705)
continue (19500.0000000000000000 -0.0000000026502265)
continue (20000.0000000000000000 -0.0000000026519374)
continue (20500.0000000000000000 -0.0000000026536055)
continue (21000.0000000000000000 -0.0000000026552328)
continue (21500.0000000000000000 -0.0000000026568212)
continue (22000.0000000000000000 -0.0000000026583726)
continue (22500.0000000000000000 -0.0000000026598887)
continue (23000.0000000000000000 -0.0000000026613709)
continue (23500.0000000000000000 -0.0000000026628208)
continue (24000.0000000000000000 -0.0000000026642396)
continue (24500.0000000000000000 -0.0000000026656288)
continue (25000.0000000000000000 -0.0000000026669895)
continue (25500.0000000000000000 -0.0000000026683228)
continue (26000.0000000000000000 -0.0000000026696299)
continue (26500.0000000000000000 -0.0000000026709116)
continue (27000.0000000000000000 -0.0000000026721690)
continue (27500.0000000000000000 -0.0000000026734030)
continue (28000.0000000000000000 -0.0000000026746143)
continue (28500.0000000000000000 -0.0000000026758039)
continue (29000.0000000000000000 -0.0000000026769724)
continue (29500.0000000000000000 -0.0000000026781207)
continue (30000.0000000000000000 -0.0000000026792493)
continue (30500.0000000000000000 -0.0000000026803589)
continue (31000.0000000000000000 -0.0000000026814502)
continue (31500.0000000000000000 -0.0000000026825237)
continue (32000.0000000000000000 -0.0000000026835801)
continue (32500.0000000000000000 -0.0000000026846197)
continue (33000.0000000000000000 -0.0000000026856433)
continue (33500.0000000000000000 -0.0000000026866511)
continue (34000.0000000000000000 -0.0000000026876438)
continue (34500.0000000000000000 -0.0000000026886217)
continue (35000.0000000000000000 -0.0000000026895853)
continue (35500.0000000000000000 -0.0000000026905350)
continue (36000.0000000000000000 -0.0000000026914711)
continue (36500.0000000000000000 -0.0000000026923941)
continue (37000.0000000000000000 -0.0000000026933043)
continue (37500.0000000000000000 -0.0000000026942021)
continue (38000.0000000000000000 -0.0000000026950878)
continue (38500.0000000000000000 -0.0000000026959616)
continue (39000.0000000000000000 -0.0000000026968240)
continue (39500.0000000000000000 -0.0000000026976752)
continue (40000.0000000000000000 -0.0000000026985154)
continue (40500.0000000000000000 -0.0000000026993451)
continue (41000.0000000000000000 -0.0000000027001643)
continue (41500.0000000000000000 -0.0000000027009735)
continue (42000.0000000000000000 -0.0000000027017727)
continue (42500.0000000000000000 -0.0000000027025623)
continue (43000.0000000000000000 -0.0000000027033425)
continue (43500.0000000000000000 -0.0000000027041135)
continue (44000.0000000000000000 -0.0000000027048755)
continue (44500.0000000000000000 -0.0000000027056287)
continue (45000.0000000000000000 -0.0000000027063734)
continue (45500.0000000000000000 -0.0000000027071096)
continue (46000.0000000000000000 -0.0000000027078377)
continue (46500.0000000000000000 -0.0000000027085577)
continue (47000.0000000000000000 -0.0000000027092698)
continue (47500.0000000000000000 -0.0000000027099743)
continue (48000.0000000000000000 -0.0000000027106712)
continue (48500.0000000000000000 -0.0000000027113607)
continue (49000.0000000000000000 -0.0000000027120431)
continue (49500.0000000000000000 -0.0000000027127183)
continue (50000.0000000000000000 -0.0000000027133867)
continue (50500.0000000000000000 -0.0000000027140482)
continue (51000.0000000000000000 -0.0000000027147031)
continue (51500.0000000000000000 -0.0000000027153514)
continue (52000.0000000000000000 -0.0000000027159934)
continue (52500.0000000000000000 -0.0000000027166291)
continue (53000.0000000000000000 -0.0000000027172586)
continue (53500.0000000000000000 -0.0000000027178821)
continue (54000.0000000000000000 -0.0000000027184997)
continue (54500.0000000000000000 -0.0000000027191114)
continue (55000.0000000000000000 -0.0000000027197175)
continue (55500.0000000000000000 -0.0000000027203179)
continue (56000.0000000000000000 -0.0000000027209128)
continue (56500.0000000000000000 -0.0000000027215024)
continue (57000.0000000000000000 -0.0000000027220866)
continue (57500.0000000000000000 -0.0000000027226656)
continue (58000.0000000000000000 -0.0000000027232395)
continue (58500.0000000000000000 -0.0000000027238083)
continue (59000.0000000000000000 -0.0000000027243722)
continue (59500.0000000000000000 -0.0000000027249312)
continue (60000.0000000000000000 -0.0000000027254854)
continue (60500.0000000000000000 -0.0000000027260350)
continue (61000.0000000000000000 -0.0000000027265799)
continue (61500.0000000000000000 -0.0000000027271202)
continue (62000.0000000000000000 -0.0000000027276561)
continue (62500.0000000000000000 -0.0000000027281876)
continue (63000.0000000000000000 -0.0000000027287147)
continue (63500.0000000000000000 -0.0000000027292376)
continue (64000.0000000000000000 -0.0000000027297563)
continue (64500.0000000000000000 -0.0000000027302708)
continue (65000.0000000000000000 -0.0000000027307813)
continue (65500.0000000000000000 -0.0000000027312878)
continue (66000.0000000000000000 -0.0000000027317903)
continue (66500.0000000000000000 -0.0000000027322890)
continue (67000.0000000000000000 -0.0000000027327838)
continue (67500.0000000000000000 -0.0000000027332749)
continue (68000.0000000000000000 -0.0000000027337622)
continue (68500.0000000000000000 -0.0000000027342459)
continue (69000.0000000000000000 -0.0000000027347260)
continue (69500.0000000000000000 -0.0000000027352026)
continue (70000.0000000000000000 -0.0000000027356756)
continue (70500.0000000000000000 -0.0000000027361452)
continue (71000.0000000000000000 -0.0000000027366114)
continue (71500.0000000000000000 -0.0000000027370742)
continue (72000.0000000000000000 -0.0000000027375338)
continue (72500.0000000000000000 -0.0000000027379901)
continue (73000.0000000000000000 -0.0000000027384431)
continue (73500.0000000000000000 -0.0000000027388930)
continue (74000.0000000000000000 -0.0000000027393398)
continue (74500.0000000000000000 -0.0000000027397835)
continue (75245.0000000000000000 -0.0000000050000000)
continue (7354000.0000000000000000 -0.0000000050000000)
f(nu) = -20.2359561918575714 at 1.0000000000000000 Ryd
