# Faucher-Giguere 2019 
# z = 0.412538
# E [Ryd] log (J_nu)
interpolate (0.0000000100100000 -0.0000000050000000)
continue (0.0990000000000000 -0.0000000050000000)
continue (0.1000000000000000 -0.0000000019525977)
continue (0.1500000000000000 -0.0000000019678323)
continue (0.2000000000000000 -0.0000000019770072)
continue (0.2500000000000001 -0.0000000019832394)
continue (0.3000000000000000 -0.0000000019863128)
continue (0.3500000000000001 -0.0000000019904504)
continue (0.4000000000000001 -0.0000000019962866)
continue (0.4500000000000001 -0.0000000020036756)
continue (0.5000000000000001 -0.0000000020110365)
continue (0.5500000000000002 -0.0000000020201860)
continue (0.6000000000000002 -0.0000000020298029)
continue (0.6500000000000001 -0.0000000020376776)
continue (0.7000000000000002 -0.0000000020491395)
continue (0.7500000000000002 -0.0000000020800604)
continue (0.8000000000000002 -0.0000000020913732)
continue (0.8500000000000002 -0.0000000021080495)
continue (0.9000000000000002 -0.0000000021216384)
continue (0.9500000000000003 -0.0000000021531145)
continue (1.0100000000000000 -0.0000000022162977)
continue (1.0600000000000001 -0.0000000022200715)
continue (1.1100000000000001 -0.0000000022235083)
continue (1.1600000000000001 -0.0000000022269846)
continue (1.2100000000000002 -0.0000000022299183)
continue (1.2600000000000002 -0.0000000022327623)
continue (1.3100000000000003 -0.0000000022356078)
continue (1.3600000000000003 -0.0000000022383805)
continue (1.4100000000000004 -0.0000000022409520)
continue (1.4600000000000004 -0.0000000022433225)
continue (1.5100000000000005 -0.0000000022459238)
continue (1.5600000000000005 -0.0000000022484341)
continue (1.6100000000000005 -0.0000000022509042)
continue (1.6600000000000006 -0.0000000022533241)
continue (1.7100000000000006 -0.0000000022555294)
continue (1.7600000000000007 -0.0000000022577423)
continue (1.8100000000000007 -0.0000000022599228)
continue (1.8600000000000008 -0.0000000022621153)
continue (1.9100000000000008 -0.0000000022643383)
continue (1.9600000000000009 -0.0000000022665694)
continue (2.0000000000000000 -0.0000000022684617)
continue (2.0099999999999998 -0.0000000022687179)
continue (2.0199999999999996 -0.0000000022692291)
continue (2.0299999999999994 -0.0000000022698763)
continue (2.0399999999999991 -0.0000000022703657)
continue (2.0499999999999989 -0.0000000022706819)
continue (2.0599999999999987 -0.0000000022710904)
continue (2.0699999999999985 -0.0000000022716642)
continue (2.0799999999999983 -0.0000000022722580)
continue (2.0899999999999981 -0.0000000022726615)
continue (2.0999999999999979 -0.0000000022731284)
continue (2.1099999999999977 -0.0000000022735830)
continue (2.1199999999999974 -0.0000000022741275)
continue (2.1299999999999972 -0.0000000022745490)
continue (2.1399999999999970 -0.0000000022750542)
continue (2.1499999999999968 -0.0000000022756627)
continue (2.1599999999999966 -0.0000000022761889)
continue (2.1699999999999964 -0.0000000022765243)
continue (2.1799999999999962 -0.0000000022769080)
continue (2.1899999999999959 -0.0000000022775756)
continue (2.1999999999999957 -0.0000000022782441)
continue (2.2099999999999955 -0.0000000022786530)
continue (2.2199999999999953 -0.0000000022789385)
continue (2.2299999999999951 -0.0000000022796034)
continue (2.2399999999999949 -0.0000000022800245)
continue (2.2499999999999947 -0.0000000022806545)
continue (2.2599999999999945 -0.0000000022811012)
continue (2.2699999999999942 -0.0000000022815852)
continue (2.2799999999999940 -0.0000000022820500)
continue (2.2899999999999938 -0.0000000022826989)
continue (2.2999999999999936 -0.0000000022831723)
continue (2.3099999999999934 -0.0000000022835446)
continue (2.3199999999999932 -0.0000000022843081)
continue (2.3299999999999930 -0.0000000022847803)
continue (2.3399999999999928 -0.0000000022853464)
continue (2.3499999999999925 -0.0000000022856927)
continue (2.3599999999999923 -0.0000000022860656)
continue (2.3699999999999921 -0.0000000022868012)
continue (2.3799999999999919 -0.0000000022873819)
continue (2.3899999999999917 -0.0000000022879808)
continue (2.3999999999999915 -0.0000000022884731)
continue (2.4099999999999913 -0.0000000022887122)
continue (2.4199999999999910 -0.0000000022893492)
continue (2.4299999999999908 -0.0000000022899727)
continue (2.4399999999999906 -0.0000000022905685)
continue (2.4499999999999904 -0.0000000022910710)
continue (2.4599999999999902 -0.0000000022914443)
continue (2.4699999999999900 -0.0000000022922617)
continue (2.4799999999999898 -0.0000000022925202)
continue (2.4899999999999896 -0.0000000022932423)
continue (2.4999999999999893 -0.0000000022936961)
continue (2.5099999999999891 -0.0000000022941531)
continue (2.5199999999999889 -0.0000000022946025)
continue (2.5299999999999887 -0.0000000022953551)
continue (2.5399999999999885 -0.0000000022959197)
continue (2.5499999999999883 -0.0000000022964998)
continue (2.5599999999999881 -0.0000000022968095)
continue (2.5699999999999878 -0.0000000022972832)
continue (2.5799999999999876 -0.0000000022977563)
continue (2.5899999999999874 -0.0000000022985223)
continue (2.5999999999999872 -0.0000000022990623)
continue (2.6099999999999870 -0.0000000022997386)
continue (2.6199999999999868 -0.0000000023001964)
continue (2.6299999999999866 -0.0000000023004428)
continue (2.6399999999999864 -0.0000000023009205)
continue (2.6499999999999861 -0.0000000023017161)
continue (2.6599999999999859 -0.0000000023021068)
continue (2.6699999999999857 -0.0000000023029237)
continue (2.6799999999999855 -0.0000000023033954)
continue (2.6899999999999853 -0.0000000023038968)
continue (2.6999999999999851 -0.0000000023042881)
continue (2.7099999999999849 -0.0000000023050295)
continue (2.7199999999999847 -0.0000000023053872)
continue (2.7299999999999844 -0.0000000023059616)
continue (2.7399999999999842 -0.0000000023066206)
continue (2.7499999999999840 -0.0000000023070688)
continue (2.7599999999999838 -0.0000000023075041)
continue (2.7699999999999836 -0.0000000023079819)
continue (2.7799999999999834 -0.0000000023087811)
continue (2.7899999999999832 -0.0000000023092519)
continue (2.7999999999999829 -0.0000000023096996)
continue (2.8099999999999827 -0.0000000023102304)
continue (2.8199999999999825 -0.0000000023106868)
continue (2.8299999999999823 -0.0000000023111648)
continue (2.8399999999999821 -0.0000000023116383)
continue (2.8499999999999819 -0.0000000023125109)
continue (2.8599999999999817 -0.0000000023130552)
continue (2.8699999999999815 -0.0000000023135847)
continue (2.8799999999999812 -0.0000000023140915)
continue (2.8899999999999810 -0.0000000023146361)
continue (2.8999999999999808 -0.0000000023149842)
continue (2.9099999999999806 -0.0000000023155016)
continue (2.9199999999999804 -0.0000000023160541)
continue (2.9299999999999802 -0.0000000023165601)
continue (2.9399999999999800 -0.0000000023170654)
continue (2.9499999999999797 -0.0000000023176107)
continue (2.9599999999999795 -0.0000000023181299)
continue (2.9699999999999793 -0.0000000023186370)
continue (2.9799999999999791 -0.0000000023191654)
continue (2.9899999999999789 -0.0000000023196830)
continue (2.9999999999999787 -0.0000000023202040)
continue (3.0099999999999785 -0.0000000023338021)
continue (3.0199999999999783 -0.0000000023342566)
continue (3.0299999999999780 -0.0000000023347551)
continue (3.0399999999999778 -0.0000000023352276)
continue (3.0499999999999776 -0.0000000023356801)
continue (3.0599999999999774 -0.0000000023361719)
continue (3.0699999999999772 -0.0000000023366023)
continue (3.0799999999999770 -0.0000000023371371)
continue (3.0899999999999768 -0.0000000023375613)
continue (3.0999999999999766 -0.0000000023380687)
continue (3.1099999999999763 -0.0000000023384700)
continue (3.1199999999999761 -0.0000000023389892)
continue (3.1299999999999759 -0.0000000023393812)
continue (3.1399999999999757 -0.0000000023398866)
continue (3.1499999999999755 -0.0000000023402958)
continue (3.1599999999999753 -0.0000000023407829)
continue (3.1699999999999751 -0.0000000023412145)
continue (3.1799999999999748 -0.0000000023416833)
continue (3.1899999999999746 -0.0000000023421247)
continue (3.1999999999999744 -0.0000000023425836)
continue (3.2099999999999742 -0.0000000023429878)
continue (3.2199999999999740 -0.0000000023434625)
continue (3.2299999999999738 -0.0000000023438828)
continue (3.2399999999999736 -0.0000000023443492)
continue (3.2499999999999734 -0.0000000023447741)
continue (3.2599999999999731 -0.0000000023452270)
continue (3.2699999999999729 -0.0000000023456608)
continue (3.2799999999999727 -0.0000000023460982)
continue (3.2899999999999725 -0.0000000023465175)
continue (3.2999999999999723 -0.0000000023469624)
continue (3.3099999999999721 -0.0000000023473627)
continue (3.3199999999999719 -0.0000000023478234)
continue (3.3299999999999716 -0.0000000023482180)
continue (3.3399999999999714 -0.0000000023486795)
continue (3.3499999999999712 -0.0000000023490692)
continue (3.3599999999999710 -0.0000000023495088)
continue (3.3699999999999708 -0.0000000023499070)
continue (3.3799999999999706 -0.0000000023503138)
continue (3.3899999999999704 -0.0000000023507247)
continue (3.3999999999999702 -0.0000000023511148)
continue (3.4099999999999699 -0.0000000023515228)
continue (3.4199999999999697 -0.0000000023519009)
continue (3.4299999999999695 -0.0000000023522898)
continue (3.4399999999999693 -0.0000000023526885)
continue (3.4499999999999691 -0.0000000023530266)
continue (3.4599999999999689 -0.0000000023534589)
continue (3.4699999999999687 -0.0000000023537595)
continue (3.4799999999999685 -0.0000000023542004)
continue (3.4899999999999682 -0.0000000023544920)
continue (3.4999999999999680 -0.0000000023550761)
continue (3.5099999999999678 -0.0000000023552195)
continue (3.5199999999999676 -0.0000000023557948)
continue (3.5299999999999674 -0.0000000023558879)
continue (3.5399999999999672 -0.0000000023564949)
continue (3.5499999999999670 -0.0000000023568723)
continue (3.5599999999999667 -0.0000000023563438)
continue (3.5699999999999665 -0.0000000023567157)
continue (3.5799999999999663 -0.0000000023569753)
continue (3.5899999999999661 -0.0000000023573480)
continue (3.5999999999999659 -0.0000000023575896)
continue (3.6099999999999657 -0.0000000023582429)
continue (3.6199999999999655 -0.0000000023581656)
continue (3.6299999999999653 -0.0000000023588418)
continue (3.6399999999999650 -0.0000000023592022)
continue (3.6499999999999648 -0.0000000023593951)
continue (3.6599999999999646 -0.0000000023600585)
continue (3.6699999999999644 -0.0000000023599202)
continue (3.6799999999999642 -0.0000000023605947)
continue (3.6899999999999640 -0.0000000023604011)
continue (3.6999999999999638 -0.0000000023610969)
continue (3.7099999999999635 -0.0000000023614217)
continue (3.7199999999999633 -0.0000000023615574)
continue (3.7299999999999631 -0.0000000023622482)
continue (3.7399999999999629 -0.0000000023619619)
continue (3.7499999999999627 -0.0000000023626860)
continue (3.7599999999999625 -0.0000000023625311)
continue (3.7699999999999623 -0.0000000023626310)
continue (3.7799999999999621 -0.0000000023633418)
continue (3.7899999999999618 -0.0000000023629312)
continue (3.7999999999999616 -0.0000000023637150)
continue (3.8099999999999614 -0.0000000023639642)
continue (3.8199999999999612 -0.0000000023639886)
continue (3.8299999999999610 -0.0000000023647572)
continue (3.8399999999999608 -0.0000000023641910)
continue (3.8499999999999606 -0.0000000023647289)
continue (3.8599999999999604 -0.0000000023654863)
continue (3.8699999999999601 -0.0000000023648893)
continue (3.8799999999999599 -0.0000000023657218)
continue (3.8899999999999597 -0.0000000023657216)
continue (3.8999999999999595 -0.0000000023656461)
continue (3.9099999999999593 -0.0000000023664721)
continue (3.9199999999999591 -0.0000000023656804)
continue (3.9299999999999589 -0.0000000023665632)
continue (3.9399999999999586 -0.0000000023673899)
continue (3.9499999999999584 -0.0000000023665426)
continue (3.9599999999999582 -0.0000000023674380)
continue (3.9699999999999580 -0.0000000023682682)
continue (3.9799999999999578 -0.0000000023673815)
continue (3.9899999999999576 -0.0000000023682896)
continue (4.0099999999999998 -0.0000000023682071)
continue (4.5099999999999998 -0.0000000023845015)
continue (5.0099999999999998 -0.0000000023898926)
continue (5.5099999999999998 -0.0000000023948995)
continue (6.0099999999999998 -0.0000000023996747)
continue (6.5099999999999998 -0.0000000024041905)
continue (7.0099999999999998 -0.0000000024084569)
continue (7.5099999999999998 -0.0000000024124773)
continue (8.0099999999999998 -0.0000000024162537)
continue (8.5099999999999998 -0.0000000024197909)
continue (9.0099999999999998 -0.0000000024230829)
continue (9.5099999999999998 -0.0000000024261240)
continue (10.0000000000000000 -0.0000000024288569)
continue (10.0099999999999998 -0.0000000024289100)
continue (15.0000000000000000 -0.0000000024452641)
continue (20.0000000000000000 -0.0000000024524647)
continue (25.0000000000000000 -0.0000000024574993)
continue (30.0000000000000000 -0.0000000024608735)
continue (35.0000000000000000 -0.0000000024631002)
continue (40.0000000000000000 -0.0000000024647029)
continue (45.0000000000000000 -0.0000000024659819)
continue (50.0000000000000000 -0.0000000024670951)
continue (55.0000000000000000 -0.0000000024681254)
continue (60.0000000000000000 -0.0000000024690832)
continue (65.0000000000000000 -0.0000000024699774)
continue (70.0000000000000000 -0.0000000024708155)
continue (75.0000000000000000 -0.0000000024716044)
continue (80.0000000000000000 -0.0000000024723495)
continue (85.0000000000000000 -0.0000000024730559)
continue (90.0000000000000000 -0.0000000024737276)
continue (95.0000000000000000 -0.0000000024743681)
continue (100.0000000000000000 -0.0000000024749804)
continue (110.0000000000000000 -0.0000000024761310)
continue (120.0000000000000000 -0.0000000024771966)
continue (130.0000000000000000 -0.0000000024781904)
continue (140.0000000000000000 -0.0000000024791229)
continue (150.0000000000000000 -0.0000000024800025)
continue (160.0000000000000000 -0.0000000024808359)
continue (170.0000000000000000 -0.0000000024816287)
continue (180.0000000000000000 -0.0000000024823854)
continue (190.0000000000000000 -0.0000000024831099)
continue (200.0000000000000000 -0.0000000024838056)
continue (210.0000000000000000 -0.0000000024844752)
continue (220.0000000000000000 -0.0000000024851211)
continue (230.0000000000000000 -0.0000000024857455)
continue (240.0000000000000000 -0.0000000024863501)
continue (250.0000000000000000 -0.0000000024869366)
continue (260.0000000000000000 -0.0000000024875063)
continue (270.0000000000000000 -0.0000000024880606)
continue (280.0000000000000000 -0.0000000024886005)
continue (290.0000000000000000 -0.0000000024891271)
continue (300.0000000000000000 -0.0000000024896413)
continue (310.0000000000000000 -0.0000000024901438)
continue (320.0000000000000000 -0.0000000024906354)
continue (330.0000000000000000 -0.0000000024911168)
continue (340.0000000000000000 -0.0000000024915886)
continue (350.0000000000000000 -0.0000000024920512)
continue (360.0000000000000000 -0.0000000024925054)
continue (370.0000000000000000 -0.0000000024929514)
continue (380.0000000000000000 -0.0000000024933898)
continue (390.0000000000000000 -0.0000000024938209)
continue (400.0000000000000000 -0.0000000024942451)
continue (410.0000000000000000 -0.0000000024946627)
continue (420.0000000000000000 -0.0000000024950741)
continue (430.0000000000000000 -0.0000000024954795)
continue (440.0000000000000000 -0.0000000024958793)
continue (450.0000000000000000 -0.0000000024962736)
continue (460.0000000000000000 -0.0000000024966627)
continue (470.0000000000000000 -0.0000000024970468)
continue (480.0000000000000000 -0.0000000024974262)
continue (490.0000000000000000 -0.0000000024978009)
continue (500.0000000000000000 -0.0000000024981713)
continue (510.0000000000000000 -0.0000000024985375)
continue (520.0000000000000000 -0.0000000024988996)
continue (530.0000000000000000 -0.0000000024992578)
continue (540.0000000000000000 -0.0000000024996122)
continue (550.0000000000000000 -0.0000000024999631)
continue (560.0000000000000000 -0.0000000025003104)
continue (570.0000000000000000 -0.0000000025006543)
continue (580.0000000000000000 -0.0000000025009950)
continue (590.0000000000000000 -0.0000000025013326)
continue (600.0000000000000000 -0.0000000025016670)
continue (610.0000000000000000 -0.0000000025019986)
continue (620.0000000000000000 -0.0000000025023273)
continue (630.0000000000000000 -0.0000000025026532)
continue (640.0000000000000000 -0.0000000025029765)
continue (650.0000000000000000 -0.0000000025032972)
continue (660.0000000000000000 -0.0000000025036153)
continue (670.0000000000000000 -0.0000000025039310)
continue (680.0000000000000000 -0.0000000025042444)
continue (690.0000000000000000 -0.0000000025045554)
continue (700.0000000000000000 -0.0000000025048642)
continue (710.0000000000000000 -0.0000000025051708)
continue (720.0000000000000000 -0.0000000025054753)
continue (730.0000000000000000 -0.0000000025057777)
continue (740.0000000000000000 -0.0000000025060782)
continue (750.0000000000000000 -0.0000000025063767)
continue (760.0000000000000000 -0.0000000025066732)
continue (770.0000000000000000 -0.0000000025069680)
continue (780.0000000000000000 -0.0000000025072609)
continue (790.0000000000000000 -0.0000000025075520)
continue (800.0000000000000000 -0.0000000025078415)
continue (810.0000000000000000 -0.0000000025081292)
continue (820.0000000000000000 -0.0000000025084154)
continue (830.0000000000000000 -0.0000000025086999)
continue (840.0000000000000000 -0.0000000025089828)
continue (850.0000000000000000 -0.0000000025092643)
continue (860.0000000000000000 -0.0000000025095442)
continue (870.0000000000000000 -0.0000000025098227)
continue (880.0000000000000000 -0.0000000025100998)
continue (890.0000000000000000 -0.0000000025103755)
continue (900.0000000000000000 -0.0000000025106498)
continue (910.0000000000000000 -0.0000000025109227)
continue (920.0000000000000000 -0.0000000025111944)
continue (930.0000000000000000 -0.0000000025114648)
continue (940.0000000000000000 -0.0000000025117339)
continue (950.0000000000000000 -0.0000000025120018)
continue (960.0000000000000000 -0.0000000025122685)
continue (970.0000000000000000 -0.0000000025125340)
continue (980.0000000000000000 -0.0000000025127984)
continue (990.0000000000000000 -0.0000000025130616)
continue (1000.0000000000000000 -0.0000000025133237)
continue (1200.0000000000000000 -0.0000000025183615)
continue (1400.0000000000000000 -0.0000000025230870)
continue (1600.0000000000000000 -0.0000000025275792)
continue (1800.0000000000000000 -0.0000000025318886)
continue (2000.0000000000000000 -0.0000000025360490)
continue (2200.0000000000000000 -0.0000000025400832)
continue (2400.0000000000000000 -0.0000000025440065)
continue (2600.0000000000000000 -0.0000000025478287)
continue (2800.0000000000000000 -0.0000000025515558)
continue (3000.0000000000000000 -0.0000000025551908)
continue (3200.0000000000000000 -0.0000000025587349)
continue (3400.0000000000000000 -0.0000000025621879)
continue (3600.0000000000000000 -0.0000000025655490)
continue (3800.0000000000000000 -0.0000000025688172)
continue (4000.0000000000000000 -0.0000000025719917)
continue (4200.0000000000000000 -0.0000000025750720)
continue (4400.0000000000000000 -0.0000000025780582)
continue (4600.0000000000000000 -0.0000000025809513)
continue (4800.0000000000000000 -0.0000000025837525)
continue (5000.0000000000000000 -0.0000000025864638)
continue (5200.0000000000000000 -0.0000000025890878)
continue (5400.0000000000000000 -0.0000000025916271)
continue (5600.0000000000000000 -0.0000000025940848)
continue (5800.0000000000000000 -0.0000000025964639)
continue (6000.0000000000000000 -0.0000000025987678)
continue (6200.0000000000000000 -0.0000000026009996)
continue (6400.0000000000000000 -0.0000000026031625)
continue (6600.0000000000000000 -0.0000000026052596)
continue (6800.0000000000000000 -0.0000000026072939)
continue (7000.0000000000000000 -0.0000000026092685)
continue (7200.0000000000000000 -0.0000000026111869)
continue (7400.0000000000000000 -0.0000000026130522)
continue (7600.0000000000000000 -0.0000000026148672)
continue (7800.0000000000000000 -0.0000000026166345)
continue (8000.0000000000000000 -0.0000000026183567)
continue (8200.0000000000000000 -0.0000000026200358)
continue (8400.0000000000000000 -0.0000000026216741)
continue (8600.0000000000000000 -0.0000000026232733)
continue (8800.0000000000000000 -0.0000000026248354)
continue (9000.0000000000000000 -0.0000000026263620)
continue (9200.0000000000000000 -0.0000000026278546)
continue (9400.0000000000000000 -0.0000000026293148)
continue (9600.0000000000000000 -0.0000000026307438)
continue (9800.0000000000000000 -0.0000000026321431)
continue (10000.0000000000000000 -0.0000000026335137)
continue (10200.0000000000000000 -0.0000000026348569)
continue (10400.0000000000000000 -0.0000000026361736)
continue (10600.0000000000000000 -0.0000000026374650)
continue (10800.0000000000000000 -0.0000000026387319)
continue (11000.0000000000000000 -0.0000000026399753)
continue (11500.0000000000000000 -0.0000000026429863)
continue (12000.0000000000000000 -0.0000000026458674)
continue (12500.0000000000000000 -0.0000000026486294)
continue (13000.0000000000000000 -0.0000000026512816)
continue (13500.0000000000000000 -0.0000000026538324)
continue (14000.0000000000000000 -0.0000000026562890)
continue (14500.0000000000000000 -0.0000000026586583)
continue (15000.0000000000000000 -0.0000000026609461)
continue (15500.0000000000000000 -0.0000000026631578)
continue (16000.0000000000000000 -0.0000000026652982)
continue (16500.0000000000000000 -0.0000000026673717)
continue (17000.0000000000000000 -0.0000000026693824)
continue (17500.0000000000000000 -0.0000000026713339)
continue (18000.0000000000000000 -0.0000000026732296)
continue (18500.0000000000000000 -0.0000000026750725)
continue (19000.0000000000000000 -0.0000000026768655)
continue (19500.0000000000000000 -0.0000000026786111)
continue (20000.0000000000000000 -0.0000000026803118)
continue (20500.0000000000000000 -0.0000000026819698)
continue (21000.0000000000000000 -0.0000000026835872)
continue (21500.0000000000000000 -0.0000000026851659)
continue (22000.0000000000000000 -0.0000000026867077)
continue (22500.0000000000000000 -0.0000000026882142)
continue (23000.0000000000000000 -0.0000000026896870)
continue (23500.0000000000000000 -0.0000000026911276)
continue (24000.0000000000000000 -0.0000000026925373)
continue (24500.0000000000000000 -0.0000000026939174)
continue (25000.0000000000000000 -0.0000000026952691)
continue (25500.0000000000000000 -0.0000000026965936)
continue (26000.0000000000000000 -0.0000000026978918)
continue (26500.0000000000000000 -0.0000000026991649)
continue (27000.0000000000000000 -0.0000000027004137)
continue (27500.0000000000000000 -0.0000000027016392)
continue (28000.0000000000000000 -0.0000000027028421)
continue (28500.0000000000000000 -0.0000000027040234)
continue (29000.0000000000000000 -0.0000000027051837)
continue (29500.0000000000000000 -0.0000000027063238)
continue (30000.0000000000000000 -0.0000000027074443)
continue (30500.0000000000000000 -0.0000000027085460)
continue (31000.0000000000000000 -0.0000000027096293)
continue (31500.0000000000000000 -0.0000000027106950)
continue (32000.0000000000000000 -0.0000000027117436)
continue (32500.0000000000000000 -0.0000000027127756)
continue (33000.0000000000000000 -0.0000000027137915)
continue (33500.0000000000000000 -0.0000000027147918)
continue (34000.0000000000000000 -0.0000000027157769)
continue (34500.0000000000000000 -0.0000000027167474)
continue (35000.0000000000000000 -0.0000000027177036)
continue (35500.0000000000000000 -0.0000000027186460)
continue (36000.0000000000000000 -0.0000000027195749)
continue (36500.0000000000000000 -0.0000000027204907)
continue (37000.0000000000000000 -0.0000000027213938)
continue (37500.0000000000000000 -0.0000000027222845)
continue (38000.0000000000000000 -0.0000000027231631)
continue (38500.0000000000000000 -0.0000000027240300)
continue (39000.0000000000000000 -0.0000000027248855)
continue (39500.0000000000000000 -0.0000000027257298)
continue (40000.0000000000000000 -0.0000000027265632)
continue (40500.0000000000000000 -0.0000000027273861)
continue (41000.0000000000000000 -0.0000000027281987)
continue (41500.0000000000000000 -0.0000000027290011)
continue (42000.0000000000000000 -0.0000000027297938)
continue (42500.0000000000000000 -0.0000000027305768)
continue (43000.0000000000000000 -0.0000000027313505)
continue (43500.0000000000000000 -0.0000000027321150)
continue (44000.0000000000000000 -0.0000000027328706)
continue (44500.0000000000000000 -0.0000000027336174)
continue (45000.0000000000000000 -0.0000000027343557)
continue (45500.0000000000000000 -0.0000000027350857)
continue (46000.0000000000000000 -0.0000000027358075)
continue (46500.0000000000000000 -0.0000000027365212)
continue (47000.0000000000000000 -0.0000000027372272)
continue (47500.0000000000000000 -0.0000000027379255)
continue (48000.0000000000000000 -0.0000000027386164)
continue (48500.0000000000000000 -0.0000000027392999)
continue (49000.0000000000000000 -0.0000000027399762)
continue (49500.0000000000000000 -0.0000000027406454)
continue (50000.0000000000000000 -0.0000000027413078)
continue (50500.0000000000000000 -0.0000000027419635)
continue (51000.0000000000000000 -0.0000000027426125)
continue (51500.0000000000000000 -0.0000000027432550)
continue (52000.0000000000000000 -0.0000000027438912)
continue (52500.0000000000000000 -0.0000000027445211)
continue (53000.0000000000000000 -0.0000000027451449)
continue (53500.0000000000000000 -0.0000000027457627)
continue (54000.0000000000000000 -0.0000000027463746)
continue (54500.0000000000000000 -0.0000000027469807)
continue (55000.0000000000000000 -0.0000000027475811)
continue (55500.0000000000000000 -0.0000000027481760)
continue (56000.0000000000000000 -0.0000000027487654)
continue (56500.0000000000000000 -0.0000000027493494)
continue (57000.0000000000000000 -0.0000000027499281)
continue (57500.0000000000000000 -0.0000000027505016)
continue (58000.0000000000000000 -0.0000000027510701)
continue (58500.0000000000000000 -0.0000000027516335)
continue (59000.0000000000000000 -0.0000000027521921)
continue (59500.0000000000000000 -0.0000000027527457)
continue (60000.0000000000000000 -0.0000000027532947)
continue (60500.0000000000000000 -0.0000000027538389)
continue (61000.0000000000000000 -0.0000000027543786)
continue (61500.0000000000000000 -0.0000000027549137)
continue (62000.0000000000000000 -0.0000000027554444)
continue (62500.0000000000000000 -0.0000000027559707)
continue (63000.0000000000000000 -0.0000000027564927)
continue (63500.0000000000000000 -0.0000000027570104)
continue (64000.0000000000000000 -0.0000000027575240)
continue (64500.0000000000000000 -0.0000000027580335)
continue (65000.0000000000000000 -0.0000000027585389)
continue (65500.0000000000000000 -0.0000000027590404)
continue (66000.0000000000000000 -0.0000000027595379)
continue (66500.0000000000000000 -0.0000000027600316)
continue (67000.0000000000000000 -0.0000000027605215)
continue (67500.0000000000000000 -0.0000000027610076)
continue (68000.0000000000000000 -0.0000000027614900)
continue (68500.0000000000000000 -0.0000000027619689)
continue (69000.0000000000000000 -0.0000000027624441)
continue (69500.0000000000000000 -0.0000000027629158)
continue (70000.0000000000000000 -0.0000000027633840)
continue (70500.0000000000000000 -0.0000000027638488)
continue (71000.0000000000000000 -0.0000000027643103)
continue (71500.0000000000000000 -0.0000000027647683)
continue (72000.0000000000000000 -0.0000000027652232)
continue (72500.0000000000000000 -0.0000000027656747)
continue (73000.0000000000000000 -0.0000000027661231)
continue (73500.0000000000000000 -0.0000000027665683)
continue (74000.0000000000000000 -0.0000000027670105)
continue (74500.0000000000000000 -0.0000000027674495)
continue (75245.0000000000000000 -0.0000000050000000)
continue (7354000.0000000000000000 -0.0000000050000000)
f(nu) = -20.9611122047169509 at 1.0000000000000000 Ryd
