# Faucher-Giguere 2019 
# z = 4.011872
# E [Ryd] log (J_nu)
interpolate (0.0000000100100000 -0.0000000050000000)
continue (0.0990000000000000 -0.0000000050000000)
continue (0.1000000000000000 -0.0000000018837367)
continue (0.1500000000000000 -0.0000000018929012)
continue (0.2000000000000000 -0.0000000019071286)
continue (0.2500000000000001 -0.0000000019256062)
continue (0.3000000000000000 -0.0000000019273041)
continue (0.3500000000000001 -0.0000000019282366)
continue (0.4000000000000001 -0.0000000019279026)
continue (0.4500000000000001 -0.0000000019236548)
continue (0.5000000000000001 -0.0000000019223026)
continue (0.5500000000000002 -0.0000000019208089)
continue (0.6000000000000002 -0.0000000019196567)
continue (0.6500000000000001 -0.0000000019197990)
continue (0.7000000000000002 -0.0000000019197137)
continue (0.7500000000000002 -0.0000000019552298)
continue (0.8000000000000002 -0.0000000019639368)
continue (0.8500000000000002 -0.0000000019772104)
continue (0.9000000000000002 -0.0000000019960691)
continue (0.9500000000000003 -0.0000000020355260)
continue (1.0100000000000000 -0.0000000021592324)
continue (1.0600000000000001 -0.0000000021656537)
continue (1.1100000000000001 -0.0000000021696041)
continue (1.1600000000000001 -0.0000000021779963)
continue (1.2100000000000002 -0.0000000021762006)
continue (1.2600000000000002 -0.0000000021787111)
continue (1.3100000000000003 -0.0000000021809768)
continue (1.3600000000000003 -0.0000000021829693)
continue (1.4100000000000004 -0.0000000021860833)
continue (1.4600000000000004 -0.0000000021881149)
continue (1.5100000000000005 -0.0000000021854516)
continue (1.5600000000000005 -0.0000000021888426)
continue (1.6100000000000005 -0.0000000021908712)
continue (1.6600000000000006 -0.0000000021931440)
continue (1.7100000000000006 -0.0000000021906521)
continue (1.7600000000000007 -0.0000000021925798)
continue (1.8100000000000007 -0.0000000021959002)
continue (1.8600000000000008 -0.0000000022014617)
continue (1.9100000000000008 -0.0000000021997198)
continue (1.9600000000000009 -0.0000000022038184)
continue (2.0000000000000000 -0.0000000022045001)
continue (2.0099999999999998 -0.0000000022080041)
continue (2.0199999999999996 -0.0000000022044470)
continue (2.0299999999999994 -0.0000000022101437)
continue (2.0399999999999991 -0.0000000022051175)
continue (2.0499999999999989 -0.0000000022099711)
continue (2.0599999999999987 -0.0000000022062623)
continue (2.0699999999999985 -0.0000000022099718)
continue (2.0799999999999983 -0.0000000022069705)
continue (2.0899999999999981 -0.0000000022086026)
continue (2.0999999999999979 -0.0000000022088127)
continue (2.1099999999999977 -0.0000000022092704)
continue (2.1199999999999974 -0.0000000022096981)
continue (2.1299999999999972 -0.0000000022099032)
continue (2.1399999999999970 -0.0000000022110240)
continue (2.1499999999999968 -0.0000000022119555)
continue (2.1599999999999966 -0.0000000022122823)
continue (2.1699999999999964 -0.0000000022155356)
continue (2.1799999999999962 -0.0000000022131225)
continue (2.1899999999999959 -0.0000000022144668)
continue (2.1999999999999957 -0.0000000022138405)
continue (2.2099999999999955 -0.0000000022148056)
continue (2.2199999999999953 -0.0000000022146063)
continue (2.2299999999999951 -0.0000000022174859)
continue (2.2399999999999949 -0.0000000022157197)
continue (2.2499999999999947 -0.0000000022184203)
continue (2.2599999999999945 -0.0000000022167999)
continue (2.2699999999999942 -0.0000000022197046)
continue (2.2799999999999940 -0.0000000022177588)
continue (2.2899999999999938 -0.0000000022219892)
continue (2.2999999999999936 -0.0000000022198194)
continue (2.3099999999999934 -0.0000000022216222)
continue (2.3199999999999932 -0.0000000022219554)
continue (2.3299999999999930 -0.0000000022198235)
continue (2.3399999999999928 -0.0000000022235312)
continue (2.3499999999999925 -0.0000000022203468)
continue (2.3599999999999923 -0.0000000022235224)
continue (2.3699999999999921 -0.0000000022220492)
continue (2.3799999999999919 -0.0000000022229484)
continue (2.3899999999999917 -0.0000000022244007)
continue (2.3999999999999915 -0.0000000022203920)
continue (2.4099999999999913 -0.0000000022245375)
continue (2.4199999999999910 -0.0000000022213679)
continue (2.4299999999999908 -0.0000000022224886)
continue (2.4399999999999906 -0.0000000022214096)
continue (2.4499999999999904 -0.0000000022211588)
continue (2.4599999999999902 -0.0000000022213680)
continue (2.4699999999999900 -0.0000000022211230)
continue (2.4799999999999898 -0.0000000022229946)
continue (2.4899999999999896 -0.0000000022223987)
continue (2.4999999999999893 -0.0000000022233346)
continue (2.5099999999999891 -0.0000000022223937)
continue (2.5199999999999889 -0.0000000022217935)
continue (2.5299999999999887 -0.0000000022214082)
continue (2.5399999999999885 -0.0000000022215666)
continue (2.5499999999999883 -0.0000000022215167)
continue (2.5599999999999881 -0.0000000022225250)
continue (2.5699999999999878 -0.0000000022190409)
continue (2.5799999999999876 -0.0000000022203586)
continue (2.5899999999999874 -0.0000000022198064)
continue (2.5999999999999872 -0.0000000022174699)
continue (2.6099999999999870 -0.0000000022200691)
continue (2.6199999999999868 -0.0000000022174028)
continue (2.6299999999999866 -0.0000000022166765)
continue (2.6399999999999864 -0.0000000022179666)
continue (2.6499999999999861 -0.0000000022165985)
continue (2.6599999999999859 -0.0000000022170189)
continue (2.6699999999999857 -0.0000000022146647)
continue (2.6799999999999855 -0.0000000022146201)
continue (2.6899999999999853 -0.0000000022157372)
continue (2.6999999999999851 -0.0000000022139557)
continue (2.7099999999999849 -0.0000000022146650)
continue (2.7199999999999847 -0.0000000022136249)
continue (2.7299999999999844 -0.0000000022106867)
continue (2.7399999999999842 -0.0000000022125554)
continue (2.7499999999999840 -0.0000000022118828)
continue (2.7599999999999838 -0.0000000022095831)
continue (2.7699999999999836 -0.0000000022105518)
continue (2.7799999999999834 -0.0000000022077998)
continue (2.7899999999999832 -0.0000000022085419)
continue (2.7999999999999829 -0.0000000022092069)
continue (2.8099999999999827 -0.0000000022059889)
continue (2.8199999999999825 -0.0000000022080673)
continue (2.8299999999999823 -0.0000000022075772)
continue (2.8399999999999821 -0.0000000022046935)
continue (2.8499999999999819 -0.0000000022061694)
continue (2.8599999999999817 -0.0000000022031531)
continue (2.8699999999999815 -0.0000000022025529)
continue (2.8799999999999812 -0.0000000022034893)
continue (2.8899999999999810 -0.0000000022002776)
continue (2.8999999999999808 -0.0000000021997784)
continue (2.9099999999999806 -0.0000000022007506)
continue (2.9199999999999804 -0.0000000021975929)
continue (2.9299999999999802 -0.0000000021971612)
continue (2.9399999999999800 -0.0000000021971386)
continue (2.9499999999999797 -0.0000000021946293)
continue (2.9599999999999795 -0.0000000021944561)
continue (2.9699999999999793 -0.0000000021948502)
continue (2.9799999999999791 -0.0000000021916765)
continue (2.9899999999999789 -0.0000000021916678)
continue (2.9999999999999787 -0.0000000021918323)
continue (3.0099999999999785 -0.0000000022523743)
continue (3.0199999999999783 -0.0000000022546005)
continue (3.0299999999999780 -0.0000000022525690)
continue (3.0399999999999778 -0.0000000022528857)
continue (3.0499999999999776 -0.0000000022555994)
continue (3.0599999999999774 -0.0000000022547555)
continue (3.0699999999999772 -0.0000000022549865)
continue (3.0799999999999770 -0.0000000022583534)
continue (3.0899999999999768 -0.0000000022577856)
continue (3.0999999999999766 -0.0000000022581983)
continue (3.1099999999999763 -0.0000000022589406)
continue (3.1199999999999761 -0.0000000022592913)
continue (3.1299999999999759 -0.0000000022590741)
continue (3.1399999999999757 -0.0000000022592909)
continue (3.1499999999999755 -0.0000000022603225)
continue (3.1599999999999753 -0.0000000022602011)
continue (3.1699999999999751 -0.0000000022599124)
continue (3.1799999999999748 -0.0000000022628387)
continue (3.1899999999999746 -0.0000000022626898)
continue (3.1999999999999744 -0.0000000022622463)
continue (3.2099999999999742 -0.0000000022661863)
continue (3.2199999999999740 -0.0000000022648700)
continue (3.2299999999999738 -0.0000000022655693)
continue (3.2399999999999736 -0.0000000022696643)
continue (3.2499999999999734 -0.0000000022692417)
continue (3.2599999999999731 -0.0000000022694121)
continue (3.2699999999999729 -0.0000000022749517)
continue (3.2799999999999727 -0.0000000022749310)
continue (3.2899999999999725 -0.0000000022728841)
continue (3.2999999999999723 -0.0000000022765776)
continue (3.3099999999999721 -0.0000000022776457)
continue (3.3199999999999719 -0.0000000022761725)
continue (3.3299999999999716 -0.0000000022828807)
continue (3.3399999999999714 -0.0000000022870989)
continue (3.3499999999999712 -0.0000000022846611)
continue (3.3599999999999710 -0.0000000022908494)
continue (3.3699999999999708 -0.0000000022951068)
continue (3.3799999999999706 -0.0000000022923124)
continue (3.3899999999999704 -0.0000000022945146)
continue (3.3999999999999702 -0.0000000023002190)
continue (3.4099999999999699 -0.0000000023004513)
continue (3.4199999999999697 -0.0000000023045201)
continue (3.4299999999999695 -0.0000000023038213)
continue (3.4399999999999693 -0.0000000023075325)
continue (3.4499999999999691 -0.0000000023070158)
continue (3.4599999999999689 -0.0000000023106536)
continue (3.4699999999999687 -0.0000000023135353)
continue (3.4799999999999685 -0.0000000023165100)
continue (3.4899999999999682 -0.0000000023254282)
continue (3.4999999999999680 -0.0000000023275965)
continue (3.5099999999999678 -0.0000000023257980)
continue (3.5199999999999676 -0.0000000023369362)
continue (3.5299999999999674 -0.0000000023564066)
continue (3.5399999999999672 -0.0000000023475279)
continue (3.5499999999999670 -0.0000000023507360)
continue (3.5599999999999667 -0.0000000023067978)
continue (3.5699999999999665 -0.0000000023030401)
continue (3.5799999999999663 -0.0000000023035380)
continue (3.5899999999999661 -0.0000000023054163)
continue (3.5999999999999659 -0.0000000023098999)
continue (3.6099999999999657 -0.0000000023149494)
continue (3.6199999999999655 -0.0000000023174896)
continue (3.6299999999999653 -0.0000000023219898)
continue (3.6399999999999650 -0.0000000023205824)
continue (3.6499999999999648 -0.0000000023319784)
continue (3.6599999999999646 -0.0000000023327144)
continue (3.6699999999999644 -0.0000000023307322)
continue (3.6799999999999642 -0.0000000023491687)
continue (3.6899999999999640 -0.0000000023528087)
continue (3.6999999999999638 -0.0000000023460470)
continue (3.7099999999999635 -0.0000000023418914)
continue (3.7199999999999633 -0.0000000023695043)
continue (3.7299999999999631 -0.0000000023745278)
continue (3.7399999999999629 -0.0000000023699550)
continue (3.7499999999999627 -0.0000000023643660)
continue (3.7599999999999625 -0.0000000023467788)
continue (3.7699999999999623 -0.0000000023528990)
continue (3.7799999999999621 -0.0000000023460262)
continue (3.7899999999999618 -0.0000000023541726)
continue (3.7999999999999616 -0.0000000023632774)
continue (3.8099999999999614 -0.0000000023710869)
continue (3.8199999999999612 -0.0000000023721172)
continue (3.8299999999999610 -0.0000000023768785)
continue (3.8399999999999608 -0.0000000023832466)
continue (3.8499999999999606 -0.0000000023578365)
continue (3.8599999999999604 -0.0000000023555906)
continue (3.8699999999999601 -0.0000000023599212)
continue (3.8799999999999599 -0.0000000023701696)
continue (3.8899999999999597 -0.0000000023474061)
continue (3.8999999999999595 -0.0000000023397236)
continue (3.9099999999999593 -0.0000000023447206)
continue (3.9199999999999591 -0.0000000023535562)
continue (3.9299999999999589 -0.0000000023527049)
continue (3.9399999999999586 -0.0000000023436735)
continue (3.9499999999999584 -0.0000000023533735)
continue (3.9599999999999582 -0.0000000023627369)
continue (3.9699999999999580 -0.0000000023594111)
continue (3.9799999999999578 -0.0000000023494877)
continue (3.9899999999999576 -0.0000000023623637)
continue (4.0099999999999998 -0.0000000023902718)
continue (4.5099999999999998 -0.0000000024755907)
continue (5.0099999999999998 -0.0000000024898758)
continue (5.5099999999999998 -0.0000000024904879)
continue (6.0099999999999998 -0.0000000024965636)
continue (6.5099999999999998 -0.0000000024959248)
continue (7.0099999999999998 -0.0000000024979786)
continue (7.5099999999999998 -0.0000000025009438)
continue (8.0099999999999998 -0.0000000025019102)
continue (8.5099999999999998 -0.0000000025027162)
continue (9.0099999999999998 -0.0000000025032411)
continue (9.5099999999999998 -0.0000000025036477)
continue (10.0000000000000000 -0.0000000025038629)
continue (10.0099999999999998 -0.0000000025038662)
continue (15.0000000000000000 -0.0000000025037452)
continue (20.0000000000000000 -0.0000000025019322)
continue (25.0000000000000000 -0.0000000024954373)
continue (30.0000000000000000 -0.0000000024924437)
continue (35.0000000000000000 -0.0000000024917466)
continue (40.0000000000000000 -0.0000000024921845)
continue (45.0000000000000000 -0.0000000024922132)
continue (50.0000000000000000 -0.0000000024915413)
continue (55.0000000000000000 -0.0000000024913205)
continue (60.0000000000000000 -0.0000000024913841)
continue (65.0000000000000000 -0.0000000024916234)
continue (70.0000000000000000 -0.0000000024919706)
continue (75.0000000000000000 -0.0000000024923831)
continue (80.0000000000000000 -0.0000000024928336)
continue (85.0000000000000000 -0.0000000024933046)
continue (90.0000000000000000 -0.0000000024937846)
continue (95.0000000000000000 -0.0000000024942663)
continue (100.0000000000000000 -0.0000000024947448)
continue (110.0000000000000000 -0.0000000024956809)
continue (120.0000000000000000 -0.0000000024965799)
continue (130.0000000000000000 -0.0000000024974375)
continue (140.0000000000000000 -0.0000000024982539)
continue (150.0000000000000000 -0.0000000024990311)
continue (160.0000000000000000 -0.0000000024997716)
continue (170.0000000000000000 -0.0000000025004782)
continue (180.0000000000000000 -0.0000000025011538)
continue (190.0000000000000000 -0.0000000025018009)
continue (200.0000000000000000 -0.0000000025024219)
continue (210.0000000000000000 -0.0000000025030189)
continue (220.0000000000000000 -0.0000000025035940)
continue (230.0000000000000000 -0.0000000025041487)
continue (240.0000000000000000 -0.0000000025046848)
continue (250.0000000000000000 -0.0000000025052036)
continue (260.0000000000000000 -0.0000000025057063)
continue (270.0000000000000000 -0.0000000025061942)
continue (280.0000000000000000 -0.0000000025066682)
continue (290.0000000000000000 -0.0000000025071292)
continue (300.0000000000000000 -0.0000000025075782)
continue (310.0000000000000000 -0.0000000025080157)
continue (320.0000000000000000 -0.0000000025084427)
continue (330.0000000000000000 -0.0000000025088596)
continue (340.0000000000000000 -0.0000000025092672)
continue (350.0000000000000000 -0.0000000025096658)
continue (360.0000000000000000 -0.0000000025100560)
continue (370.0000000000000000 -0.0000000025104383)
continue (380.0000000000000000 -0.0000000025108130)
continue (390.0000000000000000 -0.0000000025111806)
continue (400.0000000000000000 -0.0000000025115413)
continue (410.0000000000000000 -0.0000000025118957)
continue (420.0000000000000000 -0.0000000025122438)
continue (430.0000000000000000 -0.0000000025125861)
continue (440.0000000000000000 -0.0000000025129228)
continue (450.0000000000000000 -0.0000000025132541)
continue (460.0000000000000000 -0.0000000025135803)
continue (470.0000000000000000 -0.0000000025139016)
continue (480.0000000000000000 -0.0000000025142182)
continue (490.0000000000000000 -0.0000000025145303)
continue (500.0000000000000000 -0.0000000025148381)
continue (510.0000000000000000 -0.0000000025151417)
continue (520.0000000000000000 -0.0000000025154413)
continue (530.0000000000000000 -0.0000000025157371)
continue (540.0000000000000000 -0.0000000025160292)
continue (550.0000000000000000 -0.0000000025163177)
continue (560.0000000000000000 -0.0000000025166028)
continue (570.0000000000000000 -0.0000000025168845)
continue (580.0000000000000000 -0.0000000025171631)
continue (590.0000000000000000 -0.0000000025174385)
continue (600.0000000000000000 -0.0000000025177110)
continue (610.0000000000000000 -0.0000000025179806)
continue (620.0000000000000000 -0.0000000025182474)
continue (630.0000000000000000 -0.0000000025185114)
continue (640.0000000000000000 -0.0000000025187729)
continue (650.0000000000000000 -0.0000000025190318)
continue (660.0000000000000000 -0.0000000025192882)
continue (670.0000000000000000 -0.0000000025195423)
continue (680.0000000000000000 -0.0000000025197940)
continue (690.0000000000000000 -0.0000000025200435)
continue (700.0000000000000000 -0.0000000025202907)
continue (710.0000000000000000 -0.0000000025205359)
continue (720.0000000000000000 -0.0000000025207790)
continue (730.0000000000000000 -0.0000000025210201)
continue (740.0000000000000000 -0.0000000025212592)
continue (750.0000000000000000 -0.0000000025214964)
continue (760.0000000000000000 -0.0000000025217318)
continue (770.0000000000000000 -0.0000000025219653)
continue (780.0000000000000000 -0.0000000025221971)
continue (790.0000000000000000 -0.0000000025224272)
continue (800.0000000000000000 -0.0000000025226556)
continue (810.0000000000000000 -0.0000000025228824)
continue (820.0000000000000000 -0.0000000025231076)
continue (830.0000000000000000 -0.0000000025233313)
continue (840.0000000000000000 -0.0000000025235534)
continue (850.0000000000000000 -0.0000000025237741)
continue (860.0000000000000000 -0.0000000025239933)
continue (870.0000000000000000 -0.0000000025242111)
continue (880.0000000000000000 -0.0000000025244275)
continue (890.0000000000000000 -0.0000000025246426)
continue (900.0000000000000000 -0.0000000025248563)
continue (910.0000000000000000 -0.0000000025250688)
continue (920.0000000000000000 -0.0000000025252800)
continue (930.0000000000000000 -0.0000000025254900)
continue (940.0000000000000000 -0.0000000025256988)
continue (950.0000000000000000 -0.0000000025259064)
continue (960.0000000000000000 -0.0000000025261128)
continue (970.0000000000000000 -0.0000000025263181)
continue (980.0000000000000000 -0.0000000025265223)
continue (990.0000000000000000 -0.0000000025267254)
continue (1000.0000000000000000 -0.0000000025269274)
continue (1200.0000000000000000 -0.0000000025307731)
continue (1400.0000000000000000 -0.0000000025343243)
continue (1600.0000000000000000 -0.0000000025376599)
continue (1800.0000000000000000 -0.0000000025408306)
continue (2000.0000000000000000 -0.0000000025438710)
continue (2200.0000000000000000 -0.0000000025468059)
continue (2400.0000000000000000 -0.0000000025496536)
continue (2600.0000000000000000 -0.0000000025524278)
continue (2800.0000000000000000 -0.0000000025551394)
continue (3000.0000000000000000 -0.0000000025577970)
continue (3200.0000000000000000 -0.0000000025604074)
continue (3400.0000000000000000 -0.0000000025629762)
continue (3600.0000000000000000 -0.0000000025655082)
continue (3800.0000000000000000 -0.0000000025680072)
continue (4000.0000000000000000 -0.0000000025704765)
continue (4200.0000000000000000 -0.0000000025729187)
continue (4400.0000000000000000 -0.0000000025753363)
continue (4600.0000000000000000 -0.0000000025777309)
continue (4800.0000000000000000 -0.0000000025801038)
continue (5000.0000000000000000 -0.0000000025824557)
continue (5200.0000000000000000 -0.0000000025847869)
continue (5400.0000000000000000 -0.0000000025870965)
continue (5600.0000000000000000 -0.0000000025893832)
continue (5800.0000000000000000 -0.0000000025916442)
continue (6000.0000000000000000 -0.0000000025938758)
continue (6200.0000000000000000 -0.0000000025960725)
continue (6400.0000000000000000 -0.0000000025982273)
continue (6600.0000000000000000 -0.0000000026003312)
continue (6800.0000000000000000 -0.0000000026023741)
continue (7000.0000000000000000 -0.0000000026043560)
continue (7200.0000000000000000 -0.0000000026062816)
continue (7400.0000000000000000 -0.0000000026081540)
continue (7600.0000000000000000 -0.0000000026099761)
continue (7800.0000000000000000 -0.0000000026117504)
continue (8000.0000000000000000 -0.0000000026134794)
continue (8200.0000000000000000 -0.0000000026151653)
continue (8400.0000000000000000 -0.0000000026168102)
continue (8600.0000000000000000 -0.0000000026184161)
continue (8800.0000000000000000 -0.0000000026199846)
continue (9000.0000000000000000 -0.0000000026215177)
continue (9200.0000000000000000 -0.0000000026230167)
continue (9400.0000000000000000 -0.0000000026244831)
continue (9600.0000000000000000 -0.0000000026259184)
continue (9800.0000000000000000 -0.0000000026273238)
continue (10000.0000000000000000 -0.0000000026287005)
continue (10200.0000000000000000 -0.0000000026300497)
continue (10400.0000000000000000 -0.0000000026313724)
continue (10600.0000000000000000 -0.0000000026326696)
continue (10800.0000000000000000 -0.0000000026339424)
continue (11000.0000000000000000 -0.0000000026351916)
continue (11500.0000000000000000 -0.0000000026382168)
continue (12000.0000000000000000 -0.0000000026411118)
continue (12500.0000000000000000 -0.0000000026438874)
continue (13000.0000000000000000 -0.0000000026465529)
continue (13500.0000000000000000 -0.0000000026491166)
continue (14000.0000000000000000 -0.0000000026515861)
continue (14500.0000000000000000 -0.0000000026539679)
continue (15000.0000000000000000 -0.0000000026562679)
continue (15500.0000000000000000 -0.0000000026584917)
continue (16000.0000000000000000 -0.0000000026606439)
continue (16500.0000000000000000 -0.0000000026627291)
continue (17000.0000000000000000 -0.0000000026647513)
continue (17500.0000000000000000 -0.0000000026667141)
continue (18000.0000000000000000 -0.0000000026686208)
continue (18500.0000000000000000 -0.0000000026704747)
continue (19000.0000000000000000 -0.0000000026722784)
continue (19500.0000000000000000 -0.0000000026740347)
continue (20000.0000000000000000 -0.0000000026757458)
continue (20500.0000000000000000 -0.0000000026774142)
continue (21000.0000000000000000 -0.0000000026790417)
continue (21500.0000000000000000 -0.0000000026806305)
continue (22000.0000000000000000 -0.0000000026821821)
continue (22500.0000000000000000 -0.0000000026836984)
continue (23000.0000000000000000 -0.0000000026851809)
continue (23500.0000000000000000 -0.0000000026866310)
continue (24000.0000000000000000 -0.0000000026880502)
continue (24500.0000000000000000 -0.0000000026894396)
continue (25000.0000000000000000 -0.0000000026908005)
continue (25500.0000000000000000 -0.0000000026921341)
continue (26000.0000000000000000 -0.0000000026934414)
continue (26500.0000000000000000 -0.0000000026947233)
continue (27000.0000000000000000 -0.0000000026959810)
continue (27500.0000000000000000 -0.0000000026972152)
continue (28000.0000000000000000 -0.0000000026984268)
continue (28500.0000000000000000 -0.0000000026996165)
continue (29000.0000000000000000 -0.0000000027007853)
continue (29500.0000000000000000 -0.0000000027019338)
continue (30000.0000000000000000 -0.0000000027030626)
continue (30500.0000000000000000 -0.0000000027041725)
continue (31000.0000000000000000 -0.0000000027052640)
continue (31500.0000000000000000 -0.0000000027063377)
continue (32000.0000000000000000 -0.0000000027073943)
continue (32500.0000000000000000 -0.0000000027084342)
continue (33000.0000000000000000 -0.0000000027094579)
continue (33500.0000000000000000 -0.0000000027104660)
continue (34000.0000000000000000 -0.0000000027114588)
continue (34500.0000000000000000 -0.0000000027124369)
continue (35000.0000000000000000 -0.0000000027134007)
continue (35500.0000000000000000 -0.0000000027143506)
continue (36000.0000000000000000 -0.0000000027152870)
continue (36500.0000000000000000 -0.0000000027162102)
continue (37000.0000000000000000 -0.0000000027171206)
continue (37500.0000000000000000 -0.0000000027180185)
continue (38000.0000000000000000 -0.0000000027189044)
continue (38500.0000000000000000 -0.0000000027197784)
continue (39000.0000000000000000 -0.0000000027206410)
continue (39500.0000000000000000 -0.0000000027214924)
continue (40000.0000000000000000 -0.0000000027223328)
continue (40500.0000000000000000 -0.0000000027231626)
continue (41000.0000000000000000 -0.0000000027239821)
continue (41500.0000000000000000 -0.0000000027247914)
continue (42000.0000000000000000 -0.0000000027255908)
continue (42500.0000000000000000 -0.0000000027263806)
continue (43000.0000000000000000 -0.0000000027271610)
continue (43500.0000000000000000 -0.0000000027279321)
continue (44000.0000000000000000 -0.0000000027286943)
continue (44500.0000000000000000 -0.0000000027294477)
continue (45000.0000000000000000 -0.0000000027301925)
continue (45500.0000000000000000 -0.0000000027309290)
continue (46000.0000000000000000 -0.0000000027316572)
continue (46500.0000000000000000 -0.0000000027323773)
continue (47000.0000000000000000 -0.0000000027330896)
continue (47500.0000000000000000 -0.0000000027337943)
continue (48000.0000000000000000 -0.0000000027344914)
continue (48500.0000000000000000 -0.0000000027351811)
continue (49000.0000000000000000 -0.0000000027358636)
continue (49500.0000000000000000 -0.0000000027365390)
continue (50000.0000000000000000 -0.0000000027372075)
continue (50500.0000000000000000 -0.0000000027378692)
continue (51000.0000000000000000 -0.0000000027385243)
continue (51500.0000000000000000 -0.0000000027391728)
continue (52000.0000000000000000 -0.0000000027398149)
continue (52500.0000000000000000 -0.0000000027404507)
continue (53000.0000000000000000 -0.0000000027410804)
continue (53500.0000000000000000 -0.0000000027417041)
continue (54000.0000000000000000 -0.0000000027423218)
continue (54500.0000000000000000 -0.0000000027429337)
continue (55000.0000000000000000 -0.0000000027435399)
continue (55500.0000000000000000 -0.0000000027441405)
continue (56000.0000000000000000 -0.0000000027447356)
continue (56500.0000000000000000 -0.0000000027453253)
continue (57000.0000000000000000 -0.0000000027459096)
continue (57500.0000000000000000 -0.0000000027464888)
continue (58000.0000000000000000 -0.0000000027470628)
continue (58500.0000000000000000 -0.0000000027476318)
continue (59000.0000000000000000 -0.0000000027481958)
continue (59500.0000000000000000 -0.0000000027487550)
continue (60000.0000000000000000 -0.0000000027493094)
continue (60500.0000000000000000 -0.0000000027498590)
continue (61000.0000000000000000 -0.0000000027504041)
continue (61500.0000000000000000 -0.0000000027509446)
continue (62000.0000000000000000 -0.0000000027514806)
continue (62500.0000000000000000 -0.0000000027520122)
continue (63000.0000000000000000 -0.0000000027525395)
continue (63500.0000000000000000 -0.0000000027530625)
continue (64000.0000000000000000 -0.0000000027535814)
continue (64500.0000000000000000 -0.0000000027540960)
continue (65000.0000000000000000 -0.0000000027546067)
continue (65500.0000000000000000 -0.0000000027551133)
continue (66000.0000000000000000 -0.0000000027556160)
continue (66500.0000000000000000 -0.0000000027561148)
continue (67000.0000000000000000 -0.0000000027566097)
continue (67500.0000000000000000 -0.0000000027571009)
continue (68000.0000000000000000 -0.0000000027575884)
continue (68500.0000000000000000 -0.0000000027580722)
continue (69000.0000000000000000 -0.0000000027585525)
continue (69500.0000000000000000 -0.0000000027590291)
continue (70000.0000000000000000 -0.0000000027595023)
continue (70500.0000000000000000 -0.0000000027599720)
continue (71000.0000000000000000 -0.0000000027604384)
continue (71500.0000000000000000 -0.0000000027609014)
continue (72000.0000000000000000 -0.0000000027613610)
continue (72500.0000000000000000 -0.0000000027618174)
continue (73000.0000000000000000 -0.0000000027622706)
continue (73500.0000000000000000 -0.0000000027627207)
continue (74000.0000000000000000 -0.0000000027631676)
continue (74500.0000000000000000 -0.0000000027636114)
continue (75245.0000000000000000 -0.0000000050000000)
continue (7354000.0000000000000000 -0.0000000050000000)
f(nu) = -20.2921271589491568 at 1.0000000000000000 Ryd
