# Faucher-Giguere 2019 
# z = 4.623413
# E [Ryd] log (J_nu)
interpolate (0.0000000100100000 -0.0000000050000000)
continue (0.0990000000000000 -0.0000000050000000)
continue (0.1000000000000000 -0.0000000018926299)
continue (0.1500000000000000 -0.0000000019011644)
continue (0.2000000000000000 -0.0000000019131093)
continue (0.2500000000000001 -0.0000000019348992)
continue (0.3000000000000000 -0.0000000019365722)
continue (0.3500000000000001 -0.0000000019372848)
continue (0.4000000000000001 -0.0000000019370958)
continue (0.4500000000000001 -0.0000000019381304)
continue (0.5000000000000001 -0.0000000019303217)
continue (0.5500000000000002 -0.0000000019277523)
continue (0.6000000000000002 -0.0000000019247241)
continue (0.6500000000000001 -0.0000000019234145)
continue (0.7000000000000002 -0.0000000019225766)
continue (0.7500000000000002 -0.0000000019611385)
continue (0.8000000000000002 -0.0000000019689426)
continue (0.8500000000000002 -0.0000000019831639)
continue (0.9000000000000002 -0.0000000020013249)
continue (0.9500000000000003 -0.0000000020331998)
continue (1.0100000000000000 -0.0000000021662917)
continue (1.0600000000000001 -0.0000000021729291)
continue (1.1100000000000001 -0.0000000021786831)
continue (1.1600000000000001 -0.0000000021874521)
continue (1.2100000000000002 -0.0000000021849142)
continue (1.2600000000000002 -0.0000000021870284)
continue (1.3100000000000003 -0.0000000021904515)
continue (1.3600000000000003 -0.0000000021922707)
continue (1.4100000000000004 -0.0000000021938172)
continue (1.4600000000000004 -0.0000000021964084)
continue (1.5100000000000005 -0.0000000021947033)
continue (1.5600000000000005 -0.0000000021968942)
continue (1.6100000000000005 -0.0000000021997825)
continue (1.6600000000000006 -0.0000000022024159)
continue (1.7100000000000006 -0.0000000021981408)
continue (1.7600000000000007 -0.0000000021989004)
continue (1.8100000000000007 -0.0000000022027927)
continue (1.8600000000000008 -0.0000000022076252)
continue (1.9100000000000008 -0.0000000022068164)
continue (1.9600000000000009 -0.0000000022111750)
continue (2.0000000000000000 -0.0000000022131967)
continue (2.0099999999999998 -0.0000000022130978)
continue (2.0199999999999996 -0.0000000022123342)
continue (2.0299999999999994 -0.0000000022160205)
continue (2.0399999999999991 -0.0000000022131156)
continue (2.0499999999999989 -0.0000000022166519)
continue (2.0599999999999987 -0.0000000022147157)
continue (2.0699999999999985 -0.0000000022172768)
continue (2.0799999999999983 -0.0000000022138939)
continue (2.0899999999999981 -0.0000000022149179)
continue (2.0999999999999979 -0.0000000022155244)
continue (2.1099999999999977 -0.0000000022150385)
continue (2.1199999999999974 -0.0000000022160678)
continue (2.1299999999999972 -0.0000000022153838)
continue (2.1399999999999970 -0.0000000022170926)
continue (2.1499999999999968 -0.0000000022169731)
continue (2.1599999999999966 -0.0000000022187511)
continue (2.1699999999999964 -0.0000000022210920)
continue (2.1799999999999962 -0.0000000022201208)
continue (2.1899999999999959 -0.0000000022205938)
continue (2.1999999999999957 -0.0000000022208434)
continue (2.2099999999999955 -0.0000000022220805)
continue (2.2199999999999953 -0.0000000022213960)
continue (2.2299999999999951 -0.0000000022253606)
continue (2.2399999999999949 -0.0000000022221579)
continue (2.2499999999999947 -0.0000000022259473)
continue (2.2599999999999945 -0.0000000022235708)
continue (2.2699999999999942 -0.0000000022276532)
continue (2.2799999999999940 -0.0000000022238746)
continue (2.2899999999999938 -0.0000000022291979)
continue (2.2999999999999936 -0.0000000022253531)
continue (2.3099999999999934 -0.0000000022304381)
continue (2.3199999999999932 -0.0000000022263013)
continue (2.3299999999999930 -0.0000000022298495)
continue (2.3399999999999928 -0.0000000022272291)
continue (2.3499999999999925 -0.0000000022320163)
continue (2.3599999999999923 -0.0000000022278304)
continue (2.3699999999999921 -0.0000000022329545)
continue (2.3799999999999919 -0.0000000022287410)
continue (2.3899999999999917 -0.0000000022345213)
continue (2.3999999999999915 -0.0000000022281643)
continue (2.4099999999999913 -0.0000000022342921)
continue (2.4199999999999910 -0.0000000022291081)
continue (2.4299999999999908 -0.0000000022322483)
continue (2.4399999999999906 -0.0000000022294579)
continue (2.4499999999999904 -0.0000000022318094)
continue (2.4599999999999902 -0.0000000022294959)
continue (2.4699999999999900 -0.0000000022312203)
continue (2.4799999999999898 -0.0000000022298741)
continue (2.4899999999999896 -0.0000000022319387)
continue (2.4999999999999893 -0.0000000022307366)
continue (2.5099999999999891 -0.0000000022317214)
continue (2.5199999999999889 -0.0000000022306760)
continue (2.5299999999999887 -0.0000000022309723)
continue (2.5399999999999885 -0.0000000022304311)
continue (2.5499999999999883 -0.0000000022312782)
continue (2.5599999999999881 -0.0000000022312396)
continue (2.5699999999999878 -0.0000000022289277)
continue (2.5799999999999876 -0.0000000022300559)
continue (2.5899999999999874 -0.0000000022273269)
continue (2.5999999999999872 -0.0000000022279393)
continue (2.6099999999999870 -0.0000000022264963)
continue (2.6199999999999868 -0.0000000022283023)
continue (2.6299999999999866 -0.0000000022243906)
continue (2.6399999999999864 -0.0000000022278864)
continue (2.6499999999999861 -0.0000000022248320)
continue (2.6599999999999859 -0.0000000022249800)
continue (2.6699999999999857 -0.0000000022227107)
continue (2.6799999999999855 -0.0000000022240398)
continue (2.6899999999999853 -0.0000000022237191)
continue (2.6999999999999851 -0.0000000022223381)
continue (2.7099999999999849 -0.0000000022238234)
continue (2.7199999999999847 -0.0000000022210792)
continue (2.7299999999999844 -0.0000000022216100)
continue (2.7399999999999842 -0.0000000022189641)
continue (2.7499999999999840 -0.0000000022210242)
continue (2.7599999999999838 -0.0000000022169523)
continue (2.7699999999999836 -0.0000000022185078)
continue (2.7799999999999834 -0.0000000022160905)
continue (2.7899999999999832 -0.0000000022157534)
continue (2.7999999999999829 -0.0000000022179048)
continue (2.8099999999999827 -0.0000000022147778)
continue (2.8199999999999825 -0.0000000022167218)
continue (2.8299999999999823 -0.0000000022141945)
continue (2.8399999999999821 -0.0000000022136935)
continue (2.8499999999999819 -0.0000000022126498)
continue (2.8599999999999817 -0.0000000022120625)
continue (2.8699999999999815 -0.0000000022116883)
continue (2.8799999999999812 -0.0000000022099430)
continue (2.8899999999999810 -0.0000000022091003)
continue (2.8999999999999808 -0.0000000022067112)
continue (2.9099999999999806 -0.0000000022068107)
continue (2.9199999999999804 -0.0000000022066326)
continue (2.9299999999999802 -0.0000000022040205)
continue (2.9399999999999800 -0.0000000022030058)
continue (2.9499999999999797 -0.0000000022014654)
continue (2.9599999999999795 -0.0000000022005102)
continue (2.9699999999999793 -0.0000000022013470)
continue (2.9799999999999791 -0.0000000021982751)
continue (2.9899999999999789 -0.0000000021973900)
continue (2.9999999999999787 -0.0000000021988475)
continue (3.0099999999999785 -0.0000000022579582)
continue (3.0199999999999783 -0.0000000022581135)
continue (3.0299999999999780 -0.0000000022590264)
continue (3.0399999999999778 -0.0000000022569308)
continue (3.0499999999999776 -0.0000000022601584)
continue (3.0599999999999774 -0.0000000022606297)
continue (3.0699999999999772 -0.0000000022592645)
continue (3.0799999999999770 -0.0000000022632663)
continue (3.0899999999999768 -0.0000000022635258)
continue (3.0999999999999766 -0.0000000022623201)
continue (3.1099999999999763 -0.0000000022643808)
continue (3.1199999999999761 -0.0000000022629697)
continue (3.1299999999999759 -0.0000000022625782)
continue (3.1399999999999757 -0.0000000022649991)
continue (3.1499999999999755 -0.0000000022621465)
continue (3.1599999999999753 -0.0000000022641644)
continue (3.1699999999999751 -0.0000000022638986)
continue (3.1799999999999748 -0.0000000022643881)
continue (3.1899999999999746 -0.0000000022670340)
continue (3.1999999999999744 -0.0000000022660547)
continue (3.2099999999999742 -0.0000000022672493)
continue (3.2199999999999740 -0.0000000022697327)
continue (3.2299999999999738 -0.0000000022689976)
continue (3.2399999999999736 -0.0000000022712143)
continue (3.2499999999999734 -0.0000000022737677)
continue (3.2599999999999731 -0.0000000022731915)
continue (3.2699999999999729 -0.0000000022768436)
continue (3.2799999999999727 -0.0000000022784635)
continue (3.2899999999999725 -0.0000000022762863)
continue (3.2999999999999723 -0.0000000022781985)
continue (3.3099999999999721 -0.0000000022794093)
continue (3.3199999999999719 -0.0000000022814698)
continue (3.3299999999999716 -0.0000000022858317)
continue (3.3399999999999714 -0.0000000022879191)
continue (3.3499999999999712 -0.0000000022920903)
continue (3.3599999999999710 -0.0000000022952244)
continue (3.3699999999999708 -0.0000000022943856)
continue (3.3799999999999706 -0.0000000023001680)
continue (3.3899999999999704 -0.0000000022986073)
continue (3.3999999999999702 -0.0000000022990057)
continue (3.4099999999999699 -0.0000000023084936)
continue (3.4199999999999697 -0.0000000023054999)
continue (3.4299999999999695 -0.0000000023022006)
continue (3.4399999999999693 -0.0000000023150800)
continue (3.4499999999999691 -0.0000000023117326)
continue (3.4599999999999689 -0.0000000023070301)
continue (3.4699999999999687 -0.0000000023204474)
continue (3.4799999999999685 -0.0000000023215715)
continue (3.4899999999999682 -0.0000000023181823)
continue (3.4999999999999680 -0.0000000023360146)
continue (3.5099999999999678 -0.0000000023343495)
continue (3.5199999999999676 -0.0000000023390849)
continue (3.5299999999999674 -0.0000000023655606)
continue (3.5399999999999672 -0.0000000023544152)
continue (3.5499999999999670 -0.0000000023587981)
continue (3.5599999999999667 -0.0000000023109356)
continue (3.5699999999999665 -0.0000000023139976)
continue (3.5799999999999663 -0.0000000023053328)
continue (3.5899999999999661 -0.0000000023058704)
continue (3.5999999999999659 -0.0000000023208356)
continue (3.6099999999999657 -0.0000000023166556)
continue (3.6199999999999655 -0.0000000023181514)
continue (3.6299999999999653 -0.0000000023348159)
continue (3.6399999999999650 -0.0000000023303321)
continue (3.6499999999999648 -0.0000000023307069)
continue (3.6599999999999646 -0.0000000023452286)
continue (3.6699999999999644 -0.0000000023445888)
continue (3.6799999999999642 -0.0000000023458052)
continue (3.6899999999999640 -0.0000000023681376)
continue (3.6999999999999638 -0.0000000023598107)
continue (3.7099999999999635 -0.0000000023553076)
continue (3.7199999999999633 -0.0000000023895820)
continue (3.7299999999999631 -0.0000000023942167)
continue (3.7399999999999629 -0.0000000023898212)
continue (3.7499999999999627 -0.0000000023796450)
continue (3.7599999999999625 -0.0000000023606981)
continue (3.7699999999999623 -0.0000000023641754)
continue (3.7799999999999621 -0.0000000023588938)
continue (3.7899999999999618 -0.0000000023731895)
continue (3.7999999999999616 -0.0000000023876362)
continue (3.8099999999999614 -0.0000000023972177)
continue (3.8199999999999612 -0.0000000023999865)
continue (3.8299999999999610 -0.0000000024115530)
continue (3.8399999999999608 -0.0000000024182085)
continue (3.8499999999999606 -0.0000000023850016)
continue (3.8599999999999604 -0.0000000023886487)
continue (3.8699999999999601 -0.0000000023957460)
continue (3.8799999999999599 -0.0000000024074804)
continue (3.8899999999999597 -0.0000000023667024)
continue (3.8999999999999595 -0.0000000023663618)
continue (3.9099999999999593 -0.0000000023536147)
continue (3.9199999999999591 -0.0000000023662437)
continue (3.9299999999999589 -0.0000000023736824)
continue (3.9399999999999586 -0.0000000023638096)
continue (3.9499999999999584 -0.0000000023654243)
continue (3.9599999999999582 -0.0000000023830089)
continue (3.9699999999999580 -0.0000000023780336)
continue (3.9799999999999578 -0.0000000023618390)
continue (3.9899999999999576 -0.0000000023806710)
continue (4.0099999999999998 -0.0000000024293911)
continue (4.5099999999999998 -0.0000000025279129)
continue (5.0099999999999998 -0.0000000025484188)
continue (5.5099999999999998 -0.0000000025471824)
continue (6.0099999999999998 -0.0000000025566992)
continue (6.5099999999999998 -0.0000000025526760)
continue (7.0099999999999998 -0.0000000025552837)
continue (7.5099999999999998 -0.0000000025596037)
continue (8.0099999999999998 -0.0000000025603086)
continue (8.5099999999999998 -0.0000000025606440)
continue (9.0099999999999998 -0.0000000025607956)
continue (9.5099999999999998 -0.0000000025607557)
continue (10.0000000000000000 -0.0000000025605173)
continue (10.0099999999999998 -0.0000000025605115)
continue (15.0000000000000000 -0.0000000025562573)
continue (20.0000000000000000 -0.0000000025473865)
continue (25.0000000000000000 -0.0000000025377611)
continue (30.0000000000000000 -0.0000000025320114)
continue (35.0000000000000000 -0.0000000025290702)
continue (40.0000000000000000 -0.0000000025279467)
continue (45.0000000000000000 -0.0000000025269438)
continue (50.0000000000000000 -0.0000000025253748)
continue (55.0000000000000000 -0.0000000025245075)
continue (60.0000000000000000 -0.0000000025241012)
continue (65.0000000000000000 -0.0000000025239943)
continue (70.0000000000000000 -0.0000000025240827)
continue (75.0000000000000000 -0.0000000025242989)
continue (80.0000000000000000 -0.0000000025245983)
continue (85.0000000000000000 -0.0000000025249516)
continue (90.0000000000000000 -0.0000000025253386)
continue (95.0000000000000000 -0.0000000025257461)
continue (100.0000000000000000 -0.0000000025261646)
continue (110.0000000000000000 -0.0000000025270116)
continue (120.0000000000000000 -0.0000000025278491)
continue (130.0000000000000000 -0.0000000025286631)
continue (140.0000000000000000 -0.0000000025294477)
continue (150.0000000000000000 -0.0000000025302009)
continue (160.0000000000000000 -0.0000000025309231)
continue (170.0000000000000000 -0.0000000025316154)
continue (180.0000000000000000 -0.0000000025322796)
continue (190.0000000000000000 -0.0000000025329174)
continue (200.0000000000000000 -0.0000000025335308)
continue (210.0000000000000000 -0.0000000025341214)
continue (220.0000000000000000 -0.0000000025346910)
continue (230.0000000000000000 -0.0000000025352411)
continue (240.0000000000000000 -0.0000000025357731)
continue (250.0000000000000000 -0.0000000025362882)
continue (260.0000000000000000 -0.0000000025367877)
continue (270.0000000000000000 -0.0000000025372726)
continue (280.0000000000000000 -0.0000000025377439)
continue (290.0000000000000000 -0.0000000025382025)
continue (300.0000000000000000 -0.0000000025386491)
continue (310.0000000000000000 -0.0000000025390845)
continue (320.0000000000000000 -0.0000000025395094)
continue (330.0000000000000000 -0.0000000025399244)
continue (340.0000000000000000 -0.0000000025403301)
continue (350.0000000000000000 -0.0000000025407269)
continue (360.0000000000000000 -0.0000000025411154)
continue (370.0000000000000000 -0.0000000025414961)
continue (380.0000000000000000 -0.0000000025418692)
continue (390.0000000000000000 -0.0000000025422352)
continue (400.0000000000000000 -0.0000000025425944)
continue (410.0000000000000000 -0.0000000025429473)
continue (420.0000000000000000 -0.0000000025432939)
continue (430.0000000000000000 -0.0000000025436348)
continue (440.0000000000000000 -0.0000000025439700)
continue (450.0000000000000000 -0.0000000025443000)
continue (460.0000000000000000 -0.0000000025446248)
continue (470.0000000000000000 -0.0000000025449447)
continue (480.0000000000000000 -0.0000000025452600)
continue (490.0000000000000000 -0.0000000025455707)
continue (500.0000000000000000 -0.0000000025458772)
continue (510.0000000000000000 -0.0000000025461795)
continue (520.0000000000000000 -0.0000000025464778)
continue (530.0000000000000000 -0.0000000025467722)
continue (540.0000000000000000 -0.0000000025470630)
continue (550.0000000000000000 -0.0000000025473502)
continue (560.0000000000000000 -0.0000000025476340)
continue (570.0000000000000000 -0.0000000025479145)
continue (580.0000000000000000 -0.0000000025481918)
continue (590.0000000000000000 -0.0000000025484660)
continue (600.0000000000000000 -0.0000000025487372)
continue (610.0000000000000000 -0.0000000025490055)
continue (620.0000000000000000 -0.0000000025492710)
continue (630.0000000000000000 -0.0000000025495338)
continue (640.0000000000000000 -0.0000000025497940)
continue (650.0000000000000000 -0.0000000025500517)
continue (660.0000000000000000 -0.0000000025503068)
continue (670.0000000000000000 -0.0000000025505596)
continue (680.0000000000000000 -0.0000000025508101)
continue (690.0000000000000000 -0.0000000025510584)
continue (700.0000000000000000 -0.0000000025513044)
continue (710.0000000000000000 -0.0000000025515483)
continue (720.0000000000000000 -0.0000000025517902)
continue (730.0000000000000000 -0.0000000025520300)
continue (740.0000000000000000 -0.0000000025522679)
continue (750.0000000000000000 -0.0000000025525039)
continue (760.0000000000000000 -0.0000000025527381)
continue (770.0000000000000000 -0.0000000025529704)
continue (780.0000000000000000 -0.0000000025532010)
continue (790.0000000000000000 -0.0000000025534299)
continue (800.0000000000000000 -0.0000000025536571)
continue (810.0000000000000000 -0.0000000025538826)
continue (820.0000000000000000 -0.0000000025541066)
continue (830.0000000000000000 -0.0000000025543290)
continue (840.0000000000000000 -0.0000000025545500)
continue (850.0000000000000000 -0.0000000025547694)
continue (860.0000000000000000 -0.0000000025549874)
continue (870.0000000000000000 -0.0000000025552040)
continue (880.0000000000000000 -0.0000000025554192)
continue (890.0000000000000000 -0.0000000025556331)
continue (900.0000000000000000 -0.0000000025558456)
continue (910.0000000000000000 -0.0000000025560569)
continue (920.0000000000000000 -0.0000000025562669)
continue (930.0000000000000000 -0.0000000025564756)
continue (940.0000000000000000 -0.0000000025566832)
continue (950.0000000000000000 -0.0000000025568896)
continue (960.0000000000000000 -0.0000000025570948)
continue (970.0000000000000000 -0.0000000025572989)
continue (980.0000000000000000 -0.0000000025575019)
continue (990.0000000000000000 -0.0000000025577038)
continue (1000.0000000000000000 -0.0000000025579046)
continue (1200.0000000000000000 -0.0000000025617264)
continue (1400.0000000000000000 -0.0000000025652540)
continue (1600.0000000000000000 -0.0000000025685662)
continue (1800.0000000000000000 -0.0000000025717136)
continue (2000.0000000000000000 -0.0000000025747309)
continue (2200.0000000000000000 -0.0000000025776429)
continue (2400.0000000000000000 -0.0000000025804678)
continue (2600.0000000000000000 -0.0000000025832195)
continue (2800.0000000000000000 -0.0000000025859088)
continue (3000.0000000000000000 -0.0000000025885442)
continue (3200.0000000000000000 -0.0000000025911325)
continue (3400.0000000000000000 -0.0000000025936795)
continue (3600.0000000000000000 -0.0000000025961898)
continue (3800.0000000000000000 -0.0000000025986674)
continue (4000.0000000000000000 -0.0000000026011154)
continue (4200.0000000000000000 -0.0000000026035367)
continue (4400.0000000000000000 -0.0000000026059336)
continue (4600.0000000000000000 -0.0000000026083081)
continue (4800.0000000000000000 -0.0000000026106616)
continue (5000.0000000000000000 -0.0000000026129952)
continue (5200.0000000000000000 -0.0000000026153093)
continue (5400.0000000000000000 -0.0000000026176039)
continue (5600.0000000000000000 -0.0000000026198776)
continue (5800.0000000000000000 -0.0000000026221284)
continue (6000.0000000000000000 -0.0000000026243527)
continue (6200.0000000000000000 -0.0000000026265452)
continue (6400.0000000000000000 -0.0000000026286984)
continue (6600.0000000000000000 -0.0000000026308026)
continue (6800.0000000000000000 -0.0000000026328457)
continue (7000.0000000000000000 -0.0000000026348278)
continue (7200.0000000000000000 -0.0000000026367535)
continue (7400.0000000000000000 -0.0000000026386261)
continue (7600.0000000000000000 -0.0000000026404483)
continue (7800.0000000000000000 -0.0000000026422228)
continue (8000.0000000000000000 -0.0000000026439519)
continue (8200.0000000000000000 -0.0000000026456380)
continue (8400.0000000000000000 -0.0000000026472831)
continue (8600.0000000000000000 -0.0000000026488891)
continue (8800.0000000000000000 -0.0000000026504578)
continue (9000.0000000000000000 -0.0000000026519910)
continue (9200.0000000000000000 -0.0000000026534901)
continue (9400.0000000000000000 -0.0000000026549567)
continue (9600.0000000000000000 -0.0000000026563921)
continue (9800.0000000000000000 -0.0000000026577977)
continue (10000.0000000000000000 -0.0000000026591745)
continue (10200.0000000000000000 -0.0000000026605238)
continue (10400.0000000000000000 -0.0000000026618467)
continue (10600.0000000000000000 -0.0000000026631441)
continue (10800.0000000000000000 -0.0000000026644170)
continue (11000.0000000000000000 -0.0000000026656663)
continue (11500.0000000000000000 -0.0000000026686918)
continue (12000.0000000000000000 -0.0000000026715872)
continue (12500.0000000000000000 -0.0000000026743630)
continue (13000.0000000000000000 -0.0000000026770289)
continue (13500.0000000000000000 -0.0000000026795929)
continue (14000.0000000000000000 -0.0000000026820627)
continue (14500.0000000000000000 -0.0000000026844447)
continue (15000.0000000000000000 -0.0000000026867451)
continue (15500.0000000000000000 -0.0000000026889691)
continue (16000.0000000000000000 -0.0000000026911216)
continue (16500.0000000000000000 -0.0000000026932071)
continue (17000.0000000000000000 -0.0000000026952295)
continue (17500.0000000000000000 -0.0000000026971926)
continue (18000.0000000000000000 -0.0000000026990996)
continue (18500.0000000000000000 -0.0000000027009537)
continue (19000.0000000000000000 -0.0000000027027577)
continue (19500.0000000000000000 -0.0000000027045142)
continue (20000.0000000000000000 -0.0000000027062256)
continue (20500.0000000000000000 -0.0000000027078942)
continue (21000.0000000000000000 -0.0000000027095220)
continue (21500.0000000000000000 -0.0000000027111109)
continue (22000.0000000000000000 -0.0000000027126628)
continue (22500.0000000000000000 -0.0000000027141793)
continue (23000.0000000000000000 -0.0000000027156620)
continue (23500.0000000000000000 -0.0000000027171124)
continue (24000.0000000000000000 -0.0000000027185317)
continue (24500.0000000000000000 -0.0000000027199214)
continue (25000.0000000000000000 -0.0000000027212825)
continue (25500.0000000000000000 -0.0000000027226163)
continue (26000.0000000000000000 -0.0000000027239238)
continue (26500.0000000000000000 -0.0000000027252060)
continue (27000.0000000000000000 -0.0000000027264638)
continue (27500.0000000000000000 -0.0000000027276982)
continue (28000.0000000000000000 -0.0000000027289100)
continue (28500.0000000000000000 -0.0000000027301000)
continue (29000.0000000000000000 -0.0000000027312690)
continue (29500.0000000000000000 -0.0000000027324176)
continue (30000.0000000000000000 -0.0000000027335466)
continue (30500.0000000000000000 -0.0000000027346567)
continue (31000.0000000000000000 -0.0000000027357484)
continue (31500.0000000000000000 -0.0000000027368223)
continue (32000.0000000000000000 -0.0000000027378790)
continue (32500.0000000000000000 -0.0000000027389191)
continue (33000.0000000000000000 -0.0000000027399430)
continue (33500.0000000000000000 -0.0000000027409513)
continue (34000.0000000000000000 -0.0000000027419443)
continue (34500.0000000000000000 -0.0000000027429226)
continue (35000.0000000000000000 -0.0000000027438866)
continue (35500.0000000000000000 -0.0000000027448366)
continue (36000.0000000000000000 -0.0000000027457732)
continue (36500.0000000000000000 -0.0000000027466965)
continue (37000.0000000000000000 -0.0000000027476071)
continue (37500.0000000000000000 -0.0000000027485053)
continue (38000.0000000000000000 -0.0000000027493913)
continue (38500.0000000000000000 -0.0000000027502655)
continue (39000.0000000000000000 -0.0000000027511282)
continue (39500.0000000000000000 -0.0000000027519797)
continue (40000.0000000000000000 -0.0000000027528204)
continue (40500.0000000000000000 -0.0000000027536503)
continue (41000.0000000000000000 -0.0000000027544699)
continue (41500.0000000000000000 -0.0000000027552794)
continue (42000.0000000000000000 -0.0000000027560790)
continue (42500.0000000000000000 -0.0000000027568690)
continue (43000.0000000000000000 -0.0000000027576495)
continue (43500.0000000000000000 -0.0000000027584208)
continue (44000.0000000000000000 -0.0000000027591831)
continue (44500.0000000000000000 -0.0000000027599367)
continue (45000.0000000000000000 -0.0000000027606817)
continue (45500.0000000000000000 -0.0000000027614182)
continue (46000.0000000000000000 -0.0000000027621466)
continue (46500.0000000000000000 -0.0000000027628669)
continue (47000.0000000000000000 -0.0000000027635794)
continue (47500.0000000000000000 -0.0000000027642841)
continue (48000.0000000000000000 -0.0000000027649814)
continue (48500.0000000000000000 -0.0000000027656712)
continue (49000.0000000000000000 -0.0000000027663539)
continue (49500.0000000000000000 -0.0000000027670295)
continue (50000.0000000000000000 -0.0000000027676981)
continue (50500.0000000000000000 -0.0000000027683599)
continue (51000.0000000000000000 -0.0000000027690151)
continue (51500.0000000000000000 -0.0000000027696638)
continue (52000.0000000000000000 -0.0000000027703061)
continue (52500.0000000000000000 -0.0000000027709420)
continue (53000.0000000000000000 -0.0000000027715719)
continue (53500.0000000000000000 -0.0000000027721957)
continue (54000.0000000000000000 -0.0000000027728135)
continue (54500.0000000000000000 -0.0000000027734256)
continue (55000.0000000000000000 -0.0000000027740319)
continue (55500.0000000000000000 -0.0000000027746326)
continue (56000.0000000000000000 -0.0000000027752278)
continue (56500.0000000000000000 -0.0000000027758176)
continue (57000.0000000000000000 -0.0000000027764021)
continue (57500.0000000000000000 -0.0000000027769814)
continue (58000.0000000000000000 -0.0000000027775556)
continue (58500.0000000000000000 -0.0000000027781247)
continue (59000.0000000000000000 -0.0000000027786889)
continue (59500.0000000000000000 -0.0000000027792481)
continue (60000.0000000000000000 -0.0000000027798027)
continue (60500.0000000000000000 -0.0000000027803525)
continue (61000.0000000000000000 -0.0000000027808976)
continue (61500.0000000000000000 -0.0000000027814383)
continue (62000.0000000000000000 -0.0000000027819744)
continue (62500.0000000000000000 -0.0000000027825062)
continue (63000.0000000000000000 -0.0000000027830336)
continue (63500.0000000000000000 -0.0000000027835567)
continue (64000.0000000000000000 -0.0000000027840757)
continue (64500.0000000000000000 -0.0000000027845905)
continue (65000.0000000000000000 -0.0000000027851012)
continue (65500.0000000000000000 -0.0000000027856080)
continue (66000.0000000000000000 -0.0000000027861107)
continue (66500.0000000000000000 -0.0000000027866097)
continue (67000.0000000000000000 -0.0000000027871047)
continue (67500.0000000000000000 -0.0000000027875961)
continue (68000.0000000000000000 -0.0000000027880837)
continue (68500.0000000000000000 -0.0000000027885676)
continue (69000.0000000000000000 -0.0000000027890480)
continue (69500.0000000000000000 -0.0000000027895248)
continue (70000.0000000000000000 -0.0000000027899981)
continue (70500.0000000000000000 -0.0000000027904679)
continue (71000.0000000000000000 -0.0000000027909343)
continue (71500.0000000000000000 -0.0000000027913974)
continue (72000.0000000000000000 -0.0000000027918572)
continue (72500.0000000000000000 -0.0000000027923137)
continue (73000.0000000000000000 -0.0000000027927671)
continue (73500.0000000000000000 -0.0000000027932172)
continue (74000.0000000000000000 -0.0000000027936642)
continue (74500.0000000000000000 -0.0000000027941081)
continue (75245.0000000000000000 -0.0000000050000000)
continue (7354000.0000000000000000 -0.0000000050000000)
f(nu) = -20.3474706284237463 at 1.0000000000000000 Ryd
