# Faucher-Giguere 2019 
# z = 5.309573
# E [Ryd] log (J_nu)
interpolate (0.0000000100100000 -0.0000000050000000)
continue (0.0990000000000000 -0.0000000050000000)
continue (0.1000000000000000 -0.0000000019046981)
continue (0.1500000000000000 -0.0000000019130034)
continue (0.2000000000000000 -0.0000000019245491)
continue (0.2500000000000001 -0.0000000019475145)
continue (0.3000000000000000 -0.0000000019491164)
continue (0.3500000000000001 -0.0000000019499414)
continue (0.4000000000000001 -0.0000000019493379)
continue (0.4500000000000001 -0.0000000019499260)
continue (0.5000000000000001 -0.0000000019502205)
continue (0.5500000000000002 -0.0000000019385666)
continue (0.6000000000000002 -0.0000000019331662)
continue (0.6500000000000001 -0.0000000019295619)
continue (0.7000000000000002 -0.0000000019264469)
continue (0.7500000000000002 -0.0000000019678766)
continue (0.8000000000000002 -0.0000000019760034)
continue (0.8500000000000002 -0.0000000019887041)
continue (0.9000000000000002 -0.0000000020078710)
continue (0.9500000000000003 -0.0000000020420258)
continue (1.0100000000000000 -0.0000000021750399)
continue (1.0600000000000001 -0.0000000021823464)
continue (1.1100000000000001 -0.0000000021869380)
continue (1.1600000000000001 -0.0000000021984409)
continue (1.2100000000000002 -0.0000000021946350)
continue (1.2600000000000002 -0.0000000021973649)
continue (1.3100000000000003 -0.0000000021995149)
continue (1.3600000000000003 -0.0000000022016853)
continue (1.4100000000000004 -0.0000000022041476)
continue (1.4600000000000004 -0.0000000022058019)
continue (1.5100000000000005 -0.0000000022039823)
continue (1.5600000000000005 -0.0000000022074932)
continue (1.6100000000000005 -0.0000000022106933)
continue (1.6600000000000006 -0.0000000022112163)
continue (1.7100000000000006 -0.0000000022050095)
continue (1.7600000000000007 -0.0000000022067786)
continue (1.8100000000000007 -0.0000000022105742)
continue (1.8600000000000008 -0.0000000022145911)
continue (1.9100000000000008 -0.0000000022142085)
continue (1.9600000000000009 -0.0000000022178893)
continue (2.0000000000000000 -0.0000000022200264)
continue (2.0099999999999998 -0.0000000022219104)
continue (2.0199999999999996 -0.0000000022192277)
continue (2.0299999999999994 -0.0000000022225898)
continue (2.0399999999999991 -0.0000000022236286)
continue (2.0499999999999989 -0.0000000022209693)
continue (2.0599999999999987 -0.0000000022225478)
continue (2.0699999999999985 -0.0000000022258293)
continue (2.0799999999999983 -0.0000000022190564)
continue (2.0899999999999981 -0.0000000022230328)
continue (2.0999999999999979 -0.0000000022224301)
continue (2.1099999999999977 -0.0000000022218585)
continue (2.1199999999999974 -0.0000000022232951)
continue (2.1299999999999972 -0.0000000022223092)
continue (2.1399999999999970 -0.0000000022231681)
continue (2.1499999999999968 -0.0000000022240539)
continue (2.1599999999999966 -0.0000000022262167)
continue (2.1699999999999964 -0.0000000022275151)
continue (2.1799999999999962 -0.0000000022267524)
continue (2.1899999999999959 -0.0000000022268128)
continue (2.1999999999999957 -0.0000000022271625)
continue (2.2099999999999955 -0.0000000022280875)
continue (2.2199999999999953 -0.0000000022278963)
continue (2.2299999999999951 -0.0000000022297286)
continue (2.2399999999999949 -0.0000000022295738)
continue (2.2499999999999947 -0.0000000022304686)
continue (2.2599999999999945 -0.0000000022331257)
continue (2.2699999999999942 -0.0000000022325901)
continue (2.2799999999999940 -0.0000000022332709)
continue (2.2899999999999938 -0.0000000022343870)
continue (2.2999999999999936 -0.0000000022377538)
continue (2.3099999999999934 -0.0000000022358316)
continue (2.3199999999999932 -0.0000000022387583)
continue (2.3299999999999930 -0.0000000022352025)
continue (2.3399999999999928 -0.0000000022388679)
continue (2.3499999999999925 -0.0000000022385217)
continue (2.3599999999999923 -0.0000000022378891)
continue (2.3699999999999921 -0.0000000022407411)
continue (2.3799999999999919 -0.0000000022396340)
continue (2.3899999999999917 -0.0000000022425511)
continue (2.3999999999999915 -0.0000000022386071)
continue (2.4099999999999913 -0.0000000022422604)
continue (2.4199999999999910 -0.0000000022385312)
continue (2.4299999999999908 -0.0000000022396698)
continue (2.4399999999999906 -0.0000000022384542)
continue (2.4499999999999904 -0.0000000022379678)
continue (2.4599999999999902 -0.0000000022389917)
continue (2.4699999999999900 -0.0000000022370381)
continue (2.4799999999999898 -0.0000000022414164)
continue (2.4899999999999896 -0.0000000022386124)
continue (2.4999999999999893 -0.0000000022436319)
continue (2.5099999999999891 -0.0000000022397554)
continue (2.5199999999999889 -0.0000000022425375)
continue (2.5299999999999887 -0.0000000022392459)
continue (2.5399999999999885 -0.0000000022414475)
continue (2.5499999999999883 -0.0000000022412256)
continue (2.5599999999999881 -0.0000000022415165)
continue (2.5699999999999878 -0.0000000022392011)
continue (2.5799999999999876 -0.0000000022394855)
continue (2.5899999999999874 -0.0000000022373665)
continue (2.5999999999999872 -0.0000000022371734)
continue (2.6099999999999870 -0.0000000022368326)
continue (2.6199999999999868 -0.0000000022361249)
continue (2.6299999999999866 -0.0000000022345090)
continue (2.6399999999999864 -0.0000000022357944)
continue (2.6499999999999861 -0.0000000022355047)
continue (2.6599999999999859 -0.0000000022334641)
continue (2.6699999999999857 -0.0000000022330158)
continue (2.6799999999999855 -0.0000000022334847)
continue (2.6899999999999853 -0.0000000022333046)
continue (2.6999999999999851 -0.0000000022317644)
continue (2.7099999999999849 -0.0000000022313681)
continue (2.7199999999999847 -0.0000000022300715)
continue (2.7299999999999844 -0.0000000022279721)
continue (2.7399999999999842 -0.0000000022274240)
continue (2.7499999999999840 -0.0000000022266813)
continue (2.7599999999999838 -0.0000000022252339)
continue (2.7699999999999836 -0.0000000022243495)
continue (2.7799999999999834 -0.0000000022246741)
continue (2.7899999999999832 -0.0000000022224483)
continue (2.7999999999999829 -0.0000000022249897)
continue (2.8099999999999827 -0.0000000022217455)
continue (2.8199999999999825 -0.0000000022237621)
continue (2.8299999999999823 -0.0000000022213344)
continue (2.8399999999999821 -0.0000000022210180)
continue (2.8499999999999819 -0.0000000022192603)
continue (2.8599999999999817 -0.0000000022188594)
continue (2.8699999999999815 -0.0000000022159198)
continue (2.8799999999999812 -0.0000000022162388)
continue (2.8899999999999810 -0.0000000022131276)
continue (2.8999999999999808 -0.0000000022128469)
continue (2.9099999999999806 -0.0000000022106379)
continue (2.9199999999999804 -0.0000000022096636)
continue (2.9299999999999802 -0.0000000022098536)
continue (2.9399999999999800 -0.0000000022059520)
continue (2.9499999999999797 -0.0000000022071541)
continue (2.9599999999999795 -0.0000000022035267)
continue (2.9699999999999793 -0.0000000022041175)
continue (2.9799999999999791 -0.0000000022002539)
continue (2.9899999999999789 -0.0000000022001906)
continue (2.9999999999999787 -0.0000000022013780)
continue (3.0099999999999785 -0.0000000022632293)
continue (3.0199999999999783 -0.0000000022646833)
continue (3.0299999999999780 -0.0000000022624080)
continue (3.0399999999999778 -0.0000000022643903)
continue (3.0499999999999776 -0.0000000022643824)
continue (3.0599999999999774 -0.0000000022645702)
continue (3.0699999999999772 -0.0000000022675030)
continue (3.0799999999999770 -0.0000000022654055)
continue (3.0899999999999768 -0.0000000022717982)
continue (3.0999999999999766 -0.0000000022655849)
continue (3.1099999999999763 -0.0000000022694452)
continue (3.1199999999999761 -0.0000000022689617)
continue (3.1299999999999759 -0.0000000022647919)
continue (3.1399999999999757 -0.0000000022713163)
continue (3.1499999999999755 -0.0000000022635133)
continue (3.1599999999999753 -0.0000000022696391)
continue (3.1699999999999751 -0.0000000022665621)
continue (3.1799999999999748 -0.0000000022681019)
continue (3.1899999999999746 -0.0000000022705418)
continue (3.1999999999999744 -0.0000000022679894)
continue (3.2099999999999742 -0.0000000022715939)
continue (3.2199999999999740 -0.0000000022708873)
continue (3.2299999999999738 -0.0000000022721311)
continue (3.2399999999999736 -0.0000000022747681)
continue (3.2499999999999734 -0.0000000022746576)
continue (3.2599999999999731 -0.0000000022778204)
continue (3.2699999999999729 -0.0000000022796219)
continue (3.2799999999999727 -0.0000000022793165)
continue (3.2899999999999725 -0.0000000022807248)
continue (3.2999999999999723 -0.0000000022785800)
continue (3.3099999999999721 -0.0000000022813063)
continue (3.3199999999999719 -0.0000000022859524)
continue (3.3299999999999716 -0.0000000022854918)
continue (3.3399999999999714 -0.0000000022924314)
continue (3.3499999999999712 -0.0000000022943883)
continue (3.3599999999999710 -0.0000000022940313)
continue (3.3699999999999708 -0.0000000023037467)
continue (3.3799999999999706 -0.0000000022986717)
continue (3.3899999999999704 -0.0000000022997045)
continue (3.3999999999999702 -0.0000000023088321)
continue (3.4099999999999699 -0.0000000023018767)
continue (3.4199999999999697 -0.0000000023112293)
continue (3.4299999999999695 -0.0000000023092439)
continue (3.4399999999999693 -0.0000000023076884)
continue (3.4499999999999691 -0.0000000023214546)
continue (3.4599999999999689 -0.0000000023100098)
continue (3.4699999999999687 -0.0000000023146162)
continue (3.4799999999999685 -0.0000000023297361)
continue (3.4899999999999682 -0.0000000023169224)
continue (3.4999999999999680 -0.0000000023303070)
continue (3.5099999999999678 -0.0000000023410032)
continue (3.5199999999999676 -0.0000000023377268)
continue (3.5299999999999674 -0.0000000023698664)
continue (3.5399999999999672 -0.0000000023574094)
continue (3.5499999999999670 -0.0000000023622353)
continue (3.5599999999999667 -0.0000000023082073)
continue (3.5699999999999665 -0.0000000023130267)
continue (3.5799999999999663 -0.0000000023114034)
continue (3.5899999999999661 -0.0000000023082343)
continue (3.5999999999999659 -0.0000000023209353)
continue (3.6099999999999657 -0.0000000023242921)
continue (3.6199999999999655 -0.0000000023234722)
continue (3.6299999999999653 -0.0000000023344280)
continue (3.6399999999999650 -0.0000000023388425)
continue (3.6499999999999648 -0.0000000023379147)
continue (3.6599999999999646 -0.0000000023421767)
continue (3.6699999999999644 -0.0000000023540073)
continue (3.6799999999999642 -0.0000000023548285)
continue (3.6899999999999640 -0.0000000023559906)
continue (3.6999999999999638 -0.0000000023664263)
continue (3.7099999999999635 -0.0000000023638936)
continue (3.7199999999999633 -0.0000000023647890)
continue (3.7299999999999631 -0.0000000024036617)
continue (3.7399999999999629 -0.0000000023983087)
continue (3.7499999999999627 -0.0000000023859168)
continue (3.7599999999999625 -0.0000000023645794)
continue (3.7699999999999623 -0.0000000023777050)
continue (3.7799999999999621 -0.0000000023616931)
continue (3.7899999999999618 -0.0000000023818011)
continue (3.7999999999999616 -0.0000000024027058)
continue (3.8099999999999614 -0.0000000024087133)
continue (3.8199999999999612 -0.0000000024131515)
continue (3.8299999999999610 -0.0000000024292798)
continue (3.8399999999999608 -0.0000000024386540)
continue (3.8499999999999606 -0.0000000024060721)
continue (3.8599999999999604 -0.0000000024025942)
continue (3.8699999999999601 -0.0000000024172487)
continue (3.8799999999999599 -0.0000000024415456)
continue (3.8899999999999597 -0.0000000023677708)
continue (3.8999999999999595 -0.0000000023833805)
continue (3.9099999999999593 -0.0000000023755679)
continue (3.9199999999999591 -0.0000000023687358)
continue (3.9299999999999589 -0.0000000023876621)
continue (3.9399999999999586 -0.0000000023824589)
continue (3.9499999999999584 -0.0000000023695018)
continue (3.9599999999999582 -0.0000000023892089)
continue (3.9699999999999580 -0.0000000023886625)
continue (3.9799999999999578 -0.0000000023681684)
continue (3.9899999999999576 -0.0000000023912431)
continue (4.0099999999999998 -0.0000000024539670)
continue (4.5099999999999998 -0.0000000025689384)
continue (5.0099999999999998 -0.0000000026011205)
continue (5.5099999999999998 -0.0000000025971417)
continue (6.0099999999999998 -0.0000000026144753)
continue (6.5099999999999998 -0.0000000026037049)
continue (7.0099999999999998 -0.0000000026081597)
continue (7.5099999999999998 -0.0000000026167352)
continue (8.0099999999999998 -0.0000000026176990)
continue (8.5099999999999998 -0.0000000026178837)
continue (9.0099999999999998 -0.0000000026180948)
continue (9.5099999999999998 -0.0000000026178392)
continue (10.0000000000000000 -0.0000000026173386)
continue (10.0099999999999998 -0.0000000026173267)
continue (15.0000000000000000 -0.0000000026108178)
continue (20.0000000000000000 -0.0000000026000800)
continue (25.0000000000000000 -0.0000000025854993)
continue (30.0000000000000000 -0.0000000025779853)
continue (35.0000000000000000 -0.0000000025733212)
continue (40.0000000000000000 -0.0000000025708480)
continue (45.0000000000000000 -0.0000000025689366)
continue (50.0000000000000000 -0.0000000025665413)
continue (55.0000000000000000 -0.0000000025650638)
continue (60.0000000000000000 -0.0000000025642069)
continue (65.0000000000000000 -0.0000000025637643)
continue (70.0000000000000000 -0.0000000025635999)
continue (75.0000000000000000 -0.0000000025636232)
continue (80.0000000000000000 -0.0000000025637737)
continue (85.0000000000000000 -0.0000000025640104)
continue (90.0000000000000000 -0.0000000025643053)
continue (95.0000000000000000 -0.0000000025646389)
continue (100.0000000000000000 -0.0000000025649978)
continue (110.0000000000000000 -0.0000000025657560)
continue (120.0000000000000000 -0.0000000025665323)
continue (130.0000000000000000 -0.0000000025673028)
continue (140.0000000000000000 -0.0000000025680556)
continue (150.0000000000000000 -0.0000000025687851)
continue (160.0000000000000000 -0.0000000025694891)
continue (170.0000000000000000 -0.0000000025701673)
continue (180.0000000000000000 -0.0000000025708201)
continue (190.0000000000000000 -0.0000000025714489)
continue (200.0000000000000000 -0.0000000025720547)
continue (210.0000000000000000 -0.0000000025726391)
continue (220.0000000000000000 -0.0000000025732034)
continue (230.0000000000000000 -0.0000000025737489)
continue (240.0000000000000000 -0.0000000025742770)
continue (250.0000000000000000 -0.0000000025747886)
continue (260.0000000000000000 -0.0000000025752850)
continue (270.0000000000000000 -0.0000000025757672)
continue (280.0000000000000000 -0.0000000025762359)
continue (290.0000000000000000 -0.0000000025766922)
continue (300.0000000000000000 -0.0000000025771367)
continue (310.0000000000000000 -0.0000000025775701)
continue (320.0000000000000000 -0.0000000025779932)
continue (330.0000000000000000 -0.0000000025784064)
continue (340.0000000000000000 -0.0000000025788104)
continue (350.0000000000000000 -0.0000000025792056)
continue (360.0000000000000000 -0.0000000025795926)
continue (370.0000000000000000 -0.0000000025799717)
continue (380.0000000000000000 -0.0000000025803434)
continue (390.0000000000000000 -0.0000000025807080)
continue (400.0000000000000000 -0.0000000025810659)
continue (410.0000000000000000 -0.0000000025814174)
continue (420.0000000000000000 -0.0000000025817628)
continue (430.0000000000000000 -0.0000000025821024)
continue (440.0000000000000000 -0.0000000025824364)
continue (450.0000000000000000 -0.0000000025827651)
continue (460.0000000000000000 -0.0000000025830887)
continue (470.0000000000000000 -0.0000000025834074)
continue (480.0000000000000000 -0.0000000025837215)
continue (490.0000000000000000 -0.0000000025840311)
continue (500.0000000000000000 -0.0000000025843364)
continue (510.0000000000000000 -0.0000000025846375)
continue (520.0000000000000000 -0.0000000025849347)
continue (530.0000000000000000 -0.0000000025852280)
continue (540.0000000000000000 -0.0000000025855177)
continue (550.0000000000000000 -0.0000000025858038)
continue (560.0000000000000000 -0.0000000025860864)
continue (570.0000000000000000 -0.0000000025863658)
continue (580.0000000000000000 -0.0000000025866420)
continue (590.0000000000000000 -0.0000000025869151)
continue (600.0000000000000000 -0.0000000025871852)
continue (610.0000000000000000 -0.0000000025874524)
continue (620.0000000000000000 -0.0000000025877169)
continue (630.0000000000000000 -0.0000000025879786)
continue (640.0000000000000000 -0.0000000025882377)
continue (650.0000000000000000 -0.0000000025884943)
continue (660.0000000000000000 -0.0000000025887484)
continue (670.0000000000000000 -0.0000000025890001)
continue (680.0000000000000000 -0.0000000025892496)
continue (690.0000000000000000 -0.0000000025894967)
continue (700.0000000000000000 -0.0000000025897417)
continue (710.0000000000000000 -0.0000000025899846)
continue (720.0000000000000000 -0.0000000025902254)
continue (730.0000000000000000 -0.0000000025904642)
continue (740.0000000000000000 -0.0000000025907010)
continue (750.0000000000000000 -0.0000000025909359)
continue (760.0000000000000000 -0.0000000025911690)
continue (770.0000000000000000 -0.0000000025914003)
continue (780.0000000000000000 -0.0000000025916298)
continue (790.0000000000000000 -0.0000000025918577)
continue (800.0000000000000000 -0.0000000025920838)
continue (810.0000000000000000 -0.0000000025923083)
continue (820.0000000000000000 -0.0000000025925313)
continue (830.0000000000000000 -0.0000000025927527)
continue (840.0000000000000000 -0.0000000025929725)
continue (850.0000000000000000 -0.0000000025931909)
continue (860.0000000000000000 -0.0000000025934079)
continue (870.0000000000000000 -0.0000000025936234)
continue (880.0000000000000000 -0.0000000025938376)
continue (890.0000000000000000 -0.0000000025940504)
continue (900.0000000000000000 -0.0000000025942619)
continue (910.0000000000000000 -0.0000000025944722)
continue (920.0000000000000000 -0.0000000025946811)
continue (930.0000000000000000 -0.0000000025948889)
continue (940.0000000000000000 -0.0000000025950954)
continue (950.0000000000000000 -0.0000000025953007)
continue (960.0000000000000000 -0.0000000025955049)
continue (970.0000000000000000 -0.0000000025957080)
continue (980.0000000000000000 -0.0000000025959100)
continue (990.0000000000000000 -0.0000000025961108)
continue (1000.0000000000000000 -0.0000000025963106)
continue (1200.0000000000000000 -0.0000000026001119)
continue (1400.0000000000000000 -0.0000000026036192)
continue (1600.0000000000000000 -0.0000000026069111)
continue (1800.0000000000000000 -0.0000000026100385)
continue (2000.0000000000000000 -0.0000000026130360)
continue (2200.0000000000000000 -0.0000000026159283)
continue (2400.0000000000000000 -0.0000000026187336)
continue (2600.0000000000000000 -0.0000000026214658)
continue (2800.0000000000000000 -0.0000000026241358)
continue (3000.0000000000000000 -0.0000000026267520)
continue (3200.0000000000000000 -0.0000000026293213)
continue (3400.0000000000000000 -0.0000000026318494)
continue (3600.0000000000000000 -0.0000000026343409)
continue (3800.0000000000000000 -0.0000000026367997)
continue (4000.0000000000000000 -0.0000000026392293)
continue (4200.0000000000000000 -0.0000000026416322)
continue (4400.0000000000000000 -0.0000000026440111)
continue (4600.0000000000000000 -0.0000000026463678)
continue (4800.0000000000000000 -0.0000000026487040)
continue (5000.0000000000000000 -0.0000000026510209)
continue (5200.0000000000000000 -0.0000000026533194)
continue (5400.0000000000000000 -0.0000000026555997)
continue (5600.0000000000000000 -0.0000000026578610)
continue (5800.0000000000000000 -0.0000000026601018)
continue (6000.0000000000000000 -0.0000000026623187)
continue (6200.0000000000000000 -0.0000000026645067)
continue (6400.0000000000000000 -0.0000000026666582)
continue (6600.0000000000000000 -0.0000000026687625)
continue (6800.0000000000000000 -0.0000000026708058)
continue (7000.0000000000000000 -0.0000000026727881)
continue (7200.0000000000000000 -0.0000000026747140)
continue (7400.0000000000000000 -0.0000000026765867)
continue (7600.0000000000000000 -0.0000000026784091)
continue (7800.0000000000000000 -0.0000000026801837)
continue (8000.0000000000000000 -0.0000000026819130)
continue (8200.0000000000000000 -0.0000000026835992)
continue (8400.0000000000000000 -0.0000000026852444)
continue (8600.0000000000000000 -0.0000000026868505)
continue (8800.0000000000000000 -0.0000000026884194)
continue (9000.0000000000000000 -0.0000000026899527)
continue (9200.0000000000000000 -0.0000000026914519)
continue (9400.0000000000000000 -0.0000000026929186)
continue (9600.0000000000000000 -0.0000000026943542)
continue (9800.0000000000000000 -0.0000000026957598)
continue (10000.0000000000000000 -0.0000000026971368)
continue (10200.0000000000000000 -0.0000000026984863)
continue (10400.0000000000000000 -0.0000000026998092)
continue (10600.0000000000000000 -0.0000000027011068)
continue (10800.0000000000000000 -0.0000000027023798)
continue (11000.0000000000000000 -0.0000000027036292)
continue (11500.0000000000000000 -0.0000000027066550)
continue (12000.0000000000000000 -0.0000000027095506)
continue (12500.0000000000000000 -0.0000000027123268)
continue (13000.0000000000000000 -0.0000000027149929)
continue (13500.0000000000000000 -0.0000000027175572)
continue (14000.0000000000000000 -0.0000000027200272)
continue (14500.0000000000000000 -0.0000000027224095)
continue (15000.0000000000000000 -0.0000000027247101)
continue (15500.0000000000000000 -0.0000000027269344)
continue (16000.0000000000000000 -0.0000000027290872)
continue (16500.0000000000000000 -0.0000000027311729)
continue (17000.0000000000000000 -0.0000000027331955)
continue (17500.0000000000000000 -0.0000000027351588)
continue (18000.0000000000000000 -0.0000000027370661)
continue (18500.0000000000000000 -0.0000000027389204)
continue (19000.0000000000000000 -0.0000000027407246)
continue (19500.0000000000000000 -0.0000000027424813)
continue (20000.0000000000000000 -0.0000000027441929)
continue (20500.0000000000000000 -0.0000000027458617)
continue (21000.0000000000000000 -0.0000000027474897)
continue (21500.0000000000000000 -0.0000000027490789)
continue (22000.0000000000000000 -0.0000000027506310)
continue (22500.0000000000000000 -0.0000000027521477)
continue (23000.0000000000000000 -0.0000000027536306)
continue (23500.0000000000000000 -0.0000000027550811)
continue (24000.0000000000000000 -0.0000000027565007)
continue (24500.0000000000000000 -0.0000000027578905)
continue (25000.0000000000000000 -0.0000000027592518)
continue (25500.0000000000000000 -0.0000000027605858)
continue (26000.0000000000000000 -0.0000000027618935)
continue (26500.0000000000000000 -0.0000000027631758)
continue (27000.0000000000000000 -0.0000000027644339)
continue (27500.0000000000000000 -0.0000000027656684)
continue (28000.0000000000000000 -0.0000000027668804)
continue (28500.0000000000000000 -0.0000000027680706)
continue (29000.0000000000000000 -0.0000000027692397)
continue (29500.0000000000000000 -0.0000000027703885)
continue (30000.0000000000000000 -0.0000000027715177)
continue (30500.0000000000000000 -0.0000000027726279)
continue (31000.0000000000000000 -0.0000000027737198)
continue (31500.0000000000000000 -0.0000000027747939)
continue (32000.0000000000000000 -0.0000000027758508)
continue (32500.0000000000000000 -0.0000000027768910)
continue (33000.0000000000000000 -0.0000000027779151)
continue (33500.0000000000000000 -0.0000000027789235)
continue (34000.0000000000000000 -0.0000000027799167)
continue (34500.0000000000000000 -0.0000000027808952)
continue (35000.0000000000000000 -0.0000000027818593)
continue (35500.0000000000000000 -0.0000000027828095)
continue (36000.0000000000000000 -0.0000000027837462)
continue (36500.0000000000000000 -0.0000000027846697)
continue (37000.0000000000000000 -0.0000000027855804)
continue (37500.0000000000000000 -0.0000000027864787)
continue (38000.0000000000000000 -0.0000000027873649)
continue (38500.0000000000000000 -0.0000000027882392)
continue (39000.0000000000000000 -0.0000000027891021)
continue (39500.0000000000000000 -0.0000000027899538)
continue (40000.0000000000000000 -0.0000000027907945)
continue (40500.0000000000000000 -0.0000000027916247)
continue (41000.0000000000000000 -0.0000000027924444)
continue (41500.0000000000000000 -0.0000000027932540)
continue (42000.0000000000000000 -0.0000000027940537)
continue (42500.0000000000000000 -0.0000000027948438)
continue (43000.0000000000000000 -0.0000000027956245)
continue (43500.0000000000000000 -0.0000000027963960)
continue (44000.0000000000000000 -0.0000000027971584)
continue (44500.0000000000000000 -0.0000000027979121)
continue (45000.0000000000000000 -0.0000000027986572)
continue (45500.0000000000000000 -0.0000000027993939)
continue (46000.0000000000000000 -0.0000000028001224)
continue (46500.0000000000000000 -0.0000000028008429)
continue (47000.0000000000000000 -0.0000000028015555)
continue (47500.0000000000000000 -0.0000000028022604)
continue (48000.0000000000000000 -0.0000000028029577)
continue (48500.0000000000000000 -0.0000000028036477)
continue (49000.0000000000000000 -0.0000000028043305)
continue (49500.0000000000000000 -0.0000000028050062)
continue (50000.0000000000000000 -0.0000000028056749)
continue (50500.0000000000000000 -0.0000000028063369)
continue (51000.0000000000000000 -0.0000000028069922)
continue (51500.0000000000000000 -0.0000000028076410)
continue (52000.0000000000000000 -0.0000000028082834)
continue (52500.0000000000000000 -0.0000000028089195)
continue (53000.0000000000000000 -0.0000000028095495)
continue (53500.0000000000000000 -0.0000000028101734)
continue (54000.0000000000000000 -0.0000000028107913)
continue (54500.0000000000000000 -0.0000000028114035)
continue (55000.0000000000000000 -0.0000000028120099)
continue (55500.0000000000000000 -0.0000000028126108)
continue (56000.0000000000000000 -0.0000000028132061)
continue (56500.0000000000000000 -0.0000000028137961)
continue (57000.0000000000000000 -0.0000000028143807)
continue (57500.0000000000000000 -0.0000000028149601)
continue (58000.0000000000000000 -0.0000000028155343)
continue (58500.0000000000000000 -0.0000000028161036)
continue (59000.0000000000000000 -0.0000000028166678)
continue (59500.0000000000000000 -0.0000000028172273)
continue (60000.0000000000000000 -0.0000000028177819)
continue (60500.0000000000000000 -0.0000000028183318)
continue (61000.0000000000000000 -0.0000000028188771)
continue (61500.0000000000000000 -0.0000000028194178)
continue (62000.0000000000000000 -0.0000000028199541)
continue (62500.0000000000000000 -0.0000000028204859)
continue (63000.0000000000000000 -0.0000000028210134)
continue (63500.0000000000000000 -0.0000000028215367)
continue (64000.0000000000000000 -0.0000000028220558)
continue (64500.0000000000000000 -0.0000000028225707)
continue (65000.0000000000000000 -0.0000000028230815)
continue (65500.0000000000000000 -0.0000000028235884)
continue (66000.0000000000000000 -0.0000000028240913)
continue (66500.0000000000000000 -0.0000000028245903)
continue (67000.0000000000000000 -0.0000000028250855)
continue (67500.0000000000000000 -0.0000000028255769)
continue (68000.0000000000000000 -0.0000000028260646)
continue (68500.0000000000000000 -0.0000000028265487)
continue (69000.0000000000000000 -0.0000000028270291)
continue (69500.0000000000000000 -0.0000000028275060)
continue (70000.0000000000000000 -0.0000000028279794)
continue (70500.0000000000000000 -0.0000000028284494)
continue (71000.0000000000000000 -0.0000000028289159)
continue (71500.0000000000000000 -0.0000000028293791)
continue (72000.0000000000000000 -0.0000000028298390)
continue (72500.0000000000000000 -0.0000000028302956)
continue (73000.0000000000000000 -0.0000000028307490)
continue (73500.0000000000000000 -0.0000000028311993)
continue (74000.0000000000000000 -0.0000000028316464)
continue (74500.0000000000000000 -0.0000000028320904)
continue (75245.0000000000000000 -0.0000000050000000)
continue (7354000.0000000000000000 -0.0000000050000000)
f(nu) = -20.4350791980681663 at 1.0000000000000000 Ryd
