# Faucher-Giguere 2019 
# z = 0.584893
# E [Ryd] log (J_nu)
interpolate (0.0000000100100000 -0.0000000050000000)
continue (0.0990000000000000 -0.0000000050000000)
continue (0.1000000000000000 -0.0000000019377349)
continue (0.1500000000000000 -0.0000000019531880)
continue (0.2000000000000000 -0.0000000019637120)
continue (0.2500000000000001 -0.0000000019699354)
continue (0.3000000000000000 -0.0000000019722324)
continue (0.3500000000000001 -0.0000000019751520)
continue (0.4000000000000001 -0.0000000019793893)
continue (0.4500000000000001 -0.0000000019853175)
continue (0.5000000000000001 -0.0000000019918551)
continue (0.5500000000000002 -0.0000000020002477)
continue (0.6000000000000002 -0.0000000020077035)
continue (0.6500000000000001 -0.0000000020164947)
continue (0.7000000000000002 -0.0000000020271049)
continue (0.7500000000000002 -0.0000000020587911)
continue (0.8000000000000002 -0.0000000020688867)
continue (0.8500000000000002 -0.0000000020851031)
continue (0.9000000000000002 -0.0000000021052154)
continue (0.9500000000000003 -0.0000000021421196)
continue (1.0100000000000000 -0.0000000021951164)
continue (1.0600000000000001 -0.0000000021989487)
continue (1.1100000000000001 -0.0000000022022723)
continue (1.1600000000000001 -0.0000000022056758)
continue (1.2100000000000002 -0.0000000022086313)
continue (1.2600000000000002 -0.0000000022118166)
continue (1.3100000000000003 -0.0000000022146152)
continue (1.3600000000000003 -0.0000000022173672)
continue (1.4100000000000004 -0.0000000022200456)
continue (1.4600000000000004 -0.0000000022225364)
continue (1.5100000000000005 -0.0000000022250892)
continue (1.5600000000000005 -0.0000000022273445)
continue (1.6100000000000005 -0.0000000022296277)
continue (1.6600000000000006 -0.0000000022317901)
continue (1.7100000000000006 -0.0000000022339629)
continue (1.7600000000000007 -0.0000000022363139)
continue (1.8100000000000007 -0.0000000022384658)
continue (1.8600000000000008 -0.0000000022408147)
continue (1.9100000000000008 -0.0000000022427519)
continue (1.9600000000000009 -0.0000000022444473)
continue (2.0000000000000000 -0.0000000022459631)
continue (2.0099999999999998 -0.0000000022464576)
continue (2.0199999999999996 -0.0000000022468143)
continue (2.0299999999999994 -0.0000000022472772)
continue (2.0399999999999991 -0.0000000022476738)
continue (2.0499999999999989 -0.0000000022478839)
continue (2.0599999999999987 -0.0000000022483019)
continue (2.0699999999999985 -0.0000000022488994)
continue (2.0799999999999983 -0.0000000022490671)
continue (2.0899999999999981 -0.0000000022495006)
continue (2.0999999999999979 -0.0000000022497908)
continue (2.1099999999999977 -0.0000000022504091)
continue (2.1199999999999974 -0.0000000022508441)
continue (2.1299999999999972 -0.0000000022510277)
continue (2.1399999999999970 -0.0000000022514200)
continue (2.1499999999999968 -0.0000000022519185)
continue (2.1599999999999966 -0.0000000022523504)
continue (2.1699999999999964 -0.0000000022528258)
continue (2.1799999999999962 -0.0000000022530889)
continue (2.1899999999999959 -0.0000000022534968)
continue (2.1999999999999957 -0.0000000022538658)
continue (2.2099999999999955 -0.0000000022543833)
continue (2.2199999999999953 -0.0000000022548994)
continue (2.2299999999999951 -0.0000000022550968)
continue (2.2399999999999949 -0.0000000022554504)
continue (2.2499999999999947 -0.0000000022560154)
continue (2.2599999999999945 -0.0000000022565757)
continue (2.2699999999999942 -0.0000000022569526)
continue (2.2799999999999940 -0.0000000022571039)
continue (2.2899999999999938 -0.0000000022576559)
continue (2.2999999999999936 -0.0000000022582052)
continue (2.3099999999999934 -0.0000000022586295)
continue (2.3199999999999932 -0.0000000022589762)
continue (2.3299999999999930 -0.0000000022594082)
continue (2.3399999999999928 -0.0000000022598437)
continue (2.3499999999999925 -0.0000000022602763)
continue (2.3599999999999923 -0.0000000022606684)
continue (2.3699999999999921 -0.0000000022610806)
continue (2.3799999999999919 -0.0000000022616346)
continue (2.3899999999999917 -0.0000000022621990)
continue (2.3999999999999915 -0.0000000022625019)
continue (2.4099999999999913 -0.0000000022628207)
continue (2.4199999999999910 -0.0000000022632953)
continue (2.4299999999999908 -0.0000000022637419)
continue (2.4399999999999906 -0.0000000022643455)
continue (2.4499999999999904 -0.0000000022648440)
continue (2.4599999999999902 -0.0000000022650582)
continue (2.4699999999999900 -0.0000000022655043)
continue (2.4799999999999898 -0.0000000022661773)
continue (2.4899999999999896 -0.0000000022664882)
continue (2.4999999999999893 -0.0000000022670825)
continue (2.5099999999999891 -0.0000000022674577)
continue (2.5199999999999889 -0.0000000022679071)
continue (2.5299999999999887 -0.0000000022684871)
continue (2.5399999999999885 -0.0000000022687609)
continue (2.5499999999999883 -0.0000000022692277)
continue (2.5599999999999881 -0.0000000022697394)
continue (2.5699999999999878 -0.0000000022701190)
continue (2.5799999999999876 -0.0000000022708290)
continue (2.5899999999999874 -0.0000000022714353)
continue (2.5999999999999872 -0.0000000022714924)
continue (2.6099999999999870 -0.0000000022719631)
continue (2.6199999999999868 -0.0000000022724798)
continue (2.6299999999999866 -0.0000000022728578)
continue (2.6399999999999864 -0.0000000022736748)
continue (2.6499999999999861 -0.0000000022741430)
continue (2.6599999999999859 -0.0000000022744997)
continue (2.6699999999999857 -0.0000000022748085)
continue (2.6799999999999855 -0.0000000022752984)
continue (2.6899999999999853 -0.0000000022759339)
continue (2.6999999999999851 -0.0000000022765269)
continue (2.7099999999999849 -0.0000000022769591)
continue (2.7199999999999847 -0.0000000022773966)
continue (2.7299999999999844 -0.0000000022778640)
continue (2.7399999999999842 -0.0000000022781327)
continue (2.7499999999999840 -0.0000000022788269)
continue (2.7599999999999838 -0.0000000022793520)
continue (2.7699999999999836 -0.0000000022798030)
continue (2.7799999999999834 -0.0000000022802542)
continue (2.7899999999999832 -0.0000000022807622)
continue (2.7999999999999829 -0.0000000022811317)
continue (2.8099999999999827 -0.0000000022819501)
continue (2.8199999999999825 -0.0000000022824028)
continue (2.8299999999999823 -0.0000000022827224)
continue (2.8399999999999821 -0.0000000022831928)
continue (2.8499999999999819 -0.0000000022837064)
continue (2.8599999999999817 -0.0000000022841077)
continue (2.8699999999999815 -0.0000000022845880)
continue (2.8799999999999812 -0.0000000022853064)
continue (2.8899999999999810 -0.0000000022857195)
continue (2.8999999999999808 -0.0000000022863532)
continue (2.9099999999999806 -0.0000000022866903)
continue (2.9199999999999804 -0.0000000022871036)
continue (2.9299999999999802 -0.0000000022875234)
continue (2.9399999999999800 -0.0000000022882360)
continue (2.9499999999999797 -0.0000000022887331)
continue (2.9599999999999795 -0.0000000022891382)
continue (2.9699999999999793 -0.0000000022897642)
continue (2.9799999999999791 -0.0000000022903086)
continue (2.9899999999999789 -0.0000000022907344)
continue (2.9999999999999787 -0.0000000022911073)
continue (3.0099999999999785 -0.0000000023073267)
continue (3.0199999999999783 -0.0000000023077632)
continue (3.0299999999999780 -0.0000000023081788)
continue (3.0399999999999778 -0.0000000023087563)
continue (3.0499999999999776 -0.0000000023092383)
continue (3.0599999999999774 -0.0000000023096323)
continue (3.0699999999999772 -0.0000000023100531)
continue (3.0799999999999770 -0.0000000023105411)
continue (3.0899999999999768 -0.0000000023113287)
continue (3.0999999999999766 -0.0000000023117267)
continue (3.1099999999999763 -0.0000000023121811)
continue (3.1199999999999761 -0.0000000023126043)
continue (3.1299999999999759 -0.0000000023131000)
continue (3.1399999999999757 -0.0000000023134820)
continue (3.1499999999999755 -0.0000000023138594)
continue (3.1599999999999753 -0.0000000023143095)
continue (3.1699999999999751 -0.0000000023150153)
continue (3.1799999999999748 -0.0000000023154382)
continue (3.1899999999999746 -0.0000000023158961)
continue (3.1999999999999744 -0.0000000023163316)
continue (3.2099999999999742 -0.0000000023168219)
continue (3.2199999999999740 -0.0000000023173125)
continue (3.2299999999999738 -0.0000000023177652)
continue (3.2399999999999736 -0.0000000023182378)
continue (3.2499999999999734 -0.0000000023186671)
continue (3.2599999999999731 -0.0000000023190827)
continue (3.2699999999999729 -0.0000000023195988)
continue (3.2799999999999727 -0.0000000023199979)
continue (3.2899999999999725 -0.0000000023204938)
continue (3.2999999999999723 -0.0000000023208588)
continue (3.3099999999999721 -0.0000000023212750)
continue (3.3199999999999719 -0.0000000023217720)
continue (3.3299999999999716 -0.0000000023221940)
continue (3.3399999999999714 -0.0000000023226852)
continue (3.3499999999999712 -0.0000000023230991)
continue (3.3599999999999710 -0.0000000023235750)
continue (3.3699999999999708 -0.0000000023239351)
continue (3.3799999999999706 -0.0000000023242768)
continue (3.3899999999999704 -0.0000000023248123)
continue (3.3999999999999702 -0.0000000023251461)
continue (3.4099999999999699 -0.0000000023256818)
continue (3.4199999999999697 -0.0000000023260012)
continue (3.4299999999999695 -0.0000000023265338)
continue (3.4399999999999693 -0.0000000023268532)
continue (3.4499999999999691 -0.0000000023273802)
continue (3.4599999999999689 -0.0000000023276064)
continue (3.4699999999999687 -0.0000000023282171)
continue (3.4799999999999685 -0.0000000023284440)
continue (3.4899999999999682 -0.0000000023290513)
continue (3.4999999999999680 -0.0000000023292637)
continue (3.5099999999999678 -0.0000000023298737)
continue (3.5199999999999676 -0.0000000023300827)
continue (3.5299999999999674 -0.0000000023306766)
continue (3.5399999999999672 -0.0000000023308840)
continue (3.5499999999999670 -0.0000000023314736)
continue (3.5599999999999667 -0.0000000023306479)
continue (3.5699999999999665 -0.0000000023312448)
continue (3.5799999999999663 -0.0000000023313961)
continue (3.5899999999999661 -0.0000000023320072)
continue (3.5999999999999659 -0.0000000023321454)
continue (3.6099999999999657 -0.0000000023327893)
continue (3.6199999999999655 -0.0000000023328760)
continue (3.6299999999999653 -0.0000000023335456)
continue (3.6399999999999650 -0.0000000023335927)
continue (3.6499999999999648 -0.0000000023342684)
continue (3.6599999999999646 -0.0000000023342749)
continue (3.6699999999999644 -0.0000000023349749)
continue (3.6799999999999642 -0.0000000023349224)
continue (3.6899999999999640 -0.0000000023356521)
continue (3.6999999999999638 -0.0000000023355437)
continue (3.7099999999999635 -0.0000000023362966)
continue (3.7199999999999633 -0.0000000023363528)
continue (3.7299999999999631 -0.0000000023369270)
continue (3.7399999999999629 -0.0000000023369448)
continue (3.7499999999999627 -0.0000000023375105)
continue (3.7599999999999625 -0.0000000023376960)
continue (3.7699999999999623 -0.0000000023375201)
continue (3.7799999999999621 -0.0000000023382824)
continue (3.7899999999999618 -0.0000000023380168)
continue (3.7999999999999616 -0.0000000023388420)
continue (3.8099999999999614 -0.0000000023384935)
continue (3.8199999999999612 -0.0000000023393397)
continue (3.8299999999999610 -0.0000000023401101)
continue (3.8399999999999608 -0.0000000023397864)
continue (3.8499999999999606 -0.0000000023402529)
continue (3.8599999999999604 -0.0000000023398371)
continue (3.8699999999999601 -0.0000000023406977)
continue (3.8799999999999599 -0.0000000023401991)
continue (3.8899999999999597 -0.0000000023408453)
continue (3.8999999999999595 -0.0000000023416722)
continue (3.9099999999999593 -0.0000000023411745)
continue (3.9199999999999591 -0.0000000023420507)
continue (3.9299999999999589 -0.0000000023414405)
continue (3.9399999999999586 -0.0000000023423679)
continue (3.9499999999999584 -0.0000000023432218)
continue (3.9599999999999582 -0.0000000023426097)
continue (3.9699999999999580 -0.0000000023435207)
continue (3.9799999999999578 -0.0000000023427940)
continue (3.9899999999999576 -0.0000000023437672)
continue (4.0099999999999998 -0.0000000023439447)
continue (4.5099999999999998 -0.0000000023618204)
continue (5.0099999999999998 -0.0000000023676604)
continue (5.5099999999999998 -0.0000000023729961)
continue (6.0099999999999998 -0.0000000023780720)
continue (6.5099999999999998 -0.0000000023828562)
continue (7.0099999999999998 -0.0000000023873711)
continue (7.5099999999999998 -0.0000000023916218)
continue (8.0099999999999998 -0.0000000023956232)
continue (8.5099999999999998 -0.0000000023993964)
continue (9.0099999999999998 -0.0000000024029488)
continue (9.5099999999999998 -0.0000000024062814)
continue (10.0000000000000000 -0.0000000024093320)
continue (10.0099999999999998 -0.0000000024093920)
continue (15.0000000000000000 -0.0000000024287953)
continue (20.0000000000000000 -0.0000000024364602)
continue (25.0000000000000000 -0.0000000024418959)
continue (30.0000000000000000 -0.0000000024458091)
continue (35.0000000000000000 -0.0000000024484144)
continue (40.0000000000000000 -0.0000000024501877)
continue (45.0000000000000000 -0.0000000024514981)
continue (50.0000000000000000 -0.0000000024525937)
continue (55.0000000000000000 -0.0000000024536094)
continue (60.0000000000000000 -0.0000000024545549)
continue (65.0000000000000000 -0.0000000024554381)
continue (70.0000000000000000 -0.0000000024562662)
continue (75.0000000000000000 -0.0000000024570457)
continue (80.0000000000000000 -0.0000000024577820)
continue (85.0000000000000000 -0.0000000024584798)
continue (90.0000000000000000 -0.0000000024591431)
continue (95.0000000000000000 -0.0000000024597755)
continue (100.0000000000000000 -0.0000000024603798)
continue (110.0000000000000000 -0.0000000024615147)
continue (120.0000000000000000 -0.0000000024625648)
continue (130.0000000000000000 -0.0000000024635433)
continue (140.0000000000000000 -0.0000000024644606)
continue (150.0000000000000000 -0.0000000024653251)
continue (160.0000000000000000 -0.0000000024661435)
continue (170.0000000000000000 -0.0000000024669212)
continue (180.0000000000000000 -0.0000000024676630)
continue (190.0000000000000000 -0.0000000024683726)
continue (200.0000000000000000 -0.0000000024690534)
continue (210.0000000000000000 -0.0000000024697081)
continue (220.0000000000000000 -0.0000000024703392)
continue (230.0000000000000000 -0.0000000024709487)
continue (240.0000000000000000 -0.0000000024715385)
continue (250.0000000000000000 -0.0000000024721101)
continue (260.0000000000000000 -0.0000000024726651)
continue (270.0000000000000000 -0.0000000024732046)
continue (280.0000000000000000 -0.0000000024737298)
continue (290.0000000000000000 -0.0000000024742416)
continue (300.0000000000000000 -0.0000000024747411)
continue (310.0000000000000000 -0.0000000024752289)
continue (320.0000000000000000 -0.0000000024757058)
continue (330.0000000000000000 -0.0000000024761725)
continue (340.0000000000000000 -0.0000000024766296)
continue (350.0000000000000000 -0.0000000024770776)
continue (360.0000000000000000 -0.0000000024775171)
continue (370.0000000000000000 -0.0000000024779485)
continue (380.0000000000000000 -0.0000000024783722)
continue (390.0000000000000000 -0.0000000024787887)
continue (400.0000000000000000 -0.0000000024791983)
continue (410.0000000000000000 -0.0000000024796014)
continue (420.0000000000000000 -0.0000000024799982)
continue (430.0000000000000000 -0.0000000024803890)
continue (440.0000000000000000 -0.0000000024807742)
continue (450.0000000000000000 -0.0000000024811540)
continue (460.0000000000000000 -0.0000000024815286)
continue (470.0000000000000000 -0.0000000024818982)
continue (480.0000000000000000 -0.0000000024822630)
continue (490.0000000000000000 -0.0000000024826233)
continue (500.0000000000000000 -0.0000000024829793)
continue (510.0000000000000000 -0.0000000024833310)
continue (520.0000000000000000 -0.0000000024836786)
continue (530.0000000000000000 -0.0000000024840224)
continue (540.0000000000000000 -0.0000000024843624)
continue (550.0000000000000000 -0.0000000024846988)
continue (560.0000000000000000 -0.0000000024850317)
continue (570.0000000000000000 -0.0000000024853613)
continue (580.0000000000000000 -0.0000000024856876)
continue (590.0000000000000000 -0.0000000024860108)
continue (600.0000000000000000 -0.0000000024863309)
continue (610.0000000000000000 -0.0000000024866481)
continue (620.0000000000000000 -0.0000000024869625)
continue (630.0000000000000000 -0.0000000024872741)
continue (640.0000000000000000 -0.0000000024875831)
continue (650.0000000000000000 -0.0000000024878895)
continue (660.0000000000000000 -0.0000000024881933)
continue (670.0000000000000000 -0.0000000024884948)
continue (680.0000000000000000 -0.0000000024887939)
continue (690.0000000000000000 -0.0000000024890906)
continue (700.0000000000000000 -0.0000000024893852)
continue (710.0000000000000000 -0.0000000024896776)
continue (720.0000000000000000 -0.0000000024899679)
continue (730.0000000000000000 -0.0000000024902561)
continue (740.0000000000000000 -0.0000000024905424)
continue (750.0000000000000000 -0.0000000024908267)
continue (760.0000000000000000 -0.0000000024911091)
continue (770.0000000000000000 -0.0000000024913897)
continue (780.0000000000000000 -0.0000000024916685)
continue (790.0000000000000000 -0.0000000024919455)
continue (800.0000000000000000 -0.0000000024922208)
continue (810.0000000000000000 -0.0000000024924945)
continue (820.0000000000000000 -0.0000000024927665)
continue (830.0000000000000000 -0.0000000024930370)
continue (840.0000000000000000 -0.0000000024933059)
continue (850.0000000000000000 -0.0000000024935733)
continue (860.0000000000000000 -0.0000000024938392)
continue (870.0000000000000000 -0.0000000024941036)
continue (880.0000000000000000 -0.0000000024943667)
continue (890.0000000000000000 -0.0000000024946283)
continue (900.0000000000000000 -0.0000000024948886)
continue (910.0000000000000000 -0.0000000024951476)
continue (920.0000000000000000 -0.0000000024954053)
continue (930.0000000000000000 -0.0000000024956617)
continue (940.0000000000000000 -0.0000000024959169)
continue (950.0000000000000000 -0.0000000024961709)
continue (960.0000000000000000 -0.0000000024964236)
continue (970.0000000000000000 -0.0000000024966752)
continue (980.0000000000000000 -0.0000000024969257)
continue (990.0000000000000000 -0.0000000024971750)
continue (1000.0000000000000000 -0.0000000024974233)
continue (1200.0000000000000000 -0.0000000025021858)
continue (1400.0000000000000000 -0.0000000025066405)
continue (1600.0000000000000000 -0.0000000025108664)
continue (1800.0000000000000000 -0.0000000025149143)
continue (2000.0000000000000000 -0.0000000025188188)
continue (2200.0000000000000000 -0.0000000025226039)
continue (2400.0000000000000000 -0.0000000025262865)
continue (2600.0000000000000000 -0.0000000025298784)
continue (2800.0000000000000000 -0.0000000025333876)
continue (3000.0000000000000000 -0.0000000025368192)
continue (3200.0000000000000000 -0.0000000025401762)
continue (3400.0000000000000000 -0.0000000025434598)
continue (3600.0000000000000000 -0.0000000025466703)
continue (3800.0000000000000000 -0.0000000025498071)
continue (4000.0000000000000000 -0.0000000025528691)
continue (4200.0000000000000000 -0.0000000025558554)
continue (4400.0000000000000000 -0.0000000025587647)
continue (4600.0000000000000000 -0.0000000025615963)
continue (4800.0000000000000000 -0.0000000025643499)
continue (5000.0000000000000000 -0.0000000025670255)
continue (5200.0000000000000000 -0.0000000025696235)
continue (5400.0000000000000000 -0.0000000025721449)
continue (5600.0000000000000000 -0.0000000025745910)
continue (5800.0000000000000000 -0.0000000025769635)
continue (6000.0000000000000000 -0.0000000025792642)
continue (6200.0000000000000000 -0.0000000025814953)
continue (6400.0000000000000000 -0.0000000025836590)
continue (6600.0000000000000000 -0.0000000025857577)
continue (6800.0000000000000000 -0.0000000025877938)
continue (7000.0000000000000000 -0.0000000025897700)
continue (7200.0000000000000000 -0.0000000025916900)
continue (7400.0000000000000000 -0.0000000025935569)
continue (7600.0000000000000000 -0.0000000025953735)
continue (7800.0000000000000000 -0.0000000025971424)
continue (8000.0000000000000000 -0.0000000025988661)
continue (8200.0000000000000000 -0.0000000026005467)
continue (8400.0000000000000000 -0.0000000026021865)
continue (8600.0000000000000000 -0.0000000026037872)
continue (8800.0000000000000000 -0.0000000026053507)
continue (9000.0000000000000000 -0.0000000026068788)
continue (9200.0000000000000000 -0.0000000026083728)
continue (9400.0000000000000000 -0.0000000026098344)
continue (9600.0000000000000000 -0.0000000026112648)
continue (9800.0000000000000000 -0.0000000026126655)
continue (10000.0000000000000000 -0.0000000026140375)
continue (10200.0000000000000000 -0.0000000026153820)
continue (10400.0000000000000000 -0.0000000026167001)
continue (10600.0000000000000000 -0.0000000026179927)
continue (10800.0000000000000000 -0.0000000026192610)
continue (11000.0000000000000000 -0.0000000026205057)
continue (11500.0000000000000000 -0.0000000026235198)
continue (12000.0000000000000000 -0.0000000026264041)
continue (12500.0000000000000000 -0.0000000026291691)
continue (13000.0000000000000000 -0.0000000026318243)
continue (13500.0000000000000000 -0.0000000026343779)
continue (14000.0000000000000000 -0.0000000026368375)
continue (14500.0000000000000000 -0.0000000026392095)
continue (15000.0000000000000000 -0.0000000026415001)
continue (15500.0000000000000000 -0.0000000026437144)
continue (16000.0000000000000000 -0.0000000026458575)
continue (16500.0000000000000000 -0.0000000026479336)
continue (17000.0000000000000000 -0.0000000026499469)
continue (17500.0000000000000000 -0.0000000026519009)
continue (18000.0000000000000000 -0.0000000026537991)
continue (18500.0000000000000000 -0.0000000026556444)
continue (19000.0000000000000000 -0.0000000026574398)
continue (19500.0000000000000000 -0.0000000026591878)
continue (20000.0000000000000000 -0.0000000026608909)
continue (20500.0000000000000000 -0.0000000026625512)
continue (21000.0000000000000000 -0.0000000026641708)
continue (21500.0000000000000000 -0.0000000026657518)
continue (22000.0000000000000000 -0.0000000026672957)
continue (22500.0000000000000000 -0.0000000026688044)
continue (23000.0000000000000000 -0.0000000026702794)
continue (23500.0000000000000000 -0.0000000026717221)
continue (24000.0000000000000000 -0.0000000026731339)
continue (24500.0000000000000000 -0.0000000026745161)
continue (25000.0000000000000000 -0.0000000026758699)
continue (25500.0000000000000000 -0.0000000026771963)
continue (26000.0000000000000000 -0.0000000026784966)
continue (26500.0000000000000000 -0.0000000026797717)
continue (27000.0000000000000000 -0.0000000026810224)
continue (27500.0000000000000000 -0.0000000026822498)
continue (28000.0000000000000000 -0.0000000026834547)
continue (28500.0000000000000000 -0.0000000026846379)
continue (29000.0000000000000000 -0.0000000026858001)
continue (29500.0000000000000000 -0.0000000026869420)
continue (30000.0000000000000000 -0.0000000026880644)
continue (30500.0000000000000000 -0.0000000026891679)
continue (31000.0000000000000000 -0.0000000026902531)
continue (31500.0000000000000000 -0.0000000026913205)
continue (32000.0000000000000000 -0.0000000026923709)
continue (32500.0000000000000000 -0.0000000026934046)
continue (33000.0000000000000000 -0.0000000026944222)
continue (33500.0000000000000000 -0.0000000026954243)
continue (34000.0000000000000000 -0.0000000026964111)
continue (34500.0000000000000000 -0.0000000026973833)
continue (35000.0000000000000000 -0.0000000026983412)
continue (35500.0000000000000000 -0.0000000026992852)
continue (36000.0000000000000000 -0.0000000027002158)
continue (36500.0000000000000000 -0.0000000027011333)
continue (37000.0000000000000000 -0.0000000027020380)
continue (37500.0000000000000000 -0.0000000027029303)
continue (38000.0000000000000000 -0.0000000027038105)
continue (38500.0000000000000000 -0.0000000027046790)
continue (39000.0000000000000000 -0.0000000027055360)
continue (39500.0000000000000000 -0.0000000027063819)
continue (40000.0000000000000000 -0.0000000027072169)
continue (40500.0000000000000000 -0.0000000027080413)
continue (41000.0000000000000000 -0.0000000027088554)
continue (41500.0000000000000000 -0.0000000027096594)
continue (42000.0000000000000000 -0.0000000027104535)
continue (42500.0000000000000000 -0.0000000027112381)
continue (43000.0000000000000000 -0.0000000027120132)
continue (43500.0000000000000000 -0.0000000027127792)
continue (44000.0000000000000000 -0.0000000027135363)
continue (44500.0000000000000000 -0.0000000027142846)
continue (45000.0000000000000000 -0.0000000027150243)
continue (45500.0000000000000000 -0.0000000027157557)
continue (46000.0000000000000000 -0.0000000027164789)
continue (46500.0000000000000000 -0.0000000027171941)
continue (47000.0000000000000000 -0.0000000027179015)
continue (47500.0000000000000000 -0.0000000027186012)
continue (48000.0000000000000000 -0.0000000027192934)
continue (48500.0000000000000000 -0.0000000027199783)
continue (49000.0000000000000000 -0.0000000027206559)
continue (49500.0000000000000000 -0.0000000027213266)
continue (50000.0000000000000000 -0.0000000027219903)
continue (50500.0000000000000000 -0.0000000027226473)
continue (51000.0000000000000000 -0.0000000027232976)
continue (51500.0000000000000000 -0.0000000027239415)
continue (52000.0000000000000000 -0.0000000027245790)
continue (52500.0000000000000000 -0.0000000027252102)
continue (53000.0000000000000000 -0.0000000027258353)
continue (53500.0000000000000000 -0.0000000027264544)
continue (54000.0000000000000000 -0.0000000027270676)
continue (54500.0000000000000000 -0.0000000027276750)
continue (55000.0000000000000000 -0.0000000027282767)
continue (55500.0000000000000000 -0.0000000027288728)
continue (56000.0000000000000000 -0.0000000027294634)
continue (56500.0000000000000000 -0.0000000027300487)
continue (57000.0000000000000000 -0.0000000027306287)
continue (57500.0000000000000000 -0.0000000027312035)
continue (58000.0000000000000000 -0.0000000027317732)
continue (58500.0000000000000000 -0.0000000027323378)
continue (59000.0000000000000000 -0.0000000027328976)
continue (59500.0000000000000000 -0.0000000027334525)
continue (60000.0000000000000000 -0.0000000027340026)
continue (60500.0000000000000000 -0.0000000027345480)
continue (61000.0000000000000000 -0.0000000027350889)
continue (61500.0000000000000000 -0.0000000027356252)
continue (62000.0000000000000000 -0.0000000027361570)
continue (62500.0000000000000000 -0.0000000027366845)
continue (63000.0000000000000000 -0.0000000027372077)
continue (63500.0000000000000000 -0.0000000027377266)
continue (64000.0000000000000000 -0.0000000027382413)
continue (64500.0000000000000000 -0.0000000027387520)
continue (65000.0000000000000000 -0.0000000027392585)
continue (65500.0000000000000000 -0.0000000027397611)
continue (66000.0000000000000000 -0.0000000027402598)
continue (66500.0000000000000000 -0.0000000027407546)
continue (67000.0000000000000000 -0.0000000027412456)
continue (67500.0000000000000000 -0.0000000027417329)
continue (68000.0000000000000000 -0.0000000027422164)
continue (68500.0000000000000000 -0.0000000027426963)
continue (69000.0000000000000000 -0.0000000027431727)
continue (69500.0000000000000000 -0.0000000027436455)
continue (70000.0000000000000000 -0.0000000027441148)
continue (70500.0000000000000000 -0.0000000027445807)
continue (71000.0000000000000000 -0.0000000027450432)
continue (71500.0000000000000000 -0.0000000027455024)
continue (72000.0000000000000000 -0.0000000027459582)
continue (72500.0000000000000000 -0.0000000027464109)
continue (73000.0000000000000000 -0.0000000027468603)
continue (73500.0000000000000000 -0.0000000027473066)
continue (74000.0000000000000000 -0.0000000027477498)
continue (74500.0000000000000000 -0.0000000027481899)
continue (75245.0000000000000000 -0.0000000050000000)
continue (7354000.0000000000000000 -0.0000000050000000)
f(nu) = -20.7658494891070582 at 1.0000000000000000 Ryd
