# Faucher-Giguere 2019 
# z = 6.943282
# E [Ryd] log (J_nu)
interpolate (0.0000000100100000 -0.0000000050000000)
continue (0.0990000000000000 -0.0000000050000000)
continue (0.1000000000000000 -0.0000000019522568)
continue (0.1500000000000000 -0.0000000019601066)
continue (0.2000000000000000 -0.0000000019676789)
continue (0.2500000000000001 -0.0000000019951510)
continue (0.3000000000000000 -0.0000000019973124)
continue (0.3500000000000001 -0.0000000019983430)
continue (0.4000000000000001 -0.0000000019971672)
continue (0.4500000000000001 -0.0000000019985080)
continue (0.5000000000000001 -0.0000000019972813)
continue (0.5500000000000002 -0.0000000019988260)
continue (0.6000000000000002 -0.0000000019976061)
continue (0.6500000000000001 -0.0000000019994728)
continue (0.7000000000000002 -0.0000000019490349)
continue (0.7500000000000002 -0.0000000020081264)
continue (0.8000000000000002 -0.0000000020099341)
continue (0.8500000000000002 -0.0000000020155386)
continue (0.9000000000000002 -0.0000000020281947)
continue (0.9500000000000003 -0.0000000020594814)
continue (1.0100000000000000 -0.0000000022008098)
continue (1.0600000000000001 -0.0000000022094126)
continue (1.1100000000000001 -0.0000000022150387)
continue (1.1600000000000001 -0.0000000022279934)
continue (1.2100000000000002 -0.0000000022237173)
continue (1.2600000000000002 -0.0000000022255376)
continue (1.3100000000000003 -0.0000000022281682)
continue (1.3600000000000003 -0.0000000022301050)
continue (1.4100000000000004 -0.0000000022308427)
continue (1.4600000000000004 -0.0000000022338522)
continue (1.5100000000000005 -0.0000000022304847)
continue (1.5600000000000005 -0.0000000022330302)
continue (1.6100000000000005 -0.0000000022348248)
continue (1.6600000000000006 -0.0000000022385286)
continue (1.7100000000000006 -0.0000000022298080)
continue (1.7600000000000007 -0.0000000022306834)
continue (1.8100000000000007 -0.0000000022339179)
continue (1.8600000000000008 -0.0000000022386166)
continue (1.9100000000000008 -0.0000000022362413)
continue (1.9600000000000009 -0.0000000022420227)
continue (2.0000000000000000 -0.0000000022432531)
continue (2.0099999999999998 -0.0000000022425821)
continue (2.0199999999999996 -0.0000000022455195)
continue (2.0299999999999994 -0.0000000022475918)
continue (2.0399999999999991 -0.0000000022435916)
continue (2.0499999999999989 -0.0000000022469164)
continue (2.0599999999999987 -0.0000000022468806)
continue (2.0699999999999985 -0.0000000022470268)
continue (2.0799999999999983 -0.0000000022437142)
continue (2.0899999999999981 -0.0000000022458573)
continue (2.0999999999999979 -0.0000000022427409)
continue (2.1099999999999977 -0.0000000022436602)
continue (2.1199999999999974 -0.0000000022443853)
continue (2.1299999999999972 -0.0000000022446879)
continue (2.1399999999999970 -0.0000000022452338)
continue (2.1499999999999968 -0.0000000022440201)
continue (2.1599999999999966 -0.0000000022469801)
continue (2.1699999999999964 -0.0000000022517940)
continue (2.1799999999999962 -0.0000000022480891)
continue (2.1899999999999959 -0.0000000022481266)
continue (2.1999999999999957 -0.0000000022470417)
continue (2.2099999999999955 -0.0000000022477133)
continue (2.2199999999999953 -0.0000000022519996)
continue (2.2299999999999951 -0.0000000022505522)
continue (2.2399999999999949 -0.0000000022473044)
continue (2.2499999999999947 -0.0000000022529406)
continue (2.2599999999999945 -0.0000000022541733)
continue (2.2699999999999942 -0.0000000022525649)
continue (2.2799999999999940 -0.0000000022539628)
continue (2.2899999999999938 -0.0000000022559180)
continue (2.2999999999999936 -0.0000000022584741)
continue (2.3099999999999934 -0.0000000022603215)
continue (2.3199999999999932 -0.0000000022566751)
continue (2.3299999999999930 -0.0000000022584131)
continue (2.3399999999999928 -0.0000000022644429)
continue (2.3499999999999925 -0.0000000022598485)
continue (2.3599999999999923 -0.0000000022630838)
continue (2.3699999999999921 -0.0000000022654918)
continue (2.3799999999999919 -0.0000000022634523)
continue (2.3899999999999917 -0.0000000022671529)
continue (2.3999999999999915 -0.0000000022638405)
continue (2.4099999999999913 -0.0000000022630981)
continue (2.4199999999999910 -0.0000000022637329)
continue (2.4299999999999908 -0.0000000022602068)
continue (2.4399999999999906 -0.0000000022606617)
continue (2.4499999999999904 -0.0000000022615908)
continue (2.4599999999999902 -0.0000000022595383)
continue (2.4699999999999900 -0.0000000022631144)
continue (2.4799999999999898 -0.0000000022630118)
continue (2.4899999999999896 -0.0000000022672767)
continue (2.4999999999999893 -0.0000000022675567)
continue (2.5099999999999891 -0.0000000022665516)
continue (2.5199999999999889 -0.0000000022680954)
continue (2.5299999999999887 -0.0000000022634945)
continue (2.5399999999999885 -0.0000000022700798)
continue (2.5499999999999883 -0.0000000022686571)
continue (2.5599999999999881 -0.0000000022689393)
continue (2.5699999999999878 -0.0000000022679581)
continue (2.5799999999999876 -0.0000000022656965)
continue (2.5899999999999874 -0.0000000022646487)
continue (2.5999999999999872 -0.0000000022661515)
continue (2.6099999999999870 -0.0000000022648597)
continue (2.6199999999999868 -0.0000000022634118)
continue (2.6299999999999866 -0.0000000022645351)
continue (2.6399999999999864 -0.0000000022632170)
continue (2.6499999999999861 -0.0000000022666883)
continue (2.6599999999999859 -0.0000000022600342)
continue (2.6699999999999857 -0.0000000022596993)
continue (2.6799999999999855 -0.0000000022607730)
continue (2.6899999999999853 -0.0000000022590102)
continue (2.6999999999999851 -0.0000000022588248)
continue (2.7099999999999849 -0.0000000022551033)
continue (2.7199999999999847 -0.0000000022580065)
continue (2.7299999999999844 -0.0000000022520278)
continue (2.7399999999999842 -0.0000000022539568)
continue (2.7499999999999840 -0.0000000022524968)
continue (2.7599999999999838 -0.0000000022470555)
continue (2.7699999999999836 -0.0000000022510269)
continue (2.7799999999999834 -0.0000000022457302)
continue (2.7899999999999832 -0.0000000022459350)
continue (2.7999999999999829 -0.0000000022459850)
continue (2.8099999999999827 -0.0000000022439284)
continue (2.8199999999999825 -0.0000000022462322)
continue (2.8299999999999823 -0.0000000022421325)
continue (2.8399999999999821 -0.0000000022390884)
continue (2.8499999999999819 -0.0000000022384450)
continue (2.8599999999999817 -0.0000000022350008)
continue (2.8699999999999815 -0.0000000022341375)
continue (2.8799999999999812 -0.0000000022298450)
continue (2.8899999999999810 -0.0000000022296062)
continue (2.8999999999999808 -0.0000000022241632)
continue (2.9099999999999806 -0.0000000022206074)
continue (2.9199999999999804 -0.0000000022189358)
continue (2.9299999999999802 -0.0000000022143289)
continue (2.9399999999999800 -0.0000000022134322)
continue (2.9499999999999797 -0.0000000022089920)
continue (2.9599999999999795 -0.0000000022088854)
continue (2.9699999999999793 -0.0000000022031776)
continue (2.9799999999999791 -0.0000000022035350)
continue (2.9899999999999789 -0.0000000021977111)
continue (2.9999999999999787 -0.0000000021988738)
continue (3.0099999999999785 -0.0000000022833480)
continue (3.0199999999999783 -0.0000000022846329)
continue (3.0299999999999780 -0.0000000022815907)
continue (3.0399999999999778 -0.0000000022838029)
continue (3.0499999999999776 -0.0000000022833658)
continue (3.0599999999999774 -0.0000000022852133)
continue (3.0699999999999772 -0.0000000022859674)
continue (3.0799999999999770 -0.0000000022884790)
continue (3.0899999999999768 -0.0000000022895958)
continue (3.0999999999999766 -0.0000000022875094)
continue (3.1099999999999763 -0.0000000022879536)
continue (3.1199999999999761 -0.0000000022870067)
continue (3.1299999999999759 -0.0000000022848164)
continue (3.1399999999999757 -0.0000000022850358)
continue (3.1499999999999755 -0.0000000022834123)
continue (3.1599999999999753 -0.0000000022826765)
continue (3.1699999999999751 -0.0000000022842422)
continue (3.1799999999999748 -0.0000000022826592)
continue (3.1899999999999746 -0.0000000022852738)
continue (3.1999999999999744 -0.0000000022832252)
continue (3.2099999999999742 -0.0000000022851435)
continue (3.2199999999999740 -0.0000000022851336)
continue (3.2299999999999738 -0.0000000022862628)
continue (3.2399999999999736 -0.0000000022874548)
continue (3.2499999999999734 -0.0000000022895215)
continue (3.2599999999999731 -0.0000000022909905)
continue (3.2699999999999729 -0.0000000022934370)
continue (3.2799999999999727 -0.0000000022921054)
continue (3.2899999999999725 -0.0000000022917616)
continue (3.2999999999999723 -0.0000000022909054)
continue (3.3099999999999721 -0.0000000022921688)
continue (3.3199999999999719 -0.0000000022959416)
continue (3.3299999999999716 -0.0000000022980912)
continue (3.3399999999999714 -0.0000000023047671)
continue (3.3499999999999712 -0.0000000023056890)
continue (3.3599999999999710 -0.0000000023093891)
continue (3.3699999999999708 -0.0000000023111774)
continue (3.3799999999999706 -0.0000000023108296)
continue (3.3899999999999704 -0.0000000023127624)
continue (3.3999999999999702 -0.0000000023157479)
continue (3.4099999999999699 -0.0000000023174562)
continue (3.4199999999999697 -0.0000000023166240)
continue (3.4299999999999695 -0.0000000023187017)
continue (3.4399999999999693 -0.0000000023199969)
continue (3.4499999999999691 -0.0000000023201822)
continue (3.4599999999999689 -0.0000000023201866)
continue (3.4699999999999687 -0.0000000023233720)
continue (3.4799999999999685 -0.0000000023280319)
continue (3.4899999999999682 -0.0000000023333030)
continue (3.4999999999999680 -0.0000000023334912)
continue (3.5099999999999678 -0.0000000023446792)
continue (3.5199999999999676 -0.0000000023482401)
continue (3.5299999999999674 -0.0000000023537722)
continue (3.5399999999999672 -0.0000000023669236)
continue (3.5499999999999670 -0.0000000023720643)
continue (3.5599999999999667 -0.0000000023240019)
continue (3.5699999999999665 -0.0000000023162655)
continue (3.5799999999999663 -0.0000000023208578)
continue (3.5899999999999661 -0.0000000023174241)
continue (3.5999999999999659 -0.0000000023277003)
continue (3.6099999999999657 -0.0000000023308945)
continue (3.6199999999999655 -0.0000000023343150)
continue (3.6299999999999653 -0.0000000023433537)
continue (3.6399999999999650 -0.0000000023466534)
continue (3.6499999999999648 -0.0000000023474008)
continue (3.6599999999999646 -0.0000000023554208)
continue (3.6699999999999644 -0.0000000023617855)
continue (3.6799999999999642 -0.0000000023566037)
continue (3.6899999999999640 -0.0000000023734726)
continue (3.6999999999999638 -0.0000000023629635)
continue (3.7099999999999635 -0.0000000023795140)
continue (3.7199999999999633 -0.0000000023823021)
continue (3.7299999999999631 -0.0000000024179501)
continue (3.7399999999999629 -0.0000000024116108)
continue (3.7499999999999627 -0.0000000023974793)
continue (3.7599999999999625 -0.0000000023688957)
continue (3.7699999999999623 -0.0000000023864289)
continue (3.7799999999999621 -0.0000000023777732)
continue (3.7899999999999618 -0.0000000023868525)
continue (3.7999999999999616 -0.0000000024173857)
continue (3.8099999999999614 -0.0000000024086312)
continue (3.8199999999999612 -0.0000000024291170)
continue (3.8299999999999610 -0.0000000024500742)
continue (3.8399999999999608 -0.0000000024633746)
continue (3.8499999999999606 -0.0000000024214478)
continue (3.8599999999999604 -0.0000000024089370)
continue (3.8699999999999601 -0.0000000024355330)
continue (3.8799999999999599 -0.0000000024720609)
continue (3.8899999999999597 -0.0000000023944621)
continue (3.8999999999999595 -0.0000000023907181)
continue (3.9099999999999593 -0.0000000023895063)
continue (3.9199999999999591 -0.0000000023933653)
continue (3.9299999999999589 -0.0000000023835289)
continue (3.9399999999999586 -0.0000000023955474)
continue (3.9499999999999584 -0.0000000023860501)
continue (3.9599999999999582 -0.0000000023903161)
continue (3.9699999999999580 -0.0000000023908527)
continue (3.9799999999999578 -0.0000000023785065)
continue (3.9899999999999576 -0.0000000024042618)
continue (4.0099999999999998 -0.0000000024696887)
continue (4.5099999999999998 -0.0000000026124409)
continue (5.0099999999999998 -0.0000000026751365)
continue (5.5099999999999998 -0.0000000026631402)
continue (6.0099999999999998 -0.0000000027196697)
continue (6.5099999999999998 -0.0000000026742008)
continue (7.0099999999999998 -0.0000000026867728)
continue (7.5099999999999998 -0.0000000027243863)
continue (8.0099999999999998 -0.0000000027308538)
continue (8.5099999999999998 -0.0000000027324747)
continue (9.0099999999999998 -0.0000000027365887)
continue (9.5099999999999998 -0.0000000027368150)
continue (10.0000000000000000 -0.0000000027359671)
continue (10.0099999999999998 -0.0000000027359333)
continue (15.0000000000000000 -0.0000000027275018)
continue (20.0000000000000000 -0.0000000027159412)
continue (25.0000000000000000 -0.0000000026980697)
continue (30.0000000000000000 -0.0000000026876787)
continue (35.0000000000000000 -0.0000000026812745)
continue (40.0000000000000000 -0.0000000026773641)
continue (45.0000000000000000 -0.0000000026746176)
continue (50.0000000000000000 -0.0000000026715071)
continue (55.0000000000000000 -0.0000000026695466)
continue (60.0000000000000000 -0.0000000026683580)
continue (65.0000000000000000 -0.0000000026676822)
continue (70.0000000000000000 -0.0000000026673497)
continue (75.0000000000000000 -0.0000000026672491)
continue (80.0000000000000000 -0.0000000026673063)
continue (85.0000000000000000 -0.0000000026674714)
continue (90.0000000000000000 -0.0000000026677104)
continue (95.0000000000000000 -0.0000000026679999)
continue (100.0000000000000000 -0.0000000026683233)
continue (110.0000000000000000 -0.0000000026690289)
continue (120.0000000000000000 -0.0000000026697691)
continue (130.0000000000000000 -0.0000000026705138)
continue (140.0000000000000000 -0.0000000026712475)
continue (150.0000000000000000 -0.0000000026719625)
continue (160.0000000000000000 -0.0000000026726551)
continue (170.0000000000000000 -0.0000000026733242)
continue (180.0000000000000000 -0.0000000026739696)
continue (190.0000000000000000 -0.0000000026745921)
continue (200.0000000000000000 -0.0000000026751926)
continue (210.0000000000000000 -0.0000000026757723)
continue (220.0000000000000000 -0.0000000026763325)
continue (230.0000000000000000 -0.0000000026768744)
continue (240.0000000000000000 -0.0000000026773990)
continue (250.0000000000000000 -0.0000000026779076)
continue (260.0000000000000000 -0.0000000026784012)
continue (270.0000000000000000 -0.0000000026788806)
continue (280.0000000000000000 -0.0000000026793468)
continue (290.0000000000000000 -0.0000000026798006)
continue (300.0000000000000000 -0.0000000026802428)
continue (310.0000000000000000 -0.0000000026806739)
continue (320.0000000000000000 -0.0000000026810948)
continue (330.0000000000000000 -0.0000000026815059)
continue (340.0000000000000000 -0.0000000026819078)
continue (350.0000000000000000 -0.0000000026823010)
continue (360.0000000000000000 -0.0000000026826860)
continue (370.0000000000000000 -0.0000000026830631)
continue (380.0000000000000000 -0.0000000026834329)
continue (390.0000000000000000 -0.0000000026837956)
continue (400.0000000000000000 -0.0000000026841516)
continue (410.0000000000000000 -0.0000000026845012)
continue (420.0000000000000000 -0.0000000026848447)
continue (430.0000000000000000 -0.0000000026851825)
continue (440.0000000000000000 -0.0000000026855146)
continue (450.0000000000000000 -0.0000000026858415)
continue (460.0000000000000000 -0.0000000026861633)
continue (470.0000000000000000 -0.0000000026864802)
continue (480.0000000000000000 -0.0000000026867925)
continue (490.0000000000000000 -0.0000000026871003)
continue (500.0000000000000000 -0.0000000026874038)
continue (510.0000000000000000 -0.0000000026877032)
continue (520.0000000000000000 -0.0000000026879986)
continue (530.0000000000000000 -0.0000000026882901)
continue (540.0000000000000000 -0.0000000026885780)
continue (550.0000000000000000 -0.0000000026888624)
continue (560.0000000000000000 -0.0000000026891433)
continue (570.0000000000000000 -0.0000000026894209)
continue (580.0000000000000000 -0.0000000026896953)
continue (590.0000000000000000 -0.0000000026899667)
continue (600.0000000000000000 -0.0000000026902350)
continue (610.0000000000000000 -0.0000000026905005)
continue (620.0000000000000000 -0.0000000026907632)
continue (630.0000000000000000 -0.0000000026910232)
continue (640.0000000000000000 -0.0000000026912806)
continue (650.0000000000000000 -0.0000000026915354)
continue (660.0000000000000000 -0.0000000026917878)
continue (670.0000000000000000 -0.0000000026920378)
continue (680.0000000000000000 -0.0000000026922855)
continue (690.0000000000000000 -0.0000000026925310)
continue (700.0000000000000000 -0.0000000026927742)
continue (710.0000000000000000 -0.0000000026930154)
continue (720.0000000000000000 -0.0000000026932545)
continue (730.0000000000000000 -0.0000000026934915)
continue (740.0000000000000000 -0.0000000026937267)
continue (750.0000000000000000 -0.0000000026939599)
continue (760.0000000000000000 -0.0000000026941912)
continue (770.0000000000000000 -0.0000000026944208)
continue (780.0000000000000000 -0.0000000026946486)
continue (790.0000000000000000 -0.0000000026948747)
continue (800.0000000000000000 -0.0000000026950992)
continue (810.0000000000000000 -0.0000000026953220)
continue (820.0000000000000000 -0.0000000026955432)
continue (830.0000000000000000 -0.0000000026957629)
continue (840.0000000000000000 -0.0000000026959811)
continue (850.0000000000000000 -0.0000000026961978)
continue (860.0000000000000000 -0.0000000026964130)
continue (870.0000000000000000 -0.0000000026966269)
continue (880.0000000000000000 -0.0000000026968393)
continue (890.0000000000000000 -0.0000000026970504)
continue (900.0000000000000000 -0.0000000026972603)
continue (910.0000000000000000 -0.0000000026974688)
continue (920.0000000000000000 -0.0000000026976760)
continue (930.0000000000000000 -0.0000000026978821)
continue (940.0000000000000000 -0.0000000026980869)
continue (950.0000000000000000 -0.0000000026982906)
continue (960.0000000000000000 -0.0000000026984931)
continue (970.0000000000000000 -0.0000000026986944)
continue (980.0000000000000000 -0.0000000026988947)
continue (990.0000000000000000 -0.0000000026990938)
continue (1000.0000000000000000 -0.0000000026992920)
continue (1200.0000000000000000 -0.0000000027030594)
continue (1400.0000000000000000 -0.0000000027065332)
continue (1600.0000000000000000 -0.0000000027097918)
continue (1800.0000000000000000 -0.0000000027128861)
continue (2000.0000000000000000 -0.0000000027158507)
continue (2200.0000000000000000 -0.0000000027187102)
continue (2400.0000000000000000 -0.0000000027214830)
continue (2600.0000000000000000 -0.0000000027241830)
continue (2800.0000000000000000 -0.0000000027268208)
continue (3000.0000000000000000 -0.0000000027294050)
continue (3200.0000000000000000 -0.0000000027319426)
continue (3400.0000000000000000 -0.0000000027344391)
continue (3600.0000000000000000 -0.0000000027368993)
continue (3800.0000000000000000 -0.0000000027393270)
continue (4000.0000000000000000 -0.0000000027417255)
continue (4200.0000000000000000 -0.0000000027440978)
continue (4400.0000000000000000 -0.0000000027464461)
continue (4600.0000000000000000 -0.0000000027487726)
continue (4800.0000000000000000 -0.0000000027510791)
continue (5000.0000000000000000 -0.0000000027533672)
continue (5200.0000000000000000 -0.0000000027556382)
continue (5400.0000000000000000 -0.0000000027578926)
continue (5600.0000000000000000 -0.0000000027601308)
continue (5800.0000000000000000 -0.0000000027623520)
continue (6000.0000000000000000 -0.0000000027645540)
continue (6200.0000000000000000 -0.0000000027667325)
continue (6400.0000000000000000 -0.0000000027688801)
continue (6600.0000000000000000 -0.0000000027709844)
continue (6800.0000000000000000 -0.0000000027730283)
continue (7000.0000000000000000 -0.0000000027750108)
continue (7200.0000000000000000 -0.0000000027769370)
continue (7400.0000000000000000 -0.0000000027788099)
continue (7600.0000000000000000 -0.0000000027806325)
continue (7800.0000000000000000 -0.0000000027824074)
continue (8000.0000000000000000 -0.0000000027841369)
continue (8200.0000000000000000 -0.0000000027858233)
continue (8400.0000000000000000 -0.0000000027874688)
continue (8600.0000000000000000 -0.0000000027890751)
continue (8800.0000000000000000 -0.0000000027906442)
continue (9000.0000000000000000 -0.0000000027921777)
continue (9200.0000000000000000 -0.0000000027936772)
continue (9400.0000000000000000 -0.0000000027951441)
continue (9600.0000000000000000 -0.0000000027965799)
continue (9800.0000000000000000 -0.0000000027979858)
continue (10000.0000000000000000 -0.0000000027993630)
continue (10200.0000000000000000 -0.0000000028007126)
continue (10400.0000000000000000 -0.0000000028020358)
continue (10600.0000000000000000 -0.0000000028033335)
continue (10800.0000000000000000 -0.0000000028046067)
continue (11000.0000000000000000 -0.0000000028058563)
continue (11500.0000000000000000 -0.0000000028088826)
continue (12000.0000000000000000 -0.0000000028117787)
continue (12500.0000000000000000 -0.0000000028145554)
continue (13000.0000000000000000 -0.0000000028172219)
continue (13500.0000000000000000 -0.0000000028197867)
continue (14000.0000000000000000 -0.0000000028222571)
continue (14500.0000000000000000 -0.0000000028246399)
continue (15000.0000000000000000 -0.0000000028269409)
continue (15500.0000000000000000 -0.0000000028291655)
continue (16000.0000000000000000 -0.0000000028313187)
continue (16500.0000000000000000 -0.0000000028334048)
continue (17000.0000000000000000 -0.0000000028354279)
continue (17500.0000000000000000 -0.0000000028373915)
continue (18000.0000000000000000 -0.0000000028392992)
continue (18500.0000000000000000 -0.0000000028411539)
continue (19000.0000000000000000 -0.0000000028429585)
continue (19500.0000000000000000 -0.0000000028447155)
continue (20000.0000000000000000 -0.0000000028464275)
continue (20500.0000000000000000 -0.0000000028480967)
continue (21000.0000000000000000 -0.0000000028497250)
continue (21500.0000000000000000 -0.0000000028513145)
continue (22000.0000000000000000 -0.0000000028528670)
continue (22500.0000000000000000 -0.0000000028543840)
continue (23000.0000000000000000 -0.0000000028558673)
continue (23500.0000000000000000 -0.0000000028573181)
continue (24000.0000000000000000 -0.0000000028587380)
continue (24500.0000000000000000 -0.0000000028601282)
continue (25000.0000000000000000 -0.0000000028614898)
continue (25500.0000000000000000 -0.0000000028628241)
continue (26000.0000000000000000 -0.0000000028641321)
continue (26500.0000000000000000 -0.0000000028654147)
continue (27000.0000000000000000 -0.0000000028666730)
continue (27500.0000000000000000 -0.0000000028679079)
continue (28000.0000000000000000 -0.0000000028691202)
continue (28500.0000000000000000 -0.0000000028703106)
continue (29000.0000000000000000 -0.0000000028714801)
continue (29500.0000000000000000 -0.0000000028726292)
continue (30000.0000000000000000 -0.0000000028737587)
continue (30500.0000000000000000 -0.0000000028748692)
continue (31000.0000000000000000 -0.0000000028759613)
continue (31500.0000000000000000 -0.0000000028770357)
continue (32000.0000000000000000 -0.0000000028780929)
continue (32500.0000000000000000 -0.0000000028791334)
continue (33000.0000000000000000 -0.0000000028801577)
continue (33500.0000000000000000 -0.0000000028811664)
continue (34000.0000000000000000 -0.0000000028821599)
continue (34500.0000000000000000 -0.0000000028831386)
continue (35000.0000000000000000 -0.0000000028841030)
continue (35500.0000000000000000 -0.0000000028850534)
continue (36000.0000000000000000 -0.0000000028859904)
continue (36500.0000000000000000 -0.0000000028869141)
continue (37000.0000000000000000 -0.0000000028878251)
continue (37500.0000000000000000 -0.0000000028887237)
continue (38000.0000000000000000 -0.0000000028896101)
continue (38500.0000000000000000 -0.0000000028904847)
continue (39000.0000000000000000 -0.0000000028913478)
continue (39500.0000000000000000 -0.0000000028921997)
continue (40000.0000000000000000 -0.0000000028930407)
continue (40500.0000000000000000 -0.0000000028938711)
continue (41000.0000000000000000 -0.0000000028946911)
continue (41500.0000000000000000 -0.0000000028955009)
continue (42000.0000000000000000 -0.0000000028963009)
continue (42500.0000000000000000 -0.0000000028970912)
continue (43000.0000000000000000 -0.0000000028978721)
continue (43500.0000000000000000 -0.0000000028986438)
continue (44000.0000000000000000 -0.0000000028994065)
continue (44500.0000000000000000 -0.0000000029001604)
continue (45000.0000000000000000 -0.0000000029009057)
continue (45500.0000000000000000 -0.0000000029016427)
continue (46000.0000000000000000 -0.0000000029023714)
continue (46500.0000000000000000 -0.0000000029030921)
continue (47000.0000000000000000 -0.0000000029038049)
continue (47500.0000000000000000 -0.0000000029045100)
continue (48000.0000000000000000 -0.0000000029052076)
continue (48500.0000000000000000 -0.0000000029058978)
continue (49000.0000000000000000 -0.0000000029065808)
continue (49500.0000000000000000 -0.0000000029072567)
continue (50000.0000000000000000 -0.0000000029079257)
continue (50500.0000000000000000 -0.0000000029085878)
continue (51000.0000000000000000 -0.0000000029092434)
continue (51500.0000000000000000 -0.0000000029098924)
continue (52000.0000000000000000 -0.0000000029105350)
continue (52500.0000000000000000 -0.0000000029111713)
continue (53000.0000000000000000 -0.0000000029118014)
continue (53500.0000000000000000 -0.0000000029124255)
continue (54000.0000000000000000 -0.0000000029130437)
continue (54500.0000000000000000 -0.0000000029136561)
continue (55000.0000000000000000 -0.0000000029142627)
continue (55500.0000000000000000 -0.0000000029148638)
continue (56000.0000000000000000 -0.0000000029154593)
continue (56500.0000000000000000 -0.0000000029160494)
continue (57000.0000000000000000 -0.0000000029166342)
continue (57500.0000000000000000 -0.0000000029172138)
continue (58000.0000000000000000 -0.0000000029177883)
continue (58500.0000000000000000 -0.0000000029183577)
continue (59000.0000000000000000 -0.0000000029189222)
continue (59500.0000000000000000 -0.0000000029194818)
continue (60000.0000000000000000 -0.0000000029200366)
continue (60500.0000000000000000 -0.0000000029205867)
continue (61000.0000000000000000 -0.0000000029211322)
continue (61500.0000000000000000 -0.0000000029216731)
continue (62000.0000000000000000 -0.0000000029222096)
continue (62500.0000000000000000 -0.0000000029227416)
continue (63000.0000000000000000 -0.0000000029232693)
continue (63500.0000000000000000 -0.0000000029237927)
continue (64000.0000000000000000 -0.0000000029243120)
continue (64500.0000000000000000 -0.0000000029248271)
continue (65000.0000000000000000 -0.0000000029253381)
continue (65500.0000000000000000 -0.0000000029258451)
continue (66000.0000000000000000 -0.0000000029263482)
continue (66500.0000000000000000 -0.0000000029268474)
continue (67000.0000000000000000 -0.0000000029273428)
continue (67500.0000000000000000 -0.0000000029278344)
continue (68000.0000000000000000 -0.0000000029283223)
continue (68500.0000000000000000 -0.0000000029288065)
continue (69000.0000000000000000 -0.0000000029292871)
continue (69500.0000000000000000 -0.0000000029297642)
continue (70000.0000000000000000 -0.0000000029302378)
continue (70500.0000000000000000 -0.0000000029307079)
continue (71000.0000000000000000 -0.0000000029311746)
continue (71500.0000000000000000 -0.0000000029316380)
continue (72000.0000000000000000 -0.0000000029320980)
continue (72500.0000000000000000 -0.0000000029325548)
continue (73000.0000000000000000 -0.0000000029330084)
continue (73500.0000000000000000 -0.0000000029334588)
continue (74000.0000000000000000 -0.0000000029339061)
continue (74500.0000000000000000 -0.0000000029343503)
continue (75245.0000000000000000 -0.0000000050000000)
continue (7354000.0000000000000000 -0.0000000050000000)
f(nu) = -20.6792704221769270 at 1.0000000000000000 Ryd
