# Faucher-Giguere 2019 
# z = 6.079458
# E [Ryd] log (J_nu)
interpolate (0.0000000100100000 -0.0000000050000000)
continue (0.0990000000000000 -0.0000000050000000)
continue (0.1000000000000000 -0.0000000019227411)
continue (0.1500000000000000 -0.0000000019308275)
continue (0.2000000000000000 -0.0000000019411923)
continue (0.2500000000000001 -0.0000000019655788)
continue (0.3000000000000000 -0.0000000019676022)
continue (0.3500000000000001 -0.0000000019681797)
continue (0.4000000000000001 -0.0000000019673395)
continue (0.4500000000000001 -0.0000000019680701)
continue (0.5000000000000001 -0.0000000019683144)
continue (0.5500000000000002 -0.0000000019697550)
continue (0.6000000000000002 -0.0000000019520879)
continue (0.6500000000000001 -0.0000000019403805)
continue (0.7000000000000002 -0.0000000019347951)
continue (0.7500000000000002 -0.0000000019810141)
continue (0.8000000000000002 -0.0000000019859446)
continue (0.8500000000000002 -0.0000000019978949)
continue (0.9000000000000002 -0.0000000020149660)
continue (0.9500000000000003 -0.0000000020455168)
continue (1.0100000000000000 -0.0000000021860828)
continue (1.0600000000000001 -0.0000000021937997)
continue (1.1100000000000001 -0.0000000021991531)
continue (1.1600000000000001 -0.0000000022102316)
continue (1.2100000000000002 -0.0000000022068932)
continue (1.2600000000000002 -0.0000000022094307)
continue (1.3100000000000003 -0.0000000022118254)
continue (1.3600000000000003 -0.0000000022132373)
continue (1.4100000000000004 -0.0000000022165235)
continue (1.4600000000000004 -0.0000000022177635)
continue (1.5100000000000005 -0.0000000022153864)
continue (1.5600000000000005 -0.0000000022169499)
continue (1.6100000000000005 -0.0000000022222397)
continue (1.6600000000000006 -0.0000000022226479)
continue (1.7100000000000006 -0.0000000022161565)
continue (1.7600000000000007 -0.0000000022167458)
continue (1.8100000000000007 -0.0000000022199538)
continue (1.8600000000000008 -0.0000000022243900)
continue (1.9100000000000008 -0.0000000022232622)
continue (1.9600000000000009 -0.0000000022299676)
continue (2.0000000000000000 -0.0000000022315363)
continue (2.0099999999999998 -0.0000000022268982)
continue (2.0199999999999996 -0.0000000022314485)
continue (2.0299999999999994 -0.0000000022350665)
continue (2.0399999999999991 -0.0000000022299660)
continue (2.0499999999999989 -0.0000000022319276)
continue (2.0599999999999987 -0.0000000022349121)
continue (2.0699999999999985 -0.0000000022325772)
continue (2.0799999999999983 -0.0000000022291965)
continue (2.0899999999999981 -0.0000000022340589)
continue (2.0999999999999979 -0.0000000022298075)
continue (2.1099999999999977 -0.0000000022319328)
continue (2.1199999999999974 -0.0000000022313125)
continue (2.1299999999999972 -0.0000000022305727)
continue (2.1399999999999970 -0.0000000022339875)
continue (2.1499999999999968 -0.0000000022317883)
continue (2.1599999999999966 -0.0000000022335311)
continue (2.1699999999999964 -0.0000000022394059)
continue (2.1799999999999962 -0.0000000022348961)
continue (2.1899999999999959 -0.0000000022343839)
continue (2.1999999999999957 -0.0000000022377793)
continue (2.2099999999999955 -0.0000000022348931)
continue (2.2199999999999953 -0.0000000022363670)
continue (2.2299999999999951 -0.0000000022414656)
continue (2.2399999999999949 -0.0000000022357562)
continue (2.2499999999999947 -0.0000000022384705)
continue (2.2599999999999945 -0.0000000022434703)
continue (2.2699999999999942 -0.0000000022399136)
continue (2.2799999999999940 -0.0000000022412002)
continue (2.2899999999999938 -0.0000000022468964)
continue (2.2999999999999936 -0.0000000022436292)
continue (2.3099999999999934 -0.0000000022454816)
continue (2.3199999999999932 -0.0000000022492627)
continue (2.3299999999999930 -0.0000000022433184)
continue (2.3399999999999928 -0.0000000022498025)
continue (2.3499999999999925 -0.0000000022504640)
continue (2.3599999999999923 -0.0000000022463579)
continue (2.3699999999999921 -0.0000000022532299)
continue (2.3799999999999919 -0.0000000022512800)
continue (2.3899999999999917 -0.0000000022483958)
continue (2.3999999999999915 -0.0000000022537285)
continue (2.4099999999999913 -0.0000000022483950)
continue (2.4199999999999910 -0.0000000022500786)
continue (2.4299999999999908 -0.0000000022494531)
continue (2.4399999999999906 -0.0000000022457013)
continue (2.4499999999999904 -0.0000000022512538)
continue (2.4599999999999902 -0.0000000022454292)
continue (2.4699999999999900 -0.0000000022507703)
continue (2.4799999999999898 -0.0000000022497499)
continue (2.4899999999999896 -0.0000000022510752)
continue (2.4999999999999893 -0.0000000022563542)
continue (2.5099999999999891 -0.0000000022498460)
continue (2.5199999999999889 -0.0000000022550671)
continue (2.5299999999999887 -0.0000000022488505)
continue (2.5399999999999885 -0.0000000022538903)
continue (2.5499999999999883 -0.0000000022534239)
continue (2.5599999999999881 -0.0000000022518900)
continue (2.5699999999999878 -0.0000000022520760)
continue (2.5799999999999876 -0.0000000022493932)
continue (2.5899999999999874 -0.0000000022498594)
continue (2.5999999999999872 -0.0000000022474230)
continue (2.6099999999999870 -0.0000000022494419)
continue (2.6199999999999868 -0.0000000022468393)
continue (2.6299999999999866 -0.0000000022458741)
continue (2.6399999999999864 -0.0000000022479443)
continue (2.6499999999999861 -0.0000000022464400)
continue (2.6599999999999859 -0.0000000022457154)
continue (2.6699999999999857 -0.0000000022433471)
continue (2.6799999999999855 -0.0000000022450193)
continue (2.6899999999999853 -0.0000000022445764)
continue (2.6999999999999851 -0.0000000022423497)
continue (2.7099999999999849 -0.0000000022435251)
continue (2.7199999999999847 -0.0000000022407157)
continue (2.7299999999999844 -0.0000000022402388)
continue (2.7399999999999842 -0.0000000022382337)
continue (2.7499999999999840 -0.0000000022374633)
continue (2.7599999999999838 -0.0000000022352457)
continue (2.7699999999999836 -0.0000000022347006)
continue (2.7799999999999834 -0.0000000022339361)
continue (2.7899999999999832 -0.0000000022325231)
continue (2.7999999999999829 -0.0000000022333480)
continue (2.8099999999999827 -0.0000000022313909)
continue (2.8199999999999825 -0.0000000022323918)
continue (2.8299999999999823 -0.0000000022306662)
continue (2.8399999999999821 -0.0000000022263083)
continue (2.8499999999999819 -0.0000000022281695)
continue (2.8599999999999817 -0.0000000022232880)
continue (2.8699999999999815 -0.0000000022242417)
continue (2.8799999999999812 -0.0000000022197097)
continue (2.8899999999999810 -0.0000000022203136)
continue (2.8999999999999808 -0.0000000022155004)
continue (2.9099999999999806 -0.0000000022169337)
continue (2.9199999999999804 -0.0000000022115839)
continue (2.9299999999999802 -0.0000000022119659)
continue (2.9399999999999800 -0.0000000022071705)
continue (2.9499999999999797 -0.0000000022081283)
continue (2.9599999999999795 -0.0000000022036861)
continue (2.9699999999999793 -0.0000000022040084)
continue (2.9799999999999791 -0.0000000021994150)
continue (2.9899999999999789 -0.0000000021995018)
continue (2.9999999999999787 -0.0000000022004995)
continue (3.0099999999999785 -0.0000000022719691)
continue (3.0199999999999783 -0.0000000022723052)
continue (3.0299999999999780 -0.0000000022701504)
continue (3.0399999999999778 -0.0000000022723023)
continue (3.0499999999999776 -0.0000000022708867)
continue (3.0599999999999774 -0.0000000022746677)
continue (3.0699999999999772 -0.0000000022718227)
continue (3.0799999999999770 -0.0000000022786072)
continue (3.0899999999999768 -0.0000000022741767)
continue (3.0999999999999766 -0.0000000022791261)
continue (3.1099999999999763 -0.0000000022720041)
continue (3.1199999999999761 -0.0000000022802873)
continue (3.1299999999999759 -0.0000000022703199)
continue (3.1399999999999757 -0.0000000022773479)
continue (3.1499999999999755 -0.0000000022710141)
continue (3.1599999999999753 -0.0000000022742319)
continue (3.1699999999999751 -0.0000000022730328)
continue (3.1799999999999748 -0.0000000022738855)
continue (3.1899999999999746 -0.0000000022748569)
continue (3.1999999999999744 -0.0000000022747831)
continue (3.2099999999999742 -0.0000000022752185)
continue (3.2199999999999740 -0.0000000022769659)
continue (3.2299999999999738 -0.0000000022767963)
continue (3.2399999999999736 -0.0000000022789905)
continue (3.2499999999999734 -0.0000000022805103)
continue (3.2599999999999731 -0.0000000022814403)
continue (3.2699999999999729 -0.0000000022858322)
continue (3.2799999999999727 -0.0000000022824067)
continue (3.2899999999999725 -0.0000000022851207)
continue (3.2999999999999723 -0.0000000022827334)
continue (3.3099999999999721 -0.0000000022851336)
continue (3.3199999999999719 -0.0000000022879289)
continue (3.3299999999999716 -0.0000000022900617)
continue (3.3399999999999714 -0.0000000022974521)
continue (3.3499999999999712 -0.0000000022964801)
continue (3.3599999999999710 -0.0000000023023133)
continue (3.3699999999999708 -0.0000000023027636)
continue (3.3799999999999706 -0.0000000023033510)
continue (3.3899999999999704 -0.0000000023063390)
continue (3.3999999999999702 -0.0000000023076059)
continue (3.4099999999999699 -0.0000000023112068)
continue (3.4199999999999697 -0.0000000023081460)
continue (3.4299999999999695 -0.0000000023136935)
continue (3.4399999999999693 -0.0000000023132557)
continue (3.4499999999999691 -0.0000000023132371)
continue (3.4599999999999689 -0.0000000023193250)
continue (3.4699999999999687 -0.0000000023143935)
continue (3.4799999999999685 -0.0000000023274345)
continue (3.4899999999999682 -0.0000000023235530)
continue (3.4999999999999680 -0.0000000023284084)
continue (3.5099999999999678 -0.0000000023477575)
continue (3.5199999999999676 -0.0000000023391401)
continue (3.5299999999999674 -0.0000000023521872)
continue (3.5399999999999672 -0.0000000023605195)
continue (3.5499999999999670 -0.0000000023655694)
continue (3.5599999999999667 -0.0000000023154888)
continue (3.5699999999999665 -0.0000000023114859)
continue (3.5799999999999663 -0.0000000023163424)
continue (3.5899999999999661 -0.0000000023110959)
continue (3.5999999999999659 -0.0000000023235836)
continue (3.6099999999999657 -0.0000000023264549)
continue (3.6199999999999655 -0.0000000023241913)
continue (3.6299999999999653 -0.0000000023396069)
continue (3.6399999999999650 -0.0000000023389730)
continue (3.6499999999999648 -0.0000000023438293)
continue (3.6599999999999646 -0.0000000023489365)
continue (3.6699999999999644 -0.0000000023499769)
continue (3.6799999999999642 -0.0000000023607064)
continue (3.6899999999999640 -0.0000000023638579)
continue (3.6999999999999638 -0.0000000023712978)
continue (3.7099999999999635 -0.0000000023712985)
continue (3.7199999999999633 -0.0000000023724682)
continue (3.7299999999999631 -0.0000000024101228)
continue (3.7399999999999629 -0.0000000024040860)
continue (3.7499999999999627 -0.0000000023904798)
continue (3.7599999999999625 -0.0000000023617745)
continue (3.7699999999999623 -0.0000000023850817)
continue (3.7799999999999621 -0.0000000023690942)
continue (3.7899999999999618 -0.0000000023868188)
continue (3.7999999999999616 -0.0000000024108303)
continue (3.8099999999999614 -0.0000000024007637)
continue (3.8199999999999612 -0.0000000024207993)
continue (3.8299999999999610 -0.0000000024401901)
continue (3.8399999999999608 -0.0000000024520963)
continue (3.8499999999999606 -0.0000000024169320)
continue (3.8599999999999604 -0.0000000024005493)
continue (3.8699999999999601 -0.0000000024266881)
continue (3.8799999999999599 -0.0000000024594664)
continue (3.8899999999999597 -0.0000000023814109)
continue (3.8999999999999595 -0.0000000023789071)
continue (3.9099999999999593 -0.0000000023875807)
continue (3.9199999999999591 -0.0000000023802585)
continue (3.9299999999999589 -0.0000000023845424)
continue (3.9399999999999586 -0.0000000023910492)
continue (3.9499999999999584 -0.0000000023756174)
continue (3.9599999999999582 -0.0000000023892315)
continue (3.9699999999999580 -0.0000000023878605)
continue (3.9799999999999578 -0.0000000023722673)
continue (3.9899999999999576 -0.0000000023974713)
continue (4.0099999999999998 -0.0000000024650510)
continue (4.5099999999999998 -0.0000000025953341)
continue (5.0099999999999998 -0.0000000026437839)
continue (5.5099999999999998 -0.0000000026357530)
continue (6.0099999999999998 -0.0000000026691189)
continue (6.5099999999999998 -0.0000000026446176)
continue (7.0099999999999998 -0.0000000026528059)
continue (7.5099999999999998 -0.0000000026718178)
continue (8.0099999999999998 -0.0000000026741923)
continue (8.5099999999999998 -0.0000000026746621)
continue (9.0099999999999998 -0.0000000026757297)
continue (9.5099999999999998 -0.0000000026755021)
continue (10.0000000000000000 -0.0000000026748406)
continue (10.0099999999999998 -0.0000000026748224)
continue (15.0000000000000000 -0.0000000026671774)
continue (20.0000000000000000 -0.0000000026556342)
continue (25.0000000000000000 -0.0000000026383745)
continue (30.0000000000000000 -0.0000000026296732)
continue (35.0000000000000000 -0.0000000026240100)
continue (40.0000000000000000 -0.0000000026206641)
continue (45.0000000000000000 -0.0000000026181714)
continue (50.0000000000000000 -0.0000000026152155)
continue (55.0000000000000000 -0.0000000026133207)
continue (60.0000000000000000 -0.0000000026121548)
continue (65.0000000000000000 -0.0000000026114821)
continue (70.0000000000000000 -0.0000000026111443)
continue (75.0000000000000000 -0.0000000026110355)
continue (80.0000000000000000 -0.0000000026110839)
continue (85.0000000000000000 -0.0000000026112409)
continue (90.0000000000000000 -0.0000000026114726)
continue (95.0000000000000000 -0.0000000026117558)
continue (100.0000000000000000 -0.0000000026120738)
continue (110.0000000000000000 -0.0000000026127712)
continue (120.0000000000000000 -0.0000000026135055)
continue (130.0000000000000000 -0.0000000026142462)
continue (140.0000000000000000 -0.0000000026149771)
continue (150.0000000000000000 -0.0000000026156902)
continue (160.0000000000000000 -0.0000000026163816)
continue (170.0000000000000000 -0.0000000026170498)
continue (180.0000000000000000 -0.0000000026176948)
continue (190.0000000000000000 -0.0000000026183171)
continue (200.0000000000000000 -0.0000000026189177)
continue (210.0000000000000000 -0.0000000026194976)
continue (220.0000000000000000 -0.0000000026200581)
continue (230.0000000000000000 -0.0000000026206003)
continue (240.0000000000000000 -0.0000000026211255)
continue (250.0000000000000000 -0.0000000026216346)
continue (260.0000000000000000 -0.0000000026221287)
continue (270.0000000000000000 -0.0000000026226087)
continue (280.0000000000000000 -0.0000000026230756)
continue (290.0000000000000000 -0.0000000026235301)
continue (300.0000000000000000 -0.0000000026239729)
continue (310.0000000000000000 -0.0000000026244048)
continue (320.0000000000000000 -0.0000000026248264)
continue (330.0000000000000000 -0.0000000026252382)
continue (340.0000000000000000 -0.0000000026256408)
continue (350.0000000000000000 -0.0000000026260348)
continue (360.0000000000000000 -0.0000000026264205)
continue (370.0000000000000000 -0.0000000026267985)
continue (380.0000000000000000 -0.0000000026271690)
continue (390.0000000000000000 -0.0000000026275325)
continue (400.0000000000000000 -0.0000000026278892)
continue (410.0000000000000000 -0.0000000026282396)
continue (420.0000000000000000 -0.0000000026285840)
continue (430.0000000000000000 -0.0000000026289225)
continue (440.0000000000000000 -0.0000000026292554)
continue (450.0000000000000000 -0.0000000026295831)
continue (460.0000000000000000 -0.0000000026299057)
continue (470.0000000000000000 -0.0000000026302234)
continue (480.0000000000000000 -0.0000000026305365)
continue (490.0000000000000000 -0.0000000026308451)
continue (500.0000000000000000 -0.0000000026311494)
continue (510.0000000000000000 -0.0000000026314496)
continue (520.0000000000000000 -0.0000000026317458)
continue (530.0000000000000000 -0.0000000026320381)
continue (540.0000000000000000 -0.0000000026323268)
continue (550.0000000000000000 -0.0000000026326120)
continue (560.0000000000000000 -0.0000000026328937)
continue (570.0000000000000000 -0.0000000026331721)
continue (580.0000000000000000 -0.0000000026334473)
continue (590.0000000000000000 -0.0000000026337195)
continue (600.0000000000000000 -0.0000000026339887)
continue (610.0000000000000000 -0.0000000026342550)
continue (620.0000000000000000 -0.0000000026345185)
continue (630.0000000000000000 -0.0000000026347793)
continue (640.0000000000000000 -0.0000000026350375)
continue (650.0000000000000000 -0.0000000026352931)
continue (660.0000000000000000 -0.0000000026355463)
continue (670.0000000000000000 -0.0000000026357971)
continue (680.0000000000000000 -0.0000000026360456)
continue (690.0000000000000000 -0.0000000026362919)
continue (700.0000000000000000 -0.0000000026365359)
continue (710.0000000000000000 -0.0000000026367779)
continue (720.0000000000000000 -0.0000000026370178)
continue (730.0000000000000000 -0.0000000026372557)
continue (740.0000000000000000 -0.0000000026374916)
continue (750.0000000000000000 -0.0000000026377256)
continue (760.0000000000000000 -0.0000000026379578)
continue (770.0000000000000000 -0.0000000026381882)
continue (780.0000000000000000 -0.0000000026384168)
continue (790.0000000000000000 -0.0000000026386437)
continue (800.0000000000000000 -0.0000000026388690)
continue (810.0000000000000000 -0.0000000026390926)
continue (820.0000000000000000 -0.0000000026393146)
continue (830.0000000000000000 -0.0000000026395351)
continue (840.0000000000000000 -0.0000000026397541)
continue (850.0000000000000000 -0.0000000026399716)
continue (860.0000000000000000 -0.0000000026401876)
continue (870.0000000000000000 -0.0000000026404023)
continue (880.0000000000000000 -0.0000000026406155)
continue (890.0000000000000000 -0.0000000026408275)
continue (900.0000000000000000 -0.0000000026410381)
continue (910.0000000000000000 -0.0000000026412474)
continue (920.0000000000000000 -0.0000000026414555)
continue (930.0000000000000000 -0.0000000026416623)
continue (940.0000000000000000 -0.0000000026418679)
continue (950.0000000000000000 -0.0000000026420724)
continue (960.0000000000000000 -0.0000000026422757)
continue (970.0000000000000000 -0.0000000026424779)
continue (980.0000000000000000 -0.0000000026426789)
continue (990.0000000000000000 -0.0000000026428789)
continue (1000.0000000000000000 -0.0000000026430778)
continue (1200.0000000000000000 -0.0000000026468613)
continue (1400.0000000000000000 -0.0000000026503510)
continue (1600.0000000000000000 -0.0000000026536254)
continue (1800.0000000000000000 -0.0000000026567354)
continue (2000.0000000000000000 -0.0000000026597156)
continue (2200.0000000000000000 -0.0000000026625907)
continue (2400.0000000000000000 -0.0000000026653790)
continue (2600.0000000000000000 -0.0000000026680942)
continue (2800.0000000000000000 -0.0000000026707473)
continue (3000.0000000000000000 -0.0000000026733468)
continue (3200.0000000000000000 -0.0000000026758994)
continue (3400.0000000000000000 -0.0000000026784110)
continue (3600.0000000000000000 -0.0000000026808861)
continue (3800.0000000000000000 -0.0000000026833286)
continue (4000.0000000000000000 -0.0000000026857419)
continue (4200.0000000000000000 -0.0000000026881287)
continue (4400.0000000000000000 -0.0000000026904916)
continue (4600.0000000000000000 -0.0000000026928326)
continue (4800.0000000000000000 -0.0000000026951533)
continue (5000.0000000000000000 -0.0000000026974553)
continue (5200.0000000000000000 -0.0000000026997395)
continue (5400.0000000000000000 -0.0000000027020065)
continue (5600.0000000000000000 -0.0000000027042560)
continue (5800.0000000000000000 -0.0000000027064869)
continue (6000.0000000000000000 -0.0000000027086964)
continue (6200.0000000000000000 -0.0000000027108798)
continue (6400.0000000000000000 -0.0000000027130294)
continue (6600.0000000000000000 -0.0000000027151337)
continue (6800.0000000000000000 -0.0000000027171773)
continue (7000.0000000000000000 -0.0000000027191597)
continue (7200.0000000000000000 -0.0000000027210858)
continue (7400.0000000000000000 -0.0000000027229586)
continue (7600.0000000000000000 -0.0000000027247811)
continue (7800.0000000000000000 -0.0000000027265558)
continue (8000.0000000000000000 -0.0000000027282852)
continue (8200.0000000000000000 -0.0000000027299715)
continue (8400.0000000000000000 -0.0000000027316169)
continue (8600.0000000000000000 -0.0000000027332231)
continue (8800.0000000000000000 -0.0000000027347921)
continue (9000.0000000000000000 -0.0000000027363255)
continue (9200.0000000000000000 -0.0000000027378249)
continue (9400.0000000000000000 -0.0000000027392917)
continue (9600.0000000000000000 -0.0000000027407274)
continue (9800.0000000000000000 -0.0000000027421331)
continue (10000.0000000000000000 -0.0000000027435102)
continue (10200.0000000000000000 -0.0000000027448598)
continue (10400.0000000000000000 -0.0000000027461829)
continue (10600.0000000000000000 -0.0000000027474805)
continue (10800.0000000000000000 -0.0000000027487536)
continue (11000.0000000000000000 -0.0000000027500031)
continue (11500.0000000000000000 -0.0000000027530292)
continue (12000.0000000000000000 -0.0000000027559251)
continue (12500.0000000000000000 -0.0000000027587015)
continue (13000.0000000000000000 -0.0000000027613678)
continue (13500.0000000000000000 -0.0000000027639324)
continue (14000.0000000000000000 -0.0000000027664026)
continue (14500.0000000000000000 -0.0000000027687851)
continue (15000.0000000000000000 -0.0000000027710859)
continue (15500.0000000000000000 -0.0000000027733104)
continue (16000.0000000000000000 -0.0000000027754634)
continue (16500.0000000000000000 -0.0000000027775493)
continue (17000.0000000000000000 -0.0000000027795722)
continue (17500.0000000000000000 -0.0000000027815357)
continue (18000.0000000000000000 -0.0000000027834431)
continue (18500.0000000000000000 -0.0000000027852976)
continue (19000.0000000000000000 -0.0000000027871020)
continue (19500.0000000000000000 -0.0000000027888589)
continue (20000.0000000000000000 -0.0000000027905707)
continue (20500.0000000000000000 -0.0000000027922397)
continue (21000.0000000000000000 -0.0000000027938679)
continue (21500.0000000000000000 -0.0000000027954572)
continue (22000.0000000000000000 -0.0000000027970095)
continue (22500.0000000000000000 -0.0000000027985264)
continue (23000.0000000000000000 -0.0000000028000095)
continue (23500.0000000000000000 -0.0000000028014602)
continue (24000.0000000000000000 -0.0000000028028799)
continue (24500.0000000000000000 -0.0000000028042699)
continue (25000.0000000000000000 -0.0000000028056314)
continue (25500.0000000000000000 -0.0000000028069656)
continue (26000.0000000000000000 -0.0000000028082734)
continue (26500.0000000000000000 -0.0000000028095559)
continue (27000.0000000000000000 -0.0000000028108141)
continue (27500.0000000000000000 -0.0000000028120488)
continue (28000.0000000000000000 -0.0000000028132609)
continue (28500.0000000000000000 -0.0000000028144513)
continue (29000.0000000000000000 -0.0000000028156205)
continue (29500.0000000000000000 -0.0000000028167695)
continue (30000.0000000000000000 -0.0000000028178989)
continue (30500.0000000000000000 -0.0000000028190092)
continue (31000.0000000000000000 -0.0000000028201012)
continue (31500.0000000000000000 -0.0000000028211755)
continue (32000.0000000000000000 -0.0000000028222325)
continue (32500.0000000000000000 -0.0000000028232729)
continue (33000.0000000000000000 -0.0000000028242971)
continue (33500.0000000000000000 -0.0000000028253057)
continue (34000.0000000000000000 -0.0000000028262990)
continue (34500.0000000000000000 -0.0000000028272776)
continue (35000.0000000000000000 -0.0000000028282419)
continue (35500.0000000000000000 -0.0000000028291922)
continue (36000.0000000000000000 -0.0000000028301290)
continue (36500.0000000000000000 -0.0000000028310527)
continue (37000.0000000000000000 -0.0000000028319635)
continue (37500.0000000000000000 -0.0000000028328619)
continue (38000.0000000000000000 -0.0000000028337482)
continue (38500.0000000000000000 -0.0000000028346227)
continue (39000.0000000000000000 -0.0000000028354857)
continue (39500.0000000000000000 -0.0000000028363375)
continue (40000.0000000000000000 -0.0000000028371784)
continue (40500.0000000000000000 -0.0000000028380087)
continue (41000.0000000000000000 -0.0000000028388285)
continue (41500.0000000000000000 -0.0000000028396383)
continue (42000.0000000000000000 -0.0000000028404381)
continue (42500.0000000000000000 -0.0000000028412283)
continue (43000.0000000000000000 -0.0000000028420091)
continue (43500.0000000000000000 -0.0000000028427807)
continue (44000.0000000000000000 -0.0000000028435433)
continue (44500.0000000000000000 -0.0000000028442971)
continue (45000.0000000000000000 -0.0000000028450423)
continue (45500.0000000000000000 -0.0000000028457791)
continue (46000.0000000000000000 -0.0000000028465077)
continue (46500.0000000000000000 -0.0000000028472283)
continue (47000.0000000000000000 -0.0000000028479410)
continue (47500.0000000000000000 -0.0000000028486460)
continue (48000.0000000000000000 -0.0000000028493435)
continue (48500.0000000000000000 -0.0000000028500336)
continue (49000.0000000000000000 -0.0000000028507165)
continue (49500.0000000000000000 -0.0000000028513923)
continue (50000.0000000000000000 -0.0000000028520612)
continue (50500.0000000000000000 -0.0000000028527233)
continue (51000.0000000000000000 -0.0000000028533787)
continue (51500.0000000000000000 -0.0000000028540276)
continue (52000.0000000000000000 -0.0000000028546701)
continue (52500.0000000000000000 -0.0000000028553063)
continue (53000.0000000000000000 -0.0000000028559364)
continue (53500.0000000000000000 -0.0000000028565604)
continue (54000.0000000000000000 -0.0000000028571785)
continue (54500.0000000000000000 -0.0000000028577907)
continue (55000.0000000000000000 -0.0000000028583973)
continue (55500.0000000000000000 -0.0000000028589982)
continue (56000.0000000000000000 -0.0000000028595937)
continue (56500.0000000000000000 -0.0000000028601837)
continue (57000.0000000000000000 -0.0000000028607684)
continue (57500.0000000000000000 -0.0000000028613479)
continue (58000.0000000000000000 -0.0000000028619223)
continue (58500.0000000000000000 -0.0000000028624916)
continue (59000.0000000000000000 -0.0000000028630560)
continue (59500.0000000000000000 -0.0000000028636155)
continue (60000.0000000000000000 -0.0000000028641702)
continue (60500.0000000000000000 -0.0000000028647202)
continue (61000.0000000000000000 -0.0000000028652656)
continue (61500.0000000000000000 -0.0000000028658065)
continue (62000.0000000000000000 -0.0000000028663428)
continue (62500.0000000000000000 -0.0000000028668748)
continue (63000.0000000000000000 -0.0000000028674024)
continue (63500.0000000000000000 -0.0000000028679257)
continue (64000.0000000000000000 -0.0000000028684449)
continue (64500.0000000000000000 -0.0000000028689599)
continue (65000.0000000000000000 -0.0000000028694708)
continue (65500.0000000000000000 -0.0000000028699778)
continue (66000.0000000000000000 -0.0000000028704808)
continue (66500.0000000000000000 -0.0000000028709799)
continue (67000.0000000000000000 -0.0000000028714752)
continue (67500.0000000000000000 -0.0000000028719667)
continue (68000.0000000000000000 -0.0000000028724545)
continue (68500.0000000000000000 -0.0000000028729386)
continue (69000.0000000000000000 -0.0000000028734192)
continue (69500.0000000000000000 -0.0000000028738962)
continue (70000.0000000000000000 -0.0000000028743696)
continue (70500.0000000000000000 -0.0000000028748397)
continue (71000.0000000000000000 -0.0000000028753063)
continue (71500.0000000000000000 -0.0000000028757696)
continue (72000.0000000000000000 -0.0000000028762296)
continue (72500.0000000000000000 -0.0000000028766863)
continue (73000.0000000000000000 -0.0000000028771398)
continue (73500.0000000000000000 -0.0000000028775901)
continue (74000.0000000000000000 -0.0000000028780373)
continue (74500.0000000000000000 -0.0000000028784814)
continue (75245.0000000000000000 -0.0000000050000000)
continue (7354000.0000000000000000 -0.0000000050000000)
f(nu) = -20.5332385374452677 at 1.0000000000000000 Ryd
