# Faucher-Giguere 2019 
# z = 0.778279
# E [Ryd] log (J_nu)
interpolate (0.0000000100100000 -0.0000000050000000)
continue (0.0990000000000000 -0.0000000050000000)
continue (0.1000000000000000 -0.0000000019240496)
continue (0.1500000000000000 -0.0000000019396377)
continue (0.2000000000000000 -0.0000000019510642)
continue (0.2500000000000001 -0.0000000019577638)
continue (0.3000000000000000 -0.0000000019592828)
continue (0.3500000000000001 -0.0000000019610772)
continue (0.4000000000000001 -0.0000000019645219)
continue (0.4500000000000001 -0.0000000019685211)
continue (0.5000000000000001 -0.0000000019743114)
continue (0.5500000000000002 -0.0000000019814366)
continue (0.6000000000000002 -0.0000000019891652)
continue (0.6500000000000001 -0.0000000019971026)
continue (0.7000000000000002 -0.0000000020064790)
continue (0.7500000000000002 -0.0000000020378308)
continue (0.8000000000000002 -0.0000000020543148)
continue (0.8500000000000002 -0.0000000020642078)
continue (0.9000000000000002 -0.0000000020866100)
continue (0.9500000000000003 -0.0000000021185865)
continue (1.0100000000000000 -0.0000000021757235)
continue (1.0600000000000001 -0.0000000021796198)
continue (1.1100000000000001 -0.0000000021831699)
continue (1.1600000000000001 -0.0000000021866107)
continue (1.2100000000000002 -0.0000000021896066)
continue (1.2600000000000002 -0.0000000021926595)
continue (1.3100000000000003 -0.0000000021956495)
continue (1.3600000000000003 -0.0000000021982743)
continue (1.4100000000000004 -0.0000000022011045)
continue (1.4600000000000004 -0.0000000022036747)
continue (1.5100000000000005 -0.0000000022062646)
continue (1.5600000000000005 -0.0000000022088685)
continue (1.6100000000000005 -0.0000000022110385)
continue (1.6600000000000006 -0.0000000022132357)
continue (1.7100000000000006 -0.0000000022151884)
continue (1.7600000000000007 -0.0000000022173962)
continue (1.8100000000000007 -0.0000000022192630)
continue (1.8600000000000008 -0.0000000022212370)
continue (1.9100000000000008 -0.0000000022231410)
continue (1.9600000000000009 -0.0000000022249485)
continue (2.0000000000000000 -0.0000000022264746)
continue (2.0099999999999998 -0.0000000022270121)
continue (2.0199999999999996 -0.0000000022274627)
continue (2.0299999999999994 -0.0000000022278588)
continue (2.0399999999999991 -0.0000000022280164)
continue (2.0499999999999989 -0.0000000022285117)
continue (2.0599999999999987 -0.0000000022289409)
continue (2.0699999999999985 -0.0000000022291725)
continue (2.0799999999999983 -0.0000000022296447)
continue (2.0899999999999981 -0.0000000022301564)
continue (2.0999999999999979 -0.0000000022304902)
continue (2.1099999999999977 -0.0000000022310045)
continue (2.1199999999999974 -0.0000000022311413)
continue (2.1299999999999972 -0.0000000022313964)
continue (2.1399999999999970 -0.0000000022318158)
continue (2.1499999999999968 -0.0000000022321444)
continue (2.1599999999999966 -0.0000000022324040)
continue (2.1699999999999964 -0.0000000022327139)
continue (2.1799999999999962 -0.0000000022330438)
continue (2.1899999999999959 -0.0000000022335429)
continue (2.1999999999999957 -0.0000000022335156)
continue (2.2099999999999955 -0.0000000022339302)
continue (2.2199999999999953 -0.0000000022342826)
continue (2.2299999999999951 -0.0000000022348041)
continue (2.2399999999999949 -0.0000000022352081)
continue (2.2499999999999947 -0.0000000022352406)
continue (2.2599999999999945 -0.0000000022354860)
continue (2.2699999999999942 -0.0000000022360853)
continue (2.2799999999999940 -0.0000000022364415)
continue (2.2899999999999938 -0.0000000022367978)
continue (2.2999999999999936 -0.0000000022370566)
continue (2.3099999999999934 -0.0000000022372456)
continue (2.3199999999999932 -0.0000000022376418)
continue (2.3299999999999930 -0.0000000022381750)
continue (2.3399999999999928 -0.0000000022384224)
continue (2.3499999999999925 -0.0000000022387151)
continue (2.3599999999999923 -0.0000000022389775)
continue (2.3699999999999921 -0.0000000022392743)
continue (2.3799999999999919 -0.0000000022398714)
continue (2.3899999999999917 -0.0000000022402689)
continue (2.3999999999999915 -0.0000000022403027)
continue (2.4099999999999913 -0.0000000022406442)
continue (2.4199999999999910 -0.0000000022411032)
continue (2.4299999999999908 -0.0000000022414756)
continue (2.4399999999999906 -0.0000000022419170)
continue (2.4499999999999904 -0.0000000022420453)
continue (2.4599999999999902 -0.0000000022424324)
continue (2.4699999999999900 -0.0000000022428368)
continue (2.4799999999999898 -0.0000000022432013)
continue (2.4899999999999896 -0.0000000022437027)
continue (2.4999999999999893 -0.0000000022441631)
continue (2.5099999999999891 -0.0000000022442296)
continue (2.5199999999999889 -0.0000000022445848)
continue (2.5299999999999887 -0.0000000022449754)
continue (2.5399999999999885 -0.0000000022454905)
continue (2.5499999999999883 -0.0000000022460213)
continue (2.5599999999999881 -0.0000000022464021)
continue (2.5699999999999878 -0.0000000022463358)
continue (2.5799999999999876 -0.0000000022469260)
continue (2.5899999999999874 -0.0000000022474053)
continue (2.5999999999999872 -0.0000000022478487)
continue (2.6099999999999870 -0.0000000022482478)
continue (2.6199999999999868 -0.0000000022485493)
continue (2.6299999999999866 -0.0000000022489316)
continue (2.6399999999999864 -0.0000000022494062)
continue (2.6499999999999861 -0.0000000022497110)
continue (2.6599999999999859 -0.0000000022500887)
continue (2.6699999999999857 -0.0000000022504114)
continue (2.6799999999999855 -0.0000000022508562)
continue (2.6899999999999853 -0.0000000022514212)
continue (2.6999999999999851 -0.0000000022517170)
continue (2.7099999999999849 -0.0000000022521092)
continue (2.7199999999999847 -0.0000000022524178)
continue (2.7299999999999844 -0.0000000022527875)
continue (2.7399999999999842 -0.0000000022533387)
continue (2.7499999999999840 -0.0000000022538318)
continue (2.7599999999999838 -0.0000000022543450)
continue (2.7699999999999836 -0.0000000022544368)
continue (2.7799999999999834 -0.0000000022548250)
continue (2.7899999999999832 -0.0000000022554224)
continue (2.7999999999999829 -0.0000000022557685)
continue (2.8099999999999827 -0.0000000022562549)
continue (2.8199999999999825 -0.0000000022568037)
continue (2.8299999999999823 -0.0000000022570889)
continue (2.8399999999999821 -0.0000000022575400)
continue (2.8499999999999819 -0.0000000022580557)
continue (2.8599999999999817 -0.0000000022583103)
continue (2.8699999999999815 -0.0000000022586979)
continue (2.8799999999999812 -0.0000000022593463)
continue (2.8899999999999810 -0.0000000022595052)
continue (2.8999999999999808 -0.0000000022600154)
continue (2.9099999999999806 -0.0000000022607970)
continue (2.9199999999999804 -0.0000000022609583)
continue (2.9299999999999802 -0.0000000022612714)
continue (2.9399999999999800 -0.0000000022617503)
continue (2.9499999999999797 -0.0000000022621508)
continue (2.9599999999999795 -0.0000000022625075)
continue (2.9699999999999793 -0.0000000022631365)
continue (2.9799999999999791 -0.0000000022637804)
continue (2.9899999999999789 -0.0000000022641877)
continue (2.9999999999999787 -0.0000000022646326)
continue (3.0099999999999785 -0.0000000022837119)
continue (3.0199999999999783 -0.0000000022843026)
continue (3.0299999999999780 -0.0000000022847430)
continue (3.0399999999999778 -0.0000000022854992)
continue (3.0499999999999776 -0.0000000022859529)
continue (3.0599999999999774 -0.0000000022863554)
continue (3.0699999999999772 -0.0000000022867387)
continue (3.0799999999999770 -0.0000000022868985)
continue (3.0899999999999768 -0.0000000022875632)
continue (3.0999999999999766 -0.0000000022880266)
continue (3.1099999999999763 -0.0000000022887163)
continue (3.1199999999999761 -0.0000000022891711)
continue (3.1299999999999759 -0.0000000022895970)
continue (3.1399999999999757 -0.0000000022899308)
continue (3.1499999999999755 -0.0000000022901629)
continue (3.1599999999999753 -0.0000000022906101)
continue (3.1699999999999751 -0.0000000022912733)
continue (3.1799999999999748 -0.0000000022919922)
continue (3.1899999999999746 -0.0000000022924406)
continue (3.1999999999999744 -0.0000000022928745)
continue (3.2099999999999742 -0.0000000022932815)
continue (3.2199999999999740 -0.0000000022934449)
continue (3.2299999999999738 -0.0000000022940138)
continue (3.2399999999999736 -0.0000000022943830)
continue (3.2499999999999734 -0.0000000022949086)
continue (3.2599999999999731 -0.0000000022957064)
continue (3.2699999999999729 -0.0000000022962156)
continue (3.2799999999999727 -0.0000000022966404)
continue (3.2899999999999725 -0.0000000022970007)
continue (3.2999999999999723 -0.0000000022972001)
continue (3.3099999999999721 -0.0000000022977079)
continue (3.3199999999999719 -0.0000000022980631)
continue (3.3299999999999716 -0.0000000022985826)
continue (3.3399999999999714 -0.0000000022994213)
continue (3.3499999999999712 -0.0000000022999211)
continue (3.3599999999999710 -0.0000000023003216)
continue (3.3699999999999708 -0.0000000023007372)
continue (3.3799999999999706 -0.0000000023010113)
continue (3.3899999999999704 -0.0000000023014929)
continue (3.3999999999999702 -0.0000000023016569)
continue (3.4099999999999699 -0.0000000023022370)
continue (3.4199999999999697 -0.0000000023030847)
continue (3.4299999999999695 -0.0000000023035640)
continue (3.4399999999999693 -0.0000000023040335)
continue (3.4499999999999691 -0.0000000023044213)
continue (3.4599999999999689 -0.0000000023049328)
continue (3.4699999999999687 -0.0000000023054468)
continue (3.4799999999999685 -0.0000000023054131)
continue (3.4899999999999682 -0.0000000023059793)
continue (3.4999999999999680 -0.0000000023065979)
continue (3.5099999999999678 -0.0000000023071301)
continue (3.5199999999999676 -0.0000000023076923)
continue (3.5299999999999674 -0.0000000023080752)
continue (3.5399999999999672 -0.0000000023084842)
continue (3.5499999999999670 -0.0000000023089983)
continue (3.5599999999999667 -0.0000000023082296)
continue (3.5699999999999665 -0.0000000023079074)
continue (3.5799999999999663 -0.0000000023080552)
continue (3.5899999999999661 -0.0000000023087613)
continue (3.5999999999999659 -0.0000000023089139)
continue (3.6099999999999657 -0.0000000023096328)
continue (3.6199999999999655 -0.0000000023097560)
continue (3.6299999999999653 -0.0000000023104313)
continue (3.6399999999999650 -0.0000000023105925)
continue (3.6499999999999648 -0.0000000023112520)
continue (3.6599999999999646 -0.0000000023114083)
continue (3.6699999999999644 -0.0000000023120712)
continue (3.6799999999999642 -0.0000000023122154)
continue (3.6899999999999640 -0.0000000023122287)
continue (3.6999999999999638 -0.0000000023129995)
continue (3.7099999999999635 -0.0000000023129863)
continue (3.7199999999999633 -0.0000000023137784)
continue (3.7299999999999631 -0.0000000023137355)
continue (3.7399999999999629 -0.0000000023145328)
continue (3.7499999999999627 -0.0000000023144483)
continue (3.7599999999999625 -0.0000000023145892)
continue (3.7699999999999623 -0.0000000023144895)
continue (3.7799999999999621 -0.0000000023153122)
continue (3.7899999999999618 -0.0000000023151740)
continue (3.7999999999999616 -0.0000000023160231)
continue (3.8099999999999614 -0.0000000023158343)
continue (3.8199999999999612 -0.0000000023166963)
continue (3.8299999999999610 -0.0000000023164696)
continue (3.8399999999999608 -0.0000000023173430)
continue (3.8499999999999606 -0.0000000023166350)
continue (3.8599999999999604 -0.0000000023175343)
continue (3.8699999999999601 -0.0000000023172077)
continue (3.8799999999999599 -0.0000000023181404)
continue (3.8899999999999597 -0.0000000023185937)
continue (3.8999999999999595 -0.0000000023184017)
continue (3.9099999999999593 -0.0000000023192937)
continue (3.9199999999999591 -0.0000000023189319)
continue (3.9299999999999589 -0.0000000023198562)
continue (3.9399999999999586 -0.0000000023194242)
continue (3.9499999999999584 -0.0000000023203782)
continue (3.9599999999999582 -0.0000000023198682)
continue (3.9699999999999580 -0.0000000023208598)
continue (3.9799999999999578 -0.0000000023202882)
continue (3.9899999999999576 -0.0000000023213270)
continue (4.0099999999999998 -0.0000000023217551)
continue (4.5099999999999998 -0.0000000023413604)
continue (5.0099999999999998 -0.0000000023476289)
continue (5.5099999999999998 -0.0000000023532554)
continue (6.0099999999999998 -0.0000000023585926)
continue (6.5099999999999998 -0.0000000023636239)
continue (7.0099999999999998 -0.0000000023683659)
continue (7.5099999999999998 -0.0000000023728159)
continue (8.0099999999999998 -0.0000000023769984)
continue (8.5099999999999998 -0.0000000023809461)
continue (9.0099999999999998 -0.0000000023846774)
continue (9.5099999999999998 -0.0000000023882055)
continue (10.0000000000000000 -0.0000000023914716)
continue (10.0099999999999998 -0.0000000023915362)
continue (15.0000000000000000 -0.0000000024137751)
continue (20.0000000000000000 -0.0000000024219955)
continue (25.0000000000000000 -0.0000000024276547)
continue (30.0000000000000000 -0.0000000024320238)
continue (35.0000000000000000 -0.0000000024350531)
continue (40.0000000000000000 -0.0000000024370643)
continue (45.0000000000000000 -0.0000000024384366)
continue (50.0000000000000000 -0.0000000024395154)
continue (55.0000000000000000 -0.0000000024405174)
continue (60.0000000000000000 -0.0000000024414514)
continue (65.0000000000000000 -0.0000000024423248)
continue (70.0000000000000000 -0.0000000024431441)
continue (75.0000000000000000 -0.0000000024439154)
continue (80.0000000000000000 -0.0000000024446441)
continue (85.0000000000000000 -0.0000000024453346)
continue (90.0000000000000000 -0.0000000024459909)
continue (95.0000000000000000 -0.0000000024466164)
continue (100.0000000000000000 -0.0000000024472141)
continue (110.0000000000000000 -0.0000000024483359)
continue (120.0000000000000000 -0.0000000024493732)
continue (130.0000000000000000 -0.0000000024503391)
continue (140.0000000000000000 -0.0000000024512439)
continue (150.0000000000000000 -0.0000000024520960)
continue (160.0000000000000000 -0.0000000024529020)
continue (170.0000000000000000 -0.0000000024536675)
continue (180.0000000000000000 -0.0000000024543970)
continue (190.0000000000000000 -0.0000000024550944)
continue (200.0000000000000000 -0.0000000024557630)
continue (210.0000000000000000 -0.0000000024564055)
continue (220.0000000000000000 -0.0000000024570244)
continue (230.0000000000000000 -0.0000000024576218)
continue (240.0000000000000000 -0.0000000024581995)
continue (250.0000000000000000 -0.0000000024587590)
continue (260.0000000000000000 -0.0000000024593019)
continue (270.0000000000000000 -0.0000000024598293)
continue (280.0000000000000000 -0.0000000024603424)
continue (290.0000000000000000 -0.0000000024608422)
continue (300.0000000000000000 -0.0000000024613296)
continue (310.0000000000000000 -0.0000000024618053)
continue (320.0000000000000000 -0.0000000024622702)
continue (330.0000000000000000 -0.0000000024627249)
continue (340.0000000000000000 -0.0000000024631700)
continue (350.0000000000000000 -0.0000000024636060)
continue (360.0000000000000000 -0.0000000024640335)
continue (370.0000000000000000 -0.0000000024644530)
continue (380.0000000000000000 -0.0000000024648648)
continue (390.0000000000000000 -0.0000000024652693)
continue (400.0000000000000000 -0.0000000024656670)
continue (410.0000000000000000 -0.0000000024660581)
continue (420.0000000000000000 -0.0000000024664430)
continue (430.0000000000000000 -0.0000000024668219)
continue (440.0000000000000000 -0.0000000024671952)
continue (450.0000000000000000 -0.0000000024675631)
continue (460.0000000000000000 -0.0000000024679258)
continue (470.0000000000000000 -0.0000000024682835)
continue (480.0000000000000000 -0.0000000024686365)
continue (490.0000000000000000 -0.0000000024689850)
continue (500.0000000000000000 -0.0000000024693290)
continue (510.0000000000000000 -0.0000000024696689)
continue (520.0000000000000000 -0.0000000024700048)
continue (530.0000000000000000 -0.0000000024703367)
continue (540.0000000000000000 -0.0000000024706649)
continue (550.0000000000000000 -0.0000000024709895)
continue (560.0000000000000000 -0.0000000024713107)
continue (570.0000000000000000 -0.0000000024716285)
continue (580.0000000000000000 -0.0000000024719430)
continue (590.0000000000000000 -0.0000000024722544)
continue (600.0000000000000000 -0.0000000024725628)
continue (610.0000000000000000 -0.0000000024728683)
continue (620.0000000000000000 -0.0000000024731710)
continue (630.0000000000000000 -0.0000000024734709)
continue (640.0000000000000000 -0.0000000024737681)
continue (650.0000000000000000 -0.0000000024740628)
continue (660.0000000000000000 -0.0000000024743550)
continue (670.0000000000000000 -0.0000000024746447)
continue (680.0000000000000000 -0.0000000024749321)
continue (690.0000000000000000 -0.0000000024752173)
continue (700.0000000000000000 -0.0000000024755002)
continue (710.0000000000000000 -0.0000000024757809)
continue (720.0000000000000000 -0.0000000024760596)
continue (730.0000000000000000 -0.0000000024763362)
continue (740.0000000000000000 -0.0000000024766109)
continue (750.0000000000000000 -0.0000000024768836)
continue (760.0000000000000000 -0.0000000024771544)
continue (770.0000000000000000 -0.0000000024774234)
continue (780.0000000000000000 -0.0000000024776906)
continue (790.0000000000000000 -0.0000000024779561)
continue (800.0000000000000000 -0.0000000024782198)
continue (810.0000000000000000 -0.0000000024784820)
continue (820.0000000000000000 -0.0000000024787425)
continue (830.0000000000000000 -0.0000000024790014)
continue (840.0000000000000000 -0.0000000024792588)
continue (850.0000000000000000 -0.0000000024795146)
continue (860.0000000000000000 -0.0000000024797690)
continue (870.0000000000000000 -0.0000000024800220)
continue (880.0000000000000000 -0.0000000024802736)
continue (890.0000000000000000 -0.0000000024805238)
continue (900.0000000000000000 -0.0000000024807726)
continue (910.0000000000000000 -0.0000000024810201)
continue (920.0000000000000000 -0.0000000024812664)
continue (930.0000000000000000 -0.0000000024815114)
continue (940.0000000000000000 -0.0000000024817551)
continue (950.0000000000000000 -0.0000000024819977)
continue (960.0000000000000000 -0.0000000024822390)
continue (970.0000000000000000 -0.0000000024824792)
continue (980.0000000000000000 -0.0000000024827183)
continue (990.0000000000000000 -0.0000000024829563)
continue (1000.0000000000000000 -0.0000000024831931)
continue (1200.0000000000000000 -0.0000000024877301)
continue (1400.0000000000000000 -0.0000000024919628)
continue (1600.0000000000000000 -0.0000000024959703)
continue (1800.0000000000000000 -0.0000000024998033)
continue (2000.0000000000000000 -0.0000000025034967)
continue (2200.0000000000000000 -0.0000000025070749)
continue (2400.0000000000000000 -0.0000000025105559)
continue (2600.0000000000000000 -0.0000000025139524)
continue (2800.0000000000000000 -0.0000000025172739)
continue (3000.0000000000000000 -0.0000000025205269)
continue (3200.0000000000000000 -0.0000000025237158)
continue (3400.0000000000000000 -0.0000000025268434)
continue (3600.0000000000000000 -0.0000000025299111)
continue (3800.0000000000000000 -0.0000000025329191)
continue (4000.0000000000000000 -0.0000000025358673)
continue (4200.0000000000000000 -0.0000000025387545)
continue (4400.0000000000000000 -0.0000000025415798)
continue (4600.0000000000000000 -0.0000000025443417)
continue (4800.0000000000000000 -0.0000000025470390)
continue (5000.0000000000000000 -0.0000000025496705)
continue (5200.0000000000000000 -0.0000000025522352)
continue (5400.0000000000000000 -0.0000000025547326)
continue (5600.0000000000000000 -0.0000000025571626)
continue (5800.0000000000000000 -0.0000000025595249)
continue (6000.0000000000000000 -0.0000000025618204)
continue (6200.0000000000000000 -0.0000000025640495)
continue (6400.0000000000000000 -0.0000000025662134)
continue (6600.0000000000000000 -0.0000000025683134)
continue (6800.0000000000000000 -0.0000000025703509)
continue (7000.0000000000000000 -0.0000000025723285)
continue (7200.0000000000000000 -0.0000000025742499)
continue (7400.0000000000000000 -0.0000000025761181)
continue (7600.0000000000000000 -0.0000000025779360)
continue (7800.0000000000000000 -0.0000000025797062)
continue (8000.0000000000000000 -0.0000000025814312)
continue (8200.0000000000000000 -0.0000000025831131)
continue (8400.0000000000000000 -0.0000000025847541)
continue (8600.0000000000000000 -0.0000000025863560)
continue (8800.0000000000000000 -0.0000000025879208)
continue (9000.0000000000000000 -0.0000000025894500)
continue (9200.0000000000000000 -0.0000000025909452)
continue (9400.0000000000000000 -0.0000000025924080)
continue (9600.0000000000000000 -0.0000000025938396)
continue (9800.0000000000000000 -0.0000000025952414)
continue (10000.0000000000000000 -0.0000000025966145)
continue (10200.0000000000000000 -0.0000000025979601)
continue (10400.0000000000000000 -0.0000000025992793)
continue (10600.0000000000000000 -0.0000000026005731)
continue (10800.0000000000000000 -0.0000000026018424)
continue (11000.0000000000000000 -0.0000000026030882)
continue (11500.0000000000000000 -0.0000000026061050)
continue (12000.0000000000000000 -0.0000000026089918)
continue (12500.0000000000000000 -0.0000000026117594)
continue (13000.0000000000000000 -0.0000000026144170)
continue (13500.0000000000000000 -0.0000000026169731)
continue (14000.0000000000000000 -0.0000000026194350)
continue (14500.0000000000000000 -0.0000000026218094)
continue (15000.0000000000000000 -0.0000000026241022)
continue (15500.0000000000000000 -0.0000000026263189)
continue (16000.0000000000000000 -0.0000000026284641)
continue (16500.0000000000000000 -0.0000000026305424)
continue (17000.0000000000000000 -0.0000000026325578)
continue (17500.0000000000000000 -0.0000000026345140)
continue (18000.0000000000000000 -0.0000000026364142)
continue (18500.0000000000000000 -0.0000000026382616)
continue (19000.0000000000000000 -0.0000000026400589)
continue (19500.0000000000000000 -0.0000000026418089)
continue (20000.0000000000000000 -0.0000000026435139)
continue (20500.0000000000000000 -0.0000000026451761)
continue (21000.0000000000000000 -0.0000000026467977)
continue (21500.0000000000000000 -0.0000000026483805)
continue (22000.0000000000000000 -0.0000000026499263)
continue (22500.0000000000000000 -0.0000000026514368)
continue (23000.0000000000000000 -0.0000000026529136)
continue (23500.0000000000000000 -0.0000000026543580)
continue (24000.0000000000000000 -0.0000000026557716)
continue (24500.0000000000000000 -0.0000000026571555)
continue (25000.0000000000000000 -0.0000000026585110)
continue (25500.0000000000000000 -0.0000000026598392)
continue (26000.0000000000000000 -0.0000000026611411)
continue (26500.0000000000000000 -0.0000000026624178)
continue (27000.0000000000000000 -0.0000000026636702)
continue (27500.0000000000000000 -0.0000000026648992)
continue (28000.0000000000000000 -0.0000000026661057)
continue (28500.0000000000000000 -0.0000000026672905)
continue (29000.0000000000000000 -0.0000000026684542)
continue (29500.0000000000000000 -0.0000000026695977)
continue (30000.0000000000000000 -0.0000000026707217)
continue (30500.0000000000000000 -0.0000000026718267)
continue (31000.0000000000000000 -0.0000000026729133)
continue (31500.0000000000000000 -0.0000000026739823)
continue (32000.0000000000000000 -0.0000000026750341)
continue (32500.0000000000000000 -0.0000000026760693)
continue (33000.0000000000000000 -0.0000000026770884)
continue (33500.0000000000000000 -0.0000000026780919)
continue (34000.0000000000000000 -0.0000000026790802)
continue (34500.0000000000000000 -0.0000000026800538)
continue (35000.0000000000000000 -0.0000000026810131)
continue (35500.0000000000000000 -0.0000000026819585)
continue (36000.0000000000000000 -0.0000000026828905)
continue (36500.0000000000000000 -0.0000000026838093)
continue (37000.0000000000000000 -0.0000000026847153)
continue (37500.0000000000000000 -0.0000000026856090)
continue (38000.0000000000000000 -0.0000000026864906)
continue (38500.0000000000000000 -0.0000000026873604)
continue (39000.0000000000000000 -0.0000000026882187)
continue (39500.0000000000000000 -0.0000000026890659)
continue (40000.0000000000000000 -0.0000000026899022)
continue (40500.0000000000000000 -0.0000000026907279)
continue (41000.0000000000000000 -0.0000000026915433)
continue (41500.0000000000000000 -0.0000000026923485)
continue (42000.0000000000000000 -0.0000000026931439)
continue (42500.0000000000000000 -0.0000000026939297)
continue (43000.0000000000000000 -0.0000000026947061)
continue (43500.0000000000000000 -0.0000000026954734)
continue (44000.0000000000000000 -0.0000000026962316)
continue (44500.0000000000000000 -0.0000000026969811)
continue (45000.0000000000000000 -0.0000000026977221)
continue (45500.0000000000000000 -0.0000000026984547)
continue (46000.0000000000000000 -0.0000000026991790)
continue (46500.0000000000000000 -0.0000000026998954)
continue (47000.0000000000000000 -0.0000000027006040)
continue (47500.0000000000000000 -0.0000000027013049)
continue (48000.0000000000000000 -0.0000000027019982)
continue (48500.0000000000000000 -0.0000000027026843)
continue (49000.0000000000000000 -0.0000000027033631)
continue (49500.0000000000000000 -0.0000000027040349)
continue (50000.0000000000000000 -0.0000000027046997)
continue (50500.0000000000000000 -0.0000000027053578)
continue (51000.0000000000000000 -0.0000000027060093)
continue (51500.0000000000000000 -0.0000000027066543)
continue (52000.0000000000000000 -0.0000000027072928)
continue (52500.0000000000000000 -0.0000000027079252)
continue (53000.0000000000000000 -0.0000000027085514)
continue (53500.0000000000000000 -0.0000000027091715)
continue (54000.0000000000000000 -0.0000000027097858)
continue (54500.0000000000000000 -0.0000000027103943)
continue (55000.0000000000000000 -0.0000000027109970)
continue (55500.0000000000000000 -0.0000000027115942)
continue (56000.0000000000000000 -0.0000000027121859)
continue (56500.0000000000000000 -0.0000000027127722)
continue (57000.0000000000000000 -0.0000000027133532)
continue (57500.0000000000000000 -0.0000000027139291)
continue (58000.0000000000000000 -0.0000000027144998)
continue (58500.0000000000000000 -0.0000000027150655)
continue (59000.0000000000000000 -0.0000000027156262)
continue (59500.0000000000000000 -0.0000000027161821)
continue (60000.0000000000000000 -0.0000000027167333)
continue (60500.0000000000000000 -0.0000000027172797)
continue (61000.0000000000000000 -0.0000000027178216)
continue (61500.0000000000000000 -0.0000000027183589)
continue (62000.0000000000000000 -0.0000000027188917)
continue (62500.0000000000000000 -0.0000000027194202)
continue (63000.0000000000000000 -0.0000000027199443)
continue (63500.0000000000000000 -0.0000000027204642)
continue (64000.0000000000000000 -0.0000000027209799)
continue (64500.0000000000000000 -0.0000000027214915)
continue (65000.0000000000000000 -0.0000000027219991)
continue (65500.0000000000000000 -0.0000000027225026)
continue (66000.0000000000000000 -0.0000000027230022)
continue (66500.0000000000000000 -0.0000000027234980)
continue (67000.0000000000000000 -0.0000000027239899)
continue (67500.0000000000000000 -0.0000000027244781)
continue (68000.0000000000000000 -0.0000000027249626)
continue (68500.0000000000000000 -0.0000000027254434)
continue (69000.0000000000000000 -0.0000000027259207)
continue (69500.0000000000000000 -0.0000000027263944)
continue (70000.0000000000000000 -0.0000000027268646)
continue (70500.0000000000000000 -0.0000000027273314)
continue (71000.0000000000000000 -0.0000000027277949)
continue (71500.0000000000000000 -0.0000000027282549)
continue (72000.0000000000000000 -0.0000000027287117)
continue (72500.0000000000000000 -0.0000000027291652)
continue (73000.0000000000000000 -0.0000000027296156)
continue (73500.0000000000000000 -0.0000000027300627)
continue (74000.0000000000000000 -0.0000000027305068)
continue (74500.0000000000000000 -0.0000000027309478)
continue (75245.0000000000000000 -0.0000000050000000)
continue (7354000.0000000000000000 -0.0000000050000000)
f(nu) = -20.5651940525437631 at 1.0000000000000000 Ryd
