# Faucher-Giguere 2019 
# z = 7.912509
# E [Ryd] log (J_nu)
interpolate (0.0000000100100000 -0.0000000050000000)
continue (0.0990000000000000 -0.0000000050000000)
continue (0.1000000000000000 -0.0000000020540710)
continue (0.1500000000000000 -0.0000000020619465)
continue (0.2000000000000000 -0.0000000020698661)
continue (0.2500000000000001 -0.0000000020972960)
continue (0.3000000000000000 -0.0000000020998058)
continue (0.3500000000000001 -0.0000000021008812)
continue (0.4000000000000001 -0.0000000021012849)
continue (0.4500000000000001 -0.0000000021001815)
continue (0.5000000000000001 -0.0000000021023556)
continue (0.5500000000000002 -0.0000000021041239)
continue (0.6000000000000002 -0.0000000021017250)
continue (0.6500000000000001 -0.0000000021007066)
continue (0.7000000000000002 -0.0000000021028504)
continue (0.7500000000000002 -0.0000000021266443)
continue (0.8000000000000002 -0.0000000021084767)
continue (0.8500000000000002 -0.0000000021116667)
continue (0.9000000000000002 -0.0000000021156387)
continue (0.9500000000000003 -0.0000000021268559)
continue (1.0100000000000000 -0.0000000022365317)
continue (1.0600000000000001 -0.0000000022459408)
continue (1.1100000000000001 -0.0000000022518134)
continue (1.1600000000000001 -0.0000000022730700)
continue (1.2100000000000002 -0.0000000022627401)
continue (1.2600000000000002 -0.0000000022633974)
continue (1.3100000000000003 -0.0000000022659931)
continue (1.3600000000000003 -0.0000000022729969)
continue (1.4100000000000004 -0.0000000022732584)
continue (1.4600000000000004 -0.0000000022779397)
continue (1.5100000000000005 -0.0000000022718725)
continue (1.5600000000000005 -0.0000000022776082)
continue (1.6100000000000005 -0.0000000022766600)
continue (1.6600000000000006 -0.0000000022793097)
continue (1.7100000000000006 -0.0000000022701377)
continue (1.7600000000000007 -0.0000000022763770)
continue (1.8100000000000007 -0.0000000022792800)
continue (1.8600000000000008 -0.0000000022910530)
continue (1.9100000000000008 -0.0000000022821394)
continue (1.9600000000000009 -0.0000000022837813)
continue (2.0000000000000000 -0.0000000022881000)
continue (2.0099999999999998 -0.0000000022842007)
continue (2.0199999999999996 -0.0000000022892828)
continue (2.0299999999999994 -0.0000000022932333)
continue (2.0399999999999991 -0.0000000022870683)
continue (2.0499999999999989 -0.0000000022943351)
continue (2.0599999999999987 -0.0000000022992971)
continue (2.0699999999999985 -0.0000000022958064)
continue (2.0799999999999983 -0.0000000022872132)
continue (2.0899999999999981 -0.0000000022943241)
continue (2.0999999999999979 -0.0000000022904957)
continue (2.1099999999999977 -0.0000000022908362)
continue (2.1199999999999974 -0.0000000022890734)
continue (2.1299999999999972 -0.0000000022860873)
continue (2.1399999999999970 -0.0000000022862780)
continue (2.1499999999999968 -0.0000000022869020)
continue (2.1599999999999966 -0.0000000022964454)
continue (2.1699999999999964 -0.0000000023054001)
continue (2.1799999999999962 -0.0000000022956136)
continue (2.1899999999999959 -0.0000000022955011)
continue (2.1999999999999957 -0.0000000022936916)
continue (2.2099999999999955 -0.0000000022925976)
continue (2.2199999999999953 -0.0000000022981657)
continue (2.2299999999999951 -0.0000000022974929)
continue (2.2399999999999949 -0.0000000022922758)
continue (2.2499999999999947 -0.0000000023007570)
continue (2.2599999999999945 -0.0000000023005434)
continue (2.2699999999999942 -0.0000000022940098)
continue (2.2799999999999940 -0.0000000022973673)
continue (2.2899999999999938 -0.0000000023035348)
continue (2.2999999999999936 -0.0000000023075864)
continue (2.3099999999999934 -0.0000000023071431)
continue (2.3199999999999932 -0.0000000023008580)
continue (2.3299999999999930 -0.0000000023017526)
continue (2.3399999999999928 -0.0000000023109854)
continue (2.3499999999999925 -0.0000000023048511)
continue (2.3599999999999923 -0.0000000023081895)
continue (2.3699999999999921 -0.0000000023154122)
continue (2.3799999999999919 -0.0000000023166373)
continue (2.3899999999999917 -0.0000000023235999)
continue (2.3999999999999915 -0.0000000023200646)
continue (2.4099999999999913 -0.0000000023175217)
continue (2.4199999999999910 -0.0000000023174723)
continue (2.4299999999999908 -0.0000000023101621)
continue (2.4399999999999906 -0.0000000023083186)
continue (2.4499999999999904 -0.0000000023080645)
continue (2.4599999999999902 -0.0000000023013926)
continue (2.4699999999999900 -0.0000000023069461)
continue (2.4799999999999898 -0.0000000023091937)
continue (2.4899999999999896 -0.0000000023202623)
continue (2.4999999999999893 -0.0000000023236947)
continue (2.5099999999999891 -0.0000000023139917)
continue (2.5199999999999889 -0.0000000023158333)
continue (2.5299999999999887 -0.0000000023100049)
continue (2.5399999999999885 -0.0000000023243292)
continue (2.5499999999999883 -0.0000000023268949)
continue (2.5599999999999881 -0.0000000023322997)
continue (2.5699999999999878 -0.0000000023228050)
continue (2.5799999999999876 -0.0000000023208199)
continue (2.5899999999999874 -0.0000000023219637)
continue (2.5999999999999872 -0.0000000023193989)
continue (2.6099999999999870 -0.0000000023189234)
continue (2.6199999999999868 -0.0000000023148456)
continue (2.6299999999999866 -0.0000000023169731)
continue (2.6399999999999864 -0.0000000023197672)
continue (2.6499999999999861 -0.0000000023236803)
continue (2.6599999999999859 -0.0000000023096933)
continue (2.6699999999999857 -0.0000000023125890)
continue (2.6799999999999855 -0.0000000023224602)
continue (2.6899999999999853 -0.0000000023190081)
continue (2.6999999999999851 -0.0000000023229383)
continue (2.7099999999999849 -0.0000000023253383)
continue (2.7199999999999847 -0.0000000023242971)
continue (2.7299999999999844 -0.0000000023161718)
continue (2.7399999999999842 -0.0000000023227126)
continue (2.7499999999999840 -0.0000000023168621)
continue (2.7599999999999838 -0.0000000023095785)
continue (2.7699999999999836 -0.0000000023122560)
continue (2.7799999999999834 -0.0000000023043453)
continue (2.7899999999999832 -0.0000000023096473)
continue (2.7999999999999829 -0.0000000023088021)
continue (2.8099999999999827 -0.0000000023122055)
continue (2.8199999999999825 -0.0000000023212626)
continue (2.8299999999999823 -0.0000000023221222)
continue (2.8399999999999821 -0.0000000023212295)
continue (2.8499999999999819 -0.0000000023264344)
continue (2.8599999999999817 -0.0000000023260109)
continue (2.8699999999999815 -0.0000000023242730)
continue (2.8799999999999812 -0.0000000023250313)
continue (2.8899999999999810 -0.0000000023235183)
continue (2.8999999999999808 -0.0000000023251447)
continue (2.9099999999999806 -0.0000000023297429)
continue (2.9199999999999804 -0.0000000023185358)
continue (2.9299999999999802 -0.0000000023180455)
continue (2.9399999999999800 -0.0000000023130078)
continue (2.9499999999999797 -0.0000000023193682)
continue (2.9599999999999795 -0.0000000023129729)
continue (2.9699999999999793 -0.0000000022963348)
continue (2.9799999999999791 -0.0000000022414459)
continue (2.9899999999999789 -0.0000000022094053)
continue (2.9999999999999787 -0.0000000021990017)
continue (3.0099999999999785 -0.0000000023395707)
continue (3.0199999999999783 -0.0000000023391386)
continue (3.0299999999999780 -0.0000000023302091)
continue (3.0399999999999778 -0.0000000023329709)
continue (3.0499999999999776 -0.0000000023289314)
continue (3.0599999999999774 -0.0000000023377929)
continue (3.0699999999999772 -0.0000000023374224)
continue (3.0799999999999770 -0.0000000023523673)
continue (3.0899999999999768 -0.0000000023532200)
continue (3.0999999999999766 -0.0000000023536818)
continue (3.1099999999999763 -0.0000000023544699)
continue (3.1199999999999761 -0.0000000023539279)
continue (3.1299999999999759 -0.0000000023456985)
continue (3.1399999999999757 -0.0000000023450651)
continue (3.1499999999999755 -0.0000000023400123)
continue (3.1599999999999753 -0.0000000023366388)
continue (3.1699999999999751 -0.0000000023419371)
continue (3.1799999999999748 -0.0000000023344554)
continue (3.1899999999999746 -0.0000000023409918)
continue (3.1999999999999744 -0.0000000023329777)
continue (3.2099999999999742 -0.0000000023353902)
continue (3.2199999999999740 -0.0000000023326018)
continue (3.2299999999999738 -0.0000000023346472)
continue (3.2399999999999736 -0.0000000023374797)
continue (3.2499999999999734 -0.0000000023446099)
continue (3.2599999999999731 -0.0000000023501413)
continue (3.2699999999999729 -0.0000000023527739)
continue (3.2799999999999727 -0.0000000023432596)
continue (3.2899999999999725 -0.0000000023361961)
continue (3.2999999999999723 -0.0000000023297858)
continue (3.3099999999999721 -0.0000000023292275)
continue (3.3199999999999719 -0.0000000023353355)
continue (3.3299999999999716 -0.0000000023380966)
continue (3.3399999999999714 -0.0000000023514728)
continue (3.3499999999999712 -0.0000000023509920)
continue (3.3599999999999710 -0.0000000023595068)
continue (3.3699999999999708 -0.0000000023575024)
continue (3.3799999999999706 -0.0000000023609380)
continue (3.3899999999999704 -0.0000000023606513)
continue (3.3999999999999702 -0.0000000023721750)
continue (3.4099999999999699 -0.0000000023689387)
continue (3.4199999999999697 -0.0000000023707306)
continue (3.4299999999999695 -0.0000000023659364)
continue (3.4399999999999693 -0.0000000023664381)
continue (3.4499999999999691 -0.0000000023574454)
continue (3.4599999999999689 -0.0000000023582813)
continue (3.4699999999999687 -0.0000000023520848)
continue (3.4799999999999685 -0.0000000023617359)
continue (3.4899999999999682 -0.0000000023540795)
continue (3.4999999999999680 -0.0000000023595576)
continue (3.5099999999999678 -0.0000000023631036)
continue (3.5199999999999676 -0.0000000023620316)
continue (3.5299999999999674 -0.0000000023611919)
continue (3.5399999999999672 -0.0000000023781221)
continue (3.5499999999999670 -0.0000000023832941)
continue (3.5599999999999667 -0.0000000023718947)
continue (3.5699999999999665 -0.0000000023548892)
continue (3.5799999999999663 -0.0000000023536763)
continue (3.5899999999999661 -0.0000000023502179)
continue (3.5999999999999659 -0.0000000023589262)
continue (3.6099999999999657 -0.0000000023665127)
continue (3.6199999999999655 -0.0000000023631312)
continue (3.6299999999999653 -0.0000000023772943)
continue (3.6399999999999650 -0.0000000023742976)
continue (3.6499999999999648 -0.0000000023777988)
continue (3.6599999999999646 -0.0000000023825450)
continue (3.6699999999999644 -0.0000000023914241)
continue (3.6799999999999642 -0.0000000023850947)
continue (3.6899999999999640 -0.0000000023840431)
continue (3.6999999999999638 -0.0000000023787524)
continue (3.7099999999999635 -0.0000000023901920)
continue (3.7199999999999633 -0.0000000023962849)
continue (3.7299999999999631 -0.0000000024296129)
continue (3.7399999999999629 -0.0000000024231901)
continue (3.7499999999999627 -0.0000000024088753)
continue (3.7599999999999625 -0.0000000023694239)
continue (3.7699999999999623 -0.0000000023700279)
continue (3.7799999999999621 -0.0000000023695043)
continue (3.7899999999999618 -0.0000000023735225)
continue (3.7999999999999616 -0.0000000024209204)
continue (3.8099999999999614 -0.0000000024189256)
continue (3.8199999999999612 -0.0000000024396773)
continue (3.8299999999999610 -0.0000000024606903)
continue (3.8399999999999608 -0.0000000024744912)
continue (3.8499999999999606 -0.0000000024082932)
continue (3.8599999999999604 -0.0000000024135170)
continue (3.8699999999999601 -0.0000000024321888)
continue (3.8799999999999599 -0.0000000024655568)
continue (3.8899999999999597 -0.0000000023360623)
continue (3.8999999999999595 -0.0000000023216779)
continue (3.9099999999999593 -0.0000000023282161)
continue (3.9199999999999591 -0.0000000023134423)
continue (3.9299999999999589 -0.0000000023193107)
continue (3.9399999999999586 -0.0000000023043850)
continue (3.9499999999999584 -0.0000000023089003)
continue (3.9599999999999582 -0.0000000023217913)
continue (3.9699999999999580 -0.0000000023266011)
continue (3.9799999999999578 -0.0000000023763961)
continue (3.9899999999999576 -0.0000000023955896)
continue (4.0099999999999998 -0.0000000024272060)
continue (4.5099999999999998 -0.0000000025885963)
continue (5.0099999999999998 -0.0000000026564126)
continue (5.5099999999999998 -0.0000000026387712)
continue (6.0099999999999998 -0.0000000027181688)
continue (6.5099999999999998 -0.0000000026535213)
continue (7.0099999999999998 -0.0000000026679438)
continue (7.5099999999999998 -0.0000000027260763)
continue (8.0099999999999998 -0.0000000027397665)
continue (8.5099999999999998 -0.0000000027451339)
continue (9.0099999999999998 -0.0000000027536878)
continue (9.5099999999999998 -0.0000000027551065)
continue (10.0000000000000000 -0.0000000027510624)
continue (10.0099999999999998 -0.0000000027508061)
continue (15.0000000000000000 -0.0000000027293631)
continue (20.0000000000000000 -0.0000000027224483)
continue (25.0000000000000000 -0.0000000027189257)
continue (30.0000000000000000 -0.0000000027198768)
continue (35.0000000000000000 -0.0000000027224195)
continue (40.0000000000000000 -0.0000000027254540)
continue (45.0000000000000000 -0.0000000027276037)
continue (50.0000000000000000 -0.0000000027281209)
continue (55.0000000000000000 -0.0000000027287371)
continue (60.0000000000000000 -0.0000000027293993)
continue (65.0000000000000000 -0.0000000027300741)
continue (70.0000000000000000 -0.0000000027307434)
continue (75.0000000000000000 -0.0000000027313981)
continue (80.0000000000000000 -0.0000000027320333)
continue (85.0000000000000000 -0.0000000027326472)
continue (90.0000000000000000 -0.0000000027332390)
continue (95.0000000000000000 -0.0000000027338091)
continue (100.0000000000000000 -0.0000000027343583)
continue (110.0000000000000000 -0.0000000027353975)
continue (120.0000000000000000 -0.0000000027363653)
continue (130.0000000000000000 -0.0000000027372700)
continue (140.0000000000000000 -0.0000000027381190)
continue (150.0000000000000000 -0.0000000027389188)
continue (160.0000000000000000 -0.0000000027396752)
continue (170.0000000000000000 -0.0000000027403929)
continue (180.0000000000000000 -0.0000000027410760)
continue (190.0000000000000000 -0.0000000027417279)
continue (200.0000000000000000 -0.0000000027423518)
continue (210.0000000000000000 -0.0000000027429502)
continue (220.0000000000000000 -0.0000000027435255)
continue (230.0000000000000000 -0.0000000027440796)
continue (240.0000000000000000 -0.0000000027446142)
continue (250.0000000000000000 -0.0000000027451310)
continue (260.0000000000000000 -0.0000000027456313)
continue (270.0000000000000000 -0.0000000027461164)
continue (280.0000000000000000 -0.0000000027465872)
continue (290.0000000000000000 -0.0000000027470449)
continue (300.0000000000000000 -0.0000000027474902)
continue (310.0000000000000000 -0.0000000027479240)
continue (320.0000000000000000 -0.0000000027483471)
continue (330.0000000000000000 -0.0000000027487600)
continue (340.0000000000000000 -0.0000000027491633)
continue (350.0000000000000000 -0.0000000027495577)
continue (360.0000000000000000 -0.0000000027499436)
continue (370.0000000000000000 -0.0000000027503215)
continue (380.0000000000000000 -0.0000000027506918)
continue (390.0000000000000000 -0.0000000027510549)
continue (400.0000000000000000 -0.0000000027514112)
continue (410.0000000000000000 -0.0000000027517610)
continue (420.0000000000000000 -0.0000000027521045)
continue (430.0000000000000000 -0.0000000027524422)
continue (440.0000000000000000 -0.0000000027527742)
continue (450.0000000000000000 -0.0000000027531009)
continue (460.0000000000000000 -0.0000000027534224)
continue (470.0000000000000000 -0.0000000027537391)
continue (480.0000000000000000 -0.0000000027540510)
continue (490.0000000000000000 -0.0000000027543583)
continue (500.0000000000000000 -0.0000000027546614)
continue (510.0000000000000000 -0.0000000027549602)
continue (520.0000000000000000 -0.0000000027552551)
continue (530.0000000000000000 -0.0000000027555461)
continue (540.0000000000000000 -0.0000000027558334)
continue (550.0000000000000000 -0.0000000027561172)
continue (560.0000000000000000 -0.0000000027563975)
continue (570.0000000000000000 -0.0000000027566745)
continue (580.0000000000000000 -0.0000000027569482)
continue (590.0000000000000000 -0.0000000027572189)
continue (600.0000000000000000 -0.0000000027574866)
continue (610.0000000000000000 -0.0000000027577513)
continue (620.0000000000000000 -0.0000000027580133)
continue (630.0000000000000000 -0.0000000027582726)
continue (640.0000000000000000 -0.0000000027585292)
continue (650.0000000000000000 -0.0000000027587833)
continue (660.0000000000000000 -0.0000000027590350)
continue (670.0000000000000000 -0.0000000027592842)
continue (680.0000000000000000 -0.0000000027595311)
continue (690.0000000000000000 -0.0000000027597758)
continue (700.0000000000000000 -0.0000000027600183)
continue (710.0000000000000000 -0.0000000027602586)
continue (720.0000000000000000 -0.0000000027604969)
continue (730.0000000000000000 -0.0000000027607332)
continue (740.0000000000000000 -0.0000000027609675)
continue (750.0000000000000000 -0.0000000027611999)
continue (760.0000000000000000 -0.0000000027614305)
continue (770.0000000000000000 -0.0000000027616592)
continue (780.0000000000000000 -0.0000000027618862)
continue (790.0000000000000000 -0.0000000027621115)
continue (800.0000000000000000 -0.0000000027623351)
continue (810.0000000000000000 -0.0000000027625571)
continue (820.0000000000000000 -0.0000000027627775)
continue (830.0000000000000000 -0.0000000027629964)
continue (840.0000000000000000 -0.0000000027632137)
continue (850.0000000000000000 -0.0000000027634295)
continue (860.0000000000000000 -0.0000000027636440)
continue (870.0000000000000000 -0.0000000027638570)
continue (880.0000000000000000 -0.0000000027640686)
continue (890.0000000000000000 -0.0000000027642789)
continue (900.0000000000000000 -0.0000000027644878)
continue (910.0000000000000000 -0.0000000027646955)
continue (920.0000000000000000 -0.0000000027649019)
continue (930.0000000000000000 -0.0000000027651071)
continue (940.0000000000000000 -0.0000000027653111)
continue (950.0000000000000000 -0.0000000027655139)
continue (960.0000000000000000 -0.0000000027657155)
continue (970.0000000000000000 -0.0000000027659160)
continue (980.0000000000000000 -0.0000000027661155)
continue (990.0000000000000000 -0.0000000027663138)
continue (1000.0000000000000000 -0.0000000027665110)
continue (1200.0000000000000000 -0.0000000027702613)
continue (1400.0000000000000000 -0.0000000027737179)
continue (1600.0000000000000000 -0.0000000027769593)
continue (1800.0000000000000000 -0.0000000027800365)
continue (2000.0000000000000000 -0.0000000027829840)
continue (2200.0000000000000000 -0.0000000027858266)
continue (2400.0000000000000000 -0.0000000027885826)
continue (2600.0000000000000000 -0.0000000027912658)
continue (2800.0000000000000000 -0.0000000027938869)
continue (3000.0000000000000000 -0.0000000027964546)
continue (3200.0000000000000000 -0.0000000027989757)
continue (3400.0000000000000000 -0.0000000028014558)
continue (3600.0000000000000000 -0.0000000028038997)
continue (3800.0000000000000000 -0.0000000028063111)
continue (4000.0000000000000000 -0.0000000028086936)
continue (4200.0000000000000000 -0.0000000028110497)
continue (4400.0000000000000000 -0.0000000028133821)
continue (4600.0000000000000000 -0.0000000028156927)
continue (4800.0000000000000000 -0.0000000028179835)
continue (5000.0000000000000000 -0.0000000028202560)
continue (5200.0000000000000000 -0.0000000028225116)
continue (5400.0000000000000000 -0.0000000028247517)
continue (5600.0000000000000000 -0.0000000028269771)
continue (5800.0000000000000000 -0.0000000028291874)
continue (6000.0000000000000000 -0.0000000028313809)
continue (6200.0000000000000000 -0.0000000028335539)
continue (6400.0000000000000000 -0.0000000028356990)
continue (6600.0000000000000000 -0.0000000028378033)
continue (6800.0000000000000000 -0.0000000028398475)
continue (7000.0000000000000000 -0.0000000028418302)
continue (7200.0000000000000000 -0.0000000028437565)
continue (7400.0000000000000000 -0.0000000028456296)
continue (7600.0000000000000000 -0.0000000028474523)
continue (7800.0000000000000000 -0.0000000028492273)
continue (8000.0000000000000000 -0.0000000028509569)
continue (8200.0000000000000000 -0.0000000028526434)
continue (8400.0000000000000000 -0.0000000028542890)
continue (8600.0000000000000000 -0.0000000028558955)
continue (8800.0000000000000000 -0.0000000028574647)
continue (9000.0000000000000000 -0.0000000028589983)
continue (9200.0000000000000000 -0.0000000028604979)
continue (9400.0000000000000000 -0.0000000028619650)
continue (9600.0000000000000000 -0.0000000028634008)
continue (9800.0000000000000000 -0.0000000028648068)
continue (10000.0000000000000000 -0.0000000028661841)
continue (10200.0000000000000000 -0.0000000028675339)
continue (10400.0000000000000000 -0.0000000028688571)
continue (10600.0000000000000000 -0.0000000028701550)
continue (10800.0000000000000000 -0.0000000028714283)
continue (11000.0000000000000000 -0.0000000028726780)
continue (11500.0000000000000000 -0.0000000028757045)
continue (12000.0000000000000000 -0.0000000028786009)
continue (12500.0000000000000000 -0.0000000028813778)
continue (13000.0000000000000000 -0.0000000028840446)
continue (13500.0000000000000000 -0.0000000028866096)
continue (14000.0000000000000000 -0.0000000028890802)
continue (14500.0000000000000000 -0.0000000028914632)
continue (15000.0000000000000000 -0.0000000028937644)
continue (15500.0000000000000000 -0.0000000028959893)
continue (16000.0000000000000000 -0.0000000028981427)
continue (16500.0000000000000000 -0.0000000029002290)
continue (17000.0000000000000000 -0.0000000029022523)
continue (17500.0000000000000000 -0.0000000029042162)
continue (18000.0000000000000000 -0.0000000029061240)
continue (18500.0000000000000000 -0.0000000029079789)
continue (19000.0000000000000000 -0.0000000029097836)
continue (19500.0000000000000000 -0.0000000029115409)
continue (20000.0000000000000000 -0.0000000029132531)
continue (20500.0000000000000000 -0.0000000029149224)
continue (21000.0000000000000000 -0.0000000029165510)
continue (21500.0000000000000000 -0.0000000029181406)
continue (22000.0000000000000000 -0.0000000029196933)
continue (22500.0000000000000000 -0.0000000029212105)
continue (23000.0000000000000000 -0.0000000029226939)
continue (23500.0000000000000000 -0.0000000029241449)
continue (24000.0000000000000000 -0.0000000029255650)
continue (24500.0000000000000000 -0.0000000029269553)
continue (25000.0000000000000000 -0.0000000029283171)
continue (25500.0000000000000000 -0.0000000029296516)
continue (26000.0000000000000000 -0.0000000029309597)
continue (26500.0000000000000000 -0.0000000029322425)
continue (27000.0000000000000000 -0.0000000029335010)
continue (27500.0000000000000000 -0.0000000029347361)
continue (28000.0000000000000000 -0.0000000029359485)
continue (28500.0000000000000000 -0.0000000029371391)
continue (29000.0000000000000000 -0.0000000029383087)
continue (29500.0000000000000000 -0.0000000029394579)
continue (30000.0000000000000000 -0.0000000029405876)
continue (30500.0000000000000000 -0.0000000029416982)
continue (31000.0000000000000000 -0.0000000029427905)
continue (31500.0000000000000000 -0.0000000029438650)
continue (32000.0000000000000000 -0.0000000029449224)
continue (32500.0000000000000000 -0.0000000029459630)
continue (33000.0000000000000000 -0.0000000029469875)
continue (33500.0000000000000000 -0.0000000029479963)
continue (34000.0000000000000000 -0.0000000029489899)
continue (34500.0000000000000000 -0.0000000029499688)
continue (35000.0000000000000000 -0.0000000029509333)
continue (35500.0000000000000000 -0.0000000029518839)
continue (36000.0000000000000000 -0.0000000029528210)
continue (36500.0000000000000000 -0.0000000029537449)
continue (37000.0000000000000000 -0.0000000029546560)
continue (37500.0000000000000000 -0.0000000029555547)
continue (38000.0000000000000000 -0.0000000029564412)
continue (38500.0000000000000000 -0.0000000029573160)
continue (39000.0000000000000000 -0.0000000029581792)
continue (39500.0000000000000000 -0.0000000029590313)
continue (40000.0000000000000000 -0.0000000029598724)
continue (40500.0000000000000000 -0.0000000029607029)
continue (41000.0000000000000000 -0.0000000029615230)
continue (41500.0000000000000000 -0.0000000029623330)
continue (42000.0000000000000000 -0.0000000029631330)
continue (42500.0000000000000000 -0.0000000029639235)
continue (43000.0000000000000000 -0.0000000029647045)
continue (43500.0000000000000000 -0.0000000029654763)
continue (44000.0000000000000000 -0.0000000029662391)
continue (44500.0000000000000000 -0.0000000029669932)
continue (45000.0000000000000000 -0.0000000029677386)
continue (45500.0000000000000000 -0.0000000029684757)
continue (46000.0000000000000000 -0.0000000029692045)
continue (46500.0000000000000000 -0.0000000029699253)
continue (47000.0000000000000000 -0.0000000029706382)
continue (47500.0000000000000000 -0.0000000029713434)
continue (48000.0000000000000000 -0.0000000029720411)
continue (48500.0000000000000000 -0.0000000029727315)
continue (49000.0000000000000000 -0.0000000029734146)
continue (49500.0000000000000000 -0.0000000029740906)
continue (50000.0000000000000000 -0.0000000029747597)
continue (50500.0000000000000000 -0.0000000029754220)
continue (51000.0000000000000000 -0.0000000029760776)
continue (51500.0000000000000000 -0.0000000029767267)
continue (52000.0000000000000000 -0.0000000029773694)
continue (52500.0000000000000000 -0.0000000029780058)
continue (53000.0000000000000000 -0.0000000029786361)
continue (53500.0000000000000000 -0.0000000029792603)
continue (54000.0000000000000000 -0.0000000029798786)
continue (54500.0000000000000000 -0.0000000029804911)
continue (55000.0000000000000000 -0.0000000029810978)
continue (55500.0000000000000000 -0.0000000029816990)
continue (56000.0000000000000000 -0.0000000029822946)
continue (56500.0000000000000000 -0.0000000029828848)
continue (57000.0000000000000000 -0.0000000029834697)
continue (57500.0000000000000000 -0.0000000029840494)
continue (58000.0000000000000000 -0.0000000029846240)
continue (58500.0000000000000000 -0.0000000029851935)
continue (59000.0000000000000000 -0.0000000029857581)
continue (59500.0000000000000000 -0.0000000029863178)
continue (60000.0000000000000000 -0.0000000029868727)
continue (60500.0000000000000000 -0.0000000029874229)
continue (61000.0000000000000000 -0.0000000029879685)
continue (61500.0000000000000000 -0.0000000029885095)
continue (62000.0000000000000000 -0.0000000029890461)
continue (62500.0000000000000000 -0.0000000029895782)
continue (63000.0000000000000000 -0.0000000029901060)
continue (63500.0000000000000000 -0.0000000029906295)
continue (64000.0000000000000000 -0.0000000029911489)
continue (64500.0000000000000000 -0.0000000029916641)
continue (65000.0000000000000000 -0.0000000029921752)
continue (65500.0000000000000000 -0.0000000029926823)
continue (66000.0000000000000000 -0.0000000029931855)
continue (66500.0000000000000000 -0.0000000029936848)
continue (67000.0000000000000000 -0.0000000029941802)
continue (67500.0000000000000000 -0.0000000029946719)
continue (68000.0000000000000000 -0.0000000029951599)
continue (68500.0000000000000000 -0.0000000029956442)
continue (69000.0000000000000000 -0.0000000029961249)
continue (69500.0000000000000000 -0.0000000029966021)
continue (70000.0000000000000000 -0.0000000029970758)
continue (70500.0000000000000000 -0.0000000029975460)
continue (71000.0000000000000000 -0.0000000029980128)
continue (71500.0000000000000000 -0.0000000029984762)
continue (72000.0000000000000000 -0.0000000029989364)
continue (72500.0000000000000000 -0.0000000029993933)
continue (73000.0000000000000000 -0.0000000029998469)
continue (73500.0000000000000000 -0.0000000030002974)
continue (74000.0000000000000000 -0.0000000030007448)
continue (74500.0000000000000000 -0.0000000030011891)
continue (75245.0000000000000000 -0.0000000050000000)
continue (7354000.0000000000000000 -0.0000000050000000)
f(nu) = -21.0879153500725529 at 1.0000000000000000 Ryd
