# Faucher-Giguere 2019 
# z = 0.995262
# E [Ryd] log (J_nu)
interpolate (0.0000000100100000 -0.0000000050000000)
continue (0.0990000000000000 -0.0000000050000000)
continue (0.1000000000000000 -0.0000000019112676)
continue (0.1500000000000000 -0.0000000019266956)
continue (0.2000000000000000 -0.0000000019393960)
continue (0.2500000000000001 -0.0000000019467090)
continue (0.3000000000000000 -0.0000000019477174)
continue (0.3500000000000001 -0.0000000019493245)
continue (0.4000000000000001 -0.0000000019522791)
continue (0.4500000000000001 -0.0000000019545042)
continue (0.5000000000000001 -0.0000000019591552)
continue (0.5500000000000002 -0.0000000019644151)
continue (0.6000000000000002 -0.0000000019707516)
continue (0.6500000000000001 -0.0000000019778783)
continue (0.7000000000000002 -0.0000000019865339)
continue (0.7500000000000002 -0.0000000020183417)
continue (0.8000000000000002 -0.0000000020353508)
continue (0.8500000000000002 -0.0000000020487888)
continue (0.9000000000000002 -0.0000000020691812)
continue (0.9500000000000003 -0.0000000020903339)
continue (1.0100000000000000 -0.0000000021596365)
continue (1.0600000000000001 -0.0000000021634604)
continue (1.1100000000000001 -0.0000000021669472)
continue (1.1600000000000001 -0.0000000021703937)
continue (1.2100000000000002 -0.0000000021734690)
continue (1.2600000000000002 -0.0000000021763830)
continue (1.3100000000000003 -0.0000000021794581)
continue (1.3600000000000003 -0.0000000021823912)
continue (1.4100000000000004 -0.0000000021850957)
continue (1.4600000000000004 -0.0000000021879373)
continue (1.5100000000000005 -0.0000000021903771)
continue (1.5600000000000005 -0.0000000021930236)
continue (1.6100000000000005 -0.0000000021955534)
continue (1.6600000000000006 -0.0000000021976293)
continue (1.7100000000000006 -0.0000000021997369)
continue (1.7600000000000007 -0.0000000022019045)
continue (1.8100000000000007 -0.0000000022037573)
continue (1.8600000000000008 -0.0000000022057217)
continue (1.9100000000000008 -0.0000000022072332)
continue (1.9600000000000009 -0.0000000022090887)
continue (2.0000000000000000 -0.0000000022103416)
continue (2.0099999999999998 -0.0000000022107748)
continue (2.0199999999999996 -0.0000000022109634)
continue (2.0299999999999994 -0.0000000022113284)
continue (2.0399999999999991 -0.0000000022115883)
continue (2.0499999999999989 -0.0000000022120161)
continue (2.0599999999999987 -0.0000000022121952)
continue (2.0699999999999985 -0.0000000022126140)
continue (2.0799999999999983 -0.0000000022128424)
continue (2.0899999999999981 -0.0000000022133356)
continue (2.0999999999999979 -0.0000000022134344)
continue (2.1099999999999977 -0.0000000022137610)
continue (2.1199999999999974 -0.0000000022142281)
continue (2.1299999999999972 -0.0000000022146320)
continue (2.1399999999999970 -0.0000000022148032)
continue (2.1499999999999968 -0.0000000022149914)
continue (2.1599999999999966 -0.0000000022154922)
continue (2.1699999999999964 -0.0000000022160438)
continue (2.1799999999999962 -0.0000000022160733)
continue (2.1899999999999959 -0.0000000022164704)
continue (2.1999999999999957 -0.0000000022167804)
continue (2.2099999999999955 -0.0000000022170529)
continue (2.2199999999999953 -0.0000000022175025)
continue (2.2299999999999951 -0.0000000022176211)
continue (2.2399999999999949 -0.0000000022181668)
continue (2.2499999999999947 -0.0000000022182592)
continue (2.2599999999999945 -0.0000000022188510)
continue (2.2699999999999942 -0.0000000022189387)
continue (2.2799999999999940 -0.0000000022193515)
continue (2.2899999999999938 -0.0000000022196553)
continue (2.2999999999999936 -0.0000000022201086)
continue (2.3099999999999934 -0.0000000022201739)
continue (2.3199999999999932 -0.0000000022206716)
continue (2.3299999999999930 -0.0000000022211351)
continue (2.3399999999999928 -0.0000000022214468)
continue (2.3499999999999925 -0.0000000022218485)
continue (2.3599999999999923 -0.0000000022218644)
continue (2.3699999999999921 -0.0000000022222689)
continue (2.3799999999999919 -0.0000000022226376)
continue (2.3899999999999917 -0.0000000022228386)
continue (2.3999999999999915 -0.0000000022231189)
continue (2.4099999999999913 -0.0000000022232022)
continue (2.4199999999999910 -0.0000000022235620)
continue (2.4299999999999908 -0.0000000022238921)
continue (2.4399999999999906 -0.0000000022241584)
continue (2.4499999999999904 -0.0000000022241351)
continue (2.4599999999999902 -0.0000000022245782)
continue (2.4699999999999900 -0.0000000022247421)
continue (2.4799999999999898 -0.0000000022251895)
continue (2.4899999999999896 -0.0000000022254159)
continue (2.4999999999999893 -0.0000000022257899)
continue (2.5099999999999891 -0.0000000022258610)
continue (2.5199999999999889 -0.0000000022262936)
continue (2.5299999999999887 -0.0000000022264517)
continue (2.5399999999999885 -0.0000000022267969)
continue (2.5499999999999883 -0.0000000022272219)
continue (2.5599999999999881 -0.0000000022271826)
continue (2.5699999999999878 -0.0000000022275350)
continue (2.5799999999999876 -0.0000000022279141)
continue (2.5899999999999874 -0.0000000022282893)
continue (2.5999999999999872 -0.0000000022284263)
continue (2.6099999999999870 -0.0000000022285202)
continue (2.6199999999999868 -0.0000000022290270)
continue (2.6299999999999866 -0.0000000022291385)
continue (2.6399999999999864 -0.0000000022296809)
continue (2.6499999999999861 -0.0000000022299870)
continue (2.6599999999999859 -0.0000000022301754)
continue (2.6699999999999857 -0.0000000022303609)
continue (2.6799999999999855 -0.0000000022307184)
continue (2.6899999999999853 -0.0000000022310831)
continue (2.6999999999999851 -0.0000000022313233)
continue (2.7099999999999849 -0.0000000022317367)
continue (2.7199999999999847 -0.0000000022320851)
continue (2.7299999999999844 -0.0000000022320721)
continue (2.7399999999999842 -0.0000000022325417)
continue (2.7499999999999840 -0.0000000022328794)
continue (2.7599999999999838 -0.0000000022331579)
continue (2.7699999999999836 -0.0000000022335893)
continue (2.7799999999999834 -0.0000000022338789)
continue (2.7899999999999832 -0.0000000022342592)
continue (2.7999999999999829 -0.0000000022344227)
continue (2.8099999999999827 -0.0000000022347693)
continue (2.8199999999999825 -0.0000000022351533)
continue (2.8299999999999823 -0.0000000022354627)
continue (2.8399999999999821 -0.0000000022358891)
continue (2.8499999999999819 -0.0000000022363722)
continue (2.8599999999999817 -0.0000000022364112)
continue (2.8699999999999815 -0.0000000022368014)
continue (2.8799999999999812 -0.0000000022371521)
continue (2.8899999999999810 -0.0000000022374126)
continue (2.8999999999999808 -0.0000000022379937)
continue (2.9099999999999806 -0.0000000022383238)
continue (2.9199999999999804 -0.0000000022387385)
continue (2.9299999999999802 -0.0000000022388362)
continue (2.9399999999999800 -0.0000000022391261)
continue (2.9499999999999797 -0.0000000022394473)
continue (2.9599999999999795 -0.0000000022400344)
continue (2.9699999999999793 -0.0000000022404617)
continue (2.9799999999999791 -0.0000000022408010)
continue (2.9899999999999789 -0.0000000022412097)
continue (2.9999999999999787 -0.0000000022415514)
continue (3.0099999999999785 -0.0000000022647525)
continue (3.0199999999999783 -0.0000000022651991)
continue (3.0299999999999780 -0.0000000022658687)
continue (3.0399999999999778 -0.0000000022663438)
continue (3.0499999999999776 -0.0000000022667099)
continue (3.0599999999999774 -0.0000000022670148)
continue (3.0699999999999772 -0.0000000022674216)
continue (3.0799999999999770 -0.0000000022678624)
continue (3.0899999999999768 -0.0000000022684006)
continue (3.0999999999999766 -0.0000000022690384)
continue (3.1099999999999763 -0.0000000022695497)
continue (3.1199999999999761 -0.0000000022696249)
continue (3.1299999999999759 -0.0000000022703706)
continue (3.1399999999999757 -0.0000000022706781)
continue (3.1499999999999755 -0.0000000022708077)
continue (3.1599999999999753 -0.0000000022715577)
continue (3.1699999999999751 -0.0000000022721273)
continue (3.1799999999999748 -0.0000000022723197)
continue (3.1899999999999746 -0.0000000022727830)
continue (3.1999999999999744 -0.0000000022735006)
continue (3.2099999999999742 -0.0000000022737939)
continue (3.2199999999999740 -0.0000000022739826)
continue (3.2299999999999738 -0.0000000022747020)
continue (3.2399999999999736 -0.0000000022753129)
continue (3.2499999999999734 -0.0000000022754183)
continue (3.2599999999999731 -0.0000000022759767)
continue (3.2699999999999729 -0.0000000022766343)
continue (3.2799999999999727 -0.0000000022771312)
continue (3.2899999999999725 -0.0000000022773425)
continue (3.2999999999999723 -0.0000000022778167)
continue (3.3099999999999721 -0.0000000022783302)
continue (3.3199999999999719 -0.0000000022787125)
continue (3.3299999999999716 -0.0000000022791410)
continue (3.3399999999999714 -0.0000000022797044)
continue (3.3499999999999712 -0.0000000022802227)
continue (3.3599999999999710 -0.0000000022807115)
continue (3.3699999999999708 -0.0000000022811460)
continue (3.3799999999999706 -0.0000000022815668)
continue (3.3899999999999704 -0.0000000022820625)
continue (3.3999999999999702 -0.0000000022825642)
continue (3.4099999999999699 -0.0000000022825084)
continue (3.4199999999999697 -0.0000000022834299)
continue (3.4299999999999695 -0.0000000022838930)
continue (3.4399999999999693 -0.0000000022844221)
continue (3.4499999999999691 -0.0000000022846789)
continue (3.4599999999999689 -0.0000000022849389)
continue (3.4699999999999687 -0.0000000022857344)
continue (3.4799999999999685 -0.0000000022855795)
continue (3.4899999999999682 -0.0000000022861011)
continue (3.4999999999999680 -0.0000000022870056)
continue (3.5099999999999678 -0.0000000022875178)
continue (3.5199999999999676 -0.0000000022880587)
continue (3.5299999999999674 -0.0000000022883271)
continue (3.5399999999999672 -0.0000000022887054)
continue (3.5499999999999670 -0.0000000022892752)
continue (3.5599999999999667 -0.0000000022875725)
continue (3.5699999999999665 -0.0000000022881443)
continue (3.5799999999999663 -0.0000000022891169)
continue (3.5899999999999661 -0.0000000022896047)
continue (3.5999999999999659 -0.0000000022902213)
continue (3.6099999999999657 -0.0000000022904014)
continue (3.6199999999999655 -0.0000000022906564)
continue (3.6299999999999653 -0.0000000022914936)
continue (3.6399999999999650 -0.0000000022908361)
continue (3.6499999999999648 -0.0000000022915277)
continue (3.6599999999999646 -0.0000000022926179)
continue (3.6699999999999644 -0.0000000022932048)
continue (3.6799999999999642 -0.0000000022938089)
continue (3.6899999999999640 -0.0000000022939313)
continue (3.6999999999999638 -0.0000000022944848)
continue (3.7099999999999635 -0.0000000022947511)
continue (3.7199999999999633 -0.0000000022955776)
continue (3.7299999999999631 -0.0000000022946918)
continue (3.7399999999999629 -0.0000000022954354)
continue (3.7499999999999627 -0.0000000022959092)
continue (3.7599999999999625 -0.0000000022963270)
continue (3.7699999999999623 -0.0000000022969669)
continue (3.7799999999999621 -0.0000000022969655)
continue (3.7899999999999618 -0.0000000022976078)
continue (3.7999999999999616 -0.0000000022980243)
continue (3.8099999999999614 -0.0000000022965957)
continue (3.8199999999999612 -0.0000000022974536)
continue (3.8299999999999610 -0.0000000022982962)
continue (3.8399999999999608 -0.0000000022990592)
continue (3.8499999999999606 -0.0000000022996687)
continue (3.8599999999999604 -0.0000000023003667)
continue (3.8699999999999601 -0.0000000023002895)
continue (3.8799999999999599 -0.0000000023009586)
continue (3.8899999999999597 -0.0000000023013583)
continue (3.8999999999999595 -0.0000000023021102)
continue (3.9099999999999593 -0.0000000023001310)
continue (3.9199999999999591 -0.0000000023010588)
continue (3.9299999999999589 -0.0000000023019130)
continue (3.9399999999999586 -0.0000000023027180)
continue (3.9499999999999584 -0.0000000023035328)
continue (3.9599999999999582 -0.0000000023043013)
continue (3.9699999999999580 -0.0000000023040187)
continue (3.9799999999999578 -0.0000000023043769)
continue (3.9899999999999576 -0.0000000023052598)
continue (4.0099999999999998 -0.0000000023031361)
continue (4.5099999999999998 -0.0000000023246861)
continue (5.0099999999999998 -0.0000000023313311)
continue (5.5099999999999998 -0.0000000023371804)
continue (6.0099999999999998 -0.0000000023427149)
continue (6.5099999999999998 -0.0000000023479315)
continue (7.0099999999999998 -0.0000000023528459)
continue (7.5099999999999998 -0.0000000023574484)
continue (8.0099999999999998 -0.0000000023617635)
continue (8.5099999999999998 -0.0000000023658287)
continue (9.0099999999999998 -0.0000000023696701)
continue (9.5099999999999998 -0.0000000023733107)
continue (10.0000000000000000 -0.0000000023766989)
continue (10.0099999999999998 -0.0000000023767663)
continue (15.0000000000000000 -0.0000000024012304)
continue (20.0000000000000000 -0.0000000024100577)
continue (25.0000000000000000 -0.0000000024157714)
continue (30.0000000000000000 -0.0000000024204588)
continue (35.0000000000000000 -0.0000000024238779)
continue (40.0000000000000000 -0.0000000024261657)
continue (45.0000000000000000 -0.0000000024276237)
continue (50.0000000000000000 -0.0000000024286853)
continue (55.0000000000000000 -0.0000000024296734)
continue (60.0000000000000000 -0.0000000024305964)
continue (65.0000000000000000 -0.0000000024314605)
continue (70.0000000000000000 -0.0000000024322719)
continue (75.0000000000000000 -0.0000000024330360)
continue (80.0000000000000000 -0.0000000024337581)
continue (85.0000000000000000 -0.0000000024344424)
continue (90.0000000000000000 -0.0000000024350928)
continue (95.0000000000000000 -0.0000000024357127)
continue (100.0000000000000000 -0.0000000024363049)
continue (110.0000000000000000 -0.0000000024374161)
continue (120.0000000000000000 -0.0000000024384431)
continue (130.0000000000000000 -0.0000000024393990)
continue (140.0000000000000000 -0.0000000024402939)
continue (150.0000000000000000 -0.0000000024411362)
continue (160.0000000000000000 -0.0000000024419324)
continue (170.0000000000000000 -0.0000000024426882)
continue (180.0000000000000000 -0.0000000024434080)
continue (190.0000000000000000 -0.0000000024440958)
continue (200.0000000000000000 -0.0000000024447548)
continue (210.0000000000000000 -0.0000000024453878)
continue (220.0000000000000000 -0.0000000024459971)
continue (230.0000000000000000 -0.0000000024465849)
continue (240.0000000000000000 -0.0000000024471531)
continue (250.0000000000000000 -0.0000000024477031)
continue (260.0000000000000000 -0.0000000024482365)
continue (270.0000000000000000 -0.0000000024487544)
continue (280.0000000000000000 -0.0000000024492580)
continue (290.0000000000000000 -0.0000000024497483)
continue (300.0000000000000000 -0.0000000024502262)
continue (310.0000000000000000 -0.0000000024506926)
continue (320.0000000000000000 -0.0000000024511480)
continue (330.0000000000000000 -0.0000000024515932)
continue (340.0000000000000000 -0.0000000024520289)
continue (350.0000000000000000 -0.0000000024524555)
continue (360.0000000000000000 -0.0000000024528736)
continue (370.0000000000000000 -0.0000000024532836)
continue (380.0000000000000000 -0.0000000024536860)
continue (390.0000000000000000 -0.0000000024540812)
continue (400.0000000000000000 -0.0000000024544695)
continue (410.0000000000000000 -0.0000000024548512)
continue (420.0000000000000000 -0.0000000024552267)
continue (430.0000000000000000 -0.0000000024555963)
continue (440.0000000000000000 -0.0000000024559603)
continue (450.0000000000000000 -0.0000000024563188)
continue (460.0000000000000000 -0.0000000024566722)
continue (470.0000000000000000 -0.0000000024570206)
continue (480.0000000000000000 -0.0000000024573642)
continue (490.0000000000000000 -0.0000000024577034)
continue (500.0000000000000000 -0.0000000024580381)
continue (510.0000000000000000 -0.0000000024583687)
continue (520.0000000000000000 -0.0000000024586953)
continue (530.0000000000000000 -0.0000000024590179)
continue (540.0000000000000000 -0.0000000024593369)
continue (550.0000000000000000 -0.0000000024596522)
continue (560.0000000000000000 -0.0000000024599641)
continue (570.0000000000000000 -0.0000000024602727)
continue (580.0000000000000000 -0.0000000024605780)
continue (590.0000000000000000 -0.0000000024608801)
continue (600.0000000000000000 -0.0000000024611793)
continue (610.0000000000000000 -0.0000000024614756)
continue (620.0000000000000000 -0.0000000024617690)
continue (630.0000000000000000 -0.0000000024620597)
continue (640.0000000000000000 -0.0000000024623478)
continue (650.0000000000000000 -0.0000000024626332)
continue (660.0000000000000000 -0.0000000024629162)
continue (670.0000000000000000 -0.0000000024631968)
continue (680.0000000000000000 -0.0000000024634751)
continue (690.0000000000000000 -0.0000000024637510)
continue (700.0000000000000000 -0.0000000024640248)
continue (710.0000000000000000 -0.0000000024642964)
continue (720.0000000000000000 -0.0000000024645659)
continue (730.0000000000000000 -0.0000000024648334)
continue (740.0000000000000000 -0.0000000024650989)
continue (750.0000000000000000 -0.0000000024653625)
continue (760.0000000000000000 -0.0000000024656242)
continue (770.0000000000000000 -0.0000000024658841)
continue (780.0000000000000000 -0.0000000024661422)
continue (790.0000000000000000 -0.0000000024663986)
continue (800.0000000000000000 -0.0000000024666533)
continue (810.0000000000000000 -0.0000000024669063)
continue (820.0000000000000000 -0.0000000024671578)
continue (830.0000000000000000 -0.0000000024674076)
continue (840.0000000000000000 -0.0000000024676560)
continue (850.0000000000000000 -0.0000000024679028)
continue (860.0000000000000000 -0.0000000024681482)
continue (870.0000000000000000 -0.0000000024683921)
continue (880.0000000000000000 -0.0000000024686346)
continue (890.0000000000000000 -0.0000000024688758)
continue (900.0000000000000000 -0.0000000024691156)
continue (910.0000000000000000 -0.0000000024693542)
continue (920.0000000000000000 -0.0000000024695914)
continue (930.0000000000000000 -0.0000000024698274)
continue (940.0000000000000000 -0.0000000024700622)
continue (950.0000000000000000 -0.0000000024702958)
continue (960.0000000000000000 -0.0000000024705282)
continue (970.0000000000000000 -0.0000000024707594)
continue (980.0000000000000000 -0.0000000024709895)
continue (990.0000000000000000 -0.0000000024712185)
continue (1000.0000000000000000 -0.0000000024714465)
continue (1200.0000000000000000 -0.0000000024758061)
continue (1400.0000000000000000 -0.0000000024798643)
continue (1600.0000000000000000 -0.0000000024836998)
continue (1800.0000000000000000 -0.0000000024873636)
continue (2000.0000000000000000 -0.0000000024908904)
continue (2200.0000000000000000 -0.0000000024943050)
continue (2400.0000000000000000 -0.0000000024976256)
continue (2600.0000000000000000 -0.0000000025008656)
continue (2800.0000000000000000 -0.0000000025040351)
continue (3000.0000000000000000 -0.0000000025071416)
continue (3200.0000000000000000 -0.0000000025101907)
continue (3400.0000000000000000 -0.0000000025131860)
continue (3600.0000000000000000 -0.0000000025161301)
continue (3800.0000000000000000 -0.0000000025190243)
continue (4000.0000000000000000 -0.0000000025218689)
continue (4200.0000000000000000 -0.0000000025246638)
continue (4400.0000000000000000 -0.0000000025274082)
continue (4600.0000000000000000 -0.0000000025301007)
continue (4800.0000000000000000 -0.0000000025327400)
continue (5000.0000000000000000 -0.0000000025353245)
continue (5200.0000000000000000 -0.0000000025378524)
continue (5400.0000000000000000 -0.0000000025403223)
continue (5600.0000000000000000 -0.0000000025427328)
continue (5800.0000000000000000 -0.0000000025450826)
continue (6000.0000000000000000 -0.0000000025473707)
continue (6200.0000000000000000 -0.0000000025495968)
continue (6400.0000000000000000 -0.0000000025517603)
continue (6600.0000000000000000 -0.0000000025538612)
continue (6800.0000000000000000 -0.0000000025559000)
continue (7000.0000000000000000 -0.0000000025578787)
continue (7200.0000000000000000 -0.0000000025598011)
continue (7400.0000000000000000 -0.0000000025616704)
continue (7600.0000000000000000 -0.0000000025634893)
continue (7800.0000000000000000 -0.0000000025652605)
continue (8000.0000000000000000 -0.0000000025669865)
continue (8200.0000000000000000 -0.0000000025686694)
continue (8400.0000000000000000 -0.0000000025703114)
continue (8600.0000000000000000 -0.0000000025719143)
continue (8800.0000000000000000 -0.0000000025734800)
continue (9000.0000000000000000 -0.0000000025750102)
continue (9200.0000000000000000 -0.0000000025765064)
continue (9400.0000000000000000 -0.0000000025779701)
continue (9600.0000000000000000 -0.0000000025794026)
continue (9800.0000000000000000 -0.0000000025808053)
continue (10000.0000000000000000 -0.0000000025821793)
continue (10200.0000000000000000 -0.0000000025835258)
continue (10400.0000000000000000 -0.0000000025848459)
continue (10600.0000000000000000 -0.0000000025861406)
continue (10800.0000000000000000 -0.0000000025874107)
continue (11000.0000000000000000 -0.0000000025886574)
continue (11500.0000000000000000 -0.0000000025916763)
continue (12000.0000000000000000 -0.0000000025945652)
continue (12500.0000000000000000 -0.0000000025973347)
continue (13000.0000000000000000 -0.0000000025999943)
continue (13500.0000000000000000 -0.0000000026025524)
continue (14000.0000000000000000 -0.0000000026050162)
continue (14500.0000000000000000 -0.0000000026073924)
continue (15000.0000000000000000 -0.0000000026096870)
continue (15500.0000000000000000 -0.0000000026119054)
continue (16000.0000000000000000 -0.0000000026140524)
continue (16500.0000000000000000 -0.0000000026161325)
continue (17000.0000000000000000 -0.0000000026181495)
continue (17500.0000000000000000 -0.0000000026201073)
continue (18000.0000000000000000 -0.0000000026220092)
continue (18500.0000000000000000 -0.0000000026238582)
continue (19000.0000000000000000 -0.0000000026256572)
continue (19500.0000000000000000 -0.0000000026274087)
continue (20000.0000000000000000 -0.0000000026291152)
continue (20500.0000000000000000 -0.0000000026307790)
continue (21000.0000000000000000 -0.0000000026324021)
continue (21500.0000000000000000 -0.0000000026339863)
continue (22000.0000000000000000 -0.0000000026355336)
continue (22500.0000000000000000 -0.0000000026370456)
continue (23000.0000000000000000 -0.0000000026385237)
continue (23500.0000000000000000 -0.0000000026399696)
continue (24000.0000000000000000 -0.0000000026413846)
continue (24500.0000000000000000 -0.0000000026427699)
continue (25000.0000000000000000 -0.0000000026441267)
continue (25500.0000000000000000 -0.0000000026454562)
continue (26000.0000000000000000 -0.0000000026467595)
continue (26500.0000000000000000 -0.0000000026480375)
continue (27000.0000000000000000 -0.0000000026492913)
continue (27500.0000000000000000 -0.0000000026505216)
continue (28000.0000000000000000 -0.0000000026517293)
continue (28500.0000000000000000 -0.0000000026529153)
continue (29000.0000000000000000 -0.0000000026540803)
continue (29500.0000000000000000 -0.0000000026552251)
continue (30000.0000000000000000 -0.0000000026563502)
continue (30500.0000000000000000 -0.0000000026574564)
continue (31000.0000000000000000 -0.0000000026585443)
continue (31500.0000000000000000 -0.0000000026596145)
continue (32000.0000000000000000 -0.0000000026606675)
continue (32500.0000000000000000 -0.0000000026617039)
continue (33000.0000000000000000 -0.0000000026627241)
continue (33500.0000000000000000 -0.0000000026637287)
continue (34000.0000000000000000 -0.0000000026647182)
continue (34500.0000000000000000 -0.0000000026656929)
continue (35000.0000000000000000 -0.0000000026666533)
continue (35500.0000000000000000 -0.0000000026675998)
continue (36000.0000000000000000 -0.0000000026685329)
continue (36500.0000000000000000 -0.0000000026694528)
continue (37000.0000000000000000 -0.0000000026703599)
continue (37500.0000000000000000 -0.0000000026712547)
continue (38000.0000000000000000 -0.0000000026721373)
continue (38500.0000000000000000 -0.0000000026730082)
continue (39000.0000000000000000 -0.0000000026738676)
continue (39500.0000000000000000 -0.0000000026747158)
continue (40000.0000000000000000 -0.0000000026755532)
continue (40500.0000000000000000 -0.0000000026763799)
continue (41000.0000000000000000 -0.0000000026771962)
continue (41500.0000000000000000 -0.0000000026780025)
continue (42000.0000000000000000 -0.0000000026787989)
continue (42500.0000000000000000 -0.0000000026795857)
continue (43000.0000000000000000 -0.0000000026803631)
continue (43500.0000000000000000 -0.0000000026811313)
continue (44000.0000000000000000 -0.0000000026818905)
continue (44500.0000000000000000 -0.0000000026826410)
continue (45000.0000000000000000 -0.0000000026833829)
continue (45500.0000000000000000 -0.0000000026841165)
continue (46000.0000000000000000 -0.0000000026848418)
continue (46500.0000000000000000 -0.0000000026855591)
continue (47000.0000000000000000 -0.0000000026862686)
continue (47500.0000000000000000 -0.0000000026869704)
continue (48000.0000000000000000 -0.0000000026876647)
continue (48500.0000000000000000 -0.0000000026883517)
continue (49000.0000000000000000 -0.0000000026890314)
continue (49500.0000000000000000 -0.0000000026897041)
continue (50000.0000000000000000 -0.0000000026903699)
continue (50500.0000000000000000 -0.0000000026910289)
continue (51000.0000000000000000 -0.0000000026916812)
continue (51500.0000000000000000 -0.0000000026923271)
continue (52000.0000000000000000 -0.0000000026929665)
continue (52500.0000000000000000 -0.0000000026935997)
continue (53000.0000000000000000 -0.0000000026942268)
continue (53500.0000000000000000 -0.0000000026948478)
continue (54000.0000000000000000 -0.0000000026954629)
continue (54500.0000000000000000 -0.0000000026960723)
continue (55000.0000000000000000 -0.0000000026966759)
continue (55500.0000000000000000 -0.0000000026972739)
continue (56000.0000000000000000 -0.0000000026978665)
continue (56500.0000000000000000 -0.0000000026984536)
continue (57000.0000000000000000 -0.0000000026990355)
continue (57500.0000000000000000 -0.0000000026996121)
continue (58000.0000000000000000 -0.0000000027001837)
continue (58500.0000000000000000 -0.0000000027007502)
continue (59000.0000000000000000 -0.0000000027013117)
continue (59500.0000000000000000 -0.0000000027018685)
continue (60000.0000000000000000 -0.0000000027024204)
continue (60500.0000000000000000 -0.0000000027029677)
continue (61000.0000000000000000 -0.0000000027035103)
continue (61500.0000000000000000 -0.0000000027040484)
continue (62000.0000000000000000 -0.0000000027045820)
continue (62500.0000000000000000 -0.0000000027051113)
continue (63000.0000000000000000 -0.0000000027056362)
continue (63500.0000000000000000 -0.0000000027061569)
continue (64000.0000000000000000 -0.0000000027066733)
continue (64500.0000000000000000 -0.0000000027071857)
continue (65000.0000000000000000 -0.0000000027076940)
continue (65500.0000000000000000 -0.0000000027081983)
continue (66000.0000000000000000 -0.0000000027086987)
continue (66500.0000000000000000 -0.0000000027091952)
continue (67000.0000000000000000 -0.0000000027096879)
continue (67500.0000000000000000 -0.0000000027101768)
continue (68000.0000000000000000 -0.0000000027106621)
continue (68500.0000000000000000 -0.0000000027111437)
continue (69000.0000000000000000 -0.0000000027116216)
continue (69500.0000000000000000 -0.0000000027120961)
continue (70000.0000000000000000 -0.0000000027125671)
continue (70500.0000000000000000 -0.0000000027130346)
continue (71000.0000000000000000 -0.0000000027134987)
continue (71500.0000000000000000 -0.0000000027139595)
continue (72000.0000000000000000 -0.0000000027144170)
continue (72500.0000000000000000 -0.0000000027148713)
continue (73000.0000000000000000 -0.0000000027153223)
continue (73500.0000000000000000 -0.0000000027157702)
continue (74000.0000000000000000 -0.0000000027162150)
continue (74500.0000000000000000 -0.0000000027166566)
continue (75245.0000000000000000 -0.0000000050000000)
continue (7354000.0000000000000000 -0.0000000050000000)
f(nu) = -20.3845579731151254 at 1.0000000000000000 Ryd
