# Faucher-Giguere 2019 
# z = 9.000000
# E [Ryd] log (J_nu)
interpolate (0.0000000100100000 -0.0000000050000000)
continue (0.0990000000000000 -0.0000000050000000)
continue (0.1000000000000000 -0.0000000024517905)
continue (0.1500000000000000 -0.0000000024625320)
continue (0.2000000000000000 -0.0000000024701533)
continue (0.2500000000000001 -0.0000000024760648)
continue (0.3000000000000000 -0.0000000024808949)
continue (0.3500000000000001 -0.0000000024849786)
continue (0.4000000000000001 -0.0000000024885161)
continue (0.4500000000000001 -0.0000000024916364)
continue (0.5000000000000001 -0.0000000024944276)
continue (0.5500000000000002 -0.0000000024969526)
continue (0.6000000000000002 -0.0000000024992577)
continue (0.6500000000000001 -0.0000000025013782)
continue (0.7000000000000002 -0.0000000023636814)
continue (0.7500000000000002 -0.0000000025051692)
continue (0.8000000000000002 -0.0000000025068790)
continue (0.8500000000000002 -0.0000000025084850)
continue (0.9000000000000002 -0.0000000025099993)
continue (0.9500000000000003 -0.0000000025124763)
continue (1.0100000000000000 -0.0000000025639126)
continue (1.0600000000000001 -0.0000000025835539)
continue (1.1100000000000001 -0.0000000025971785)
continue (1.1600000000000001 -0.0000000026054651)
continue (1.2100000000000002 -0.0000000026100371)
continue (1.2600000000000002 -0.0000000026124525)
continue (1.3100000000000003 -0.0000000026137563)
continue (1.3600000000000003 -0.0000000026145313)
continue (1.4100000000000004 -0.0000000026150730)
continue (1.4600000000000004 -0.0000000026155237)
continue (1.5100000000000005 -0.0000000026159942)
continue (1.5600000000000005 -0.0000000026170326)
continue (1.6100000000000005 -0.0000000026181313)
continue (1.6600000000000006 -0.0000000026192330)
continue (1.7100000000000006 -0.0000000026203398)
continue (1.7600000000000007 -0.0000000026214521)
continue (1.8100000000000007 -0.0000000026225695)
continue (1.8600000000000008 -0.0000000026236910)
continue (1.9100000000000008 -0.0000000026248157)
continue (1.9600000000000009 -0.0000000026259426)
continue (2.0000000000000000 -0.0000000026268449)
continue (2.0099999999999998 -0.0000000026270705)
continue (2.0199999999999996 -0.0000000026272961)
continue (2.0299999999999994 -0.0000000026275217)
continue (2.0399999999999991 -0.0000000026277473)
continue (2.0499999999999989 -0.0000000026279729)
continue (2.0599999999999987 -0.0000000026281985)
continue (2.0699999999999985 -0.0000000026284240)
continue (2.0799999999999983 -0.0000000026286495)
continue (2.0899999999999981 -0.0000000026288749)
continue (2.0999999999999979 -0.0000000026291003)
continue (2.1099999999999977 -0.0000000026293256)
continue (2.1199999999999974 -0.0000000026295508)
continue (2.1299999999999972 -0.0000000026297759)
continue (2.1399999999999970 -0.0000000026300010)
continue (2.1499999999999968 -0.0000000026302260)
continue (2.1599999999999966 -0.0000000026304508)
continue (2.1699999999999964 -0.0000000026306756)
continue (2.1799999999999962 -0.0000000026309002)
continue (2.1899999999999959 -0.0000000026311247)
continue (2.1999999999999957 -0.0000000026313491)
continue (2.2099999999999955 -0.0000000026315734)
continue (2.2199999999999953 -0.0000000026317975)
continue (2.2299999999999951 -0.0000000026320215)
continue (2.2399999999999949 -0.0000000026322453)
continue (2.2499999999999947 -0.0000000026324690)
continue (2.2599999999999945 -0.0000000026326925)
continue (2.2699999999999942 -0.0000000026329158)
continue (2.2799999999999940 -0.0000000026331390)
continue (2.2899999999999938 -0.0000000026333620)
continue (2.2999999999999936 -0.0000000026335847)
continue (2.3099999999999934 -0.0000000026338074)
continue (2.3199999999999932 -0.0000000026340298)
continue (2.3299999999999930 -0.0000000026342520)
continue (2.3399999999999928 -0.0000000026344740)
continue (2.3499999999999925 -0.0000000026346958)
continue (2.3599999999999923 -0.0000000026349173)
continue (2.3699999999999921 -0.0000000026351387)
continue (2.3799999999999919 -0.0000000026353598)
continue (2.3899999999999917 -0.0000000026355807)
continue (2.3999999999999915 -0.0000000026358014)
continue (2.4099999999999913 -0.0000000026360218)
continue (2.4199999999999910 -0.0000000026362420)
continue (2.4299999999999908 -0.0000000026364619)
continue (2.4399999999999906 -0.0000000026366816)
continue (2.4499999999999904 -0.0000000026369010)
continue (2.4599999999999902 -0.0000000026371258)
continue (2.4699999999999900 -0.0000000026373629)
continue (2.4799999999999898 -0.0000000026376076)
continue (2.4899999999999896 -0.0000000026378570)
continue (2.4999999999999893 -0.0000000026381090)
continue (2.5099999999999891 -0.0000000026383626)
continue (2.5199999999999889 -0.0000000026386170)
continue (2.5299999999999887 -0.0000000026388716)
continue (2.5399999999999885 -0.0000000026391261)
continue (2.5499999999999883 -0.0000000026393804)
continue (2.5599999999999881 -0.0000000026396344)
continue (2.5699999999999878 -0.0000000026398735)
continue (2.5799999999999876 -0.0000000026401264)
continue (2.5899999999999874 -0.0000000026403788)
continue (2.5999999999999872 -0.0000000026406307)
continue (2.6099999999999870 -0.0000000026408821)
continue (2.6199999999999868 -0.0000000026411329)
continue (2.6299999999999866 -0.0000000026413832)
continue (2.6399999999999864 -0.0000000026416328)
continue (2.6499999999999861 -0.0000000026418819)
continue (2.6599999999999859 -0.0000000026421304)
continue (2.6699999999999857 -0.0000000026423783)
continue (2.6799999999999855 -0.0000000026426256)
continue (2.6899999999999853 -0.0000000026428723)
continue (2.6999999999999851 -0.0000000026431185)
continue (2.7099999999999849 -0.0000000026433513)
continue (2.7199999999999847 -0.0000000026435961)
continue (2.7299999999999844 -0.0000000026438389)
continue (2.7399999999999842 -0.0000000026438742)
continue (2.7499999999999840 -0.0000000026437717)
continue (2.7599999999999838 -0.0000000026433651)
continue (2.7699999999999836 -0.0000000026427703)
continue (2.7799999999999834 -0.0000000026417265)
continue (2.7899999999999832 -0.0000000026413583)
continue (2.7999999999999829 -0.0000000026396508)
continue (2.8099999999999827 -0.0000000026372438)
continue (2.8199999999999825 -0.0000000026339323)
continue (2.8299999999999823 -0.0000000026329205)
continue (2.8399999999999821 -0.0000000026282467)
continue (2.8499999999999819 -0.0000000026223310)
continue (2.8599999999999817 -0.0000000026151428)
continue (2.8699999999999815 -0.0000000026132158)
continue (2.8799999999999812 -0.0000000026044959)
continue (2.8899999999999810 -0.0000000025946716)
continue (2.8999999999999808 -0.0000000025839015)
continue (2.9099999999999806 -0.0000000025812790)
continue (2.9199999999999804 -0.0000000025696367)
continue (2.9299999999999802 -0.0000000025574704)
continue (2.9399999999999800 -0.0000000025546487)
continue (2.9499999999999797 -0.0000000025420665)
continue (2.9599999999999795 -0.0000000025292681)
continue (2.9699999999999793 -0.0000000025264123)
continue (2.9799999999999791 -0.0000000025134932)
continue (2.9899999999999789 -0.0000000025005377)
continue (2.9999999999999787 -0.0000000024977452)
continue (3.0099999999999785 -0.0000000026504346)
continue (3.0199999999999783 -0.0000000026506624)
continue (3.0299999999999780 -0.0000000026508898)
continue (3.0399999999999778 -0.0000000026511166)
continue (3.0499999999999776 -0.0000000026513428)
continue (3.0599999999999774 -0.0000000026515686)
continue (3.0699999999999772 -0.0000000026517938)
continue (3.0799999999999770 -0.0000000026520184)
continue (3.0899999999999768 -0.0000000026522426)
continue (3.0999999999999766 -0.0000000026524662)
continue (3.1099999999999763 -0.0000000026526893)
continue (3.1199999999999761 -0.0000000026529119)
continue (3.1299999999999759 -0.0000000026531340)
continue (3.1399999999999757 -0.0000000026533555)
continue (3.1499999999999755 -0.0000000026535765)
continue (3.1599999999999753 -0.0000000026537971)
continue (3.1699999999999751 -0.0000000026540171)
continue (3.1799999999999748 -0.0000000026542365)
continue (3.1899999999999746 -0.0000000026544555)
continue (3.1999999999999744 -0.0000000026546740)
continue (3.2099999999999742 -0.0000000026548920)
continue (3.2199999999999740 -0.0000000026551094)
continue (3.2299999999999738 -0.0000000026553264)
continue (3.2399999999999736 -0.0000000026555428)
continue (3.2499999999999734 -0.0000000026557780)
continue (3.2599999999999731 -0.0000000026559935)
continue (3.2699999999999729 -0.0000000026562354)
continue (3.2799999999999727 -0.0000000026564872)
continue (3.2899999999999725 -0.0000000026567005)
continue (3.2999999999999723 -0.0000000026569660)
continue (3.3099999999999721 -0.0000000026572518)
continue (3.3199999999999719 -0.0000000026574636)
continue (3.3299999999999716 -0.0000000026577780)
continue (3.3399999999999714 -0.0000000026581333)
continue (3.3499999999999712 -0.0000000026583446)
continue (3.3599999999999710 -0.0000000026587584)
continue (3.3699999999999708 -0.0000000026589699)
continue (3.3799999999999706 -0.0000000026594655)
continue (3.3899999999999704 -0.0000000026600765)
continue (3.3999999999999702 -0.0000000026602879)
continue (3.4099999999999699 -0.0000000026610615)
continue (3.4199999999999697 -0.0000000026620656)
continue (3.4299999999999695 -0.0000000026622802)
continue (3.4399999999999693 -0.0000000026636131)
continue (3.4499999999999691 -0.0000000026638277)
continue (3.4599999999999689 -0.0000000026656428)
continue (3.4699999999999687 -0.0000000026681549)
continue (3.4799999999999685 -0.0000000026683674)
continue (3.4899999999999682 -0.0000000026719622)
continue (3.4999999999999680 -0.0000000026721551)
continue (3.5099999999999678 -0.0000000026774655)
continue (3.5199999999999676 -0.0000000026776475)
continue (3.5299999999999674 -0.0000000026859517)
continue (3.5399999999999672 -0.0000000027004026)
continue (3.5499999999999670 -0.0000000027004651)
continue (3.5599999999999667 -0.0000000026630318)
continue (3.5699999999999665 -0.0000000026632341)
continue (3.5799999999999663 -0.0000000026637678)
continue (3.5899999999999661 -0.0000000026644344)
continue (3.5999999999999659 -0.0000000026646308)
continue (3.6099999999999657 -0.0000000026654757)
continue (3.6199999999999655 -0.0000000026656800)
continue (3.6299999999999653 -0.0000000026667659)
continue (3.6399999999999650 -0.0000000026670455)
continue (3.6499999999999648 -0.0000000026684062)
continue (3.6599999999999646 -0.0000000026698255)
continue (3.6699999999999644 -0.0000000026694765)
continue (3.6799999999999642 -0.0000000026722329)
continue (3.6899999999999640 -0.0000000026715981)
continue (3.6999999999999638 -0.0000000026754802)
continue (3.7099999999999635 -0.0000000026745788)
continue (3.7199999999999633 -0.0000000026801195)
continue (3.7299999999999631 -0.0000000026792318)
continue (3.7399999999999629 -0.0000000026839614)
continue (3.7499999999999627 -0.0000000026857193)
continue (3.7599999999999625 -0.0000000026574578)
continue (3.7699999999999623 -0.0000000026605494)
continue (3.7799999999999621 -0.0000000026561826)
continue (3.7899999999999618 -0.0000000026600225)
continue (3.7999999999999616 -0.0000000026547022)
continue (3.8099999999999614 -0.0000000026492897)
continue (3.8199999999999612 -0.0000000026531490)
continue (3.8299999999999610 -0.0000000026470482)
continue (3.8399999999999608 -0.0000000026515408)
continue (3.8499999999999606 -0.0000000026223997)
continue (3.8599999999999604 -0.0000000026278862)
continue (3.8699999999999601 -0.0000000026176961)
continue (3.8799999999999599 -0.0000000026229146)
continue (3.8899999999999597 -0.0000000025969951)
continue (3.8999999999999595 -0.0000000026026633)
continue (3.9099999999999593 -0.0000000025901895)
continue (3.9199999999999591 -0.0000000025960747)
continue (3.9299999999999589 -0.0000000025831587)
continue (3.9399999999999586 -0.0000000025892353)
continue (3.9499999999999584 -0.0000000025759385)
continue (3.9599999999999582 -0.0000000025821828)
continue (3.9699999999999580 -0.0000000025685151)
continue (3.9799999999999578 -0.0000000025749059)
continue (3.9899999999999576 -0.0000000025609289)
continue (4.0099999999999998 -0.0000000025531567)
continue (4.5099999999999998 -0.0000000027089576)
continue (5.0099999999999998 -0.0000000027120076)
continue (5.5099999999999998 -0.0000000027145428)
continue (6.0099999999999998 -0.0000000027180660)
continue (6.5099999999999998 -0.0000000027218064)
continue (7.0099999999999998 -0.0000000027254123)
continue (7.5099999999999998 -0.0000000027289205)
continue (8.0099999999999998 -0.0000000027322984)
continue (8.5099999999999998 -0.0000000027355738)
continue (9.0099999999999998 -0.0000000027387550)
continue (9.5099999999999998 -0.0000000027418497)
continue (10.0000000000000000 -0.0000000027448052)
continue (10.0099999999999998 -0.0000000027448648)
continue (15.0000000000000000 -0.0000000027716190)
continue (20.0000000000000000 -0.0000000027872169)
continue (25.0000000000000000 -0.0000000027926384)
continue (30.0000000000000000 -0.0000000027977701)
continue (35.0000000000000000 -0.0000000028024548)
continue (40.0000000000000000 -0.0000000028067300)
continue (45.0000000000000000 -0.0000000028099488)
continue (50.0000000000000000 -0.0000000028109471)
continue (55.0000000000000000 -0.0000000028118814)
continue (60.0000000000000000 -0.0000000028127619)
continue (65.0000000000000000 -0.0000000028135909)
continue (70.0000000000000000 -0.0000000028143721)
continue (75.0000000000000000 -0.0000000028151095)
continue (80.0000000000000000 -0.0000000028158072)
continue (85.0000000000000000 -0.0000000028164689)
continue (90.0000000000000000 -0.0000000028170979)
continue (95.0000000000000000 -0.0000000028176973)
continue (100.0000000000000000 -0.0000000028182698)
continue (110.0000000000000000 -0.0000000028193429)
continue (120.0000000000000000 -0.0000000028203333)
continue (130.0000000000000000 -0.0000000028212532)
continue (140.0000000000000000 -0.0000000028221128)
continue (150.0000000000000000 -0.0000000028229201)
continue (160.0000000000000000 -0.0000000028236817)
continue (170.0000000000000000 -0.0000000028244030)
continue (180.0000000000000000 -0.0000000028250885)
continue (190.0000000000000000 -0.0000000028257420)
continue (200.0000000000000000 -0.0000000028263668)
continue (210.0000000000000000 -0.0000000028269657)
continue (220.0000000000000000 -0.0000000028275410)
continue (230.0000000000000000 -0.0000000028280949)
continue (240.0000000000000000 -0.0000000028286291)
continue (250.0000000000000000 -0.0000000028291453)
continue (260.0000000000000000 -0.0000000028296448)
continue (270.0000000000000000 -0.0000000028301289)
continue (280.0000000000000000 -0.0000000028305988)
continue (290.0000000000000000 -0.0000000028310553)
continue (300.0000000000000000 -0.0000000028314995)
continue (310.0000000000000000 -0.0000000028319321)
continue (320.0000000000000000 -0.0000000028323539)
continue (330.0000000000000000 -0.0000000028327655)
continue (340.0000000000000000 -0.0000000028331675)
continue (350.0000000000000000 -0.0000000028335606)
continue (360.0000000000000000 -0.0000000028339451)
continue (370.0000000000000000 -0.0000000028343216)
continue (380.0000000000000000 -0.0000000028346904)
continue (390.0000000000000000 -0.0000000028350521)
continue (400.0000000000000000 -0.0000000028354069)
continue (410.0000000000000000 -0.0000000028357552)
continue (420.0000000000000000 -0.0000000028360973)
continue (430.0000000000000000 -0.0000000028364334)
continue (440.0000000000000000 -0.0000000028367640)
continue (450.0000000000000000 -0.0000000028370892)
continue (460.0000000000000000 -0.0000000028374092)
continue (470.0000000000000000 -0.0000000028377243)
continue (480.0000000000000000 -0.0000000028380346)
continue (490.0000000000000000 -0.0000000028383405)
continue (500.0000000000000000 -0.0000000028386420)
continue (510.0000000000000000 -0.0000000028389393)
continue (520.0000000000000000 -0.0000000028392327)
continue (530.0000000000000000 -0.0000000028395221)
continue (540.0000000000000000 -0.0000000028398079)
continue (550.0000000000000000 -0.0000000028400901)
continue (560.0000000000000000 -0.0000000028403688)
continue (570.0000000000000000 -0.0000000028406443)
continue (580.0000000000000000 -0.0000000028409165)
continue (590.0000000000000000 -0.0000000028411856)
continue (600.0000000000000000 -0.0000000028414517)
continue (610.0000000000000000 -0.0000000028417149)
continue (620.0000000000000000 -0.0000000028419754)
continue (630.0000000000000000 -0.0000000028422331)
continue (640.0000000000000000 -0.0000000028424882)
continue (650.0000000000000000 -0.0000000028427407)
continue (660.0000000000000000 -0.0000000028429908)
continue (670.0000000000000000 -0.0000000028432385)
continue (680.0000000000000000 -0.0000000028434838)
continue (690.0000000000000000 -0.0000000028437269)
continue (700.0000000000000000 -0.0000000028439678)
continue (710.0000000000000000 -0.0000000028442066)
continue (720.0000000000000000 -0.0000000028444434)
continue (730.0000000000000000 -0.0000000028446781)
continue (740.0000000000000000 -0.0000000028449108)
continue (750.0000000000000000 -0.0000000028451417)
continue (760.0000000000000000 -0.0000000028453707)
continue (770.0000000000000000 -0.0000000028455979)
continue (780.0000000000000000 -0.0000000028458233)
continue (790.0000000000000000 -0.0000000028460470)
continue (800.0000000000000000 -0.0000000028462691)
continue (810.0000000000000000 -0.0000000028464895)
continue (820.0000000000000000 -0.0000000028467083)
continue (830.0000000000000000 -0.0000000028469256)
continue (840.0000000000000000 -0.0000000028471414)
continue (850.0000000000000000 -0.0000000028473557)
continue (860.0000000000000000 -0.0000000028475685)
continue (870.0000000000000000 -0.0000000028477800)
continue (880.0000000000000000 -0.0000000028479900)
continue (890.0000000000000000 -0.0000000028481987)
continue (900.0000000000000000 -0.0000000028484061)
continue (910.0000000000000000 -0.0000000028486123)
continue (920.0000000000000000 -0.0000000028488171)
continue (930.0000000000000000 -0.0000000028490207)
continue (940.0000000000000000 -0.0000000028492231)
continue (950.0000000000000000 -0.0000000028494244)
continue (960.0000000000000000 -0.0000000028496245)
continue (970.0000000000000000 -0.0000000028498234)
continue (980.0000000000000000 -0.0000000028500213)
continue (990.0000000000000000 -0.0000000028502180)
continue (1000.0000000000000000 -0.0000000028504137)
continue (1200.0000000000000000 -0.0000000028541328)
continue (1400.0000000000000000 -0.0000000028575583)
continue (1600.0000000000000000 -0.0000000028607688)
continue (1800.0000000000000000 -0.0000000028638151)
continue (2000.0000000000000000 -0.0000000028667318)
continue (2200.0000000000000000 -0.0000000028695438)
continue (2400.0000000000000000 -0.0000000028722692)
continue (2600.0000000000000000 -0.0000000028749219)
continue (2800.0000000000000000 -0.0000000028775128)
continue (3000.0000000000000000 -0.0000000028800502)
continue (3200.0000000000000000 -0.0000000028825412)
continue (3400.0000000000000000 -0.0000000028849914)
continue (3600.0000000000000000 -0.0000000028874053)
continue (3800.0000000000000000 -0.0000000028897870)
continue (4000.0000000000000000 -0.0000000028921398)
continue (4200.0000000000000000 -0.0000000028944663)
continue (4400.0000000000000000 -0.0000000028967692)
continue (4600.0000000000000000 -0.0000000028990505)
continue (4800.0000000000000000 -0.0000000029013120)
continue (5000.0000000000000000 -0.0000000029035554)
continue (5200.0000000000000000 -0.0000000029057820)
continue (5400.0000000000000000 -0.0000000029079931)
continue (5600.0000000000000000 -0.0000000029101899)
continue (5800.0000000000000000 -0.0000000029123733)
continue (6000.0000000000000000 -0.0000000029145443)
continue (6200.0000000000000000 -0.0000000029167031)
continue (6400.0000000000000000 -0.0000000029188424)
continue (6600.0000000000000000 -0.0000000029209467)
continue (6800.0000000000000000 -0.0000000029229915)
continue (7000.0000000000000000 -0.0000000029249744)
continue (7200.0000000000000000 -0.0000000029269009)
continue (7400.0000000000000000 -0.0000000029287743)
continue (7600.0000000000000000 -0.0000000029305972)
continue (7800.0000000000000000 -0.0000000029323724)
continue (8000.0000000000000000 -0.0000000029341023)
continue (8200.0000000000000000 -0.0000000029357891)
continue (8400.0000000000000000 -0.0000000029374348)
continue (8600.0000000000000000 -0.0000000029390416)
continue (8800.0000000000000000 -0.0000000029406110)
continue (9000.0000000000000000 -0.0000000029421448)
continue (9200.0000000000000000 -0.0000000029436446)
continue (9400.0000000000000000 -0.0000000029451119)
continue (9600.0000000000000000 -0.0000000029465480)
continue (9800.0000000000000000 -0.0000000029479542)
continue (10000.0000000000000000 -0.0000000029493317)
continue (10200.0000000000000000 -0.0000000029506816)
continue (10400.0000000000000000 -0.0000000029520051)
continue (10600.0000000000000000 -0.0000000029533031)
continue (10800.0000000000000000 -0.0000000029545767)
continue (11000.0000000000000000 -0.0000000029558266)
continue (11500.0000000000000000 -0.0000000029588536)
continue (12000.0000000000000000 -0.0000000029617504)
continue (12500.0000000000000000 -0.0000000029645278)
continue (13000.0000000000000000 -0.0000000029671950)
continue (13500.0000000000000000 -0.0000000029697604)
continue (14000.0000000000000000 -0.0000000029722315)
continue (14500.0000000000000000 -0.0000000029746149)
continue (15000.0000000000000000 -0.0000000029769166)
continue (15500.0000000000000000 -0.0000000029791419)
continue (16000.0000000000000000 -0.0000000029812957)
continue (16500.0000000000000000 -0.0000000029833824)
continue (17000.0000000000000000 -0.0000000029854060)
continue (17500.0000000000000000 -0.0000000029873703)
continue (18000.0000000000000000 -0.0000000029892785)
continue (18500.0000000000000000 -0.0000000029911338)
continue (19000.0000000000000000 -0.0000000029929389)
continue (19500.0000000000000000 -0.0000000029946965)
continue (20000.0000000000000000 -0.0000000029964091)
continue (20500.0000000000000000 -0.0000000029980787)
continue (21000.0000000000000000 -0.0000000029997076)
continue (21500.0000000000000000 -0.0000000030012976)
continue (22000.0000000000000000 -0.0000000030028506)
continue (22500.0000000000000000 -0.0000000030043682)
continue (23000.0000000000000000 -0.0000000030058519)
continue (23500.0000000000000000 -0.0000000030073033)
continue (24000.0000000000000000 -0.0000000030087236)
continue (24500.0000000000000000 -0.0000000030101143)
continue (25000.0000000000000000 -0.0000000030114764)
continue (25500.0000000000000000 -0.0000000030128112)
continue (26000.0000000000000000 -0.0000000030141196)
continue (26500.0000000000000000 -0.0000000030154028)
continue (27000.0000000000000000 -0.0000000030166615)
continue (27500.0000000000000000 -0.0000000030178969)
continue (28000.0000000000000000 -0.0000000030191096)
continue (28500.0000000000000000 -0.0000000030203005)
continue (29000.0000000000000000 -0.0000000030214704)
continue (29500.0000000000000000 -0.0000000030226199)
continue (30000.0000000000000000 -0.0000000030237498)
continue (30500.0000000000000000 -0.0000000030248608)
continue (31000.0000000000000000 -0.0000000030259533)
continue (31500.0000000000000000 -0.0000000030270281)
continue (32000.0000000000000000 -0.0000000030280857)
continue (32500.0000000000000000 -0.0000000030291266)
continue (33000.0000000000000000 -0.0000000030301514)
continue (33500.0000000000000000 -0.0000000030311605)
continue (34000.0000000000000000 -0.0000000030321544)
continue (34500.0000000000000000 -0.0000000030331335)
continue (35000.0000000000000000 -0.0000000030340983)
continue (35500.0000000000000000 -0.0000000030350491)
continue (36000.0000000000000000 -0.0000000030359865)
continue (36500.0000000000000000 -0.0000000030369106)
continue (37000.0000000000000000 -0.0000000030378220)
continue (37500.0000000000000000 -0.0000000030387209)
continue (38000.0000000000000000 -0.0000000030396077)
continue (38500.0000000000000000 -0.0000000030404827)
continue (39000.0000000000000000 -0.0000000030413462)
continue (39500.0000000000000000 -0.0000000030421985)
continue (40000.0000000000000000 -0.0000000030430398)
continue (40500.0000000000000000 -0.0000000030438706)
continue (41000.0000000000000000 -0.0000000030446909)
continue (41500.0000000000000000 -0.0000000030455011)
continue (42000.0000000000000000 -0.0000000030463014)
continue (42500.0000000000000000 -0.0000000030470921)
continue (43000.0000000000000000 -0.0000000030478734)
continue (43500.0000000000000000 -0.0000000030486454)
continue (44000.0000000000000000 -0.0000000030494085)
continue (44500.0000000000000000 -0.0000000030501627)
continue (45000.0000000000000000 -0.0000000030509084)
continue (45500.0000000000000000 -0.0000000030516457)
continue (46000.0000000000000000 -0.0000000030523747)
continue (46500.0000000000000000 -0.0000000030530957)
continue (47000.0000000000000000 -0.0000000030538089)
continue (47500.0000000000000000 -0.0000000030545143)
continue (48000.0000000000000000 -0.0000000030552122)
continue (48500.0000000000000000 -0.0000000030559028)
continue (49000.0000000000000000 -0.0000000030565861)
continue (49500.0000000000000000 -0.0000000030572623)
continue (50000.0000000000000000 -0.0000000030579316)
continue (50500.0000000000000000 -0.0000000030585941)
continue (51000.0000000000000000 -0.0000000030592500)
continue (51500.0000000000000000 -0.0000000030598993)
continue (52000.0000000000000000 -0.0000000030605422)
continue (52500.0000000000000000 -0.0000000030611788)
continue (53000.0000000000000000 -0.0000000030618093)
continue (53500.0000000000000000 -0.0000000030624337)
continue (54000.0000000000000000 -0.0000000030630522)
continue (54500.0000000000000000 -0.0000000030636648)
continue (55000.0000000000000000 -0.0000000030642718)
continue (55500.0000000000000000 -0.0000000030648731)
continue (56000.0000000000000000 -0.0000000030654690)
continue (56500.0000000000000000 -0.0000000030660594)
continue (57000.0000000000000000 -0.0000000030666445)
continue (57500.0000000000000000 -0.0000000030672244)
continue (58000.0000000000000000 -0.0000000030677992)
continue (58500.0000000000000000 -0.0000000030683689)
continue (59000.0000000000000000 -0.0000000030689336)
continue (59500.0000000000000000 -0.0000000030694935)
continue (60000.0000000000000000 -0.0000000030700486)
continue (60500.0000000000000000 -0.0000000030705990)
continue (61000.0000000000000000 -0.0000000030711448)
continue (61500.0000000000000000 -0.0000000030716860)
continue (62000.0000000000000000 -0.0000000030722227)
continue (62500.0000000000000000 -0.0000000030727551)
continue (63000.0000000000000000 -0.0000000030732830)
continue (63500.0000000000000000 -0.0000000030738067)
continue (64000.0000000000000000 -0.0000000030743263)
continue (64500.0000000000000000 -0.0000000030748416)
continue (65000.0000000000000000 -0.0000000030753530)
continue (65500.0000000000000000 -0.0000000030758603)
continue (66000.0000000000000000 -0.0000000030763636)
continue (66500.0000000000000000 -0.0000000030768631)
continue (67000.0000000000000000 -0.0000000030773587)
continue (67500.0000000000000000 -0.0000000030778506)
continue (68000.0000000000000000 -0.0000000030783387)
continue (68500.0000000000000000 -0.0000000030788232)
continue (69000.0000000000000000 -0.0000000030793041)
continue (69500.0000000000000000 -0.0000000030797815)
continue (70000.0000000000000000 -0.0000000030802553)
continue (70500.0000000000000000 -0.0000000030807257)
continue (71000.0000000000000000 -0.0000000030811926)
continue (71500.0000000000000000 -0.0000000030816563)
continue (72000.0000000000000000 -0.0000000030821166)
continue (72500.0000000000000000 -0.0000000030825736)
continue (73000.0000000000000000 -0.0000000030830275)
continue (73500.0000000000000000 -0.0000000030834781)
continue (74000.0000000000000000 -0.0000000030839257)
continue (74500.0000000000000000 -0.0000000030843701)
continue (75245.0000000000000000 -0.0000000050000000)
continue (7354000.0000000000000000 -0.0000000050000000)
f(nu) = -24.4563472199384755 at 1.0000000000000000 Ryd
