# Faucher-Giguere 2019 
# z = 0.000000
# E [Ryd] log (J_nu)
interpolate (0.0000000100100000 -50.0000000000000000)
continue (0.0990000000000000 -50.0000000000000000)
continue (0.1000000000000000 -20.0109247494073870)
continue (0.1500000000000000 -20.1370589417223869)
continue (0.2000000000000000 -20.2280470066494225)
continue (0.2500000000000001 -20.2960559006043724)
continue (0.3000000000000000 -20.3670951855953000)
continue (0.3500000000000001 -20.4598482177988110)
continue (0.4000000000000001 -20.5673020429199909)
continue (0.4500000000000001 -20.6496981796816428)
continue (0.5000000000000001 -20.7649152083704926)
continue (0.5500000000000002 -20.8592425483008057)
continue (0.6000000000000002 -20.9649538758767306)
continue (0.6500000000000001 -21.0534391562130629)
continue (0.7000000000000002 -21.1643911072658817)
continue (0.7500000000000002 -21.4389440383993595)
continue (0.8000000000000002 -21.6332995617159938)
continue (0.8500000000000002 -21.7738049830957117)
continue (0.9000000000000002 -21.9094512204652574)
continue (0.9500000000000003 -22.0985002769642556)
continue (1.0100000000000000 -22.8540993996173256)
continue (1.0600000000000001 -22.8906903964726922)
continue (1.1100000000000001 -22.9261007698104642)
continue (1.1600000000000001 -22.9608645451461193)
continue (1.2100000000000002 -22.9923691778364194)
continue (1.2600000000000002 -23.0217927645771852)
continue (1.3100000000000003 -23.0517909059402406)
continue (1.3600000000000003 -23.0839179031144539)
continue (1.4100000000000004 -23.1147758524848648)
continue (1.4600000000000004 -23.1489332166530204)
continue (1.5100000000000005 -23.1795321128838729)
continue (1.5600000000000005 -23.2119833983677708)
continue (1.6100000000000005 -23.2478597717292388)
continue (1.6600000000000006 -23.2811040487580740)
continue (1.7100000000000006 -23.3199543084666487)
continue (1.7600000000000007 -23.3535395190712904)
continue (1.8100000000000007 -23.3875905944686266)
continue (1.8600000000000008 -23.4216361949201719)
continue (1.9100000000000008 -23.4632734527452875)
continue (1.9600000000000009 -23.4988465057471032)
continue (2.0000000000000000 -23.5208195578673696)
continue (2.0099999999999998 -23.5333034766488254)
continue (2.0199999999999996 -23.5398064490535326)
continue (2.0299999999999994 -23.5475546029200729)
continue (2.0399999999999991 -23.5542041896308518)
continue (2.0499999999999989 -23.5618050972548474)
continue (2.0599999999999987 -23.5685350446926023)
continue (2.0699999999999985 -23.5746148712985892)
continue (2.0799999999999983 -23.5819556891071613)
continue (2.0899999999999981 -23.5884986376652144)
continue (2.0999999999999979 -23.5959826156849317)
continue (2.1099999999999977 -23.6034348183363925)
continue (2.1199999999999974 -23.6105602374383317)
continue (2.1299999999999972 -23.6172458003888863)
continue (2.1399999999999970 -23.6249240469246438)
continue (2.1499999999999968 -23.6286463826347415)
continue (2.1599999999999966 -23.6354555371850701)
continue (2.1699999999999964 -23.6434514550192105)
continue (2.1799999999999962 -23.6498065359856113)
continue (2.1899999999999959 -23.6571397658879761)
continue (2.1999999999999957 -23.6643599344069031)
continue (2.2099999999999955 -23.6716710686448017)
continue (2.2199999999999953 -23.6763421759723514)
continue (2.2299999999999951 -23.6824776183830679)
continue (2.2399999999999949 -23.6898191119333603)
continue (2.2499999999999947 -23.6967309335887855)
continue (2.2599999999999945 -23.7040377129329300)
continue (2.2699999999999942 -23.7088161122191288)
continue (2.2799999999999940 -23.7161257508068637)
continue (2.2899999999999938 -23.7230798151499016)
continue (2.2999999999999936 -23.7301507784425176)
continue (2.3099999999999934 -23.7339136754057165)
continue (2.3199999999999932 -23.7410120338658785)
continue (2.3299999999999930 -23.7478009661843608)
continue (2.3399999999999928 -23.7552467228509094)
continue (2.3499999999999925 -23.7595727497612437)
continue (2.3599999999999923 -23.7668787024037584)
continue (2.3699999999999921 -23.7736571992737993)
continue (2.3799999999999919 -23.7785549044509246)
continue (2.3899999999999917 -23.7855090861606477)
continue (2.3999999999999915 -23.7925561020106535)
continue (2.4099999999999913 -23.7983366756587813)
continue (2.4199999999999910 -23.8033288675799071)
continue (2.4299999999999908 -23.8099482527137276)
continue (2.4399999999999906 -23.8168006296574077)
continue (2.4499999999999904 -23.8215051788152294)
continue (2.4599999999999902 -23.8281729771323789)
continue (2.4699999999999900 -23.8353977456902655)
continue (2.4799999999999898 -23.8395829229103313)
continue (2.4899999999999896 -23.8467221257886983)
continue (2.4999999999999893 -23.8509339377107921)
continue (2.5099999999999891 -23.8570420487832955)
continue (2.5199999999999889 -23.8635766069476425)
continue (2.5299999999999887 -23.8681206123469849)
continue (2.5399999999999885 -23.8750135001777721)
continue (2.5499999999999883 -23.8816641073917211)
continue (2.5599999999999881 -23.8861168512153519)
continue (2.5699999999999878 -23.8926985358847830)
continue (2.5799999999999876 -23.8969729290708486)
continue (2.5899999999999874 -23.9039412615223910)
continue (2.5999999999999872 -23.9100395166598183)
continue (2.6099999999999870 -23.9139259772341930)
continue (2.6199999999999868 -23.9201410898117430)
continue (2.6299999999999866 -23.9245839472695501)
continue (2.6399999999999864 -23.9312215994322521)
continue (2.6499999999999861 -23.9376351112521419)
continue (2.6599999999999859 -23.9420323862767681)
continue (2.6699999999999857 -23.9482926942800241)
continue (2.6799999999999855 -23.9525668359440047)
continue (2.6899999999999853 -23.9590663402423516)
continue (2.6999999999999851 -23.9630372597553212)
continue (2.7099999999999849 -23.9696697883697816)
continue (2.7199999999999847 -23.9736231568441980)
continue (2.7299999999999844 -23.9791374190163289)
continue (2.7399999999999842 -23.9852789150134882)
continue (2.7499999999999840 -23.9896040528527550)
continue (2.7599999999999838 -23.9954861298542284)
continue (2.7699999999999836 -23.9998879438150929)
continue (2.7799999999999834 -24.0058066327371868)
continue (2.7899999999999832 -24.0099677652329113)
continue (2.7999999999999829 -24.0160225502524689)
continue (2.8099999999999827 -24.0200575410192485)
continue (2.8199999999999825 -24.0259746541000574)
continue (2.8299999999999823 -24.0305227958435381)
continue (2.8399999999999821 -24.0356431840888156)
continue (2.8499999999999819 -24.0404533641853639)
continue (2.8599999999999817 -24.0448335284544541)
continue (2.8699999999999815 -24.0490835889806789)
continue (2.8799999999999812 -24.0548594938523479)
continue (2.8899999999999810 -24.0587533068419468)
continue (2.8999999999999808 -24.0642414859594354)
continue (2.9099999999999806 -24.0683443257145733)
continue (2.9199999999999804 -24.0736410435731081)
continue (2.9299999999999802 -24.0777612917595256)
continue (2.9399999999999800 -24.0819071901357589)
continue (2.9499999999999797 -24.0871792249528802)
continue (2.9599999999999795 -24.0911403646788180)
continue (2.9699999999999793 -24.0963813788672496)
continue (2.9799999999999791 -24.1004241488515589)
continue (2.9899999999999789 -24.1053593513603452)
continue (2.9999999999999787 -24.1097771615986609)
continue (3.0099999999999785 -24.1905411742800673)
continue (3.0199999999999783 -24.1945867116119366)
continue (3.0299999999999780 -24.1979054341692610)
continue (3.0399999999999778 -24.2020937982493329)
continue (3.0499999999999776 -24.2061079342177337)
continue (3.0599999999999774 -24.2097434940339156)
continue (3.0699999999999772 -24.2136799771164846)
continue (3.0799999999999770 -24.2173991272668374)
continue (3.0899999999999768 -24.2210615237938640)
continue (3.0999999999999766 -24.2249395592506396)
continue (3.1099999999999763 -24.2283157926061108)
continue (3.1199999999999761 -24.2321971272189742)
continue (3.1299999999999759 -24.2354661435625900)
continue (3.1399999999999757 -24.2392033228088906)
continue (3.1499999999999755 -24.2420297634689454)
continue (3.1599999999999753 -24.2462206940272083)
continue (3.1699999999999751 -24.2498485966446253)
continue (3.1799999999999748 -24.2527529246670674)
continue (3.1899999999999746 -24.2568691515955308)
continue (3.1999999999999744 -24.2602527733731144)
continue (3.2099999999999742 -24.2632612191063117)
continue (3.2199999999999740 -24.2672150256153003)
continue (3.2299999999999738 -24.2687387557368588)
continue (3.2399999999999736 -24.2735467517422272)
continue (3.2499999999999734 -24.2773334134473266)
continue (3.2599999999999731 -24.2787310583472689)
continue (3.2699999999999729 -24.2836541470126832)
continue (3.2799999999999727 -24.2844402790581135)
continue (3.2899999999999725 -24.2885540371137232)
continue (3.2999999999999723 -24.2933440605981943)
continue (3.3099999999999721 -24.2938635921587149)
continue (3.3199999999999719 -24.2980763453083668)
continue (3.3299999999999716 -24.3029242537455694)
continue (3.3399999999999714 -24.3032428887656486)
continue (3.3499999999999712 -24.3074819119013839)
continue (3.3599999999999710 -24.3122067295327611)
continue (3.3699999999999708 -24.3122228189412688)
continue (3.3799999999999706 -24.3165013492451081)
continue (3.3899999999999704 -24.3159714975388646)
continue (3.3999999999999702 -24.3208308844818042)
continue (3.4099999999999699 -24.3252333397544334)
continue (3.4199999999999697 -24.3241655986425371)
continue (3.4299999999999695 -24.3290762742658515)
continue (3.4399999999999693 -24.3335792263864832)
continue (3.4499999999999691 -24.3318834427728738)
continue (3.4599999999999689 -24.3370055700461201)
continue (3.4699999999999687 -24.3415685683113132)
continue (3.4799999999999685 -24.3392551858129558)
continue (3.4899999999999682 -24.3446377261430129)
continue (3.4999999999999680 -24.3493579922932675)
continue (3.5099999999999678 -24.3461315953559279)
continue (3.5199999999999676 -24.3517520596336183)
continue (3.5299999999999674 -24.3568336917494399)
continue (3.5399999999999672 -24.3527356561195916)
continue (3.5499999999999670 -24.3583674253502984)
continue (3.5599999999999667 -24.3596754551405361)
continue (3.5699999999999665 -24.3644503116456193)
continue (3.5799999999999663 -24.3605312123377367)
continue (3.5899999999999661 -24.3660459913313829)
continue (3.5999999999999659 -24.3711684672040825)
continue (3.6099999999999657 -24.3663348329846343)
continue (3.6199999999999655 -24.3721364088921035)
continue (3.6299999999999653 -24.3774828769424232)
continue (3.6399999999999650 -24.3714994087443770)
continue (3.6499999999999648 -24.3775623340310545)
continue (3.6599999999999646 -24.3831916422037622)
continue (3.6699999999999644 -24.3759356602748056)
continue (3.6799999999999642 -24.3822650474617113)
continue (3.6899999999999640 -24.3882487067574836)
continue (3.6999999999999638 -24.3936125492170852)
continue (3.7099999999999635 -24.3861835941757548)
continue (3.7199999999999633 -24.3924306267885136)
continue (3.7299999999999631 -24.3983437155254705)
continue (3.7399999999999629 -24.3894503868089849)
continue (3.7499999999999627 -24.3958769052143936)
continue (3.7599999999999625 -24.3999377248095008)
continue (3.7699999999999623 -24.4057538805658396)
continue (3.7799999999999621 -24.3963314461618168)
continue (3.7899999999999618 -24.4028930613195314)
continue (3.7999999999999616 -24.4092188624618842)
continue (3.8099999999999614 -24.3980650154558916)
continue (3.8199999999999612 -24.4050596796958885)
continue (3.8299999999999610 -24.4116816099362808)
continue (3.8399999999999608 -24.4179430767583057)
continue (3.8499999999999606 -24.4046580377431681)
continue (3.8599999999999604 -24.4117328909437781)
continue (3.8699999999999601 -24.4184221062915938)
continue (3.8799999999999599 -24.4247056257093007)
continue (3.8899999999999597 -24.4110654873637998)
continue (3.8999999999999595 -24.4182551797265823)
continue (3.9099999999999593 -24.4250321024456625)
continue (3.9199999999999591 -24.4313542051827461)
continue (3.9299999999999589 -24.4177766013359268)
continue (3.9399999999999586 -24.4250724977714313)
continue (3.9499999999999584 -24.4320083216663733)
continue (3.9599999999999582 -24.4384171334421687)
continue (3.9699999999999580 -24.4240905645211583)
continue (3.9799999999999578 -24.4315165587888075)
continue (3.9899999999999576 -24.4385609040097336)
continue (4.0099999999999998 -24.4296978471030606)
continue (4.5099999999999998 -24.5512341904341191)
continue (5.0099999999999998 -24.5944464927223976)
continue (5.5099999999999998 -24.6359127023062889)
continue (6.0099999999999998 -24.6753992587154265)
continue (6.5099999999999998 -24.7121907546753725)
continue (7.0099999999999998 -24.7457944832978285)
continue (7.5099999999999998 -24.7758798906578619)
continue (8.0099999999999998 -24.8023390433519424)
continue (8.5099999999999998 -24.8253830701600151)
continue (9.0099999999999998 -24.8453934111967278)
continue (9.5099999999999998 -24.8628041766244152)
continue (10.0000000000000000 -24.8778403677365425)
continue (10.0099999999999998 -24.8781252960162860)
continue (15.0000000000000000 -24.9767987934732822)
continue (20.0000000000000000 -25.0326342791656806)
continue (25.0000000000000000 -25.0650722214938000)
continue (30.0000000000000000 -25.0866445011547334)
continue (35.0000000000000000 -25.1035735424659237)
continue (40.0000000000000000 -25.1180679330428767)
continue (45.0000000000000000 -25.1309664554561607)
continue (50.0000000000000000 -25.1426804561484474)
continue (55.0000000000000000 -25.1534790000162687)
continue (60.0000000000000000 -25.1634942633772276)
continue (65.0000000000000000 -25.1728349901573409)
continue (70.0000000000000000 -25.1815911324304196)
continue (75.0000000000000000 -25.1898370869202459)
continue (80.0000000000000000 -25.1976346580623414)
continue (85.0000000000000000 -25.2050355192427702)
continue (90.0000000000000000 -25.2120831833936094)
continue (95.0000000000000000 -25.2188145595070381)
continue (100.0000000000000000 -25.2252611783891609)
continue (110.0000000000000000 -25.2374049810680994)
continue (120.0000000000000000 -25.2486913826860331)
continue (130.0000000000000000 -25.2592557879886996)
continue (140.0000000000000000 -25.2692040603935268)
continue (150.0000000000000000 -25.2786204638194221)
continue (160.0000000000000000 -25.2875731279912266)
continue (170.0000000000000000 -25.2961179001119802)
continue (180.0000000000000000 -25.3043011182794899)
continue (190.0000000000000000 -25.3121616474360138)
continue (200.0000000000000000 -25.3197324001179034)
continue (210.0000000000000000 -25.3270414902793810)
continue (220.0000000000000000 -25.3341131211787989)
continue (230.0000000000000000 -25.3409682774305338)
continue (240.0000000000000000 -25.3476252707397514)
continue (250.0000000000000000 -25.3541001748598873)
continue (260.0000000000000000 -25.3604071756551690)
continue (270.0000000000000000 -25.3665588553747412)
continue (280.0000000000000000 -25.3725664254168173)
continue (290.0000000000000000 -25.3784399183786142)
continue (300.0000000000000000 -25.3841883476399346)
continue (310.0000000000000000 -25.3898198408449147)
continue (320.0000000000000000 -25.3953417522389735)
continue (330.0000000000000000 -25.4007607577535168)
continue (340.0000000000000000 -25.4060829359212690)
continue (350.0000000000000000 -25.4113138370812415)
continue (360.0000000000000000 -25.4164585428485807)
continue (370.0000000000000000 -25.4215217174468542)
continue (380.0000000000000000 -25.4265076522029787)
continue (390.0000000000000000 -25.4314203042688014)
continue (400.0000000000000000 -25.4362633304449623)
continue (410.0000000000000000 -25.4410401168323190)
continue (420.0000000000000000 -25.4457538049129326)
continue (430.0000000000000000 -25.4504073145648242)
continue (440.0000000000000000 -25.4550033644325424)
continue (450.0000000000000000 -25.4595444900101704)
continue (460.0000000000000000 -25.4640330597380462)
continue (470.0000000000000000 -25.4684712893693579)
continue (480.0000000000000000 -25.4728612548249771)
continue (490.0000000000000000 -25.4772049037235178)
continue (500.0000000000000000 -25.4815040657471279)
continue (510.0000000000000000 -25.4857604619813252)
continue (520.0000000000000000 -25.4899757133480449)
continue (530.0000000000000000 -25.4941513482360591)
continue (540.0000000000000000 -25.4982888094180957)
continue (550.0000000000000000 -25.5023894603337773)
continue (560.0000000000000000 -25.5064545908064488)
continue (570.0000000000000000 -25.5104854222542272)
continue (580.0000000000000000 -25.5144831124479836)
continue (590.0000000000000000 -25.5184487598627356)
continue (600.0000000000000000 -25.5223834076634581)
continue (610.0000000000000000 -25.5262880473613905)
continue (620.0000000000000000 -25.5301636221719406)
continue (630.0000000000000000 -25.5340110301043666)
continue (640.0000000000000000 -25.5378311268109073)
continue (650.0000000000000000 -25.5416247282123798)
continue (660.0000000000000000 -25.5453926129238376)
continue (670.0000000000000000 -25.5491355244978706)
continue (680.0000000000000000 -25.5528541735015580)
continue (690.0000000000000000 -25.5565492394419422)
continue (700.0000000000000000 -25.5602213725527463)
continue (710.0000000000000000 -25.5638711954544036)
continue (720.0000000000000000 -25.5674993046972219)
continue (730.0000000000000000 -25.5711062721979232)
continue (740.0000000000000000 -25.5746926465824913)
continue (750.0000000000000000 -25.5782589544277066)
continue (760.0000000000000000 -25.5818057014370623)
continue (770.0000000000000000 -25.5853333735244206)
continue (780.0000000000000000 -25.5888424378279105)
continue (790.0000000000000000 -25.5923333436790159)
continue (800.0000000000000000 -25.5958065234846188)
continue (810.0000000000000000 -25.5992623935674821)
continue (820.0000000000000000 -25.6027013549530125)
continue (830.0000000000000000 -25.6061237941079618)
continue (840.0000000000000000 -25.6095300836344997)
continue (850.0000000000000000 -25.6129205829232554)
continue (860.0000000000000000 -25.6162956387679159)
continue (870.0000000000000000 -25.6196555859405279)
continue (880.0000000000000000 -25.6230007477020969)
continue (890.0000000000000000 -25.6263314364210082)
continue (900.0000000000000000 -25.6296479539679254)
continue (910.0000000000000000 -25.6329505921156127)
continue (920.0000000000000000 -25.6362396331507902)
continue (930.0000000000000000 -25.6395153501720507)
continue (940.0000000000000000 -25.6427780073328364)
continue (950.0000000000000000 -25.6460278606564636)
continue (960.0000000000000000 -25.6492651576673829)
continue (970.0000000000000000 -25.6524901386124355)
continue (980.0000000000000000 -25.6557030358544935)
continue (990.0000000000000000 -25.6589040748837398)
continue (1000.0000000000000000 -25.6620934744077971)
continue (1200.0000000000000000 -25.7237225036230441)
continue (1400.0000000000000000 -25.7820017367563139)
continue (1600.0000000000000000 -25.8376763872542838)
continue (1800.0000000000000000 -25.8911734236865918)
continue (2000.0000000000000000 -25.9427237756487621)
continue (2200.0000000000000000 -25.9924350601156711)
continue (2400.0000000000000000 -26.0403424248942486)
continue (2600.0000000000000000 -26.0864443435751419)
continue (2800.0000000000000000 -26.1307307483816800)
continue (3000.0000000000000000 -26.1731982736948261)
continue (3200.0000000000000000 -26.2138655339184155)
continue (3400.0000000000000000 -26.2527701275014067)
continue (3600.0000000000000000 -26.2899737549716832)
continue (3800.0000000000000000 -26.3255500602924002)
continue (4000.0000000000000000 -26.3595836870861895)
continue (4200.0000000000000000 -26.3921642707073723)
continue (4400.0000000000000000 -26.4233787249233778)
continue (4600.0000000000000000 -26.4533166811658482)
continue (4800.0000000000000000 -26.4820600117005789)
continue (5000.0000000000000000 -26.5096866131672968)
continue (5200.0000000000000000 -26.5362701973624660)
continue (5400.0000000000000000 -26.5618783862002914)
continue (5600.0000000000000000 -26.5865736354154834)
continue (5800.0000000000000000 -26.6104130577772722)
continue (6000.0000000000000000 -26.6334498860292967)
continue (6200.0000000000000000 -26.6557332175298356)
continue (6400.0000000000000000 -26.6773076669558407)
continue (6600.0000000000000000 -26.6982135606182496)
continue (6800.0000000000000000 -26.7184900204941975)
continue (7000.0000000000000000 -26.7381713729561845)
continue (7200.0000000000000000 -26.7572917553123695)
continue (7400.0000000000000000 -26.7758820059394154)
continue (7600.0000000000000000 -26.7939704918705708)
continue (7800.0000000000000000 -26.8115833658674703)
continue (8000.0000000000000000 -26.8287447909198100)
continue (8200.0000000000000000 -26.8454771370024474)
continue (8400.0000000000000000 -26.8618011541042492)
continue (8600.0000000000000000 -26.8777361248813378)
continue (8800.0000000000000000 -26.8932999997473914)
continue (9000.0000000000000000 -26.9085095167710264)
continue (9200.0000000000000000 -26.9233803083852763)
continue (9400.0000000000000000 -26.9379269966121555)
continue (9600.0000000000000000 -26.9521632782542575)
continue (9800.0000000000000000 -26.9661020012954751)
continue (10000.0000000000000000 -26.9797552335772437)
continue (10200.0000000000000000 -26.9931343246688620)
continue (10400.0000000000000000 -27.0062499617252882)
continue (10600.0000000000000000 -27.0191122200202010)
continue (10800.0000000000000000 -27.0317306087518894)
continue (11000.0000000000000000 -27.0441141126428377)
continue (11500.0000000000000000 -27.0740999150791737)
continue (12000.0000000000000000 -27.1027906109706151)
continue (12500.0000000000000000 -27.1302923891398891)
continue (13000.0000000000000000 -27.1566989147653146)
continue (13500.0000000000000000 -27.1820932231725862)
continue (14000.0000000000000000 -27.2065492687729140)
continue (14500.0000000000000000 -27.2301332018497675)
continue (15000.0000000000000000 -27.2529044286221911)
continue (15500.0000000000000000 -27.2749164972751643)
continue (16000.0000000000000000 -27.2962178431488098)
continue (16500.0000000000000000 -27.3168524191207567)
continue (17000.0000000000000000 -27.3368602317695455)
continue (17500.0000000000000000 -27.3562777997248929)
continue (18000.0000000000000000 -27.3751385473721811)
continue (18500.0000000000000000 -27.3934731445504340)
continue (19000.0000000000000000 -27.4113098008949336)
continue (19500.0000000000000000 -27.4286745219011188)
continue (20000.0000000000000000 -27.4455913325308494)
continue (20500.0000000000000000 -27.4620824731751867)
continue (21000.0000000000000000 -27.4781685719748054)
continue (21500.0000000000000000 -27.4938687968395783)
continue (22000.0000000000000000 -27.5092009899706369)
continue (22500.0000000000000000 -27.5241817872467465)
continue (23000.0000000000000000 -27.5388267244731608)
continue (23500.0000000000000000 -27.5531503321900288)
continue (24000.0000000000000000 -27.5671662204870600)
continue (24500.0000000000000000 -27.5808871550622037)
continue (25000.0000000000000000 -27.5943251255868418)
continue (25500.0000000000000000 -27.6074914072926063)
continue (26000.0000000000000000 -27.6203966165704031)
continue (26500.0000000000000000 -27.6330507612667873)
continue (27000.0000000000000000 -27.6454632862729639)
continue (27500.0000000000000000 -27.6576431149253317)
continue (28000.0000000000000000 -27.6695986866708274)
continue (28500.0000000000000000 -27.6813379913942050)
continue (29000.0000000000000000 -27.6928686007559719)
continue (29500.0000000000000000 -27.7041976968479204)
continue (30000.0000000000000000 -27.7153320984370524)
continue (30500.0000000000000000 -27.7262782850373846)
continue (31000.0000000000000000 -27.7370424190217228)
continue (31500.0000000000000000 -27.7476303659618573)
continue (32000.0000000000000000 -27.7580477133647321)
continue (32500.0000000000000000 -27.7682997879539570)
continue (33000.0000000000000000 -27.7783916716301391)
continue (33500.0000000000000000 -27.7883282162292815)
continue (34000.0000000000000000 -27.7981140571863143)
continue (34500.0000000000000000 -27.8077536261997018)
continue (35000.0000000000000000 -27.8172511629834958)
continue (35500.0000000000000000 -27.8266107261845903)
continue (36000.0000000000000000 -27.8358362035353295)
continue (36500.0000000000000000 -27.8449313213047915)
continue (37000.0000000000000000 -27.8538996531060903)
continue (37500.0000000000000000 -27.8627446281116633)
continue (38000.0000000000000000 -27.8714695387235594)
continue (38500.0000000000000000 -27.8800775477416032)
continue (39000.0000000000000000 -27.8885716950683502)
continue (39500.0000000000000000 -27.8969549039862130)
continue (40000.0000000000000000 -27.9052299870392062)
continue (40500.0000000000000000 -27.9133996515486942)
continue (41000.0000000000000000 -27.9214665047902102)
continue (41500.0000000000000000 -27.9294330588559845)
continue (42000.0000000000000000 -27.9373017352257982)
continue (42500.0000000000000000 -27.9450748690669180)
continue (43000.0000000000000000 -27.9527547132821361)
continue (43500.0000000000000000 -27.9603434423234063)
continue (44000.0000000000000000 -27.9678431557871754)
continue (44500.0000000000000000 -27.9752558818062411)
continue (45000.0000000000000000 -27.9825835802517702)
continue (45500.0000000000000000 -27.9898281457581106)
continue (46000.0000000000000000 -27.9969914105820088)
continue (46500.0000000000000000 -28.0040751473069918)
continue (47000.0000000000000000 -28.0110810714028773)
continue (47500.0000000000000000 -28.0180108436496162)
continue (48000.0000000000000000 -28.0248660724339800)
continue (48500.0000000000000000 -28.0316483159270540)
continue (49000.0000000000000000 -28.0383590841498460)
continue (49500.0000000000000000 -28.0449998409338512)
continue (50000.0000000000000000 -28.0515720057829085)
continue (50500.0000000000000000 -28.0580769556422425)
continue (51000.0000000000000000 -28.0645160265802325)
continue (51500.0000000000000000 -28.0708905153879371)
continue (52000.0000000000000000 -28.0772016811012541)
continue (52500.0000000000000000 -28.0834507464500547)
continue (53000.0000000000000000 -28.0896388992385475)
continue (53500.0000000000000000 -28.0957672936607104)
continue (54000.0000000000000000 -28.1018370515543836)
continue (54500.0000000000000000 -28.1078492635975010)
continue (55000.0000000000000000 -28.1138049904495624)
continue (55500.0000000000000000 -28.1197052638413680)
continue (56000.0000000000000000 -28.1255510876157828)
continue (56500.0000000000000000 -28.1313434387221584)
continue (57000.0000000000000000 -28.1370832681668546)
continue (57500.0000000000000000 -28.1427715019221729)
continue (58000.0000000000000000 -28.1484090417958583)
continue (58500.0000000000000000 -28.1539967662632087)
continue (59000.0000000000000000 -28.1595355312637210)
continue (59500.0000000000000000 -28.1650261709640262)
continue (60000.0000000000000000 -28.1704694984888491)
continue (60500.0000000000000000 -28.1758663066215789)
continue (61000.0000000000000000 -28.1812173684759593)
continue (61500.0000000000000000 -28.1865234381402665)
continue (62000.0000000000000000 -28.1917852512954070)
continue (62500.0000000000000000 -28.1970035258080927)
continue (63000.0000000000000000 -28.2021789623003691)
continue (63500.0000000000000000 -28.2073122446965563)
continue (64000.0000000000000000 -28.2124040407487158)
continue (64500.0000000000000000 -28.2174550025416160)
continue (65000.0000000000000000 -28.2224657669781642)
continue (65500.0000000000000000 -28.2274369562462013)
continue (66000.0000000000000000 -28.2323691782675006)
continue (66500.0000000000000000 -28.2372630271298029)
continue (67000.0000000000000000 -28.2421190835026152)
continue (67500.0000000000000000 -28.2469379150375275)
continue (68000.0000000000000000 -28.2517200767537275)
continue (68500.0000000000000000 -28.2564661114093703)
continue (69000.0000000000000000 -28.2611765498593854)
continue (69500.0000000000000000 -28.2658519114003823)
continue (70000.0000000000000000 -28.2704927041031020)
continue (70500.0000000000000000 -28.2750994251330958)
continue (71000.0000000000000000 -28.2796725610599609)
continue (71500.0000000000000000 -28.2842125881557749)
continue (72000.0000000000000000 -28.2887199726830403)
continue (72500.0000000000000000 -28.2931951711727017)
continue (73000.0000000000000000 -28.2976386306925605)
continue (73500.0000000000000000 -28.3020507891065023)
continue (74000.0000000000000000 -28.3064320753249206)
continue (74500.0000000000000000 -28.3107829095467061)
continue (75245.0000000000000000 -50.0000000000000000)
continue (7354000.0000000000000000 -50.0000000000000000)
f(nu) = -21.6321263707236149 at 1.0000000000000000 Ryd
