# Faucher-Giguere 2019 
# z = 0.122018
# E [Ryd] log (J_nu)
interpolate (0.0000000100100000 -50.0000000000000000)
continue (0.0990000000000000 -50.0000000000000000)
continue (0.1000000000000000 -19.8480206550374554)
continue (0.1500000000000000 -19.9740639117098269)
continue (0.2000000000000000 -20.0580748867333973)
continue (0.2500000000000001 -20.1259533995389326)
continue (0.3000000000000000 -20.1827590981207052)
continue (0.3500000000000001 -20.2573250256777762)
continue (0.4000000000000001 -20.3531171850491504)
continue (0.4500000000000001 -20.4334317094494970)
continue (0.5000000000000001 -20.5346975442876136)
continue (0.5500000000000002 -20.6226993589082426)
continue (0.6000000000000002 -20.7129589051402228)
continue (0.6500000000000001 -20.8125827842733031)
continue (0.7000000000000002 -20.9316187607904425)
continue (0.7500000000000002 -21.2106851793234128)
continue (0.8000000000000002 -21.3177061876685947)
continue (0.8500000000000002 -21.5404054133775595)
continue (0.9000000000000002 -21.7343257915398596)
continue (0.9500000000000003 -21.9128570016362545)
continue (1.0100000000000000 -22.6214814827724062)
continue (1.0600000000000001 -22.6559827789532235)
continue (1.1100000000000001 -22.6907248834874125)
continue (1.1600000000000001 -22.7225151035420083)
continue (1.2100000000000002 -22.7526840877310512)
continue (1.2600000000000002 -22.7815470239377476)
continue (1.3100000000000003 -22.8132393189872857)
continue (1.3600000000000003 -22.8427209810576102)
continue (1.4100000000000004 -22.8694464679334821)
continue (1.4600000000000004 -22.8949276649083053)
continue (1.5100000000000005 -22.9235977875154511)
continue (1.5600000000000005 -22.9506923216979430)
continue (1.6100000000000005 -22.9811516192798848)
continue (1.6600000000000006 -23.0121403463986738)
continue (1.7100000000000006 -23.0377337803369393)
continue (1.7600000000000007 -23.0705486851173376)
continue (1.8100000000000007 -23.1002797975855181)
continue (1.8600000000000008 -23.1294442787849874)
continue (1.9100000000000008 -23.1649872208021463)
continue (1.9600000000000009 -23.1969003386395016)
continue (2.0000000000000000 -23.2239796344094849)
continue (2.0099999999999998 -23.2295544458361931)
continue (2.0199999999999996 -23.2331244552991549)
continue (2.0299999999999994 -23.2386470595003338)
continue (2.0399999999999991 -23.2496093027940738)
continue (2.0499999999999989 -23.2563507893546628)
continue (2.0599999999999987 -23.2617128843173013)
continue (2.0699999999999985 -23.2665727673623230)
continue (2.0799999999999983 -23.2703475176905243)
continue (2.0899999999999981 -23.2818049434957253)
continue (2.0999999999999979 -23.2864438047569351)
continue (2.1099999999999977 -23.2935783221564385)
continue (2.1199999999999974 -23.2983794525867900)
continue (2.1299999999999972 -23.3036358914189137)
continue (2.1399999999999970 -23.3156708713034178)
continue (2.1499999999999968 -23.3194768253346858)
continue (2.1599999999999966 -23.3256127977299847)
continue (2.1699999999999964 -23.3302472915658825)
continue (2.1799999999999962 -23.3363451328425739)
continue (2.1899999999999959 -23.3488052328629081)
continue (2.1999999999999957 -23.3538589451575440)
continue (2.2099999999999955 -23.3586773259324296)
continue (2.2199999999999953 -23.3621743412683642)
continue (2.2299999999999951 -23.3676990474828301)
continue (2.2399999999999949 -23.3729050053963086)
continue (2.2499999999999947 -23.3853845031366063)
continue (2.2599999999999945 -23.3916025838798589)
continue (2.2699999999999942 -23.3981919291606566)
continue (2.2799999999999940 -23.4045557541977161)
continue (2.2899999999999938 -23.4107839503857633)
continue (2.2999999999999936 -23.4171526223083184)
continue (2.3099999999999934 -23.4239141201850671)
continue (2.3199999999999932 -23.4287199310136636)
continue (2.3299999999999930 -23.4358911847173452)
continue (2.3399999999999928 -23.4418290229958082)
continue (2.3499999999999925 -23.4487889394328128)
continue (2.3599999999999923 -23.4553403358462518)
continue (2.3699999999999921 -23.4589193240723759)
continue (2.3799999999999919 -23.4656195627838358)
continue (2.3899999999999917 -23.4723842984006019)
continue (2.3999999999999915 -23.4784639017382410)
continue (2.4099999999999913 -23.4855791982261266)
continue (2.4199999999999910 -23.4898856925986337)
continue (2.4299999999999908 -23.4972108446847869)
continue (2.4399999999999906 -23.5031748972333787)
continue (2.4499999999999904 -23.5099919481105353)
continue (2.4599999999999902 -23.5136091748981677)
continue (2.4699999999999900 -23.5200792755484152)
continue (2.4799999999999898 -23.5266237791472683)
continue (2.4899999999999896 -23.5332977598215791)
continue (2.4999999999999893 -23.5377268923631071)
continue (2.5099999999999891 -23.5448667879193714)
continue (2.5199999999999889 -23.5510425755479247)
continue (2.5299999999999887 -23.5558193367584288)
continue (2.5399999999999885 -23.5623526902304405)
continue (2.5499999999999883 -23.5680593481560763)
continue (2.5599999999999881 -23.5720990004941520)
continue (2.5699999999999878 -23.5789231387298379)
continue (2.5799999999999876 -23.5853364414594537)
continue (2.5899999999999874 -23.5915753749403976)
continue (2.5999999999999872 -23.5963278767292053)
continue (2.6099999999999870 -23.6027205334438044)
continue (2.6199999999999868 -23.6092068359747742)
continue (2.6299999999999866 -23.6136197373941954)
continue (2.6399999999999864 -23.6203712040949334)
continue (2.6499999999999861 -23.6235824782247228)
continue (2.6599999999999859 -23.6300494858302841)
continue (2.6699999999999857 -23.6363647566517088)
continue (2.6799999999999855 -23.6408076714839659)
continue (2.6899999999999853 -23.6474642738151424)
continue (2.6999999999999851 -23.6534344654169679)
continue (2.7099999999999849 -23.6584966302167068)
continue (2.7199999999999847 -23.6641706565413443)
continue (2.7299999999999844 -23.6690343050700953)
continue (2.7399999999999842 -23.6749219828436281)
continue (2.7499999999999840 -23.6816070828386565)
continue (2.7599999999999838 -23.6845229839908455)
continue (2.7699999999999836 -23.6910000472818751)
continue (2.7799999999999834 -23.6950604449475790)
continue (2.7899999999999832 -23.7014210495633684)
continue (2.7999999999999829 -23.7059413549138611)
continue (2.8099999999999827 -23.7120037083435165)
continue (2.8199999999999825 -23.7179537078262221)
continue (2.8299999999999823 -23.7225384130180323)
continue (2.8399999999999821 -23.7283572992188461)
continue (2.8499999999999819 -23.7329935497089508)
continue (2.8599999999999817 -23.7387912023556567)
continue (2.8699999999999815 -23.7432280233236241)
continue (2.8799999999999812 -23.7481094368947403)
continue (2.8899999999999810 -23.7524965761264788)
continue (2.8999999999999808 -23.7582464779912250)
continue (2.9099999999999806 -23.7638952354575181)
continue (2.9199999999999804 -23.7681886953905810)
continue (2.9299999999999802 -23.7740696349832774)
continue (2.9399999999999800 -23.7780463151553327)
continue (2.9499999999999797 -23.7842052145013056)
continue (2.9599999999999795 -23.7880552145923616)
continue (2.9699999999999793 -23.7938628563535133)
continue (2.9799999999999791 -23.7980920001462870)
continue (2.9899999999999789 -23.8034094451923792)
continue (2.9999999999999787 -23.8081561378744908)
continue (3.0099999999999785 -23.9059955180773365)
continue (3.0199999999999783 -23.9102648259168191)
continue (3.0299999999999780 -23.9146162267816429)
continue (3.0399999999999778 -23.9187234528405064)
continue (3.0499999999999776 -23.9231958653228745)
continue (3.0599999999999774 -23.9274159798953008)
continue (3.0699999999999772 -23.9315532724914135)
continue (3.0799999999999770 -23.9359138308545454)
continue (3.0899999999999768 -23.9400228987154655)
continue (3.0999999999999766 -23.9441194733147960)
continue (3.1099999999999763 -23.9480324895509078)
continue (3.1199999999999761 -23.9522564811792087)
continue (3.1299999999999759 -23.9561675219935140)
continue (3.1399999999999757 -23.9602603876394618)
continue (3.1499999999999755 -23.9642884926112103)
continue (3.1599999999999753 -23.9678675805262671)
continue (3.1699999999999751 -23.9723448726493338)
continue (3.1799999999999748 -23.9755255791305224)
continue (3.1899999999999746 -23.9800674908568716)
continue (3.1999999999999744 -23.9841224845197942)
continue (3.2099999999999742 -23.9874264197942111)
continue (3.2199999999999740 -23.9919888518341935)
continue (3.2299999999999738 -23.9947213727491011)
continue (3.2399999999999736 -23.9991797593965828)
continue (3.2499999999999734 -24.0021278780638845)
continue (3.2599999999999731 -24.0062531781596995)
continue (3.2699999999999729 -24.0108359536379758)
continue (3.2799999999999727 -24.0135938127288888)
continue (3.2899999999999725 -24.0176734686969837)
continue (3.2999999999999723 -24.0201846097316647)
continue (3.3099999999999721 -24.0245008199057040)
continue (3.3199999999999719 -24.0264047163174332)
continue (3.3299999999999716 -24.0311368653521740)
continue (3.3399999999999714 -24.0356654159898291)
continue (3.3499999999999712 -24.0375033373365241)
continue (3.3599999999999710 -24.0420964910250419)
continue (3.3699999999999708 -24.0431870780384003)
continue (3.3799999999999706 -24.0479423374655106)
continue (3.3899999999999704 -24.0527329814961064)
continue (3.3999999999999702 -24.0536053367741758)
continue (3.4099999999999699 -24.0584586887727774)
continue (3.4199999999999697 -24.0588913900053321)
continue (3.4299999999999695 -24.0633213676132733)
continue (3.4399999999999693 -24.0686696512050133)
continue (3.4499999999999691 -24.0688171608259793)
continue (3.4599999999999689 -24.0732515366976934)
continue (3.4699999999999687 -24.0785415344406779)
continue (3.4799999999999685 -24.0785064411428351)
continue (3.4899999999999682 -24.0830223638279683)
continue (3.4999999999999680 -24.0882090502538624)
continue (3.5099999999999678 -24.0873367876015330)
continue (3.5199999999999676 -24.0925984582837671)
continue (3.5299999999999674 -24.0915731985672430)
continue (3.5399999999999672 -24.0965427909174608)
continue (3.5499999999999670 -24.1017723746162709)
continue (3.5599999999999667 -24.0950288507462602)
continue (3.5699999999999665 -24.1001972874236046)
continue (3.5799999999999663 -24.1054620443321248)
continue (3.5899999999999661 -24.1033620277546135)
continue (3.5999999999999659 -24.1087452614141320)
continue (3.6099999999999657 -24.1142027616682313)
continue (3.6199999999999655 -24.1106435856187176)
continue (3.6299999999999653 -24.1169531860632098)
continue (3.6399999999999650 -24.1225445342389335)
continue (3.6499999999999648 -24.1183983657783934)
continue (3.6599999999999646 -24.1246967099803129)
continue (3.6699999999999644 -24.1305116636843593)
continue (3.6799999999999642 -24.1257003546993509)
continue (3.6899999999999640 -24.1320903508376787)
continue (3.6999999999999638 -24.1380798366942990)
continue (3.7099999999999635 -24.1324151455311728)
continue (3.7199999999999633 -24.1389238686470584)
continue (3.7299999999999631 -24.1451959413064294)
continue (3.7399999999999629 -24.1387179514796841)
continue (3.7499999999999627 -24.1452812520148647)
continue (3.7599999999999625 -24.1488973333681471)
continue (3.7699999999999623 -24.1415359549315554)
continue (3.7799999999999621 -24.1483710560289104)
continue (3.7899999999999618 -24.1549933690652274)
continue (3.7999999999999616 -24.1480994016663715)
continue (3.8099999999999614 -24.1537721001665240)
continue (3.8199999999999612 -24.1605699867368031)
continue (3.8299999999999610 -24.1525400859869848)
continue (3.8399999999999608 -24.1584238314463811)
continue (3.8499999999999606 -24.1637075789355151)
continue (3.8599999999999604 -24.1703101105876819)
continue (3.8699999999999601 -24.1604743495622465)
continue (3.8799999999999599 -24.1679042337415559)
continue (3.8899999999999597 -24.1736379146262763)
continue (3.8999999999999595 -24.1622883819199323)
continue (3.9099999999999593 -24.1700155232579483)
continue (3.9199999999999591 -24.1774130243180423)
continue (3.9299999999999589 -24.1663892194135599)
continue (3.9399999999999586 -24.1725920154142315)
continue (3.9499999999999584 -24.1803508069763176)
continue (3.9599999999999582 -24.1877005526245448)
continue (3.9699999999999580 -24.1744859948637689)
continue (3.9799999999999578 -24.1826125930390639)
continue (3.9899999999999576 -24.1903925846845702)
continue (4.0099999999999998 -24.1841090249353776)
continue (4.5099999999999998 -24.3184527387787703)
continue (5.0099999999999998 -24.3645657269784870)
continue (5.5099999999999998 -24.4083901655640645)
continue (6.0099999999999998 -24.4504565923294948)
continue (6.5099999999999998 -24.4902105600875117)
continue (7.0099999999999998 -24.5274110217336130)
continue (7.5099999999999998 -24.5617107398927708)
continue (8.0099999999999998 -24.5928993668314710)
continue (8.5099999999999998 -24.6208703965823261)
continue (9.0099999999999998 -24.6456604723222625)
continue (9.5099999999999998 -24.6675332631694815)
continue (10.0000000000000000 -24.6863642800831009)
continue (10.0099999999999998 -24.6867215470455967)
continue (15.0000000000000000 -24.8005174885500033)
continue (20.0000000000000000 -24.8628658404043819)
continue (25.0000000000000000 -24.9012543414806871)
continue (30.0000000000000000 -24.9255683238627270)
continue (35.0000000000000000 -24.9433369883075287)
continue (40.0000000000000000 -24.9579427110692897)
continue (45.0000000000000000 -24.9706916122154681)
continue (50.0000000000000000 -24.9822041140099955)
continue (55.0000000000000000 -24.9928285802991041)
continue (60.0000000000000000 -25.0026875279626779)
continue (65.0000000000000000 -25.0118832935876796)
continue (70.0000000000000000 -25.0205019936406039)
continue (75.0000000000000000 -25.0286156400040198)
continue (80.0000000000000000 -25.0362845048304479)
continue (85.0000000000000000 -25.0435592483794736)
continue (90.0000000000000000 -25.0504826966098726)
continue (95.0000000000000000 -25.0570912821674447)
continue (100.0000000000000000 -25.0634161989084419)
continue (110.0000000000000000 -25.0753189570158099)
continue (120.0000000000000000 -25.0863664918700380)
continue (130.0000000000000000 -25.0966934934149322)
continue (140.0000000000000000 -25.1064054029201174)
continue (150.0000000000000000 -25.1155862245802268)
continue (160.0000000000000000 -25.1243039226130982)
continue (170.0000000000000000 -25.1326142354809861)
continue (180.0000000000000000 -25.1405634278880186)
continue (190.0000000000000000 -25.1481903140376701)
continue (200.0000000000000000 -25.1555277706231308)
continue (210.0000000000000000 -25.1626038857744163)
continue (220.0000000000000000 -25.1694428438034734)
continue (230.0000000000000000 -25.1760656151872375)
continue (240.0000000000000000 -25.1824905009124755)
continue (250.0000000000000000 -25.1887335664821244)
continue (260.0000000000000000 -25.1948089913164210)
continue (270.0000000000000000 -25.2007293525596836)
continue (280.0000000000000000 -25.2065058575099812)
continue (290.0000000000000000 -25.2121485354263513)
continue (300.0000000000000000 -25.2176663969340886)
continue (310.0000000000000000 -25.2230675673744571)
continue (320.0000000000000000 -25.2283593990422723)
continue (330.0000000000000000 -25.2335485661956653)
continue (340.0000000000000000 -25.2386411459140163)
continue (350.0000000000000000 -25.2436426872587241)
continue (360.0000000000000000 -25.2485582707087381)
continue (370.0000000000000000 -25.2533925594660396)
continue (380.0000000000000000 -25.2581498439294378)
continue (390.0000000000000000 -25.2628340803993012)
continue (400.0000000000000000 -25.2674489248881891)
continue (410.0000000000000000 -25.2719977627613801)
continue (420.0000000000000000 -25.2764837348093039)
continue (430.0000000000000000 -25.2809097602551844)
continue (440.0000000000000000 -25.2852785571199092)
continue (450.0000000000000000 -25.2895926603003680)
continue (460.0000000000000000 -25.2938544376622119)
continue (470.0000000000000000 -25.2980661044032686)
continue (480.0000000000000000 -25.3022297359057511)
continue (490.0000000000000000 -25.3063472792640880)
continue (500.0000000000000000 -25.3104205636488508)
continue (510.0000000000000000 -25.3144513096449302)
continue (520.0000000000000000 -25.3184411376834575)
continue (530.0000000000000000 -25.3223915756709168)
continue (540.0000000000000000 -25.3263040659054930)
continue (550.0000000000000000 -25.3301799713589659)
continue (560.0000000000000000 -25.3340205813931085)
continue (570.0000000000000000 -25.3378271169699190)
continue (580.0000000000000000 -25.3416007354092869)
continue (590.0000000000000000 -25.3453425347398102)
continue (600.0000000000000000 -25.3490535576842468)
continue (610.0000000000000000 -25.3527347953155164)
continue (620.0000000000000000 -25.3563871904156706)
continue (630.0000000000000000 -25.3600116405660607)
continue (640.0000000000000000 -25.3636090009941917)
continue (650.0000000000000000 -25.3671800872001327)
continue (660.0000000000000000 -25.3707256773821932)
continue (670.0000000000000000 -25.3742465146804008)
continue (680.0000000000000000 -25.3777433092537734)
continue (690.0000000000000000 -25.3812167402055380)
continue (700.0000000000000000 -25.3846674573689484)
continue (710.0000000000000000 -25.3880960829694295)
continue (720.0000000000000000 -25.3915032131683986)
continue (730.0000000000000000 -25.3948894195009416)
continue (740.0000000000000000 -25.3982552502156551)
continue (750.0000000000000000 -25.4016012315245554)
continue (760.0000000000000000 -25.4049278687700664)
continue (770.0000000000000000 -25.4082356475154434)
continue (780.0000000000000000 -25.4115250345665800)
continue (790.0000000000000000 -25.4147964789242771)
continue (800.0000000000000000 -25.4180504126837157)
continue (810.0000000000000000 -25.4212872518697175)
continue (820.0000000000000000 -25.4245073972264066)
continue (830.0000000000000000 -25.4277112349588741)
continue (840.0000000000000000 -25.4308991374262554)
continue (850.0000000000000000 -25.4340714637969647)
continue (860.0000000000000000 -25.4372285606649342)
continue (870.0000000000000000 -25.4403707626297582)
continue (880.0000000000000000 -25.4434983928437894)
continue (890.0000000000000000 -25.4466117635282103)
continue (900.0000000000000000 -25.4497111764603083)
continue (910.0000000000000000 -25.4527969234332971)
continue (920.0000000000000000 -25.4558692866917013)
continue (930.0000000000000000 -25.4589285393432974)
continue (940.0000000000000000 -25.4619749457260376)
continue (950.0000000000000000 -25.4650087618296368)
continue (960.0000000000000000 -25.4680302356014181)
continue (970.0000000000000000 -25.4710396072485779)
continue (980.0000000000000000 -25.4740371096530573)
continue (990.0000000000000000 -25.4770229685569589)
continue (1000.0000000000000000 -25.4799974029040257)
continue (1200.0000000000000000 -25.5373736335917094)
continue (1400.0000000000000000 -25.5914990142873471)
continue (1600.0000000000000000 -25.6431478485707309)
continue (1800.0000000000000000 -25.6927930834009999)
continue (2000.0000000000000000 -25.7407213739556688)
continue (2200.0000000000000000 -25.7870975656789945)
continue (2400.0000000000000000 -25.8320056462604448)
continue (2600.0000000000000000 -25.8754782149797649)
continue (2800.0000000000000000 -25.9175190490478435)
continue (3000.0000000000000000 -25.9581190640027515)
continue (3200.0000000000000000 -25.9972700266811287)
continue (3400.0000000000000000 -26.0349726376318067)
continue (3600.0000000000000000 -26.0712400296735041)
continue (3800.0000000000000000 -26.1061015666921463)
continue (4000.0000000000000000 -26.1395972553474714)
continue (4200.0000000000000000 -26.1717785797671176)
continue (4400.0000000000000000 -26.2027047936760695)
continue (4600.0000000000000000 -26.2324365558863875)
continue (4800.0000000000000000 -26.2610382601599781)
continue (5000.0000000000000000 -26.2885709652689918)
continue (5200.0000000000000000 -26.3150969464968050)
continue (5400.0000000000000000 -26.3406743055556483)
continue (5600.0000000000000000 -26.3653581690316123)
continue (5800.0000000000000000 -26.3892005100949767)
continue (6000.0000000000000000 -26.4122500277028678)
continue (6200.0000000000000000 -26.4345521150309501)
continue (6400.0000000000000000 -26.4561486946196744)
continue (6600.0000000000000000 -26.4770786553585502)
continue (6800.0000000000000000 -26.4973794985559401)
continue (7000.0000000000000000 -26.5170845945750671)
continue (7200.0000000000000000 -26.5362283623187309)
continue (7400.0000000000000000 -26.5548416546384232)
continue (7600.0000000000000000 -26.5729528520863418)
continue (7800.0000000000000000 -26.5905881200736722)
continue (8000.0000000000000000 -26.6077716334468946)
continue (8200.0000000000000000 -26.6245257733130245)
continue (8400.0000000000000000 -26.6408713001292661)
continue (8600.0000000000000000 -26.6568275064105862)
continue (8800.0000000000000000 -26.6724123518687826)
continue (9000.0000000000000000 -26.6876425833537354)
continue (9200.0000000000000000 -26.7025338416023388)
continue (9400.0000000000000000 -26.7171007564988443)
continue (9600.0000000000000000 -26.7313570322987317)
continue (9800.0000000000000000 -26.7453155240588245)
continue (10000.0000000000000000 -26.7589883063402070)
continue (10200.0000000000000000 -26.7723867351028453)
continue (10400.0000000000000000 -26.7855215035856276)
continue (10600.0000000000000000 -26.7984026928596890)
continue (10800.0000000000000000 -26.8110398176529543)
continue (11000.0000000000000000 -26.8234418679667712)
continue (11500.0000000000000000 -26.8534732393512705)
continue (12000.0000000000000000 -26.8822084229129032)
continue (12500.0000000000000000 -26.9097536730983968)
continue (13000.0000000000000000 -26.9362027143081910)
continue (13500.0000000000000000 -26.9616386355328537)
continue (14000.0000000000000000 -26.9861354399974402)
continue (14500.0000000000000000 -27.0097593225428660)
continue (15000.0000000000000000 -27.0325697301931100)
continue (15500.0000000000000000 -27.0546202486150733)
continue (16000.0000000000000000 -27.0759593476759548)
continue (16500.0000000000000000 -27.0966310121428577)
continue (17000.0000000000000000 -27.1166752781208054)
continue (17500.0000000000000000 -27.1361286916418791)
continue (18000.0000000000000000 -27.1550247025783129)
continue (18500.0000000000000000 -27.1733940045234093)
continue (19000.0000000000000000 -27.1912648292951715)
continue (19500.0000000000000000 -27.2086632031424358)
continue (20000.0000000000000000 -27.2256131704772280)
continue (20500.0000000000000000 -27.2421369899495964)
continue (21000.0000000000000000 -27.2582553068680333)
continue (21500.0000000000000000 -27.2739873053084416)
continue (22000.0000000000000000 -27.2893508427163916)
continue (22500.0000000000000000 -27.3043625693656082)
continue (23000.0000000000000000 -27.3190380346718094)
continue (23500.0000000000000000 -27.3333917820598309)
continue (24000.0000000000000000 -27.3474374338314909)
continue (24500.0000000000000000 -27.3611877672725221)
continue (25000.0000000000000000 -27.3746547830616507)
continue (25500.0000000000000000 -27.3878497668974035)
continue (26000.0000000000000000 -27.4007833451336715)
continue (26500.0000000000000000 -27.4134655351094416)
continue (27000.0000000000000000 -27.4259057907684252)
continue (27500.0000000000000000 -27.4381130440876682)
continue (28000.0000000000000000 -27.4500957427687027)
continue (28500.0000000000000000 -27.4618618845886147)
continue (29000.0000000000000000 -27.4734190487598759)
continue (29500.0000000000000000 -27.4847744246061119)
continue (30000.0000000000000000 -27.4959348378247448)
continue (30500.0000000000000000 -27.5069067745761231)
continue (31000.0000000000000000 -27.5176964036113674)
continue (31500.0000000000000000 -27.5283095966274658)
continue (32000.0000000000000000 -27.5387519470172997)
continue (32500.0000000000000000 -27.5490287871640831)
continue (33000.0000000000000000 -27.5591452044136709)
continue (33500.0000000000000000 -27.5691060558442054)
continue (34000.0000000000000000 -27.5789159819400815)
continue (34500.0000000000000000 -27.5885794192663489)
continue (35000.0000000000000000 -27.5981006122299029)
continue (35500.0000000000000000 -27.6074836240053152)
continue (36000.0000000000000000 -27.6167323466954819)
continue (36500.0000000000000000 -27.6258505107904178)
continue (37000.0000000000000000 -27.6348416939816737)
continue (37500.0000000000000000 -27.6437093293842295)
continue (38000.0000000000000000 -27.6524567132130805)
continue (38500.0000000000000000 -27.6610870119572638)
continue (39000.0000000000000000 -27.6696032690903806)
continue (39500.0000000000000000 -27.6780084113529483)
continue (40000.0000000000000000 -27.6863052546390875)
continue (40500.0000000000000000 -27.6944965095169344)
continue (41000.0000000000000000 -27.7025847864098722)
continue (41500.0000000000000000 -27.7105726004632089)
continue (42000.0000000000000000 -27.7184623761190139)
continue (42500.0000000000000000 -27.7262564514197578)
continue (43000.0000000000000000 -27.7339570820598951)
continue (43500.0000000000000000 -27.7415664452028849)
continue (44000.0000000000000000 -27.7490866430796714)
continue (44500.0000000000000000 -27.7565197063835924)
continue (45000.0000000000000000 -27.7638675974752758)
continue (45500.0000000000000000 -27.7711322134101515)
continue (46000.0000000000000000 -27.7783153888002943)
continue (46500.0000000000000000 -27.7854188985212787)
continue (47000.0000000000000000 -27.7924444602740195)
continue (47500.0000000000000000 -27.7993937370108810)
continue (48000.0000000000000000 -27.8062683392344923)
continue (48500.0000000000000000 -27.8130698271772836)
continue (49000.0000000000000000 -27.8197997128690275)
continue (49500.0000000000000000 -27.8264594620992654)
continue (50000.0000000000000000 -27.8330504962809400)
continue (50500.0000000000000000 -27.8395741942211394)
continue (51000.0000000000000000 -27.8460318938044651)
continue (51500.0000000000000000 -27.8524248935941188)
continue (52000.0000000000000000 -27.8587544543555303)
continue (52500.0000000000000000 -27.8650218005069448)
continue (53000.0000000000000000 -27.8712281215011011)
continue (53500.0000000000000000 -27.8773745731419780)
continue (54000.0000000000000000 -27.8834622788401560)
continue (54500.0000000000000000 -27.8894923308102136)
continue (55000.0000000000000000 -27.8954657912133612)
continue (55500.0000000000000000 -27.9013836932482846)
continue (56000.0000000000000000 -27.9072470421929353)
continue (56500.0000000000000000 -27.9130568164000010)
continue (57000.0000000000000000 -27.9188139682483794)
continue (57500.0000000000000000 -27.9245194250530417)
continue (58000.0000000000000000 -27.9301740899354662)
continue (58500.0000000000000000 -27.9357788426565747)
continue (59000.0000000000000000 -27.9413345404142390)
continue (59500.0000000000000000 -27.9468420186069828)
continue (60000.0000000000000000 -27.9523020915657661)
continue (60500.0000000000000000 -27.9577155532552446)
continue (61000.0000000000000000 -27.9630831779461921)
continue (61500.0000000000000000 -27.9684057208603853)
continue (62000.0000000000000000 -27.9736839187893374)
continue (62500.0000000000000000 -27.9789184906881410)
continue (63000.0000000000000000 -27.9841101382455761)
continue (63500.0000000000000000 -27.9892595464316862)
continue (64000.0000000000000000 -27.9943673840237892)
continue (64500.0000000000000000 -27.9994343041120146)
continue (65000.0000000000000000 -28.0044609445852650)
continue (65500.0000000000000000 -28.0094479285985223)
continue (66000.0000000000000000 -28.0143958650223581)
continue (66500.0000000000000000 -28.0193053488754344)
continue (67000.0000000000000000 -28.0241769617407748)
continue (67500.0000000000000000 -28.0290112721665494)
continue (68000.0000000000000000 -28.0338088360519997)
continue (68500.0000000000000000 -28.0385701970192365)
continue (69000.0000000000000000 -28.0432958867714675)
continue (69500.0000000000000000 -28.0479864254382711)
continue (70000.0000000000000000 -28.0526423219084649)
continue (70500.0000000000000000 -28.0572640741511279)
continue (71000.0000000000000000 -28.0618521695252028)
continue (71500.0000000000000000 -28.0664070850782608)
continue (72000.0000000000000000 -28.0709292878348293)
continue (72500.0000000000000000 -28.0754192350746763)
continue (73000.0000000000000000 -28.0798773746015655)
continue (73500.0000000000000000 -28.0843041450028075)
continue (74000.0000000000000000 -28.0886999758999529)
continue (74500.0000000000000000 -28.0930652881910774)
continue (75245.0000000000000000 -50.0000000000000000)
continue (7354000.0000000000000000 -50.0000000000000000)
f(nu) = -21.4071404845262165 at 1.0000000000000000 Ryd
