# Faucher-Giguere 2019 
# z = 1.511886
# E [Ryd] log (J_nu)
interpolate (0.0000000100100000 -50.0000000000000000)
continue (0.0990000000000000 -50.0000000000000000)
continue (0.1000000000000000 -18.8996763952310829)
continue (0.1500000000000000 -19.0283275701863950)
continue (0.2000000000000000 -19.1717859489758808)
continue (0.2500000000000001 -19.2807902833826112)
continue (0.3000000000000000 -19.2900224696239597)
continue (0.3500000000000001 -19.2966769687021653)
continue (0.4000000000000001 -19.3043314923872025)
continue (0.4500000000000001 -19.3170378289904043)
continue (0.5000000000000001 -19.3500047011267142)
continue (0.5500000000000002 -19.3718668849726612)
continue (0.6000000000000002 -19.4061684699477937)
continue (0.6500000000000001 -19.4567272905477893)
continue (0.7000000000000002 -19.5233905508542449)
continue (0.7500000000000002 -19.8537430703726727)
continue (0.8000000000000002 -19.9517912419945773)
continue (0.8500000000000002 -20.1344723209766983)
continue (0.9000000000000002 -20.4000613479588360)
continue (0.9500000000000003 -20.7005133603437308)
continue (1.0100000000000000 -21.4040008403182078)
continue (1.0600000000000001 -21.4434923318442259)
continue (1.1100000000000001 -21.4772136784283703)
continue (1.1600000000000001 -21.5120792431861041)
continue (1.2100000000000002 -21.5397989886315564)
continue (1.2600000000000002 -21.5682760731222416)
continue (1.3100000000000003 -21.5967355325513317)
continue (1.3600000000000003 -21.6245967665002006)
continue (1.4100000000000004 -21.6514464892324980)
continue (1.4600000000000004 -21.6810989139981096)
continue (1.5100000000000005 -21.7077325762352373)
continue (1.5600000000000005 -21.7344095202581542)
continue (1.6100000000000005 -21.7591349638646605)
continue (1.6600000000000006 -21.7861063726511226)
continue (1.7100000000000006 -21.8025265932060215)
continue (1.7600000000000007 -21.8280238137947187)
continue (1.8100000000000007 -21.8515726943826500)
continue (1.8600000000000008 -21.8726658620627568)
continue (1.9100000000000008 -21.8870880152691676)
continue (1.9600000000000009 -21.9061669550548785)
continue (2.0000000000000000 -21.9177769714572968)
continue (2.0099999999999998 -21.9209806773261136)
continue (2.0199999999999996 -21.9236137370272637)
continue (2.0299999999999994 -21.9324217909863854)
continue (2.0399999999999991 -21.9242096263339228)
continue (2.0499999999999989 -21.9328980626263501)
continue (2.0599999999999987 -21.9350286227655182)
continue (2.0699999999999985 -21.9389132397768307)
continue (2.0799999999999983 -21.9373179651328520)
continue (2.0899999999999981 -21.9405550158379192)
continue (2.0999999999999979 -21.9468583041467014)
continue (2.1099999999999977 -21.9467547497658266)
continue (2.1199999999999974 -21.9477192092893425)
continue (2.1299999999999972 -21.9512808456698316)
continue (2.1399999999999970 -21.9571461043313931)
continue (2.1499999999999968 -21.9553519247931774)
continue (2.1599999999999966 -21.9569130569412572)
continue (2.1699999999999964 -21.9641804858342908)
continue (2.1799999999999962 -21.9634678892568012)
continue (2.1899999999999959 -21.9654385707135340)
continue (2.1999999999999957 -21.9659579133192118)
continue (2.2099999999999955 -21.9727593530863565)
continue (2.2199999999999953 -21.9708570099690164)
continue (2.2299999999999951 -21.9729133648702799)
continue (2.2399999999999949 -21.9756523645095641)
continue (2.2499999999999947 -21.9793970471391269)
continue (2.2599999999999945 -21.9784980217370105)
continue (2.2699999999999942 -21.9819073869411596)
continue (2.2799999999999940 -21.9842650983289474)
continue (2.2899999999999938 -21.9847184808704270)
continue (2.2999999999999936 -21.9859042760529952)
continue (2.3099999999999934 -21.9902154766168110)
continue (2.3199999999999932 -21.9919723591685994)
continue (2.3299999999999930 -21.9894872114742093)
continue (2.3399999999999928 -21.9944613717731272)
continue (2.3499999999999925 -21.9921902522564032)
continue (2.3599999999999923 -21.9972755741787900)
continue (2.3699999999999921 -21.9979177108419783)
continue (2.3799999999999919 -22.0007189097099918)
continue (2.3899999999999917 -21.9994405120977490)
continue (2.3999999999999915 -22.0014918533830048)
continue (2.4099999999999913 -22.0061504374630132)
continue (2.4199999999999910 -22.0064452643552322)
continue (2.4299999999999908 -22.0034747365723646)
continue (2.4399999999999906 -22.0068230247758834)
continue (2.4499999999999904 -22.0093849816074858)
continue (2.4599999999999902 -22.0112440744690154)
continue (2.4699999999999900 -22.0106903104371980)
continue (2.4799999999999898 -22.0115377144441737)
continue (2.4899999999999896 -22.0137992933279740)
continue (2.4999999999999893 -22.0187592999176722)
continue (2.5099999999999891 -22.0183293631577186)
continue (2.5199999999999889 -22.0187571641479742)
continue (2.5299999999999887 -22.0176601748946723)
continue (2.5399999999999885 -22.0216622802482469)
continue (2.5499999999999883 -22.0233609945616280)
continue (2.5599999999999881 -22.0247540866026981)
continue (2.5699999999999878 -22.0234372006893260)
continue (2.5799999999999876 -22.0262134466154436)
continue (2.5899999999999874 -22.0265623299797682)
continue (2.5999999999999872 -22.0294593731973158)
continue (2.6099999999999870 -22.0312362484586792)
continue (2.6199999999999868 -22.0306681329246246)
continue (2.6299999999999866 -22.0343112746216327)
continue (2.6399999999999864 -22.0349595101204727)
continue (2.6499999999999861 -22.0369116850514288)
continue (2.6599999999999859 -22.0397854169177734)
continue (2.6699999999999857 -22.0381977252932479)
continue (2.6799999999999855 -22.0418836516925047)
continue (2.6899999999999853 -22.0413166702763448)
continue (2.6999999999999851 -22.0465701455760694)
continue (2.7099999999999849 -22.0473644188694813)
continue (2.7199999999999847 -22.0477821992292640)
continue (2.7299999999999844 -22.0459480104744259)
continue (2.7399999999999842 -22.0513048275635875)
continue (2.7499999999999840 -22.0559802183683757)
continue (2.7599999999999838 -22.0544975128711407)
continue (2.7699999999999836 -22.0567105727302213)
continue (2.7799999999999834 -22.0561347901713702)
continue (2.7899999999999832 -22.0610534971136794)
continue (2.7999999999999829 -22.0641469317089189)
continue (2.8099999999999827 -22.0630354073556809)
continue (2.8199999999999825 -22.0663694850420953)
continue (2.8299999999999823 -22.0728563640953901)
continue (2.8399999999999821 -22.0693201248324655)
continue (2.8499999999999819 -22.0733095765789322)
continue (2.8599999999999817 -22.0740169416860148)
continue (2.8699999999999815 -22.0762372458357525)
continue (2.8799999999999812 -22.0817224107046108)
continue (2.8899999999999810 -22.0778970696315469)
continue (2.8999999999999808 -22.0814208017792168)
continue (2.9099999999999806 -22.0848827967968937)
continue (2.9199999999999804 -22.0884630135756765)
continue (2.9299999999999802 -22.0917523603402195)
continue (2.9399999999999800 -22.0946636457091685)
continue (2.9499999999999797 -22.0940226065154057)
continue (2.9599999999999795 -22.0968897231552717)
continue (2.9699999999999793 -22.1005657806781599)
continue (2.9799999999999791 -22.1011434426564577)
continue (2.9899999999999789 -22.1019127602947627)
continue (2.9999999999999787 -22.1042075585799189)
continue (3.0099999999999785 -22.4223590288334051)
continue (3.0199999999999783 -22.4328377053621217)
continue (3.0299999999999780 -22.4362668380047197)
continue (3.0399999999999778 -22.4379284030542188)
continue (3.0499999999999776 -22.4407242030173997)
continue (3.0599999999999774 -22.4445836563322381)
continue (3.0699999999999772 -22.4516153895484720)
continue (3.0799999999999770 -22.4605424487265637)
continue (3.0899999999999768 -22.4611915938689393)
continue (3.0999999999999766 -22.4647956730710732)
continue (3.1099999999999763 -22.4688728910187869)
continue (3.1199999999999761 -22.4743499540986100)
continue (3.1299999999999759 -22.4822512427629100)
continue (3.1399999999999757 -22.4840164750895148)
continue (3.1499999999999755 -22.4869263903515062)
continue (3.1599999999999753 -22.4925520002034354)
continue (3.1699999999999751 -22.4955030183996918)
continue (3.1799999999999748 -22.5022972930433518)
continue (3.1899999999999746 -22.5072742097743443)
continue (3.1999999999999744 -22.5067522041400458)
continue (3.2099999999999742 -22.5166405562587855)
continue (3.2199999999999740 -22.5215881567614638)
continue (3.2299999999999738 -22.5234936893226951)
continue (3.2399999999999736 -22.5326305343420152)
continue (3.2499999999999734 -22.5324448047173718)
continue (3.2599999999999731 -22.5365647762568955)
continue (3.2699999999999729 -22.5456614780844298)
continue (3.2799999999999727 -22.5504213825992537)
continue (3.2899999999999725 -22.5517312492759032)
continue (3.2999999999999723 -22.5601748449755348)
continue (3.3099999999999721 -22.5610792696732894)
continue (3.3199999999999719 -22.5646321824079621)
continue (3.3299999999999716 -22.5726008768106823)
continue (3.3399999999999714 -22.5748196040915623)
continue (3.3499999999999712 -22.5791064433541990)
continue (3.3599999999999710 -22.5897519437089862)
continue (3.3699999999999708 -22.5940195745375583)
continue (3.3799999999999706 -22.5976514681496568)
continue (3.3899999999999704 -22.6004251380052921)
continue (3.3999999999999702 -22.6039662690671399)
continue (3.4099999999999699 -22.6082827833349036)
continue (3.4199999999999697 -22.6163754924352176)
continue (3.4299999999999695 -22.6217520654180184)
continue (3.4399999999999693 -22.6286551332663315)
continue (3.4499999999999691 -22.6297905877106622)
continue (3.4599999999999689 -22.6316077323189155)
continue (3.4699999999999687 -22.6361659298463529)
continue (3.4799999999999685 -22.6398382902412507)
continue (3.4899999999999682 -22.6493412778103078)
continue (3.4999999999999680 -22.6583191968841753)
continue (3.5099999999999678 -22.6595276859106782)
continue (3.5199999999999676 -22.6600680974364117)
continue (3.5299999999999674 -22.6677040625411550)
continue (3.5399999999999672 -22.6686737173284776)
continue (3.5499999999999670 -22.6744779770685234)
continue (3.5599999999999667 -22.6678075205927740)
continue (3.5699999999999665 -22.6709789787299734)
continue (3.5799999999999663 -22.6635384453786024)
continue (3.5899999999999661 -22.6712381010677007)
continue (3.5999999999999659 -22.6795092867080044)
continue (3.6099999999999657 -22.6814271464301456)
continue (3.6199999999999655 -22.6869125669224054)
continue (3.6299999999999653 -22.7015139887746926)
continue (3.6399999999999650 -22.6893238604049010)
continue (3.6499999999999648 -22.6992900889602929)
continue (3.6599999999999646 -22.7079290476882463)
continue (3.6699999999999644 -22.7123704196447633)
continue (3.6799999999999642 -22.7162657897045115)
continue (3.6899999999999640 -22.7236316694700768)
continue (3.6999999999999638 -22.7373696447005536)
continue (3.7099999999999635 -22.7216809772124861)
continue (3.7199999999999633 -22.7328987719710973)
continue (3.7299999999999631 -22.7418826312942706)
continue (3.7399999999999629 -22.7459200395515992)
continue (3.7499999999999627 -22.7469286979272027)
continue (3.7599999999999625 -22.7434870699452389)
continue (3.7699999999999623 -22.7611689476954275)
continue (3.7799999999999621 -22.7401792266053491)
continue (3.7899999999999618 -22.7507129284023719)
continue (3.7999999999999616 -22.7614419081317223)
continue (3.8099999999999614 -22.7693277016704414)
continue (3.8199999999999612 -22.7686391989100230)
continue (3.8299999999999610 -22.7758455544885940)
continue (3.8399999999999608 -22.7861218669583110)
continue (3.8499999999999606 -22.7609661011975675)
continue (3.8599999999999604 -22.7708804747377194)
continue (3.8699999999999601 -22.7816615860262424)
continue (3.8799999999999599 -22.7919709053559494)
continue (3.8899999999999597 -22.7946288039587337)
continue (3.8999999999999595 -22.8009131246568408)
continue (3.9099999999999593 -22.8108368048392833)
continue (3.9199999999999591 -22.8214134792198067)
continue (3.9299999999999589 -22.7901067761994014)
continue (3.9399999999999586 -22.8017874719073319)
continue (3.9499999999999584 -22.8127269169077422)
continue (3.9599999999999582 -22.8231526090898420)
continue (3.9699999999999580 -22.8311662983941730)
continue (3.9799999999999578 -22.8384271647441537)
continue (3.9899999999999576 -22.8502415203421378)
continue (4.0099999999999998 -22.8225006981988514)
continue (4.5099999999999998 -23.0914863873956904)
continue (5.0099999999999998 -23.1633946552975871)
continue (5.5099999999999998 -23.2228007388232456)
continue (6.0099999999999998 -23.2787261961105330)
continue (6.5099999999999998 -23.3311928107405002)
continue (7.0099999999999998 -23.3809331496292216)
continue (7.5099999999999998 -23.4274218694624885)
continue (8.0099999999999998 -23.4707045049391532)
continue (8.5099999999999998 -23.5113436746486215)
continue (9.0099999999999998 -23.5495286192712570)
continue (9.5099999999999998 -23.5855885475515628)
continue (10.0000000000000000 -23.6191356496194373)
continue (10.0099999999999998 -23.6198036463960470)
continue (15.0000000000000000 -23.8817422647049398)
continue (20.0000000000000000 -23.9770552023055608)
continue (25.0000000000000000 -24.0297819143363789)
continue (30.0000000000000000 -24.0781407949995270)
continue (35.0000000000000000 -24.1170502229960135)
continue (40.0000000000000000 -24.1445547218921170)
continue (45.0000000000000000 -24.1608898124022744)
continue (50.0000000000000000 -24.1709851173298382)
continue (55.0000000000000000 -24.1804828962431166)
continue (60.0000000000000000 -24.1894299928027650)
continue (65.0000000000000000 -24.1978520338208902)
continue (70.0000000000000000 -24.2057887918339070)
continue (75.0000000000000000 -24.2132832626588446)
continue (80.0000000000000000 -24.2203769735435692)
continue (85.0000000000000000 -24.2271081364070788)
continue (90.0000000000000000 -24.2335111058099031)
continue (95.0000000000000000 -24.2396164225295045)
continue (100.0000000000000000 -24.2454511019670171)
continue (110.0000000000000000 -24.2564012214370450)
continue (120.0000000000000000 -24.2665211600848387)
continue (130.0000000000000000 -24.2759366754140551)
continue (140.0000000000000000 -24.2847479208661703)
continue (150.0000000000000000 -24.2930356416717252)
continue (160.0000000000000000 -24.3008657229408875)
continue (170.0000000000000000 -24.3082925364283646)
continue (180.0000000000000000 -24.3153614245604466)
continue (190.0000000000000000 -24.3221105645789990)
continue (200.0000000000000000 -24.3285723840852448)
continue (210.0000000000000000 -24.3347746486470271)
continue (220.0000000000000000 -24.3407413069744685)
continue (230.0000000000000000 -24.3464931548091208)
continue (240.0000000000000000 -24.3520483617159229)
continue (250.0000000000000000 -24.3574228930665022)
continue (260.0000000000000000 -24.3626308510686940)
continue (270.0000000000000000 -24.3676847526550411)
continue (280.0000000000000000 -24.3725957576708154)
continue (290.0000000000000000 -24.3773738576013450)
continue (300.0000000000000000 -24.3820280327151266)
continue (310.0000000000000000 -24.3865663837328022)
continue (320.0000000000000000 -24.3909962428039400)
continue (330.0000000000000000 -24.3953242675612785)
continue (340.0000000000000000 -24.3995565212486270)
continue (350.0000000000000000 -24.4036985413185370)
continue (360.0000000000000000 -24.4077553984306910)
continue (370.0000000000000000 -24.4117317474150930)
continue (380.0000000000000000 -24.4156318714761582)
continue (390.0000000000000000 -24.4194597206834345)
continue (400.0000000000000000 -24.4232189456114206)
continue (410.0000000000000000 -24.4269129268429168)
continue (420.0000000000000000 -24.4305448009307860)
continue (430.0000000000000000 -24.4341174833155037)
continue (440.0000000000000000 -24.4376336886168204)
continue (450.0000000000000000 -24.4410959486518493)
continue (460.0000000000000000 -24.4445066284783294)
continue (470.0000000000000000 -24.4478679407170496)
continue (480.0000000000000000 -24.4511819583699506)
continue (490.0000000000000000 -24.4544506263196411)
continue (500.0000000000000000 -24.4576757716694644)
continue (510.0000000000000000 -24.4608591130617725)
continue (520.0000000000000000 -24.4640022690929051)
continue (530.0000000000000000 -24.4671067659280723)
continue (540.0000000000000000 -24.4701740442056135)
continue (550.0000000000000000 -24.4732054653086166)
continue (560.0000000000000000 -24.4762023170723850)
continue (570.0000000000000000 -24.4791658189872336)
continue (580.0000000000000000 -24.4820971269495935)
continue (590.0000000000000000 -24.4849973376072789)
continue (600.0000000000000000 -24.4878674923401256)
continue (610.0000000000000000 -24.4907085809117966)
continue (620.0000000000000000 -24.4935215448251213)
continue (630.0000000000000000 -24.4963072804090238)
continue (640.0000000000000000 -24.4990666416628748)
continue (650.0000000000000000 -24.5018004428801603)
continue (660.0000000000000000 -24.5045094610723062)
continue (670.0000000000000000 -24.5071944382101705)
continue (680.0000000000000000 -24.5098560832997912)
continue (690.0000000000000000 -24.5124950743065142)
continue (700.0000000000000000 -24.5151120599409076)
continue (710.0000000000000000 -24.5177076613180311)
continue (720.0000000000000000 -24.5202824735008065)
continue (730.0000000000000000 -24.5228370669368232)
continue (740.0000000000000000 -24.5253719887976267)
continue (750.0000000000000000 -24.5278877642281223)
continue (760.0000000000000000 -24.5303848975131089)
continue (770.0000000000000000 -24.5328638731679334)
continue (780.0000000000000000 -24.5353251569584003)
continue (790.0000000000000000 -24.5377691968560789)
continue (800.0000000000000000 -24.5401964239333630)
continue (810.0000000000000000 -24.5426072532030055)
continue (820.0000000000000000 -24.5450020844061996)
continue (830.0000000000000000 -24.5473813027528038)
continue (840.0000000000000000 -24.5497452796174009)
continue (850.0000000000000000 -24.5520943731941195)
continue (860.0000000000000000 -24.5544289291130156)
continue (870.0000000000000000 -24.5567492810211938)
continue (880.0000000000000000 -24.5590557511303480)
continue (890.0000000000000000 -24.5613486507335956)
continue (900.0000000000000000 -24.5636282806933899)
continue (910.0000000000000000 -24.5658949319024842)
continue (920.0000000000000000 -24.5681488857196904)
continue (930.0000000000000000 -24.5703904143821354)
continue (940.0000000000000000 -24.5726197813954244)
continue (950.0000000000000000 -24.5748372419031327)
continue (960.0000000000000000 -24.5770430430371682)
continue (970.0000000000000000 -24.5792374242496123)
continue (980.0000000000000000 -24.5814206176279235)
continue (990.0000000000000000 -24.5835928481938915)
continue (1000.0000000000000000 -24.5857543341876941)
continue (1200.0000000000000000 -24.6270136498439314)
continue (1400.0000000000000000 -24.6652936497763768)
continue (1600.0000000000000000 -24.7013821191045295)
continue (1800.0000000000000000 -24.7357874319172701)
continue (2000.0000000000000000 -24.7688568885305678)
continue (2200.0000000000000000 -24.8008383094992801)
continue (2400.0000000000000000 -24.8319146189060369)
continue (2600.0000000000000000 -24.8622243774080260)
continue (2800.0000000000000000 -24.8918744745851512)
continue (3000.0000000000000000 -24.9209482097451840)
continue (3200.0000000000000000 -24.9495105610498129)
continue (3400.0000000000000000 -24.9776117092050889)
continue (3600.0000000000000000 -25.0052894699221468)
continue (3800.0000000000000000 -25.0325710522626999)
continue (4000.0000000000000000 -25.0594744477734892)
continue (4200.0000000000000000 -25.0860093732992055)
continue (4400.0000000000000000 -25.1121782824582382)
continue (4600.0000000000000000 -25.1379775210723331)
continue (4800.0000000000000000 -25.1633972950250957)
continue (5000.0000000000000000 -25.1884233837475762)
continue (5200.0000000000000000 -25.2130368570048269)
continue (5400.0000000000000000 -25.2372169034976501)
continue (5600.0000000000000000 -25.2609379805585839)
continue (5800.0000000000000000 -25.2841739597158508)
continue (6000.0000000000000000 -25.3068979089903685)
continue (6200.0000000000000000 -25.3290818526544896)
continue (6400.0000000000000000 -25.3506969220992033)
continue (6600.0000000000000000 -25.3717199519957788)
continue (6800.0000000000000000 -25.3921242679063290)
continue (7000.0000000000000000 -25.4119254500809610)
continue (7200.0000000000000000 -25.4311638804381239)
continue (7400.0000000000000000 -25.4498704692769451)
continue (7600.0000000000000000 -25.4680736508041505)
continue (7800.0000000000000000 -25.4857996406355269)
continue (8000.0000000000000000 -25.5030726606763380)
continue (8200.0000000000000000 -25.5199151362169587)
continue (8400.0000000000000000 -25.5363478692637429)
continue (8600.0000000000000000 -25.5523901914622940)
continue (8800.0000000000000000 -25.5680600994300029)
continue (9000.0000000000000000 -25.5833743748712408)
continue (9200.0000000000000000 -25.5983486914831175)
continue (9400.0000000000000000 -25.6129977103575008)
continue (9600.0000000000000000 -25.6273351653332355)
continue (9800.0000000000000000 -25.6413739395426461)
continue (10000.0000000000000000 -25.6551261342204278)
continue (10200.0000000000000000 -25.6686031306947520)
continue (10400.0000000000000000 -25.6818156463553748)
continue (10600.0000000000000000 -25.6947737852876195)
continue (10800.0000000000000000 -25.7074870841707011)
continue (11000.0000000000000000 -25.7199645539621500)
continue (11500.0000000000000000 -25.7501813018745374)
continue (12000.0000000000000000 -25.7790975583739836)
continue (12500.0000000000000000 -25.8068198384477085)
continue (13000.0000000000000000 -25.8334421016309896)
continue (13500.0000000000000000 -25.8590476499951585)
continue (14000.0000000000000000 -25.8837106805943264)
continue (14500.0000000000000000 -25.9074975652062811)
continue (15000.0000000000000000 -25.9304679128991324)
continue (15500.0000000000000000 -25.9526754581955323)
continue (16000.0000000000000000 -25.9741688080910436)
continue (16500.0000000000000000 -25.9949920740124902)
continue (17000.0000000000000000 -26.0151854093458219)
continue (17500.0000000000000000 -26.0347854689730873)
continue (18000.0000000000000000 -26.0538258040133606)
continue (18500.0000000000000000 -26.0723372024296189)
continue (19000.0000000000000000 -26.0903479841713590)
continue (19500.0000000000000000 -26.1078842579451944)
continue (20000.0000000000000000 -26.1249701454474845)
continue (20500.0000000000000000 -26.1416279778840455)
continue (21000.0000000000000000 -26.1578784687872528)
continue (21500.0000000000000000 -26.1737408664798963)
continue (22000.0000000000000000 -26.1892330889956426)
continue (22500.0000000000000000 -26.2043718438236972)
continue (23000.0000000000000000 -26.2191727344805763)
continue (23500.0000000000000000 -26.2336503556103153)
continue (24000.0000000000000000 -26.2478183780633891)
continue (24500.0000000000000000 -26.2616896251951886)
continue (25000.0000000000000000 -26.2752761414493143)
continue (25500.0000000000000000 -26.2885892541431225)
continue (26000.0000000000000000 -26.3016396292482071)
continue (26500.0000000000000000 -26.3144373218526901)
continue (27000.0000000000000000 -26.3269918219022898)
continue (27500.0000000000000000 -26.3393120957404001)
continue (28000.0000000000000000 -26.3514066239017133)
continue (28500.0000000000000000 -26.3632834355576122)
continue (29000.0000000000000000 -26.3749501399630013)
continue (29500.0000000000000000 -26.3864139552124044)
continue (30000.0000000000000000 -26.3976817345768993)
continue (30500.0000000000000000 -26.4087599906620021)
continue (31000.0000000000000000 -26.4196549175993027)
continue (31500.0000000000000000 -26.4303724114607732)
continue (32000.0000000000000000 -26.4409180890638176)
continue (32500.0000000000000000 -26.4512973053169098)
continue (33000.0000000000000000 -26.4615151692396218)
continue (33500.0000000000000000 -26.4715765587767571)
continue (34000.0000000000000000 -26.4814861345138759)
continue (34500.0000000000000000 -26.4912483523905031)
continue (35000.0000000000000000 -26.5008674754976745)
continue (35500.0000000000000000 -26.5103475850377848)
continue (36000.0000000000000000 -26.5196925905170993)
continue (36500.0000000000000000 -26.5289062392345159)
continue (37000.0000000000000000 -26.5379921251240489)
continue (37500.0000000000000000 -26.5469536970031506)
continue (38000.0000000000000000 -26.5557942662741482)
continue (38500.0000000000000000 -26.5645170141216482)
continue (39000.0000000000000000 -26.5731249982451168)
continue (39500.0000000000000000 -26.5816211591620188)
continue (40000.0000000000000000 -26.5900083261141056)
continue (40500.0000000000000000 -26.5982892226063683)
continue (41000.0000000000000000 -26.6064664716057706)
continue (41500.0000000000000000 -26.6145426004244996)
continue (42000.0000000000000000 -26.6225200453104449)
continue (42500.0000000000000000 -26.6304011557657070)
continue (43000.0000000000000000 -26.6381881986122515)
continue (43500.0000000000000000 -26.6458833618222179)
continue (44000.0000000000000000 -26.6534887581291358)
continue (44500.0000000000000000 -26.6610064284347743)
continue (45000.0000000000000000 -26.6684383450254892)
continue (45500.0000000000000000 -26.6757864146105952)
continue (46000.0000000000000000 -26.6830524811945118)
continue (46500.0000000000000000 -26.6902383287934306)
continue (47000.0000000000000000 -26.6973456840065460)
continue (47500.0000000000000000 -26.7043762184510278)
continue (48000.0000000000000000 -26.7113315510693567)
continue (48500.0000000000000000 -26.7182132503169534)
continue (49000.0000000000000000 -26.7250228362374393)
continue (49500.0000000000000000 -26.7317617824324500)
continue (50000.0000000000000000 -26.7384315179322982)
continue (50500.0000000000000000 -26.7450334289734677)
continue (51000.0000000000000000 -26.7515688606883870)
continue (51500.0000000000000000 -26.7580391187126985)
continue (52000.0000000000000000 -26.7644454707147545)
continue (52500.0000000000000000 -26.7707891478518469)
continue (53000.0000000000000000 -26.7770713461572818)
continue (53500.0000000000000000 -26.7832932278622984)
continue (54000.0000000000000000 -26.7894559226563729)
continue (54500.0000000000000000 -26.7955605288893857)
continue (55000.0000000000000000 -26.8016081147187890)
continue (55500.0000000000000000 -26.8075997192048376)
continue (56000.0000000000000000 -26.8135363533565787)
continue (56500.0000000000000000 -26.8194190011313331)
continue (57000.0000000000000000 -26.8252486203900524)
continue (57500.0000000000000000 -26.8310261438109166)
continue (58000.0000000000000000 -26.8367524797633052)
continue (58500.0000000000000000 -26.8424285131442204)
continue (59000.0000000000000000 -26.8480551061790536)
continue (59500.0000000000000000 -26.8536330991885066)
continue (60000.0000000000000000 -26.8591633113234138)
continue (60500.0000000000000000 -26.8646465412689750)
continue (61000.0000000000000000 -26.8700835679199983)
continue (61500.0000000000000000 -26.8754751510285352)
continue (62000.0000000000000000 -26.8808220318252502)
continue (62500.0000000000000000 -26.8861249336157861)
continue (63000.0000000000000000 -26.8913845623533803)
continue (63500.0000000000000000 -26.8966016071887388)
continue (64000.0000000000000000 -26.9017767409983755)
continue (64500.0000000000000000 -26.9069106208923436)
continue (65000.0000000000000000 -26.9120038887023192)
continue (65500.0000000000000000 -26.9170571714509563)
continue (66000.0000000000000000 -26.9220710818034057)
continue (66500.0000000000000000 -26.9270462185016974)
continue (67000.0000000000000000 -26.9319831667829135)
continue (67500.0000000000000000 -26.9368824987817099)
continue (68000.0000000000000000 -26.9417447739180140)
continue (68500.0000000000000000 -26.9465705392704926)
continue (69000.0000000000000000 -26.9513603299363815)
continue (69500.0000000000000000 -26.9561146693783513)
continue (70000.0000000000000000 -26.9608340697588815)
continue (70500.0000000000000000 -26.9655190322627512)
continue (71000.0000000000000000 -26.9701700474080823)
continue (71500.0000000000000000 -26.9747875953464700)
continue (72000.0000000000000000 -26.9793721461526275)
continue (72500.0000000000000000 -26.9839241601040172)
continue (73000.0000000000000000 -26.9884440879508283)
continue (73500.0000000000000000 -26.9929323711767069)
continue (74000.0000000000000000 -26.9973894422507250)
continue (74500.0000000000000000 -27.0018157248707134)
continue (75245.0000000000000000 -50.0000000000000000)
continue (7354000.0000000000000000 -50.0000000000000000)
f(nu) = -20.1904944572821847 at 1.0000000000000000 Ryd
