# Faucher-Giguere 2019 
# z = 1.818383
# E [Ryd] log (J_nu)
interpolate (0.0000000100100000 -50.0000000000000000)
continue (0.0990000000000000 -50.0000000000000000)
continue (0.1000000000000000 -18.8228606853166518)
continue (0.1500000000000000 -18.9466859291522276)
continue (0.2000000000000000 -19.0851210347890081)
continue (0.2500000000000001 -19.2173912421234867)
continue (0.3000000000000000 -19.2235929688374299)
continue (0.3500000000000001 -19.2250479811667994)
continue (0.4000000000000001 -19.2260291019664216)
continue (0.4500000000000001 -19.2456881149091821)
continue (0.5000000000000001 -19.2612642295977778)
continue (0.5500000000000002 -19.2817338426367186)
continue (0.6000000000000002 -19.3043312862341487)
continue (0.6500000000000001 -19.3466122556693705)
continue (0.7000000000000002 -19.3974195906212685)
continue (0.7500000000000002 -19.7214742213012251)
continue (0.8000000000000002 -19.8075048242406275)
continue (0.8500000000000002 -19.9895729743269186)
continue (0.9000000000000002 -20.1692951912015381)
continue (0.9500000000000003 -20.5348300837542332)
continue (1.0100000000000000 -21.3741596398829330)
continue (1.0600000000000001 -21.4137623119037848)
continue (1.1100000000000001 -21.4484837509915636)
continue (1.1600000000000001 -21.4852136418292723)
continue (1.2100000000000002 -21.5073661205609170)
continue (1.2600000000000002 -21.5367521840988090)
continue (1.3100000000000003 -21.5663712298308603)
continue (1.3600000000000003 -21.5956690090675529)
continue (1.4100000000000004 -21.6181097146758816)
continue (1.4600000000000004 -21.6405371032553866)
continue (1.5100000000000005 -21.6652799264190463)
continue (1.5600000000000005 -21.6950435996675139)
continue (1.6100000000000005 -21.7209231462767711)
continue (1.6600000000000006 -21.7522726396870603)
continue (1.7100000000000006 -21.7729222337078170)
continue (1.7600000000000007 -21.7972496701392515)
continue (1.8100000000000007 -21.8204452877717863)
continue (1.8600000000000008 -21.8427232630448529)
continue (1.9100000000000008 -21.8570501401991777)
continue (1.9600000000000009 -21.8815134073929300)
continue (2.0000000000000000 -21.8911407689914839)
continue (2.0099999999999998 -21.8895260708714581)
continue (2.0199999999999996 -21.8972382070466658)
continue (2.0299999999999994 -21.9013094664667065)
continue (2.0399999999999991 -21.8968557580378018)
continue (2.0499999999999989 -21.9055410064223999)
continue (2.0599999999999987 -21.9099021915112360)
continue (2.0699999999999985 -21.9086431693786743)
continue (2.0799999999999983 -21.9109188857257422)
continue (2.0899999999999981 -21.9157318360670708)
continue (2.0999999999999979 -21.9133077449623315)
continue (2.1099999999999977 -21.9177525329318712)
continue (2.1199999999999974 -21.9240601788197900)
continue (2.1299999999999972 -21.9219792125900845)
continue (2.1399999999999970 -21.9215051678214934)
continue (2.1499999999999968 -21.9296616961685551)
continue (2.1599999999999966 -21.9317748890691284)
continue (2.1699999999999964 -21.9279259177641173)
continue (2.1799999999999962 -21.9351313547156259)
continue (2.1899999999999959 -21.9375914176094930)
continue (2.1999999999999957 -21.9370021488054761)
continue (2.2099999999999955 -21.9398912567895898)
continue (2.2199999999999953 -21.9428336195350830)
continue (2.2299999999999951 -21.9443179501768846)
continue (2.2399999999999949 -21.9446711795271057)
continue (2.2499999999999947 -21.9474840650094443)
continue (2.2599999999999945 -21.9472953349863893)
continue (2.2699999999999942 -21.9545594396166699)
continue (2.2799999999999940 -21.9488147647356691)
continue (2.2899999999999938 -21.9515691285442465)
continue (2.2999999999999936 -21.9550012993569190)
continue (2.3099999999999934 -21.9560164294782183)
continue (2.3199999999999932 -21.9526045298029047)
continue (2.3299999999999930 -21.9577114983343620)
continue (2.3399999999999928 -21.9545377991086887)
continue (2.3499999999999925 -21.9612017316938619)
continue (2.3599999999999923 -21.9570693697475612)
continue (2.3699999999999921 -21.9596133898582728)
continue (2.3799999999999919 -21.9601156849271462)
continue (2.3899999999999917 -21.9620805570810553)
continue (2.3999999999999915 -21.9635548006404129)
continue (2.4099999999999913 -21.9639886902132773)
continue (2.4199999999999910 -21.9610224527074429)
continue (2.4299999999999908 -21.9675146837582460)
continue (2.4399999999999906 -21.9621455464599826)
continue (2.4499999999999904 -21.9640127544585937)
continue (2.4599999999999902 -21.9617984524546976)
continue (2.4699999999999900 -21.9716845225296105)
continue (2.4799999999999898 -21.9645857388243932)
continue (2.4899999999999896 -21.9628911905266797)
continue (2.4999999999999893 -21.9653954394622097)
continue (2.5099999999999891 -21.9743887833912765)
continue (2.5199999999999889 -21.9689475469241593)
continue (2.5299999999999887 -21.9659961106826778)
continue (2.5399999999999885 -21.9661036672353127)
continue (2.5499999999999883 -21.9688194128960426)
continue (2.5599999999999881 -21.9724483272248605)
continue (2.5699999999999878 -21.9673040662316019)
continue (2.5799999999999876 -21.9669137839364623)
continue (2.5899999999999874 -21.9681203408580039)
continue (2.5999999999999872 -21.9712541308506744)
continue (2.6099999999999870 -21.9664767506389644)
continue (2.6199999999999868 -21.9694644452553725)
continue (2.6299999999999866 -21.9674525609129745)
continue (2.6399999999999864 -21.9706620089528499)
continue (2.6499999999999861 -21.9682439552679227)
continue (2.6599999999999859 -21.9705039277680854)
continue (2.6699999999999857 -21.9669992903772631)
continue (2.6799999999999855 -21.9698363890453301)
continue (2.6899999999999853 -21.9696825381297529)
continue (2.6999999999999851 -21.9692692251061317)
continue (2.7099999999999849 -21.9757162197749203)
continue (2.7199999999999847 -21.9689849331166513)
continue (2.7299999999999844 -21.9708327526281977)
continue (2.7399999999999842 -21.9705276258541851)
continue (2.7499999999999840 -21.9745390235248514)
continue (2.7599999999999838 -21.9668034095572580)
continue (2.7699999999999836 -21.9747242400634839)
continue (2.7799999999999834 -21.9711692716841611)
continue (2.7899999999999832 -21.9709767910117257)
continue (2.7999999999999829 -21.9742674953878243)
continue (2.8099999999999827 -21.9729782786057264)
continue (2.8199999999999825 -21.9748917611349697)
continue (2.8299999999999823 -21.9729913982102687)
continue (2.8399999999999821 -21.9726770813645160)
continue (2.8499999999999819 -21.9717444123602377)
continue (2.8599999999999817 -21.9763295489730339)
continue (2.8699999999999815 -21.9746999414422675)
continue (2.8799999999999812 -21.9744387657916711)
continue (2.8899999999999810 -21.9761512380007318)
continue (2.8999999999999808 -21.9738279054231995)
continue (2.9099999999999806 -21.9770084116417053)
continue (2.9199999999999804 -21.9760282605561521)
continue (2.9299999999999802 -21.9773507286178358)
continue (2.9399999999999800 -21.9782486620519890)
continue (2.9499999999999797 -21.9765325938720153)
continue (2.9599999999999795 -21.9771801194670680)
continue (2.9699999999999793 -21.9797418310930937)
continue (2.9799999999999791 -21.9816320751365772)
continue (2.9899999999999789 -21.9815731685427629)
continue (2.9999999999999787 -21.9867482751535412)
continue (3.0099999999999785 -22.3819915748021430)
continue (3.0199999999999783 -22.3916661854285586)
continue (3.0299999999999780 -22.3961561049323237)
continue (3.0399999999999778 -22.4005272281582712)
continue (3.0499999999999776 -22.4013053003196241)
continue (3.0599999999999774 -22.4062065991982671)
continue (3.0699999999999772 -22.4167843607153721)
continue (3.0799999999999770 -22.4230922834987219)
continue (3.0899999999999768 -22.4231490418593928)
continue (3.0999999999999766 -22.4236045015017851)
continue (3.1099999999999763 -22.4338408463203969)
continue (3.1199999999999761 -22.4399362619932283)
continue (3.1299999999999759 -22.4457296318079855)
continue (3.1399999999999757 -22.4456995390409624)
continue (3.1499999999999755 -22.4474320078552410)
continue (3.1599999999999753 -22.4537422244702256)
continue (3.1699999999999751 -22.4681530613511669)
continue (3.1799999999999748 -22.4673551685296253)
continue (3.1899999999999746 -22.4683126473555816)
continue (3.1999999999999744 -22.4720245293284009)
continue (3.2099999999999742 -22.4758719700825189)
continue (3.2199999999999740 -22.4939711008662471)
continue (3.2299999999999738 -22.4949109630966966)
continue (3.2399999999999736 -22.4938032402341825)
continue (3.2499999999999734 -22.5000572140145287)
continue (3.2599999999999731 -22.4981038364826098)
continue (3.2699999999999729 -22.5193486903888420)
continue (3.2799999999999727 -22.5243997788144483)
continue (3.2899999999999725 -22.5247182003283264)
continue (3.2999999999999723 -22.5255241555262025)
continue (3.3099999999999721 -22.5246186823905141)
continue (3.3199999999999719 -22.5370865251354822)
continue (3.3299999999999716 -22.5464047544864776)
continue (3.3399999999999714 -22.5551261392704276)
continue (3.3499999999999712 -22.5514109053081171)
continue (3.3599999999999710 -22.5569959850299284)
continue (3.3699999999999708 -22.5646902891172978)
continue (3.3799999999999706 -22.5792454763044219)
continue (3.3899999999999704 -22.5857127255781336)
continue (3.3999999999999702 -22.5817909593926345)
continue (3.4099999999999699 -22.5807052758221012)
continue (3.4199999999999697 -22.5930307313787182)
continue (3.4299999999999695 -22.5953328001232130)
continue (3.4399999999999693 -22.6141813664760640)
continue (3.4499999999999691 -22.6116490259001104)
continue (3.4599999999999689 -22.6058786860629830)
continue (3.4699999999999687 -22.6116928075793169)
continue (3.4799999999999685 -22.6237221608031476)
continue (3.4899999999999682 -22.6272208131337855)
continue (3.4999999999999680 -22.6470979373396020)
continue (3.5099999999999678 -22.6447652292060546)
continue (3.5199999999999676 -22.6395308932833288)
continue (3.5299999999999674 -22.6512386249991486)
continue (3.5399999999999672 -22.6566569305693406)
continue (3.5499999999999670 -22.6648058127897443)
continue (3.5599999999999667 -22.6294603355619266)
continue (3.5699999999999665 -22.6389751341724867)
continue (3.5799999999999663 -22.6332634963796160)
continue (3.5899999999999661 -22.6448160264996758)
continue (3.5999999999999659 -22.6559220621340529)
continue (3.6099999999999657 -22.6657535323206822)
continue (3.6199999999999655 -22.6539340373636016)
continue (3.6299999999999653 -22.6688886336756035)
continue (3.6399999999999650 -22.6663243966924774)
continue (3.6499999999999648 -22.6794719287387956)
continue (3.6599999999999646 -22.6885300543610100)
continue (3.6699999999999644 -22.7010225355843502)
continue (3.6799999999999642 -22.6849493570919201)
continue (3.6899999999999640 -22.6980249491235675)
continue (3.6999999999999638 -22.6978343005035903)
continue (3.7099999999999635 -22.7115506894559473)
continue (3.7199999999999633 -22.7190583020078414)
continue (3.7299999999999631 -22.7317062883021883)
continue (3.7399999999999629 -22.7106978207650130)
continue (3.7499999999999627 -22.7193195669945283)
continue (3.7599999999999625 -22.7036009355528883)
continue (3.7699999999999623 -22.7102653923708004)
continue (3.7799999999999621 -22.7267134168890621)
continue (3.7899999999999618 -22.7393725649351666)
continue (3.7999999999999616 -22.7140513438405556)
continue (3.8099999999999614 -22.7259742336002049)
continue (3.8199999999999612 -22.7372763505157494)
continue (3.8299999999999610 -22.7365431968565410)
continue (3.8399999999999608 -22.7427309959022388)
continue (3.8499999999999606 -22.7532706641599987)
continue (3.8599999999999604 -22.7651032339104447)
continue (3.8699999999999601 -22.7334668496674013)
continue (3.8799999999999599 -22.7476941458873156)
continue (3.8899999999999597 -22.7514779151897599)
continue (3.8999999999999595 -22.7601565545688196)
continue (3.9099999999999593 -22.7667902888040032)
continue (3.9199999999999591 -22.7818903327657800)
continue (3.9299999999999589 -22.7915720626240805)
continue (3.9399999999999586 -22.7564963995383707)
continue (3.9499999999999584 -22.7706973172771256)
continue (3.9599999999999582 -22.7840570681458168)
continue (3.9699999999999580 -22.7935964571009784)
continue (3.9799999999999578 -22.8020077767868727)
continue (3.9899999999999576 -22.8183565409320614)
continue (4.0099999999999998 -22.7846753783321780)
continue (4.5099999999999998 -23.1308163310552395)
continue (5.0099999999999998 -23.2053666566577590)
continue (5.5099999999999998 -23.2621329420516716)
continue (6.0099999999999998 -23.3153010705359662)
continue (6.5099999999999998 -23.3649690675035089)
continue (7.0099999999999998 -23.4125598167449489)
continue (7.5099999999999998 -23.4571596176242210)
continue (8.0099999999999998 -23.4982983681000555)
continue (8.5099999999999998 -23.5369568750992855)
continue (9.0099999999999998 -23.5731722883589292)
continue (9.5099999999999998 -23.6072944929995998)
continue (10.0000000000000000 -23.6389665654577499)
continue (10.0099999999999998 -23.6395967228028354)
continue (15.0000000000000000 -23.8932940230302471)
continue (20.0000000000000000 -23.9861809879018146)
continue (25.0000000000000000 -24.0327926463836299)
continue (30.0000000000000000 -24.0790263525731625)
continue (35.0000000000000000 -24.1182806346971965)
continue (40.0000000000000000 -24.1470307559509578)
continue (45.0000000000000000 -24.1638046270884068)
continue (50.0000000000000000 -24.1733976842145779)
continue (55.0000000000000000 -24.1825476071223591)
continue (60.0000000000000000 -24.1912484753946053)
continue (65.0000000000000000 -24.1994899568194022)
continue (70.0000000000000000 -24.2072899386120888)
continue (75.0000000000000000 -24.2146776400579640)
continue (80.0000000000000000 -24.2216856522179036)
continue (85.0000000000000000 -24.2283462337852527)
continue (90.0000000000000000 -24.2346896778217733)
continue (95.0000000000000000 -24.2407436945675450)
continue (100.0000000000000000 -24.2465332886542910)
continue (110.0000000000000000 -24.2574064544463468)
continue (120.0000000000000000 -24.2674612339006792)
continue (130.0000000000000000 -24.2768190656086844)
continue (140.0000000000000000 -24.2855775426449405)
continue (150.0000000000000000 -24.2938158305155731)
continue (160.0000000000000000 -24.3015988056797134)
continue (170.0000000000000000 -24.3089801764528310)
continue (180.0000000000000000 -24.3160048373908424)
continue (190.0000000000000000 -24.3227106563724114)
continue (200.0000000000000000 -24.3291298429036829)
continue (210.0000000000000000 -24.3352900059662005)
continue (220.0000000000000000 -24.3412149799813129)
continue (230.0000000000000000 -24.3469254760228253)
continue (240.0000000000000000 -24.3524396000765009)
continue (250.0000000000000000 -24.3577732691762563)
continue (260.0000000000000000 -24.3629405483599975)
continue (270.0000000000000000 -24.3679539256774831)
continue (280.0000000000000000 -24.3728245383123294)
continue (290.0000000000000000 -24.3775623598092466)
continue (300.0000000000000000 -24.3821763561143818)
continue (310.0000000000000000 -24.3866746164251005)
continue (320.0000000000000000 -24.3910644635517357)
continue (330.0000000000000000 -24.3953525475058974)
continue (340.0000000000000000 -24.3995449252719929)
continue (350.0000000000000000 -24.4036471291301282)
continue (360.0000000000000000 -24.4076642254409784)
continue (370.0000000000000000 -24.4116008654420042)
continue (380.0000000000000000 -24.4154613293196263)
continue (390.0000000000000000 -24.4192495645954217)
continue (400.0000000000000000 -24.4229692196825710)
continue (410.0000000000000000 -24.4266236733220694)
continue (420.0000000000000000 -24.4302160604903200)
continue (430.0000000000000000 -24.4337492952728361)
continue (440.0000000000000000 -24.4372260911198680)
continue (450.0000000000000000 -24.4406489788352381)
continue (460.0000000000000000 -24.4440203225951862)
continue (470.0000000000000000 -24.4473423342508518)
continue (480.0000000000000000 -24.4506170861297143)
continue (490.0000000000000000 -24.4538465225211397)
continue (500.0000000000000000 -24.4570324700049468)
continue (510.0000000000000000 -24.4601766467596811)
continue (520.0000000000000000 -24.4632806709695316)
continue (530.0000000000000000 -24.4663460684321947)
continue (540.0000000000000000 -24.4693742794570994)
continue (550.0000000000000000 -24.4723666651321210)
continue (560.0000000000000000 -24.4753245130265675)
continue (570.0000000000000000 -24.4782490423905337)
continue (580.0000000000000000 -24.4811414089025199)
continue (590.0000000000000000 -24.4840027090122376)
continue (600.0000000000000000 -24.4868339839186469)
continue (610.0000000000000000 -24.4896362232199358)
continue (620.0000000000000000 -24.4924103682669561)
continue (630.0000000000000000 -24.4951573152486084)
continue (640.0000000000000000 -24.4978779180349164)
continue (650.0000000000000000 -24.5005729907994123)
continue (660.0000000000000000 -24.5032433104420484)
continue (670.0000000000000000 -24.5058896188297233)
continue (680.0000000000000000 -24.5085126248712299)
continue (690.0000000000000000 -24.5111130064406488)
continue (700.0000000000000000 -24.5136914121627605)
continue (710.0000000000000000 -24.5162484630717117)
continue (720.0000000000000000 -24.5187847541538062)
continue (730.0000000000000000 -24.5213008557839771)
continue (740.0000000000000000 -24.5237973150646766)
continue (750.0000000000000000 -24.5262746570749854)
continue (760.0000000000000000 -24.5287333860367767)
continue (770.0000000000000000 -24.5311739864050864)
continue (780.0000000000000000 -24.5335969238878242)
continue (790.0000000000000000 -24.5360026464008598)
continue (800.0000000000000000 -24.5383915849628806)
continue (810.0000000000000000 -24.5407641545347914)
continue (820.0000000000000000 -24.5431207548074717)
continue (830.0000000000000000 -24.5454617709421470)
continue (840.0000000000000000 -24.5477875742660316)
continue (850.0000000000000000 -24.5500985229272004)
continue (860.0000000000000000 -24.5523949625109275)
continue (870.0000000000000000 -24.5546772266203845)
continue (880.0000000000000000 -24.5569456374245654)
continue (890.0000000000000000 -24.5592005061746264)
continue (900.0000000000000000 -24.5614421336920223)
continue (910.0000000000000000 -24.5636708108292012)
continue (920.0000000000000000 -24.5658868189054438)
continue (930.0000000000000000 -24.5680904301189535)
continue (940.0000000000000000 -24.5702819079370833)
continue (950.0000000000000000 -24.5724615074657464)
continue (960.0000000000000000 -24.5746294757996893)
continue (970.0000000000000000 -24.5767860523543149)
continue (980.0000000000000000 -24.5789314691808336)
continue (990.0000000000000000 -24.5810659512653551)
continue (1000.0000000000000000 -24.5831897168126332)
continue (1200.0000000000000000 -24.6237004591051551)
continue (1400.0000000000000000 -24.6612428285273424)
continue (1600.0000000000000000 -24.6966043720814170)
continue (1800.0000000000000000 -24.7302932397370654)
continue (2000.0000000000000000 -24.7626565297564518)
continue (2200.0000000000000000 -24.7939419180974667)
continue (2400.0000000000000000 -24.8243323264364086)
continue (2600.0000000000000000 -24.8539665940813350)
continue (2800.0000000000000000 -24.8829523478498231)
continue (3000.0000000000000000 -24.9113742603666033)
continue (3200.0000000000000000 -24.9392994510598243)
continue (3400.0000000000000000 -24.9667810635770451)
continue (3600.0000000000000000 -24.9938606558139931)
continue (3800.0000000000000000 -25.0205698523974860)
continue (4000.0000000000000000 -25.0469314024636702)
continue (4200.0000000000000000 -25.0729600567198432)
continue (4400.0000000000000000 -25.0986632943808736)
continue (4600.0000000000000000 -25.1240417268202556)
continue (4800.0000000000000000 -25.1490895418053277)
continue (5000.0000000000000000 -25.1737953173380724)
continue (5200.0000000000000000 -25.1981418682097917)
continue (5400.0000000000000000 -25.2221075313037488)
continue (5600.0000000000000000 -25.2456667349373980)
continue (5800.0000000000000000 -25.2687885205654972)
continue (6000.0000000000000000 -25.2914407383831694)
continue (6200.0000000000000000 -25.3135883213958053)
continue (6400.0000000000000000 -25.3351944393012083)
continue (6600.0000000000000000 -25.3562219449403834)
continue (6800.0000000000000000 -25.3766316084089176)
continue (7000.0000000000000000 -25.3964374297518134)
continue (7200.0000000000000000 -25.4156804315996716)
continue (7400.0000000000000000 -25.4343915269798835)
continue (7600.0000000000000000 -25.4525991526473199)
continue (7800.0000000000000000 -25.4703295266020930)
continue (8000.0000000000000000 -25.4876068729843794)
continue (8200.0000000000000000 -25.5044536191829714)
continue (8400.0000000000000000 -25.5208905691775279)
continue (8600.0000000000000000 -25.5369370564721052)
continue (8800.0000000000000000 -25.5526110794369181)
continue (9000.0000000000000000 -25.5679294214317245)
continue (9200.0000000000000000 -25.5829077577190844)
continue (9400.0000000000000000 -25.5975607508730967)
continue (9600.0000000000000000 -25.6119021361377008)
continue (9800.0000000000000000 -25.6259447979787076)
continue (10000.0000000000000000 -25.6397008388977419)
continue (10200.0000000000000000 -25.6531816414278850)
continue (10400.0000000000000000 -25.6663979241060254)
continue (10600.0000000000000000 -25.6793597921106205)
continue (10800.0000000000000000 -25.6920767831635573)
continue (11000.0000000000000000 -25.7045579092177832)
continue (11500.0000000000000000 -25.7347836468336020)
continue (12000.0000000000000000 -25.7637086882225432)
continue (12500.0000000000000000 -25.7914395607481595)
continue (13000.0000000000000000 -25.8180702351155844)
continue (13500.0000000000000000 -25.8436840235186729)
continue (14000.0000000000000000 -25.8683551322197971)
continue (14500.0000000000000000 -25.8921499414027920)
continue (15000.0000000000000000 -25.9151280678345515)
continue (15500.0000000000000000 -25.9373432531101820)
continue (16000.0000000000000000 -25.9588441107407348)
continue (16500.0000000000000000 -25.9796747581713525)
continue (17000.0000000000000000 -25.9998753543608778)
continue (17500.0000000000000000 -26.0194825593638264)
continue (18000.0000000000000000 -26.0385299291106449)
continue (18500.0000000000000000 -26.0570482560490326)
continue (19000.0000000000000000 -26.0750658643169508)
continue (19500.0000000000000000 -26.0926088665399760)
continue (20000.0000000000000000 -26.1097013880877107)
continue (20500.0000000000000000 -26.1263657636146185)
continue (21000.0000000000000000 -26.1426227098959600)
continue (21500.0000000000000000 -26.1584914783085090)
continue (22000.0000000000000000 -26.1739899897661203)
continue (22500.0000000000000000 -26.1891349544779750)
continue (23000.0000000000000000 -26.2039419785326260)
continue (23500.0000000000000000 -26.2184256590092559)
continue (24000.0000000000000000 -26.2325996690666017)
continue (24500.0000000000000000 -26.2464768342505863)
continue (25000.0000000000000000 -26.2600692010858303)
continue (25500.0000000000000000 -26.2733880988687751)
continue (26000.0000000000000000 -26.2864441954550045)
continue (26500.0000000000000000 -26.2992475477278695)
continue (27000.0000000000000000 -26.3118076473453186)
continue (27500.0000000000000000 -26.3241334622852570)
continue (28000.0000000000000000 -26.3362334746440396)
continue (28500.0000000000000000 -26.3481157150863545)
continue (29000.0000000000000000 -26.3597877942961709)
continue (29500.0000000000000000 -26.3712569317366672)
continue (30000.0000000000000000 -26.3825299819906789)
continue (30500.0000000000000000 -26.3936134589218625)
continue (31000.0000000000000000 -26.4045135578693575)
continue (31500.0000000000000000 -26.4152361760648979)
continue (32000.0000000000000000 -26.4257869314404843)
continue (32500.0000000000000000 -26.4361711799764549)
continue (33000.0000000000000000 -26.4463940317237736)
continue (33500.0000000000000000 -26.4564603656202912)
continue (34000.0000000000000000 -26.4663748432082180)
continue (34500.0000000000000000 -26.4761419213491997)
continue (35000.0000000000000000 -26.4857658640235911)
continue (35500.0000000000000000 -26.4952507532918986)
continue (36000.0000000000000000 -26.5046004994888200)
continue (36500.0000000000000000 -26.5138188507134309)
continue (37000.0000000000000000 -26.5229094016730045)
continue (37500.0000000000000000 -26.5318756019325797)
continue (38000.0000000000000000 -26.5407207636175784)
continue (38500.0000000000000000 -26.5494480686123282)
continue (39000.0000000000000000 -26.5580605752936876)
continue (39500.0000000000000000 -26.5665612248351763)
continue (40000.0000000000000000 -26.5749528471141758)
continue (40500.0000000000000000 -26.5832381662518031)
continue (41000.0000000000000000 -26.5914198058124249)
continue (41500.0000000000000000 -26.5995002936877327)
continue (42000.0000000000000000 -26.6074820666879539)
continue (42500.0000000000000000 -26.6153674748610669)
continue (43000.0000000000000000 -26.6231587855591165)
continue (43500.0000000000000000 -26.6308581872691690)
continue (44000.0000000000000000 -26.6384677932251179)
continue (44500.0000000000000000 -26.6459896448151135)
continue (45000.0000000000000000 -26.6534257147984448)
continue (45500.0000000000000000 -26.6607779103444393)
continue (46000.0000000000000000 -26.6680480759050766)
continue (46500.0000000000000000 -26.6752379959321573)
continue (47000.0000000000000000 -26.6823493974489416)
continue (47500.0000000000000000 -26.6893839524855672)
continue (48000.0000000000000000 -26.6963432803867846)
continue (48500.0000000000000000 -26.7032289499999642)
continue (49000.0000000000000000 -26.7100424817507367)
continue (49500.0000000000000000 -26.7167853496131471)
continue (50000.0000000000000000 -26.7234589829806488)
continue (50500.0000000000000000 -26.7300647684439276)
continue (51000.0000000000000000 -26.7366040514809811)
continue (51500.0000000000000000 -26.7430781380646749)
continue (52000.0000000000000000 -26.7494882961925207)
continue (52500.0000000000000000 -26.7558357573431636)
continue (53000.0000000000000000 -26.7621217178637352)
continue (53500.0000000000000000 -26.7683473402919994)
continue (54000.0000000000000000 -26.7745137546169047)
continue (54500.0000000000000000 -26.7806220594809545)
continue (55000.0000000000000000 -26.7866733233276300)
continue (55500.0000000000000000 -26.7926685854967879)
continue (56000.0000000000000000 -26.7986088572708816)
continue (56500.0000000000000000 -26.8044951228746129)
continue (57000.0000000000000000 -26.8103283404304769)
continue (57500.0000000000000000 -26.8161094428725555)
continue (58000.0000000000000000 -26.8218393388206273)
continue (58500.0000000000000000 -26.8275189134167782)
continue (59000.0000000000000000 -26.8331490291263108)
continue (59500.0000000000000000 -26.8387305265048397)
continue (60000.0000000000000000 -26.8442642249332231)
continue (60500.0000000000000000 -26.8497509233219667)
continue (61000.0000000000000000 -26.8551914007865911)
continue (61500.0000000000000000 -26.8605864172953943)
continue (62000.0000000000000000 -26.8659367142909460)
continue (62500.0000000000000000 -26.8712430152865949)
continue (63000.0000000000000000 -26.8765060264391487)
continue (63500.0000000000000000 -26.8817264370989264)
continue (64000.0000000000000000 -26.8869049203381749)
continue (64500.0000000000000000 -26.8920421334588902)
continue (65000.0000000000000000 -26.8971387184810169)
continue (65500.0000000000000000 -26.9021953026119220)
continue (66000.0000000000000000 -26.9072124986979695)
continue (66500.0000000000000000 -26.9121909056590205)
continue (67000.0000000000000000 -26.9171311089066840)
continue (67500.0000000000000000 -26.9220336807469209)
continue (68000.0000000000000000 -26.9268991807678510)
continue (68500.0000000000000000 -26.9317281562132536)
continue (69000.0000000000000000 -26.9365211423425031)
continue (69500.0000000000000000 -26.9412786627775240)
continue (70000.0000000000000000 -26.9460012298372007)
continue (70500.0000000000000000 -26.9506893448599669)
continue (71000.0000000000000000 -26.9553434985148996)
continue (71500.0000000000000000 -26.9599641711019267)
continue (72000.0000000000000000 -26.9645518328415292)
continue (72500.0000000000000000 -26.9691069441544364)
continue (73000.0000000000000000 -26.9736299559316528)
continue (73500.0000000000000000 -26.9781213097952772)
continue (74000.0000000000000000 -26.9825814383504721)
continue (74500.0000000000000000 -26.9870107654289235)
continue (75245.0000000000000000 -50.0000000000000000)
continue (7354000.0000000000000000 -50.0000000000000000)
f(nu) = -20.1385828193735748 at 1.0000000000000000 Ryd
