# Faucher-Giguere 2019 
# z = 1.238721
# E [Ryd] log (J_nu)
interpolate (0.0000000100100000 -50.0000000000000000)
continue (0.0990000000000000 -50.0000000000000000)
continue (0.1000000000000000 -18.9978046804053662)
continue (0.1500000000000000 -19.1336169535390930)
continue (0.2000000000000000 -19.2719815211101988)
continue (0.2500000000000001 -19.3637286158844155)
continue (0.3000000000000000 -19.3773147857162122)
continue (0.3500000000000001 -19.3876093251262311)
continue (0.4000000000000001 -19.3985577564468521)
continue (0.4500000000000001 -19.4220854931696394)
continue (0.5000000000000001 -19.4559505487157551)
continue (0.5500000000000002 -19.4931552569532016)
continue (0.6000000000000002 -19.5400517167357464)
continue (0.6500000000000001 -19.6008223244473534)
continue (0.7000000000000002 -19.6788462030407807)
continue (0.7500000000000002 -20.0098391526255917)
continue (0.8000000000000002 -20.1285959808876491)
continue (0.8500000000000002 -20.3007121906737140)
continue (0.9000000000000002 -20.5883684651561403)
continue (0.9500000000000003 -20.8307747733300666)
continue (1.0100000000000000 -21.4765574472886165)
continue (1.0600000000000001 -21.5159249819509988)
continue (1.1100000000000001 -21.5522668785791431)
continue (1.1600000000000001 -21.5833733429788381)
continue (1.2100000000000002 -21.6135903276662269)
continue (1.2600000000000002 -21.6448168818901117)
continue (1.3100000000000003 -21.6738348719419314)
continue (1.3600000000000003 -21.7017495762587558)
continue (1.4100000000000004 -21.7317222340828948)
continue (1.4600000000000004 -21.7560019378292999)
continue (1.5100000000000005 -21.7823331568317506)
continue (1.5600000000000005 -21.8088698109727765)
continue (1.6100000000000005 -21.8356783717526106)
continue (1.6600000000000006 -21.8592507413517403)
continue (1.7100000000000006 -21.8790406498607730)
continue (1.7600000000000007 -21.9030471899999633)
continue (1.8100000000000007 -21.9226497348609612)
continue (1.8600000000000008 -21.9440623912103270)
continue (1.9100000000000008 -21.9571066823057208)
continue (1.9600000000000009 -21.9761938142028441)
continue (2.0000000000000000 -21.9894156666578731)
continue (2.0099999999999998 -21.9924755385788302)
continue (2.0199999999999996 -21.9947951453118868)
continue (2.0299999999999994 -21.9971220921775341)
continue (2.0399999999999991 -22.0009399468183062)
continue (2.0499999999999989 -22.0045979124045061)
continue (2.0599999999999987 -22.0045865881033613)
continue (2.0699999999999985 -22.0065921017238324)
continue (2.0799999999999983 -22.0119168781976171)
continue (2.0899999999999981 -22.0149954523140430)
continue (2.0999999999999979 -22.0156743095796550)
continue (2.1099999999999977 -22.0168035846889723)
continue (2.1199999999999974 -22.0237200690810973)
continue (2.1299999999999972 -22.0250072290974614)
continue (2.1399999999999970 -22.0270295594737924)
continue (2.1499999999999968 -22.0278387664498787)
continue (2.1599999999999966 -22.0320049186949092)
continue (2.1699999999999964 -22.0380145380704775)
continue (2.1799999999999962 -22.0346958017777474)
continue (2.1899999999999959 -22.0407306393492526)
continue (2.1999999999999957 -22.0411724806225351)
continue (2.2099999999999955 -22.0474060730439021)
continue (2.2199999999999953 -22.0477325018753518)
continue (2.2299999999999951 -22.0478404377521606)
continue (2.2399999999999949 -22.0511604587157422)
continue (2.2499999999999947 -22.0550551960287109)
continue (2.2599999999999945 -22.0582302618582524)
continue (2.2699999999999942 -22.0565683672096959)
continue (2.2799999999999940 -22.0611270038312348)
continue (2.2899999999999938 -22.0632087005116269)
continue (2.2999999999999936 -22.0675438194034150)
continue (2.3099999999999934 -22.0686843847659517)
continue (2.3199999999999932 -22.0693571840438985)
continue (2.3299999999999930 -22.0734790434917905)
continue (2.3399999999999928 -22.0754781943957958)
continue (2.3499999999999925 -22.0806734621788401)
continue (2.3599999999999923 -22.0798326523287898)
continue (2.3699999999999921 -22.0805670943277228)
continue (2.3799999999999919 -22.0861285280031012)
continue (2.3899999999999917 -22.0888694638668390)
continue (2.3999999999999915 -22.0903615123357788)
continue (2.4099999999999913 -22.0911582464613332)
continue (2.4199999999999910 -22.0939873448672301)
continue (2.4299999999999908 -22.0985951123029416)
continue (2.4399999999999906 -22.1015600170200770)
continue (2.4499999999999904 -22.1032461293869389)
continue (2.4599999999999902 -22.1048221732944832)
continue (2.4699999999999900 -22.1087198351598957)
continue (2.4799999999999898 -22.1087177115497688)
continue (2.4899999999999896 -22.1127615867279701)
continue (2.4999999999999893 -22.1147804558755112)
continue (2.5099999999999891 -22.1175008175694785)
continue (2.5199999999999889 -22.1210324855406100)
continue (2.5299999999999887 -22.1213679238846836)
continue (2.5399999999999885 -22.1280691553500191)
continue (2.5499999999999883 -22.1269034394738959)
continue (2.5599999999999881 -22.1297975921613101)
continue (2.5699999999999878 -22.1323462537183211)
continue (2.5799999999999876 -22.1367520363308437)
continue (2.5899999999999874 -22.1408583404520343)
continue (2.5999999999999872 -22.1388495761947830)
continue (2.6099999999999870 -22.1429948775506382)
continue (2.6199999999999868 -22.1498573663132738)
continue (2.6299999999999866 -22.1513407485524496)
continue (2.6399999999999864 -22.1545727137160924)
continue (2.6499999999999861 -22.1542189509112326)
continue (2.6599999999999859 -22.1553301080693288)
continue (2.6699999999999857 -22.1598844748426664)
continue (2.6799999999999855 -22.1619069211948343)
continue (2.6899999999999853 -22.1623830974582461)
continue (2.6999999999999851 -22.1622440244620371)
continue (2.7099999999999849 -22.1660592055043004)
continue (2.7199999999999847 -22.1694133231718240)
continue (2.7299999999999844 -22.1712439519289504)
continue (2.7399999999999842 -22.1725025735952883)
continue (2.7499999999999840 -22.1746856170853022)
continue (2.7599999999999838 -22.1755707607557717)
continue (2.7699999999999836 -22.1791086529428654)
continue (2.7799999999999834 -22.1800849797293047)
continue (2.7899999999999832 -22.1834136421964914)
continue (2.7999999999999829 -22.1836302794819851)
continue (2.8099999999999827 -22.1898175401805418)
continue (2.8199999999999825 -22.1876864246650456)
continue (2.8299999999999823 -22.1915145521360948)
continue (2.8399999999999821 -22.1938288204769272)
continue (2.8499999999999819 -22.1966582437861106)
continue (2.8599999999999817 -22.1993097833717314)
continue (2.8699999999999815 -22.2019104498735729)
continue (2.8799999999999812 -22.2013575015135523)
continue (2.8899999999999810 -22.2052118082404952)
continue (2.8999999999999808 -22.2066851856976335)
continue (2.9099999999999806 -22.2116161479422267)
continue (2.9199999999999804 -22.2119640838542445)
continue (2.9299999999999802 -22.2146428952720107)
continue (2.9399999999999800 -22.2149782701662595)
continue (2.9499999999999797 -22.2187895417876042)
continue (2.9599999999999795 -22.2213325188042035)
continue (2.9699999999999793 -22.2246834772976030)
continue (2.9799999999999791 -22.2257664325025459)
continue (2.9899999999999789 -22.2288101179458124)
continue (2.9999999999999787 -22.2335135162596700)
continue (3.0099999999999785 -22.5105974363627546)
continue (3.0199999999999783 -22.5154218273760023)
continue (3.0299999999999780 -22.5195887273793858)
continue (3.0399999999999778 -22.5212457105736092)
continue (3.0499999999999776 -22.5253065695443304)
continue (3.0599999999999774 -22.5307074576913315)
continue (3.0699999999999772 -22.5348488397596931)
continue (3.0799999999999770 -22.5414668234943107)
continue (3.0899999999999768 -22.5463023533760989)
continue (3.0999999999999766 -22.5490078035763766)
continue (3.1099999999999763 -22.5516487770714242)
continue (3.1199999999999761 -22.5573819471494907)
continue (3.1299999999999759 -22.5613926237277553)
continue (3.1399999999999757 -22.5708331406820726)
continue (3.1499999999999755 -22.5733347477509412)
continue (3.1599999999999753 -22.5742151233222295)
continue (3.1699999999999751 -22.5780360227263230)
continue (3.1799999999999748 -22.5797735173579781)
continue (3.1899999999999746 -22.5866541742716471)
continue (3.1999999999999744 -22.5978568021105168)
continue (3.2099999999999742 -22.6014922186591036)
continue (3.2199999999999740 -22.6035854588875544)
continue (3.2299999999999738 -22.6062621957678154)
continue (3.2399999999999736 -22.6077754734776804)
continue (3.2499999999999734 -22.6114277732799351)
continue (3.2599999999999731 -22.6231279674200714)
continue (3.2699999999999729 -22.6303536359268094)
continue (3.2799999999999727 -22.6309141202690824)
continue (3.2899999999999725 -22.6370343781296910)
continue (3.2999999999999723 -22.6367761898427808)
continue (3.3099999999999721 -22.6404841460395971)
continue (3.3199999999999719 -22.6449171640086071)
continue (3.3299999999999716 -22.6555906629383941)
continue (3.3399999999999714 -22.6572626324579147)
continue (3.3499999999999712 -22.6630415647304915)
continue (3.3599999999999710 -22.6690484292677645)
continue (3.3699999999999708 -22.6702147363079938)
continue (3.3799999999999706 -22.6751598855635415)
continue (3.3899999999999704 -22.6826455111249921)
continue (3.3999999999999702 -22.6824205080122567)
continue (3.4099999999999699 -22.6914286405969712)
continue (3.4199999999999697 -22.6961453209709525)
continue (3.4299999999999695 -22.6977166393939704)
continue (3.4399999999999693 -22.7021473715953661)
continue (3.4499999999999691 -22.7094467922683414)
continue (3.4599999999999689 -22.7070184784367619)
continue (3.4699999999999687 -22.7119048139668323)
continue (3.4799999999999685 -22.7244135363348647)
continue (3.4899999999999682 -22.7285737344320076)
continue (3.4999999999999680 -22.7293308883710168)
continue (3.5099999999999678 -22.7332944043385581)
continue (3.5199999999999676 -22.7425802102654586)
continue (3.5299999999999674 -22.7400966773241109)
continue (3.5399999999999672 -22.7439143645366784)
continue (3.5499999999999670 -22.7517792486938184)
continue (3.5599999999999667 -22.7437625512444654)
continue (3.5699999999999665 -22.7467945210778986)
continue (3.5799999999999663 -22.7464388219484270)
continue (3.5899999999999661 -22.7541406407503608)
continue (3.5999999999999659 -22.7514835682783669)
continue (3.6099999999999657 -22.7583159606178711)
continue (3.6199999999999655 -22.7633476036477340)
continue (3.6299999999999653 -22.7728039874063448)
continue (3.6399999999999650 -22.7790846629308668)
continue (3.6499999999999648 -22.7787405188178518)
continue (3.6599999999999646 -22.7854694496973060)
continue (3.6699999999999644 -22.7929436545407889)
continue (3.6799999999999642 -22.7883296065995502)
continue (3.6899999999999640 -22.7953371568839671)
continue (3.6999999999999638 -22.8010177177407272)
continue (3.7099999999999635 -22.8095159921399357)
continue (3.7199999999999633 -22.8160300012651369)
continue (3.7299999999999631 -22.8157873111462131)
continue (3.7399999999999629 -22.8234826956472610)
continue (3.7499999999999627 -22.8050412080003859)
continue (3.7599999999999625 -22.8118736515102540)
continue (3.7699999999999623 -22.8198154812086926)
continue (3.7799999999999621 -22.8266543130049442)
continue (3.7899999999999618 -22.8356635490711248)
continue (3.7999999999999616 -22.8426321187340875)
continue (3.8099999999999614 -22.8422478116099441)
continue (3.8199999999999612 -22.8504567875254843)
continue (3.8299999999999610 -22.8269060504034123)
continue (3.8399999999999608 -22.8370517057159290)
continue (3.8499999999999606 -22.8461538186031632)
continue (3.8599999999999604 -22.8543540000979597)
continue (3.8699999999999601 -22.8632214086921017)
continue (3.8799999999999599 -22.8710693080605694)
continue (3.8899999999999597 -22.8729754410390704)
continue (3.8999999999999595 -22.8810406245334228)
continue (3.9099999999999593 -22.8895549406939551)
continue (3.9199999999999591 -22.8601018713436233)
continue (3.9299999999999589 -22.8707395533013091)
continue (3.9399999999999586 -22.8807283454233570)
continue (3.9499999999999584 -22.8903110594789538)
continue (3.9599999999999582 -22.8994093548517590)
continue (3.9699999999999580 -22.9067062005351580)
continue (3.9799999999999578 -22.9134602361802564)
continue (3.9899999999999576 -22.9230427170783422)
continue (4.0099999999999998 -22.8947398350391111)
continue (4.5099999999999998 -23.1337399874427057)
continue (5.0099999999999998 -23.2034913023565572)
continue (5.5099999999999998 -23.2632135042223531)
continue (6.0099999999999998 -23.3196514429539477)
continue (6.5099999999999998 -23.3726115401805856)
continue (7.0099999999999998 -23.4227447799193911)
continue (7.5099999999999998 -23.4695781579450973)
continue (8.0099999999999998 -23.5133690526830357)
continue (8.5099999999999998 -23.5545355550348532)
continue (9.0099999999999998 -23.5933380971816291)
continue (9.5099999999999998 -23.6300741451236576)
continue (10.0000000000000000 -23.6643029687964237)
continue (10.0099999999999998 -23.6649845792537867)
continue (15.0000000000000000 -23.9234691997190261)
continue (20.0000000000000000 -24.0167832413461291)
continue (25.0000000000000000 -24.0727889470983705)
continue (30.0000000000000000 -24.1212685586011339)
continue (35.0000000000000000 -24.1584566049904694)
continue (40.0000000000000000 -24.1839228308866865)
continue (45.0000000000000000 -24.1994540030007528)
continue (50.0000000000000000 -24.2098605329909518)
continue (55.0000000000000000 -24.2195818372569995)
continue (60.0000000000000000 -24.2286912386179445)
continue (65.0000000000000000 -24.2372361253749631)
continue (70.0000000000000000 -24.2452694686717507)
continue (75.0000000000000000 -24.2528425515138366)
continue (80.0000000000000000 -24.2600022662729948)
continue (85.0000000000000000 -24.2667903937031930)
continue (90.0000000000000000 -24.2732437202346851)
continue (95.0000000000000000 -24.2793944798142789)
continue (100.0000000000000000 -24.2852708896767453)
continue (110.0000000000000000 -24.2962965737492880)
continue (120.0000000000000000 -24.3064850267843688)
continue (130.0000000000000000 -24.3159645818038719)
continue (140.0000000000000000 -24.3248369180057864)
continue (150.0000000000000000 -24.3331837214666287)
continue (160.0000000000000000 -24.3410714777467021)
continue (170.0000000000000000 -24.3485549533944372)
continue (180.0000000000000000 -24.3556797572657189)
continue (190.0000000000000000 -24.3624842505879435)
continue (200.0000000000000000 -24.3690009906408740)
continue (210.0000000000000000 -24.3752578360826568)
continue (220.0000000000000000 -24.3812788035600789)
continue (230.0000000000000000 -24.3870847391406578)
continue (240.0000000000000000 -24.3926938501802653)
continue (250.0000000000000000 -24.3981221307837863)
continue (260.0000000000000000 -24.4033837052568607)
continue (270.0000000000000000 -24.4084911077068973)
continue (280.0000000000000000 -24.4134555114588352)
continue (290.0000000000000000 -24.4182869186741556)
continue (300.0000000000000000 -24.4229943181489517)
continue (310.0000000000000000 -24.4275858174697973)
continue (320.0000000000000000 -24.4320687543555657)
continue (330.0000000000000000 -24.4364497909886680)
continue (340.0000000000000000 -24.4407349943543011)
continue (350.0000000000000000 -24.4449299050014908)
continue (360.0000000000000000 -24.4490395961680207)
continue (370.0000000000000000 -24.4530687248429608)
continue (380.0000000000000000 -24.4570215760488345)
continue (390.0000000000000000 -24.4609021013945487)
continue (400.0000000000000000 -24.4647139527645869)
continue (410.0000000000000000 -24.4684605118621938)
continue (420.0000000000000000 -24.4721449162032698)
continue (430.0000000000000000 -24.4757700820600377)
continue (440.0000000000000000 -24.4793387247739282)
continue (450.0000000000000000 -24.4828533767911054)
continue (460.0000000000000000 -24.4863164037202168)
continue (470.0000000000000000 -24.4897300186665774)
continue (480.0000000000000000 -24.4930962950602265)
continue (490.0000000000000000 -24.4964171781636715)
continue (500.0000000000000000 -24.4996944954188436)
continue (510.0000000000000000 -24.5029299657711839)
continue (520.0000000000000000 -24.5061252080895358)
continue (530.0000000000000000 -24.5092817487850532)
continue (540.0000000000000000 -24.5124010287191787)
continue (550.0000000000000000 -24.5154844094780451)
continue (560.0000000000000000 -24.5185331790826027)
continue (570.0000000000000000 -24.5215485571936753)
continue (580.0000000000000000 -24.5245316998647667)
continue (590.0000000000000000 -24.5274837038890716)
continue (600.0000000000000000 -24.5304056107815072)
continue (610.0000000000000000 -24.5332984104316942)
continue (620.0000000000000000 -24.5361630444603875)
continue (630.0000000000000000 -24.5390004093073273)
continue (640.0000000000000000 -24.5418113590762381)
continue (650.0000000000000000 -24.5445967081594389)
continue (660.0000000000000000 -24.5473572336621011)
continue (670.0000000000000000 -24.5500936776443694)
continue (680.0000000000000000 -24.5528067491974866)
continue (690.0000000000000000 -24.5554971263684081)
continue (700.0000000000000000 -24.5581654579461350)
continue (710.0000000000000000 -24.5608123651211727)
continue (720.0000000000000000 -24.5634384430292201)
continue (730.0000000000000000 -24.5660442621883455)
continue (740.0000000000000000 -24.5686303698383988)
continue (750.0000000000000000 -24.5711972911906038)
continue (760.0000000000000000 -24.5737455305943797)
continue (770.0000000000000000 -24.5762755726279742)
continue (780.0000000000000000 -24.5787878831187321)
continue (790.0000000000000000 -24.5812829100983485)
continue (800.0000000000000000 -24.5837610846981747)
continue (810.0000000000000000 -24.5862228219887839)
continue (820.0000000000000000 -24.5886685217680920)
continue (830.0000000000000000 -24.5910985693019057)
continue (840.0000000000000000 -24.5935133360197256)
continue (850.0000000000000000 -24.5959131801698483)
continue (860.0000000000000000 -24.5982984474358410)
continue (870.0000000000000000 -24.6006694715175129)
continue (880.0000000000000000 -24.6030265746786938)
continue (890.0000000000000000 -24.6053700682640759)
continue (900.0000000000000000 -24.6077002531871223)
continue (910.0000000000000000 -24.6100174203910846)
continue (920.0000000000000000 -24.6123218512848219)
continue (930.0000000000000000 -24.6146138181550320)
continue (940.0000000000000000 -24.6168935845565251)
continue (950.0000000000000000 -24.6191614056817230)
continue (960.0000000000000000 -24.6214175287109214)
continue (970.0000000000000000 -24.6236621931443551)
continue (980.0000000000000000 -24.6258956311172703)
continue (990.0000000000000000 -24.6281180676989493)
continue (1000.0000000000000000 -24.6303297211767855)
continue (1200.0000000000000000 -24.6725843656160215)
continue (1400.0000000000000000 -24.7118446585412954)
continue (1600.0000000000000000 -24.7488987241399521)
continue (1800.0000000000000000 -24.7842552480465308)
continue (2000.0000000000000000 -24.8182617706140221)
continue (2200.0000000000000000 -24.8511661656280047)
continue (2400.0000000000000000 -24.8831510275474521)
continue (2600.0000000000000000 -24.9143539576807491)
continue (2800.0000000000000000 -24.9448800249451956)
continue (3000.0000000000000000 -24.9748096980797669)
continue (3200.0000000000000000 -25.0042040934217482)
continue (3400.0000000000000000 -25.0331085313505284)
continue (3600.0000000000000000 -25.0615553386716989)
continue (3800.0000000000000000 -25.0895657536301222)
continue (4000.0000000000000000 -25.1171515711430651)
continue (4200.0000000000000000 -25.1443166978517709)
continue (4400.0000000000000000 -25.1710583525414329)
continue (4600.0000000000000000 -25.1973682266406591)
continue (4800.0000000000000000 -25.2232336303250833)
continue (5000.0000000000000000 -25.2486381486247105)
continue (5200.0000000000000000 -25.2735634616665905)
continue (5400.0000000000000000 -25.2979884244102209)
continue (5600.0000000000000000 -25.3218929625010531)
continue (5800.0000000000000000 -25.3452564744882700)
continue (6000.0000000000000000 -25.3680574266763017)
continue (6200.0000000000000000 -25.3902792265537265)
continue (6400.0000000000000000 -25.4119063762629764)
continue (6600.0000000000000000 -25.4329228524707567)
continue (6800.0000000000000000 -25.4533200317639547)
continue (7000.0000000000000000 -25.4731150817377205)
continue (7200.0000000000000000 -25.4923474695015457)
continue (7400.0000000000000000 -25.5110481017418351)
continue (7600.0000000000000000 -25.5292454092911356)
continue (7800.0000000000000000 -25.5469656046079479)
continue (8000.0000000000000000 -25.5642329066380896)
continue (8200.0000000000000000 -25.5810697378933121)
continue (8400.0000000000000000 -25.5974968977669590)
continue (8600.0000000000000000 -25.6135337154437224)
continue (8800.0000000000000000 -25.6291981852199946)
continue (9000.0000000000000000 -25.6445070866081082)
continue (9200.0000000000000000 -25.6594760912322748)
continue (9400.0000000000000000 -25.6741198582216619)
continue (9600.0000000000000000 -25.6884521195545332)
continue (9800.0000000000000000 -25.7024857565974791)
continue (10000.0000000000000000 -25.7162328689075963)
continue (10200.0000000000000000 -25.7297048362175360)
continue (10400.0000000000000000 -25.7429123743981059)
continue (10600.0000000000000000 -25.7558655860871397)
continue (10800.0000000000000000 -25.7685740065832114)
continue (11000.0000000000000000 -25.7810466455257803)
continue (11500.0000000000000000 -25.8112515161650222)
continue (12000.0000000000000000 -25.8401561665443502)
continue (12500.0000000000000000 -25.8678670952629872)
continue (13000.0000000000000000 -25.8944782470658268)
continue (13500.0000000000000000 -25.9200729106206502)
continue (14000.0000000000000000 -25.9447252707886697)
continue (14500.0000000000000000 -25.9685016882170316)
continue (15000.0000000000000000 -25.9914617617797390)
continue (15500.0000000000000000 -26.0136592166347214)
continue (16000.0000000000000000 -26.0351426511502986)
continue (16500.0000000000000000 -26.0559561687844194)
continue (17000.0000000000000000 -26.0761399155439584)
continue (17500.0000000000000000 -26.0957305394621137)
continue (18000.0000000000000000 -26.1147615852872725)
continue (18500.0000000000000000 -26.1332638350442288)
continue (19000.0000000000000000 -26.1512656031366291)
continue (19500.0000000000000000 -26.1687929930820680)
continue (20000.0000000000000000 -26.1858701217132683)
continue (20500.0000000000000000 -26.2025193156698037)
continue (21000.0000000000000000 -26.2187612841902684)
continue (21500.0000000000000000 -26.2346152715538032)
continue (22000.0000000000000000 -26.2500991919805706)
continue (22500.0000000000000000 -26.2652297493583760)
continue (23000.0000000000000000 -26.2800225437982782)
continue (23500.0000000000000000 -26.2944921667200902)
continue (24000.0000000000000000 -26.3086522859180540)
continue (24500.0000000000000000 -26.3225157218472674)
continue (25000.0000000000000000 -26.3360945161960061)
continue (25500.0000000000000000 -26.3493999936613186)
continue (26000.0000000000000000 -26.3624428177203569)
continue (26500.0000000000000000 -26.3752330410843605)
continue (27000.0000000000000000 -26.3877801514320680)
continue (27500.0000000000000000 -26.4000931129427947)
continue (28000.0000000000000000 -26.4121804040836139)
continue (28500.0000000000000000 -26.4240500520488126)
continue (29000.0000000000000000 -26.4357096642012479)
continue (29500.0000000000000000 -26.4471664568233962)
continue (30000.0000000000000000 -26.4584272814496089)
continue (30500.0000000000000000 -26.4694986490196946)
continue (31000.0000000000000000 -26.4803867520665079)
continue (31500.0000000000000000 -26.4910974851265664)
continue (32000.0000000000000000 -26.5016364635416117)
continue (32500.0000000000000000 -26.5120090408010469)
continue (33000.0000000000000000 -26.5222203245589654)
continue (33500.0000000000000000 -26.5322751914454678)
continue (34000.0000000000000000 -26.5421783007795753)
continue (34500.0000000000000000 -26.5519341072800223)
continue (35000.0000000000000000 -26.5615468728604824)
continue (35500.0000000000000000 -26.5710206775873061)
continue (36000.0000000000000000 -26.5803594298699934)
continue (36500.0000000000000000 -26.5895668759481154)
continue (37000.0000000000000000 -26.5986466087319968)
continue (37500.0000000000000000 -26.6076020760493819)
continue (38000.0000000000000000 -26.6164365883453087)
continue (38500.0000000000000000 -26.6251533258780810)
continue (39000.0000000000000000 -26.6337553454503819)
continue (39500.0000000000000000 -26.6422455867111765)
continue (40000.0000000000000000 -26.6506268780607343)
continue (40500.0000000000000000 -26.6589019421884288)
continue (41000.0000000000000000 -26.6670734012703505)
continue (41500.0000000000000000 -26.6751437818515278)
continue (42000.0000000000000000 -26.6831155194354395)
continue (42500.0000000000000000 -26.6909909628015498)
continue (43000.0000000000000000 -26.6987723780700996)
continue (43500.0000000000000000 -26.7064619525315976)
continue (44000.0000000000000000 -26.7140617982571733)
continue (44500.0000000000000000 -26.7215739555047627)
continue (45000.0000000000000000 -26.7290003959346514)
continue (45500.0000000000000000 -26.7363430256472192)
continue (46000.0000000000000000 -26.7436036880544172)
continue (46500.0000000000000000 -26.7507841665958175)
continue (47000.0000000000000000 -26.7578861873092499)
continue (47500.0000000000000000 -26.7649114212652286)
continue (48000.0000000000000000 -26.7718614868737461)
continue (48500.0000000000000000 -26.7787379520713813)
continue (49000.0000000000000000 -26.7855423363960945)
continue (49500.0000000000000000 -26.7922761129565643)
continue (50000.0000000000000000 -26.7989407103024142)
continue (50500.0000000000000000 -26.8055375142012622)
continue (51000.0000000000000000 -26.8120678693281178)
continue (51500.0000000000000000 -26.8185330808722640)
continue (52000.0000000000000000 -26.8249344160663448)
continue (52500.0000000000000000 -26.8312731056422855)
continue (53000.0000000000000000 -26.8375503452180020)
continue (53500.0000000000000000 -26.8437672966189957)
continue (54000.0000000000000000 -26.8499250891383632)
continue (54500.0000000000000000 -26.8560248207386358)
continue (55000.0000000000000000 -26.8620675591986959)
continue (55500.0000000000000000 -26.8680543432086907)
continue (56000.0000000000000000 -26.8739861834157985)
continue (56500.0000000000000000 -26.8798640634234225)
continue (57000.0000000000000000 -26.8856889407463449)
continue (57500.0000000000000000 -26.8914617477240334)
continue (58000.0000000000000000 -26.8971833923944423)
continue (58500.0000000000000000 -26.9028547593301859)
continue (59000.0000000000000000 -26.9084767104391069)
continue (59500.0000000000000000 -26.9140500857310059)
continue (60000.0000000000000000 -26.9195757040522494)
continue (60500.0000000000000000 -26.9250543637898438)
continue (61000.0000000000000000 -26.9304868435464684)
continue (61500.0000000000000000 -26.9358739027879750)
continue (62000.0000000000000000 -26.9412162824645449)
continue (62500.0000000000000000 -26.9465147056069583)
continue (63000.0000000000000000 -26.9517698778989789)
continue (63500.0000000000000000 -26.9569824882271405)
continue (64000.0000000000000000 -26.9621532092089247)
continue (64500.0000000000000000 -26.9672826977003339)
continue (65000.0000000000000000 -26.9723715952838603)
continue (65500.0000000000000000 -26.9774205287377136)
continue (66000.0000000000000000 -26.9824301104872006)
continue (66500.0000000000000000 -26.9874009390390164)
continue (67000.0000000000000000 -26.9923335993992488)
continue (67500.0000000000000000 -26.9972286634758341)
continue (68000.0000000000000000 -27.0020866904661325)
continue (68500.0000000000000000 -27.0069082272302765)
continue (69000.0000000000000000 -27.0116938086509180)
continue (69500.0000000000000000 -27.0164439579799875)
continue (70000.0000000000000000 -27.0211591871729588)
continue (70500.0000000000000000 -27.0258399972112784)
continue (71000.0000000000000000 -27.0304868784132779)
continue (71500.0000000000000000 -27.0351003107342578)
continue (72000.0000000000000000 -27.0396807640560333)
continue (72500.0000000000000000 -27.0442286984664619)
continue (73000.0000000000000000 -27.0487445645293718)
continue (73500.0000000000000000 -27.0532288035452169)
continue (74000.0000000000000000 -27.0576818478029288)
continue (74500.0000000000000000 -27.0621041208232356)
continue (75245.0000000000000000 -50.0000000000000000)
continue (7354000.0000000000000000 -50.0000000000000000)
f(nu) = -20.2724264385779946 at 1.0000000000000000 Ryd
