# Faucher-Giguere 2019 
# z = 0.258925
# E [Ryd] log (J_nu)
interpolate (0.0000000100100000 -50.0000000000000000)
continue (0.0990000000000000 -50.0000000000000000)
continue (0.1000000000000000 -19.6856416509845218)
continue (0.1500000000000000 -19.8220557421874553)
continue (0.2000000000000000 -19.9117228876375343)
continue (0.2500000000000001 -19.9737499226442985)
continue (0.3000000000000000 -20.0179737432964089)
continue (0.3500000000000001 -20.0777197309229081)
continue (0.4000000000000001 -20.1536356401002230)
continue (0.4500000000000001 -20.2333263816333826)
continue (0.5000000000000001 -20.3175426482497556)
continue (0.5500000000000002 -20.4065623060137185)
continue (0.6000000000000002 -20.5025218807434371)
continue (0.6500000000000001 -20.6092906158669038)
continue (0.7000000000000002 -20.7152653530553117)
continue (0.7500000000000002 -21.0011388915562769)
continue (0.8000000000000002 -21.1109185540189372)
continue (0.8500000000000002 -21.2663585680968978)
continue (0.9000000000000002 -21.6104434564102199)
continue (0.9500000000000003 -21.7789800838777232)
continue (1.0100000000000000 -22.3902190168346884)
continue (1.0600000000000001 -22.4271716244013426)
continue (1.1100000000000001 -22.4602463474578506)
continue (1.1600000000000001 -22.4917868994994343)
continue (1.2100000000000002 -22.5226624536093034)
continue (1.2600000000000002 -22.5512201488209918)
continue (1.3100000000000003 -22.5783021881742165)
continue (1.3600000000000003 -22.6068647049803175)
continue (1.4100000000000004 -22.6344997319801813)
continue (1.4600000000000004 -22.6611891016593319)
continue (1.5100000000000005 -22.6869656608345345)
continue (1.5600000000000005 -22.7120505909934387)
continue (1.6100000000000005 -22.7352421757148626)
continue (1.6600000000000006 -22.7614011121362978)
continue (1.7100000000000006 -22.7858950432727738)
continue (1.7600000000000007 -22.8097689678048177)
continue (1.8100000000000007 -22.8363219271098394)
continue (1.8600000000000008 -22.8609136807057602)
continue (1.9100000000000008 -22.8914581125459087)
continue (1.9600000000000009 -22.9169476978322244)
continue (2.0000000000000000 -22.9378795674693663)
continue (2.0099999999999998 -22.9436208214822379)
continue (2.0199999999999996 -22.9530369267929899)
continue (2.0299999999999994 -22.9566605618418258)
continue (2.0399999999999991 -22.9611500191761593)
continue (2.0499999999999989 -22.9649265711215129)
continue (2.0599999999999987 -22.9753940721831000)
continue (2.0699999999999985 -22.9800140559277324)
continue (2.0799999999999983 -22.9845050938559865)
continue (2.0899999999999981 -22.9877247446983439)
continue (2.0999999999999979 -22.9927432704024781)
continue (2.1099999999999977 -23.0028586429160420)
continue (2.1199999999999974 -23.0077920143260002)
continue (2.1299999999999972 -23.0128411546124738)
continue (2.1399999999999970 -23.0177782679995779)
continue (2.1499999999999968 -23.0250110597081665)
continue (2.1599999999999966 -23.0317453745151077)
continue (2.1699999999999964 -23.0363109840763194)
continue (2.1799999999999962 -23.0400264244648518)
continue (2.1899999999999959 -23.0464095694760118)
continue (2.1999999999999957 -23.0562591564987791)
continue (2.2099999999999955 -23.0619544266704395)
continue (2.2199999999999953 -23.0650662077917872)
continue (2.2299999999999951 -23.0685049478669590)
continue (2.2399999999999949 -23.0742743589732484)
continue (2.2499999999999947 -23.0847707984847474)
continue (2.2599999999999945 -23.0906578349239098)
continue (2.2699999999999942 -23.0958768403922967)
continue (2.2799999999999940 -23.0980549379605300)
continue (2.2899999999999938 -23.1032748671938712)
continue (2.2999999999999936 -23.1138628390015555)
continue (2.3099999999999934 -23.1205892337516055)
continue (2.3199999999999932 -23.1254473370502147)
continue (2.3299999999999930 -23.1298412815093144)
continue (2.3399999999999928 -23.1339734714020580)
continue (2.3499999999999925 -23.1434068457308157)
continue (2.3599999999999923 -23.1482810759348929)
continue (2.3699999999999921 -23.1549106030944145)
continue (2.3799999999999919 -23.1593957058723880)
continue (2.3899999999999917 -23.1644378946357605)
continue (2.3999999999999915 -23.1683112839590528)
continue (2.4099999999999913 -23.1798175330644618)
continue (2.4199999999999910 -23.1862570579721421)
continue (2.4299999999999908 -23.1892373303040245)
continue (2.4399999999999906 -23.1936979169873077)
continue (2.4499999999999904 -23.1983580545246966)
continue (2.4599999999999902 -23.2102194472988188)
continue (2.4699999999999900 -23.2146647789291549)
continue (2.4799999999999898 -23.2197790583704951)
continue (2.4899999999999896 -23.2249289099665930)
continue (2.4999999999999893 -23.2290413255050510)
continue (2.5099999999999891 -23.2320232728623424)
continue (2.5199999999999889 -23.2371837675811328)
continue (2.5299999999999887 -23.2489009890808909)
continue (2.5399999999999885 -23.2550515590996909)
continue (2.5499999999999883 -23.2612816902297759)
continue (2.5599999999999881 -23.2672030602477342)
continue (2.5699999999999878 -23.2720521313185955)
continue (2.5799999999999876 -23.2781592826031698)
continue (2.5899999999999874 -23.2828383915435957)
continue (2.5999999999999872 -23.2888154333608917)
continue (2.6099999999999870 -23.2934517602802487)
continue (2.6199999999999868 -23.2997566230839261)
continue (2.6299999999999866 -23.3054927057484491)
continue (2.6399999999999864 -23.3120736576537588)
continue (2.6499999999999861 -23.3162302298000093)
continue (2.6599999999999859 -23.3227773801247551)
continue (2.6699999999999857 -23.3286207924927744)
continue (2.6799999999999855 -23.3331561608265652)
continue (2.6899999999999853 -23.3380733920776109)
continue (2.6999999999999851 -23.3439952445726462)
continue (2.7099999999999849 -23.3500420401632489)
continue (2.7199999999999847 -23.3546239930586736)
continue (2.7299999999999844 -23.3607065040405146)
continue (2.7399999999999842 -23.3664888698828932)
continue (2.7499999999999840 -23.3715802828536496)
continue (2.7599999999999838 -23.3771732056031780)
continue (2.7699999999999836 -23.3834091829135247)
continue (2.7799999999999834 -23.3865918472107701)
continue (2.7899999999999832 -23.3926911399475159)
continue (2.7999999999999829 -23.3972364364068213)
continue (2.8099999999999827 -23.4032399255532120)
continue (2.8199999999999825 -23.4094450138421273)
continue (2.8299999999999823 -23.4139110485162156)
continue (2.8399999999999821 -23.4198790747341654)
continue (2.8499999999999819 -23.4256604606029875)
continue (2.8599999999999817 -23.4303519542737817)
continue (2.8699999999999815 -23.4361918900420321)
continue (2.8799999999999812 -23.4405441980642273)
continue (2.8899999999999810 -23.4452735606904206)
continue (2.8999999999999808 -23.4508132663632090)
continue (2.9099999999999806 -23.4557855370780253)
continue (2.9199999999999804 -23.4611551894082986)
continue (2.9299999999999802 -23.4658486445973793)
continue (2.9399999999999800 -23.4713849816925055)
continue (2.9499999999999797 -23.4771114158913079)
continue (2.9599999999999795 -23.4817647628246142)
continue (2.9699999999999793 -23.4873561255977528)
continue (2.9799999999999791 -23.4919520088002045)
continue (2.9899999999999789 -23.4975502184731972)
continue (2.9999999999999787 -23.5023467619424089)
continue (3.0099999999999785 -23.6184806024795080)
continue (3.0199999999999783 -23.6233555153725412)
continue (3.0299999999999780 -23.6276627336884673)
continue (3.0399999999999778 -23.6323815967515891)
continue (3.0499999999999776 -23.6369351937636161)
continue (3.0599999999999774 -23.6412978878634341)
continue (3.0699999999999772 -23.6461955522546674)
continue (3.0799999999999770 -23.6502723649903537)
continue (3.0899999999999768 -23.6553383929062484)
continue (3.0999999999999766 -23.6592465263326979)
continue (3.1099999999999763 -23.6640051083071903)
continue (3.1199999999999761 -23.6683089448746493)
continue (3.1299999999999759 -23.6725244128650516)
continue (3.1399999999999757 -23.6772559461805656)
continue (3.1499999999999755 -23.6810686230546779)
continue (3.1599999999999753 -23.6858913118981356)
continue (3.1699999999999751 -23.6895886023957587)
continue (3.1799999999999748 -23.6943834909395470)
continue (3.1899999999999746 -23.6981506542216707)
continue (3.1999999999999744 -23.7027973978303557)
continue (3.2099999999999742 -23.7072031997835495)
continue (3.2199999999999740 -23.7112210700272392)
continue (3.2299999999999738 -23.7156784637432558)
continue (3.2399999999999736 -23.7194654503017865)
continue (3.2499999999999734 -23.7241574742927277)
continue (3.2599999999999731 -23.7275247800814846)
continue (3.2699999999999729 -23.7324212992509693)
continue (3.2799999999999727 -23.7354167385556813)
continue (3.2899999999999725 -23.7402780135769795)
continue (3.2999999999999723 -23.7432317963963087)
continue (3.3099999999999721 -23.7478699730111984)
continue (3.3199999999999719 -23.7511761282970113)
continue (3.3299999999999716 -23.7556118320159335)
continue (3.3399999999999714 -23.7586009569009988)
continue (3.3499999999999712 -23.7634946395675541)
continue (3.3599999999999710 -23.7680078607880141)
continue (3.3699999999999708 -23.7710861419890094)
continue (3.3799999999999706 -23.7753738830530743)
continue (3.3899999999999704 -23.7778493751319111)
continue (3.3999999999999702 -23.7826939790565710)
continue (3.4099999999999699 -23.7843451481133243)
continue (3.4199999999999697 -23.7899085779021036)
continue (3.4299999999999695 -23.7907599280527151)
continue (3.4399999999999693 -23.7964490565024143)
continue (3.4499999999999691 -23.8012910842179899)
continue (3.4599999999999689 -23.8025519157588583)
continue (3.4699999999999687 -23.8077194559515029)
continue (3.4799999999999685 -23.8084728469198126)
continue (3.4899999999999682 -23.8142116246899072)
continue (3.4999999999999680 -23.8189532968763658)
continue (3.5099999999999678 -23.8199718151859798)
continue (3.5199999999999676 -23.8252228399409454)
continue (3.5299999999999674 -23.8251670491649712)
continue (3.5399999999999672 -23.8312226822718323)
continue (3.5499999999999670 -23.8301386570732951)
continue (3.5599999999999667 -23.8295778126692035)
continue (3.5699999999999665 -23.8352260297561891)
continue (3.5799999999999663 -23.8342147308216923)
continue (3.5899999999999661 -23.8403669209481599)
continue (3.5999999999999659 -23.8458734748465240)
continue (3.6099999999999657 -23.8448507183071321)
continue (3.6199999999999655 -23.8511107645783014)
continue (3.6299999999999653 -23.8488468097540647)
continue (3.6399999999999650 -23.8552764636663177)
continue (3.6499999999999648 -23.8609206193378398)
continue (3.6599999999999646 -23.8587077235719818)
continue (3.6699999999999644 -23.8653457970698639)
continue (3.6799999999999642 -23.8617456164995012)
continue (3.6899999999999640 -23.8684377352703976)
continue (3.6999999999999638 -23.8749991421088801)
continue (3.7099999999999635 -23.8709227029382163)
continue (3.7199999999999633 -23.8777397587138047)
continue (3.7299999999999631 -23.8837959123603802)
continue (3.7399999999999629 -23.8798478706928883)
continue (3.7499999999999627 -23.8867309516677722)
continue (3.7599999999999625 -23.8891561521108251)
continue (3.7699999999999623 -23.8847836740975055)
continue (3.7799999999999621 -23.8918513780899815)
continue (3.7899999999999618 -23.8854219401197625)
continue (3.7999999999999616 -23.8929915130721362)
continue (3.8099999999999614 -23.9002664555084330)
continue (3.8199999999999612 -23.8930399334564463)
continue (3.8299999999999610 -23.9007323223308781)
continue (3.8399999999999608 -23.9081552918374882)
continue (3.8499999999999606 -23.8978944656871448)
continue (3.8599999999999604 -23.9057564042408082)
continue (3.8699999999999601 -23.9133312238135467)
continue (3.8799999999999599 -23.9044936884386772)
continue (3.8899999999999597 -23.9110045784919016)
continue (3.8999999999999595 -23.9187422415304347)
continue (3.9099999999999593 -23.9089080632279583)
continue (3.9199999999999591 -23.9172496869699955)
continue (3.9299999999999589 -23.9251989530714830)
continue (3.9399999999999586 -23.9143650966228449)
continue (3.9499999999999584 -23.9229392684689941)
continue (3.9599999999999582 -23.9311402858148377)
continue (3.9699999999999580 -23.9194431340843785)
continue (3.9799999999999578 -23.9282431002271991)
continue (3.9899999999999576 -23.9366970331940756)
continue (4.0099999999999998 -23.9331365857285618)
continue (4.5099999999999998 -24.0812634539181758)
continue (5.0099999999999998 -24.1310520366538874)
continue (5.5099999999999998 -24.1778304841827634)
continue (6.0099999999999998 -24.2225666531292454)
continue (6.5099999999999998 -24.2650025310342770)
continue (7.0099999999999998 -24.3050820789558735)
continue (7.5099999999999998 -24.3426507938405905)
continue (8.0099999999999998 -24.3775698064238462)
continue (8.5099999999999998 -24.4097441746074111)
continue (9.0099999999999998 -24.4390758891021740)
continue (9.5099999999999998 -24.4655391402950535)
continue (10.0000000000000000 -24.4888041296480949)
continue (10.0099999999999998 -24.4892568035496900)
continue (15.0000000000000000 -24.6248703620252130)
continue (20.0000000000000000 -24.6924447316691982)
continue (25.0000000000000000 -24.7372007871651896)
continue (30.0000000000000000 -24.7657129491083552)
continue (35.0000000000000000 -24.7851748226366624)
continue (40.0000000000000000 -24.8002230571459066)
continue (45.0000000000000000 -24.8129184443939472)
continue (50.0000000000000000 -24.8242361787835648)
continue (55.0000000000000000 -24.8346952778630055)
continue (60.0000000000000000 -24.8444084923215343)
continue (65.0000000000000000 -24.8534710873098739)
continue (70.0000000000000000 -24.8619649388617354)
continue (75.0000000000000000 -24.8699594187282145)
continue (80.0000000000000000 -24.8775131008756070)
continue (85.0000000000000000 -24.8846755217092337)
continue (90.0000000000000000 -24.8914887445368791)
continue (95.0000000000000000 -24.8979886728270792)
continue (100.0000000000000000 -24.9042061258961489)
continue (110.0000000000000000 -24.9158965302850532)
continue (120.0000000000000000 -24.9267340651082066)
continue (130.0000000000000000 -24.9368526243423325)
continue (140.0000000000000000 -24.9463571789229555)
continue (150.0000000000000000 -24.9553314435725042)
continue (160.0000000000000000 -24.9638431980167113)
continue (170.0000000000000000 -24.9719480595119911)
continue (180.0000000000000000 -24.9796922109831456)
continue (190.0000000000000000 -24.9871144101347618)
continue (200.0000000000000000 -24.9942474937894623)
continue (210.0000000000000000 -25.0011195213951787)
continue (220.0000000000000000 -25.0077546562645452)
continue (230.0000000000000000 -25.0141738532485718)
continue (240.0000000000000000 -25.0203954015291856)
continue (250.0000000000000000 -25.0264353575632157)
continue (260.0000000000000000 -25.0323078937444272)
continue (270.0000000000000000 -25.0380255816879078)
continue (280.0000000000000000 -25.0435996242859424)
continue (290.0000000000000000 -25.0490400472435866)
continue (300.0000000000000000 -25.0543558582848647)
continue (310.0000000000000000 -25.0595551803545220)
continue (320.0000000000000000 -25.0646453637445319)
continue (330.0000000000000000 -25.0696330810199868)
continue (340.0000000000000000 -25.0745244078127918)
continue (350.0000000000000000 -25.0793248919329059)
continue (360.0000000000000000 -25.0840396127655509)
continue (370.0000000000000000 -25.0886732325466184)
continue (380.0000000000000000 -25.0932300408127524)
continue (390.0000000000000000 -25.0977139930873783)
continue (400.0000000000000000 -25.1021287446762891)
continue (410.0000000000000000 -25.1064776802961447)
continue (420.0000000000000000 -25.1107639401372218)
continue (430.0000000000000000 -25.1149904428631636)
continue (440.0000000000000000 -25.1191599059694504)
continue (450.0000000000000000 -25.1232748638563983)
continue (460.0000000000000000 -25.1273376839176308)
continue (470.0000000000000000 -25.1313505808998841)
continue (480.0000000000000000 -25.1353156297522844)
continue (490.0000000000000000 -25.1392347771515823)
continue (500.0000000000000000 -25.1431098518641036)
continue (510.0000000000000000 -25.1469425740821109)
continue (520.0000000000000000 -25.1507345638543178)
continue (530.0000000000000000 -25.1544873487136336)
continue (540.0000000000000000 -25.1582023705925266)
continue (550.0000000000000000 -25.1618809921041198)
continue (560.0000000000000000 -25.1655245022575471)
continue (570.0000000000000000 -25.1691341216678168)
continue (580.0000000000000000 -25.1727110073126994)
continue (590.0000000000000000 -25.1762562568831108)
continue (600.0000000000000000 -25.1797709127682054)
continue (610.0000000000000000 -25.1832559657109911)
continue (620.0000000000000000 -25.1867123581668650)
continue (630.0000000000000000 -25.1901409873936011)
continue (640.0000000000000000 -25.1935427082980468)
continue (650.0000000000000000 -25.1969183360620761)
continue (660.0000000000000000 -25.2002686485683363)
continue (670.0000000000000000 -25.2035943886434204)
continue (680.0000000000000000 -25.2068962661349900)
continue (690.0000000000000000 -25.2101749598374276)
continue (700.0000000000000000 -25.2134311192787450)
continue (710.0000000000000000 -25.2166653663809086)
continue (720.0000000000000000 -25.2198782970040831)
continue (730.0000000000000000 -25.2230704823843652)
continue (740.0000000000000000 -25.2262424704736468)
continue (750.0000000000000000 -25.2293947871896727)
continue (760.0000000000000000 -25.2325279375832885)
continue (770.0000000000000000 -25.2356424069292800)
continue (780.0000000000000000 -25.2387386617459448)
continue (790.0000000000000000 -25.2418171507512312)
continue (800.0000000000000000 -25.2448783057587782)
continue (810.0000000000000000 -25.2479225425172906)
continue (820.0000000000000000 -25.2509502614990176)
continue (830.0000000000000000 -25.2539618486400492)
continue (840.0000000000000000 -25.2569576760364924)
continue (850.0000000000000000 -25.2599381025992429)
continue (860.0000000000000000 -25.2629034746711270)
continue (870.0000000000000000 -25.2658541266067935)
continue (880.0000000000000000 -25.2687903813212742)
continue (890.0000000000000000 -25.2717125508066687)
continue (900.0000000000000000 -25.2746209366195380)
continue (910.0000000000000000 -25.2775158303419296)
continue (920.0000000000000000 -25.2803975140169257)
continue (930.0000000000000000 -25.2832662605607936)
continue (940.0000000000000000 -25.2861223341528429)
continue (950.0000000000000000 -25.2889659906046980)
continue (960.0000000000000000 -25.2917974777104497)
continue (970.0000000000000000 -25.2946170355783018)
continue (980.0000000000000000 -25.2974248969432907)
continue (990.0000000000000000 -25.3002212874665062)
continue (1000.0000000000000000 -25.3030064260253518)
continue (1200.0000000000000000 -25.3566331163308192)
continue (1400.0000000000000000 -25.4070811387796951)
continue (1600.0000000000000000 -25.4551364069948249)
continue (1800.0000000000000000 -25.5012949862137468)
continue (2000.0000000000000000 -25.5458771591293683)
continue (2200.0000000000000000 -25.5890874161159658)
continue (2400.0000000000000000 -25.6310506215101839)
continue (2600.0000000000000000 -25.6718360692149332)
continue (2800.0000000000000000 -25.7114756645074145)
continue (3000.0000000000000000 -25.7499771467089040)
continue (3200.0000000000000000 -25.7873350229224556)
continue (3400.0000000000000000 -25.8235402021738167)
continue (3600.0000000000000000 -25.8585850424939920)
continue (3800.0000000000000000 -25.8924681551961200)
continue (4000.0000000000000000 -25.9251980392828401)
continue (4200.0000000000000000 -25.9567906618022413)
continue (4400.0000000000000000 -25.9872719166484920)
continue (4600.0000000000000000 -26.0166761003495353)
continue (4800.0000000000000000 -26.0450431007386101)
continue (5000.0000000000000000 -26.0724118527501787)
continue (5200.0000000000000000 -26.0988295532825667)
continue (5400.0000000000000000 -26.1243405811312002)
continue (5600.0000000000000000 -26.1489885067879939)
continue (5800.0000000000000000 -26.1728169963545945)
continue (6000.0000000000000000 -26.1958683878804415)
continue (6200.0000000000000000 -26.2181825395944799)
continue (6400.0000000000000000 -26.2397971868898203)
continue (6600.0000000000000000 -26.2607490364425402)
continue (6800.0000000000000000 -26.2810721403784378)
continue (7000.0000000000000000 -26.3007987709256170)
continue (7200.0000000000000000 -26.3199637505416995)
continue (7400.0000000000000000 -26.3385979451100916)
continue (7600.0000000000000000 -26.3567297473543718)
continue (7800.0000000000000000 -26.3743853340744181)
continue (8000.0000000000000000 -26.3915888907917129)
continue (8200.0000000000000000 -26.4083628086359532)
continue (8400.0000000000000000 -26.4247278574893834)
continue (8600.0000000000000000 -26.4407033387433472)
continue (8800.0000000000000000 -26.4563072204812286)
continue (9000.0000000000000000 -26.4715562574591488)
continue (9200.0000000000000000 -26.4864660978905029)
continue (9400.0000000000000000 -26.5010513787384454)
continue (9600.0000000000000000 -26.5153258109688537)
continue (9800.0000000000000000 -26.5293022560068827)
continue (10000.0000000000000000 -26.5429927944638884)
continue (10200.0000000000000000 -26.5564087880539716)
continue (10400.0000000000000000 -26.5695609354939677)
continue (10600.0000000000000000 -26.5824593230751027)
continue (10800.0000000000000000 -26.5951134705042520)
continue (11000.0000000000000000 -26.6075323725359567)
continue (11500.0000000000000000 -26.6376051547672361)
continue (12000.0000000000000000 -26.6663807745511008)
continue (12500.0000000000000000 -26.6939655454258826)
continue (13000.0000000000000000 -26.7204532451200834)
continue (13500.0000000000000000 -26.7459270109491953)
continue (14000.0000000000000000 -26.7704608900958156)
continue (14500.0000000000000000 -26.7941211175263376)
continue (15000.0000000000000000 -26.8169671770117759)
continue (15500.0000000000000000 -26.8390526879742630)
continue (16000.0000000000000000 -26.8604261513759326)
continue (16500.0000000000000000 -26.8811315807040501)
continue (17000.0000000000000000 -26.9012090386562903)
continue (17500.0000000000000000 -26.9206950959449323)
continue (18000.0000000000000000 -26.9396232253977281)
continue (18500.0000000000000000 -26.9580241420035343)
continue (19000.0000000000000000 -26.9759260975608974)
continue (19500.0000000000000000 -26.9933551370122515)
continue (20000.0000000000000000 -27.0103353222897518)
continue (20500.0000000000000000 -27.0268889284910614)
continue (21000.0000000000000000 -27.0430366163897027)
continue (21500.0000000000000000 -27.0587975846246174)
continue (22000.0000000000000000 -27.0741897043745467)
continue (22500.0000000000000000 -27.0892296388814522)
continue (23000.0000000000000000 -27.1039329498228767)
continue (23500.0000000000000000 -27.1183141922319422)
continue (24000.0000000000000000 -27.1323869994130931)
continue (24500.0000000000000000 -27.1461641590924572)
continue (25000.0000000000000000 -27.1596576818664772)
continue (25500.0000000000000000 -27.1728788628647138)
continue (26000.0000000000000000 -27.1858383374182644)
continue (26500.0000000000000000 -27.1985461314195938)
continue (27000.0000000000000000 -27.2110117069696820)
continue (27500.0000000000000000 -27.2232440038319474)
continue (28000.0000000000000000 -27.2352514771466225)
continue (28500.0000000000000000 -27.2470421318032159)
continue (29000.0000000000000000 -27.2586235538200832)
continue (29500.0000000000000000 -27.2700029390384238)
continue (30000.0000000000000000 -27.2811871194017677)
continue (30500.0000000000000000 -27.2921825870606867)
continue (31000.0000000000000000 -27.3029955165151357)
continue (31500.0000000000000000 -27.3136317849829524)
continue (32000.0000000000000000 -27.3240969911623814)
continue (32500.0000000000000000 -27.3343964725381170)
continue (33000.0000000000000000 -27.3445353213644431)
continue (33500.0000000000000000 -27.3545183994449523)
continue (34000.0000000000000000 -27.3643503518159541)
continue (34500.0000000000000000 -27.3740356194296659)
continue (35000.0000000000000000 -27.3835784509236646)
continue (35500.0000000000000000 -27.3929829135544125)
continue (36000.0000000000000000 -27.4022529033651487)
continue (36500.0000000000000000 -27.4113921546514696)
continue (37000.0000000000000000 -27.4204042487821127)
continue (37500.0000000000000000 -27.4292926224268534)
continue (38000.0000000000000000 -27.4380605752386906)
continue (38500.0000000000000000 -27.4467112770332449)
continue (39000.0000000000000000 -27.4552477745042012)
continue (39500.0000000000000000 -27.4636729975104323)
continue (40000.0000000000000000 -27.4719897649671125)
continue (40500.0000000000000000 -27.4802007903703327)
continue (41000.0000000000000000 -27.4883086869822861)
continue (41500.0000000000000000 -27.4963159727017441)
continue (42000.0000000000000000 -27.5042250746423917)
continue (42500.0000000000000000 -27.5120383334398859)
continue (43000.0000000000000000 -27.5197580073065815)
continue (43500.0000000000000000 -27.5273862758516010)
continue (44000.0000000000000000 -27.5349252436821885)
continue (44500.0000000000000000 -27.5423769438013331)
continue (45000.0000000000000000 -27.5497433408152332)
continue (45500.0000000000000000 -27.5570263339633286)
continue (46000.0000000000000000 -27.5642277599824190)
continue (46500.0000000000000000 -27.5713493958157763)
continue (47000.0000000000000000 -27.5783929611771050)
continue (47500.0000000000000000 -27.5853601209786632)
continue (48000.0000000000000000 -27.5922524876320061)
continue (48500.0000000000000000 -27.5990716232293636)
continue (49000.0000000000000000 -27.6058190416129285)
continue (49500.0000000000000000 -27.6124962103389535)
continue (50000.0000000000000000 -27.6191045525429750)
continue (50500.0000000000000000 -27.6256454487121097)
continue (51000.0000000000000000 -27.6321202383698328)
continue (51500.0000000000000000 -27.6385302216785220)
continue (52000.0000000000000000 -27.6448766609643641)
continue (52500.0000000000000000 -27.6511607821692422)
continue (53000.0000000000000000 -27.6573837762336474)
continue (53500.0000000000000000 -27.6635468004145793)
continue (54000.0000000000000000 -27.6696509795420482)
continue (54500.0000000000000000 -27.6756974072175161)
continue (55000.0000000000000000 -27.6816871469576142)
continue (55500.0000000000000000 -27.6876212332859239)
continue (56000.0000000000000000 -27.6935006727757589)
continue (56500.0000000000000000 -27.6993264450465233)
continue (57000.0000000000000000 -27.7050995037160739)
continue (57500.0000000000000000 -27.7108207773114330)
continue (58000.0000000000000000 -27.7164911701400172)
continue (58500.0000000000000000 -27.7221115631233630)
continue (59000.0000000000000000 -27.7276828145953722)
continue (59500.0000000000000000 -27.7332057610667597)
continue (60000.0000000000000000 -27.7386812179574989)
continue (60500.0000000000000000 -27.7441099802987807)
continue (61000.0000000000000000 -27.7494928234060509)
continue (61500.0000000000000000 -27.7548305035245484)
continue (62000.0000000000000000 -27.7601237584486000)
continue (62500.0000000000000000 -27.7653733081160681)
continue (63000.0000000000000000 -27.7705798551790046)
continue (63500.0000000000000000 -27.7757440855517466)
continue (64000.0000000000000000 -27.7808666689374881)
continue (64500.0000000000000000 -27.7859482593342726)
continue (65000.0000000000000000 -27.7909894955214583)
continue (65500.0000000000000000 -27.7959910015274758)
continue (66000.0000000000000000 -27.8009533870798151)
continue (66500.0000000000000000 -27.8058772480379268)
continue (67000.0000000000000000 -27.8107631668099344)
continue (67500.0000000000000000 -27.8156117127538280)
continue (68000.0000000000000000 -27.8204234425637686)
continue (68500.0000000000000000 -27.8251989006422669)
continue (69000.0000000000000000 -27.8299386194587832)
continue (69500.0000000000000000 -27.8346431198953681)
continue (70000.0000000000000000 -27.8393129115798565)
continue (70500.0000000000000000 -27.8439484932072148)
continue (71000.0000000000000000 -27.8485503528495073)
continue (71500.0000000000000000 -27.8531189682549325)
continue (72000.0000000000000000 -27.8576548071364485)
continue (72500.0000000000000000 -27.8621583274504161)
continue (73000.0000000000000000 -27.8666299776655570)
continue (73500.0000000000000000 -27.8710701970228136)
continue (74000.0000000000000000 -27.8754794157863337)
continue (74500.0000000000000000 -27.8798580554859790)
continue (75245.0000000000000000 -50.0000000000000000)
continue (7354000.0000000000000000 -50.0000000000000000)
f(nu) = -21.1917003743176267 at 1.0000000000000000 Ryd
