# Faucher-Giguere 2019 
# z = 2.548134
# E [Ryd] log (J_nu)
interpolate (0.0000000100100000 -50.0000000000000000)
continue (0.0990000000000000 -50.0000000000000000)
continue (0.1000000000000000 -18.7506266409701254)
continue (0.1500000000000000 -18.8579917888552231)
continue (0.2000000000000000 -18.9992001259509067)
continue (0.2500000000000001 -19.1636931637909704)
continue (0.3000000000000000 -19.1722395838361983)
continue (0.3500000000000001 -19.1643608079117023)
continue (0.4000000000000001 -19.1593659126622526)
continue (0.4500000000000001 -19.1626637941435440)
continue (0.5000000000000001 -19.1681615986969938)
continue (0.5500000000000002 -19.1845495923210727)
continue (0.6000000000000002 -19.1867161676029880)
continue (0.6500000000000001 -19.2077370901949642)
continue (0.7000000000000002 -19.2416966230432074)
continue (0.7500000000000002 -19.5557442131473813)
continue (0.8000000000000002 -19.6881340699281218)
continue (0.8500000000000002 -19.8133277384324380)
continue (0.9000000000000002 -20.0256203653324718)
continue (0.9500000000000003 -20.3521982558696308)
continue (1.0100000000000000 -21.4172859150373895)
continue (1.0600000000000001 -21.4627349148660507)
continue (1.1100000000000001 -21.5023131128988183)
continue (1.1600000000000001 -21.5416719924446909)
continue (1.2100000000000002 -21.5546754909463552)
continue (1.2600000000000002 -21.5791687616538823)
continue (1.3100000000000003 -21.6092641561415419)
continue (1.3600000000000003 -21.6253168781158642)
continue (1.4100000000000004 -21.6484964551105392)
continue (1.4600000000000004 -21.6884745479811478)
continue (1.5100000000000005 -21.6865245272321090)
continue (1.5600000000000005 -21.7273683425350299)
continue (1.6100000000000005 -21.7490454715146733)
continue (1.6600000000000006 -21.7709144436989703)
continue (1.7100000000000006 -21.7896246227562429)
continue (1.7600000000000007 -21.8073425223831450)
continue (1.8100000000000007 -21.8313402868325532)
continue (1.8600000000000008 -21.8625907845799752)
continue (1.9100000000000008 -21.8846415513097874)
continue (1.9600000000000009 -21.9071897255834145)
continue (2.0000000000000000 -21.9244640259213419)
continue (2.0099999999999998 -21.9200295919564994)
continue (2.0199999999999996 -21.9397992721326034)
continue (2.0299999999999994 -21.9377010203844769)
continue (2.0399999999999991 -21.9369362039101610)
continue (2.0499999999999989 -21.9428276499417549)
continue (2.0599999999999987 -21.9442021111278827)
continue (2.0699999999999985 -21.9450678784330577)
continue (2.0799999999999983 -21.9531053763854729)
continue (2.0899999999999981 -21.9498150942243555)
continue (2.0999999999999979 -21.9530360989184921)
continue (2.1099999999999977 -21.9709099673117372)
continue (2.1199999999999974 -21.9515725421904655)
continue (2.1299999999999972 -21.9684203888982701)
continue (2.1399999999999970 -21.9804626923437745)
continue (2.1499999999999968 -21.9616448092179120)
continue (2.1599999999999966 -21.9803057631501702)
continue (2.1699999999999964 -21.9926591357666368)
continue (2.1799999999999962 -21.9746792411606329)
continue (2.1899999999999959 -21.9864535329606383)
continue (2.1999999999999957 -21.9973392217382298)
continue (2.2099999999999955 -21.9840542340087204)
continue (2.2199999999999953 -21.9878149642773622)
continue (2.2299999999999951 -22.0051098876341733)
continue (2.2399999999999949 -21.9932418324564445)
continue (2.2499999999999947 -21.9970371989667228)
continue (2.2599999999999945 -22.0094902767289220)
continue (2.2699999999999942 -21.9931435752523861)
continue (2.2799999999999940 -22.0039609590394463)
continue (2.2899999999999938 -22.0172922367953809)
continue (2.2999999999999936 -21.9940837059911658)
continue (2.3099999999999934 -22.0114673081167602)
continue (2.3199999999999932 -22.0223373009686902)
continue (2.3299999999999930 -21.9914815309114786)
continue (2.3399999999999928 -22.0115633526810832)
continue (2.3499999999999925 -22.0236452030005729)
continue (2.3599999999999923 -21.9921060886421458)
continue (2.3699999999999921 -22.0109485379582281)
continue (2.3799999999999919 -22.0188580717769824)
continue (2.3899999999999917 -21.9925619519014575)
continue (2.3999999999999915 -22.0049721110894581)
continue (2.4099999999999913 -22.0109320667613844)
continue (2.4199999999999910 -21.9928877977426325)
continue (2.4299999999999908 -21.9967816605472102)
continue (2.4399999999999906 -22.0061912160884638)
continue (2.4499999999999904 -21.9931810395575518)
continue (2.4599999999999902 -21.9885416881868423)
continue (2.4699999999999900 -22.0070451459100767)
continue (2.4799999999999898 -21.9897861451910757)
continue (2.4899999999999896 -21.9866782792919579)
continue (2.4999999999999893 -21.9989690525614598)
continue (2.5099999999999891 -21.9895600509700380)
continue (2.5199999999999889 -21.9864819722465228)
continue (2.5299999999999887 -21.9807765893814029)
continue (2.5399999999999885 -21.9901130418497814)
continue (2.5499999999999883 -21.9776588171956959)
continue (2.5599999999999881 -21.9726887545729319)
continue (2.5699999999999878 -21.9847658587770241)
continue (2.5799999999999876 -21.9728312050186894)
continue (2.5899999999999874 -21.9650910082017958)
continue (2.5999999999999872 -21.9663852747157549)
continue (2.6099999999999870 -21.9678500010055835)
continue (2.6199999999999868 -21.9582492822355313)
continue (2.6299999999999866 -21.9548197387714161)
continue (2.6399999999999864 -21.9585199977729317)
continue (2.6499999999999861 -21.9553790364618955)
continue (2.6599999999999859 -21.9547480343881780)
continue (2.6699999999999857 -21.9449094983370649)
continue (2.6799999999999855 -21.9457135870495144)
continue (2.6899999999999853 -21.9445073291295429)
continue (2.6999999999999851 -21.9351705845328624)
continue (2.7099999999999849 -21.9369488932010590)
continue (2.7199999999999847 -21.9345808822524049)
continue (2.7299999999999844 -21.9348710084855689)
continue (2.7399999999999842 -21.9247633912825677)
continue (2.7499999999999840 -21.9232864354134698)
continue (2.7599999999999838 -21.9238374875575914)
continue (2.7699999999999836 -21.9170440673038200)
continue (2.7799999999999834 -21.9137432329530348)
continue (2.7899999999999832 -21.9131419468965589)
continue (2.7999999999999829 -21.9165482547465125)
continue (2.8099999999999827 -21.9085207370686526)
continue (2.8199999999999825 -21.9033347609911573)
continue (2.8299999999999823 -21.9051090350360163)
continue (2.8399999999999821 -21.9048298640300878)
continue (2.8499999999999819 -21.8966197789432933)
continue (2.8599999999999817 -21.8907994133078532)
continue (2.8699999999999815 -21.8973311964170207)
continue (2.8799999999999812 -21.8868911207053003)
continue (2.8899999999999810 -21.8815446214317042)
continue (2.8999999999999808 -21.8795750577225299)
continue (2.9099999999999806 -21.8844169841428062)
continue (2.9199999999999804 -21.8720785935624278)
continue (2.9299999999999802 -21.8701524482653973)
continue (2.9399999999999800 -21.8683988064894947)
continue (2.9499999999999797 -21.8672704014127604)
continue (2.9599999999999795 -21.8578849185698658)
continue (2.9699999999999793 -21.8605267118946749)
continue (2.9799999999999791 -21.8571634633004379)
continue (2.9899999999999789 -21.8533343881075837)
continue (2.9999999999999787 -21.8582968950631944)
continue (3.0099999999999785 -22.4222691381377928)
continue (3.0199999999999783 -22.4216704532038875)
continue (3.0299999999999780 -22.4133497800164214)
continue (3.0399999999999778 -22.4281898470309820)
continue (3.0499999999999776 -22.4391792329996953)
continue (3.0599999999999774 -22.4424095622015720)
continue (3.0699999999999772 -22.4333172843690605)
continue (3.0799999999999770 -22.4631059993619608)
continue (3.0899999999999768 -22.4615403918849239)
continue (3.0999999999999766 -22.4733741853123554)
continue (3.1099999999999763 -22.4591967933370285)
continue (3.1199999999999761 -22.4867907770232414)
continue (3.1299999999999759 -22.4780776859534122)
continue (3.1399999999999757 -22.4941315851923811)
continue (3.1499999999999755 -22.4827034553363490)
continue (3.1599999999999753 -22.5027922594697465)
continue (3.1699999999999751 -22.5034253948837666)
continue (3.1799999999999748 -22.5103134882010671)
continue (3.1899999999999746 -22.5140329202618581)
continue (3.1999999999999744 -22.5274395321104173)
continue (3.2099999999999742 -22.5317221396901921)
continue (3.2199999999999740 -22.5381078327126865)
continue (3.2299999999999738 -22.5416663795398762)
continue (3.2399999999999736 -22.5586617561274387)
continue (3.2499999999999734 -22.5642780154060674)
continue (3.2599999999999731 -22.5661403172042725)
continue (3.2699999999999729 -22.5759995670411442)
continue (3.2799999999999727 -22.5930434489861227)
continue (3.2899999999999725 -22.6050203020955216)
continue (3.2999999999999723 -22.6002031633309031)
continue (3.3099999999999721 -22.5973168388454546)
continue (3.3199999999999719 -22.6090178798719776)
continue (3.3299999999999716 -22.6320146155312720)
continue (3.3399999999999714 -22.6429532439600223)
continue (3.3499999999999712 -22.6368343652163695)
continue (3.3599999999999710 -22.6502246711164936)
continue (3.3699999999999708 -22.6801021436649677)
continue (3.3799999999999706 -22.6828546131845137)
continue (3.3899999999999704 -22.6832441690984830)
continue (3.3999999999999702 -22.6771140116437664)
continue (3.4099999999999699 -22.6963181069995912)
continue (3.4199999999999697 -22.7217717978556450)
continue (3.4299999999999695 -22.7297815789320836)
continue (3.4399999999999693 -22.7166569311503004)
continue (3.4499999999999691 -22.7125862850736873)
continue (3.4599999999999689 -22.7623593908969326)
continue (3.4699999999999687 -22.7619799835882226)
continue (3.4799999999999685 -22.7680377044922189)
continue (3.4899999999999682 -22.7469418514517407)
continue (3.4999999999999680 -22.7663145352349758)
continue (3.5099999999999678 -22.8169360886170907)
continue (3.5199999999999676 -22.8156615534600355)
continue (3.5299999999999674 -22.8140163602246950)
continue (3.5399999999999672 -22.8000870275293757)
continue (3.5499999999999670 -22.8227069977084014)
continue (3.5599999999999667 -22.7426772261307022)
continue (3.5699999999999665 -22.7435477591769732)
continue (3.5799999999999663 -22.7486671648872303)
continue (3.5899999999999661 -22.7571454122973300)
continue (3.5999999999999659 -22.7665815474273359)
continue (3.6099999999999657 -22.7717470666499793)
continue (3.6199999999999655 -22.7816675123706887)
continue (3.6299999999999653 -22.8021348428407826)
continue (3.6399999999999650 -22.8168492215374563)
continue (3.6499999999999648 -22.8127042916032252)
continue (3.6599999999999646 -22.8206071755875044)
continue (3.6699999999999644 -22.8314643634033096)
continue (3.6799999999999642 -22.8455876800254849)
continue (3.6899999999999640 -22.8566026312840549)
continue (3.6999999999999638 -22.8623139663141224)
continue (3.7099999999999635 -22.8647039415699460)
continue (3.7199999999999633 -22.8757266571964202)
continue (3.7299999999999631 -22.8877835039800921)
continue (3.7399999999999629 -22.8986543622520990)
continue (3.7499999999999627 -22.8982864055138684)
continue (3.7599999999999625 -22.8461161946232458)
continue (3.7699999999999623 -22.8583373153456471)
continue (3.7799999999999621 -22.8704298907357320)
continue (3.7899999999999618 -22.8806634809052944)
continue (3.7999999999999616 -22.8919490963764893)
continue (3.8099999999999614 -22.8863420688461403)
continue (3.8199999999999612 -22.8958280557342881)
continue (3.8299999999999610 -22.9201191507814670)
continue (3.8399999999999608 -22.8763250957747815)
continue (3.8499999999999606 -22.8868656014792755)
continue (3.8599999999999604 -22.8864511058363966)
continue (3.8699999999999601 -22.8914016815567756)
continue (3.8799999999999599 -22.9175515311863478)
continue (3.8899999999999597 -22.9131120169234670)
continue (3.8999999999999595 -22.8888604224291861)
continue (3.9099999999999593 -22.8995967044558597)
continue (3.9199999999999591 -22.9021770762312222)
continue (3.9299999999999589 -22.9187293905351019)
continue (3.9399999999999586 -22.9452612683820334)
continue (3.9499999999999584 -22.9128010312465342)
continue (3.9599999999999582 -22.9310863523337680)
continue (3.9699999999999580 -22.9372908430741660)
continue (3.9799999999999578 -22.9410857794302281)
continue (3.9899999999999576 -22.9709573214609861)
continue (4.0099999999999998 -22.9553126708735995)
continue (4.5099999999999998 -23.4788342904078497)
continue (5.0099999999999998 -23.5533572563156106)
continue (5.5099999999999998 -23.5905415028632319)
continue (6.0099999999999998 -23.6284756949972952)
continue (6.5099999999999998 -23.6597231935890946)
continue (7.0099999999999998 -23.6980250406871669)
continue (7.5099999999999998 -23.7368875000153743)
continue (8.0099999999999998 -23.7709681932937045)
continue (8.5099999999999998 -23.8032951381763453)
continue (9.0099999999999998 -23.8330531022293712)
continue (9.5099999999999998 -23.8608810943213285)
continue (10.0000000000000000 -23.8863849940002986)
continue (10.0099999999999998 -23.8868916798122726)
continue (15.0000000000000000 -24.0938205122914226)
continue (20.0000000000000000 -24.1680278633064631)
continue (25.0000000000000000 -24.1904633287494057)
continue (30.0000000000000000 -24.2239922866805806)
continue (35.0000000000000000 -24.2583366455393232)
continue (40.0000000000000000 -24.2862555211099362)
continue (45.0000000000000000 -24.3020665119802040)
continue (50.0000000000000000 -24.3094366681390994)
continue (55.0000000000000000 -24.3170702821482081)
continue (60.0000000000000000 -24.3247095324883347)
continue (65.0000000000000000 -24.3321860811344628)
continue (70.0000000000000000 -24.3394203363520312)
continue (75.0000000000000000 -24.3463795496849222)
continue (80.0000000000000000 -24.3530558218983728)
continue (85.0000000000000000 -24.3594542869539730)
continue (90.0000000000000000 -24.3655866523745850)
continue (95.0000000000000000 -24.3714676314245224)
continue (100.0000000000000000 -24.3771129704500353)
continue (110.0000000000000000 -24.3877589215092243)
continue (120.0000000000000000 -24.3976412424847773)
continue (130.0000000000000000 -24.4068613406533501)
continue (140.0000000000000000 -24.4155049093843459)
continue (150.0000000000000000 -24.4236437605721548)
continue (160.0000000000000000 -24.4313380695760358)
continue (170.0000000000000000 -24.4386384494676534)
continue (180.0000000000000000 -24.4455877035602320)
continue (190.0000000000000000 -24.4522222542242851)
continue (200.0000000000000000 -24.4585732913166503)
continue (210.0000000000000000 -24.4646676913757588)
continue (220.0000000000000000 -24.4705287540053718)
continue (230.0000000000000000 -24.4761767939342327)
continue (240.0000000000000000 -24.4816296194363723)
continue (250.0000000000000000 -24.4869029211502891)
continue (260.0000000000000000 -24.4920105899950435)
continue (270.0000000000000000 -24.4969649787067887)
continue (280.0000000000000000 -24.5017771182972268)
continue (290.0000000000000000 -24.5064568982596676)
continue (300.0000000000000000 -24.5110132174476973)
continue (310.0000000000000000 -24.5154541110888289)
continue (320.0000000000000000 -24.5197868582653591)
continue (330.0000000000000000 -24.5240180733194393)
continue (340.0000000000000000 -24.5281537839542807)
continue (350.0000000000000000 -24.5321994982695983)
continue (360.0000000000000000 -24.5361602625451098)
continue (370.0000000000000000 -24.5400407112531411)
continue (380.0000000000000000 -24.5438451105127022)
continue (390.0000000000000000 -24.5475773959852503)
continue (400.0000000000000000 -24.5512412060394247)
continue (410.0000000000000000 -24.5548399108725839)
continue (420.0000000000000000 -24.5583766381642299)
continue (430.0000000000000000 -24.5618542957432560)
continue (440.0000000000000000 -24.5652755916752561)
continue (450.0000000000000000 -24.5686430521128223)
continue (460.0000000000000000 -24.5719590372010011)
continue (470.0000000000000000 -24.5752257552851248)
continue (480.0000000000000000 -24.5784452756343335)
continue (490.0000000000000000 -24.5816195398616202)
continue (500.0000000000000000 -24.5847503721976288)
continue (510.0000000000000000 -24.5878394887532430)
continue (520.0000000000000000 -24.5908885058873743)
continue (530.0000000000000000 -24.5938989477821615)
continue (540.0000000000000000 -24.5968722533134176)
continue (550.0000000000000000 -24.5998097822933985)
continue (560.0000000000000000 -24.6027128211536059)
continue (570.0000000000000000 -24.6055825881267793)
continue (580.0000000000000000 -24.6084202379795443)
continue (590.0000000000000000 -24.6112268663423350)
continue (600.0000000000000000 -24.6140035136763835)
continue (610.0000000000000000 -24.6167511689139538)
continue (620.0000000000000000 -24.6194707728035986)
continue (630.0000000000000000 -24.6221632209880887)
continue (640.0000000000000000 -24.6248293668412117)
continue (650.0000000000000000 -24.6274700240848397)
continue (660.0000000000000000 -24.6300859692065082)
continue (670.0000000000000000 -24.6326779436961765)
continue (680.0000000000000000 -24.6352466561170651)
continue (690.0000000000000000 -24.6377927840260504)
continue (700.0000000000000000 -24.6403169757559155)
continue (710.0000000000000000 -24.6428198520715647)
continue (720.0000000000000000 -24.6453020077104412)
continue (730.0000000000000000 -24.6477640128172411)
continue (740.0000000000000000 -24.6502064142805963)
continue (750.0000000000000000 -24.6526297369808667)
continue (760.0000000000000000 -24.6550344849548146)
continue (770.0000000000000000 -24.6574211424846403)
continue (780.0000000000000000 -24.6597901751166333)
continue (790.0000000000000000 -24.6621420306152039)
continue (800.0000000000000000 -24.6644771398567251)
continue (810.0000000000000000 -24.6667959176682672)
continue (820.0000000000000000 -24.6690987636145209)
continue (830.0000000000000000 -24.6713860627375894)
continue (840.0000000000000000 -24.6736581862518705)
continue (850.0000000000000000 -24.6759154921985164)
continue (860.0000000000000000 -24.6781583260612116)
continue (870.0000000000000000 -24.6803870213465331)
continue (880.0000000000000000 -24.6826019001312567)
continue (890.0000000000000000 -24.6848032735786305)
continue (900.0000000000000000 -24.6869914424258710)
continue (910.0000000000000000 -24.6891666974448825)
continue (920.0000000000000000 -24.6913293198774184)
continue (930.0000000000000000 -24.6934795818472921)
continue (940.0000000000000000 -24.6956177467502158)
continue (950.0000000000000000 -24.6977440696229245)
continue (960.0000000000000000 -24.6998587974934161)
continue (970.0000000000000000 -24.7019621697125729)
continue (980.0000000000000000 -24.7040544182690738)
continue (990.0000000000000000 -24.7061357680882878)
continue (1000.0000000000000000 -24.7082064373160755)
continue (1200.0000000000000000 -24.7476627224144146)
continue (1400.0000000000000000 -24.7841646240876265)
continue (1600.0000000000000000 -24.8184993907495688)
continue (1800.0000000000000000 -24.8511749043646759)
continue (2000.0000000000000000 -24.8825380128085740)
continue (2200.0000000000000000 -24.9128361668916440)
continue (2400.0000000000000000 -24.9422521234627723)
continue (2600.0000000000000000 -24.9709247020513629)
continue (2800.0000000000000000 -24.9989618091929913)
continue (3000.0000000000000000 -25.0264489147548908)
continue (3200.0000000000000000 -25.0534547118539237)
continue (3400.0000000000000000 -25.0800349459259238)
continue (3600.0000000000000000 -25.1062350006492672)
continue (3800.0000000000000000 -25.1320916089613675)
continue (4000.0000000000000000 -25.1576339400688305)
continue (4200.0000000000000000 -25.1828842292020845)
continue (4400.0000000000000000 -25.2078581137842370)
continue (4600.0000000000000000 -25.2325646322056585)
continue (4800.0000000000000000 -25.2570064110539967)
continue (5000.0000000000000000 -25.2811791410338031)
continue (5200.0000000000000000 -25.3050717260832307)
continue (5400.0000000000000000 -25.3286664465781115)
continue (5600.0000000000000000 -25.3519378042479318)
continue (5800.0000000000000000 -25.3748536211291729)
continue (6000.0000000000000000 -25.3973739897026576)
continue (6200.0000000000000000 -25.4194536626361725)
continue (6400.0000000000000000 -25.4410393067889835)
continue (6600.0000000000000000 -25.4620734837776688)
continue (6800.0000000000000000 -25.4824915104474812)
continue (7000.0000000000000000 -25.5023040179651801)
continue (7200.0000000000000000 -25.5215536086208665)
continue (7400.0000000000000000 -25.5402711993664475)
continue (7600.0000000000000000 -25.5584852306222068)
continue (7800.0000000000000000 -25.5762219238179576)
continue (8000.0000000000000000 -25.5935055063088726)
continue (8200.0000000000000000 -25.6103584085022682)
continue (8400.0000000000000000 -25.6268014372164465)
continue (8600.0000000000000000 -25.6428539286289059)
continue (8800.0000000000000000 -25.6585338836312609)
continue (9000.0000000000000000 -25.6738580879646250)
continue (9200.0000000000000000 -25.6888422191435417)
continue (9400.0000000000000000 -25.7035009418743208)
continue (9600.0000000000000000 -25.7178479934222288)
continue (9800.0000000000000000 -25.7318962601713750)
continue (10000.0000000000000000 -25.7456578464458836)
continue (10200.0000000000000000 -25.7591441365122087)
continue (10400.0000000000000000 -25.7723658505574491)
continue (10600.0000000000000000 -25.7853330953326214)
continue (10800.0000000000000000 -25.7980554100595469)
continue (11000.0000000000000000 -25.8105418081231726)
continue (11500.0000000000000000 -25.8407805085627338)
continue (12000.0000000000000000 -25.8697182180755121)
continue (12500.0000000000000000 -25.8974614818295272)
continue (13000.0000000000000000 -25.9241042865988405)
continue (13500.0000000000000000 -25.9497299591395496)
continue (14000.0000000000000000 -25.9744127189610943)
continue (14500.0000000000000000 -25.9982189583403880)
continue (15000.0000000000000000 -26.0212083051199095)
continue (15500.0000000000000000 -26.0434345110693641)
continue (16000.0000000000000000 -26.0649461990731837)
continue (16500.0000000000000000 -26.0857874952346798)
continue (17000.0000000000000000 -26.1059985665300722)
continue (17500.0000000000000000 -26.1256160804552167)
continue (18000.0000000000000000 -26.1446735998624469)
continue (18500.0000000000000000 -26.1632019236514566)
continue (19000.0000000000000000 -26.1812293819859789)
continue (19500.0000000000000000 -26.1987820931296689)
continue (20000.0000000000000000 -26.2158841877367337)
continue (20500.0000000000000000 -26.2325580054231331)
continue (21000.0000000000000000 -26.2488242676296188)
continue (21500.0000000000000000 -26.2647022301267015)
continue (22000.0000000000000000 -26.2802098179719543)
continue (22500.0000000000000000 -26.2953637452878048)
continue (23000.0000000000000000 -26.3101796218632060)
continue (23500.0000000000000000 -26.3246720482808065)
continue (24000.0000000000000000 -26.3388547010203311)
continue (24500.0000000000000000 -26.3527404087792583)
continue (25000.0000000000000000 -26.3663412210762473)
continue (25500.0000000000000000 -26.3796684700551047)
continue (26000.0000000000000000 -26.3927328262820247)
continue (26500.0000000000000000 -26.4055443492232520)
continue (27000.0000000000000000 -26.4181125330002047)
continue (27500.0000000000000000 -26.4304463479424747)
continue (28000.0000000000000000 -26.4425542783932990)
continue (28500.0000000000000000 -26.4544443571658903)
continue (29000.0000000000000000 -26.4661241970003509)
continue (29500.0000000000000000 -26.4776010193290539)
continue (30000.0000000000000000 -26.4888816806222067)
continue (30500.0000000000000000 -26.4999726965536766)
continue (31000.0000000000000000 -26.5108802642000292)
continue (31500.0000000000000000 -26.5216102824617046)
continue (32000.0000000000000000 -26.5321683708744125)
continue (32500.0000000000000000 -26.5425598869607207)
continue (33000.0000000000000000 -26.5527899422556111)
continue (33500.0000000000000000 -26.5628634171257545)
continue (34000.0000000000000000 -26.5727849744898670)
continue (34500.0000000000000000 -26.5825590725363980)
continue (35000.0000000000000000 -26.5921899765252938)
continue (35500.0000000000000000 -26.6016817697517887)
continue (36000.0000000000000000 -26.6110383637426082)
continue (36500.0000000000000000 -26.6202635077481915)
continue (37000.0000000000000000 -26.6293607975884434)
continue (37500.0000000000000000 -26.6383336839041114)
continue (38000.0000000000000000 -26.6471854798610828)
continue (38500.0000000000000000 -26.6559193683505455)
continue (39000.0000000000000000 -26.6645384087240593)
continue (39500.0000000000000000 -26.6730455430991640)
continue (40000.0000000000000000 -26.6814436022678976)
continue (40500.0000000000000000 -26.6897353112379214)
continue (41000.0000000000000000 -26.6979232944332558)
continue (41500.0000000000000000 -26.7060100805794747)
continue (42000.0000000000000000 -26.7139981072959962)
continue (42500.0000000000000000 -26.7218897254162968)
continue (43000.0000000000000000 -26.7296872030552031)
continue (43500.0000000000000000 -26.7373927294407601)
continue (44000.0000000000000000 -26.7450084185268828)
continue (44500.0000000000000000 -26.7525363124016273)
continue (45000.0000000000000000 -26.7599783845048478)
continue (45500.0000000000000000 -26.7673365426678345)
continue (46000.0000000000000000 -26.7746126319866313)
continue (46500.0000000000000000 -26.7818084375398833)
continue (47000.0000000000000000 -26.7889256869611074)
continue (47500.0000000000000000 -26.7959660528747250)
continue (48000.0000000000000000 -26.8029311552043836)
continue (48500.0000000000000000 -26.8098225633614895)
continue (49000.0000000000000000 -26.8166417983214131)
continue (49500.0000000000000000 -26.8233903345941265)
continue (50000.0000000000000000 -26.8300696020956870)
continue (50500.0000000000000000 -26.8366809879265134)
continue (51000.0000000000000000 -26.8432258380619047)
continue (51500.0000000000000000 -26.8497054589600381)
continue (52000.0000000000000000 -26.8561211190921085)
continue (52500.0000000000000000 -26.8624740503992570)
continue (53000.0000000000000000 -26.8687654496802395)
continue (53500.0000000000000000 -26.8749964799139605)
continue (54000.0000000000000000 -26.8811682715203446)
continue (54500.0000000000000000 -26.8872819235630480)
continue (55000.0000000000000000 -26.8933385048971836)
continue (55500.0000000000000000 -26.8993390552650027)
continue (56000.0000000000000000 -26.9052845863424466)
continue (56500.0000000000000000 -26.9111760827390221)
continue (57000.0000000000000000 -26.9170145029536556)
continue (57500.0000000000000000 -26.9228007802887035)
continue (58000.0000000000000000 -26.9285358237243422)
continue (58500.0000000000000000 -26.9342205187553780)
continue (59000.0000000000000000 -26.9398557281924198)
continue (59500.0000000000000000 -26.9454422929291511)
continue (60000.0000000000000000 -26.9509810326775145)
continue (60500.0000000000000000 -26.9564727466722829)
continue (61000.0000000000000000 -26.9619182143466389)
continue (61500.0000000000000000 -26.9673181959801163)
continue (62000.0000000000000000 -26.9726734333202849)
continue (62500.0000000000000000 -26.9779846501794189)
continue (63000.0000000000000000 -26.9832525530073610)
continue (63500.0000000000000000 -26.9884778314417204)
continue (64000.0000000000000000 -26.9936611588364421)
continue (64500.0000000000000000 -26.9988031927698096)
continue (65000.0000000000000000 -27.0039045755327578)
continue (65500.0000000000000000 -27.0089659345985034)
continue (66000.0000000000000000 -27.0139878830742362)
continue (66500.0000000000000000 -27.0189710201357940)
continue (67000.0000000000000000 -27.0239159314459805)
continue (67500.0000000000000000 -27.0288231895573468)
continue (68000.0000000000000000 -27.0336933543000768)
continue (68500.0000000000000000 -27.0385269731556193)
continue (69000.0000000000000000 -27.0433245816167549)
continue (69500.0000000000000000 -27.0480867035346044)
continue (70000.0000000000000000 -27.0528138514532124)
continue (70500.0000000000000000 -27.0575065269321655)
continue (71000.0000000000000000 -27.0621652208578354)
continue (71500.0000000000000000 -27.0667904137436643)
continue (72000.0000000000000000 -27.0713825760199640)
continue (72500.0000000000000000 -27.0759421683136807)
continue (73000.0000000000000000 -27.0804696417185262)
continue (73500.0000000000000000 -27.0849654380558817)
continue (74000.0000000000000000 -27.0894299901268383)
continue (74500.0000000000000000 -27.0938637219557279)
continue (75245.0000000000000000 -50.0000000000000000)
continue (7354000.0000000000000000 -50.0000000000000000)
f(nu) = -20.1450298840927751 at 1.0000000000000000 Ryd
