# Faucher-Giguere 2019 
# z = 2.162278
# E [Ryd] log (J_nu)
interpolate (0.0000000100100000 -50.0000000000000000)
continue (0.0990000000000000 -50.0000000000000000)
continue (0.1000000000000000 -18.7742377772852294)
continue (0.1500000000000000 -18.8928525317361995)
continue (0.2000000000000000 -19.0423151414397616)
continue (0.2500000000000001 -19.1864309877093753)
continue (0.3000000000000000 -19.1856645904818954)
continue (0.3500000000000001 -19.1852861061197544)
continue (0.4000000000000001 -19.1851536767554549)
continue (0.4500000000000001 -19.1940973771822847)
continue (0.5000000000000001 -19.1963254384866957)
continue (0.5500000000000002 -19.2185263584514772)
continue (0.6000000000000002 -19.2328870509007501)
continue (0.6500000000000001 -19.2594948986960368)
continue (0.7000000000000002 -19.3032644887379092)
continue (0.7500000000000002 -19.6223003135029295)
continue (0.8000000000000002 -19.7401439151859748)
continue (0.8500000000000002 -19.8755218313687045)
continue (0.9000000000000002 -20.0887276006436757)
continue (0.9500000000000003 -20.4092323116657539)
continue (1.0100000000000000 -21.3840590963325496)
continue (1.0600000000000001 -21.4286665023000253)
continue (1.1100000000000001 -21.4662484004116187)
continue (1.1600000000000001 -21.4995065695590810)
continue (1.2100000000000002 -21.5212228354583992)
continue (1.2600000000000002 -21.5501677440720272)
continue (1.3100000000000003 -21.5725472915342102)
continue (1.3600000000000003 -21.5911971016112112)
continue (1.4100000000000004 -21.6284121364264408)
continue (1.4600000000000004 -21.6468416868745379)
continue (1.5100000000000005 -21.6726788111269073)
continue (1.5600000000000005 -21.6994332097224394)
continue (1.6100000000000005 -21.7214062666909413)
continue (1.6600000000000006 -21.7480455576825555)
continue (1.7100000000000006 -21.7641116119216171)
continue (1.7600000000000007 -21.7885282052137477)
continue (1.8100000000000007 -21.8177537567690507)
continue (1.8600000000000008 -21.8371015066607761)
continue (1.9100000000000008 -21.8586080588790708)
continue (1.9600000000000009 -21.8746338983168727)
continue (2.0000000000000000 -21.8955656970537298)
continue (2.0099999999999998 -21.9090677475073470)
continue (2.0199999999999996 -21.8951423053204159)
continue (2.0299999999999994 -21.9085775088538384)
continue (2.0399999999999991 -21.9167916746301259)
continue (2.0499999999999989 -21.9069014399135291)
continue (2.0599999999999987 -21.9192241622874313)
continue (2.0699999999999985 -21.9237517809015721)
continue (2.0799999999999983 -21.9160809727413657)
continue (2.0899999999999981 -21.9246743333524492)
continue (2.0999999999999979 -21.9263107810660394)
continue (2.1099999999999977 -21.9291354217044088)
continue (2.1199999999999974 -21.9256408262780127)
continue (2.1299999999999972 -21.9324274702376449)
continue (2.1399999999999970 -21.9379221806832163)
continue (2.1499999999999968 -21.9273150016848497)
continue (2.1599999999999966 -21.9431074457207771)
continue (2.1699999999999964 -21.9507998954700057)
continue (2.1799999999999962 -21.9378124649565081)
continue (2.1899999999999959 -21.9479603016072318)
continue (2.1999999999999957 -21.9509946492175558)
continue (2.2099999999999955 -21.9461989262292327)
continue (2.2199999999999953 -21.9492218756150486)
continue (2.2299999999999951 -21.9540518050521563)
continue (2.2399999999999949 -21.9574153241888155)
continue (2.2499999999999947 -21.9579614446722218)
continue (2.2599999999999945 -21.9543169650866190)
continue (2.2699999999999942 -21.9618014508670711)
continue (2.2799999999999940 -21.9608294304345719)
continue (2.2899999999999938 -21.9577670954451278)
continue (2.2999999999999936 -21.9635819166987822)
continue (2.3099999999999934 -21.9655240293782974)
continue (2.3199999999999932 -21.9673108193713489)
continue (2.3299999999999930 -21.9608162988142723)
continue (2.3399999999999928 -21.9658111944411374)
continue (2.3499999999999925 -21.9658426280484385)
continue (2.3599999999999923 -21.9623170396342680)
continue (2.3699999999999921 -21.9634713936302113)
continue (2.3799999999999919 -21.9667288512085044)
continue (2.3899999999999917 -21.9688279832929219)
continue (2.3999999999999915 -21.9596537247389172)
continue (2.4099999999999913 -21.9672746081026489)
continue (2.4199999999999910 -21.9662757398366644)
continue (2.4299999999999908 -21.9599510291128261)
continue (2.4399999999999906 -21.9608938950633323)
continue (2.4499999999999904 -21.9645707053864996)
continue (2.4599999999999902 -21.9598636025762417)
continue (2.4699999999999900 -21.9567361400420502)
continue (2.4799999999999898 -21.9634325878281942)
continue (2.4899999999999896 -21.9595497444886796)
continue (2.4999999999999893 -21.9586496478593531)
continue (2.5099999999999891 -21.9577034045304664)
continue (2.5199999999999889 -21.9671867416717816)
continue (2.5299999999999887 -21.9570643040301725)
continue (2.5399999999999885 -21.9541763176857927)
continue (2.5499999999999883 -21.9598613716941387)
continue (2.5599999999999881 -21.9567251596616693)
continue (2.5699999999999878 -21.9528597250563244)
continue (2.5799999999999876 -21.9524800769725346)
continue (2.5899999999999874 -21.9550405117338414)
continue (2.5999999999999872 -21.9498708639018965)
continue (2.6099999999999870 -21.9501670366867430)
continue (2.6199999999999868 -21.9488429477353115)
continue (2.6299999999999866 -21.9416645448163230)
continue (2.6399999999999864 -21.9469679652680298)
continue (2.6499999999999861 -21.9428308503765024)
continue (2.6599999999999859 -21.9472490814912256)
continue (2.6699999999999857 -21.9408999940713159)
continue (2.6799999999999855 -21.9396977856348130)
continue (2.6899999999999853 -21.9361286682905750)
continue (2.6999999999999851 -21.9443719475342043)
continue (2.7099999999999849 -21.9386724113951637)
continue (2.7199999999999847 -21.9318370042280648)
continue (2.7299999999999844 -21.9317274155841488)
continue (2.7399999999999842 -21.9330572941388269)
continue (2.7499999999999840 -21.9319825803985147)
continue (2.7599999999999838 -21.9252511956750880)
continue (2.7699999999999836 -21.9284426842066615)
continue (2.7799999999999834 -21.9345805432450796)
continue (2.7899999999999832 -21.9268059438447303)
continue (2.7999999999999829 -21.9209754823219392)
continue (2.8099999999999827 -21.9228241365734142)
continue (2.8199999999999825 -21.9308982138734265)
continue (2.8299999999999823 -21.9235874304163616)
continue (2.8399999999999821 -21.9195602855268490)
continue (2.8499999999999819 -21.9193221408701184)
continue (2.8599999999999817 -21.9232113885910884)
continue (2.8699999999999815 -21.9183022182096927)
continue (2.8799999999999812 -21.9159954732189135)
continue (2.8899999999999810 -21.9126102533404463)
continue (2.8999999999999808 -21.9140763121322237)
continue (2.9099999999999806 -21.9112819183824143)
continue (2.9199999999999804 -21.9108494174717805)
continue (2.9299999999999802 -21.9076897945829430)
continue (2.9399999999999800 -21.9059711254373362)
continue (2.9499999999999797 -21.9129292202241892)
continue (2.9599999999999795 -21.9044873485963585)
continue (2.9699999999999793 -21.9038056463653312)
continue (2.9799999999999791 -21.9015124659737239)
continue (2.9899999999999789 -21.9045592156259872)
continue (2.9999999999999787 -21.9091965620591118)
continue (3.0099999999999785 -22.3837820116775106)
continue (3.0199999999999783 -22.3870747097390215)
continue (3.0299999999999780 -22.3998213208927375)
continue (3.0399999999999778 -22.4068405798138848)
continue (3.0499999999999776 -22.4056828662329366)
continue (3.0599999999999774 -22.4014042536654081)
continue (3.0699999999999772 -22.4228507922916265)
continue (3.0799999999999770 -22.4257425189954205)
continue (3.0899999999999768 -22.4348897810810719)
continue (3.0999999999999766 -22.4237586424083695)
continue (3.1099999999999763 -22.4373132503731334)
continue (3.1199999999999761 -22.4500633972308066)
continue (3.1299999999999759 -22.4497427641404741)
continue (3.1399999999999757 -22.4537780773023457)
continue (3.1499999999999755 -22.4484681321474220)
continue (3.1599999999999753 -22.4701267710525308)
continue (3.1699999999999751 -22.4714399299602832)
continue (3.1799999999999748 -22.4738699669723374)
continue (3.1899999999999746 -22.4752473800730499)
continue (3.1999999999999744 -22.4800193890609883)
continue (3.2099999999999742 -22.4968555295512580)
continue (3.2199999999999740 -22.4996096951844144)
continue (3.2299999999999738 -22.5011820429271232)
continue (3.2399999999999736 -22.5033713032614777)
continue (3.2499999999999734 -22.5190406306531550)
continue (3.2599999999999731 -22.5262413489128051)
continue (3.2699999999999729 -22.5300165554548535)
continue (3.2799999999999727 -22.5300288639053896)
continue (3.2899999999999725 -22.5388553402561165)
continue (3.2999999999999723 -22.5526260011159287)
continue (3.3099999999999721 -22.5572771345851919)
continue (3.3199999999999719 -22.5601467275917464)
continue (3.3299999999999716 -22.5559822627535311)
continue (3.3399999999999714 -22.5695138896362728)
continue (3.3499999999999712 -22.5896929297101750)
continue (3.3599999999999710 -22.5924121454389599)
continue (3.3699999999999708 -22.5993085391373931)
continue (3.3799999999999706 -22.5923335819276083)
continue (3.3899999999999704 -22.6013820857932508)
continue (3.3999999999999702 -22.6271551201285774)
continue (3.4099999999999699 -22.6273388882877633)
continue (3.4199999999999697 -22.6297113737139242)
continue (3.4299999999999695 -22.6250679715827054)
continue (3.4399999999999693 -22.6337497335433007)
continue (3.4499999999999691 -22.6603085579216739)
continue (3.4599999999999689 -22.6612513809453766)
continue (3.4699999999999687 -22.6617006028676364)
continue (3.4799999999999685 -22.6582513163154573)
continue (3.4899999999999682 -22.6605614712129402)
continue (3.4999999999999680 -22.6803534056916725)
continue (3.5099999999999678 -22.7001371337140796)
continue (3.5199999999999676 -22.7026662630126310)
continue (3.5299999999999674 -22.6948973218903696)
continue (3.5399999999999672 -22.7015743575036986)
continue (3.5499999999999670 -22.7147098489592452)
continue (3.5599999999999667 -22.6658488224931425)
continue (3.5699999999999665 -22.6742334395554046)
continue (3.5799999999999663 -22.6663619505004874)
continue (3.5899999999999661 -22.6736549806658836)
continue (3.5999999999999659 -22.6923636868436525)
continue (3.6099999999999657 -22.6762280053702234)
continue (3.6199999999999655 -22.7026793378058116)
continue (3.6299999999999653 -22.7080226145433031)
continue (3.6399999999999650 -22.7142810299066440)
continue (3.6499999999999648 -22.7269776397823193)
continue (3.6599999999999646 -22.7080454757379400)
continue (3.6699999999999644 -22.7363351628688122)
continue (3.6799999999999642 -22.7427012037600669)
continue (3.6899999999999640 -22.7425306880535771)
continue (3.6999999999999638 -22.7596013251167300)
continue (3.7099999999999635 -22.7498911428881030)
continue (3.7199999999999633 -22.7450474415635249)
continue (3.7299999999999631 -22.7731012671077195)
continue (3.7399999999999629 -22.7757963212559496)
continue (3.7499999999999627 -22.7820744433289875)
continue (3.7599999999999625 -22.7698622939306610)
continue (3.7699999999999623 -22.7397437752359757)
continue (3.7799999999999621 -22.7455268240948918)
continue (3.7899999999999618 -22.7748430357782432)
continue (3.7999999999999616 -22.7797900423878872)
continue (3.8099999999999614 -22.7942031402776450)
continue (3.8199999999999612 -22.7729216904895502)
continue (3.8299999999999610 -22.7698398766350181)
continue (3.8399999999999608 -22.7824503182399773)
continue (3.8499999999999606 -22.7865679026116510)
continue (3.8599999999999604 -22.7918832336496457)
continue (3.8699999999999601 -22.8112025991820140)
continue (3.8799999999999599 -22.7813025646342631)
continue (3.8899999999999597 -22.7822325864110660)
continue (3.8999999999999595 -22.7959433143412298)
continue (3.9099999999999593 -22.8021826155005094)
continue (3.9199999999999591 -22.8118207066092218)
continue (3.9299999999999589 -22.8315799459101605)
continue (3.9399999999999586 -22.7894084513622630)
continue (3.9499999999999584 -22.8063962447771189)
continue (3.9599999999999582 -22.8222309397195602)
continue (3.9699999999999580 -22.8316494416127931)
continue (3.9799999999999578 -22.8395051861134704)
continue (3.9899999999999576 -22.8610271490271693)
continue (4.0099999999999998 -22.8272181223019857)
continue (4.5099999999999998 -23.2494888502593362)
continue (5.0099999999999998 -23.3225443546434370)
continue (5.5099999999999998 -23.3749713706524531)
continue (6.0099999999999998 -23.4252320270662722)
continue (6.5099999999999998 -23.4708508959277218)
continue (7.0099999999999998 -23.5154616319306093)
continue (7.5099999999999998 -23.5576329370088793)
continue (8.0099999999999998 -23.5957279617982572)
continue (8.5099999999999998 -23.6315254442860514)
continue (9.0099999999999998 -23.6648830232947240)
continue (9.5099999999999998 -23.6962116306037132)
continue (10.0000000000000000 -23.7251731392564089)
continue (10.0099999999999998 -23.7257489328476829)
continue (15.0000000000000000 -23.9612552966100765)
continue (20.0000000000000000 -24.0474567291552148)
continue (25.0000000000000000 -24.0844916419870927)
continue (30.0000000000000000 -24.1261801721115425)
continue (35.0000000000000000 -24.1641707986660030)
continue (40.0000000000000000 -24.1932150294897426)
continue (45.0000000000000000 -24.2099221104800932)
continue (50.0000000000000000 -24.2186978791663599)
continue (55.0000000000000000 -24.2272897119062200)
continue (60.0000000000000000 -24.2355994732547551)
continue (65.0000000000000000 -24.2435582767883098)
continue (70.0000000000000000 -24.2511481293568103)
continue (75.0000000000000000 -24.2583755525539182)
continue (80.0000000000000000 -24.2652583605021839)
continue (85.0000000000000000 -24.2718189400872326)
continue (90.0000000000000000 -24.2780808348253743)
continue (95.0000000000000000 -24.2840670429463046)
continue (100.0000000000000000 -24.2897992170776043)
continue (110.0000000000000000 -24.3005796502445826)
continue (120.0000000000000000 -24.3105614326523671)
continue (130.0000000000000000 -24.3198587762836347)
continue (140.0000000000000000 -24.3285649854939443)
continue (150.0000000000000000 -24.3367565775078134)
continue (160.0000000000000000 -24.3444967367589804)
continue (170.0000000000000000 -24.3518380580460665)
continue (180.0000000000000000 -24.3588246838905569)
continue (190.0000000000000000 -24.3654939625187836)
continue (200.0000000000000000 -24.3718777369796022)
continue (210.0000000000000000 -24.3780033530799045)
continue (220.0000000000000000 -24.3838944531147419)
continue (230.0000000000000000 -24.3895716058013576)
continue (240.0000000000000000 -24.3950528102117516)
continue (250.0000000000000000 -24.4003539020879252)
continue (260.0000000000000000 -24.4054888839537938)
continue (270.0000000000000000 -24.4104701952820307)
continue (280.0000000000000000 -24.4153089351436385)
continue (290.0000000000000000 -24.4200150469130826)
continue (300.0000000000000000 -24.4245974724544261)
continue (310.0000000000000000 -24.4290642815935257)
continue (320.0000000000000000 -24.4334227814450458)
continue (330.0000000000000000 -24.4376796092171418)
continue (340.0000000000000000 -24.4418408113829706)
continue (350.0000000000000000 -24.4459119115418240)
continue (360.0000000000000000 -24.4498979688443896)
continue (370.0000000000000000 -24.4538036285074014)
continue (380.0000000000000000 -24.4576331656646531)
continue (390.0000000000000000 -24.4613905235766431)
continue (400.0000000000000000 -24.4650793470467072)
continue (410.0000000000000000 -24.4687030117442745)
continue (420.0000000000000000 -24.4722646500213834)
continue (430.0000000000000000 -24.4757671737121250)
continue (440.0000000000000000 -24.4792132943280265)
continue (450.0000000000000000 -24.4826055409972483)
continue (460.0000000000000000 -24.4859462764425615)
continue (470.0000000000000000 -24.4892377112500661)
continue (480.0000000000000000 -24.4924819166426779)
continue (490.0000000000000000 -24.4956808359420251)
continue (500.0000000000000000 -24.4988362948774991)
continue (510.0000000000000000 -24.5019500108782076)
continue (520.0000000000000000 -24.5050236014656910)
continue (530.0000000000000000 -24.5080585918503431)
continue (540.0000000000000000 -24.5110564218192550)
continue (550.0000000000000000 -24.5140184519947510)
continue (560.0000000000000000 -24.5169459695300560)
continue (570.0000000000000000 -24.5198401933021302)
continue (580.0000000000000000 -24.5227022786543785)
continue (590.0000000000000000 -24.5255333217344322)
continue (600.0000000000000000 -24.5283343634685309)
continue (610.0000000000000000 -24.5311063932077431)
continue (620.0000000000000000 -24.5338503520787192)
continue (630.0000000000000000 -24.5365671360662922)
continue (640.0000000000000000 -24.5392575988542134)
continue (650.0000000000000000 -24.5419225544458008)
continue (660.0000000000000000 -24.5445627795848083)
continue (670.0000000000000000 -24.5471790159946970)
continue (680.0000000000000000 -24.5497719724520174)
continue (690.0000000000000000 -24.5523423267088887)
continue (700.0000000000000000 -24.5548907272770975)
continue (710.0000000000000000 -24.5574177950858434)
continue (720.0000000000000000 -24.5599241250239615)
continue (730.0000000000000000 -24.5624102873755703)
continue (740.0000000000000000 -24.5648768291581909)
continue (750.0000000000000000 -24.5673242753712842)
continue (760.0000000000000000 -24.5697531301621588)
continue (770.0000000000000000 -24.5721638779155249)
continue (780.0000000000000000 -24.5745569842731300)
continue (790.0000000000000000 -24.5769328970882768)
continue (800.0000000000000000 -24.5792920473203189)
continue (810.0000000000000000 -24.5816348498739750)
continue (820.0000000000000000 -24.5839617043866596)
continue (830.0000000000000000 -24.5862729959685886)
continue (840.0000000000000000 -24.5885690958983716)
continue (850.0000000000000000 -24.5908503622774433)
continue (860.0000000000000000 -24.5931171406464877)
continue (870.0000000000000000 -24.5953697645659020)
continue (880.0000000000000000 -24.5976085561632871)
continue (890.0000000000000000 -24.5998338266502152)
continue (900.0000000000000000 -24.6020458768097185)
continue (910.0000000000000000 -24.6042449974571653)
continue (920.0000000000000000 -24.6064314698759397)
continue (930.0000000000000000 -24.6086055662294072)
continue (940.0000000000000000 -24.6107675499510918)
continue (950.0000000000000000 -24.6129176761139590)
continue (960.0000000000000000 -24.6150561917807060)
continue (970.0000000000000000 -24.6171833363355042)
continue (980.0000000000000000 -24.6192993417990600)
continue (990.0000000000000000 -24.6214044331275517)
continue (1000.0000000000000000 -24.6234988284966434)
continue (1200.0000000000000000 -24.6634264477224754)
continue (1400.0000000000000000 -24.7003937189382725)
continue (1600.0000000000000000 -24.7351880199984393)
continue (1800.0000000000000000 -24.7683173443560811)
continue (2000.0000000000000000 -24.8001286435285238)
continue (2200.0000000000000000 -24.8308694645654242)
continue (2400.0000000000000000 -24.8607226456587007)
continue (2600.0000000000000000 -24.8898270519842626)
continue (2800.0000000000000000 -24.9182905501727952)
continue (3000.0000000000000000 -24.9461984024879726)
continue (3200.0000000000000000 -24.9736188148887486)
continue (3400.0000000000000000 -25.0006066374303089)
continue (3600.0000000000000000 -25.0272058315878070)
continue (3800.0000000000000000 -25.0534510946216535)
continue (4000.0000000000000000 -25.0793689052025357)
continue (4200.0000000000000000 -25.1049782056282531)
continue (4400.0000000000000000 -25.1302908639663620)
continue (4600.0000000000000000 -25.1553117900914067)
continue (4800.0000000000000000 -25.1800394331139117)
continue (5000.0000000000000000 -25.2044654305870459)
continue (5200.0000000000000000 -25.2285757466510887)
continue (5400.0000000000000000 -25.2523497044398262)
continue (5600.0000000000000000 -25.2757609298456885)
continue (5800.0000000000000000 -25.2987782068358555)
continue (6000.0000000000000000 -25.3213638695598959)
continue (6200.0000000000000000 -25.3434780542494025)
continue (6400.0000000000000000 -25.3650746232178292)
continue (6600.0000000000000000 -25.3861050845446563)
continue (6800.0000000000000000 -25.4065188885586473)
continue (7000.0000000000000000 -25.4263283730670224)
continue (7200.0000000000000000 -25.4455749847102020)
continue (7400.0000000000000000 -25.4642896386667950)
continue (7600.0000000000000000 -25.4825007737009877)
continue (7800.0000000000000000 -25.5002346096929315)
continue (8000.0000000000000000 -25.5175153725450876)
continue (8200.0000000000000000 -25.5343654913008997)
continue (8400.0000000000000000 -25.5508057714960302)
continue (8600.0000000000000000 -25.5668555481000155)
continue (8800.0000000000000000 -25.5825328208651968)
continue (9000.0000000000000000 -25.5978543744566522)
continue (9200.0000000000000000 -25.6128358853713785)
continue (9400.0000000000000000 -25.6274920173522567)
continue (9600.0000000000000000 -25.6418365067511758)
continue (9800.0000000000000000 -25.6558822390854964)
continue (10000.0000000000000000 -25.6696413178558451)
continue (10200.0000000000000000 -25.6831251265454341)
continue (10400.0000000000000000 -25.6963443845957045)
continue (10600.0000000000000000 -25.7093091980471051)
continue (10800.0000000000000000 -25.7220291054437205)
continue (11000.0000000000000000 -25.7345131195234131)
continue (11500.0000000000000000 -25.7647459581524885)
continue (12000.0000000000000000 -25.7936779390256881)
continue (12500.0000000000000000 -25.8214155992659578)
continue (13000.0000000000000000 -25.8480529183864789)
continue (13500.0000000000000000 -25.8736732165632652)
continue (14000.0000000000000000 -25.8983507073199455)
continue (14500.0000000000000000 -25.9221517774690291)
continue (15000.0000000000000000 -25.9451360498483936)
continue (15500.0000000000000000 -25.9673572716302132)
continue (16000.0000000000000000 -25.9888640614634454)
continue (16500.0000000000000000 -26.0097005415390896)
continue (17000.0000000000000000 -26.0299068752106031)
continue (17500.0000000000000000 -26.0495197266113756)
continue (18000.0000000000000000 -26.0685726554659745)
continue (18500.0000000000000000 -26.0870964577586690)
continue (19000.0000000000000000 -26.1051194609303359)
continue (19500.0000000000000000 -26.1226677806969754)
continue (20000.0000000000000000 -26.1397655453248596)
continue (20500.0000000000000000 -26.1564350921880013)
continue (21000.0000000000000000 -26.1726971406189755)
continue (21500.0000000000000000 -26.1885709444028798)
continue (22000.0000000000000000 -26.2040744267248833)
continue (22500.0000000000000000 -26.2192242999391247)
continue (23000.0000000000000000 -26.2340361721624546)
continue (23500.0000000000000000 -26.2485246423944041)
continue (24000.0000000000000000 -26.2627033856140457)
continue (24500.0000000000000000 -26.2765852290947421)
continue (25000.0000000000000000 -26.2901822210022367)
continue (25500.0000000000000000 -26.3035056921936743)
continue (26000.0000000000000000 -26.3165663120104050)
continue (26500.0000000000000000 -26.3293741387515219)
continue (27000.0000000000000000 -26.3419386654252605)
continue (27500.0000000000000000 -26.3542688612985323)
continue (28000.0000000000000000 -26.3663732096992725)
continue (28500.0000000000000000 -26.3782597424698153)
continue (29000.0000000000000000 -26.3899360714211397)
continue (29500.0000000000000000 -26.4014094170957847)
continue (30000.0000000000000000 -26.4126866351110863)
continue (30500.0000000000000000 -26.4237742403229170)
continue (31000.0000000000000000 -26.4346784290227355)
continue (31500.0000000000000000 -26.4454050993569112)
continue (32000.0000000000000000 -26.4559598701364749)
continue (32500.0000000000000000 -26.4663480981870798)
continue (33000.0000000000000000 -26.4765748943731154)
continue (33500.0000000000000000 -26.4866451384155788)
continue (34000.0000000000000000 -26.4965634926111626)
continue (34500.0000000000000000 -26.5063344145487569)
continue (35000.0000000000000000 -26.5159621689100753)
continue (35500.0000000000000000 -26.5254508384323948)
continue (36000.0000000000000000 -26.5348043341037751)
continue (36500.0000000000000000 -26.5440264046543710)
continue (37000.0000000000000000 -26.5531206454012896)
continue (37500.0000000000000000 -26.5620905064991923)
continue (38000.0000000000000000 -26.5709393006437757)
continue (38500.0000000000000000 -26.5796702102712388)
continue (39000.0000000000000000 -26.5882862942926828)
continue (39500.0000000000000000 -26.5967904943990519)
continue (40000.0000000000000000 -26.6051856409690544)
continue (40500.0000000000000000 -26.6134744586097192)
continue (41000.0000000000000000 -26.6216595713566022)
continue (41500.0000000000000000 -26.6297435075584481)
continue (42000.0000000000000000 -26.6377287044690014)
continue (42500.0000000000000000 -26.6456175125667727)
continue (43000.0000000000000000 -26.6534121996218900)
continue (43500.0000000000000000 -26.6611149545275481)
continue (44000.0000000000000000 -26.6687278909122867)
continue (44500.0000000000000000 -26.6762530505478708)
continue (45000.0000000000000000 -26.6836924065666139)
continue (45500.0000000000000000 -26.6910478665006501)
continue (46000.0000000000000000 -26.6983212751549814)
continue (46500.0000000000000000 -26.7055144173249701)
continue (47000.0000000000000000 -26.7126290203683574)
continue (47500.0000000000000000 -26.7196667566410078)
continue (48000.0000000000000000 -26.7266292458049577)
continue (48500.0000000000000000 -26.7335180570167203)
continue (49000.0000000000000000 -26.7403347110032428)
continue (49500.0000000000000000 -26.7470806820322977)
continue (50000.0000000000000000 -26.7537573997837761)
continue (50500.0000000000000000 -26.7603662511277420)
continue (51000.0000000000000000 -26.7669085818147643)
continue (51500.0000000000000000 -26.7733856980836897)
continue (52000.0000000000000000 -26.7797988681916621)
continue (52500.0000000000000000 -26.7861493238708057)
continue (53000.0000000000000000 -26.7924382617157875)
continue (53500.0000000000000000 -26.7986668445061511)
continue (54000.0000000000000000 -26.8048362024670475)
continue (54500.0000000000000000 -26.8109474344718244)
continue (55000.0000000000000000 -26.8170016091895604)
continue (55500.0000000000000000 -26.8229997661806614)
continue (56000.0000000000000000 -26.8289429169432374)
continue (56500.0000000000000000 -26.8348320459128935)
continue (57000.0000000000000000 -26.8406681114184558)
continue (57500.0000000000000000 -26.8464520465958287)
continue (58000.0000000000000000 -26.8521847602623289)
continue (58500.0000000000000000 -26.8578671377533595)
continue (59000.0000000000000000 -26.8635000417234693)
continue (59500.0000000000000000 -26.8690843129135715)
continue (60000.0000000000000000 -26.8746207708859721)
continue (60500.0000000000000000 -26.8801102147289086)
continue (61000.0000000000000000 -26.8855534237319951)
continue (61500.0000000000000000 -26.8909511580341167)
continue (62000.0000000000000000 -26.8963041592449983)
continue (62500.0000000000000000 -26.9016131510418290)
continue (63000.0000000000000000 -26.9068788397420136)
continue (63500.0000000000000000 -26.9121019148533271)
continue (64000.0000000000000000 -26.9172830496024069)
continue (64500.0000000000000000 -26.9224229014426690)
continue (65000.0000000000000000 -26.9275221125425901)
continue (65500.0000000000000000 -26.9325813102552303)
continue (66000.0000000000000000 -26.9376011075699040)
continue (66500.0000000000000000 -26.9425821035467692)
continue (67000.0000000000000000 -26.9475248837350989)
continue (67500.0000000000000000 -26.9524300205760063)
continue (68000.0000000000000000 -26.9572980737902732)
continue (68500.0000000000000000 -26.9621295907519354)
continue (69000.0000000000000000 -26.9669251068482936)
continue (69500.0000000000000000 -26.9716851458268820)
continue (70000.0000000000000000 -26.9764102201299849)
continue (70500.0000000000000000 -26.9811008312172440)
continue (71000.0000000000000000 -26.9857574698768197)
continue (71500.0000000000000000 -26.9903806165256661)
continue (72000.0000000000000000 -26.9949707414992588)
continue (72500.0000000000000000 -26.9995283053313457)
continue (73000.0000000000000000 -27.0040537590240248)
continue (73500.0000000000000000 -27.0085475443086125)
continue (74000.0000000000000000 -27.0130100938976518)
continue (74500.0000000000000000 -27.0174418317284051)
continue (75245.0000000000000000 -50.0000000000000000)
continue (7354000.0000000000000000 -50.0000000000000000)
f(nu) = -20.1264678661872125 at 1.0000000000000000 Ryd
