# Faucher-Giguere 2019 
# z = 2.981072
# E [Ryd] log (J_nu)
interpolate (0.0000000100100000 -50.0000000000000000)
continue (0.0990000000000000 -50.0000000000000000)
continue (0.1000000000000000 -18.7519466634523688)
continue (0.1500000000000000 -18.8501805251625925)
continue (0.2000000000000000 -18.9991258353812000)
continue (0.2500000000000001 -19.1660289820785401)
continue (0.3000000000000000 -19.1825499194304605)
continue (0.3500000000000001 -19.1676937833527816)
continue (0.4000000000000001 -19.1622579593829911)
continue (0.4500000000000001 -19.1585020888084365)
continue (0.5000000000000001 -19.1576576690883087)
continue (0.5500000000000002 -19.1644454872442473)
continue (0.6000000000000002 -19.1650446540704564)
continue (0.6500000000000001 -19.1788475665309051)
continue (0.7000000000000002 -19.1977581362230723)
continue (0.7500000000000002 -19.5228382703353986)
continue (0.8000000000000002 -19.6431061864233811)
continue (0.8500000000000002 -19.7758947844549162)
continue (0.9000000000000002 -19.9902328599845021)
continue (0.9500000000000003 -20.2501110467468131)
continue (1.0100000000000000 -21.4680303284770453)
continue (1.0600000000000001 -21.5152460349892038)
continue (1.1100000000000001 -21.5522348276886682)
continue (1.1600000000000001 -21.5986345093213430)
continue (1.2100000000000002 -21.6123815917942075)
continue (1.2600000000000002 -21.6345883417942382)
continue (1.3100000000000003 -21.6659550491620401)
continue (1.3600000000000003 -21.6788703035359589)
continue (1.4100000000000004 -21.7010854637403128)
continue (1.4600000000000004 -21.7240746876268425)
continue (1.5100000000000005 -21.7401209734017087)
continue (1.5600000000000005 -21.7594261435257010)
continue (1.6100000000000005 -21.7904321183067502)
continue (1.6600000000000006 -21.8121464210747220)
continue (1.7100000000000006 -21.8109838615798211)
continue (1.7600000000000007 -21.8446825344883742)
continue (1.8100000000000007 -21.8621535869257322)
continue (1.8600000000000008 -21.9010235887466962)
continue (1.9100000000000008 -21.9137383320033479)
continue (1.9600000000000009 -21.9313099939865239)
continue (2.0000000000000000 -21.9650693529899428)
continue (2.0099999999999998 -21.9626153896679277)
continue (2.0199999999999996 -21.9759933762178292)
continue (2.0299999999999994 -21.9747594723667099)
continue (2.0399999999999991 -21.9739162055539623)
continue (2.0499999999999989 -21.9823253177716822)
continue (2.0599999999999987 -21.9790846125253587)
continue (2.0699999999999985 -21.9962343608936273)
continue (2.0799999999999983 -21.9920775274796512)
continue (2.0899999999999981 -22.0002169006264410)
continue (2.0999999999999979 -21.9891857129243249)
continue (2.1099999999999977 -22.0009483284528073)
continue (2.1199999999999974 -22.0050873127454842)
continue (2.1299999999999972 -22.0017776512029322)
continue (2.1399999999999970 -22.0216293517768058)
continue (2.1499999999999968 -22.0094133485464525)
continue (2.1599999999999966 -22.0131354711204530)
continue (2.1699999999999964 -22.0412737390830742)
continue (2.1799999999999962 -22.0243959514440597)
continue (2.1899999999999959 -22.0412745731208020)
continue (2.1999999999999957 -22.0287408416324944)
continue (2.2099999999999955 -22.0367490971862594)
continue (2.2199999999999953 -22.0426041679902092)
continue (2.2299999999999951 -22.0417251705752939)
continue (2.2399999999999949 -22.0550712842362202)
continue (2.2499999999999947 -22.0489817298278830)
continue (2.2599999999999945 -22.0620675140241502)
continue (2.2699999999999942 -22.0638711311720037)
continue (2.2799999999999940 -22.0542319842977221)
continue (2.2899999999999938 -22.0680072593794598)
continue (2.2999999999999936 -22.0684964269378412)
continue (2.3099999999999934 -22.0620678576199722)
continue (2.3199999999999932 -22.0750281526243626)
continue (2.3299999999999930 -22.0670217917520013)
continue (2.3399999999999928 -22.0667824935508570)
continue (2.3499999999999925 -22.0821416508913266)
continue (2.3599999999999923 -22.0627972054767731)
continue (2.3699999999999921 -22.0760316112805057)
continue (2.3799999999999919 -22.0801450505488930)
continue (2.3899999999999917 -22.0693613296269469)
continue (2.3999999999999915 -22.0726244553726723)
continue (2.4099999999999913 -22.0716680700935619)
continue (2.4199999999999910 -22.0720272501719279)
continue (2.4299999999999908 -22.0691340355414454)
continue (2.4399999999999906 -22.0554088731768800)
continue (2.4499999999999904 -22.0661175438822568)
continue (2.4599999999999902 -22.0644800326607751)
continue (2.4699999999999900 -22.0506434281068273)
continue (2.4799999999999898 -22.0573417208175151)
continue (2.4899999999999896 -22.0672705942428848)
continue (2.4999999999999893 -22.0419697152562222)
continue (2.5099999999999891 -22.0526652464603359)
continue (2.5199999999999889 -22.0680073402998573)
continue (2.5299999999999887 -22.0337748531047808)
continue (2.5399999999999885 -22.0429421532755576)
continue (2.5499999999999883 -22.0583670285117961)
continue (2.5599999999999881 -22.0347545610175395)
continue (2.5699999999999878 -22.0303230792987499)
continue (2.5799999999999876 -22.0383527603213416)
continue (2.5899999999999874 -22.0245322041668388)
continue (2.5999999999999872 -22.0131348890378433)
continue (2.6099999999999870 -22.0232128571334087)
continue (2.6199999999999868 -22.0189034437123645)
continue (2.6299999999999866 -21.9992305703584776)
continue (2.6399999999999864 -22.0035902187950327)
continue (2.6499999999999861 -22.0119290014865747)
continue (2.6599999999999859 -21.9917820831906212)
continue (2.6699999999999857 -21.9886181832286276)
continue (2.6799999999999855 -21.9949655198015250)
continue (2.6899999999999853 -21.9852026557667060)
continue (2.6999999999999851 -21.9763399962092514)
continue (2.7099999999999849 -21.9780177440704847)
continue (2.7199999999999847 -21.9767879775961390)
continue (2.7299999999999844 -21.9575823266062251)
continue (2.7399999999999842 -21.9627885401507541)
continue (2.7499999999999840 -21.9600502320983573)
continue (2.7599999999999838 -21.9436097474079190)
continue (2.7699999999999836 -21.9480160060732068)
continue (2.7799999999999834 -21.9403383811792629)
continue (2.7899999999999832 -21.9312262534922127)
continue (2.7999999999999829 -21.9292533620476497)
continue (2.8099999999999827 -21.9285043062278788)
continue (2.8199999999999825 -21.9299013976691910)
continue (2.8299999999999823 -21.9167315047844404)
continue (2.8399999999999821 -21.9186274085357304)
continue (2.8499999999999819 -21.9116920476651877)
continue (2.8599999999999817 -21.9005870521516783)
continue (2.8699999999999815 -21.8981903831269058)
continue (2.8799999999999812 -21.8941897823888283)
continue (2.8899999999999810 -21.8959690754720882)
continue (2.8999999999999808 -21.8805255532848619)
continue (2.9099999999999806 -21.8773359382212575)
continue (2.9199999999999804 -21.8737522823190993)
continue (2.9299999999999802 -21.8656094246566006)
continue (2.9399999999999800 -21.8558393709649010)
continue (2.9499999999999797 -21.8523815762113074)
continue (2.9599999999999795 -21.8580420518905143)
continue (2.9699999999999793 -21.8428548885323330)
continue (2.9799999999999791 -21.8366412626755277)
continue (2.9899999999999789 -21.8336134712541678)
continue (2.9999999999999787 -21.8395197737433371)
continue (3.0099999999999785 -22.4482951863777664)
continue (3.0199999999999783 -22.4573677288849680)
continue (3.0299999999999780 -22.4583033960440837)
continue (3.0399999999999778 -22.4639495762895400)
continue (3.0499999999999776 -22.4719251049388404)
continue (3.0599999999999774 -22.4807372587874106)
continue (3.0699999999999772 -22.4841076655078602)
continue (3.0799999999999770 -22.4886435633368116)
continue (3.0899999999999768 -22.5179578699030891)
continue (3.0999999999999766 -22.5074840291004286)
continue (3.1099999999999763 -22.5130346399330605)
continue (3.1199999999999761 -22.5166785560083191)
continue (3.1299999999999759 -22.5330922469074828)
continue (3.1399999999999757 -22.5281322211895230)
continue (3.1499999999999755 -22.5246318152021274)
continue (3.1599999999999753 -22.5580153210386172)
continue (3.1699999999999751 -22.5502674261652700)
continue (3.1799999999999748 -22.5442417990684305)
continue (3.1899999999999746 -22.5638383257321706)
continue (3.1999999999999744 -22.5901642158990263)
continue (3.2099999999999742 -22.5765184972487489)
continue (3.2199999999999740 -22.5729930628768223)
continue (3.2299999999999738 -22.6024534813752709)
continue (3.2399999999999736 -22.6269954027174194)
continue (3.2499999999999734 -22.6076931474960290)
continue (3.2599999999999731 -22.6132702432603558)
continue (3.2699999999999729 -22.6697730285298746)
continue (3.2799999999999727 -22.6717548579117576)
continue (3.2899999999999725 -22.6504416695210686)
continue (3.2999999999999723 -22.6534996697929536)
continue (3.3099999999999721 -22.7020805078223908)
continue (3.3199999999999719 -22.7005689528808112)
continue (3.3299999999999716 -22.6854950062681198)
continue (3.3399999999999714 -22.7102533865569391)
continue (3.3499999999999712 -22.7651605638524970)
continue (3.3599999999999710 -22.7669738056041098)
continue (3.3699999999999708 -22.7525921139371832)
continue (3.3799999999999706 -22.7598607657353362)
continue (3.3899999999999704 -22.8209974689326494)
continue (3.3999999999999702 -22.8143632499073910)
continue (3.4099999999999699 -22.7978074297439441)
continue (3.4199999999999697 -22.8094563564118999)
continue (3.4299999999999695 -22.8789271309286271)
continue (3.4399999999999693 -22.8668923311069321)
continue (3.4499999999999691 -22.8456297138743096)
continue (3.4599999999999689 -22.8513897767115530)
continue (3.4699999999999687 -22.9289430113823833)
continue (3.4799999999999685 -22.9273424766388736)
continue (3.4899999999999682 -22.9067851455005389)
continue (3.4999999999999680 -22.9112905306012209)
continue (3.5099999999999678 -22.9519778391295084)
continue (3.5199999999999676 -23.0075456819121094)
continue (3.5299999999999674 -23.0042924046046089)
continue (3.5399999999999672 -22.9985694891890589)
continue (3.5499999999999670 -23.0079898053228540)
continue (3.5599999999999667 -22.8527495747031537)
continue (3.5699999999999665 -22.8262621607419121)
continue (3.5799999999999663 -22.8669837798967244)
continue (3.5899999999999661 -22.8722757014977311)
continue (3.5999999999999659 -22.8822269229611663)
continue (3.6099999999999657 -22.8756960621538141)
continue (3.6199999999999655 -22.9210201302570269)
continue (3.6299999999999653 -22.9595314461214244)
continue (3.6399999999999650 -22.9523518755628402)
continue (3.6499999999999648 -22.9438108889122638)
continue (3.6599999999999646 -22.9837864300128452)
continue (3.6699999999999644 -23.0096163848639144)
continue (3.6799999999999642 -23.0174938410668837)
continue (3.6899999999999640 -23.0199951344847022)
continue (3.6999999999999638 -23.0054141944102071)
continue (3.7099999999999635 -23.0647477472216877)
continue (3.7199999999999633 -23.0760158515262077)
continue (3.7299999999999631 -23.0784992190777665)
continue (3.7399999999999629 -23.0792895215485174)
continue (3.7499999999999627 -23.1098377345024133)
continue (3.7599999999999625 -23.0243109481191652)
continue (3.7699999999999623 -23.0211297887160491)
continue (3.7799999999999621 -23.0174625337932213)
continue (3.7899999999999618 -23.0318540335730546)
continue (3.7999999999999616 -23.0894975444200874)
continue (3.8099999999999614 -23.0745549282586708)
continue (3.8199999999999612 -23.0844095159036833)
continue (3.8299999999999610 -23.0924465250198203)
continue (3.8399999999999608 -23.1041470865012037)
continue (3.8499999999999606 -23.0686691146184764)
continue (3.8599999999999604 -23.0553070424165618)
continue (3.8699999999999601 -23.0649317990206697)
continue (3.8799999999999599 -23.0651846065463104)
continue (3.8899999999999597 -23.0391474712660163)
continue (3.8999999999999595 -23.0702552829872545)
continue (3.9099999999999593 -23.0617443397008088)
continue (3.9199999999999591 -23.0610928831642639)
continue (3.9299999999999589 -23.0519080043102633)
continue (3.9399999999999586 -23.0894996819224154)
continue (3.9499999999999584 -23.1228715261418856)
continue (3.9599999999999582 -23.1108616718545044)
continue (3.9699999999999580 -23.1063770251760658)
continue (3.9799999999999578 -23.0976708721984565)
continue (3.9899999999999576 -23.1422359517150404)
continue (4.0099999999999998 -23.1651974180349960)
continue (4.5099999999999998 -23.8012082954358704)
continue (5.0099999999999998 -23.8891607711349820)
continue (5.5099999999999998 -23.9192959947072907)
continue (6.0099999999999998 -23.9573387120266830)
continue (6.5099999999999998 -23.9795964282925773)
continue (7.0099999999999998 -24.0074415904167999)
continue (7.5099999999999998 -24.0360200917901707)
continue (8.0099999999999998 -24.0569479094012593)
continue (8.5099999999999998 -24.0767799938617095)
continue (9.0099999999999998 -24.0941080025817591)
continue (9.5099999999999998 -24.1138651043798085)
continue (10.0000000000000000 -24.1342261262838278)
continue (10.0099999999999998 -24.1346442468111384)
continue (15.0000000000000000 -24.3044558154005870)
continue (20.0000000000000000 -24.3600898210798533)
continue (25.0000000000000000 -24.3609529837414946)
continue (30.0000000000000000 -24.3808720031249493)
continue (35.0000000000000000 -24.4077367103229399)
continue (40.0000000000000000 -24.4321780616565754)
continue (45.0000000000000000 -24.4456296547409835)
continue (50.0000000000000000 -24.4504992556005618)
continue (55.0000000000000000 -24.4564171796731991)
continue (60.0000000000000000 -24.4628507711536365)
continue (65.0000000000000000 -24.4694591180108496)
continue (70.0000000000000000 -24.4760540339408088)
continue (75.0000000000000000 -24.4825327468097953)
continue (80.0000000000000000 -24.4888411201478355)
continue (85.0000000000000000 -24.4949530667145723)
continue (90.0000000000000000 -24.5008587706090211)
continue (95.0000000000000000 -24.5065578213842095)
continue (100.0000000000000000 -24.5120551509345930)
continue (110.0000000000000000 -24.5224774708546072)
continue (120.0000000000000000 -24.5322009560135861)
continue (130.0000000000000000 -24.5413033834767056)
continue (140.0000000000000000 -24.5498563710011233)
continue (150.0000000000000000 -24.5579230146998135)
continue (160.0000000000000000 -24.5655579093593772)
continue (170.0000000000000000 -24.5728079892378304)
continue (180.0000000000000000 -24.5797135696489129)
continue (190.0000000000000000 -24.5863093517885112)
continue (200.0000000000000000 -24.5926253105667314)
continue (210.0000000000000000 -24.5986874492722407)
continue (220.0000000000000000 -24.6045184295487402)
continue (230.0000000000000000 -24.6101380931307894)
continue (240.0000000000000000 -24.6155638928661169)
continue (250.0000000000000000 -24.6208112490153255)
continue (260.0000000000000000 -24.6258938444884201)
continue (270.0000000000000000 -24.6308238703277347)
continue (280.0000000000000000 -24.6356122306444902)
continue (290.0000000000000000 -24.6402687144508050)
continue (300.0000000000000000 -24.6448021403798343)
continue (310.0000000000000000 -24.6492204791200145)
continue (320.0000000000000000 -24.6535309574573134)
continue (330.0000000000000000 -24.6577401470720936)
continue (340.0000000000000000 -24.6618540406458635)
continue (350.0000000000000000 -24.6658781173573303)
continue (360.0000000000000000 -24.6698173994700589)
continue (370.0000000000000000 -24.6736765014078294)
continue (380.0000000000000000 -24.6774596724696984)
continue (390.0000000000000000 -24.6811708341395928)
continue (400.0000000000000000 -24.6848136127820190)
continue (410.0000000000000000 -24.6883913683875953)
continue (420.0000000000000000 -24.6919072199220793)
continue (430.0000000000000000 -24.6953640677465849)
continue (440.0000000000000000 -24.6987646135034282)
continue (450.0000000000000000 -24.7021113778009607)
continue (460.0000000000000000 -24.7054067159824200)
continue (470.0000000000000000 -24.7086528322214711)
continue (480.0000000000000000 -24.7118517921514957)
continue (490.0000000000000000 -24.7150055342076520)
continue (500.0000000000000000 -24.7181158798351923)
continue (510.0000000000000000 -24.7211845426967578)
continue (520.0000000000000000 -24.7242131369939599)
continue (530.0000000000000000 -24.7272031850029776)
continue (540.0000000000000000 -24.7301561239118470)
continue (550.0000000000000000 -24.7330733120344313)
continue (560.0000000000000000 -24.7359560344694458)
continue (570.0000000000000000 -24.7388055082609171)
continue (580.0000000000000000 -24.7416228871135502)
continue (590.0000000000000000 -24.7444092657069277)
continue (600.0000000000000000 -24.7471656836490617)
continue (610.0000000000000000 -24.7498931291053950)
continue (620.0000000000000000 -24.7525925421336588)
continue (630.0000000000000000 -24.7552648177536803)
continue (640.0000000000000000 -24.7579108087757689)
continue (650.0000000000000000 -24.7605313284116555)
continue (660.0000000000000000 -24.7631271526864509)
continue (670.0000000000000000 -24.7656990226696401)
continue (680.0000000000000000 -24.7682476465419121)
continue (690.0000000000000000 -24.7707737015114446)
continue (700.0000000000000000 -24.7732778355927792)
continue (710.0000000000000000 -24.7757606692596895)
continue (720.0000000000000000 -24.7782227969831652)
continue (730.0000000000000000 -24.7806647886633158)
continue (740.0000000000000000 -24.7830871909644905)
continue (750.0000000000000000 -24.7854905285603593)
continue (760.0000000000000000 -24.7878753052975256)
continue (770.0000000000000000 -24.7902420052827708)
continue (780.0000000000000000 -24.7925910939003131)
continue (790.0000000000000000 -24.7949230187646776)
continue (800.0000000000000000 -24.7972382106133651)
continue (810.0000000000000000 -24.7995370841446245)
continue (820.0000000000000000 -24.8018200388037435)
continue (830.0000000000000000 -24.8040874595213374)
continue (840.0000000000000000 -24.8063397174084237)
continue (850.0000000000000000 -24.8085771704095066)
continue (860.0000000000000000 -24.8108001639180884)
continue (870.0000000000000000 -24.8130090313565148)
continue (880.0000000000000000 -24.8152040947225387)
continue (890.0000000000000000 -24.8173856651055935)
continue (900.0000000000000000 -24.8195540431733832)
continue (910.0000000000000000 -24.8217095196326021)
continue (920.0000000000000000 -24.8238523756636162)
continue (930.0000000000000000 -24.8259828833325393)
continue (940.0000000000000000 -24.8281013059804110)
continue (950.0000000000000000 -24.8302078985925583)
continue (960.0000000000000000 -24.8323029081481650)
continue (970.0000000000000000 -24.8343865739520737)
continue (980.0000000000000000 -24.8364591279491691)
continue (990.0000000000000000 -24.8385207950234204)
continue (1000.0000000000000000 -24.8405717932812102)
continue (1200.0000000000000000 -24.8796370842428445)
continue (1400.0000000000000000 -24.9157524939285118)
continue (1600.0000000000000000 -24.9497051533555236)
continue (1800.0000000000000000 -24.9820028577810085)
continue (2000.0000000000000000 -25.0129923800757048)
continue (2200.0000000000000000 -25.0429211015721727)
continue (2400.0000000000000000 -25.0719717153403110)
continue (2600.0000000000000000 -25.1002829904927331)
continue (2800.0000000000000000 -25.1279628108843447)
continue (3000.0000000000000000 -25.1550966917131653)
continue (3200.0000000000000000 -25.1817535066345073)
continue (3400.0000000000000000 -25.2079894118936707)
continue (3600.0000000000000000 -25.2338505489688423)
continue (3800.0000000000000000 -25.2593748776687086)
continue (4000.0000000000000000 -25.2845933615456744)
continue (4200.0000000000000000 -25.3095306616289477)
continue (4400.0000000000000000 -25.3342054511079766)
continue (4600.0000000000000000 -25.3586304177758350)
continue (4800.0000000000000000 -25.3828120516504399)
continue (5000.0000000000000000 -25.4067503426061343)
continue (5200.0000000000000000 -25.4304380843033151)
continue (5400.0000000000000000 -25.4538604840976355)
continue (5600.0000000000000000 -25.4769947298017208)
continue (5800.0000000000000000 -25.4998093863879092)
continue (6000.0000000000000000 -25.5222638621311866)
continue (6200.0000000000000000 -25.5443079807423032)
continue (6400.0000000000000000 -25.5658826985612428)
continue (6600.0000000000000000 -25.5869187148172124)
continue (6800.0000000000000000 -25.6073407760154659)
continue (7000.0000000000000000 -25.6271558538611117)
continue (7200.0000000000000000 -25.6464079774710143)
continue (7400.0000000000000000 -25.6651280653028770)
continue (7600.0000000000000000 -25.6833445591835741)
continue (7800.0000000000000000 -25.7010836818591741)
continue (8000.0000000000000000 -25.7183696619185689)
continue (8200.0000000000000000 -25.7352249309275614)
continue (8400.0000000000000000 -25.7516702967938258)
continue (8600.0000000000000000 -25.7677250967209019)
continue (8800.0000000000000000 -25.7834073325681139)
continue (9000.0000000000000000 -25.7987337909905357)
continue (9200.0000000000000000 -25.8137201503669971)
continue (9400.0000000000000000 -25.8283810762222004)
continue (9600.0000000000000000 -25.8427303065971898)
continue (9800.0000000000000000 -25.8567807286123461)
continue (10000.0000000000000000 -25.8705444472913193)
continue (10200.0000000000000000 -25.8840328475658410)
continue (10400.0000000000000000 -25.8972566502564199)
continue (10600.0000000000000000 -25.9102259627176288)
continue (10800.0000000000000000 -25.9229503247470241)
continue (11000.0000000000000000 -25.9354387502791823)
continue (11500.0000000000000000 -25.9656824360069685)
continue (12000.0000000000000000 -25.9946250176714351)
continue (12500.0000000000000000 -26.0223730472746198)
continue (13000.0000000000000000 -26.0490205177584535)
continue (13500.0000000000000000 -26.0746507614686536)
continue (14000.0000000000000000 -26.0993380029994917)
continue (14500.0000000000000000 -26.1231486392697434)
continue (15000.0000000000000000 -26.1461423023732742)
continue (15500.0000000000000000 -26.1683727479852912)
continue (16000.0000000000000000 -26.1898886025882369)
continue (16500.0000000000000000 -26.2107339956088872)
continue (17000.0000000000000000 -26.2309490971009822)
continue (17500.0000000000000000 -26.2505705774168021)
continue (18000.0000000000000000 -26.2696320020656948)
continue (18500.0000000000000000 -26.2881641724240147)
continue (19000.0000000000000000 -26.3061954209685638)
continue (19500.0000000000000000 -26.3237518681272498)
continue (20000.0000000000000000 -26.3408576465828546)
continue (20500.0000000000000000 -26.3575350978558731)
continue (21000.0000000000000000 -26.3738049451779979)
continue (21500.0000000000000000 -26.3896864460063476)
continue (22000.0000000000000000 -26.4051975269891521)
continue (22500.0000000000000000 -26.4203549037510221)
continue (23000.0000000000000000 -26.4351741875013815)
continue (23500.0000000000000000 -26.4496699801677835)
continue (24000.0000000000000000 -26.4638559595047909)
continue (24500.0000000000000000 -26.4777449554196878)
continue (25000.0000000000000000 -26.4913490185804861)
continue (25500.0000000000000000 -26.5046794822240344)
continue (26000.0000000000000000 -26.5177470179570811)
continue (26500.0000000000000000 -26.5305616862373910)
continue (27000.0000000000000000 -26.5431329821320787)
continue (27500.0000000000000000 -26.5554698768735058)
continue (28000.0000000000000000 -26.5675808556674582)
continue (28500.0000000000000000 -26.5794739521519467)
continue (29000.0000000000000000 -26.5911567798563908)
continue (29500.0000000000000000 -26.6026365609691346)
continue (30000.0000000000000000 -26.6139201526849192)
continue (30500.0000000000000000 -26.6250140713725436)
continue (31000.0000000000000000 -26.6359245147755779)
continue (31500.0000000000000000 -26.6466573824350554)
continue (32000.0000000000000000 -26.6572182945023535)
continue (32500.0000000000000000 -26.6676126090921031)
continue (33000.0000000000000000 -26.6778454383089958)
continue (33500.0000000000000000 -26.6879216630682450)
continue (34000.0000000000000000 -26.6978459468169973)
continue (34500.0000000000000000 -26.7076227482530761)
continue (35000.0000000000000000 -26.7172563331276756)
continue (35500.0000000000000000 -26.7267507852100472)
continue (36000.0000000000000000 -26.7361100164845489)
continue (36500.0000000000000000 -26.7453377766436482)
continue (37000.0000000000000000 -26.7544376619344000)
continue (37500.0000000000000000 -26.7634131234105332)
continue (38000.0000000000000000 -26.7722674746373883)
continue (38500.0000000000000000 -26.7810038988927026)
continue (39000.0000000000000000 -26.7896254559022466)
continue (39500.0000000000000000 -26.7981350881459868)
continue (40000.0000000000000000 -26.8065356267671220)
continue (40500.0000000000000000 -26.8148297971136671)
continue (41000.0000000000000000 -26.8230202239397038)
continue (41500.0000000000000000 -26.8311094362909479)
continue (42000.0000000000000000 -26.8390998720974885)
continue (42500.0000000000000000 -26.8469938824943810)
continue (43000.0000000000000000 -26.8547937358893130)
continue (43500.0000000000000000 -26.8625016217948094)
continue (44000.0000000000000000 -26.8701196544412255)
continue (44500.0000000000000000 -26.8776498761853517)
continue (45000.0000000000000000 -26.8850942607283265)
continue (45500.0000000000000000 -26.8924547161555907)
continue (46000.0000000000000000 -26.8997330878104819)
continue (46500.0000000000000000 -26.9069311610123130)
continue (47000.0000000000000000 -26.9140506636289061)
continue (47500.0000000000000000 -26.9210932685128554)
continue (48000.0000000000000000 -26.9280605958100772)
continue (48500.0000000000000000 -26.9349542151485402)
continue (49000.0000000000000000 -26.9417756477146924)
continue (49500.0000000000000000 -26.9485263682242682)
continue (50000.0000000000000000 -26.9552078067939860)
continue (50500.0000000000000000 -26.9618213507199762)
continue (51000.0000000000000000 -26.9683683461684929)
continue (51500.0000000000000000 -26.9748500997840317)
continue (52000.0000000000000000 -26.9812678802196970)
continue (52500.0000000000000000 -26.9876229195941804)
continue (53000.0000000000000000 -26.9939164148796635)
continue (53500.0000000000000000 -27.0001495292244265)
continue (54000.0000000000000000 -27.0063233932138793)
continue (54500.0000000000000000 -27.0124391060733871)
continue (55000.0000000000000000 -27.0184977368161121)
continue (55500.0000000000000000 -27.0245003253388276)
continue (56000.0000000000000000 -27.0304478834685504)
continue (56500.0000000000000000 -27.0363413959625554)
continue (57000.0000000000000000 -27.0421818214643075)
continue (57500.0000000000000000 -27.0479700934175717)
continue (58000.0000000000000000 -27.0537071209409099)
continue (58500.0000000000000000 -27.0593937896645684)
continue (59000.0000000000000000 -27.0650309625317433)
continue (59500.0000000000000000 -27.0706194805659486)
continue (60000.0000000000000000 -27.0761601636062466)
continue (60500.0000000000000000 -27.0816538110119218)
continue (61000.0000000000000000 -27.0871012023381468)
continue (61500.0000000000000000 -27.0925030979839647)
continue (62000.0000000000000000 -27.0978602398140644)
continue (62500.0000000000000000 -27.1031733517555082)
continue (63000.0000000000000000 -27.1084431403706567)
continue (63500.0000000000000000 -27.1136702954074451)
continue (64000.0000000000000000 -27.1188554903279986)
continue (64500.0000000000000000 -27.1239993828166845)
continue (65000.0000000000000000 -27.1291026152685006)
continue (65500.0000000000000000 -27.1341658152587577)
continue (66000.0000000000000000 -27.1391895959948037)
continue (66500.0000000000000000 -27.1441745567507695)
continue (67000.0000000000000000 -27.1491212832859290)
continue (67500.0000000000000000 -27.1540303482475238)
continue (68000.0000000000000000 -27.1589023115586876)
continue (68500.0000000000000000 -27.1637377207921524)
continue (69000.0000000000000000 -27.1685371115303198)
continue (69500.0000000000000000 -27.1733010077123325)
continue (70000.0000000000000000 -27.1780299219686974)
continue (70500.0000000000000000 -27.1827243559439289)
continue (71000.0000000000000000 -27.1873848006078589)
continue (71500.0000000000000000 -27.1920117365559157)
continue (72000.0000000000000000 -27.1966056342989901)
continue (72500.0000000000000000 -27.2011669545432255)
continue (73000.0000000000000000 -27.2056961484601771)
continue (73500.0000000000000000 -27.2101936579477659)
continue (74000.0000000000000000 -27.2146599158823150)
continue (74500.0000000000000000 -27.2190953463621526)
continue (75245.0000000000000000 -50.0000000000000000)
continue (7354000.0000000000000000 -50.0000000000000000)
f(nu) = -20.1709435465220857 at 1.0000000000000000 Ryd
