# Faucher-Giguere 2019 
# z = 3.466836
# E [Ryd] log (J_nu)
interpolate (0.0000000100100000 -50.0000000000000000)
continue (0.0990000000000000 -50.0000000000000000)
continue (0.1000000000000000 -18.7779210517109441)
continue (0.1500000000000000 -18.8717566230573652)
continue (0.2000000000000000 -19.0094137832896060)
continue (0.2500000000000001 -19.1968939388797608)
continue (0.3000000000000000 -19.2135670724054641)
continue (0.3500000000000001 -19.2213008290749983)
continue (0.4000000000000001 -19.1932058511807142)
continue (0.4500000000000001 -19.1828389003668178)
continue (0.5000000000000001 -19.1758547197434623)
continue (0.5500000000000002 -19.1728382606755439)
continue (0.6000000000000002 -19.1723153600853884)
continue (0.6500000000000001 -19.1703608704827282)
continue (0.7000000000000002 -19.1835992433275564)
continue (0.7500000000000002 -19.5291455270810630)
continue (0.8000000000000002 -19.6083667746441961)
continue (0.8500000000000002 -19.7625523033587953)
continue (0.9000000000000002 -19.9825435446157904)
continue (0.9500000000000003 -20.3380516077158866)
continue (1.0100000000000000 -21.5285952121888755)
continue (1.0600000000000001 -21.5838980152567395)
continue (1.1100000000000001 -21.6328218562438472)
continue (1.1600000000000001 -21.6799730246382687)
continue (1.2100000000000002 -21.6815945894463127)
continue (1.2600000000000002 -21.7040769270094316)
continue (1.3100000000000003 -21.7310801970295628)
continue (1.3600000000000003 -21.7508815035921046)
continue (1.4100000000000004 -21.7863978352163663)
continue (1.4600000000000004 -21.7721328903816485)
continue (1.5100000000000005 -21.7947660483887411)
continue (1.5600000000000005 -21.8244055683649414)
continue (1.6100000000000005 -21.8498316176825966)
continue (1.6600000000000006 -21.8573621526694559)
continue (1.7100000000000006 -21.8543599481773683)
continue (1.7600000000000007 -21.8878843298681858)
continue (1.8100000000000007 -21.9081380801794658)
continue (1.8600000000000008 -21.9424401029179172)
continue (1.9100000000000008 -21.9525889526143914)
continue (1.9600000000000009 -21.9925730477457861)
continue (2.0000000000000000 -22.0210262925622722)
continue (2.0099999999999998 -22.0021073900674189)
continue (2.0199999999999996 -22.0206851946922697)
continue (2.0299999999999994 -22.0234088304703519)
continue (2.0399999999999991 -22.0192810296371242)
continue (2.0499999999999989 -22.0293660900600443)
continue (2.0599999999999987 -22.0247229567395095)
continue (2.0699999999999985 -22.0313380100367269)
continue (2.0799999999999983 -22.0331077323061386)
continue (2.0899999999999981 -22.0286442201241854)
continue (2.0999999999999979 -22.0505450098028923)
continue (2.1099999999999977 -22.0472958404499231)
continue (2.1199999999999974 -22.0599790642469031)
continue (2.1299999999999972 -22.0479608671810183)
continue (2.1399999999999970 -22.0608791916023250)
continue (2.1499999999999968 -22.0581688317912992)
continue (2.1599999999999966 -22.0583403395357180)
continue (2.1699999999999964 -22.0957853745830306)
continue (2.1799999999999962 -22.0664459959128116)
continue (2.1899999999999959 -22.1007135713057004)
continue (2.1999999999999957 -22.0802206285686431)
continue (2.2099999999999955 -22.0969566755368767)
continue (2.2199999999999953 -22.0824788292801273)
continue (2.2299999999999951 -22.1081869063655496)
continue (2.2399999999999949 -22.1119410649406269)
continue (2.2499999999999947 -22.1059081959657426)
continue (2.2599999999999945 -22.1267859066530050)
continue (2.2699999999999942 -22.1040400574233971)
continue (2.2799999999999940 -22.1341328397995198)
continue (2.2899999999999938 -22.1268525607804598)
continue (2.2999999999999936 -22.1304614733865215)
continue (2.3099999999999934 -22.1462124358118224)
continue (2.3199999999999932 -22.1233785216035699)
continue (2.3299999999999930 -22.1520670876111794)
continue (2.3399999999999928 -22.1350131559545282)
continue (2.3499999999999925 -22.1490165468088698)
continue (2.3599999999999923 -22.1513191255362543)
continue (2.3699999999999921 -22.1393937529023219)
continue (2.3799999999999919 -22.1512894969919998)
continue (2.3899999999999917 -22.1557604066198408)
continue (2.3999999999999915 -22.1381027138292623)
continue (2.4099999999999913 -22.1543703988815004)
continue (2.4199999999999910 -22.1478033797361498)
continue (2.4299999999999908 -22.1315834475040667)
continue (2.4399999999999906 -22.1473426641531859)
continue (2.4499999999999904 -22.1425295175256984)
continue (2.4599999999999902 -22.1328481858620059)
continue (2.4699999999999900 -22.1469237004249173)
continue (2.4799999999999898 -22.1259039274236038)
continue (2.4899999999999896 -22.1492195972741008)
continue (2.4999999999999893 -22.1403858101518516)
continue (2.5099999999999891 -22.1311787411299363)
continue (2.5199999999999889 -22.1462520437817432)
continue (2.5299999999999887 -22.1178852509346058)
continue (2.5399999999999885 -22.1276139358032715)
continue (2.5499999999999883 -22.1300310050640867)
continue (2.5599999999999881 -22.1254966458202347)
continue (2.5699999999999878 -22.1086424180167178)
continue (2.5799999999999876 -22.1141730560470116)
continue (2.5899999999999874 -22.1182578633904718)
continue (2.5999999999999872 -22.0921206662303184)
continue (2.6099999999999870 -22.1008057830992009)
continue (2.6199999999999868 -22.1019439702157037)
continue (2.6299999999999866 -22.0758534904808421)
continue (2.6399999999999864 -22.0879745940368224)
continue (2.6499999999999861 -22.0916382449255693)
continue (2.6599999999999859 -22.0670984304312299)
continue (2.6699999999999857 -22.0717360400184077)
continue (2.6799999999999855 -22.0702634011691394)
continue (2.6899999999999853 -22.0603630930767061)
continue (2.6999999999999851 -22.0506034617712849)
continue (2.7099999999999849 -22.0513676840095449)
continue (2.7199999999999847 -22.0448925871535941)
continue (2.7299999999999844 -22.0336395575083053)
continue (2.7399999999999842 -22.0292595059642800)
continue (2.7499999999999840 -22.0273456090626141)
continue (2.7599999999999838 -22.0162328926646076)
continue (2.7699999999999836 -22.0076427694120333)
continue (2.7799999999999834 -22.0092629404325031)
continue (2.7899999999999832 -22.0013124461111431)
continue (2.7999999999999829 -21.9885757503213384)
continue (2.8099999999999827 -21.9947881363063757)
continue (2.8199999999999825 -21.9843409766806879)
continue (2.8299999999999823 -21.9737305267842409)
continue (2.8399999999999821 -21.9791150654028051)
continue (2.8499999999999819 -21.9642691067303701)
continue (2.8599999999999817 -21.9533889887133320)
continue (2.8699999999999815 -21.9567215630456616)
continue (2.8799999999999812 -21.9429162542059437)
continue (2.8899999999999810 -21.9318958792061380)
continue (2.8999999999999808 -21.9308391427048228)
continue (2.9099999999999806 -21.9164018231562565)
continue (2.9199999999999804 -21.9093141244153848)
continue (2.9299999999999802 -21.9060385618704778)
continue (2.9399999999999800 -21.8872703067844228)
continue (2.9499999999999797 -21.8844458051578030)
continue (2.9599999999999795 -21.8799850412171288)
continue (2.9699999999999793 -21.8656948716296178)
continue (2.9799999999999791 -21.8601922631941292)
continue (2.9899999999999789 -21.8546770423148189)
continue (2.9999999999999787 -21.8582425890335408)
continue (3.0099999999999785 -22.4953418869170534)
continue (3.0199999999999783 -22.4925666184393940)
continue (3.0299999999999780 -22.4895837163795314)
continue (3.0399999999999778 -22.5016510262074014)
continue (3.0499999999999776 -22.5057053375366145)
continue (3.0599999999999774 -22.5174495353609210)
continue (3.0699999999999772 -22.5130864773085300)
continue (3.0799999999999770 -22.5363478564474740)
continue (3.0899999999999768 -22.5465346644048665)
continue (3.0999999999999766 -22.5439650804136136)
continue (3.1099999999999763 -22.5514028742922790)
continue (3.1199999999999761 -22.5591838681039043)
continue (3.1299999999999759 -22.5633201640760568)
continue (3.1399999999999757 -22.5589443805013978)
continue (3.1499999999999755 -22.5701162482596835)
continue (3.1599999999999753 -22.5807138602104267)
continue (3.1699999999999751 -22.5812272769248494)
continue (3.1799999999999748 -22.5846363911658123)
continue (3.1899999999999746 -22.6113436460175592)
continue (3.1999999999999744 -22.6139993454003694)
continue (3.2099999999999742 -22.6135193952558708)
continue (3.2199999999999740 -22.6299997261957095)
continue (3.2299999999999738 -22.6595765384235257)
continue (3.2399999999999736 -22.6465456287858444)
continue (3.2499999999999734 -22.6623733800918643)
continue (3.2599999999999731 -22.6909918265705564)
continue (3.2699999999999729 -22.7030791460649510)
continue (3.2799999999999727 -22.7010490993821605)
continue (3.2899999999999725 -22.7291928170493271)
continue (3.2999999999999723 -22.7468191341951425)
continue (3.3099999999999721 -22.7251919559071638)
continue (3.3199999999999719 -22.7461263940235305)
continue (3.3299999999999716 -22.7923407078490463)
continue (3.3399999999999714 -22.8092116477910523)
continue (3.3499999999999712 -22.7962350783968226)
continue (3.3599999999999710 -22.8543012144129705)
continue (3.3699999999999708 -22.9098219015728546)
continue (3.3799999999999706 -22.8672021827703418)
continue (3.3899999999999704 -22.8666267664258314)
continue (3.3999999999999702 -22.9343827694913962)
continue (3.4099999999999699 -22.9646760673577468)
continue (3.4199999999999697 -22.9336195470635289)
continue (3.4299999999999695 -22.9359895279292090)
continue (3.4399999999999693 -23.0524332283577387)
continue (3.4499999999999691 -23.0200586278286181)
continue (3.4599999999999689 -22.9949592120127626)
continue (3.4699999999999687 -23.0055849049345724)
continue (3.4799999999999685 -23.1693363264102885)
continue (3.4899999999999682 -23.1072077255484025)
continue (3.4999999999999680 -23.0997907834663323)
continue (3.5099999999999678 -23.1202645445573864)
continue (3.5199999999999676 -23.3262135021631991)
continue (3.5299999999999674 -23.2938361931746840)
continue (3.5399999999999672 -23.2322023350022313)
continue (3.5499999999999670 -23.2522386635326335)
continue (3.5599999999999667 -23.0064424058563510)
continue (3.5699999999999665 -22.9756951241867107)
continue (3.5799999999999663 -22.9382885306692508)
continue (3.5899999999999661 -23.0008494885675212)
continue (3.5999999999999659 -23.0495791094468174)
continue (3.6099999999999657 -23.0382488200311641)
continue (3.6199999999999655 -23.0235806660138707)
continue (3.6299999999999653 -23.1331143829972170)
continue (3.6399999999999650 -23.1558462078575857)
continue (3.6499999999999648 -23.1444544201857099)
continue (3.6599999999999646 -23.1230819064530557)
continue (3.6699999999999644 -23.2193148455339688)
continue (3.6799999999999642 -23.2750790338532028)
continue (3.6899999999999640 -23.2677322833012248)
continue (3.6999999999999638 -23.2235874955437005)
continue (3.7099999999999635 -23.3222259896213515)
continue (3.7199999999999633 -23.3833320524483703)
continue (3.7299999999999631 -23.3720883863110842)
continue (3.7399999999999629 -23.3589415327346792)
continue (3.7499999999999627 -23.3737465933473416)
continue (3.7599999999999625 -23.2577509297404958)
continue (3.7699999999999623 -23.2379525099574771)
continue (3.7799999999999621 -23.2278499453518172)
continue (3.7899999999999618 -23.2947956605926336)
continue (3.7999999999999616 -23.3676886175093443)
continue (3.8099999999999614 -23.3384025123330048)
continue (3.8199999999999612 -23.3519226824527912)
continue (3.8299999999999610 -23.4076690811303614)
continue (3.8399999999999608 -23.4143827211232249)
continue (3.8499999999999606 -23.2681515392246645)
continue (3.8599999999999604 -23.2778774394232713)
continue (3.8699999999999601 -23.3272141547740546)
continue (3.8799999999999599 -23.3450928039851924)
continue (3.8899999999999597 -23.2060846390819755)
continue (3.8999999999999595 -23.2366313174795884)
continue (3.9099999999999593 -23.2836771622102461)
continue (3.9199999999999591 -23.3027349726638349)
continue (3.9299999999999589 -23.2660641791251237)
continue (3.9399999999999586 -23.2725153159761575)
continue (3.9499999999999584 -23.3359834625995255)
continue (3.9599999999999582 -23.3776668216413270)
continue (3.9699999999999580 -23.3423736834284945)
continue (3.9799999999999578 -23.3020051312491319)
continue (3.9899999999999576 -23.3766429005388439)
continue (4.0099999999999998 -23.4851346609973781)
continue (4.5099999999999998 -24.2310638820329309)
continue (5.0099999999999998 -24.3405160122580853)
continue (5.5099999999999998 -24.3608389041447886)
continue (6.0099999999999998 -24.4054856408727687)
continue (6.5099999999999998 -24.4168785505361363)
continue (7.0099999999999998 -24.4397732777644521)
continue (7.5099999999999998 -24.4670403343561844)
continue (8.0099999999999998 -24.4818349161870152)
continue (8.5099999999999998 -24.4960699426476616)
continue (9.0099999999999998 -24.5073541988716528)
continue (9.5099999999999998 -24.5173155360719406)
continue (10.0000000000000000 -24.5255042293864207)
continue (10.0099999999999998 -24.5256597505598783)
continue (15.0000000000000000 -24.6113715981584491)
continue (20.0000000000000000 -24.6411547262154400)
continue (25.0000000000000000 -24.6116795170162064)
continue (30.0000000000000000 -24.6102474161818776)
continue (35.0000000000000000 -24.6235899748506633)
continue (40.0000000000000000 -24.6405822684491191)
continue (45.0000000000000000 -24.6491318378930941)
continue (50.0000000000000000 -24.6495459782903623)
continue (55.0000000000000000 -24.6523706169167198)
continue (60.0000000000000000 -24.6566127488369915)
continue (65.0000000000000000 -24.6616350937281190)
continue (70.0000000000000000 -24.6670589579313422)
continue (75.0000000000000000 -24.6726568420481769)
continue (80.0000000000000000 -24.6782913256820819)
continue (85.0000000000000000 -24.6838796112557155)
continue (90.0000000000000000 -24.6893725355825886)
continue (95.0000000000000000 -24.6947419014358367)
continue (100.0000000000000000 -24.6999726922625200)
continue (110.0000000000000000 -24.7099969985477195)
continue (120.0000000000000000 -24.7194436251280010)
continue (130.0000000000000000 -24.7283463177011171)
continue (140.0000000000000000 -24.7367503951991807)
continue (150.0000000000000000 -24.7447026368252381)
continue (160.0000000000000000 -24.7522471741657135)
continue (170.0000000000000000 -24.7594240358408335)
continue (180.0000000000000000 -24.7662688624600271)
continue (190.0000000000000000 -24.7728131188215919)
continue (200.0000000000000000 -24.7790844938605979)
continue (210.0000000000000000 -24.7851073469200998)
continue (220.0000000000000000 -24.7909031380881579)
continue (230.0000000000000000 -24.7964908178856263)
continue (240.0000000000000000 -24.8018871692306604)
continue (250.0000000000000000 -24.8071071025971897)
continue (260.0000000000000000 -24.8121639085923924)
continue (270.0000000000000000 -24.8170694732279493)
continue (280.0000000000000000 -24.8218344611663220)
continue (290.0000000000000000 -24.8264684717819399)
continue (300.0000000000000000 -24.8309801722790269)
continue (310.0000000000000000 -24.8353774114978130)
continue (320.0000000000000000 -24.8396673174740670)
continue (330.0000000000000000 -24.8438563813194513)
continue (340.0000000000000000 -24.8479505295665817)
continue (350.0000000000000000 -24.8519551867625772)
continue (360.0000000000000000 -24.8558753297996589)
continue (370.0000000000000000 -24.8597155352226231)
continue (380.0000000000000000 -24.8634800205495772)
continue (390.0000000000000000 -24.8671726804741553)
continue (400.0000000000000000 -24.8707971186771637)
continue (410.0000000000000000 -24.8743566758609624)
continue (420.0000000000000000 -24.8778544545244529)
continue (430.0000000000000000 -24.8812933409168799)
continue (440.0000000000000000 -24.8846760245425251)
continue (450.0000000000000000 -24.8880050155331070)
continue (460.0000000000000000 -24.8912826601593693)
continue (470.0000000000000000 -24.8945111547133386)
continue (480.0000000000000000 -24.8976925579604789)
continue (490.0000000000000000 -24.9008288023336988)
continue (500.0000000000000000 -24.9039217040183587)
continue (510.0000000000000000 -24.9069729720547883)
continue (520.0000000000000000 -24.9099842165725001)
continue (530.0000000000000000 -24.9129569562513531)
continue (540.0000000000000000 -24.9158926250953101)
continue (550.0000000000000000 -24.9187925785932762)
continue (560.0000000000000000 -24.9216580993312817)
continue (570.0000000000000000 -24.9244904021143725)
continue (580.0000000000000000 -24.9272906386475022)
continue (590.0000000000000000 -24.9300599018207691)
continue (600.0000000000000000 -24.9327992296379080)
continue (610.0000000000000000 -24.9355096088231711)
continue (620.0000000000000000 -24.9381919781374712)
continue (630.0000000000000000 -24.9408472314313876)
continue (640.0000000000000000 -24.9434762204595231)
continue (650.0000000000000000 -24.9460797574786177)
continue (660.0000000000000000 -24.9486586176486256)
continue (670.0000000000000000 -24.9512135412538356)
continue (680.0000000000000000 -24.9537452357615059)
continue (690.0000000000000000 -24.9562543777304704)
continue (700.0000000000000000 -24.9587416145832748)
continue (710.0000000000000000 -24.9612075662533890)
continue (720.0000000000000000 -24.9636528267180182)
continue (730.0000000000000000 -24.9660779654252671)
continue (740.0000000000000000 -24.9684835286251534)
continue (750.0000000000000000 -24.9708700406113593)
continue (760.0000000000000000 -24.9732380048811535)
continue (770.0000000000000000 -24.9755879052198999)
continue (780.0000000000000000 -24.9779202067159822)
continue (790.0000000000000000 -24.9802353567107502)
continue (800.0000000000000000 -24.9825337856900092)
continue (810.0000000000000000 -24.9848159081188612)
continue (820.0000000000000000 -24.9870821232270508)
continue (830.0000000000000000 -24.9893328157456160)
continue (840.0000000000000000 -24.9915683566002969)
continue (850.0000000000000000 -24.9937891035636675)
continue (860.0000000000000000 -24.9959954018693686)
continue (870.0000000000000000 -24.9981875847910686)
continue (880.0000000000000000 -25.0003659741882487)
continue (890.0000000000000000 -25.0025308810208848)
continue (900.0000000000000000 -25.0046826058363756)
continue (910.0000000000000000 -25.0068214392287409)
continue (920.0000000000000000 -25.0089476622731581)
continue (930.0000000000000000 -25.0110615469370359)
continue (940.0000000000000000 -25.0131633564692244)
continue (950.0000000000000000 -25.0152533457683646)
continue (960.0000000000000000 -25.0173317617323434)
continue (970.0000000000000000 -25.0193988435895740)
continue (980.0000000000000000 -25.0214548232130589)
continue (990.0000000000000000 -25.0234999254190207)
continue (1000.0000000000000000 -25.0255343682501952)
continue (1200.0000000000000000 -25.0642704602364468)
continue (1400.0000000000000000 -25.1000601447955027)
continue (1600.0000000000000000 -25.1336904156875534)
continue (1800.0000000000000000 -25.1656689873672370)
continue (2000.0000000000000000 -25.1963425723501580)
continue (2200.0000000000000000 -25.2259585003326698)
continue (2400.0000000000000000 -25.2546994170736880)
continue (2600.0000000000000000 -25.2827040483293857)
continue (2800.0000000000000000 -25.3100802473482211)
continue (3000.0000000000000000 -25.3369135218682864)
continue (3200.0000000000000000 -25.3632727909097930)
continue (3400.0000000000000000 -25.3892143680950326)
continue (3600.0000000000000000 -25.4147847480515559)
continue (3800.0000000000000000 -25.4400225482754792)
continue (4000.0000000000000000 -25.4649598181681185)
continue (4200.0000000000000000 -25.4896228511477609)
continue (4400.0000000000000000 -25.5140325710146669)
continue (4600.0000000000000000 -25.5382045873252004)
continue (4800.0000000000000000 -25.5621489014544032)
continue (5000.0000000000000000 -25.5858694244960425)
continue (5200.0000000000000000 -25.6093632173673704)
continue (5400.0000000000000000 -25.6326194816679163)
continue (5600.0000000000000000 -25.6556187718058801)
continue (5800.0000000000000000 -25.6783317983130850)
continue (6000.0000000000000000 -25.7007176426753148)
continue (6200.0000000000000000 -25.7227245162722440)
continue (6400.0000000000000000 -25.7442865338397446)
continue (6600.0000000000000000 -25.7653243464458015)
continue (6800.0000000000000000 -25.7857498636587685)
continue (7000.0000000000000000 -25.8055671614712026)
continue (7200.0000000000000000 -25.8248214727967280)
continue (7400.0000000000000000 -25.8435437173922011)
continue (7600.0000000000000000 -25.8617623382977655)
continue (7800.0000000000000000 -25.8795035593949549)
continue (8000.0000000000000000 -25.8967916103370328)
continue (8200.0000000000000000 -25.9136489236891023)
continue (8400.0000000000000000 -25.9300963082988041)
continue (8600.0000000000000000 -25.9461531022548257)
continue (8800.0000000000000000 -25.9618373082515284)
continue (9000.0000000000000000 -25.9771657137325143)
continue (9200.0000000000000000 -25.9921539978224025)
continue (9400.0000000000000000 -26.0068168267519972)
continue (9600.0000000000000000 -26.0211679392317592)
continue (9800.0000000000000000 -26.0352202230173440)
continue (10000.0000000000000000 -26.0489857837360361)
continue (10200.0000000000000000 -26.0624760068936681)
continue (10400.0000000000000000 -26.0757016138573228)
continue (10600.0000000000000000 -26.0886727125024152)
continue (10800.0000000000000000 -26.1013988431233201)
continue (11000.0000000000000000 -26.1138890201288802)
continue (11500.0000000000000000 -26.1441370125741521)
continue (12000.0000000000000000 -26.1730838033100177)
continue (12500.0000000000000000 -26.2008359502360655)
continue (13000.0000000000000000 -26.2274874516170051)
continue (13500.0000000000000000 -26.2531216446223468)
continue (14000.0000000000000000 -26.2778127582345498)
continue (14500.0000000000000000 -26.3016271933783514)
continue (15000.0000000000000000 -26.3246245858165793)
continue (15500.0000000000000000 -26.3468586945949923)
continue (16000.0000000000000000 -26.3683781493011757)
continue (16500.0000000000000000 -26.3892270822301178)
continue (17000.0000000000000000 -26.4094456660915533)
continue (17500.0000000000000000 -26.4290705737029228)
continue (18000.0000000000000000 -26.4481353728666910)
continue (18500.0000000000000000 -26.4666708670966671)
continue (19000.0000000000000000 -26.4847053908658907)
continue (19500.0000000000000000 -26.5022650664701196)
continue (20000.0000000000000000 -26.5193740283428738)
continue (20500.0000000000000000 -26.5360546196483753)
continue (21000.0000000000000000 -26.5523275651639672)
continue (21500.0000000000000000 -26.5682121238023932)
continue (22000.0000000000000000 -26.5837262235847014)
continue (22500.0000000000000000 -26.5988865814319553)
continue (23000.0000000000000000 -26.6137088097795456)
continue (23500.0000000000000000 -26.6282075117157468)
continue (24000.0000000000000000 -26.6423963660953831)
continue (24500.0000000000000000 -26.6562882038698632)
continue (25000.0000000000000000 -26.6698950766991665)
continue (25500.0000000000000000 -26.6832283187635220)
continue (26000.0000000000000000 -26.6962986025677260)
continue (26500.0000000000000000 -26.7091159894253032)
continue (27000.0000000000000000 -26.7216899752195687)
continue (27500.0000000000000000 -26.7340295319620331)
continue (28000.0000000000000000 -26.7461431456029324)
continue (28500.0000000000000000 -26.7580388504921345)
continue (29000.0000000000000000 -26.7697242608403094)
continue (29500.0000000000000000 -26.7812065994882502)
continue (30000.0000000000000000 -26.7924927242560358)
continue (30500.0000000000000000 -26.8035891521122558)
continue (31000.0000000000000000 -26.8145020813761441)
continue (31500.0000000000000000 -26.8252374121416324)
continue (32000.0000000000000000 -26.8358007650914629)
continue (32500.0000000000000000 -26.8461974988512786)
continue (33000.0000000000000000 -26.8564327260174807)
continue (33500.0000000000000000 -26.8665113279787207)
continue (34000.0000000000000000 -26.8764379686382391)
continue (34500.0000000000000000 -26.8862171071334899)
continue (35000.0000000000000000 -26.8958530096396693)
continue (35500.0000000000000000 -26.9053497603351524)
continue (36000.0000000000000000 -26.9147112715992733)
continue (36500.0000000000000000 -26.9239412935060152)
continue (37000.0000000000000000 -26.9330434226711120)
continue (37500.0000000000000000 -26.9420211105047436)
continue (38000.0000000000000000 -26.9508776709170164)
continue (38500.0000000000000000 -26.9596162875193031)
continue (39000.0000000000000000 -26.9682400203603656)
continue (39500.0000000000000000 -26.9767518122329797)
continue (40000.0000000000000000 -26.9851544945834299)
continue (40500.0000000000000000 -26.9934507930535155)
continue (41000.0000000000000000 -27.0016433326821854)
continue (41500.0000000000000000 -27.0097346427914857)
continue (42000.0000000000000000 -27.0177271615796428)
continue (42500.0000000000000000 -27.0256232404420231)
continue (43000.0000000000000000 -27.0334251480390790)
continue (43500.0000000000000000 -27.0411350741288885)
continue (44000.0000000000000000 -27.0487551331804141)
continue (44500.0000000000000000 -27.0562873677823781)
continue (45000.0000000000000000 -27.0637337518614594)
continue (45500.0000000000000000 -27.0710961937224717)
continue (46000.0000000000000000 -27.0783765389221855)
continue (46500.0000000000000000 -27.0855765729876445)
continue (47000.0000000000000000 -27.0926980239889232)
continue (47500.0000000000000000 -27.0997425649755570)
continue (48000.0000000000000000 -27.1067118162853014)
continue (48500.0000000000000000 -27.1136073477330655)
continue (49000.0000000000000000 -27.1204306806874698)
continue (49500.0000000000000000 -27.1271832900418737)
continue (50000.0000000000000000 -27.1338666060861868)
continue (50500.0000000000000000 -27.1404820162854712)
continue (51000.0000000000000000 -27.1470308669707983)
continue (51500.0000000000000000 -27.1535144649475093)
continue (52000.0000000000000000 -27.1599340790256889)
continue (52500.0000000000000000 -27.1662909414773104)
continue (53000.0000000000000000 -27.1725862494242421)
continue (53500.0000000000000000 -27.1788211661609616)
continue (54000.0000000000000000 -27.1849968224157266)
continue (54500.0000000000000000 -27.1911143175534775)
continue (55000.0000000000000000 -27.1971747207238117)
continue (55500.0000000000000000 -27.2031790719568711)
continue (56000.0000000000000000 -27.2091283832100821)
continue (56500.0000000000000000 -27.2150236393682690)
continue (57000.0000000000000000 -27.2208657991996574)
continue (57500.0000000000000000 -27.2266557962700766)
continue (58000.0000000000000000 -27.2323945398175340)
continue (58500.0000000000000000 -27.2380829155891995)
continue (59000.0000000000000000 -27.2437217866427090)
continue (59500.0000000000000000 -27.2493119941136364)
continue (60000.0000000000000000 -27.2548543579507800)
continue (60500.0000000000000000 -27.2603496776209120)
continue (61000.0000000000000000 -27.2657987327844928)
continue (61500.0000000000000000 -27.2712022839437331)
continue (62000.0000000000000000 -27.2765610730644106)
continue (62500.0000000000000000 -27.2818758241726762)
continue (63000.0000000000000000 -27.2871472439280289)
continue (63500.0000000000000000 -27.2923760221736238)
continue (64000.0000000000000000 -27.2975628324649655)
continue (64500.0000000000000000 -27.3027083325779998)
continue (65000.0000000000000000 -27.3078131649975617)
continue (65500.0000000000000000 -27.3128779573870730)
continue (66000.0000000000000000 -27.3179033230403583)
continue (66500.0000000000000000 -27.3228898613163835)
continue (67000.0000000000000000 -27.3278381580576983)
continue (67500.0000000000000000 -27.3327487859932816)
continue (68000.0000000000000000 -27.3376223051265228)
continue (68500.0000000000000000 -27.3424592631089283)
continue (69000.0000000000000000 -27.3472601956002741)
continue (69500.0000000000000000 -27.3520256266156885)
continue (70000.0000000000000000 -27.3567560688602995)
continue (70500.0000000000000000 -27.3614520240519639)
continue (71000.0000000000000000 -27.3661139832325269)
continue (71500.0000000000000000 -27.3707424270682047)
continue (72000.0000000000000000 -27.3753378261394467)
continue (72500.0000000000000000 -27.3799006412207646)
continue (73000.0000000000000000 -27.3844313235509134)
continue (73500.0000000000000000 -27.3889303150938730)
continue (74000.0000000000000000 -27.3933980487909281)
continue (74500.0000000000000000 -27.3978349488042738)
continue (75245.0000000000000000 -50.0000000000000000)
continue (7354000.0000000000000000 -50.0000000000000000)
f(nu) = -20.2359561918575714 at 1.0000000000000000 Ryd
