# Faucher-Giguere 2019 
# z = 4.623413
# E [Ryd] log (J_nu)
interpolate (0.0000000100100000 -50.0000000000000000)
continue (0.0990000000000000 -50.0000000000000000)
continue (0.1000000000000000 -18.9262985068698981)
continue (0.1500000000000000 -19.0116443758222431)
continue (0.2000000000000000 -19.1310928628354340)
continue (0.2500000000000001 -19.3489923968568291)
continue (0.3000000000000000 -19.3657222304493786)
continue (0.3500000000000001 -19.3728483610202744)
continue (0.4000000000000001 -19.3709582694756897)
continue (0.4500000000000001 -19.3813043073457081)
continue (0.5000000000000001 -19.3032168299129019)
continue (0.5500000000000002 -19.2775231027189378)
continue (0.6000000000000002 -19.2472406101331259)
continue (0.6500000000000001 -19.2341448251899401)
continue (0.7000000000000002 -19.2257655714336124)
continue (0.7500000000000002 -19.6113851893854978)
continue (0.8000000000000002 -19.6894262060536072)
continue (0.8500000000000002 -19.8316390073077145)
continue (0.9000000000000002 -20.0132487181706402)
continue (0.9500000000000003 -20.3319981383765089)
continue (1.0100000000000000 -21.6629165200126401)
continue (1.0600000000000001 -21.7292909771920044)
continue (1.1100000000000001 -21.7868313548180836)
continue (1.1600000000000001 -21.8745205611096196)
continue (1.2100000000000002 -21.8491423687946416)
continue (1.2600000000000002 -21.8702841631501634)
continue (1.3100000000000003 -21.9045146301608682)
continue (1.3600000000000003 -21.9227067227550272)
continue (1.4100000000000004 -21.9381715411610330)
continue (1.4600000000000004 -21.9640841880417668)
continue (1.5100000000000005 -21.9470328585971011)
continue (1.5600000000000005 -21.9689424355063991)
continue (1.6100000000000005 -21.9978247453113056)
continue (1.6600000000000006 -22.0241589650910292)
continue (1.7100000000000006 -21.9814084152779117)
continue (1.7600000000000007 -21.9890039975326204)
continue (1.8100000000000007 -22.0279265603994396)
continue (1.8600000000000008 -22.0762523147780492)
continue (1.9100000000000008 -22.0681639840584474)
continue (1.9600000000000009 -22.1117504889596503)
continue (2.0000000000000000 -22.1319670160288098)
continue (2.0099999999999998 -22.1309781514832942)
continue (2.0199999999999996 -22.1233417053464727)
continue (2.0299999999999994 -22.1602052498326785)
continue (2.0399999999999991 -22.1311563868886481)
continue (2.0499999999999989 -22.1665191581021155)
continue (2.0599999999999987 -22.1471567919667649)
continue (2.0699999999999985 -22.1727679489374054)
continue (2.0799999999999983 -22.1389385603436111)
continue (2.0899999999999981 -22.1491790493512504)
continue (2.0999999999999979 -22.1552438070095157)
continue (2.1099999999999977 -22.1503847233133015)
continue (2.1199999999999974 -22.1606782481382503)
continue (2.1299999999999972 -22.1538376957790533)
continue (2.1399999999999970 -22.1709258636432871)
continue (2.1499999999999968 -22.1697314151076554)
continue (2.1599999999999966 -22.1875112509250663)
continue (2.1699999999999964 -22.2109202592484927)
continue (2.1799999999999962 -22.2012082484280349)
continue (2.1899999999999959 -22.2059384287850463)
continue (2.1999999999999957 -22.2084339308888055)
continue (2.2099999999999955 -22.2208053118731002)
continue (2.2199999999999953 -22.2139603841398952)
continue (2.2299999999999951 -22.2536060326852123)
continue (2.2399999999999949 -22.2215785794709078)
continue (2.2499999999999947 -22.2594732641935806)
continue (2.2599999999999945 -22.2357083975694998)
continue (2.2699999999999942 -22.2765317476359286)
continue (2.2799999999999940 -22.2387464431340973)
continue (2.2899999999999938 -22.2919792756154465)
continue (2.2999999999999936 -22.2535313712448897)
continue (2.3099999999999934 -22.3043812903365577)
continue (2.3199999999999932 -22.2630133130192398)
continue (2.3299999999999930 -22.2984954989809872)
continue (2.3399999999999928 -22.2722914370532621)
continue (2.3499999999999925 -22.3201630806235265)
continue (2.3599999999999923 -22.2783035244785026)
continue (2.3699999999999921 -22.3295447117114847)
continue (2.3799999999999919 -22.2874099339936720)
continue (2.3899999999999917 -22.3452134330422147)
continue (2.3999999999999915 -22.2816426168038184)
continue (2.4099999999999913 -22.3429210544938712)
continue (2.4199999999999910 -22.2910805718565506)
continue (2.4299999999999908 -22.3224825068163391)
continue (2.4399999999999906 -22.2945789373225161)
continue (2.4499999999999904 -22.3180937604044018)
continue (2.4599999999999902 -22.2949590421493511)
continue (2.4699999999999900 -22.3122030522212711)
continue (2.4799999999999898 -22.2987412529283908)
continue (2.4899999999999896 -22.3193872133528046)
continue (2.4999999999999893 -22.3073660504276994)
continue (2.5099999999999891 -22.3172135527418334)
continue (2.5199999999999889 -22.3067600814430271)
continue (2.5299999999999887 -22.3097227957714921)
continue (2.5399999999999885 -22.3043108865174489)
continue (2.5499999999999883 -22.3127819910053766)
continue (2.5599999999999881 -22.3123963964426437)
continue (2.5699999999999878 -22.2892766175682873)
continue (2.5799999999999876 -22.3005590788693269)
continue (2.5899999999999874 -22.2732687582314881)
continue (2.5999999999999872 -22.2793930809774459)
continue (2.6099999999999870 -22.2649632329708496)
continue (2.6199999999999868 -22.2830230732498080)
continue (2.6299999999999866 -22.2439057766620643)
continue (2.6399999999999864 -22.2788635760301403)
continue (2.6499999999999861 -22.2483201291461263)
continue (2.6599999999999859 -22.2498004624896311)
continue (2.6699999999999857 -22.2271066575007268)
continue (2.6799999999999855 -22.2403981652582097)
continue (2.6899999999999853 -22.2371912741635462)
continue (2.6999999999999851 -22.2233810975565085)
continue (2.7099999999999849 -22.2382338428810549)
continue (2.7199999999999847 -22.2107922211758222)
continue (2.7299999999999844 -22.2161000686643604)
continue (2.7399999999999842 -22.1896412585318004)
continue (2.7499999999999840 -22.2102423108217906)
continue (2.7599999999999838 -22.1695233098795299)
continue (2.7699999999999836 -22.1850782762379559)
continue (2.7799999999999834 -22.1609047479856542)
continue (2.7899999999999832 -22.1575341156711936)
continue (2.7999999999999829 -22.1790478139293938)
continue (2.8099999999999827 -22.1477777432221927)
continue (2.8199999999999825 -22.1672182033627401)
continue (2.8299999999999823 -22.1419446694723945)
continue (2.8399999999999821 -22.1369347892803425)
continue (2.8499999999999819 -22.1264981419190470)
continue (2.8599999999999817 -22.1206245244472228)
continue (2.8699999999999815 -22.1168834169574779)
continue (2.8799999999999812 -22.0994302862383059)
continue (2.8899999999999810 -22.0910033554010425)
continue (2.8999999999999808 -22.0671121839627737)
continue (2.9099999999999806 -22.0681069151579834)
continue (2.9199999999999804 -22.0663261996741831)
continue (2.9299999999999802 -22.0402045826974202)
continue (2.9399999999999800 -22.0300584630779070)
continue (2.9499999999999797 -22.0146538453684819)
continue (2.9599999999999795 -22.0051024880801904)
continue (2.9699999999999793 -22.0134699380555574)
continue (2.9799999999999791 -21.9827512241616567)
continue (2.9899999999999789 -21.9738997495719026)
continue (2.9999999999999787 -21.9884751320588556)
continue (3.0099999999999785 -22.5795816517360635)
continue (3.0199999999999783 -22.5811350341224113)
continue (3.0299999999999780 -22.5902639966462822)
continue (3.0399999999999778 -22.5693078706888208)
continue (3.0499999999999776 -22.6015841787402358)
continue (3.0599999999999774 -22.6062972445187711)
continue (3.0699999999999772 -22.5926449517401657)
continue (3.0799999999999770 -22.6326630610143518)
continue (3.0899999999999768 -22.6352577505365602)
continue (3.0999999999999766 -22.6232012299494549)
continue (3.1099999999999763 -22.6438084140417573)
continue (3.1199999999999761 -22.6296973787163793)
continue (3.1299999999999759 -22.6257821305499682)
continue (3.1399999999999757 -22.6499908532003360)
continue (3.1499999999999755 -22.6214652282280220)
continue (3.1599999999999753 -22.6416440212866519)
continue (3.1699999999999751 -22.6389858431034590)
continue (3.1799999999999748 -22.6438810775797421)
continue (3.1899999999999746 -22.6703399017182790)
continue (3.1999999999999744 -22.6605470027286557)
continue (3.2099999999999742 -22.6724928543668760)
continue (3.2199999999999740 -22.6973270179640600)
continue (3.2299999999999738 -22.6899758938031226)
continue (3.2399999999999736 -22.7121429898793394)
continue (3.2499999999999734 -22.7376769593992627)
continue (3.2599999999999731 -22.7319149878876701)
continue (3.2699999999999729 -22.7684356042490315)
continue (3.2799999999999727 -22.7846353487974227)
continue (3.2899999999999725 -22.7628626980890196)
continue (3.2999999999999723 -22.7819849424940770)
continue (3.3099999999999721 -22.7940931784426120)
continue (3.3199999999999719 -22.8146984183934336)
continue (3.3299999999999716 -22.8583166690142932)
continue (3.3399999999999714 -22.8791914356884263)
continue (3.3499999999999712 -22.9209034658632120)
continue (3.3599999999999710 -22.9522443503140252)
continue (3.3699999999999708 -22.9438562797577212)
continue (3.3799999999999706 -23.0016798813400349)
continue (3.3899999999999704 -22.9860729508832300)
continue (3.3999999999999702 -22.9900566945672189)
continue (3.4099999999999699 -23.0849359663489722)
continue (3.4199999999999697 -23.0549990350421794)
continue (3.4299999999999695 -23.0220060771788262)
continue (3.4399999999999693 -23.1507995839576495)
continue (3.4499999999999691 -23.1173255400687054)
continue (3.4599999999999689 -23.0703005726196579)
continue (3.4699999999999687 -23.2044739045675037)
continue (3.4799999999999685 -23.2157152536719913)
continue (3.4899999999999682 -23.1818232724206403)
continue (3.4999999999999680 -23.3601457869167035)
continue (3.5099999999999678 -23.3434950272297712)
continue (3.5199999999999676 -23.3908493852489769)
continue (3.5299999999999674 -23.6556059273071853)
continue (3.5399999999999672 -23.5441519767350336)
continue (3.5499999999999670 -23.5879807493408471)
continue (3.5599999999999667 -23.1093561143327690)
continue (3.5699999999999665 -23.1399760007716928)
continue (3.5799999999999663 -23.0533280218262711)
continue (3.5899999999999661 -23.0587040424946323)
continue (3.5999999999999659 -23.2083561895686792)
continue (3.6099999999999657 -23.1665561470649166)
continue (3.6199999999999655 -23.1815141165432088)
continue (3.6299999999999653 -23.3481586044552749)
continue (3.6399999999999650 -23.3033209713266380)
continue (3.6499999999999648 -23.3070691389154554)
continue (3.6599999999999646 -23.4522856797026300)
continue (3.6699999999999644 -23.4458875154029833)
continue (3.6799999999999642 -23.4580521916624569)
continue (3.6899999999999640 -23.6813757198871357)
continue (3.6999999999999638 -23.5981069543663793)
continue (3.7099999999999635 -23.5530763818456279)
continue (3.7199999999999633 -23.8958198176255721)
continue (3.7299999999999631 -23.9421674834977587)
continue (3.7399999999999629 -23.8982122254785416)
continue (3.7499999999999627 -23.7964504373497476)
continue (3.7599999999999625 -23.6069813025428665)
continue (3.7699999999999623 -23.6417544359471705)
continue (3.7799999999999621 -23.5889376725619790)
continue (3.7899999999999618 -23.7318952651923141)
continue (3.7999999999999616 -23.8763623009595740)
continue (3.8099999999999614 -23.9721772031527109)
continue (3.8199999999999612 -23.9998646902478541)
continue (3.8299999999999610 -24.1155300138941513)
continue (3.8399999999999608 -24.1820852007688920)
continue (3.8499999999999606 -23.8500157057748581)
continue (3.8599999999999604 -23.8864872807393063)
continue (3.8699999999999601 -23.9574595307009339)
continue (3.8799999999999599 -24.0748038863065723)
continue (3.8899999999999597 -23.6670236968001895)
continue (3.8999999999999595 -23.6636181440065947)
continue (3.9099999999999593 -23.5361471008829710)
continue (3.9199999999999591 -23.6624369219941464)
continue (3.9299999999999589 -23.7368236952936726)
continue (3.9399999999999586 -23.6380958444993219)
continue (3.9499999999999584 -23.6542431067869785)
continue (3.9599999999999582 -23.8300888609287611)
continue (3.9699999999999580 -23.7803364696636450)
continue (3.9799999999999578 -23.6183899304266021)
continue (3.9899999999999576 -23.8067097436458042)
continue (4.0099999999999998 -24.2939112773028754)
continue (4.5099999999999998 -25.2791293149249938)
continue (5.0099999999999998 -25.4841878488408291)
continue (5.5099999999999998 -25.4718237350311512)
continue (6.0099999999999998 -25.5669920763147616)
continue (6.5099999999999998 -25.5267601630570127)
continue (7.0099999999999998 -25.5528374442063253)
continue (7.5099999999999998 -25.5960367214070104)
continue (8.0099999999999998 -25.6030863918226075)
continue (8.5099999999999998 -25.6064404050191747)
continue (9.0099999999999998 -25.6079562651960622)
continue (9.5099999999999998 -25.6075573516153803)
continue (10.0000000000000000 -25.6051733619803095)
continue (10.0099999999999998 -25.6051145487188556)
continue (15.0000000000000000 -25.5625727447092181)
continue (20.0000000000000000 -25.4738653572605394)
continue (25.0000000000000000 -25.3776111696288851)
continue (30.0000000000000000 -25.3201143784767595)
continue (35.0000000000000000 -25.2907024746778823)
continue (40.0000000000000000 -25.2794674474347296)
continue (45.0000000000000000 -25.2694375668410949)
continue (50.0000000000000000 -25.2537483096376576)
continue (55.0000000000000000 -25.2450748420964253)
continue (60.0000000000000000 -25.2410118935328640)
continue (65.0000000000000000 -25.2399426932866113)
continue (70.0000000000000000 -25.2408268899949100)
continue (75.0000000000000000 -25.2429885717192448)
continue (80.0000000000000000 -25.2459833783300063)
continue (85.0000000000000000 -25.2495156445721349)
continue (90.0000000000000000 -25.2533864554100447)
continue (95.0000000000000000 -25.2574607262089330)
continue (100.0000000000000000 -25.2616460605427768)
continue (110.0000000000000000 -25.2701158157712875)
continue (120.0000000000000000 -25.2784910761078763)
continue (130.0000000000000000 -25.2866311998234217)
continue (140.0000000000000000 -25.2944767847447700)
continue (150.0000000000000000 -25.3020093832421402)
continue (160.0000000000000000 -25.3092311789450513)
continue (170.0000000000000000 -25.3161544537253995)
continue (180.0000000000000000 -25.3227960326741979)
continue (190.0000000000000000 -25.3291743360975588)
continue (200.0000000000000000 -25.3353078287244529)
continue (210.0000000000000000 -25.3412142301225423)
continue (220.0000000000000000 -25.3469101435350410)
continue (230.0000000000000000 -25.3524109146407426)
continue (240.0000000000000000 -25.3577306149896629)
continue (250.0000000000000000 -25.3628820907678403)
continue (260.0000000000000000 -25.3678770433021405)
continue (270.0000000000000000 -25.3727261223776388)
continue (280.0000000000000000 -25.3774390218674526)
continue (290.0000000000000000 -25.3820245720497226)
continue (300.0000000000000000 -25.3864908258094459)
continue (310.0000000000000000 -25.3908451375343382)
continue (320.0000000000000000 -25.3950942344367903)
continue (330.0000000000000000 -25.3992442805275651)
continue (340.0000000000000000 -25.4033009337232478)
continue (350.0000000000000000 -25.4072693966793999)
continue (360.0000000000000000 -25.4111544619744727)
continue (370.0000000000000000 -25.4149605522492621)
continue (380.0000000000000000 -25.4186917558739758)
continue (390.0000000000000000 -25.4223518586592014)
continue (400.0000000000000000 -25.4259443720796092)
continue (410.0000000000000000 -25.4294725584244254)
continue (420.0000000000000000 -25.4329394532422519)
continue (430.0000000000000000 -25.4363478853996163)
continue (440.0000000000000000 -25.4397004950407783)
continue (450.0000000000000000 -25.4429997496905962)
continue (460.0000000000000000 -25.4462479587202921)
continue (470.0000000000000000 -25.4494472863643360)
continue (480.0000000000000000 -25.4525997634520280)
continue (490.0000000000000000 -25.4557072980023520)
continue (500.0000000000000000 -25.4587716848038639)
continue (510.0000000000000000 -25.4617946140952789)
continue (520.0000000000000000 -25.4647776794427436)
continue (530.0000000000000000 -25.4677223848975167)
continue (540.0000000000000000 -25.4706301515139550)
continue (550.0000000000000000 -25.4735023232910684)
continue (560.0000000000000000 -25.4763401725980891)
continue (570.0000000000000000 -25.4791449051352714)
continue (580.0000000000000000 -25.4819176644780825)
continue (590.0000000000000000 -25.4846595362427557)
continue (600.0000000000000000 -25.4873715519131245)
continue (610.0000000000000000 -25.4900546923577025)
continue (620.0000000000000000 -25.4927098910693850)
continue (630.0000000000000000 -25.4953380371507770)
continue (640.0000000000000000 -25.4979399780708498)
continue (650.0000000000000000 -25.5005165222108054)
continue (660.0000000000000000 -25.5030684412207869)
continue (670.0000000000000000 -25.5055964722018835)
continue (680.0000000000000000 -25.5081013197297395)
continue (690.0000000000000000 -25.5105836577326421)
continue (700.0000000000000000 -25.5130441312371516)
continue (710.0000000000000000 -25.5154833579908136)
continue (720.0000000000000000 -25.5179019299743857)
continue (730.0000000000000000 -25.5203004148100838)
continue (740.0000000000000000 -25.5226793570759902)
continue (750.0000000000000000 -25.5250392795324643)
continue (760.0000000000000000 -25.5273806842699962)
continue (770.0000000000000000 -25.5297040537802502)
continue (780.0000000000000000 -25.5320098519621155)
continue (790.0000000000000000 -25.5342985250607661)
continue (800.0000000000000000 -25.5365705025514558)
continue (810.0000000000000000 -25.5388261979665536)
continue (820.0000000000000000 -25.5410660096738873)
continue (830.0000000000000000 -25.5432903216071026)
continue (840.0000000000000000 -25.5454995039538488)
continue (850.0000000000000000 -25.5476939138026218)
continue (860.0000000000000000 -25.5498738957525759)
continue (870.0000000000000000 -25.5520397824880376)
continue (880.0000000000000000 -25.5541918953207556)
continue (890.0000000000000000 -25.5563305447014741)
continue (900.0000000000000000 -25.5584560307032191)
continue (910.0000000000000000 -25.5605686434780779)
continue (920.0000000000000000 -25.5626686636891804)
continue (930.0000000000000000 -25.5647563629190060)
continue (940.0000000000000000 -25.5668320040572894)
continue (950.0000000000000000 -25.5688958416663468)
continue (960.0000000000000000 -25.5709481223299520)
continue (970.0000000000000000 -25.5729890849818737)
continue (980.0000000000000000 -25.5750189612193211)
continue (990.0000000000000000 -25.5770379755996586)
continue (1000.0000000000000000 -25.5790463459228690)
continue (1200.0000000000000000 -25.6172639325910971)
continue (1400.0000000000000000 -25.6525401488172804)
continue (1600.0000000000000000 -25.6856615653695322)
continue (1800.0000000000000000 -25.7171357020260913)
continue (2000.0000000000000000 -25.7473091577561490)
continue (2200.0000000000000000 -25.7764291818963756)
continue (2400.0000000000000000 -25.8046783550887895)
continue (2600.0000000000000000 -25.8321953457375528)
continue (2800.0000000000000000 -25.8590879543909793)
continue (3000.0000000000000000 -25.8854416477491078)
continue (3200.0000000000000000 -25.9113253332290761)
continue (3400.0000000000000000 -25.9367953800214508)
continue (3600.0000000000000000 -25.9618984779144775)
continue (3800.0000000000000000 -25.9866736759515469)
continue (4000.0000000000000000 -26.0111538849164639)
continue (4200.0000000000000000 -26.0353669193397295)
continue (4400.0000000000000000 -26.0593361549190270)
continue (4600.0000000000000000 -26.0830808271380192)
continue (4800.0000000000000000 -26.1066159622171128)
continue (5000.0000000000000000 -26.1299519180234903)
continue (5200.0000000000000000 -26.1530934696622062)
continue (5400.0000000000000000 -26.1760385430789562)
continue (5600.0000000000000000 -26.1987761896210145)
continue (5800.0000000000000000 -26.2212843526764523)
continue (6000.0000000000000000 -26.2435274301318557)
continue (6200.0000000000000000 -26.2654521121695161)
continue (6400.0000000000000000 -26.2869841401922884)
continue (6600.0000000000000000 -26.3080255288866987)
continue (6800.0000000000000000 -26.3284566095998187)
continue (7000.0000000000000000 -26.3482775285645126)
continue (7200.0000000000000000 -26.3675354085039757)
continue (7400.0000000000000000 -26.3862611712885631)
continue (7600.0000000000000000 -26.4044832619326826)
continue (7800.0000000000000000 -26.4222279061662313)
continue (8000.0000000000000000 -26.4395193353746158)
continue (8200.0000000000000000 -26.4563799837506011)
continue (8400.0000000000000000 -26.4728306616714377)
continue (8600.0000000000000000 -26.4888907086677428)
continue (8800.0000000000000000 -26.5045781287934901)
continue (9000.0000000000000000 -26.5199097107759343)
continue (9200.0000000000000000 -26.5349011349551631)
continue (9400.0000000000000000 -26.5495670687115961)
continue (9600.0000000000000000 -26.5639212518459082)
continue (9800.0000000000000000 -26.5779765731488311)
continue (10000.0000000000000000 -26.5917451392308841)
continue (10200.0000000000000000 -26.6052383365331977)
continue (10400.0000000000000000 -26.6184668873129375)
continue (10600.0000000000000000 -26.6314409002945922)
continue (10800.0000000000000000 -26.6441699165814008)
continue (11000.0000000000000000 -26.6566629513551163)
continue (11500.0000000000000000 -26.6869179709343456)
continue (12000.0000000000000000 -26.7158716296644698)
continue (12500.0000000000000000 -26.7436304950539636)
continue (13000.0000000000000000 -26.7702885740402579)
continue (13500.0000000000000000 -26.7959292116533128)
continue (14000.0000000000000000 -26.8206266440266141)
continue (14500.0000000000000000 -26.8444472786122006)
continue (15000.0000000000000000 -26.8674507571516905)
continue (15500.0000000000000000 -26.8896908441838249)
continue (16000.0000000000000000 -26.9112161743560634)
continue (16500.0000000000000000 -26.9320708846379375)
continue (17000.0000000000000000 -26.9522951520670730)
continue (17500.0000000000000000 -26.9719256534784826)
continue (18000.0000000000000000 -26.9909959604115706)
continue (18500.0000000000000000 -27.0095368798637239)
continue (19000.0000000000000000 -27.0275767495610957)
continue (19500.0000000000000000 -27.0451416948433199)
continue (20000.0000000000000000 -27.0622558529973318)
continue (20500.0000000000000000 -27.0789415698659681)
continue (21000.0000000000000000 -27.0952195727457870)
continue (21500.0000000000000000 -27.1111091229217145)
continue (22000.0000000000000000 -27.1266281506519924)
continue (22500.0000000000000000 -27.1417933749707032)
continue (23000.0000000000000000 -27.1566204103112057)
continue (23500.0000000000000000 -27.1711238616534239)
continue (24000.0000000000000000 -27.1853174096454815)
continue (24500.0000000000000000 -27.1992138869404130)
continue (25000.0000000000000000 -27.2128253468147889)
continue (25500.0000000000000000 -27.2261631249863498)
continue (26000.0000000000000000 -27.2392378954235710)
continue (26500.0000000000000000 -27.2520597208346835)
continue (27000.0000000000000000 -27.2646380984331564)
continue (27500.0000000000000000 -27.2769820015004569)
continue (28000.0000000000000000 -27.2890999172000868)
continue (28500.0000000000000000 -27.3009998810420527)
continue (29000.0000000000000000 -27.3126895083473329)
continue (29500.0000000000000000 -27.3241760230201471)
continue (30000.0000000000000000 -27.3354662838997307)
continue (30500.0000000000000000 -27.3465668089321596)
continue (31000.0000000000000000 -27.3574837973750213)
continue (31500.0000000000000000 -27.3682231502233115)
continue (32000.0000000000000000 -27.3787904890258318)
continue (32500.0000000000000000 -27.3891911732410342)
continue (33000.0000000000000000 -27.3994303162667556)
continue (33500.0000000000000000 -27.4095128002633039)
continue (34000.0000000000000000 -27.4194432898772469)
continue (34500.0000000000000000 -27.4292262449626101)
continue (35000.0000000000000000 -27.4388659323855890)
continue (35500.0000000000000000 -27.4483664369914528)
continue (36000.0000000000000000 -27.4577316718032591)
continue (36500.0000000000000000 -27.4669653875168152)
continue (37000.0000000000000000 -27.4760711813487433)
continue (37500.0000000000000000 -27.4850525052901773)
continue (38000.0000000000000000 -27.4939126738131954)
continue (38500.0000000000000000 -27.5026548710729237)
continue (39000.0000000000000000 -27.5112821576445867)
continue (39500.0000000000000000 -27.5197974768307922)
continue (40000.0000000000000000 -27.5282036605718261)
continue (40500.0000000000000000 -27.5365034349883580)
continue (41000.0000000000000000 -27.5446994255836053)
continue (41500.0000000000000000 -27.5527941621300201)
continue (42000.0000000000000000 -27.5607900832628729)
continue (42500.0000000000000000 -27.5686895408018060)
continue (43000.0000000000000000 -27.5764948038192621)
continue (43500.0000000000000000 -27.5842080624735715)
continue (44000.0000000000000000 -27.5918314316225803)
continue (44500.0000000000000000 -27.5993669542330871)
continue (45000.0000000000000000 -27.6068166045993522)
continue (45500.0000000000000000 -27.6141822913837416)
continue (46000.0000000000000000 -27.6214658604909680)
continue (46500.0000000000000000 -27.6286690977866414)
continue (47000.0000000000000000 -27.6357937316704856)
continue (47500.0000000000000000 -27.6428414355130450)
continue (48000.0000000000000000 -27.6498138299647813)
continue (48500.0000000000000000 -27.6567124851452846)
continue (49000.0000000000000000 -27.6635389227201429)
continue (49500.0000000000000000 -27.6702946178722229)
continue (50000.0000000000000000 -27.6769810011737434)
continue (50500.0000000000000000 -27.6835994603651159)
continue (51000.0000000000000000 -27.6901513420460681)
continue (51500.0000000000000000 -27.6966379532840925)
continue (52000.0000000000000000 -27.7030605631451898)
continue (52500.0000000000000000 -27.7094204041511887)
continue (53000.0000000000000000 -27.7157186736679151)
continue (53500.0000000000000000 -27.7219565352281805)
continue (54000.0000000000000000 -27.7281351197930626)
continue (54500.0000000000000000 -27.7342555269550282)
continue (55000.0000000000000000 -27.7403188260860460)
continue (55500.0000000000000000 -27.7463260574336772)
continue (56000.0000000000000000 -27.7522782331679139)
continue (56500.0000000000000000 -27.7581763383814959)
continue (57000.0000000000000000 -27.7640213320459956)
continue (57500.0000000000000000 -27.7698141479262333)
continue (58000.0000000000000000 -27.7755556954549263)
continue (58500.0000000000000000 -27.7812468605698051)
continue (59000.0000000000000000 -27.7868885065150693)
continue (59500.0000000000000000 -27.7924814746089694)
continue (60000.0000000000000000 -27.7980265849791728)
continue (60500.0000000000000000 -27.8035246372676532)
continue (61000.0000000000000000 -27.8089764113065101)
continue (61500.0000000000000000 -27.8143826677661181)
continue (62000.0000000000000000 -27.8197441487770547)
continue (62500.0000000000000000 -27.8250615785269879)
continue (63000.0000000000000000 -27.8303356638337398)
continue (63500.0000000000000000 -27.8355670946957083)
continue (64000.0000000000000000 -27.8407565448206107)
continue (64500.0000000000000000 -27.8459046721336883)
continue (65000.0000000000000000 -27.8510121192661977)
continue (65500.0000000000000000 -27.8560795140252111)
continue (66000.0000000000000000 -27.8611074698455070)
continue (66500.0000000000000000 -27.8660965862243550)
continue (67000.0000000000000000 -27.8710474491400504)
continue (67500.0000000000000000 -27.8759606314548272)
continue (68000.0000000000000000 -27.8808366933028786)
continue (68500.0000000000000000 -27.8856761824641453)
continue (69000.0000000000000000 -27.8904796347245316)
continue (69500.0000000000000000 -27.8952475742230277)
continue (70000.0000000000000000 -27.8999805137864314)
continue (70500.0000000000000000 -27.9046789552521091)
continue (71000.0000000000000000 -27.9093433897793446)
continue (71500.0000000000000000 -27.9139742981497356)
continue (72000.0000000000000000 -27.9185721510571270)
continue (72500.0000000000000000 -27.9231374093874791)
continue (73000.0000000000000000 -27.9276705244890984)
continue (73500.0000000000000000 -27.9321719384336618)
continue (74000.0000000000000000 -27.9366420842683389)
continue (74500.0000000000000000 -27.9410813862594445)
continue (75245.0000000000000000 -50.0000000000000000)
continue (7354000.0000000000000000 -50.0000000000000000)
f(nu) = -20.3474706284237463 at 1.0000000000000000 Ryd
