# Faucher-Giguere 2019 
# z = 0.412538
# E [Ryd] log (J_nu)
interpolate (0.0000000100100000 -50.0000000000000000)
continue (0.0990000000000000 -50.0000000000000000)
continue (0.1000000000000000 -19.5259767353911506)
continue (0.1500000000000000 -19.6783228888848996)
continue (0.2000000000000000 -19.7700724086218429)
continue (0.2500000000000001 -19.8323944187020551)
continue (0.3000000000000000 -19.8631277524879373)
continue (0.3500000000000001 -19.9045037981299480)
continue (0.4000000000000001 -19.9628657067910922)
continue (0.4500000000000001 -20.0367556575219830)
continue (0.5000000000000001 -20.1103650824991291)
continue (0.5500000000000002 -20.2018603162813335)
continue (0.6000000000000002 -20.2980289511172529)
continue (0.6500000000000001 -20.3767764327868477)
continue (0.7000000000000002 -20.4913945107413902)
continue (0.7500000000000002 -20.8006043608378590)
continue (0.8000000000000002 -20.9137324840121401)
continue (0.8500000000000002 -21.0804946760765262)
continue (0.9000000000000002 -21.2163840246922142)
continue (0.9500000000000003 -21.5311447123878246)
continue (1.0100000000000000 -22.1629766133256290)
continue (1.0600000000000001 -22.2007148515781338)
continue (1.1100000000000001 -22.2350832806591150)
continue (1.1600000000000001 -22.2698456305436281)
continue (1.2100000000000002 -22.2991830610459338)
continue (1.2600000000000002 -22.3276227483897927)
continue (1.3100000000000003 -22.3560775671627390)
continue (1.3600000000000003 -22.3838048291957712)
continue (1.4100000000000004 -22.4095203419540141)
continue (1.4600000000000004 -22.4332248090381903)
continue (1.5100000000000005 -22.4592379955071344)
continue (1.5600000000000005 -22.4843407696013102)
continue (1.6100000000000005 -22.5090423439199476)
continue (1.6600000000000006 -22.5332409556571953)
continue (1.7100000000000006 -22.5552941427596494)
continue (1.7600000000000007 -22.5774227068778011)
continue (1.8100000000000007 -22.5992281175277405)
continue (1.8600000000000008 -22.6211530452982181)
continue (1.9100000000000008 -22.6433829326742959)
continue (1.9600000000000009 -22.6656940056514422)
continue (2.0000000000000000 -22.6846168282830440)
continue (2.0099999999999998 -22.6871785465760780)
continue (2.0199999999999996 -22.6922913463840956)
continue (2.0299999999999994 -22.6987634993359251)
continue (2.0399999999999991 -22.7036571677553880)
continue (2.0499999999999989 -22.7068194257289981)
continue (2.0599999999999987 -22.7109039828229911)
continue (2.0699999999999985 -22.7166419423304049)
continue (2.0799999999999983 -22.7225799915091748)
continue (2.0899999999999981 -22.7266153806256241)
continue (2.0999999999999979 -22.7312840518739314)
continue (2.1099999999999977 -22.7358304142594889)
continue (2.1199999999999974 -22.7412749349209875)
continue (2.1299999999999972 -22.7454901810974306)
continue (2.1399999999999970 -22.7505419196085015)
continue (2.1499999999999968 -22.7566274611219548)
continue (2.1599999999999966 -22.7618892798555947)
continue (2.1699999999999964 -22.7652430196681124)
continue (2.1799999999999962 -22.7690802998257205)
continue (2.1899999999999959 -22.7757562778957414)
continue (2.1999999999999957 -22.7824409989961687)
continue (2.2099999999999955 -22.7865296992670565)
continue (2.2199999999999953 -22.7893852061490456)
continue (2.2299999999999951 -22.7960339165637293)
continue (2.2399999999999949 -22.8002446397548617)
continue (2.2499999999999947 -22.8065450170852770)
continue (2.2599999999999945 -22.8110117490863971)
continue (2.2699999999999942 -22.8158523233986301)
continue (2.2799999999999940 -22.8205000978425865)
continue (2.2899999999999938 -22.8269893730040003)
continue (2.2999999999999936 -22.8317234749716640)
continue (2.3099999999999934 -22.8354464038784286)
continue (2.3199999999999932 -22.8430811758029648)
continue (2.3299999999999930 -22.8478034517156772)
continue (2.3399999999999928 -22.8534636117026686)
continue (2.3499999999999925 -22.8569268923943518)
continue (2.3599999999999923 -22.8606558033497969)
continue (2.3699999999999921 -22.8680124252918660)
continue (2.3799999999999919 -22.8738190843946398)
continue (2.3899999999999917 -22.8798075120989104)
continue (2.3999999999999915 -22.8847311115221146)
continue (2.4099999999999913 -22.8871215727917594)
continue (2.4199999999999910 -22.8934917609707647)
continue (2.4299999999999908 -22.8997265822056164)
continue (2.4399999999999906 -22.9056845718979716)
continue (2.4499999999999904 -22.9107096259663194)
continue (2.4599999999999902 -22.9144434929743639)
continue (2.4699999999999900 -22.9226166846113948)
continue (2.4799999999999898 -22.9252018945282607)
continue (2.4899999999999896 -22.9324227330858399)
continue (2.4999999999999893 -22.9369610351725086)
continue (2.5099999999999891 -22.9415313631657014)
continue (2.5199999999999889 -22.9460246824090994)
continue (2.5299999999999887 -22.9535513923014349)
continue (2.5399999999999885 -22.9591965238299842)
continue (2.5499999999999883 -22.9649977945384194)
continue (2.5599999999999881 -22.9680952208998974)
continue (2.5699999999999878 -22.9728320681529681)
continue (2.5799999999999876 -22.9775627388193158)
continue (2.5899999999999874 -22.9852226237487578)
continue (2.5999999999999872 -22.9906231662691667)
continue (2.6099999999999870 -22.9973858546490639)
continue (2.6199999999999868 -23.0019636898984885)
continue (2.6299999999999866 -23.0044282009798700)
continue (2.6399999999999864 -23.0092046004242512)
continue (2.6499999999999861 -23.0171611569637946)
continue (2.6599999999999859 -23.0210677714443044)
continue (2.6699999999999857 -23.0292374326950267)
continue (2.6799999999999855 -23.0339540910883684)
continue (2.6899999999999853 -23.0389675013826611)
continue (2.6999999999999851 -23.0428813595634523)
continue (2.7099999999999849 -23.0502950435880400)
continue (2.7199999999999847 -23.0538720057908328)
continue (2.7299999999999844 -23.0596156648320871)
continue (2.7399999999999842 -23.0662060020935478)
continue (2.7499999999999840 -23.0706883066485560)
continue (2.7599999999999838 -23.0750406849000917)
continue (2.7699999999999836 -23.0798191387345462)
continue (2.7799999999999834 -23.0878113098113147)
continue (2.7899999999999832 -23.0925192639371346)
continue (2.7999999999999829 -23.0969957054557753)
continue (2.8099999999999827 -23.1023039434686162)
continue (2.8199999999999825 -23.1068678729153447)
continue (2.8299999999999823 -23.1116480716820334)
continue (2.8399999999999821 -23.1163830149914027)
continue (2.8499999999999819 -23.1251086864497601)
continue (2.8599999999999817 -23.1305515728328288)
continue (2.8699999999999815 -23.1358472268276110)
continue (2.8799999999999812 -23.1409149589116261)
continue (2.8899999999999810 -23.1463610370336816)
continue (2.8999999999999808 -23.1498415876357946)
continue (2.9099999999999806 -23.1550161643230084)
continue (2.9199999999999804 -23.1605406132630804)
continue (2.9299999999999802 -23.1656013723410830)
continue (2.9399999999999800 -23.1706537036283926)
continue (2.9499999999999797 -23.1761074326166714)
continue (2.9599999999999795 -23.1812991527023478)
continue (2.9699999999999793 -23.1863699085769461)
continue (2.9799999999999791 -23.1916544085402840)
continue (2.9899999999999789 -23.1968304236835010)
continue (2.9999999999999787 -23.2020403703695912)
continue (3.0099999999999785 -23.3380207004783458)
continue (3.0199999999999783 -23.3425655860102879)
continue (3.0299999999999780 -23.3475509497192633)
continue (3.0399999999999778 -23.3522762184013963)
continue (3.0499999999999776 -23.3568012238552605)
continue (3.0599999999999774 -23.3617191826766373)
continue (3.0699999999999772 -23.3660234068808883)
continue (3.0799999999999770 -23.3713712013985031)
continue (3.0899999999999768 -23.3756134506340558)
continue (3.0999999999999766 -23.3806865127984480)
continue (3.1099999999999763 -23.3846998511256778)
continue (3.1199999999999761 -23.3898915402494367)
continue (3.1299999999999759 -23.3938119308997372)
continue (3.1399999999999757 -23.3988661667710609)
continue (3.1499999999999755 -23.4029581231489949)
continue (3.1599999999999753 -23.4078290329409349)
continue (3.1699999999999751 -23.4121448137234651)
continue (3.1799999999999748 -23.4168326668348428)
continue (3.1899999999999746 -23.4212471927865771)
continue (3.1999999999999744 -23.4258362000516840)
continue (3.2099999999999742 -23.4298776622923484)
continue (3.2199999999999740 -23.4346247599035209)
continue (3.2299999999999738 -23.4388280510842719)
continue (3.2399999999999736 -23.4434922239536476)
continue (3.2499999999999734 -23.4477406981409366)
continue (3.2599999999999731 -23.4522699125544918)
continue (3.2699999999999729 -23.4566084544245825)
continue (3.2799999999999727 -23.4609822364709331)
continue (3.2899999999999725 -23.4651750416199789)
continue (3.2999999999999723 -23.4696240571853281)
continue (3.3099999999999721 -23.4736267264261720)
continue (3.3199999999999719 -23.4782335137182017)
continue (3.3299999999999716 -23.4821803813829142)
continue (3.3399999999999714 -23.4867946796569349)
continue (3.3499999999999712 -23.4906915200693653)
continue (3.3599999999999710 -23.4950878582628597)
continue (3.3699999999999708 -23.4990700599391715)
continue (3.3799999999999706 -23.5031375507012150)
continue (3.3899999999999704 -23.5072468553857377)
continue (3.3999999999999702 -23.5111478704776466)
continue (3.4099999999999699 -23.5152278650590318)
continue (3.4199999999999697 -23.5190092654686680)
continue (3.4299999999999695 -23.5228980482689174)
continue (3.4399999999999693 -23.5268846875134372)
continue (3.4499999999999691 -23.5302656351034649)
continue (3.4599999999999689 -23.5345890262353912)
continue (3.4699999999999687 -23.5375950926896103)
continue (3.4799999999999685 -23.5420036837527853)
continue (3.4899999999999682 -23.5449201056684529)
continue (3.4999999999999680 -23.5507607239926706)
continue (3.5099999999999678 -23.5521951322189054)
continue (3.5199999999999676 -23.5579479653206576)
continue (3.5299999999999674 -23.5588792054602862)
continue (3.5399999999999672 -23.5649492141900438)
continue (3.5499999999999670 -23.5687232485490803)
continue (3.5599999999999667 -23.5634382145422272)
continue (3.5699999999999665 -23.5671571423201272)
continue (3.5799999999999663 -23.5697534083345417)
continue (3.5899999999999661 -23.5734797208301678)
continue (3.5999999999999659 -23.5758961991285645)
continue (3.6099999999999657 -23.5824289377127485)
continue (3.6199999999999655 -23.5816564183715798)
continue (3.6299999999999653 -23.5884183179533196)
continue (3.6399999999999650 -23.5920217227281412)
continue (3.6499999999999648 -23.5939508762473409)
continue (3.6599999999999646 -23.6005850147874128)
continue (3.6699999999999644 -23.5992024226790917)
continue (3.6799999999999642 -23.6059465508364639)
continue (3.6899999999999640 -23.6040107357577682)
continue (3.6999999999999638 -23.6109690610311702)
continue (3.7099999999999635 -23.6142169123103329)
continue (3.7199999999999633 -23.6155735558632927)
continue (3.7299999999999631 -23.6224823915516140)
continue (3.7399999999999629 -23.6196189611850507)
continue (3.7499999999999627 -23.6268598113302986)
continue (3.7599999999999625 -23.6253110641319104)
continue (3.7699999999999623 -23.6263102121631405)
continue (3.7799999999999621 -23.6334182008045275)
continue (3.7899999999999618 -23.6293119692394491)
continue (3.7999999999999616 -23.6371500520795088)
continue (3.8099999999999614 -23.6396424414614081)
continue (3.8199999999999612 -23.6398861375286202)
continue (3.8299999999999610 -23.6475720812976355)
continue (3.8399999999999608 -23.6419096004223661)
continue (3.8499999999999606 -23.6472893657689340)
continue (3.8599999999999604 -23.6548630197062195)
continue (3.8699999999999601 -23.6488929468680062)
continue (3.8799999999999599 -23.6572179894264387)
continue (3.8899999999999597 -23.6572162388718645)
continue (3.8999999999999595 -23.6564608857454708)
continue (3.9099999999999593 -23.6647206411116073)
continue (3.9199999999999591 -23.6568042717597642)
continue (3.9299999999999589 -23.6656319906163972)
continue (3.9399999999999586 -23.6738994768801660)
continue (3.9499999999999584 -23.6654256323497698)
continue (3.9599999999999582 -23.6743798239961301)
continue (3.9699999999999580 -23.6826824376127441)
continue (3.9799999999999578 -23.6738152074591035)
continue (3.9899999999999576 -23.6828964675198392)
continue (4.0099999999999998 -23.6820712299104237)
continue (4.5099999999999998 -23.8450146458444188)
continue (5.0099999999999998 -23.8989255890770451)
continue (5.5099999999999998 -23.9489946992202256)
continue (6.0099999999999998 -23.9967467047971823)
continue (6.5099999999999998 -24.0419050883664127)
continue (7.0099999999999998 -24.0845692661784661)
continue (7.5099999999999998 -24.1247729823665402)
continue (8.0099999999999998 -24.1625373107220796)
continue (8.5099999999999998 -24.1979087904676682)
continue (9.0099999999999998 -24.2308291437790757)
continue (9.5099999999999998 -24.2612404901284791)
continue (10.0000000000000000 -24.2885689544463474)
continue (10.0099999999999998 -24.2890995552140652)
continue (15.0000000000000000 -24.4526413523356183)
continue (20.0000000000000000 -24.5246471677507110)
continue (25.0000000000000000 -24.5749931955145655)
continue (30.0000000000000000 -24.6087346040990802)
continue (35.0000000000000000 -24.6310016564546181)
continue (40.0000000000000000 -24.6470291726678958)
continue (45.0000000000000000 -24.6598190066877372)
continue (50.0000000000000000 -24.6709507961848438)
continue (55.0000000000000000 -24.6812540426204592)
continue (60.0000000000000000 -24.6908324811799638)
continue (65.0000000000000000 -24.6997738035152992)
continue (70.0000000000000000 -24.7081553348710834)
continue (75.0000000000000000 -24.7160436091262419)
continue (80.0000000000000000 -24.7234953725389595)
continue (85.0000000000000000 -24.7305589506718206)
continue (90.0000000000000000 -24.7372755844252517)
continue (95.0000000000000000 -24.7436806061969214)
continue (100.0000000000000000 -24.7498044308474547)
continue (110.0000000000000000 -24.7613103243622312)
continue (120.0000000000000000 -24.7719658441246331)
continue (130.0000000000000000 -24.7819040228336895)
continue (140.0000000000000000 -24.7912293221702065)
continue (150.0000000000000000 -24.8000251432779635)
continue (160.0000000000000000 -24.8083590659607012)
continue (170.0000000000000000 -24.8162865761100448)
continue (180.0000000000000000 -24.8238537680184876)
continue (190.0000000000000000 -24.8310993381713985)
continue (200.0000000000000000 -24.8380560802105315)
continue (210.0000000000000000 -24.8447520225446965)
continue (220.0000000000000000 -24.8512113057877002)
continue (230.0000000000000000 -24.8574548679264815)
continue (240.0000000000000000 -24.8635009854293685)
continue (250.0000000000000000 -24.8693657050367669)
continue (260.0000000000000000 -24.8750631916204874)
continue (270.0000000000000000 -24.8806060109011220)
continue (280.0000000000000000 -24.8860053610973964)
continue (290.0000000000000000 -24.8912712641669707)
continue (300.0000000000000000 -24.8964127247959581)
continue (310.0000000000000000 -24.9014378634398064)
continue (320.0000000000000000 -24.9063540283293108)
continue (330.0000000000000000 -24.9111678903049985)
continue (340.0000000000000000 -24.9158855235410250)
continue (350.0000000000000000 -24.9205124746026705)
continue (360.0000000000000000 -24.9250538218016828)
continue (370.0000000000000000 -24.9295142264389824)
continue (380.0000000000000000 -24.9338979772290799)
continue (390.0000000000000000 -24.9382090289655167)
continue (400.0000000000000000 -24.9424510363002163)
continue (410.0000000000000000 -24.9466273833589298)
continue (420.0000000000000000 -24.9507412097933390)
continue (430.0000000000000000 -24.9547954337722437)
continue (440.0000000000000000 -24.9587927723330765)
continue (450.0000000000000000 -24.9627357594490675)
continue (460.0000000000000000 -24.9666267621130871)
continue (470.0000000000000000 -24.9704679946934966)
continue (480.0000000000000000 -24.9742615317801331)
continue (490.0000000000000000 -24.9780093197069597)
continue (500.0000000000000000 -24.9817131869115912)
continue (510.0000000000000000 -24.9853748532699065)
continue (520.0000000000000000 -24.9889959385247877)
continue (530.0000000000000000 -24.9925779699126700)
continue (540.0000000000000000 -24.9961223890776232)
continue (550.0000000000000000 -24.9996305583515657)
continue (560.0000000000000000 -25.0031037664686728)
continue (570.0000000000000000 -25.0065432337746358)
continue (580.0000000000000000 -25.0099501169827896)
continue (590.0000000000000000 -25.0133255135241512)
continue (600.0000000000000000 -25.0166704655318632)
continue (610.0000000000000000 -25.0199859634964774)
continue (620.0000000000000000 -25.0232729496242321)
continue (630.0000000000000000 -25.0265323209266271)
continue (640.0000000000000000 -25.0297649320668647)
continue (650.0000000000000000 -25.0329715979856608)
continue (660.0000000000000000 -25.0361530963267001)
continue (670.0000000000000000 -25.0393101696796130)
continue (680.0000000000000000 -25.0424435276570918)
continue (690.0000000000000000 -25.0455538488202336)
continue (700.0000000000000000 -25.0486417824653742)
continue (710.0000000000000000 -25.0517079502844027)
continue (720.0000000000000000 -25.0547529479087956)
continue (730.0000000000000000 -25.0577773463472688)
continue (740.0000000000000000 -25.0607816933256657)
continue (750.0000000000000000 -25.0637665145368587)
continue (760.0000000000000000 -25.0667323148079539)
continue (770.0000000000000000 -25.0696795791911704)
continue (780.0000000000000000 -25.0726087739843777)
continue (790.0000000000000000 -25.0755203476866342)
continue (800.0000000000000000 -25.0784147318936199)
continue (810.0000000000000000 -25.0812923421374414)
continue (820.0000000000000000 -25.0841535786750072)
continue (830.0000000000000000 -25.0869988272284701)
continue (840.0000000000000000 -25.0898284596815060)
continue (850.0000000000000000 -25.0926428347343133)
continue (860.0000000000000000 -25.0954422985201759)
continue (870.0000000000000000 -25.0982271851861682)
continue (880.0000000000000000 -25.1009978174408168)
continue (890.0000000000000000 -25.1037545070716703)
continue (900.0000000000000000 -25.1064975554332506)
continue (910.0000000000000000 -25.1092272539078536)
continue (920.0000000000000000 -25.1119438843415459)
continue (930.0000000000000000 -25.1146477194563182)
continue (940.0000000000000000 -25.1173390232403690)
continue (950.0000000000000000 -25.1200180513174729)
continue (960.0000000000000000 -25.1226850512974487)
continue (970.0000000000000000 -25.1253402631080185)
continue (980.0000000000000000 -25.1279839193097985)
continue (990.0000000000000000 -25.1306162453953590)
continue (1000.0000000000000000 -25.1332374600730972)
continue (1200.0000000000000000 -25.1836150062929320)
continue (1400.0000000000000000 -25.2308699414121484)
continue (1600.0000000000000000 -25.2757915940058489)
continue (1800.0000000000000000 -25.3188856935956039)
continue (2000.0000000000000000 -25.3604896515773035)
continue (2200.0000000000000000 -25.4008317221903930)
continue (2400.0000000000000000 -25.4400646546057239)
continue (2600.0000000000000000 -25.4782869695677512)
continue (2800.0000000000000000 -25.5155578255541933)
continue (3000.0000000000000000 -25.5519080634807096)
continue (3200.0000000000000000 -25.5873488307867305)
continue (3400.0000000000000000 -25.6218786967691052)
continue (3600.0000000000000000 -25.6554898388822075)
continue (3800.0000000000000000 -25.6881719060744054)
continue (4000.0000000000000000 -25.7199168535961888)
continue (4200.0000000000000000 -25.7507197780797839)
continue (4400.0000000000000000 -25.7805823289812501)
continue (4600.0000000000000000 -25.8095130273019286)
continue (4800.0000000000000000 -25.8375248271914266)
continue (5000.0000000000000000 -25.8646383275993905)
continue (5200.0000000000000000 -25.8908782937453203)
continue (5400.0000000000000000 -25.9162714700000691)
continue (5600.0000000000000000 -25.9408476329789472)
continue (5800.0000000000000000 -25.9646392530531891)
continue (6000.0000000000000000 -25.9876781370119474)
continue (6200.0000000000000000 -26.0099962448269473)
continue (6400.0000000000000000 -26.0316252754787882)
continue (6600.0000000000000000 -26.0525962833960669)
continue (6800.0000000000000000 -26.0729393560779812)
continue (7000.0000000000000000 -26.0926850994080297)
continue (7200.0000000000000000 -26.1118689071887466)
continue (7400.0000000000000000 -26.1305216567934480)
continue (7600.0000000000000000 -26.1486717516769325)
continue (7800.0000000000000000 -26.1663453786802904)
continue (8000.0000000000000000 -26.1835667327370025)
continue (8200.0000000000000000 -26.2003582138136508)
continue (8400.0000000000000000 -26.2167406001024865)
continue (8600.0000000000000000 -26.2327332008211229)
continue (8800.0000000000000000 -26.2483539914341755)
continue (9000.0000000000000000 -26.2636197336687580)
continue (9200.0000000000000000 -26.2785460823303758)
continue (9400.0000000000000000 -26.2931476806237470)
continue (9600.0000000000000000 -26.3074382454314488)
continue (9800.0000000000000000 -26.3214306437937360)
continue (10000.0000000000000000 -26.3351369616566799)
continue (10200.0000000000000000 -26.3485685658079873)
continue (10400.0000000000000000 -26.3617361597946207)
continue (10600.0000000000000000 -26.3746498345105920)
continue (10800.0000000000000000 -26.3873191140529535)
continue (11000.0000000000000000 -26.3997529973674112)
continue (11500.0000000000000000 -26.4298625987740401)
continue (12000.0000000000000000 -26.4586741775876710)
continue (12500.0000000000000000 -26.4862940994526248)
continue (13000.0000000000000000 -26.5128161891219953)
continue (13500.0000000000000000 -26.5383236265248108)
continue (14000.0000000000000000 -26.5628904976066700)
continue (14500.0000000000000000 -26.5865830727183763)
continue (15000.0000000000000000 -26.6094608680366633)
continue (15500.0000000000000000 -26.6315775327516207)
continue (16000.0000000000000000 -26.6529815952477591)
continue (16500.0000000000000000 -26.6737170943409332)
continue (17000.0000000000000000 -26.6938241161816023)
continue (17500.0000000000000000 -26.7133392532485772)
continue (18000.0000000000000000 -26.7322959986155091)
continue (18500.0000000000000000 -26.7507250861416885)
continue (19000.0000000000000000 -26.7686547852484651)
continue (19500.0000000000000000 -26.7861111573663031)
continue (20000.0000000000000000 -26.8031182798807279)
continue (20500.0000000000000000 -26.8196984423970406)
continue (21000.0000000000000000 -26.8358723193300790)
continue (21500.0000000000000000 -26.8516591221646586)
continue (22000.0000000000000000 -26.8670767341937022)
continue (22500.0000000000000000 -26.8821418300988277)
continue (23000.0000000000000000 -26.8968699823743300)
continue (23500.0000000000000000 -26.9112757562937901)
continue (24000.0000000000000000 -26.9253727948680144)
continue (24500.0000000000000000 -26.9391738950337434)
continue (25000.0000000000000000 -26.9526910761370999)
continue (25500.0000000000000000 -26.9659356416281319)
continue (26000.0000000000000000 -26.9789182347582539)
continue (26500.0000000000000000 -26.9916488889665445)
continue (27000.0000000000000000 -27.0041370735512274)
continue (27500.0000000000000000 -27.0163917351458380)
continue (28000.0000000000000000 -27.0284213354541443)
continue (28500.0000000000000000 -27.0402338856414453)
continue (29000.0000000000000000 -27.0518369777315399)
continue (29500.0000000000000000 -27.0632378133168103)
continue (30000.0000000000000000 -27.0744432298525410)
continue (30500.0000000000000000 -27.0854597247754079)
continue (31000.0000000000000000 -27.0962934776585413)
continue (31500.0000000000000000 -27.1069503705919210)
continue (32000.0000000000000000 -27.1174360069558524)
continue (32500.0000000000000000 -27.1277557287372773)
continue (33000.0000000000000000 -27.1379146325224454)
continue (33500.0000000000000000 -27.1479175842855476)
continue (34000.0000000000000000 -27.1577692330804048)
continue (34500.0000000000000000 -27.1674740237314651)
continue (35000.0000000000000000 -27.1770362086104775)
continue (35500.0000000000000000 -27.1864598585768604)
continue (36000.0000000000000000 -27.1957488731519277)
continue (36500.0000000000000000 -27.2049069899905014)
continue (37000.0000000000000000 -27.2139377937072808)
continue (37500.0000000000000000 -27.2228447241100362)
continue (38000.0000000000000000 -27.2316310838867714)
continue (38500.0000000000000000 -27.2403000457897697)
continue (39000.0000000000000000 -27.2488546593554766)
continue (39500.0000000000000000 -27.2572978571957734)
continue (40000.0000000000000000 -27.2656324608929914)
continue (40500.0000000000000000 -27.2738611865282543)
continue (41000.0000000000000000 -27.2819866498701806)
continue (41500.0000000000000000 -27.2900113712486281)
continue (42000.0000000000000000 -27.2979377801361878)
continue (42500.0000000000000000 -27.3057682194582085)
continue (43000.0000000000000000 -27.3135049496503477)
continue (43500.0000000000000000 -27.3211501524812803)
continue (44000.0000000000000000 -27.3287059346566075)
continue (44500.0000000000000000 -27.3361743312188672)
continue (45000.0000000000000000 -27.3435573087573047)
continue (45500.0000000000000000 -27.3508567684400354)
continue (46000.0000000000000000 -27.3580745488802606)
continue (46500.0000000000000000 -27.3652124288473360)
continue (47000.0000000000000000 -27.3722721298326022)
continue (47500.0000000000000000 -27.3792553184792737)
continue (48000.0000000000000000 -27.3861636088849032)
continue (48500.0000000000000000 -27.3929985647843495)
continue (49000.0000000000000000 -27.3997617016206441)
continue (49500.0000000000000000 -27.4064544885105370)
continue (50000.0000000000000000 -27.4130783501111459)
continue (50500.0000000000000000 -27.4196346683935772)
continue (51000.0000000000000000 -27.4261247843290299)
continue (51500.0000000000000000 -27.4325499994925117)
continue (52000.0000000000000000 -27.4389115775889856)
continue (52500.0000000000000000 -27.4452107459063264)
continue (53000.0000000000000000 -27.4514486966993658)
continue (53500.0000000000000000 -27.4576265885087878)
continue (54000.0000000000000000 -27.4637455474186254)
continue (54500.0000000000000000 -27.4698066682556714)
continue (55000.0000000000000000 -27.4758110157340951)
continue (55500.0000000000000000 -27.4817596255480900)
continue (56000.0000000000000000 -27.4876535054155049)
continue (56500.0000000000000000 -27.4934936360750086)
continue (57000.0000000000000000 -27.4992809722392195)
continue (57500.0000000000000000 -27.5050164435061681)
continue (58000.0000000000000000 -27.5107009552312256)
continue (58500.0000000000000000 -27.5163353893615543)
continue (59000.0000000000000000 -27.5219206052349676)
continue (59500.0000000000000000 -27.5274574403450458)
continue (60000.0000000000000000 -27.5329467110741781)
continue (60500.0000000000000000 -27.5383892133961190)
continue (61000.0000000000000000 -27.5437857235496004)
continue (61500.0000000000000000 -27.5491369986843928)
continue (62000.0000000000000000 -27.5544437774811612)
continue (62500.0000000000000000 -27.5597067807463851)
continue (63000.0000000000000000 -27.5649267119835315)
continue (63500.0000000000000000 -27.5701042579416260)
continue (64000.0000000000000000 -27.5752400891422411)
continue (64500.0000000000000000 -27.5803348603859781)
continue (65000.0000000000000000 -27.5853892112393204)
continue (65500.0000000000000000 -27.5904037665028383)
continue (66000.0000000000000000 -27.5953791366615313)
continue (66500.0000000000000000 -27.6003159183181452)
continue (67000.0000000000000000 -27.6052146946102468)
continue (67500.0000000000000000 -27.6100760356117618)
continue (68000.0000000000000000 -27.6149004987196314)
continue (68500.0000000000000000 -27.6196886290263528)
continue (69000.0000000000000000 -27.6244409596788749)
continue (69500.0000000000000000 -27.6291580122245364)
continue (70000.0000000000000000 -27.6338402969446086)
continue (70500.0000000000000000 -27.6384883131759196)
continue (71000.0000000000000000 -27.6431025496210729)
continue (71500.0000000000000000 -27.6476834846478070)
continue (72000.0000000000000000 -27.6522315865778729)
continue (72500.0000000000000000 -27.6567473139659015)
continue (73000.0000000000000000 -27.6612311158686772)
continue (73500.0000000000000000 -27.6656834321051797)
continue (74000.0000000000000000 -27.6701046935078381)
continue (74500.0000000000000000 -27.6744953221652636)
continue (75245.0000000000000000 -50.0000000000000000)
continue (7354000.0000000000000000 -50.0000000000000000)
f(nu) = -20.9611122047169509 at 1.0000000000000000 Ryd
