# Faucher-Giguere 2019 
# z = 4.011872
# E [Ryd] log (J_nu)
interpolate (0.0000000100100000 -50.0000000000000000)
continue (0.0990000000000000 -50.0000000000000000)
continue (0.1000000000000000 -18.8373673273699715)
continue (0.1500000000000000 -18.9290123795440373)
continue (0.2000000000000000 -19.0712864842470786)
continue (0.2500000000000001 -19.2560616495984078)
continue (0.3000000000000000 -19.2730407379821180)
continue (0.3500000000000001 -19.2823660291436418)
continue (0.4000000000000001 -19.2790262526611151)
continue (0.4500000000000001 -19.2365483028861988)
continue (0.5000000000000001 -19.2230264207671517)
continue (0.5500000000000002 -19.2080887512344347)
continue (0.6000000000000002 -19.1965666638881913)
continue (0.6500000000000001 -19.1979902622068792)
continue (0.7000000000000002 -19.1971367873075671)
continue (0.7500000000000002 -19.5522979803426118)
continue (0.8000000000000002 -19.6393676213128572)
continue (0.8500000000000002 -19.7721040840538755)
continue (0.9000000000000002 -19.9606912913016785)
continue (0.9500000000000003 -20.3552604601874840)
continue (1.0100000000000000 -21.5923243978709607)
continue (1.0600000000000001 -21.6565371771253261)
continue (1.1100000000000001 -21.6960410379132398)
continue (1.1600000000000001 -21.7799632794335665)
continue (1.2100000000000002 -21.7620057983873956)
continue (1.2600000000000002 -21.7871105635132238)
continue (1.3100000000000003 -21.8097680261052105)
continue (1.3600000000000003 -21.8296927797381173)
continue (1.4100000000000004 -21.8608332241547743)
continue (1.4600000000000004 -21.8811492046200016)
continue (1.5100000000000005 -21.8545161088398245)
continue (1.5600000000000005 -21.8884261979419179)
continue (1.6100000000000005 -21.9087121322571328)
continue (1.6600000000000006 -21.9314399740298818)
continue (1.7100000000000006 -21.9065210715306335)
continue (1.7600000000000007 -21.9257983386480682)
continue (1.8100000000000007 -21.9590015209401663)
continue (1.8600000000000008 -22.0146172641524238)
continue (1.9100000000000008 -21.9971977280187190)
continue (1.9600000000000009 -22.0381839837065208)
continue (2.0000000000000000 -22.0450013071462045)
continue (2.0099999999999998 -22.0800409983713593)
continue (2.0199999999999996 -22.0444703676350251)
continue (2.0299999999999994 -22.1014372132053794)
continue (2.0399999999999991 -22.0511750461852358)
continue (2.0499999999999989 -22.0997113918296790)
continue (2.0599999999999987 -22.0626225706694363)
continue (2.0699999999999985 -22.0997179780182407)
continue (2.0799999999999983 -22.0697052510446952)
continue (2.0899999999999981 -22.0860256061784241)
continue (2.0999999999999979 -22.0881265432033160)
continue (2.1099999999999977 -22.0927038523104784)
continue (2.1199999999999974 -22.0969805279725016)
continue (2.1299999999999972 -22.0990319168579816)
continue (2.1399999999999970 -22.1102402700438319)
continue (2.1499999999999968 -22.1195550389247302)
continue (2.1599999999999966 -22.1228233029287509)
continue (2.1699999999999964 -22.1553557429457371)
continue (2.1799999999999962 -22.1312246022890093)
continue (2.1899999999999959 -22.1446680874255364)
continue (2.1999999999999957 -22.1384046984758456)
continue (2.2099999999999955 -22.1480558457197638)
continue (2.2199999999999953 -22.1460630111642871)
continue (2.2299999999999951 -22.1748589743277158)
continue (2.2399999999999949 -22.1571974425485081)
continue (2.2499999999999947 -22.1842029090665314)
continue (2.2599999999999945 -22.1679992053504193)
continue (2.2699999999999942 -22.1970458623823745)
continue (2.2799999999999940 -22.1775878672559408)
continue (2.2899999999999938 -22.2198920279200500)
continue (2.2999999999999936 -22.1981944687457400)
continue (2.3099999999999934 -22.2162215585655858)
continue (2.3199999999999932 -22.2195542253765694)
continue (2.3299999999999930 -22.1982348994289467)
continue (2.3399999999999928 -22.2353122978478162)
continue (2.3499999999999925 -22.2034683386723124)
continue (2.3599999999999923 -22.2352240821768916)
continue (2.3699999999999921 -22.2204923971446391)
continue (2.3799999999999919 -22.2294842450636452)
continue (2.3899999999999917 -22.2440068797821979)
continue (2.3999999999999915 -22.2039200765200349)
continue (2.4099999999999913 -22.2453754984896257)
continue (2.4199999999999910 -22.2136789338010487)
continue (2.4299999999999908 -22.2248864586355452)
continue (2.4399999999999906 -22.2140955474531943)
continue (2.4499999999999904 -22.2115881366662578)
continue (2.4599999999999902 -22.2136799990380531)
continue (2.4699999999999900 -22.2112298024027872)
continue (2.4799999999999898 -22.2299461746637199)
continue (2.4899999999999896 -22.2239866640556336)
continue (2.4999999999999893 -22.2333460701346723)
continue (2.5099999999999891 -22.2239372721152186)
continue (2.5199999999999889 -22.2179351548808022)
continue (2.5299999999999887 -22.2140823936715996)
continue (2.5399999999999885 -22.2156659820933946)
continue (2.5499999999999883 -22.2151668067041825)
continue (2.5599999999999881 -22.2252495801521128)
continue (2.5699999999999878 -22.1904088253188938)
continue (2.5799999999999876 -22.2035863324089391)
continue (2.5899999999999874 -22.1980644294897971)
continue (2.5999999999999872 -22.1746988873003623)
continue (2.6099999999999870 -22.2006914554892454)
continue (2.6199999999999868 -22.1740279343116384)
continue (2.6299999999999866 -22.1667652923900675)
continue (2.6399999999999864 -22.1796659110673708)
continue (2.6499999999999861 -22.1659851961981680)
continue (2.6599999999999859 -22.1701888410284198)
continue (2.6699999999999857 -22.1466465088009521)
continue (2.6799999999999855 -22.1462007273456614)
continue (2.6899999999999853 -22.1573716341519855)
continue (2.6999999999999851 -22.1395567087062055)
continue (2.7099999999999849 -22.1466495334447231)
continue (2.7199999999999847 -22.1362494510241348)
continue (2.7299999999999844 -22.1068673972714826)
continue (2.7399999999999842 -22.1255540056883184)
continue (2.7499999999999840 -22.1188280213217503)
continue (2.7599999999999838 -22.0958308977428501)
continue (2.7699999999999836 -22.1055181183308349)
continue (2.7799999999999834 -22.0779978594725073)
continue (2.7899999999999832 -22.0854192717143825)
continue (2.7999999999999829 -22.0920689471357647)
continue (2.8099999999999827 -22.0598887495738332)
continue (2.8199999999999825 -22.0806729148969865)
continue (2.8299999999999823 -22.0757722618212249)
continue (2.8399999999999821 -22.0469348188092624)
continue (2.8499999999999819 -22.0616936466354723)
continue (2.8599999999999817 -22.0315314703621752)
continue (2.8699999999999815 -22.0255291005781402)
continue (2.8799999999999812 -22.0348925368741355)
continue (2.8899999999999810 -22.0027755190489707)
continue (2.8999999999999808 -21.9977840152598283)
continue (2.9099999999999806 -22.0075064645830096)
continue (2.9199999999999804 -21.9759288058479036)
continue (2.9299999999999802 -21.9716119988940903)
continue (2.9399999999999800 -21.9713862707632934)
continue (2.9499999999999797 -21.9462929201638985)
continue (2.9599999999999795 -21.9445607851436471)
continue (2.9699999999999793 -21.9485016144775500)
continue (2.9799999999999791 -21.9167651545412490)
continue (2.9899999999999789 -21.9166779683267414)
continue (2.9999999999999787 -21.9183230239553453)
continue (3.0099999999999785 -22.5237426610603748)
continue (3.0199999999999783 -22.5460047653833158)
continue (3.0299999999999780 -22.5256903458469928)
continue (3.0399999999999778 -22.5288569373141101)
continue (3.0499999999999776 -22.5559939528282491)
continue (3.0599999999999774 -22.5475546267596947)
continue (3.0699999999999772 -22.5498652471921588)
continue (3.0799999999999770 -22.5835344841775871)
continue (3.0899999999999768 -22.5778559460747097)
continue (3.0999999999999766 -22.5819826587450549)
continue (3.1099999999999763 -22.5894059379099623)
continue (3.1199999999999761 -22.5929126968598233)
continue (3.1299999999999759 -22.5907405859334958)
continue (3.1399999999999757 -22.5929088165259522)
continue (3.1499999999999755 -22.6032246744795735)
continue (3.1599999999999753 -22.6020106753408463)
continue (3.1699999999999751 -22.5991239013110032)
continue (3.1799999999999748 -22.6283873551108563)
continue (3.1899999999999746 -22.6268983756034281)
continue (3.1999999999999744 -22.6224632125246892)
continue (3.2099999999999742 -22.6618631405887783)
continue (3.2199999999999740 -22.6486999574253609)
continue (3.2299999999999738 -22.6556926166300521)
continue (3.2399999999999736 -22.6966426355936370)
continue (3.2499999999999734 -22.6924174276460136)
continue (3.2599999999999731 -22.6941207679095420)
continue (3.2699999999999729 -22.7495170398555544)
continue (3.2799999999999727 -22.7493095230723057)
continue (3.2899999999999725 -22.7288410483517396)
continue (3.2999999999999723 -22.7657763244405729)
continue (3.3099999999999721 -22.7764571341101671)
continue (3.3199999999999719 -22.7617245787092095)
continue (3.3299999999999716 -22.8288073632610420)
continue (3.3399999999999714 -22.8709891924403514)
continue (3.3499999999999712 -22.8466112683773446)
continue (3.3599999999999710 -22.9084944756222058)
continue (3.3699999999999708 -22.9510682692352326)
continue (3.3799999999999706 -22.9231238757070663)
continue (3.3899999999999704 -22.9451463068616235)
continue (3.3999999999999702 -23.0021897337654195)
continue (3.4099999999999699 -23.0045134749611542)
continue (3.4199999999999697 -23.0452012370470456)
continue (3.4299999999999695 -23.0382133950817867)
continue (3.4399999999999693 -23.0753245953482669)
continue (3.4499999999999691 -23.0701584709658079)
continue (3.4599999999999689 -23.1065357177344346)
continue (3.4699999999999687 -23.1353534300267789)
continue (3.4799999999999685 -23.1651003709006496)
continue (3.4899999999999682 -23.2542821097587336)
continue (3.4999999999999680 -23.2759649642956177)
continue (3.5099999999999678 -23.2579800609513079)
continue (3.5199999999999676 -23.3693618127162672)
continue (3.5299999999999674 -23.5640659533240573)
continue (3.5399999999999672 -23.4752794011871586)
continue (3.5499999999999670 -23.5073596444517356)
continue (3.5599999999999667 -23.0679775230758572)
continue (3.5699999999999665 -23.0304007037764329)
continue (3.5799999999999663 -23.0353801634980435)
continue (3.5899999999999661 -23.0541629382312543)
continue (3.5999999999999659 -23.0989992693522446)
continue (3.6099999999999657 -23.1494944669087062)
continue (3.6199999999999655 -23.1748962337888074)
continue (3.6299999999999653 -23.2198979754583625)
continue (3.6399999999999650 -23.2058239529339581)
continue (3.6499999999999648 -23.3197836860224363)
continue (3.6599999999999646 -23.3271441811132334)
continue (3.6699999999999644 -23.3073221675949362)
continue (3.6799999999999642 -23.4916870747070305)
continue (3.6899999999999640 -23.5280865662388869)
continue (3.6999999999999638 -23.4604698716245963)
continue (3.7099999999999635 -23.4189139157670887)
continue (3.7199999999999633 -23.6950432346391864)
continue (3.7299999999999631 -23.7452775135841136)
continue (3.7399999999999629 -23.6995500178147331)
continue (3.7499999999999627 -23.6436602631584840)
continue (3.7599999999999625 -23.4677877603695961)
continue (3.7699999999999623 -23.5289902544075709)
continue (3.7799999999999621 -23.4602619124856666)
continue (3.7899999999999618 -23.5417260467218910)
continue (3.7999999999999616 -23.6327739373543189)
continue (3.8099999999999614 -23.7108686754700919)
continue (3.8199999999999612 -23.7211722009360777)
continue (3.8299999999999610 -23.7687848950189498)
continue (3.8399999999999608 -23.8324663241744936)
continue (3.8499999999999606 -23.5783650990491083)
continue (3.8599999999999604 -23.5559056062536634)
continue (3.8699999999999601 -23.5992124396402723)
continue (3.8799999999999599 -23.7016956802179664)
continue (3.8899999999999597 -23.4740611274281434)
continue (3.8999999999999595 -23.3972357816660548)
continue (3.9099999999999593 -23.4472063331647078)
continue (3.9199999999999591 -23.5355617562864516)
continue (3.9299999999999589 -23.5270489487216814)
continue (3.9399999999999586 -23.4367348811559495)
continue (3.9499999999999584 -23.5337353981133326)
continue (3.9599999999999582 -23.6273691627868914)
continue (3.9699999999999580 -23.5941107573246711)
continue (3.9799999999999578 -23.4948772830467654)
continue (3.9899999999999576 -23.6236368224598330)
continue (4.0099999999999998 -23.9027181365541033)
continue (4.5099999999999998 -24.7559065415800781)
continue (5.0099999999999998 -24.8987575348747789)
continue (5.5099999999999998 -24.9048788918279449)
continue (6.0099999999999998 -24.9656362159078888)
continue (6.5099999999999998 -24.9592481425679011)
continue (7.0099999999999998 -24.9797856234000513)
continue (7.5099999999999998 -25.0094376864408758)
continue (8.0099999999999998 -25.0191023331537217)
continue (8.5099999999999998 -25.0271620342644603)
continue (9.0099999999999998 -25.0324112643204124)
continue (9.5099999999999998 -25.0364769256437114)
continue (10.0000000000000000 -25.0386286921281709)
continue (10.0099999999999998 -25.0386619442824845)
continue (15.0000000000000000 -25.0374523128402444)
continue (20.0000000000000000 -25.0193222047314840)
continue (25.0000000000000000 -24.9543726473046625)
continue (30.0000000000000000 -24.9244371089252930)
continue (35.0000000000000000 -24.9174664515323272)
continue (40.0000000000000000 -24.9218449643585913)
continue (45.0000000000000000 -24.9221317607688562)
continue (50.0000000000000000 -24.9154133321718447)
continue (55.0000000000000000 -24.9132050516267327)
continue (60.0000000000000000 -24.9138413171024560)
continue (65.0000000000000000 -24.9162338753789676)
continue (70.0000000000000000 -24.9197058356883652)
continue (75.0000000000000000 -24.9238305498528092)
continue (80.0000000000000000 -24.9283356942858987)
continue (85.0000000000000000 -24.9330456258594282)
continue (90.0000000000000000 -24.9378462381236119)
continue (95.0000000000000000 -24.9426631828441856)
continue (100.0000000000000000 -24.9474481472529561)
continue (110.0000000000000000 -24.9568094113434888)
continue (120.0000000000000000 -24.9657985899599097)
continue (130.0000000000000000 -24.9743750212391262)
continue (140.0000000000000000 -24.9825394382544026)
continue (150.0000000000000000 -24.9903108922741843)
continue (160.0000000000000000 -24.9977157031487920)
continue (170.0000000000000000 -25.0047821280060028)
continue (180.0000000000000000 -25.0115378303808349)
continue (190.0000000000000000 -25.0180087476442630)
continue (200.0000000000000000 -25.0242186617830207)
continue (210.0000000000000000 -25.0301891208333416)
continue (220.0000000000000000 -25.0359395290845121)
continue (230.0000000000000000 -25.0414873115864935)
continue (240.0000000000000000 -25.0468481041265001)
continue (250.0000000000000000 -25.0520359439781863)
continue (260.0000000000000000 -25.0570634495879148)
continue (270.0000000000000000 -25.0619419842002138)
continue (280.0000000000000000 -25.0666818020096862)
continue (290.0000000000000000 -25.0712921772404016)
continue (300.0000000000000000 -25.0757815174081138)
continue (310.0000000000000000 -25.0801574623556576)
continue (320.0000000000000000 -25.0844269707115899)
continue (330.0000000000000000 -25.0885963953504572)
continue (340.0000000000000000 -25.0926715492925219)
continue (350.0000000000000000 -25.0966577633242025)
continue (360.0000000000000000 -25.1005599364603320)
continue (370.0000000000000000 -25.1043825802214151)
continue (380.0000000000000000 -25.1081298575637248)
continue (390.0000000000000000 -25.1118056171827710)
continue (400.0000000000000000 -25.1154134238085867)
continue (410.0000000000000000 -25.1189565850208290)
continue (420.0000000000000000 -25.1224381750387629)
continue (430.0000000000000000 -25.1258610558747648)
continue (440.0000000000000000 -25.1292278961850997)
continue (450.0000000000000000 -25.1325411881067531)
continue (460.0000000000000000 -25.1358032623265544)
continue (470.0000000000000000 -25.1390163015979091)
continue (480.0000000000000000 -25.1421823528886854)
continue (490.0000000000000000 -25.1453033383216713)
continue (500.0000000000000000 -25.1483810650466424)
continue (510.0000000000000000 -25.1514172341644162)
continue (520.0000000000000000 -25.1544134488100646)
continue (530.0000000000000000 -25.1573712214862226)
continue (540.0000000000000000 -25.1602919807287435)
continue (550.0000000000000000 -25.1631770771747370)
continue (560.0000000000000000 -25.1660277890960593)
continue (570.0000000000000000 -25.1688453274529600)
continue (580.0000000000000000 -25.1716308405177109)
continue (590.0000000000000000 -25.1743854181089368)
continue (600.0000000000000000 -25.1771100954769622)
continue (610.0000000000000000 -25.1798058568732515)
continue (620.0000000000000000 -25.1824736388341783)
continue (630.0000000000000000 -25.1851143332051208)
continue (640.0000000000000000 -25.1877287899307163)
continue (650.0000000000000000 -25.1903178196309945)
continue (660.0000000000000000 -25.1928821959833087)
continue (670.0000000000000000 -25.1954226579275726)
continue (680.0000000000000000 -25.1979399117094651)
continue (690.0000000000000000 -25.2004346327766164)
continue (700.0000000000000000 -25.2029074675391733)
continue (710.0000000000000000 -25.2053590350072696)
continue (720.0000000000000000 -25.2077899283142628)
continue (730.0000000000000000 -25.2102007161367645)
continue (740.0000000000000000 -25.2125919440180937)
continue (750.0000000000000000 -25.2149641356036760)
continue (760.0000000000000000 -25.2173177937961732)
continue (770.0000000000000000 -25.2196534018339271)
continue (780.0000000000000000 -25.2219714243021258)
continue (790.0000000000000000 -25.2242723080786604)
continue (800.0000000000000000 -25.2265564832216818)
continue (810.0000000000000000 -25.2288243638015715)
continue (820.0000000000000000 -25.2310763486834126)
continue (830.0000000000000000 -25.2333128222605509)
continue (840.0000000000000000 -25.2355341551462402)
continue (850.0000000000000000 -25.2377407048232598)
continue (860.0000000000000000 -25.2399328162563812)
continue (870.0000000000000000 -25.2421108224694954)
continue (880.0000000000000000 -25.2442750450898750)
continue (890.0000000000000000 -25.2464257948615405)
continue (900.0000000000000000 -25.2485633721305653)
continue (910.0000000000000000 -25.2506880673034679)
continue (920.0000000000000000 -25.2528001612803159)
continue (930.0000000000000000 -25.2548999258651179)
continue (940.0000000000000000 -25.2569876241539042)
continue (950.0000000000000000 -25.2590635109024930)
continue (960.0000000000000000 -25.2611278328748767)
continue (970.0000000000000000 -25.2631808291741500)
continue (980.0000000000000000 -25.2652227315558697)
continue (990.0000000000000000 -25.2672537647259290)
continue (1000.0000000000000000 -25.2692741466233137)
continue (1200.0000000000000000 -25.3077306049523116)
continue (1400.0000000000000000 -25.3432434272883995)
continue (1600.0000000000000000 -25.3765994198604332)
continue (1800.0000000000000000 -25.4083062060092182)
continue (2000.0000000000000000 -25.4387104414900556)
continue (2200.0000000000000000 -25.4680594133810665)
continue (2400.0000000000000000 -25.4965357313987582)
continue (2600.0000000000000000 -25.5242780886798322)
continue (2800.0000000000000000 -25.5513943081251966)
continue (3000.0000000000000000 -25.5779698773648043)
continue (3200.0000000000000000 -25.6040737209285290)
continue (3400.0000000000000000 -25.6297621974593568)
continue (3600.0000000000000000 -25.6550819389682552)
continue (3800.0000000000000000 -25.6800718718294974)
continue (4000.0000000000000000 -25.7047646316655474)
continue (4200.0000000000000000 -25.7291874984389146)
continue (4400.0000000000000000 -25.7533629212913056)
continue (4600.0000000000000000 -25.7773086714436843)
continue (4800.0000000000000000 -25.8010376255393652)
continue (5000.0000000000000000 -25.8245572474946137)
continue (5200.0000000000000000 -25.8478686320990789)
continue (5400.0000000000000000 -25.8709653705182419)
continue (5600.0000000000000000 -25.8938320133328368)
continue (5800.0000000000000000 -25.9164424378991356)
continue (6000.0000000000000000 -25.9387578762902429)
continue (6200.0000000000000000 -25.9607249443045340)
continue (6400.0000000000000000 -25.9822725667776844)
continue (6600.0000000000000000 -26.0033123199027933)
continue (6800.0000000000000000 -26.0237408186129322)
continue (7000.0000000000000000 -26.0435600487916759)
continue (7200.0000000000000000 -26.0628162644360408)
continue (7400.0000000000000000 -26.0815403864314170)
continue (7600.0000000000000000 -26.0997608588726813)
continue (7800.0000000000000000 -26.1175039066281194)
continue (8000.0000000000000000 -26.1347937602760254)
continue (8200.0000000000000000 -26.1516528532506065)
continue (8400.0000000000000000 -26.1681019952163716)
continue (8600.0000000000000000 -26.1841605250317535)
continue (8800.0000000000000000 -26.1998464461169185)
continue (9000.0000000000000000 -26.2151765466013131)
continue (9200.0000000000000000 -26.2301665062577847)
continue (9400.0000000000000000 -26.2448309919314298)
continue (9600.0000000000000000 -26.2591837429145691)
continue (9800.0000000000000000 -26.2732376475155114)
continue (10000.0000000000000000 -26.2870048118863693)
continue (10200.0000000000000000 -26.3004966220322700)
continue (10400.0000000000000000 -26.3137237997956355)
continue (10600.0000000000000000 -26.3266964535048089)
continue (10800.0000000000000000 -26.3394241238863067)
continue (11000.0000000000000000 -26.3519158257614130)
continue (11500.0000000000000000 -26.3821675677769427)
continue (12000.0000000000000000 -26.4111180231393412)
continue (12500.0000000000000000 -26.4388737548777968)
continue (13000.0000000000000000 -26.4655287658864609)
continue (13500.0000000000000000 -26.4911663975308080)
continue (14000.0000000000000000 -26.5158608826102444)
continue (14500.0000000000000000 -26.5396786255340480)
continue (15000.0000000000000000 -26.5626792652564454)
continue (15500.0000000000000000 -26.5849165637550406)
continue (16000.0000000000000000 -26.6064391533184370)
continue (16500.0000000000000000 -26.6272911687366403)
continue (17000.0000000000000000 -26.6475127850297007)
continue (17500.0000000000000000 -26.6671406771594484)
continue (18000.0000000000000000 -26.6862084149230725)
continue (18500.0000000000000000 -26.7047468036936948)
continue (19000.0000000000000000 -26.7227841796809038)
continue (19500.0000000000000000 -26.7403466668052232)
continue (20000.0000000000000000 -26.7574584010231540)
continue (20500.0000000000000000 -26.7741417269287609)
continue (21000.0000000000000000 -26.7904173706439508)
continue (21500.0000000000000000 -26.8063045923477397)
continue (22000.0000000000000000 -26.8218213212553565)
continue (22500.0000000000000000 -26.8369842754156807)
continue (23000.0000000000000000 -26.8518090683305566)
continue (23500.0000000000000000 -26.8663103040979721)
continue (24000.0000000000000000 -26.8805016625298840)
continue (24500.0000000000000000 -26.8943959754860238)
continue (25000.0000000000000000 -26.9080052954892821)
continue (25500.0000000000000000 -26.9213409575405151)
continue (26000.0000000000000000 -26.9344136349257788)
continue (26500.0000000000000000 -26.9472333897030438)
continue (27000.0000000000000000 -26.9598097184656318)
continue (27500.0000000000000000 -26.9721515939028613)
continue (28000.0000000000000000 -26.9842675026125889)
continue (28500.0000000000000000 -26.9961654795639454)
continue (29000.0000000000000000 -27.0078531395602219)
continue (29500.0000000000000000 -27.0193377060098001)
continue (30000.0000000000000000 -27.0306260372767788)
continue (30500.0000000000000000 -27.0417246508514957)
continue (31000.0000000000000000 -27.0526397455539858)
continue (31500.0000000000000000 -27.0633772219591791)
continue (32000.0000000000000000 -27.0739427012120650)
continue (32500.0000000000000000 -27.0843415423828233)
continue (33000.0000000000000000 -27.0945788584956233)
continue (33500.0000000000000000 -27.1046595313509719)
continue (34000.0000000000000000 -27.1145882252488910)
continue (34500.0000000000000000 -27.1243693997092876)
continue (35000.0000000000000000 -27.1340073212762114)
continue (35500.0000000000000000 -27.1435060744839518)
continue (36000.0000000000000000 -27.1528695720554758)
continue (36500.0000000000000000 -27.1621015643966395)
continue (37000.0000000000000000 -27.1712056484439302)
continue (37500.0000000000000000 -27.1801852759175979)
continue (38000.0000000000000000 -27.1890437610277047)
continue (38500.0000000000000000 -27.1977842876758586)
continue (39000.0000000000000000 -27.2064099161918094)
continue (39500.0000000000000000 -27.2149235896404704)
continue (40000.0000000000000000 -27.2233281397318052)
continue (40500.0000000000000000 -27.2316262923631811)
continue (41000.0000000000000000 -27.2398206728213808)
continue (41500.0000000000000000 -27.2479138106688410)
continue (42000.0000000000000000 -27.2559081443370701)
continue (42500.0000000000000000 -27.2638060254478845)
continue (43000.0000000000000000 -27.2716097228816423)
continue (43500.0000000000000000 -27.2793214266100428)
continue (44000.0000000000000000 -27.2869432513096264)
continue (44500.0000000000000000 -27.2944772397709094)
continue (45000.0000000000000000 -27.3019253661167696)
continue (45500.0000000000000000 -27.3092895388428687)
continue (46000.0000000000000000 -27.3165716036916670)
continue (46500.0000000000000000 -27.3237733463709382)
continue (47000.0000000000000000 -27.3308964951266944)
continue (47500.0000000000000000 -27.3379427231798147)
continue (48000.0000000000000000 -27.3449136510349611)
continue (48500.0000000000000000 -27.3518108486696612)
continue (49000.0000000000000000 -27.3586358376110468)
continue (49500.0000000000000000 -27.3653900929069920)
continue (50000.0000000000000000 -27.3720750449980841)
continue (50500.0000000000000000 -27.3786920814963679)
continue (51000.0000000000000000 -27.3852425488762883)
continue (51500.0000000000000000 -27.3917277540831208)
continue (52000.0000000000000000 -27.3981489660635447)
continue (52500.0000000000000000 -27.4045074172228738)
continue (53000.0000000000000000 -27.4108043048132046)
continue (53500.0000000000000000 -27.4170407922562198)
continue (54000.0000000000000000 -27.4232180104044296)
continue (54500.0000000000000000 -27.4293370587442382)
continue (55000.0000000000000000 -27.4353990065439106)
continue (55500.0000000000000000 -27.4414048939496489)
continue (56000.0000000000000000 -27.4473557330323246)
continue (56500.0000000000000000 -27.4532525087877310)
continue (57000.0000000000000000 -27.4590961800926365)
continue (57500.0000000000000000 -27.4648876806190749)
continue (58000.0000000000000000 -27.4706279197089778)
continue (58500.0000000000000000 -27.4763177832112291)
continue (59000.0000000000000000 -27.4819581342830404)
continue (59500.0000000000000000 -27.4875498141574717)
continue (60000.0000000000000000 -27.4930936428788044)
continue (60500.0000000000000000 -27.4985904200073215)
continue (61000.0000000000000000 -27.5040409252950866)
continue (61500.0000000000000000 -27.5094459193340697)
continue (62000.0000000000000000 -27.5148061441780065)
continue (62500.0000000000000000 -27.5201223239392583)
continue (63000.0000000000000000 -27.5253951653618216)
continue (63500.0000000000000000 -27.5306253583717115)
continue (64000.0000000000000000 -27.5358135766056762)
continue (64500.0000000000000000 -27.5409604779193380)
continue (65000.0000000000000000 -27.5460667048756846)
continue (65500.0000000000000000 -27.5511328852148161)
continue (66000.0000000000000000 -27.5561596323057749)
continue (66500.0000000000000000 -27.5611475455813562)
continue (67000.0000000000000000 -27.5660972109565563)
continue (67500.0000000000000000 -27.5710092012314796)
continue (68000.0000000000000000 -27.5758840764793156)
continue (68500.0000000000000000 -27.5807223844201310)
continue (69000.0000000000000000 -27.5855246607810223)
continue (69500.0000000000000000 -27.5902914296432193)
continue (70000.0000000000000000 -27.5950232037767940)
continue (70500.0000000000000000 -27.5997204849633881)
continue (71000.0000000000000000 -27.6043837643075207)
continue (71500.0000000000000000 -27.6090135225369977)
continue (72000.0000000000000000 -27.6136102302927888)
continue (72500.0000000000000000 -27.6181743484088784)
continue (73000.0000000000000000 -27.6227063281825096)
continue (73500.0000000000000000 -27.6272066116351311)
continue (74000.0000000000000000 -27.6316756317645407)
continue (74500.0000000000000000 -27.6361138127885120)
continue (75245.0000000000000000 -50.0000000000000000)
continue (7354000.0000000000000000 -50.0000000000000000)
f(nu) = -20.2921271589491568 at 1.0000000000000000 Ryd
