# Faucher-Giguere 2019 
# z = 5.309573
# E [Ryd] log (J_nu)
interpolate (0.0000000100100000 -50.0000000000000000)
continue (0.0990000000000000 -50.0000000000000000)
continue (0.1000000000000000 -19.0469813457297121)
continue (0.1500000000000000 -19.1300338151652625)
continue (0.2000000000000000 -19.2454909004088037)
continue (0.2500000000000001 -19.4751453437453179)
continue (0.3000000000000000 -19.4911639318264527)
continue (0.3500000000000001 -19.4994136845408264)
continue (0.4000000000000001 -19.4933790589889178)
continue (0.4500000000000001 -19.4992597112429493)
continue (0.5000000000000001 -19.5022051166851966)
continue (0.5500000000000002 -19.3856655779868099)
continue (0.6000000000000002 -19.3316623438445347)
continue (0.6500000000000001 -19.2956186376918701)
continue (0.7000000000000002 -19.2644687559565888)
continue (0.7500000000000002 -19.6787664632307226)
continue (0.8000000000000002 -19.7600336683427962)
continue (0.8500000000000002 -19.8870414408429426)
continue (0.9000000000000002 -20.0787100660244739)
continue (0.9500000000000003 -20.4202577743064744)
continue (1.0100000000000000 -21.7503987900105678)
continue (1.0600000000000001 -21.8234643239675208)
continue (1.1100000000000001 -21.8693800568689980)
continue (1.1600000000000001 -21.9844091899486926)
continue (1.2100000000000002 -21.9463502228969176)
continue (1.2600000000000002 -21.9736486119081924)
continue (1.3100000000000003 -21.9951489489634291)
continue (1.3600000000000003 -22.0168534702171783)
continue (1.4100000000000004 -22.0414758019855874)
continue (1.4600000000000004 -22.0580193644637887)
continue (1.5100000000000005 -22.0398232135299708)
continue (1.5600000000000005 -22.0749323109346314)
continue (1.6100000000000005 -22.1069333333390503)
continue (1.6600000000000006 -22.1121625303499449)
continue (1.7100000000000006 -22.0500947347472724)
continue (1.7600000000000007 -22.0677860786680782)
continue (1.8100000000000007 -22.1057424555900539)
continue (1.8600000000000008 -22.1459114429100126)
continue (1.9100000000000008 -22.1420845498149816)
continue (1.9600000000000009 -22.1788929515598170)
continue (2.0000000000000000 -22.2002635407904805)
continue (2.0099999999999998 -22.2191042299621735)
continue (2.0199999999999996 -22.1922765965787363)
continue (2.0299999999999994 -22.2258979716431497)
continue (2.0399999999999991 -22.2362860267603111)
continue (2.0499999999999989 -22.2096934308457143)
continue (2.0599999999999987 -22.2254781663338541)
continue (2.0699999999999985 -22.2582927371428987)
continue (2.0799999999999983 -22.1905639173700742)
continue (2.0899999999999981 -22.2303278521326177)
continue (2.0999999999999979 -22.2243008831149140)
continue (2.1099999999999977 -22.2185848326572568)
continue (2.1199999999999974 -22.2329509789266311)
continue (2.1299999999999972 -22.2230918035574234)
continue (2.1399999999999970 -22.2316808749756269)
continue (2.1499999999999968 -22.2405394712857145)
continue (2.1599999999999966 -22.2621666176778454)
continue (2.1699999999999964 -22.2751512573819284)
continue (2.1799999999999962 -22.2675241047204935)
continue (2.1899999999999959 -22.2681283775759979)
continue (2.1999999999999957 -22.2716245598804754)
continue (2.2099999999999955 -22.2808750289594855)
continue (2.2199999999999953 -22.2789634484591481)
continue (2.2299999999999951 -22.2972862579446023)
continue (2.2399999999999949 -22.2957376614403131)
continue (2.2499999999999947 -22.3046861987577500)
continue (2.2599999999999945 -22.3312570237146559)
continue (2.2699999999999942 -22.3259010453456455)
continue (2.2799999999999940 -22.3327089476202261)
continue (2.2899999999999938 -22.3438695760051758)
continue (2.2999999999999936 -22.3775377372212603)
continue (2.3099999999999934 -22.3583161455843822)
continue (2.3199999999999932 -22.3875834566939922)
continue (2.3299999999999930 -22.3520251814147528)
continue (2.3399999999999928 -22.3886790163026248)
continue (2.3499999999999925 -22.3852174341743044)
continue (2.3599999999999923 -22.3788912931521260)
continue (2.3699999999999921 -22.4074112558957381)
continue (2.3799999999999919 -22.3963397422117332)
continue (2.3899999999999917 -22.4255108254812825)
continue (2.3999999999999915 -22.3860710623700712)
continue (2.4099999999999913 -22.4226039428172577)
continue (2.4199999999999910 -22.3853115152885707)
continue (2.4299999999999908 -22.3966984525980060)
continue (2.4399999999999906 -22.3845421185748528)
continue (2.4499999999999904 -22.3796775546894011)
continue (2.4599999999999902 -22.3899173784957988)
continue (2.4699999999999900 -22.3703809938652576)
continue (2.4799999999999898 -22.4141643657229217)
continue (2.4899999999999896 -22.3861236984777179)
continue (2.4999999999999893 -22.4363189956143536)
continue (2.5099999999999891 -22.3975543791264826)
continue (2.5199999999999889 -22.4253749410302312)
continue (2.5299999999999887 -22.3924588319516467)
continue (2.5399999999999885 -22.4144751190613896)
continue (2.5499999999999883 -22.4122564585857589)
continue (2.5599999999999881 -22.4151651280889475)
continue (2.5699999999999878 -22.3920105851035807)
continue (2.5799999999999876 -22.3948550773191073)
continue (2.5899999999999874 -22.3736652752273706)
continue (2.5999999999999872 -22.3717336433149860)
continue (2.6099999999999870 -22.3683258174759629)
continue (2.6199999999999868 -22.3612492703127685)
continue (2.6299999999999866 -22.3450903431263725)
continue (2.6399999999999864 -22.3579442365189287)
continue (2.6499999999999861 -22.3550470302417672)
continue (2.6599999999999859 -22.3346406570972924)
continue (2.6699999999999857 -22.3301581217169200)
continue (2.6799999999999855 -22.3348466779445332)
continue (2.6899999999999853 -22.3330457898770867)
continue (2.6999999999999851 -22.3176440521219988)
continue (2.7099999999999849 -22.3136810359031550)
continue (2.7199999999999847 -22.3007146203519895)
continue (2.7299999999999844 -22.2797212669020439)
continue (2.7399999999999842 -22.2742399545362311)
continue (2.7499999999999840 -22.2668131285120872)
continue (2.7599999999999838 -22.2523393437827650)
continue (2.7699999999999836 -22.2434954940510323)
continue (2.7799999999999834 -22.2467408061895249)
continue (2.7899999999999832 -22.2244831630555097)
continue (2.7999999999999829 -22.2498974706214447)
continue (2.8099999999999827 -22.2174548538190848)
continue (2.8199999999999825 -22.2376208894997767)
continue (2.8299999999999823 -22.2133441193770054)
continue (2.8399999999999821 -22.2101804518249644)
continue (2.8499999999999819 -22.1926031901876399)
continue (2.8599999999999817 -22.1885936535833714)
continue (2.8699999999999815 -22.1591976258145351)
continue (2.8799999999999812 -22.1623884400838911)
continue (2.8899999999999810 -22.1312764327375149)
continue (2.8999999999999808 -22.1284692202573225)
continue (2.9099999999999806 -22.1063788455507257)
continue (2.9199999999999804 -22.0966359508815628)
continue (2.9299999999999802 -22.0985356821184560)
continue (2.9399999999999800 -22.0595200414519894)
continue (2.9499999999999797 -22.0715408518376819)
continue (2.9599999999999795 -22.0352671147861656)
continue (2.9699999999999793 -22.0411752772793825)
continue (2.9799999999999791 -22.0025385610595379)
continue (2.9899999999999789 -22.0019057973245786)
continue (2.9999999999999787 -22.0137798541723022)
continue (3.0099999999999785 -22.6322931203665121)
continue (3.0199999999999783 -22.6468330536019877)
continue (3.0299999999999780 -22.6240799984034240)
continue (3.0399999999999778 -22.6439032523158410)
continue (3.0499999999999776 -22.6438239933228616)
continue (3.0599999999999774 -22.6457021181895470)
continue (3.0699999999999772 -22.6750300145264561)
continue (3.0799999999999770 -22.6540551208771532)
continue (3.0899999999999768 -22.7179823790588955)
continue (3.0999999999999766 -22.6558494468321925)
continue (3.1099999999999763 -22.6944515879791950)
continue (3.1199999999999761 -22.6896174749609614)
continue (3.1299999999999759 -22.6479193193825559)
continue (3.1399999999999757 -22.7131632333083999)
continue (3.1499999999999755 -22.6351327463780088)
continue (3.1599999999999753 -22.6963907324450034)
continue (3.1699999999999751 -22.6656208141377959)
continue (3.1799999999999748 -22.6810191515791644)
continue (3.1899999999999746 -22.7054177614313240)
continue (3.1999999999999744 -22.6798944993479097)
continue (3.2099999999999742 -22.7159391453082620)
continue (3.2199999999999740 -22.7088729869257726)
continue (3.2299999999999738 -22.7213113829836253)
continue (3.2399999999999736 -22.7476809010089873)
continue (3.2499999999999734 -22.7465759451590657)
continue (3.2599999999999731 -22.7782041256538506)
continue (3.2699999999999729 -22.7962193123140011)
continue (3.2799999999999727 -22.7931654987902981)
continue (3.2899999999999725 -22.8072478077111640)
continue (3.2999999999999723 -22.7858000567678580)
continue (3.3099999999999721 -22.8130634452391625)
continue (3.3199999999999719 -22.8595238188286132)
continue (3.3299999999999716 -22.8549176781968022)
continue (3.3399999999999714 -22.9243135988770099)
continue (3.3499999999999712 -22.9438830618622056)
continue (3.3599999999999710 -22.9403132846127207)
continue (3.3699999999999708 -23.0374665655604502)
continue (3.3799999999999706 -22.9867174282163553)
continue (3.3899999999999704 -22.9970448086981207)
continue (3.3999999999999702 -23.0883209014543098)
continue (3.4099999999999699 -23.0187665956655039)
continue (3.4199999999999697 -23.1122931667430507)
continue (3.4299999999999695 -23.0924385530394964)
continue (3.4399999999999693 -23.0768842163054018)
continue (3.4499999999999691 -23.2145460211383501)
continue (3.4599999999999689 -23.1000981538263552)
continue (3.4699999999999687 -23.1461618441852863)
continue (3.4799999999999685 -23.2973613026093815)
continue (3.4899999999999682 -23.1692238404334958)
continue (3.4999999999999680 -23.3030702658056939)
continue (3.5099999999999678 -23.4100323315490257)
continue (3.5199999999999676 -23.3772680476930397)
continue (3.5299999999999674 -23.6986638466440525)
continue (3.5399999999999672 -23.5740943696873266)
continue (3.5499999999999670 -23.6223528055800429)
continue (3.5599999999999667 -23.0820734906920499)
continue (3.5699999999999665 -23.1302669722545247)
continue (3.5799999999999663 -23.1140339510706774)
continue (3.5899999999999661 -23.0823428919545250)
continue (3.5999999999999659 -23.2093529783544881)
continue (3.6099999999999657 -23.2429205553275331)
continue (3.6199999999999655 -23.2347216507366348)
continue (3.6299999999999653 -23.3442796482124670)
continue (3.6399999999999650 -23.3884247053910705)
continue (3.6499999999999648 -23.3791472429036382)
continue (3.6599999999999646 -23.4217672360402283)
continue (3.6699999999999644 -23.5400730781290903)
continue (3.6799999999999642 -23.5482854634672378)
continue (3.6899999999999640 -23.5599059402053506)
continue (3.6999999999999638 -23.6642630752049286)
continue (3.7099999999999635 -23.6389363474091105)
continue (3.7199999999999633 -23.6478903911295433)
continue (3.7299999999999631 -24.0366167832677640)
continue (3.7399999999999629 -23.9830869206879029)
continue (3.7499999999999627 -23.8591680293334889)
continue (3.7599999999999625 -23.6457940069621024)
continue (3.7699999999999623 -23.7770497383552772)
continue (3.7799999999999621 -23.6169310687166245)
continue (3.7899999999999618 -23.8180111984369454)
continue (3.7999999999999616 -24.0270584723461837)
continue (3.8099999999999614 -24.0871334896904123)
continue (3.8199999999999612 -24.1315151089748703)
continue (3.8299999999999610 -24.2927982482682765)
continue (3.8399999999999608 -24.3865402673125296)
continue (3.8499999999999606 -24.0607214945486412)
continue (3.8599999999999604 -24.0259417389623628)
continue (3.8699999999999601 -24.1724872763948255)
continue (3.8799999999999599 -24.4154555538522757)
continue (3.8899999999999597 -23.6777080279946084)
continue (3.8999999999999595 -23.8338054753042456)
continue (3.9099999999999593 -23.7556793925901886)
continue (3.9199999999999591 -23.6873579096058400)
continue (3.9299999999999589 -23.8766209535064924)
continue (3.9399999999999586 -23.8245886526498509)
continue (3.9499999999999584 -23.6950177072165573)
continue (3.9599999999999582 -23.8920889492383850)
continue (3.9699999999999580 -23.8866251014977244)
continue (3.9799999999999578 -23.6816836737379468)
continue (3.9899999999999576 -23.9124306229333250)
continue (4.0099999999999998 -24.5396701168361666)
continue (4.5099999999999998 -25.6893838879990710)
continue (5.0099999999999998 -26.0112048692181368)
continue (5.5099999999999998 -25.9714168468192170)
continue (6.0099999999999998 -26.1447531367148827)
continue (6.5099999999999998 -26.0370488301885104)
continue (7.0099999999999998 -26.0815968960899234)
continue (7.5099999999999998 -26.1673515207700689)
continue (8.0099999999999998 -26.1769901048787794)
continue (8.5099999999999998 -26.1788366502147660)
continue (9.0099999999999998 -26.1809475145562445)
continue (9.5099999999999998 -26.1783916059385255)
continue (10.0000000000000000 -26.1733861955697655)
continue (10.0099999999999998 -26.1732672428909758)
continue (15.0000000000000000 -26.1081776058204511)
continue (20.0000000000000000 -26.0007996495209426)
continue (25.0000000000000000 -25.8549934738020823)
continue (30.0000000000000000 -25.7798529995722348)
continue (35.0000000000000000 -25.7332118388151834)
continue (40.0000000000000000 -25.7084800840642558)
continue (45.0000000000000000 -25.6893658342336657)
continue (50.0000000000000000 -25.6654132841905209)
continue (55.0000000000000000 -25.6506381127511105)
continue (60.0000000000000000 -25.6420687816874100)
continue (65.0000000000000000 -25.6376434023663684)
continue (70.0000000000000000 -25.6359993656306955)
continue (75.0000000000000000 -25.6362324785298696)
continue (80.0000000000000000 -25.6377373747983874)
continue (85.0000000000000000 -25.6401043455883801)
continue (90.0000000000000000 -25.6430530004557369)
continue (95.0000000000000000 -25.6463894245966273)
continue (100.0000000000000000 -25.6499782529406133)
continue (110.0000000000000000 -25.6575600367666112)
continue (120.0000000000000000 -25.6653232764196630)
continue (130.0000000000000000 -25.6730284115978797)
continue (140.0000000000000000 -25.6805563218170363)
continue (150.0000000000000000 -25.6878512226210880)
continue (160.0000000000000000 -25.6948912195403523)
continue (170.0000000000000000 -25.7016726346098743)
continue (180.0000000000000000 -25.7082014528567804)
continue (190.0000000000000000 -25.7144885697865071)
continue (200.0000000000000000 -25.7205471236359138)
continue (210.0000000000000000 -25.7263909966371074)
continue (220.0000000000000000 -25.7320339831521068)
continue (230.0000000000000000 -25.7374893428274163)
continue (240.0000000000000000 -25.7427695774230116)
continue (250.0000000000000000 -25.7478863374519484)
continue (260.0000000000000000 -25.7528504033515837)
continue (270.0000000000000000 -25.7576717083494735)
continue (280.0000000000000000 -25.7623593834481994)
continue (290.0000000000000000 -25.7669218128798896)
continue (300.0000000000000000 -25.7713666931607897)
continue (310.0000000000000000 -25.7757010917817162)
continue (320.0000000000000000 -25.7799315033372025)
continue (330.0000000000000000 -25.7840639019699509)
continue (340.0000000000000000 -25.7881037896490284)
continue (350.0000000000000000 -25.7920562401882449)
continue (360.0000000000000000 -25.7959259391275495)
continue (370.0000000000000000 -25.7997172197172020)
continue (380.0000000000000000 -25.8034340953055086)
continue (390.0000000000000000 -25.8070802884449506)
continue (400.0000000000000000 -25.8106592570349811)
continue (410.0000000000000000 -25.8141742177989144)
continue (420.0000000000000000 -25.8176281673753607)
continue (430.0000000000000000 -25.8210239012796379)
continue (440.0000000000000000 -25.8243640309636326)
continue (450.0000000000000000 -25.8276509991835113)
continue (460.0000000000000000 -25.8308870938582693)
continue (470.0000000000000000 -25.8340744605827304)
continue (480.0000000000000000 -25.8372151139431026)
continue (490.0000000000000000 -25.8403109477605248)
continue (500.0000000000000000 -25.8433637443808202)
continue (510.0000000000000000 -25.8463751831081829)
continue (520.0000000000000000 -25.8493468478750437)
continue (530.0000000000000000 -25.8522802342239366)
continue (540.0000000000000000 -25.8551767556770713)
continue (550.0000000000000000 -25.8580377495498972)
continue (560.0000000000000000 -25.8608644822679921)
continue (570.0000000000000000 -25.8636581542355906)
continue (580.0000000000000000 -25.8664199042985281)
continue (590.0000000000000000 -25.8691508138418236)
continue (600.0000000000000000 -25.8718519105556126)
continue (610.0000000000000000 -25.8745241719022552)
continue (620.0000000000000000 -25.8771685283097383)
continue (630.0000000000000000 -25.8797858661187234)
continue (640.0000000000000000 -25.8823770303047205)
continue (650.0000000000000000 -25.8849428269945214)
continue (660.0000000000000000 -25.8874840257967165)
continue (670.0000000000000000 -25.8900013619605396)
continue (680.0000000000000000 -25.8924955383799222)
continue (690.0000000000000000 -25.8949672274531189)
continue (700.0000000000000000 -25.8974170728130346)
continue (710.0000000000000000 -25.8998456909364450)
continue (720.0000000000000000 -25.9022536726429529)
continue (730.0000000000000000 -25.9046415844934472)
continue (740.0000000000000000 -25.9070099700936005)
continue (750.0000000000000000 -25.9093593513132170)
continue (760.0000000000000000 -25.9116902294243658)
continue (770.0000000000000000 -25.9140030861679591)
continue (780.0000000000000000 -25.9162983847509416)
continue (790.0000000000000000 -25.9185765707825020)
continue (800.0000000000000000 -25.9208380731506338)
continue (810.0000000000000000 -25.9230833048464078)
continue (820.0000000000000000 -25.9253126637373192)
continue (830.0000000000000000 -25.9275265332942588)
continue (840.0000000000000000 -25.9297252832770475)
continue (850.0000000000000000 -25.9319092703772256)
continue (860.0000000000000000 -25.9340788388260677)
continue (870.0000000000000000 -25.9362343209665802)
continue (880.0000000000000000 -25.9383760377934784)
continue (890.0000000000000000 -25.9405042994623329)
continue (900.0000000000000000 -25.9426194057718398)
continue (910.0000000000000000 -25.9447216466184898)
continue (920.0000000000000000 -25.9468113024269655)
continue (930.0000000000000000 -25.9488886445580533)
continue (940.0000000000000000 -25.9509539356931000)
continue (950.0000000000000000 -25.9530074302012643)
continue (960.0000000000000000 -25.9550493744844850)
continue (970.0000000000000000 -25.9570800073073755)
continue (980.0000000000000000 -25.9590995601079939)
continue (990.0000000000000000 -25.9611082572950487)
continue (1000.0000000000000000 -25.9631063165286307)
continue (1200.0000000000000000 -26.0011188077687905)
continue (1400.0000000000000000 -26.0361917512209473)
continue (1600.0000000000000000 -26.0691114868309661)
continue (1800.0000000000000000 -26.1003854365440127)
continue (2000.0000000000000000 -26.1303601486068722)
continue (2200.0000000000000000 -26.1592828407559139)
continue (2400.0000000000000000 -26.1873360706761034)
continue (2600.0000000000000000 -26.2146584880924074)
continue (2800.0000000000000000 -26.2413578771697615)
continue (3000.0000000000000000 -26.2675196895563587)
continue (3200.0000000000000000 -26.2932128184507370)
continue (3400.0000000000000000 -26.3184936193866648)
continue (3600.0000000000000000 -26.3434087801538475)
continue (3800.0000000000000000 -26.3679974138170223)
continue (4000.0000000000000000 -26.3922925920377835)
continue (4200.0000000000000000 -26.4163223847500426)
continue (4400.0000000000000000 -26.4401106658401375)
continue (4600.0000000000000000 -26.4636775655087497)
continue (4800.0000000000000000 -26.4870395754872057)
continue (5000.0000000000000000 -26.5102092440951580)
continue (5200.0000000000000000 -26.5331944068773247)
continue (5400.0000000000000000 -26.5559968707444973)
continue (5600.0000000000000000 -26.5786103567992811)
continue (5800.0000000000000000 -26.6010176046413278)
continue (6000.0000000000000000 -26.6231868874319737)
continue (6200.0000000000000000 -26.6450670922336101)
continue (6400.0000000000000000 -26.6665822955923630)
continue (6600.0000000000000000 -26.6876249142888469)
continue (6800.0000000000000000 -26.7080582383984684)
continue (7000.0000000000000000 -26.7278806385550425)
continue (7200.0000000000000000 -26.7471399782198880)
continue (7400.0000000000000000 -26.7658671801259018)
continue (7600.0000000000000000 -26.7840906900939189)
continue (7800.0000000000000000 -26.8018367346079458)
continue (8000.0000000000000000 -26.8191295457613776)
continue (8200.0000000000000000 -26.8359915584109565)
continue (8400.0000000000000000 -26.8524435835593849)
continue (8600.0000000000000000 -26.8685049613255771)
continue (8800.0000000000000000 -26.8841936963189525)
continue (9000.0000000000000000 -26.8995265777920629)
continue (9200.0000000000000000 -26.9145192865799991)
continue (9400.0000000000000000 -26.9291864905338301)
continue (9600.0000000000000000 -26.9435419298996415)
continue (9800.0000000000000000 -26.9575984938907460)
continue (10000.0000000000000000 -26.9713682895193756)
continue (10200.0000000000000000 -26.9848627036089823)
continue (10400.0000000000000000 -26.9980924587805191)
continue (10600.0000000000000000 -27.0110676641046545)
continue (10800.0000000000000000 -27.0237978610159857)
continue (11000.0000000000000000 -27.0362920650117715)
continue (11500.0000000000000000 -27.0665499597090928)
continue (12000.0000000000000000 -27.0955064285115483)
continue (12500.0000000000000000 -27.1232680428546011)
continue (13000.0000000000000000 -27.1499288132205479)
continue (13500.0000000000000000 -27.1755720878516627)
continue (14000.0000000000000000 -27.2002721058027710)
continue (14500.0000000000000000 -27.2240952771943974)
continue (15000.0000000000000000 -27.2471012462120648)
continue (15500.0000000000000000 -27.2693437796386853)
continue (16000.0000000000000000 -27.2908715141899592)
continue (16500.0000000000000000 -27.3117285887453605)
continue (17000.0000000000000000 -27.3319551821120932)
continue (17500.0000000000000000 -27.3515879727668363)
continue (18000.0000000000000000 -27.3706605337765616)
continue (18500.0000000000000000 -27.3892036735619158)
continue (19000.0000000000000000 -27.4072457311789321)
continue (19500.0000000000000000 -27.4248128332115577)
continue (20000.0000000000000000 -27.4419291181126184)
continue (20500.0000000000000000 -27.4586169328200960)
continue (21000.0000000000000000 -27.4748970056597450)
continue (21500.0000000000000000 -27.4907885988862368)
continue (22000.0000000000000000 -27.5063096436723988)
continue (22500.0000000000000000 -27.5214768599157829)
continue (23000.0000000000000000 -27.5363058628664206)
continue (23500.0000000000000000 -27.5508112582774523)
continue (24000.0000000000000000 -27.5650067275297452)
continue (24500.0000000000000000 -27.5789051039719340)
continue (25000.0000000000000000 -27.5925184415414719)
continue (25500.0000000000000000 -27.6058580765844646)
continue (26000.0000000000000000 -27.6189346836675824)
continue (26500.0000000000000000 -27.6317583260691535)
continue (27000.0000000000000000 -27.6443385015463683)
continue (27500.0000000000000000 -27.6566841838996282)
continue (28000.0000000000000000 -27.6688038607883904)
continue (28500.0000000000000000 -27.6807055681969452)
continue (29000.0000000000000000 -27.6923969219000590)
continue (29500.0000000000000000 -27.7038851462365479)
continue (30000.0000000000000000 -27.7151771004622773)
continue (30500.0000000000000000 -27.7262793029229222)
continue (31000.0000000000000000 -27.7371979532594324)
continue (31500.0000000000000000 -27.7479389528352023)
continue (32000.0000000000000000 -27.7585079235530046)
continue (32500.0000000000000000 -27.7689102252117728)
continue (33000.0000000000000000 -27.7791509715368790)
continue (33500.0000000000000000 -27.7892350450040126)
continue (34000.0000000000000000 -27.7991671105636229)
continue (34500.0000000000000000 -27.8089516283625926)
continue (35000.0000000000000000 -27.8185928655496184)
continue (35500.0000000000000000 -27.8280949072424590)
continue (36000.0000000000000000 -27.8374616667273536)
continue (36500.0000000000000000 -27.8466968949542668)
continue (37000.0000000000000000 -27.8558041893854629)
continue (37500.0000000000000000 -27.8647870022495461)
continue (38000.0000000000000000 -27.8736486482482633)
continue (38500.0000000000000000 -27.8823923117590233)
continue (39000.0000000000000000 -27.8910210535722420)
continue (39500.0000000000000000 -27.8995378171989366)
continue (40000.0000000000000000 -27.9079454347813147)
continue (40500.0000000000000000 -27.9162466326357475)
continue (41000.0000000000000000 -27.9244440364552489)
continue (41500.0000000000000000 -27.9325401761963867)
continue (42000.0000000000000000 -27.9405374906730906)
continue (42500.0000000000000000 -27.9484383318784140)
continue (43000.0000000000000000 -27.9562449690532269)
continue (43500.0000000000000000 -27.9639595925194264)
continue (44000.0000000000000000 -27.9715843172938570)
continue (44500.0000000000000000 -27.9791211864978422)
continue (45000.0000000000000000 -27.9865721745759117)
continue (45500.0000000000000000 -27.9939391903366008)
continue (46000.0000000000000000 -28.0012240798267875)
continue (46500.0000000000000000 -28.0084286290505240)
continue (47000.0000000000000000 -28.0155545665422636)
continue (47500.0000000000000000 -28.0226035658037915)
continue (48000.0000000000000000 -28.0295772476133891)
continue (48500.0000000000000000 -28.0364771822151937)
continue (49000.0000000000000000 -28.0433048913961862)
continue (49500.0000000000000000 -28.0500618504575705)
continue (50000.0000000000000000 -28.0567494900869505)
continue (50500.0000000000000000 -28.0633691981373268)
continue (51000.0000000000000000 -28.0699223213182236)
continue (51500.0000000000000000 -28.0764101668043189)
continue (52000.0000000000000000 -28.0828340037662088)
continue (52500.0000000000000000 -28.0891950648278339)
continue (53000.0000000000000000 -28.0954945474547841)
continue (53500.0000000000000000 -28.1017336152772756)
continue (54000.0000000000000000 -28.1079133993515633)
continue (54500.0000000000000000 -28.1140349993631347)
continue (55000.0000000000000000 -28.1200994847748618)
continue (55500.0000000000000000 -28.1261078959231696)
continue (56000.0000000000000000 -28.1320612450649534)
continue (56500.0000000000000000 -28.1379605173779268)
continue (57000.0000000000000000 -28.1438066719168205)
continue (57500.0000000000000000 -28.1496006425277763)
continue (58000.0000000000000000 -28.1553433387231102)
continue (58500.0000000000000000 -28.1610356465184637)
continue (59000.0000000000000000 -28.1666784292343024)
continue (59500.0000000000000000 -28.1722725282635302)
continue (60000.0000000000000000 -28.1778187638069468)
continue (60500.0000000000000000 -28.1833179355781560)
continue (61000.0000000000000000 -28.1887708234794125)
continue (61500.0000000000000000 -28.1941781882498468)
continue (62000.0000000000000000 -28.1995407720873992)
continue (62500.0000000000000000 -28.2048592992457650)
continue (63000.0000000000000000 -28.2101344766074966)
continue (63500.0000000000000000 -28.2153669942344507)
continue (64000.0000000000000000 -28.2205575258965702)
continue (64500.0000000000000000 -28.2257067295801178)
continue (65000.0000000000000000 -28.2308152479762242)
continue (65500.0000000000000000 -28.2358837089506771)
continue (66000.0000000000000000 -28.2409127259958765)
continue (66500.0000000000000000 -28.2459028986656442)
continue (67000.0000000000000000 -28.2508548129937651)
continue (67500.0000000000000000 -28.2557690418969401)
continue (68000.0000000000000000 -28.2606461455628306)
continue (68500.0000000000000000 -28.2654866718239006)
continue (69000.0000000000000000 -28.2702911565176009)
continue (69500.0000000000000000 -28.2750601238335655)
continue (70000.0000000000000000 -28.2797940866483408)
continue (70500.0000000000000000 -28.2844935468481395)
continue (71000.0000000000000000 -28.2891589956402605)
continue (71500.0000000000000000 -28.2937909138534707)
continue (72000.0000000000000000 -28.2983897722279778)
continue (72500.0000000000000000 -28.3029560316952953)
continue (73000.0000000000000000 -28.3074901436485256)
continue (73500.0000000000000000 -28.3119925502033603)
continue (74000.0000000000000000 -28.3164636844502731)
continue (74500.0000000000000000 -28.3209039706981365)
continue (75245.0000000000000000 -50.0000000000000000)
continue (7354000.0000000000000000 -50.0000000000000000)
f(nu) = -20.4350791980681663 at 1.0000000000000000 Ryd
