# Faucher-Giguere 2019 
# z = 0.584893
# E [Ryd] log (J_nu)
interpolate (0.0000000100100000 -50.0000000000000000)
continue (0.0990000000000000 -50.0000000000000000)
continue (0.1000000000000000 -19.3773491060642229)
continue (0.1500000000000000 -19.5318803982902125)
continue (0.2000000000000000 -19.6371198206489197)
continue (0.2500000000000001 -19.6993538936053731)
continue (0.3000000000000000 -19.7223240978392518)
continue (0.3500000000000001 -19.7515203748870078)
continue (0.4000000000000001 -19.7938934637059454)
continue (0.4500000000000001 -19.8531747657251749)
continue (0.5000000000000001 -19.9185507182722006)
continue (0.5500000000000002 -20.0024772935557280)
continue (0.6000000000000002 -20.0770345601236180)
continue (0.6500000000000001 -20.1649468061804882)
continue (0.7000000000000002 -20.2710491483266075)
continue (0.7500000000000002 -20.5879107860189130)
continue (0.8000000000000002 -20.6888671052091162)
continue (0.8500000000000002 -20.8510309156135172)
continue (0.9000000000000002 -21.0521544895156616)
continue (0.9500000000000003 -21.4211962006162118)
continue (1.0100000000000000 -21.9511638873332586)
continue (1.0600000000000001 -21.9894871490338950)
continue (1.1100000000000001 -22.0227228692730002)
continue (1.1600000000000001 -22.0567578549999759)
continue (1.2100000000000002 -22.0863125982232695)
continue (1.2600000000000002 -22.1181655999388198)
continue (1.3100000000000003 -22.1461524913937069)
continue (1.3600000000000003 -22.1736716896425179)
continue (1.4100000000000004 -22.2004564491566931)
continue (1.4600000000000004 -22.2253638540490464)
continue (1.5100000000000005 -22.2508918685613644)
continue (1.5600000000000005 -22.2734447867060901)
continue (1.6100000000000005 -22.2962769281821274)
continue (1.6600000000000006 -22.3179007152275730)
continue (1.7100000000000006 -22.3396287973905068)
continue (1.7600000000000007 -22.3631394464817284)
continue (1.8100000000000007 -22.3846575601239905)
continue (1.8600000000000008 -22.4081465104236806)
continue (1.9100000000000008 -22.4275190965321478)
continue (1.9600000000000009 -22.4444729611026439)
continue (2.0000000000000000 -22.4596310824757417)
continue (2.0099999999999998 -22.4645756653333706)
continue (2.0199999999999996 -22.4681428346975309)
continue (2.0299999999999994 -22.4727721383506314)
continue (2.0399999999999991 -22.4767375693269997)
continue (2.0499999999999989 -22.4788387449392921)
continue (2.0599999999999987 -22.4830186931450058)
continue (2.0699999999999985 -22.4889938555001727)
continue (2.0799999999999983 -22.4906708922606384)
continue (2.0899999999999981 -22.4950057285363343)
continue (2.0999999999999979 -22.4979076904777742)
continue (2.1099999999999977 -22.5040911466816134)
continue (2.1199999999999974 -22.5084405158896601)
continue (2.1299999999999972 -22.5102770782889401)
continue (2.1399999999999970 -22.5142004816649255)
continue (2.1499999999999968 -22.5191850387967705)
continue (2.1599999999999966 -22.5235035741747005)
continue (2.1699999999999964 -22.5282576763642801)
continue (2.1799999999999962 -22.5308885864297572)
continue (2.1899999999999959 -22.5349684055207931)
continue (2.1999999999999957 -22.5386583360731194)
continue (2.2099999999999955 -22.5438334744326099)
continue (2.2199999999999953 -22.5489938042047449)
continue (2.2299999999999951 -22.5509681297786919)
continue (2.2399999999999949 -22.5545044137285089)
continue (2.2499999999999947 -22.5601539402011539)
continue (2.2599999999999945 -22.5657569706835091)
continue (2.2699999999999942 -22.5695264645863212)
continue (2.2799999999999940 -22.5710385213039473)
continue (2.2899999999999938 -22.5765585793211514)
continue (2.2999999999999936 -22.5820517402712184)
continue (2.3099999999999934 -22.5862952226056954)
continue (2.3199999999999932 -22.5897617467433740)
continue (2.3299999999999930 -22.5940823857138859)
continue (2.3399999999999928 -22.5984371317823722)
continue (2.3499999999999925 -22.6027628332415063)
continue (2.3599999999999923 -22.6066840159152775)
continue (2.3699999999999921 -22.6108057644435867)
continue (2.3799999999999919 -22.6163457187380317)
continue (2.3899999999999917 -22.6219904914757457)
continue (2.3999999999999915 -22.6250194413802070)
continue (2.4099999999999913 -22.6282066926322543)
continue (2.4199999999999910 -22.6329525543777770)
continue (2.4299999999999908 -22.6374187361342649)
continue (2.4399999999999906 -22.6434554850782632)
continue (2.4499999999999904 -22.6484397578165542)
continue (2.4599999999999902 -22.6505819369705073)
continue (2.4699999999999900 -22.6550425039161247)
continue (2.4799999999999898 -22.6617728931276439)
continue (2.4899999999999896 -22.6648819112045707)
continue (2.4999999999999893 -22.6708250658196206)
continue (2.5099999999999891 -22.6745767812933252)
continue (2.5199999999999889 -22.6790714426267357)
continue (2.5299999999999887 -22.6848714528585660)
continue (2.5399999999999885 -22.6876089173362416)
continue (2.5499999999999883 -22.6922770874508295)
continue (2.5599999999999881 -22.6973937057969728)
continue (2.5699999999999878 -22.7011904871816448)
continue (2.5799999999999876 -22.7082899639817981)
continue (2.5899999999999874 -22.7143525412053364)
continue (2.5999999999999872 -22.7149237598890856)
continue (2.6099999999999870 -22.7196313678989696)
continue (2.6199999999999868 -22.7247978100661570)
continue (2.6299999999999866 -22.7285778136704195)
continue (2.6399999999999864 -22.7367483476209991)
continue (2.6499999999999861 -22.7414302164932138)
continue (2.6599999999999859 -22.7449966910822994)
continue (2.6699999999999857 -22.7480846697927426)
continue (2.6799999999999855 -22.7529840117108897)
continue (2.6899999999999853 -22.7593391729150092)
continue (2.6999999999999851 -22.7652687858265459)
continue (2.7099999999999849 -22.7695907081119273)
continue (2.7199999999999847 -22.7739662616115481)
continue (2.7299999999999844 -22.7786400443446411)
continue (2.7399999999999842 -22.7813265479631539)
continue (2.7499999999999840 -22.7882689606149498)
continue (2.7599999999999838 -22.7935204738836390)
continue (2.7699999999999836 -22.7980300832425868)
continue (2.7799999999999834 -22.8025420514443802)
continue (2.7899999999999832 -22.8076224163669927)
continue (2.7999999999999829 -22.8113169095996007)
continue (2.8099999999999827 -22.8195005609598489)
continue (2.8199999999999825 -22.8240278741825264)
continue (2.8299999999999823 -22.8272239859441051)
continue (2.8399999999999821 -22.8319276374862632)
continue (2.8499999999999819 -22.8370636586288462)
continue (2.8599999999999817 -22.8410772495660481)
continue (2.8699999999999815 -22.8458798301193227)
continue (2.8799999999999812 -22.8530643362748194)
continue (2.8899999999999810 -22.8571947369490012)
continue (2.8999999999999808 -22.8635319330484705)
continue (2.9099999999999806 -22.8669034187022220)
continue (2.9199999999999804 -22.8710363436588580)
continue (2.9299999999999802 -22.8752340719452683)
continue (2.9399999999999800 -22.8823604553281506)
continue (2.9499999999999797 -22.8873314290329688)
continue (2.9599999999999795 -22.8913823755032659)
continue (2.9699999999999793 -22.8976424492127038)
continue (2.9799999999999791 -22.9030863240130209)
continue (2.9899999999999789 -22.9073440363861636)
continue (2.9999999999999787 -22.9110732362159553)
continue (3.0099999999999785 -23.0732674193261786)
continue (3.0199999999999783 -23.0776322244823149)
continue (3.0299999999999780 -23.0817875707318372)
continue (3.0399999999999778 -23.0875625495547290)
continue (3.0499999999999776 -23.0923829321992180)
continue (3.0599999999999774 -23.0963230185182056)
continue (3.0699999999999772 -23.1005314780674773)
continue (3.0799999999999770 -23.1054114923583214)
continue (3.0899999999999768 -23.1132874670606334)
continue (3.0999999999999766 -23.1172668698600816)
continue (3.1099999999999763 -23.1218112428104661)
continue (3.1199999999999761 -23.1260427098582078)
continue (3.1299999999999759 -23.1309999819441110)
continue (3.1399999999999757 -23.1348199743603367)
continue (3.1499999999999755 -23.1385941469241487)
continue (3.1599999999999753 -23.1430947370177726)
continue (3.1699999999999751 -23.1501534979251140)
continue (3.1799999999999748 -23.1543822594891466)
continue (3.1899999999999746 -23.1589609396667910)
continue (3.1999999999999744 -23.1633161613868488)
continue (3.2099999999999742 -23.1682191814277978)
continue (3.2199999999999740 -23.1731248633217071)
continue (3.2299999999999738 -23.1776517499459729)
continue (3.2399999999999736 -23.1823780034629721)
continue (3.2499999999999734 -23.1866713910278541)
continue (3.2599999999999731 -23.1908273028987111)
continue (3.2699999999999729 -23.1959883740164585)
continue (3.2799999999999727 -23.1999786343917940)
continue (3.2899999999999725 -23.2049379267965996)
continue (3.2999999999999723 -23.2085884373145461)
continue (3.3099999999999721 -23.2127498280671922)
continue (3.3199999999999719 -23.2177204135496353)
continue (3.3299999999999716 -23.2219395050028226)
continue (3.3399999999999714 -23.2268515040324885)
continue (3.3499999999999712 -23.2309913389516005)
continue (3.3599999999999710 -23.2357501425204127)
continue (3.3699999999999708 -23.2393513764514168)
continue (3.3799999999999706 -23.2427675181548246)
continue (3.3899999999999704 -23.2481228237654989)
continue (3.3999999999999702 -23.2514609789434488)
continue (3.4099999999999699 -23.2568181027409224)
continue (3.4199999999999697 -23.2600120534718613)
continue (3.4299999999999695 -23.2653381537424480)
continue (3.4399999999999693 -23.2685318301512396)
continue (3.4499999999999691 -23.2738022477005408)
continue (3.4599999999999689 -23.2760643785197736)
continue (3.4699999999999687 -23.2821707251945256)
continue (3.4799999999999685 -23.2844395049171133)
continue (3.4899999999999682 -23.2905128917733144)
continue (3.4999999999999680 -23.2926367155212120)
continue (3.5099999999999678 -23.2987374308789690)
continue (3.5199999999999676 -23.3008273170420601)
continue (3.5299999999999674 -23.3067655941046219)
continue (3.5399999999999672 -23.3088397073556024)
continue (3.5499999999999670 -23.3147360456981829)
continue (3.5599999999999667 -23.3064786299022906)
continue (3.5699999999999665 -23.3124478360810734)
continue (3.5799999999999663 -23.3139610008609139)
continue (3.5899999999999661 -23.3200719189101413)
continue (3.5999999999999659 -23.3214542184072542)
continue (3.6099999999999657 -23.3278926892707332)
continue (3.6199999999999655 -23.3287598554243267)
continue (3.6299999999999653 -23.3354558571437742)
continue (3.6399999999999650 -23.3359274831212069)
continue (3.6499999999999648 -23.3426843957387185)
continue (3.6599999999999646 -23.3427494628008674)
continue (3.6699999999999644 -23.3497491615246311)
continue (3.6799999999999642 -23.3492238458742953)
continue (3.6899999999999640 -23.3565209877196729)
continue (3.6999999999999638 -23.3554366996374370)
continue (3.7099999999999635 -23.3629662926971626)
continue (3.7199999999999633 -23.3635279924569339)
continue (3.7299999999999631 -23.3692700294271525)
continue (3.7399999999999629 -23.3694476302791081)
continue (3.7499999999999627 -23.3751049768424402)
continue (3.7599999999999625 -23.3769596932475423)
continue (3.7699999999999623 -23.3752010030309556)
continue (3.7799999999999621 -23.3828239892255212)
continue (3.7899999999999618 -23.3801676100284510)
continue (3.7999999999999616 -23.3884203259064130)
continue (3.8099999999999614 -23.3849353785297680)
continue (3.8199999999999612 -23.3933966024658098)
continue (3.8299999999999610 -23.4011013138528838)
continue (3.8399999999999608 -23.3978640095780932)
continue (3.8499999999999606 -23.4025289869033628)
continue (3.8599999999999604 -23.3983712065491325)
continue (3.8699999999999601 -23.4069772922883139)
continue (3.8799999999999599 -23.4019914924163359)
continue (3.8899999999999597 -23.4084527734844805)
continue (3.8999999999999595 -23.4167216857797165)
continue (3.9099999999999593 -23.4117454988862868)
continue (3.9199999999999591 -23.4205074523485308)
continue (3.9299999999999589 -23.4144051634180244)
continue (3.9399999999999586 -23.4236786483757697)
continue (3.9499999999999584 -23.4322180039999139)
continue (3.9599999999999582 -23.4260972076495584)
continue (3.9699999999999580 -23.4352069061246944)
continue (3.9799999999999578 -23.4279403079618298)
continue (3.9899999999999576 -23.4376721053830401)
continue (4.0099999999999998 -23.4394472412341415)
continue (4.5099999999999998 -23.6182038123246620)
continue (5.0099999999999998 -23.6766040311219967)
continue (5.5099999999999998 -23.7299605786503172)
continue (6.0099999999999998 -23.7807195883326266)
continue (6.5099999999999998 -23.8285618869087692)
continue (7.0099999999999998 -23.8737105963033045)
continue (7.5099999999999998 -23.9162183507467603)
continue (8.0099999999999998 -23.9562322230627522)
continue (8.5099999999999998 -23.9939643674611105)
continue (9.0099999999999998 -24.0294882817049640)
continue (9.5099999999999998 -24.0628138218701935)
continue (10.0000000000000000 -24.0933197173829825)
continue (10.0099999999999998 -24.0939197310717539)
continue (15.0000000000000000 -24.2879533811009551)
continue (20.0000000000000000 -24.3646018113526921)
continue (25.0000000000000000 -24.4189588292381750)
continue (30.0000000000000000 -24.4580906395222684)
continue (35.0000000000000000 -24.4841436418015839)
continue (40.0000000000000000 -24.5018773301686750)
continue (45.0000000000000000 -24.5149806862122581)
continue (50.0000000000000000 -24.5259367532540438)
continue (55.0000000000000000 -24.5360939941422238)
continue (60.0000000000000000 -24.5455487062528555)
continue (65.0000000000000000 -24.5543805978672900)
continue (70.0000000000000000 -24.5626621861617771)
continue (75.0000000000000000 -24.5704570014554449)
continue (80.0000000000000000 -24.5778198529168854)
continue (85.0000000000000000 -24.5847977813643759)
continue (90.0000000000000000 -24.5914311542863686)
continue (95.0000000000000000 -24.5977546971163825)
continue (100.0000000000000000 -24.6037983945484662)
continue (110.0000000000000000 -24.6151469304792165)
continue (120.0000000000000000 -24.6256477138646801)
continue (130.0000000000000000 -24.6354328594901517)
continue (140.0000000000000000 -24.6446062859317756)
continue (150.0000000000000000 -24.6532510597363128)
continue (160.0000000000000000 -24.6614345473012406)
continue (170.0000000000000000 -24.6692120942559328)
continue (180.0000000000000000 -24.6766297002450585)
continue (190.0000000000000000 -24.6837259963809323)
continue (200.0000000000000000 -24.6905337302035193)
continue (210.0000000000000000 -24.6970808969959243)
continue (220.0000000000000000 -24.7033916131625553)
continue (230.0000000000000000 -24.7094867987206328)
continue (240.0000000000000000 -24.7153847166083018)
continue (250.0000000000000000 -24.7211014032424643)
continue (260.0000000000000000 -24.7266510155199448)
continue (270.0000000000000000 -24.7320461129281526)
continue (280.0000000000000000 -24.7372978887597412)
continue (290.0000000000000000 -24.7424163610378365)
continue (300.0000000000000000 -24.7474105312736548)
continue (310.0000000000000000 -24.7522885173353622)
continue (320.0000000000000000 -24.7570576653248011)
continue (330.0000000000000000 -24.7617246443140147)
continue (340.0000000000000000 -24.7662955269945009)
continue (350.0000000000000000 -24.7707758586768634)
continue (360.0000000000000000 -24.7751707166015152)
continue (370.0000000000000000 -24.7794847611463211)
continue (380.0000000000000000 -24.7837222802233406)
continue (390.0000000000000000 -24.7878872279224325)
continue (400.0000000000000000 -24.7919832582730884)
continue (410.0000000000000000 -24.7960137548458484)
continue (420.0000000000000000 -24.7999818567930639)
continue (430.0000000000000000 -24.8038904818308836)
continue (440.0000000000000000 -24.8077423465832183)
continue (450.0000000000000000 -24.8115399846428133)
continue (460.0000000000000000 -24.8152857626500420)
continue (470.0000000000000000 -24.8189818946444660)
continue (480.0000000000000000 -24.8226304549073795)
continue (490.0000000000000000 -24.8262333894815690)
continue (500.0000000000000000 -24.8297925265284611)
continue (510.0000000000000000 -24.8333095856605262)
continue (520.0000000000000000 -24.8367861863684993)
continue (530.0000000000000000 -24.8402238556462684)
continue (540.0000000000000000 -24.8436240349039181)
continue (550.0000000000000000 -24.8469880862466646)
continue (560.0000000000000000 -24.8503172981886209)
continue (570.0000000000000000 -24.8536128908610152)
continue (580.0000000000000000 -24.8568760207678956)
continue (590.0000000000000000 -24.8601077851354297)
continue (600.0000000000000000 -24.8633092258959110)
continue (610.0000000000000000 -24.8664813333426657)
continue (620.0000000000000000 -24.8696250494878441)
continue (630.0000000000000000 -24.8727412711517744)
continue (640.0000000000000000 -24.8758308528091057)
continue (650.0000000000000000 -24.8788946092143100)
continue (660.0000000000000000 -24.8819333178269559)
continue (670.0000000000000000 -24.8849477210545800)
continue (680.0000000000000000 -24.8879385283295100)
continue (690.0000000000000000 -24.8909064180340458)
continue (700.0000000000000000 -24.8938520392873741)
continue (710.0000000000000000 -24.8967760136055212)
continue (720.0000000000000000 -24.8996789364453974)
continue (730.0000000000000000 -24.9025613786423499)
continue (740.0000000000000000 -24.9054238877500040)
continue (750.0000000000000000 -24.9082669892899915)
continue (760.0000000000000000 -24.9110911879192223)
continue (770.0000000000000000 -24.9138969685205964)
continue (780.0000000000000000 -24.9166847972235814)
continue (790.0000000000000000 -24.9194551223595795)
continue (800.0000000000000000 -24.9222083753574637)
continue (810.0000000000000000 -24.9249449715832299)
continue (820.0000000000000000 -24.9276653111284219)
continue (830.0000000000000000 -24.9303697795505030)
continue (840.0000000000000000 -24.9330587485690955)
continue (850.0000000000000000 -24.9357325767209552)
continue (860.0000000000000000 -24.9383916099766445)
continue (870.0000000000000000 -24.9410361823215574)
continue (880.0000000000000000 -24.9436666163037870)
continue (890.0000000000000000 -24.9462832235509957)
continue (900.0000000000000000 -24.9488863052584406)
continue (910.0000000000000000 -24.9514761526499989)
continue (920.0000000000000000 -24.9540530474140994)
continue (930.0000000000000000 -24.9566172621159232)
continue (940.0000000000000000 -24.9591690605877865)
continue (950.0000000000000000 -24.9617086982986045)
continue (960.0000000000000000 -24.9642364227043068)
continue (970.0000000000000000 -24.9667524735795894)
continue (980.0000000000000000 -24.9692570833326926)
continue (990.0000000000000000 -24.9717504773050862)
continue (1000.0000000000000000 -24.9742328740554420)
continue (1200.0000000000000000 -25.0218578279650856)
continue (1400.0000000000000000 -25.0664049229510475)
continue (1600.0000000000000000 -25.1086638364891215)
continue (1800.0000000000000000 -25.1491434075011107)
continue (2000.0000000000000000 -25.1881883842999308)
continue (2200.0000000000000000 -25.2260391935239774)
continue (2400.0000000000000000 -25.2628650886558006)
continue (2600.0000000000000000 -25.2987841128154791)
continue (2800.0000000000000000 -25.3338761809830117)
continue (3000.0000000000000000 -25.3681923467443085)
continue (3200.0000000000000000 -25.4017619016877312)
continue (3400.0000000000000000 -25.4345982329646993)
continue (3600.0000000000000000 -25.4667030623300121)
continue (3800.0000000000000000 -25.4980708235374642)
continue (4000.0000000000000000 -25.5286912296324466)
continue (4200.0000000000000000 -25.5585537420102931)
continue (4400.0000000000000000 -25.5876467665676230)
continue (4600.0000000000000000 -25.6159633987162536)
continue (4800.0000000000000000 -25.6434993627259367)
continue (5000.0000000000000000 -25.6702553048630406)
continue (5200.0000000000000000 -25.6962354447120518)
continue (5400.0000000000000000 -25.7214489682216865)
continue (5600.0000000000000000 -25.7459100184181082)
continue (5800.0000000000000000 -25.7696352538190609)
continue (6000.0000000000000000 -25.7926418421111698)
continue (6200.0000000000000000 -25.8149526742000894)
continue (6400.0000000000000000 -25.8365900337815688)
continue (6600.0000000000000000 -25.8575771353188983)
continue (6800.0000000000000000 -25.8779377330098690)
continue (7000.0000000000000000 -25.8976999742002398)
continue (7200.0000000000000000 -25.9169000354831667)
continue (7400.0000000000000000 -25.9355688040925934)
continue (7600.0000000000000000 -25.9537346926929011)
continue (7800.0000000000000000 -25.9714238967425821)
continue (8000.0000000000000000 -25.9886606192525740)
continue (8200.0000000000000000 -26.0054672677733656)
continue (8400.0000000000000000 -26.0218646276289682)
continue (8600.0000000000000000 -26.0378720147536278)
continue (8800.0000000000000000 -26.0535074109466755)
continue (9000.0000000000000000 -26.0687875839178815)
continue (9200.0000000000000000 -26.0837281941302805)
continue (9400.0000000000000000 -26.0983438901452729)
continue (9600.0000000000000000 -26.1126483939233403)
continue (9800.0000000000000000 -26.1266545773238228)
continue (10000.0000000000000000 -26.1403745308712523)
continue (10200.0000000000000000 -26.1538196257077225)
continue (10400.0000000000000000 -26.1670005695256407)
continue (10600.0000000000000000 -26.1799274571693559)
continue (10800.0000000000000000 -26.1926098165038219)
continue (11000.0000000000000000 -26.2050566500718283)
continue (11500.0000000000000000 -26.2351980825688251)
continue (12000.0000000000000000 -26.2640407537024601)
continue (12500.0000000000000000 -26.2916910738386065)
continue (13000.0000000000000000 -26.3182429080911398)
continue (13500.0000000000000000 -26.3437794729643819)
continue (14000.0000000000000000 -26.3683748876747686)
continue (14500.0000000000000000 -26.3920954529444636)
continue (15000.0000000000000000 -26.4150007127652700)
continue (15500.0000000000000000 -26.4371443418786214)
continue (16000.0000000000000000 -26.4585748922073947)
continue (16500.0000000000000000 -26.4793364243089187)
continue (17000.0000000000000000 -26.4994690444652683)
continue (17500.0000000000000000 -26.5190093638397251)
continue (18000.0000000000000000 -26.5379908928853609)
continue (18500.0000000000000000 -26.5564443816604268)
continue (19000.0000000000000000 -26.5743981147144588)
continue (19500.0000000000000000 -26.5918781676322453)
continue (20000.0000000000000000 -26.6089086310655922)
continue (20500.0000000000000000 -26.6255118070744565)
continue (21000.0000000000000000 -26.6417083817847384)
continue (21500.0000000000000000 -26.6575175777097044)
continue (22000.0000000000000000 -26.6729572885426620)
continue (22500.0000000000000000 -26.6880441987867272)
continue (23000.0000000000000000 -26.7027938902230559)
continue (23500.0000000000000000 -26.7172209369174567)
continue (24000.0000000000000000 -26.7313389902145602)
continue (24500.0000000000000000 -26.7451608549594226)
continue (25000.0000000000000000 -26.7586985580108490)
continue (25500.0000000000000000 -26.7719634099632131)
continue (26000.0000000000000000 -26.7849660608687330)
continue (26500.0000000000000000 -26.7977165506465766)
continue (27000.0000000000000000 -26.8102243547751442)
continue (27500.0000000000000000 -26.8224984257873871)
continue (28000.0000000000000000 -26.8345472310233042)
continue (28500.0000000000000000 -26.8463787870374482)
continue (29000.0000000000000000 -26.8580006910108260)
continue (29500.0000000000000000 -26.8694201494747489)
continue (30000.0000000000000000 -26.8806440046179276)
continue (30500.0000000000000000 -26.8916787584167523)
continue (31000.0000000000000000 -26.9025305948013198)
continue (31500.0000000000000000 -26.9132054000459568)
continue (32000.0000000000000000 -26.9237087815521861)
continue (32500.0000000000000000 -26.9340460851737831)
continue (33000.0000000000000000 -26.9442224112176802)
continue (33500.0000000000000000 -26.9542426292402020)
continue (34000.0000000000000000 -26.9641113917459023)
continue (34500.0000000000000000 -26.9738331468852266)
continue (35000.0000000000000000 -26.9834121502374131)
continue (35500.0000000000000000 -26.9928524757567097)
continue (36000.0000000000000000 -27.0021580259520739)
continue (36500.0000000000000000 -27.0113325413639203)
continue (37000.0000000000000000 -27.0203796093953095)
continue (37500.0000000000000000 -27.0293026725496723)
continue (38000.0000000000000000 -27.0381050361222606)
continue (38500.0000000000000000 -27.0467898753881748)
continue (39000.0000000000000000 -27.0553602423260564)
continue (39500.0000000000000000 -27.0638190719129206)
continue (40000.0000000000000000 -27.0721691880225350)
continue (40500.0000000000000000 -27.0804133089569561)
continue (41000.0000000000000000 -27.0885540526382051)
continue (41500.0000000000000000 -27.0965939414848904)
continue (42000.0000000000000000 -27.1045354069963800)
continue (42500.0000000000000000 -27.1123807940653592)
continue (43000.0000000000000000 -27.1201323650378185)
continue (43500.0000000000000000 -27.1277923035380297)
continue (44000.0000000000000000 -27.1353627180746493)
continue (44500.0000000000000000 -27.1428456454427796)
continue (45000.0000000000000000 -27.1502430539356858)
continue (45500.0000000000000000 -27.1575568463788564)
continue (46000.0000000000000000 -27.1647888629979590)
continue (46500.0000000000000000 -27.1719408841316010)
continue (47000.0000000000000000 -27.1790146327987827)
continue (47500.0000000000000000 -27.1860117771302860)
continue (48000.0000000000000000 -27.1929339326726307)
continue (48500.0000000000000000 -27.1997826645724068)
continue (49000.0000000000000000 -27.2065594896484697)
continue (49500.0000000000000000 -27.2132658783587722)
continue (50000.0000000000000000 -27.2199032566681929)
continue (50500.0000000000000000 -27.2264730078233441)
continue (51000.0000000000000000 -27.2329764740397451)
continue (51500.0000000000000000 -27.2394149581066358)
continue (52000.0000000000000000 -27.2457897249140899)
continue (52500.0000000000000000 -27.2521020029069874)
continue (53000.0000000000000000 -27.2583529854699265)
continue (53500.0000000000000000 -27.2645438322470675)
continue (54000.0000000000000000 -27.2706756704004363)
continue (54500.0000000000000000 -27.2767495958101733)
continue (55000.0000000000000000 -27.2827666742199177)
continue (55500.0000000000000000 -27.2887279423302225)
continue (56000.0000000000000000 -27.2946344088428887)
continue (56500.0000000000000000 -27.3004870554588344)
continue (57000.0000000000000000 -27.3062868378318804)
continue (57500.0000000000000000 -27.3120346864808603)
continue (58000.0000000000000000 -27.3177315076621525)
continue (58500.0000000000000000 -27.3233781842047279)
continue (59000.0000000000000000 -27.3289755763095670)
continue (59500.0000000000000000 -27.3345245223153519)
continue (60000.0000000000000000 -27.3400258394319913)
continue (60500.0000000000000000 -27.3454803244437166)
continue (61000.0000000000000000 -27.3508887543831598)
continue (61500.0000000000000000 -27.3562518871779154)
continue (62000.0000000000000000 -27.3615704622708016)
continue (62500.0000000000000000 -27.3668452012152628)
continue (63000.0000000000000000 -27.3720768082469448)
continue (63500.0000000000000000 -27.3772659708326600)
continue (64000.0000000000000000 -27.3824133601977913)
continue (64500.0000000000000000 -27.3875196318331326)
continue (65000.0000000000000000 -27.3925854259821229)
continue (65500.0000000000000000 -27.3976113681093949)
continue (66000.0000000000000000 -27.4025980693514484)
continue (66500.0000000000000000 -27.4075461269503329)
continue (67000.0000000000000000 -27.4124561246709852)
continue (67500.0000000000000000 -27.4173286332031232)
continue (68000.0000000000000000 -27.4221642105481891)
continue (68500.0000000000000000 -27.4269634023921540)
continue (69000.0000000000000000 -27.4317267424647007)
continue (69500.0000000000000000 -27.4364547528854743)
continue (70000.0000000000000000 -27.4411479444978177)
continue (70500.0000000000000000 -27.4458068171906859)
continue (71000.0000000000000000 -27.4504318602091217)
continue (71500.0000000000000000 -27.4550235524538131)
continue (72000.0000000000000000 -27.4595823627702380)
continue (72500.0000000000000000 -27.4641087502277266)
continue (73000.0000000000000000 -27.4686031643889592)
continue (73500.0000000000000000 -27.4730660455702314)
continue (74000.0000000000000000 -27.4774978250928896)
continue (74500.0000000000000000 -27.4818989255262665)
continue (75245.0000000000000000 -50.0000000000000000)
continue (7354000.0000000000000000 -50.0000000000000000)
f(nu) = -20.7658494891070582 at 1.0000000000000000 Ryd
