# Faucher-Giguere 2019 
# z = 6.079458
# E [Ryd] log (J_nu)
interpolate (0.0000000100100000 -50.0000000000000000)
continue (0.0990000000000000 -50.0000000000000000)
continue (0.1000000000000000 -19.2274111268675121)
continue (0.1500000000000000 -19.3082754955851144)
continue (0.2000000000000000 -19.4119226411248427)
continue (0.2500000000000001 -19.6557880090753905)
continue (0.3000000000000000 -19.6760224308736191)
continue (0.3500000000000001 -19.6817968616375722)
continue (0.4000000000000001 -19.6733953041663767)
continue (0.4500000000000001 -19.6807006189373404)
continue (0.5000000000000001 -19.6831444208445099)
continue (0.5500000000000002 -19.6975498642379208)
continue (0.6000000000000002 -19.5208789573544479)
continue (0.6500000000000001 -19.4038045604395926)
continue (0.7000000000000002 -19.3479507604726635)
continue (0.7500000000000002 -19.8101414712504855)
continue (0.8000000000000002 -19.8594455573487565)
continue (0.8500000000000002 -19.9789490997081316)
continue (0.9000000000000002 -20.1496598216069636)
continue (0.9500000000000003 -20.4551684644495744)
continue (1.0100000000000000 -21.8608276666324244)
continue (1.0600000000000001 -21.9379966681584087)
continue (1.1100000000000001 -21.9915314282545751)
continue (1.1600000000000001 -22.1023155517325911)
continue (1.2100000000000002 -22.0689322908255612)
continue (1.2600000000000002 -22.0943066009395075)
continue (1.3100000000000003 -22.1182544740765898)
continue (1.3600000000000003 -22.1323734326526314)
continue (1.4100000000000004 -22.1652352821992373)
continue (1.4600000000000004 -22.1776353511819586)
continue (1.5100000000000005 -22.1538636523064518)
continue (1.5600000000000005 -22.1694988352127531)
continue (1.6100000000000005 -22.2223971437169681)
continue (1.6600000000000006 -22.2264789151980082)
continue (1.7100000000000006 -22.1615647197365426)
continue (1.7600000000000007 -22.1674576913618608)
continue (1.8100000000000007 -22.1995379814020488)
continue (1.8600000000000008 -22.2439004393861772)
continue (1.9100000000000008 -22.2326221705235909)
continue (1.9600000000000009 -22.2996760085073689)
continue (2.0000000000000000 -22.3153627647690911)
continue (2.0099999999999998 -22.2689815275960008)
continue (2.0199999999999996 -22.3144849854447074)
continue (2.0299999999999994 -22.3506645336052792)
continue (2.0399999999999991 -22.2996599948507672)
continue (2.0499999999999989 -22.3192758764944088)
continue (2.0599999999999987 -22.3491214472610302)
continue (2.0699999999999985 -22.3257721344312543)
continue (2.0799999999999983 -22.2919650106620182)
continue (2.0899999999999981 -22.3405891656968230)
continue (2.0999999999999979 -22.2980745268680209)
continue (2.1099999999999977 -22.3193282004379903)
continue (2.1199999999999974 -22.3131247276620712)
continue (2.1299999999999972 -22.3057270153038303)
continue (2.1399999999999970 -22.3398746371942991)
continue (2.1499999999999968 -22.3178826473931160)
continue (2.1599999999999966 -22.3353107684560932)
continue (2.1699999999999964 -22.3940593651009863)
continue (2.1799999999999962 -22.3489609352770344)
continue (2.1899999999999959 -22.3438390864902026)
continue (2.1999999999999957 -22.3777925688091663)
continue (2.2099999999999955 -22.3489308534738633)
continue (2.2199999999999953 -22.3636697030718814)
continue (2.2299999999999951 -22.4146562575181783)
continue (2.2399999999999949 -22.3575624697362798)
continue (2.2499999999999947 -22.3847048367327730)
continue (2.2599999999999945 -22.4347032117324403)
continue (2.2699999999999942 -22.3991362950359516)
continue (2.2799999999999940 -22.4120018736903575)
continue (2.2899999999999938 -22.4689641340248798)
continue (2.2999999999999936 -22.4362923801987861)
continue (2.3099999999999934 -22.4548161786602734)
continue (2.3199999999999932 -22.4926272487220125)
continue (2.3299999999999930 -22.4331840118214636)
continue (2.3399999999999928 -22.4980249508650019)
continue (2.3499999999999925 -22.5046396904139741)
continue (2.3599999999999923 -22.4635790200721601)
continue (2.3699999999999921 -22.5322985364904724)
continue (2.3799999999999919 -22.5128001915820555)
continue (2.3899999999999917 -22.4839578552050163)
continue (2.3999999999999915 -22.5372848737925402)
continue (2.4099999999999913 -22.4839504621334214)
continue (2.4199999999999910 -22.5007857388883821)
continue (2.4299999999999908 -22.4945313098012214)
continue (2.4399999999999906 -22.4570128966501130)
continue (2.4499999999999904 -22.5125376162031436)
continue (2.4599999999999902 -22.4542919218744785)
continue (2.4699999999999900 -22.5077034788445296)
continue (2.4799999999999898 -22.4974990221297659)
continue (2.4899999999999896 -22.5107523575000634)
continue (2.4999999999999893 -22.5635416085817120)
continue (2.5099999999999891 -22.4984601713141679)
continue (2.5199999999999889 -22.5506712094530037)
continue (2.5299999999999887 -22.4885046269502276)
continue (2.5399999999999885 -22.5389030982096692)
continue (2.5499999999999883 -22.5342391851172046)
continue (2.5599999999999881 -22.5188998933461946)
continue (2.5699999999999878 -22.5207595048961160)
continue (2.5799999999999876 -22.4939324908482874)
continue (2.5899999999999874 -22.4985941338903608)
continue (2.5999999999999872 -22.4742299619287564)
continue (2.6099999999999870 -22.4944185339689966)
continue (2.6199999999999868 -22.4683932364138670)
continue (2.6299999999999866 -22.4587413898321451)
continue (2.6399999999999864 -22.4794429498451613)
continue (2.6499999999999861 -22.4643997185501867)
continue (2.6599999999999859 -22.4571542430829503)
continue (2.6699999999999857 -22.4334712154538209)
continue (2.6799999999999855 -22.4501929823744213)
continue (2.6899999999999853 -22.4457636202939099)
continue (2.6999999999999851 -22.4234970817321653)
continue (2.7099999999999849 -22.4352508082849837)
continue (2.7199999999999847 -22.4071570885717328)
continue (2.7299999999999844 -22.4023877359392571)
continue (2.7399999999999842 -22.3823370797767716)
continue (2.7499999999999840 -22.3746325491066642)
continue (2.7599999999999838 -22.3524565493831027)
continue (2.7699999999999836 -22.3470058267529907)
continue (2.7799999999999834 -22.3393613613856488)
continue (2.7899999999999832 -22.3252308736423934)
continue (2.7999999999999829 -22.3334798685047247)
continue (2.8099999999999827 -22.3139092900139389)
continue (2.8199999999999825 -22.3239176010872065)
continue (2.8299999999999823 -22.3066619065396061)
continue (2.8399999999999821 -22.2630827260859228)
continue (2.8499999999999819 -22.2816946088196026)
continue (2.8599999999999817 -22.2328801368544262)
continue (2.8699999999999815 -22.2424171402895894)
continue (2.8799999999999812 -22.1970969997504035)
continue (2.8899999999999810 -22.2031357444515329)
continue (2.8999999999999808 -22.1550044145226508)
continue (2.9099999999999806 -22.1693366510806591)
continue (2.9199999999999804 -22.1158388541968023)
continue (2.9299999999999802 -22.1196587538526792)
continue (2.9399999999999800 -22.0717051193224343)
continue (2.9499999999999797 -22.0812827525270023)
continue (2.9599999999999795 -22.0368610575482826)
continue (2.9699999999999793 -22.0400839931042896)
continue (2.9799999999999791 -21.9941497864625504)
continue (2.9899999999999789 -21.9950181692047693)
continue (2.9999999999999787 -22.0049949727850276)
continue (3.0099999999999785 -22.7196912339177466)
continue (3.0199999999999783 -22.7230516688531061)
continue (3.0299999999999780 -22.7015036888587787)
continue (3.0399999999999778 -22.7230225123850325)
continue (3.0499999999999776 -22.7088668972234444)
continue (3.0599999999999774 -22.7466770185046450)
continue (3.0699999999999772 -22.7182274094902255)
continue (3.0799999999999770 -22.7860724878285126)
continue (3.0899999999999768 -22.7417667073949019)
continue (3.0999999999999766 -22.7912609281152001)
continue (3.1099999999999763 -22.7200414043965466)
continue (3.1199999999999761 -22.8028733890793411)
continue (3.1299999999999759 -22.7031986443456830)
continue (3.1399999999999757 -22.7734789682215606)
continue (3.1499999999999755 -22.7101410742963559)
continue (3.1599999999999753 -22.7423187316018520)
continue (3.1699999999999751 -22.7303276038505047)
continue (3.1799999999999748 -22.7388551987881584)
continue (3.1899999999999746 -22.7485687444732463)
continue (3.1999999999999744 -22.7478307918689104)
continue (3.2099999999999742 -22.7521848724114335)
continue (3.2199999999999740 -22.7696586060050450)
continue (3.2299999999999738 -22.7679633878369962)
continue (3.2399999999999736 -22.7899048752786832)
continue (3.2499999999999734 -22.8051027539751026)
continue (3.2599999999999731 -22.8144026659536365)
continue (3.2699999999999729 -22.8583222600680820)
continue (3.2799999999999727 -22.8240671244598339)
continue (3.2899999999999725 -22.8512074904089921)
continue (3.2999999999999723 -22.8273340360488461)
continue (3.3099999999999721 -22.8513358653071315)
continue (3.3199999999999719 -22.8792892700212249)
continue (3.3299999999999716 -22.9006166885614419)
continue (3.3399999999999714 -22.9745206497462355)
continue (3.3499999999999712 -22.9648011955062721)
continue (3.3599999999999710 -23.0231326189549321)
continue (3.3699999999999708 -23.0276361614333460)
continue (3.3799999999999706 -23.0335101207516821)
continue (3.3899999999999704 -23.0633899196226828)
continue (3.3999999999999702 -23.0760594829018117)
continue (3.4099999999999699 -23.1120678916429405)
continue (3.4199999999999697 -23.0814602054859108)
continue (3.4299999999999695 -23.1369348863746502)
continue (3.4399999999999693 -23.1325566714095210)
continue (3.4499999999999691 -23.1323707427967022)
continue (3.4599999999999689 -23.1932497944922105)
continue (3.4699999999999687 -23.1439353525577722)
continue (3.4799999999999685 -23.2743451045944774)
continue (3.4899999999999682 -23.2355304732538031)
continue (3.4999999999999680 -23.2840841979715307)
continue (3.5099999999999678 -23.4775746116651014)
continue (3.5199999999999676 -23.3914010386321181)
continue (3.5299999999999674 -23.5218715124217326)
continue (3.5399999999999672 -23.6051950352410778)
continue (3.5499999999999670 -23.6556938792639428)
continue (3.5599999999999667 -23.1548878329581136)
continue (3.5699999999999665 -23.1148585526962265)
continue (3.5799999999999663 -23.1634244319513130)
continue (3.5899999999999661 -23.1109592435140740)
continue (3.5999999999999659 -23.2358361279077243)
continue (3.6099999999999657 -23.2645492759064858)
continue (3.6199999999999655 -23.2419133755863854)
continue (3.6299999999999653 -23.3960685858672619)
continue (3.6399999999999650 -23.3897304777860597)
continue (3.6499999999999648 -23.4382933606154928)
continue (3.6599999999999646 -23.4893647022622361)
continue (3.6699999999999644 -23.4997691484681468)
continue (3.6799999999999642 -23.6070636124192141)
continue (3.6899999999999640 -23.6385788446248988)
continue (3.6999999999999638 -23.7129783262003428)
continue (3.7099999999999635 -23.7129848305603090)
continue (3.7199999999999633 -23.7246824035488899)
continue (3.7299999999999631 -24.1012281155192731)
continue (3.7399999999999629 -24.0408601562580664)
continue (3.7499999999999627 -23.9047982726816564)
continue (3.7599999999999625 -23.6177451657906765)
continue (3.7699999999999623 -23.8508174270596385)
continue (3.7799999999999621 -23.6909415397739593)
continue (3.7899999999999618 -23.8681876329824760)
continue (3.7999999999999616 -24.1083028985418721)
continue (3.8099999999999614 -24.0076371352755125)
continue (3.8199999999999612 -24.2079933628475956)
continue (3.8299999999999610 -24.4019006960027056)
continue (3.8399999999999608 -24.5209634912444372)
continue (3.8499999999999606 -24.1693198278525081)
continue (3.8599999999999604 -24.0054928123954454)
continue (3.8699999999999601 -24.2668810449290007)
continue (3.8799999999999599 -24.5946637091010878)
continue (3.8899999999999597 -23.8141085140754640)
continue (3.8999999999999595 -23.7890705187190790)
continue (3.9099999999999593 -23.8758070204202539)
continue (3.9199999999999591 -23.8025847910017418)
continue (3.9299999999999589 -23.8454243251334432)
continue (3.9399999999999586 -23.9104921244844917)
continue (3.9499999999999584 -23.7561740042808509)
continue (3.9599999999999582 -23.8923145302463276)
continue (3.9699999999999580 -23.8786048553476675)
continue (3.9799999999999578 -23.7226732054806142)
continue (3.9899999999999576 -23.9747133504889867)
continue (4.0099999999999998 -24.6505100407469833)
continue (4.5099999999999998 -25.9533406625813932)
continue (5.0099999999999998 -26.4378387771115868)
continue (5.5099999999999998 -26.3575300920974236)
continue (6.0099999999999998 -26.6911886932818767)
continue (6.5099999999999998 -26.4461760253338554)
continue (7.0099999999999998 -26.5280594439586501)
continue (7.5099999999999998 -26.7181777031769911)
continue (8.0099999999999998 -26.7419227287129715)
continue (8.5099999999999998 -26.7466210345865747)
continue (9.0099999999999998 -26.7572971277866891)
continue (9.5099999999999998 -26.7550208211211249)
continue (10.0000000000000000 -26.7484062834231437)
continue (10.0099999999999998 -26.7482239049858670)
continue (15.0000000000000000 -26.6717735118910468)
continue (20.0000000000000000 -26.5563419883714822)
continue (25.0000000000000000 -26.3837447089773249)
continue (30.0000000000000000 -26.2967317856215814)
continue (35.0000000000000000 -26.2400996865563627)
continue (40.0000000000000000 -26.2066409109707017)
continue (45.0000000000000000 -26.1817144023364818)
continue (50.0000000000000000 -26.1521551531394998)
continue (55.0000000000000000 -26.1332069738878374)
continue (60.0000000000000000 -26.1215480500023673)
continue (65.0000000000000000 -26.1148207656693288)
continue (70.0000000000000000 -26.1114433298920581)
continue (75.0000000000000000 -26.1103549278522244)
continue (80.0000000000000000 -26.1108394218679081)
continue (85.0000000000000000 -26.1124086181492103)
continue (90.0000000000000000 -26.1147260937673558)
continue (95.0000000000000000 -26.1175575171004866)
continue (100.0000000000000000 -26.1207380355269265)
continue (110.0000000000000000 -26.1277117187074381)
continue (120.0000000000000000 -26.1350553572272730)
continue (130.0000000000000000 -26.1424617459945985)
continue (140.0000000000000000 -26.1497709664331133)
continue (150.0000000000000000 -26.1569017433433153)
continue (160.0000000000000000 -26.1638157507140185)
continue (170.0000000000000000 -26.1704984221533792)
continue (180.0000000000000000 -26.1769483483689385)
continue (190.0000000000000000 -26.1831712923989137)
continue (200.0000000000000000 -26.1891767595094116)
continue (210.0000000000000000 -26.1949760146066666)
continue (220.0000000000000000 -26.2005809361138944)
continue (230.0000000000000000 -26.2060033606981122)
continue (240.0000000000000000 -26.2112547192039180)
continue (250.0000000000000000 -26.2163458463763064)
continue (260.0000000000000000 -26.2212868942968740)
continue (270.0000000000000000 -26.2260873072080294)
continue (280.0000000000000000 -26.2307558319626679)
continue (290.0000000000000000 -26.2353005483399073)
continue (300.0000000000000000 -26.2397289095851818)
continue (310.0000000000000000 -26.2440477873206852)
continue (320.0000000000000000 -26.2482635173118659)
continue (330.0000000000000000 -26.2523819440459079)
continue (340.0000000000000000 -26.2564084629880483)
continue (350.0000000000000000 -26.2603480599506938)
continue (360.0000000000000000 -26.2642053473563521)
continue (370.0000000000000000 -26.2679845973861212)
continue (380.0000000000000000 -26.2716897721297578)
continue (390.0000000000000000 -26.2753245509149878)
continue (400.0000000000000000 -26.2788923550286420)
continue (410.0000000000000000 -26.2823963700511527)
continue (420.0000000000000000 -26.2858395660256434)
continue (430.0000000000000000 -26.2892247156684462)
continue (440.0000000000000000 -26.2925544108154412)
continue (450.0000000000000000 -26.2958310772879180)
continue (460.0000000000000000 -26.2990569883355860)
continue (470.0000000000000000 -26.3022342768070381)
continue (480.0000000000000000 -26.3053649461790151)
continue (490.0000000000000000 -26.3084508805615300)
continue (500.0000000000000000 -26.3114938537891270)
continue (510.0000000000000000 -26.3144955376854277)
continue (520.0000000000000000 -26.3174575095914669)
continue (530.0000000000000000 -26.3203812592282631)
continue (540.0000000000000000 -26.3232681949638874)
continue (550.0000000000000000 -26.3261196495395566)
continue (560.0000000000000000 -26.3289368853132402)
continue (570.0000000000000000 -26.3317210990641151)
continue (580.0000000000000000 -26.3344734264004927)
continue (590.0000000000000000 -26.3371949458103387)
continue (600.0000000000000000 -26.3398866823876148)
continue (610.0000000000000000 -26.3425496112614823)
continue (620.0000000000000000 -26.3451846607616638)
continue (630.0000000000000000 -26.3477927153371638)
continue (640.0000000000000000 -26.3503746182563638)
continue (650.0000000000000000 -26.3529311741016485)
continue (660.0000000000000000 -26.3554631510828443)
continue (670.0000000000000000 -26.3579712831812749)
continue (680.0000000000000000 -26.3604562721385030)
continue (690.0000000000000000 -26.3629187893045867)
continue (700.0000000000000000 -26.3653594773574369)
continue (710.0000000000000000 -26.3677789519029879)
continue (720.0000000000000000 -26.3701778029656175)
continue (730.0000000000000000 -26.3725565963781250)
continue (740.0000000000000000 -26.3749158750802479)
continue (750.0000000000000000 -26.3772561603310614)
continue (760.0000000000000000 -26.3795779528420589)
continue (770.0000000000000000 -26.3818817338388740)
continue (780.0000000000000000 -26.3841679660546582)
continue (790.0000000000000000 -26.3864370946623445)
continue (800.0000000000000000 -26.3886895481469388)
continue (810.0000000000000000 -26.3909257391287895)
continue (820.0000000000000000 -26.3931460651316918)
continue (830.0000000000000000 -26.3953509093100465)
continue (840.0000000000000000 -26.3975406411292575)
continue (850.0000000000000000 -26.3997156170090825)
continue (860.0000000000000000 -26.4018761809285998)
continue (870.0000000000000000 -26.4040226649964218)
continue (880.0000000000000000 -26.4061553899893511)
continue (890.0000000000000000 -26.4082746658611391)
continue (900.0000000000000000 -26.4103807922218650)
continue (910.0000000000000000 -26.4124740587926929)
continue (920.0000000000000000 -26.4145547458349803)
continue (930.0000000000000000 -26.4166231245563736)
continue (940.0000000000000000 -26.4186794574962107)
continue (950.0000000000000000 -26.4207239988904803)
continue (960.0000000000000000 -26.4227569950167656)
continue (970.0000000000000000 -26.4247786845229946)
continue (980.0000000000000000 -26.4267892987383419)
continue (990.0000000000000000 -26.4287890619691233)
continue (1000.0000000000000000 -26.4307781917796270)
continue (1200.0000000000000000 -26.4686129397426164)
continue (1400.0000000000000000 -26.5035095278341899)
continue (1600.0000000000000000 -26.5362541370354954)
continue (1800.0000000000000000 -26.5673541216884566)
continue (2000.0000000000000000 -26.5971559948263305)
continue (2200.0000000000000000 -26.6259069521241116)
continue (2400.0000000000000000 -26.6537895351505156)
continue (2600.0000000000000000 -26.6809423804537786)
continue (2800.0000000000000000 -26.7074732605967746)
continue (3000.0000000000000000 -26.7334676165357621)
continue (3200.0000000000000000 -26.7589943313441374)
continue (3400.0000000000000000 -26.7841097508096802)
continue (3600.0000000000000000 -26.8088605532505362)
continue (3800.0000000000000000 -26.8332858424704241)
continue (4000.0000000000000000 -26.8574187032976397)
continue (4200.0000000000000000 -26.8812873772344609)
continue (4400.0000000000000000 -26.9049161442503610)
continue (4600.0000000000000000 -26.9283256801791744)
continue (4800.0000000000000000 -26.9515333502945929)
continue (5000.0000000000000000 -26.9745532081613391)
continue (5200.0000000000000000 -26.9973954353619732)
continue (5400.0000000000000000 -27.0200651506853973)
continue (5600.0000000000000000 -27.0425603602727165)
continue (5800.0000000000000000 -27.0648689373127631)
continue (6000.0000000000000000 -27.0869638351084454)
continue (6200.0000000000000000 -27.1087975928002258)
continue (6400.0000000000000000 -27.1302937001338300)
continue (6600.0000000000000000 -27.1513371387384730)
continue (6800.0000000000000000 -27.1717732552878779)
continue (7000.0000000000000000 -27.1915969641638569)
continue (7200.0000000000000000 -27.2108575935858354)
continue (7400.0000000000000000 -27.2295860670493290)
continue (7600.0000000000000000 -27.2478108310872749)
continue (7800.0000000000000000 -27.2655581128510640)
continue (8000.0000000000000000 -27.2828521450584880)
continue (8200.0000000000000000 -27.2997153631538154)
continue (8400.0000000000000000 -27.3161685786917303)
continue (8600.0000000000000000 -27.3322311323117155)
continue (8800.0000000000000000 -27.3479210291133157)
continue (9000.0000000000000000 -27.3632550588127827)
continue (9200.0000000000000000 -27.3782489026833140)
continue (9400.0000000000000000 -27.3929172289912124)
continue (9600.0000000000000000 -27.4072737783759592)
continue (9800.0000000000000000 -27.4213314404244954)
continue (10000.0000000000000000 -27.4351023225037949)
continue (10200.0000000000000000 -27.4485978117748211)
continue (10400.0000000000000000 -27.4618286311799906)
continue (10600.0000000000000000 -27.4748048900960669)
continue (10800.0000000000000000 -27.4875361302497794)
continue (11000.0000000000000000 -27.5000313674173036)
continue (11500.0000000000000000 -27.5302918027053991)
continue (12000.0000000000000000 -27.5592507546506518)
continue (12500.0000000000000000 -27.5870147981567975)
continue (13000.0000000000000000 -27.6136779468366313)
continue (13500.0000000000000000 -27.6393235517692908)
continue (14000.0000000000000000 -27.6640258545906015)
continue (14500.0000000000000000 -27.6878512677774324)
continue (15000.0000000000000000 -27.7108594376730046)
continue (15500.0000000000000000 -27.7331041330430317)
continue (16000.0000000000000000 -27.7546339924295893)
continue (16500.0000000000000000 -27.7754931563993566)
continue (17000.0000000000000000 -27.7957218053216870)
continue (17500.0000000000000000 -27.8153566191235662)
continue (18000.0000000000000000 -27.8344311722207642)
continue (18500.0000000000000000 -27.8529762742911871)
continue (19000.0000000000000000 -27.8710202655652317)
continue (19500.0000000000000000 -27.8885892737256782)
continue (20000.0000000000000000 -27.9057074382551278)
continue (20500.0000000000000000 -27.9223971070586039)
continue (21000.0000000000000000 -27.9386790093710360)
continue (21500.0000000000000000 -27.9545724083034202)
continue (22000.0000000000000000 -27.9700952358362400)
continue (22500.0000000000000000 -27.9852642126296729)
continue (23000.0000000000000000 -28.0000949546549798)
continue (23500.0000000000000000 -28.0146020683481645)
continue (24000.0000000000000000 -28.0287992357373348)
continue (24500.0000000000000000 -28.0426992907854142)
continue (25000.0000000000000000 -28.0563142880134215)
continue (25500.0000000000000000 -28.0696555643224244)
continue (26000.0000000000000000 -28.0827337948074813)
continue (26500.0000000000000000 -28.0955590432503541)
continue (27000.0000000000000000 -28.1081408078883754)
continue (27500.0000000000000000 -28.1204880629803640)
continue (28000.0000000000000000 -28.1326092966237660)
continue (28500.0000000000000000 -28.1445125452216551)
continue (29000.0000000000000000 -28.1562054249495972)
continue (29500.0000000000000000 -28.1676951605302932)
continue (30000.0000000000000000 -28.1789886115874637)
continue (30500.0000000000000000 -28.1900922968197030)
continue (31000.0000000000000000 -28.2010124162066447)
continue (31500.0000000000000000 -28.2117548714369839)
continue (32000.0000000000000000 -28.2223252847261037)
continue (32500.0000000000000000 -28.2327290161735931)
continue (33000.0000000000000000 -28.2429711797941572)
continue (33500.0000000000000000 -28.2530566583419933)
continue (34000.0000000000000000 -28.2629901170359119)
continue (34500.0000000000000000 -28.2727760162814796)
continue (35000.0000000000000000 -28.2824186234768398)
continue (35500.0000000000000000 -28.2919220239804865)
continue (36000.0000000000000000 -28.3012901313110490)
continue (36500.0000000000000000 -28.3105266966429525)
continue (37000.0000000000000000 -28.3196353176554076)
continue (37500.0000000000000000 -28.3286194467867354)
continue (38000.0000000000000000 -28.3374823989415496)
continue (38500.0000000000000000 -28.3462273586935680)
continue (39000.0000000000000000 -28.3548573870232232)
continue (39500.0000000000000000 -28.3633754276256269)
continue (40000.0000000000000000 -28.3717843128213225)
continue (40500.0000000000000000 -28.3800867690995275)
continue (41000.0000000000000000 -28.3882854223208909)
continue (41500.0000000000000000 -28.3963828026045633)
continue (42000.0000000000000000 -28.4043813489222536)
continue (42500.0000000000000000 -28.4122834134202016)
continue (43000.0000000000000000 -28.4200912654879971)
continue (43500.0000000000000000 -28.4278070955920334)
continue (44000.0000000000000000 -28.4354330188895581)
continue (44500.0000000000000000 -28.4429710786383652)
continue (45000.0000000000000000 -28.4504232494157101)
continue (45500.0000000000000000 -28.4577914401592160)
continue (46000.0000000000000000 -28.4650774970413529)
continue (46500.0000000000000000 -28.4722832061884183)
continue (47000.0000000000000000 -28.4794102962538744)
continue (47500.0000000000000000 -28.4864604408554030)
continue (48000.0000000000000000 -28.4934352608841657)
continue (48500.0000000000000000 -28.5003363266943133)
continue (49000.0000000000000000 -28.5071651601800369)
continue (49500.0000000000000000 -28.5139232367470541)
continue (50000.0000000000000000 -28.5206119871849069)
continue (50500.0000000000000000 -28.5272327994459900)
continue (51000.0000000000000000 -28.5337870203368311)
continue (51500.0000000000000000 -28.5402759571267559)
continue (52000.0000000000000000 -28.5467008790787489)
continue (52500.0000000000000000 -28.5530630189069576)
continue (53000.0000000000000000 -28.5593635741650473)
continue (53500.0000000000000000 -28.5656037085692880)
continue (54000.0000000000000000 -28.5717845532600023)
continue (54500.0000000000000000 -28.5779072080048095)
continue (55000.0000000000000000 -28.5839727423468766)
continue (55500.0000000000000000 -28.5899821967011185)
continue (56000.0000000000000000 -28.5959365834011869)
continue (56500.0000000000000000 -28.6018368876998501)
continue (57000.0000000000000000 -28.6076840687252698)
continue (57500.0000000000000000 -28.6134790603954237)
continue (58000.0000000000000000 -28.6192227722929360)
continue (58500.0000000000000000 -28.6249160905022464)
continue (59000.0000000000000000 -28.6305598784111908)
continue (59500.0000000000000000 -28.6361549774786113)
continue (60000.0000000000000000 -28.6417022079698960)
continue (60500.0000000000000000 -28.6472023696619189)
continue (61000.0000000000000000 -28.6526562425188942)
continue (61500.0000000000000000 -28.6580645873406716)
continue (62000.0000000000000000 -28.6634281463846960)
continue (62500.0000000000000000 -28.6687476439629805)
continue (63000.0000000000000000 -28.6740237870152477)
continue (63500.0000000000000000 -28.6792572656593983)
continue (64000.0000000000000000 -28.6844487537203463)
continue (64500.0000000000000000 -28.6895989092382528)
continue (65000.0000000000000000 -28.6947083749571057)
continue (65500.0000000000000000 -28.6997777787945800)
continue (66000.0000000000000000 -28.7048077342939649)
continue (66500.0000000000000000 -28.7097988410590155)
continue (67000.0000000000000000 -28.7147516851725371)
continue (67500.0000000000000000 -28.7196668395993377)
continue (68000.0000000000000000 -28.7245448645743195)
continue (68500.0000000000000000 -28.7293863079763128)
continue (69000.0000000000000000 -28.7341917056883176)
continue (69500.0000000000000000 -28.7389615819446931)
continue (70000.0000000000000000 -28.7436964496659009)
continue (70500.0000000000000000 -28.7483968107813368)
continue (71000.0000000000000000 -28.7530631565406836)
continue (71500.0000000000000000 -28.7576959678143780)
continue (72000.0000000000000000 -28.7622957153835728)
continue (72500.0000000000000000 -28.7668628602200229)
continue (73000.0000000000000000 -28.7713978537563904)
continue (73500.0000000000000000 -28.7759011381472618)
continue (74000.0000000000000000 -28.7803731465213311)
continue (74500.0000000000000000 -28.7848143032250903)
continue (75245.0000000000000000 -50.0000000000000000)
continue (7354000.0000000000000000 -50.0000000000000000)
f(nu) = -20.5332385374452677 at 1.0000000000000000 Ryd
