# Faucher-Giguere 2019 
# z = 6.943282
# E [Ryd] log (J_nu)
interpolate (0.0000000100100000 -50.0000000000000000)
continue (0.0990000000000000 -50.0000000000000000)
continue (0.1000000000000000 -19.5225675651982833)
continue (0.1500000000000000 -19.6010657880625025)
continue (0.2000000000000000 -19.6767885154661180)
continue (0.2500000000000001 -19.9515100522971132)
continue (0.3000000000000000 -19.9731237457146591)
continue (0.3500000000000001 -19.9834297895925808)
continue (0.4000000000000001 -19.9716724017767078)
continue (0.4500000000000001 -19.9850798419035094)
continue (0.5000000000000001 -19.9728126112292692)
continue (0.5500000000000002 -19.9882601311171015)
continue (0.6000000000000002 -19.9760609583006641)
continue (0.6500000000000001 -19.9947284996174233)
continue (0.7000000000000002 -19.4903492025330252)
continue (0.7500000000000002 -20.0812642250523901)
continue (0.8000000000000002 -20.0993406341795797)
continue (0.8500000000000002 -20.1553859002920781)
continue (0.9000000000000002 -20.2819469084749642)
continue (0.9500000000000003 -20.5948142810219110)
continue (1.0100000000000000 -22.0080983778382837)
continue (1.0600000000000001 -22.0941257981760835)
continue (1.1100000000000001 -22.1503867108637991)
continue (1.1600000000000001 -22.2799339721798155)
continue (1.2100000000000002 -22.2371728916132909)
continue (1.2600000000000002 -22.2553755538604392)
continue (1.3100000000000003 -22.2816821698982714)
continue (1.3600000000000003 -22.3010500091396935)
continue (1.4100000000000004 -22.3084274783310583)
continue (1.4600000000000004 -22.3385220267207032)
continue (1.5100000000000005 -22.3048468513200291)
continue (1.5600000000000005 -22.3303018818342274)
continue (1.6100000000000005 -22.3482480256198528)
continue (1.6600000000000006 -22.3852858515373718)
continue (1.7100000000000006 -22.2980798196913774)
continue (1.7600000000000007 -22.3068335202343313)
continue (1.8100000000000007 -22.3391791397847328)
continue (1.8600000000000008 -22.3861657789466122)
continue (1.9100000000000008 -22.3624132542321483)
continue (1.9600000000000009 -22.4202269739770514)
continue (2.0000000000000000 -22.4325307293575520)
continue (2.0099999999999998 -22.4258214056533767)
continue (2.0199999999999996 -22.4551950161457832)
continue (2.0299999999999994 -22.4759183517954106)
continue (2.0399999999999991 -22.4359157526469311)
continue (2.0499999999999989 -22.4691643106759393)
continue (2.0599999999999987 -22.4688064196963104)
continue (2.0699999999999985 -22.4702683081412111)
continue (2.0799999999999983 -22.4371419394848672)
continue (2.0899999999999981 -22.4585733133847469)
continue (2.0999999999999979 -22.4274094943101048)
continue (2.1099999999999977 -22.4366023327007298)
continue (2.1199999999999974 -22.4438527477186653)
continue (2.1299999999999972 -22.4468789447993657)
continue (2.1399999999999970 -22.4523383729851354)
continue (2.1499999999999968 -22.4402009762762127)
continue (2.1599999999999966 -22.4698012402865253)
continue (2.1699999999999964 -22.5179401702031257)
continue (2.1799999999999962 -22.4808914781356002)
continue (2.1899999999999959 -22.4812656088728460)
continue (2.1999999999999957 -22.4704174781410018)
continue (2.2099999999999955 -22.4771328162117605)
continue (2.2199999999999953 -22.5199963911584859)
continue (2.2299999999999951 -22.5055215280828982)
continue (2.2399999999999949 -22.4730443926060524)
continue (2.2499999999999947 -22.5294061750678942)
continue (2.2599999999999945 -22.5417330371730209)
continue (2.2699999999999942 -22.5256487378081580)
continue (2.2799999999999940 -22.5396283554613319)
continue (2.2899999999999938 -22.5591797639910610)
continue (2.2999999999999936 -22.5847414982471975)
continue (2.3099999999999934 -22.6032146522264874)
continue (2.3199999999999932 -22.5667508698174473)
continue (2.3299999999999930 -22.5841309201012947)
continue (2.3399999999999928 -22.6444285016066651)
continue (2.3499999999999925 -22.5984851528991300)
continue (2.3599999999999923 -22.6308381449716869)
continue (2.3699999999999921 -22.6549179317141380)
continue (2.3799999999999919 -22.6345234665790294)
continue (2.3899999999999917 -22.6715290986201410)
continue (2.3999999999999915 -22.6384054723213275)
continue (2.4099999999999913 -22.6309812183404055)
continue (2.4199999999999910 -22.6373285371907116)
continue (2.4299999999999908 -22.6020679499778261)
continue (2.4399999999999906 -22.6066168622610064)
continue (2.4499999999999904 -22.6159083499973832)
continue (2.4599999999999902 -22.5953829584778063)
continue (2.4699999999999900 -22.6311439658468991)
continue (2.4799999999999898 -22.6301178884327143)
continue (2.4899999999999896 -22.6727669036097197)
continue (2.4999999999999893 -22.6755672515360196)
continue (2.5099999999999891 -22.6655163172070822)
continue (2.5199999999999889 -22.6809536229598905)
continue (2.5299999999999887 -22.6349446119641833)
continue (2.5399999999999885 -22.7007981774773917)
continue (2.5499999999999883 -22.6865706076164386)
continue (2.5599999999999881 -22.6893929718700811)
continue (2.5699999999999878 -22.6795805035281326)
continue (2.5799999999999876 -22.6569649161799838)
continue (2.5899999999999874 -22.6464867282663747)
continue (2.5999999999999872 -22.6615154974487538)
continue (2.6099999999999870 -22.6485968013653967)
continue (2.6199999999999868 -22.6341184208246666)
continue (2.6299999999999866 -22.6453509225871805)
continue (2.6399999999999864 -22.6321695509020486)
continue (2.6499999999999861 -22.6668831167170168)
continue (2.6599999999999859 -22.6003419768943239)
continue (2.6699999999999857 -22.5969930789288753)
continue (2.6799999999999855 -22.6077296814795048)
continue (2.6899999999999853 -22.5901020995579032)
continue (2.6999999999999851 -22.5882478217948872)
continue (2.7099999999999849 -22.5510328879329478)
continue (2.7199999999999847 -22.5800647712190923)
continue (2.7299999999999844 -22.5202777730225208)
continue (2.7399999999999842 -22.5395675576573566)
continue (2.7499999999999840 -22.5249681408899463)
continue (2.7599999999999838 -22.4705554913457526)
continue (2.7699999999999836 -22.5102687826083390)
continue (2.7799999999999834 -22.4573023569234422)
continue (2.7899999999999832 -22.4593498199358557)
continue (2.7999999999999829 -22.4598498656018641)
continue (2.8099999999999827 -22.4392835141887339)
continue (2.8199999999999825 -22.4623220547353668)
continue (2.8299999999999823 -22.4213247277073258)
continue (2.8399999999999821 -22.3908843612648241)
continue (2.8499999999999819 -22.3844498247253476)
continue (2.8599999999999817 -22.3500081447346410)
continue (2.8699999999999815 -22.3413751614882443)
continue (2.8799999999999812 -22.2984500612951990)
continue (2.8899999999999810 -22.2960620015084174)
continue (2.8999999999999808 -22.2416320532424692)
continue (2.9099999999999806 -22.2060736893137047)
continue (2.9199999999999804 -22.1893575094973912)
continue (2.9299999999999802 -22.1432886088593435)
continue (2.9399999999999800 -22.1343223737583124)
continue (2.9499999999999797 -22.0899202608125442)
continue (2.9599999999999795 -22.0888540392857102)
continue (2.9699999999999793 -22.0317763274694975)
continue (2.9799999999999791 -22.0353500349559575)
continue (2.9899999999999789 -21.9771105662605670)
continue (2.9999999999999787 -21.9887381601078431)
continue (3.0099999999999785 -22.8334799810298321)
continue (3.0199999999999783 -22.8463289657512227)
continue (3.0299999999999780 -22.8159067286721573)
continue (3.0399999999999778 -22.8380288865775611)
continue (3.0499999999999776 -22.8336577969910017)
continue (3.0599999999999774 -22.8521331611214968)
continue (3.0699999999999772 -22.8596735261004298)
continue (3.0799999999999770 -22.8847902811605159)
continue (3.0899999999999768 -22.8959575595686466)
continue (3.0999999999999766 -22.8750941141185322)
continue (3.1099999999999763 -22.8795363228138307)
continue (3.1199999999999761 -22.8700665301666390)
continue (3.1299999999999759 -22.8481640983953085)
continue (3.1399999999999757 -22.8503580031770532)
continue (3.1499999999999755 -22.8341231461921161)
continue (3.1599999999999753 -22.8267648567786701)
continue (3.1699999999999751 -22.8424221027169807)
continue (3.1799999999999748 -22.8265923729770037)
continue (3.1899999999999746 -22.8527377785831618)
continue (3.1999999999999744 -22.8322520964820903)
continue (3.2099999999999742 -22.8514351339608588)
continue (3.2199999999999740 -22.8513361626662572)
continue (3.2299999999999738 -22.8626280538033022)
continue (3.2399999999999736 -22.8745484650068391)
continue (3.2499999999999734 -22.8952154188737111)
continue (3.2599999999999731 -22.9099053155642913)
continue (3.2699999999999729 -22.9343700322025477)
continue (3.2799999999999727 -22.9210538057482367)
continue (3.2899999999999725 -22.9176161291448359)
continue (3.2999999999999723 -22.9090537696929601)
continue (3.3099999999999721 -22.9216877473834231)
continue (3.3199999999999719 -22.9594158296198287)
continue (3.3299999999999716 -22.9809120164243907)
continue (3.3399999999999714 -23.0476707298490631)
continue (3.3499999999999712 -23.0568897055992075)
continue (3.3599999999999710 -23.0938907866996281)
continue (3.3699999999999708 -23.1117742006461739)
continue (3.3799999999999706 -23.1082960857515864)
continue (3.3899999999999704 -23.1276241383037480)
continue (3.3999999999999702 -23.1574793967322172)
continue (3.4099999999999699 -23.1745617430572608)
continue (3.4199999999999697 -23.1662397610717150)
continue (3.4299999999999695 -23.1870172109216348)
continue (3.4399999999999693 -23.1999689074998479)
continue (3.4499999999999691 -23.2018215016071387)
continue (3.4599999999999689 -23.2018662748992099)
continue (3.4699999999999687 -23.2337197125557644)
continue (3.4799999999999685 -23.2803189741762040)
continue (3.4899999999999682 -23.3330304865333744)
continue (3.4999999999999680 -23.3349115298790046)
continue (3.5099999999999678 -23.4467922598517546)
continue (3.5199999999999676 -23.4824011006848323)
continue (3.5299999999999674 -23.5377217460868451)
continue (3.5399999999999672 -23.6692364355644393)
continue (3.5499999999999670 -23.7206432291678695)
continue (3.5599999999999667 -23.2400186377281308)
continue (3.5699999999999665 -23.1626548632276723)
continue (3.5799999999999663 -23.2085780628657332)
continue (3.5899999999999661 -23.1742409231774644)
continue (3.5999999999999659 -23.2770027521377401)
continue (3.6099999999999657 -23.3089453406034757)
continue (3.6199999999999655 -23.3431503112124226)
continue (3.6299999999999653 -23.4335365508378111)
continue (3.6399999999999650 -23.4665341220083121)
continue (3.6499999999999648 -23.4740082519468594)
continue (3.6599999999999646 -23.5542083649042304)
continue (3.6699999999999644 -23.6178551843018454)
continue (3.6799999999999642 -23.5660372038088504)
continue (3.6899999999999640 -23.7347255466761808)
continue (3.6999999999999638 -23.6296354083107154)
continue (3.7099999999999635 -23.7951402912966650)
continue (3.7199999999999633 -23.8230210335669277)
continue (3.7299999999999631 -24.1795012187411515)
continue (3.7399999999999629 -24.1161078481752575)
continue (3.7499999999999627 -23.9747934383524317)
continue (3.7599999999999625 -23.6889571865088833)
continue (3.7699999999999623 -23.8642891181643506)
continue (3.7799999999999621 -23.7777322978883099)
continue (3.7899999999999618 -23.8685254683195218)
continue (3.7999999999999616 -24.1738567488437468)
continue (3.8099999999999614 -24.0863124067299204)
continue (3.8199999999999612 -24.2911696660685088)
continue (3.8299999999999610 -24.5007417186946981)
continue (3.8399999999999608 -24.6337462794452478)
continue (3.8499999999999606 -24.2144780530960553)
continue (3.8599999999999604 -24.0893696306697365)
continue (3.8699999999999601 -24.3553302564180072)
continue (3.8799999999999599 -24.7206085752412577)
continue (3.8899999999999597 -23.9446212185391900)
continue (3.8999999999999595 -23.9071812316701724)
continue (3.9099999999999593 -23.8950633895264311)
continue (3.9199999999999591 -23.9336531610001906)
continue (3.9299999999999589 -23.8352892263346021)
continue (3.9399999999999586 -23.9554742115173482)
continue (3.9499999999999584 -23.8605010654205927)
continue (3.9599999999999582 -23.9031606498218565)
continue (3.9699999999999580 -23.9085269859955183)
continue (3.9799999999999578 -23.7850650117620432)
continue (3.9899999999999576 -24.0426184034256920)
continue (4.0099999999999998 -24.6968866447463995)
continue (4.5099999999999998 -26.1244085136144406)
continue (5.0099999999999998 -26.7513648072669525)
continue (5.5099999999999998 -26.6314023785025640)
continue (6.0099999999999998 -27.1966972693661511)
continue (6.5099999999999998 -26.7420076978382752)
continue (7.0099999999999998 -26.8677276177554241)
continue (7.5099999999999998 -27.2438628688089963)
continue (8.0099999999999998 -27.3085378411522761)
continue (8.5099999999999998 -27.3247472949038013)
continue (9.0099999999999998 -27.3658867933542211)
continue (9.5099999999999998 -27.3681500746530872)
continue (10.0000000000000000 -27.3596710421143854)
continue (10.0099999999999998 -27.3593327832381199)
continue (15.0000000000000000 -27.2750180396622675)
continue (20.0000000000000000 -27.1594118325870397)
continue (25.0000000000000000 -26.9806966747898116)
continue (30.0000000000000000 -26.8767867706863939)
continue (35.0000000000000000 -26.8127446368383495)
continue (40.0000000000000000 -26.7736411652588764)
continue (45.0000000000000000 -26.7461759702427671)
continue (50.0000000000000000 -26.7150708687157348)
continue (55.0000000000000000 -26.6954655324708767)
continue (60.0000000000000000 -26.6835800588819012)
continue (65.0000000000000000 -26.6768223965060827)
continue (70.0000000000000000 -26.6734974074548177)
continue (75.0000000000000000 -26.6724909542872766)
continue (80.0000000000000000 -26.6730626017981614)
continue (85.0000000000000000 -26.6747137412656734)
continue (90.0000000000000000 -26.6771040968903428)
continue (95.0000000000000000 -26.6799985106336592)
continue (100.0000000000000000 -26.6832326242553854)
continue (110.0000000000000000 -26.6902894299962981)
continue (120.0000000000000000 -26.6976912739767229)
continue (130.0000000000000000 -26.7051380968069729)
continue (140.0000000000000000 -26.7124751721474141)
continue (150.0000000000000000 -26.7196248485893229)
continue (160.0000000000000000 -26.7265513088327005)
continue (170.0000000000000000 -26.7332417313768396)
continue (180.0000000000000000 -26.7396959328898731)
continue (190.0000000000000000 -26.7459205484676055)
continue (200.0000000000000000 -26.7519257118396254)
continue (210.0000000000000000 -26.7577231467547101)
continue (220.0000000000000000 -26.7633250708825514)
continue (230.0000000000000000 -26.7687435747432261)
continue (240.0000000000000000 -26.7739902813019519)
continue (250.0000000000000000 -26.7790761722659632)
continue (260.0000000000000000 -26.7840115132647973)
continue (270.0000000000000000 -26.7888058371001350)
continue (280.0000000000000000 -26.7934679603057049)
continue (290.0000000000000000 -26.7980060179399402)
continue (300.0000000000000000 -26.8024275074443246)
continue (310.0000000000000000 -26.8067393360332424)
continue (320.0000000000000000 -26.8109478683321676)
continue (330.0000000000000000 -26.8150589723809780)
continue (340.0000000000000000 -26.8190780629820296)
continue (350.0000000000000000 -26.8230101419167255)
continue (360.0000000000000000 -26.8268598348642122)
continue (370.0000000000000000 -26.8306314250700275)
continue (380.0000000000000000 -26.8343288839008345)
continue (390.0000000000000000 -26.8379558984999349)
continue (400.0000000000000000 -26.8415158967671239)
continue (410.0000000000000000 -26.8450120699014008)
continue (420.0000000000000000 -26.8484473927386347)
continue (430.0000000000000000 -26.8518246420981654)
continue (440.0000000000000000 -26.8551464133428439)
continue (450.0000000000000000 -26.8584151353347345)
continue (460.0000000000000000 -26.8616330839529986)
continue (470.0000000000000000 -26.8648023943294483)
continue (480.0000000000000000 -26.8679250719273739)
continue (490.0000000000000000 -26.8710030025916495)
continue (500.0000000000000000 -26.8740379616744178)
continue (510.0000000000000000 -26.8770316223326304)
continue (520.0000000000000000 -26.8799855630790319)
continue (530.0000000000000000 -26.8829012746689529)
continue (540.0000000000000000 -26.8857801663851212)
continue (550.0000000000000000 -26.8886235717781439)
continue (560.0000000000000000 -26.8914327539262068)
continue (570.0000000000000000 -26.8942089102485227)
continue (580.0000000000000000 -26.8969531769242352)
continue (590.0000000000000000 -26.8996666329517531)
continue (600.0000000000000000 -26.9023503038813239)
continue (610.0000000000000000 -26.9050051652518825)
continue (620.0000000000000000 -26.9076321457608927)
continue (630.0000000000000000 -26.9102321301885894)
continue (640.0000000000000000 -26.9128059621011566)
continue (650.0000000000000000 -26.9153544463507259)
continue (660.0000000000000000 -26.9178783513911810)
continue (670.0000000000000000 -26.9203784114235489)
continue (680.0000000000000000 -26.9228553283898115)
continue (690.0000000000000000 -26.9253097738215637)
continue (700.0000000000000000 -26.9277423905617397)
continue (710.0000000000000000 -26.9301537943666887)
continue (720.0000000000000000 -26.9325445753977384)
continue (730.0000000000000000 -26.9349152996127259)
continue (740.0000000000000000 -26.9372665100660313)
continue (750.0000000000000000 -26.9395987281207603)
continue (760.0000000000000000 -26.9419124545846067)
continue (770.0000000000000000 -26.9442081707705441)
continue (780.0000000000000000 -26.9464863394931307)
continue (790.0000000000000000 -26.9487474059982191)
continue (800.0000000000000000 -26.9509917988399224)
continue (810.0000000000000000 -26.9532199307006692)
continue (820.0000000000000000 -26.9554321991623169)
continue (830.0000000000000000 -26.9576289874319457)
continue (840.0000000000000000 -26.9598106650244986)
continue (850.0000000000000000 -26.9619775884054853)
continue (860.0000000000000000 -26.9641301015952877)
continue (870.0000000000000000 -26.9662685367415591)
continue (880.0000000000000000 -26.9683932146571301)
continue (890.0000000000000000 -26.9705044453288743)
continue (900.0000000000000000 -26.9726025283981166)
continue (910.0000000000000000 -26.9746877536140381)
continue (920.0000000000000000 -26.9767604012649755)
continue (930.0000000000000000 -26.9788207425830144)
continue (940.0000000000000000 -26.9808690401309654)
continue (950.0000000000000000 -26.9829055481658315)
continue (960.0000000000000000 -26.9849305129850308)
continue (970.0000000000000000 -26.9869441732549191)
continue (980.0000000000000000 -26.9889467603214399)
continue (990.0000000000000000 -26.9909384985079619)
continue (1000.0000000000000000 -26.9929196053932756)
continue (1200.0000000000000000 -27.0305943558873132)
continue (1400.0000000000000000 -27.0653318550202044)
continue (1600.0000000000000000 -27.0979183003424460)
continue (1800.0000000000000000 -27.1288610476705472)
continue (2000.0000000000000000 -27.1585066063151253)
continue (2200.0000000000000000 -27.1871021662082555)
continue (2400.0000000000000000 -27.2148302623288316)
continue (2600.0000000000000000 -27.2418295242686739)
continue (2800.0000000000000000 -27.2682077174842235)
continue (3000.0000000000000000 -27.2940502757764243)
continue (3200.0000000000000000 -27.3194260750670956)
continue (3400.0000000000000000 -27.3443914540245281)
continue (3600.0000000000000000 -27.3689930838929030)
continue (3800.0000000000000000 -27.3932700614569811)
continue (4000.0000000000000000 -27.4172554645851285)
continue (4200.0000000000000000 -27.4409775278813690)
continue (4400.0000000000000000 -27.4644605446132140)
continue (4600.0000000000000000 -27.4877255679952377)
continue (4800.0000000000000000 -27.5107909631211172)
continue (5000.0000000000000000 -27.5336724320297144)
continue (5200.0000000000000000 -27.5563817112007818)
continue (5400.0000000000000000 -27.5789264283929825)
continue (5600.0000000000000000 -27.6013083007291442)
continue (5800.0000000000000000 -27.6235199474577300)
continue (6000.0000000000000000 -27.6455399285715941)
continue (6200.0000000000000000 -27.6673253148151375)
continue (6400.0000000000000000 -27.6888006242631803)
continue (6600.0000000000000000 -27.7098440681984499)
continue (6800.0000000000000000 -27.7302831272160049)
continue (7000.0000000000000000 -27.7501080319758842)
continue (7200.0000000000000000 -27.7693698399472986)
continue (7400.0000000000000000 -27.7880994753241204)
continue (7600.0000000000000000 -27.8063253852921193)
continue (7800.0000000000000000 -27.8240737976129289)
continue (8000.0000000000000000 -27.8413689455772690)
continue (8200.0000000000000000 -27.8582332651660245)
continue (8400.0000000000000000 -27.8746875684396933)
continue (8600.0000000000000000 -27.8907511965128769)
continue (8800.0000000000000000 -27.9064421549348687)
continue (9000.0000000000000000 -27.9217772338451269)
continue (9200.0000000000000000 -27.9367721149181065)
continue (9400.0000000000000000 -27.9514414667991566)
continue (9600.0000000000000000 -27.9657990304881530)
continue (9800.0000000000000000 -27.9798576959130934)
continue (10000.0000000000000000 -27.9936295707654175)
continue (10200.0000000000000000 -28.0071260425143116)
continue (10400.0000000000000000 -28.0203578343963606)
continue (10600.0000000000000000 -28.0333350560680650)
continue (10800.0000000000000000 -28.0460672495231300)
continue (11000.0000000000000000 -28.0585634307927947)
continue (11500.0000000000000000 -28.0888261876605014)
continue (12000.0000000000000000 -28.1177874087088284)
continue (12500.0000000000000000 -28.1455536720112782)
continue (13000.0000000000000000 -28.1722189940398771)
continue (13500.0000000000000000 -28.1978667284655451)
continue (14000.0000000000000000 -28.2225711192827298)
continue (14500.0000000000000000 -28.2463985811203173)
continue (15000.0000000000000000 -28.2694087622927270)
continue (15500.0000000000000000 -28.2916554333765085)
continue (16000.0000000000000000 -28.3131872345826636)
continue (16500.0000000000000000 -28.3340483080186942)
continue (17000.0000000000000000 -28.3542788354811819)
continue (17500.0000000000000000 -28.3739154982214359)
continue (18000.0000000000000000 -28.3929918718871370)
continue (18500.0000000000000000 -28.4115387673049646)
continue (19000.0000000000000000 -28.4295845257778517)
continue (19500.0000000000000000 -28.4471552759920492)
continue (20000.0000000000000000 -28.4642751583708531)
continue (20500.0000000000000000 -28.4809665217023387)
continue (21000.0000000000000000 -28.4972500960521629)
continue (21500.0000000000000000 -28.5131451453133877)
continue (22000.0000000000000000 -28.5286696022040722)
continue (22500.0000000000000000 -28.5438401880809920)
continue (23000.0000000000000000 -28.5586725195740634)
continue (23500.0000000000000000 -28.5731812037430259)
continue (24000.0000000000000000 -28.5873799232071875)
continue (24500.0000000000000000 -28.6012815124905053)
continue (25000.0000000000000000 -28.6148980266470261)
continue (25500.0000000000000000 -28.6282408030846938)
continue (26000.0000000000000000 -28.6413205173810397)
continue (26500.0000000000000000 -28.6541472337776923)
continue (27000.0000000000000000 -28.6667304509505776)
continue (27500.0000000000000000 -28.6790791435772476)
continue (28000.0000000000000000 -28.6912018001550813)
continue (28500.0000000000000000 -28.7031064574696941)
continue (29000.0000000000000000 -28.7148007320627450)
continue (29500.0000000000000000 -28.7262918490074135)
continue (30000.0000000000000000 -28.7375866682635674)
continue (30500.0000000000000000 -28.7486917088520428)
continue (31000.0000000000000000 -28.7596131710618330)
continue (31500.0000000000000000 -28.7703569568787252)
continue (32000.0000000000000000 -28.7809286888036873)
continue (32500.0000000000000000 -28.7913337272108620)
continue (33000.0000000000000000 -28.8015771863792018)
continue (33500.0000000000000000 -28.8116639493172997)
continue (34000.0000000000000000 -28.8215986814890641)
continue (34500.0000000000000000 -28.8313858435363137)
continue (35000.0000000000000000 -28.8410297030850593)
continue (35500.0000000000000000 -28.8505343457136370)
continue (36000.0000000000000000 -28.8599036851529540)
continue (36500.0000000000000000 -28.8691414727824629)
continue (37000.0000000000000000 -28.8782513064794806)
continue (37500.0000000000000000 -28.8872366388738939)
continue (38000.0000000000000000 -28.8961007850555909)
continue (38500.0000000000000000 -28.9048469297775981)
continue (39000.0000000000000000 -28.9134781341939231)
continue (39500.0000000000000000 -28.9219973421677707)
continue (40000.0000000000000000 -28.9304073861825977)
continue (40500.0000000000000000 -28.9387109928854969)
continue (41000.0000000000000000 -28.9469107882902179)
continue (41500.0000000000000000 -28.9550093026644078)
continue (42000.0000000000000000 -28.9630089751239126)
continue (42500.0000000000000000 -28.9709121579548423)
continue (43000.0000000000000000 -28.9787211206826427)
continue (43500.0000000000000000 -28.9864380539056619)
continue (44000.0000000000000000 -28.9940650729094003)
continue (44500.0000000000000000 -29.0016042210763239)
continue (45000.0000000000000000 -29.0090574731048960)
continue (45500.0000000000000000 -29.0164267380506260)
continue (46000.0000000000000000 -29.0237138622007222)
continue (46500.0000000000000000 -29.0309206317931263)
continue (47000.0000000000000000 -29.0380487755899850)
continue (47500.0000000000000000 -29.0450999673148473)
continue (48000.0000000000000000 -29.0520758279619997)
continue (48500.0000000000000000 -29.0589779279860565)
continue (49000.0000000000000000 -29.0658077893791287)
continue (49500.0000000000000000 -29.0725668876423882)
continue (50000.0000000000000000 -29.0792566536584758)
continue (50500.0000000000000000 -29.0858784754705972)
continue (51000.0000000000000000 -29.0924336999738564)
continue (51500.0000000000000000 -29.0989236345240485)
continue (52000.0000000000000000 -29.1053495484685278)
continue (52500.0000000000000000 -29.1117126746038544)
continue (53000.0000000000000000 -29.1180142105641337)
continue (53500.0000000000000000 -29.1242553201442114)
continue (54000.0000000000000000 -29.1304371345612125)
continue (54500.0000000000000000 -29.1365607536577862)
continue (55000.0000000000000000 -29.1426272470504202)
continue (55500.0000000000000000 -29.1486376552257340)
continue (56000.0000000000000000 -29.1545929905874779)
continue (56500.0000000000000000 -29.1604942384569839)
continue (57000.0000000000000000 -29.1663423580294712)
continue (57500.0000000000000000 -29.1721382832885432)
continue (58000.0000000000000000 -29.1778829238810289)
continue (58500.0000000000000000 -29.1835771659542260)
continue (59000.0000000000000000 -29.1892218729574857)
continue (59500.0000000000000000 -29.1948178864098864)
continue (60000.0000000000000000 -29.2003660266358267)
continue (60500.0000000000000000 -29.2058670934699514)
continue (61000.0000000000000000 -29.2113218669330728)
continue (61500.0000000000000000 -29.2167311078805021)
continue (62000.0000000000000000 -29.2220955586240407)
continue (62500.0000000000000000 -29.2274159435289569)
continue (63000.0000000000000000 -29.2326929695872053)
continue (63500.0000000000000000 -29.2379273269678741)
continue (64000.0000000000000000 -29.2431196895460737)
continue (64500.0000000000000000 -29.2482707154112056)
continue (65000.0000000000000000 -29.2533810473555569)
continue (65500.0000000000000000 -29.2584513133441710)
continue (66000.0000000000000000 -29.2634821269668208)
continue (66500.0000000000000000 -29.2684740878728782)
continue (67000.0000000000000000 -29.2734277821899234)
continue (67500.0000000000000000 -29.2783437829267079)
continue (68000.0000000000000000 -29.2832226503612780)
continue (68500.0000000000000000 -29.2880649324148301)
continue (69000.0000000000000000 -29.2928711650119560)
continue (69500.0000000000000000 -29.2976418724278531)
continue (70000.0000000000000000 -29.3023775676231359)
continue (70500.0000000000000000 -29.3070787525666034)
continue (71000.0000000000000000 -29.3117459185466842)
continue (71500.0000000000000000 -29.3163795464718611)
continue (72000.0000000000000000 -29.3209801071606790)
continue (72500.0000000000000000 -29.3255480616216708)
continue (73000.0000000000000000 -29.3300838613236117)
continue (73500.0000000000000000 -29.3345879484566261)
continue (74000.0000000000000000 -29.3390607561843240)
continue (74500.0000000000000000 -29.3435027088875380)
continue (75245.0000000000000000 -50.0000000000000000)
continue (7354000.0000000000000000 -50.0000000000000000)
f(nu) = -20.6792704221769270 at 1.0000000000000000 Ryd
