# Faucher-Giguere 2019 
# z = 0.778279
# E [Ryd] log (J_nu)
interpolate (0.0000000100100000 -50.0000000000000000)
continue (0.0990000000000000 -50.0000000000000000)
continue (0.1000000000000000 -19.2404962446531655)
continue (0.1500000000000000 -19.3963765708802889)
continue (0.2000000000000000 -19.5106421311494245)
continue (0.2500000000000001 -19.5776379521464285)
continue (0.3000000000000000 -19.5928284926907637)
continue (0.3500000000000001 -19.6107718971513449)
continue (0.4000000000000001 -19.6452190509482847)
continue (0.4500000000000001 -19.6852114434009842)
continue (0.5000000000000001 -19.7431144178130076)
continue (0.5500000000000002 -19.8143655938835224)
continue (0.6000000000000002 -19.8916515586904623)
continue (0.6500000000000001 -19.9710260778171076)
continue (0.7000000000000002 -20.0647904826138195)
continue (0.7500000000000002 -20.3783077130129335)
continue (0.8000000000000002 -20.5431476862775106)
continue (0.8500000000000002 -20.6420777873147721)
continue (0.9000000000000002 -20.8660997915424709)
continue (0.9500000000000003 -21.1858653943866813)
continue (1.0100000000000000 -21.7572350883305781)
continue (1.0600000000000001 -21.7961981095823063)
continue (1.1100000000000001 -21.8316988334636370)
continue (1.1600000000000001 -21.8661065833082162)
continue (1.2100000000000002 -21.8960662089235534)
continue (1.2600000000000002 -21.9265945618653149)
continue (1.3100000000000003 -21.9564952547117294)
continue (1.3600000000000003 -21.9827431466786116)
continue (1.4100000000000004 -22.0110454165426859)
continue (1.4600000000000004 -22.0367471723655157)
continue (1.5100000000000005 -22.0626463239120092)
continue (1.5600000000000005 -22.0886849570667607)
continue (1.6100000000000005 -22.1103850799401975)
continue (1.6600000000000006 -22.1323565896206347)
continue (1.7100000000000006 -22.1518838920859764)
continue (1.7600000000000007 -22.1739622962012781)
continue (1.8100000000000007 -22.1926296554367681)
continue (1.8600000000000008 -22.2123700220895941)
continue (1.9100000000000008 -22.2314099383678325)
continue (1.9600000000000009 -22.2494845631097355)
continue (2.0000000000000000 -22.2647455271540764)
continue (2.0099999999999998 -22.2701214416070492)
continue (2.0199999999999996 -22.2746272197708990)
continue (2.0299999999999994 -22.2785881249812832)
continue (2.0399999999999991 -22.2801640128140264)
continue (2.0499999999999989 -22.2851171266908210)
continue (2.0599999999999987 -22.2894085741687427)
continue (2.0699999999999985 -22.2917249169045597)
continue (2.0799999999999983 -22.2964474892140991)
continue (2.0899999999999981 -22.3015641647324401)
continue (2.0999999999999979 -22.3049021113167782)
continue (2.1099999999999977 -22.3100451675304576)
continue (2.1199999999999974 -22.3114129146579678)
continue (2.1299999999999972 -22.3139643105034899)
continue (2.1399999999999970 -22.3181578464650130)
continue (2.1499999999999968 -22.3214436321569849)
continue (2.1599999999999966 -22.3240398414239785)
continue (2.1699999999999964 -22.3271392898575272)
continue (2.1799999999999962 -22.3304375324791735)
continue (2.1899999999999959 -22.3354287006456218)
continue (2.1999999999999957 -22.3351559717677297)
continue (2.2099999999999955 -22.3393015546799063)
continue (2.2199999999999953 -22.3428256915841636)
continue (2.2299999999999951 -22.3480408508096993)
continue (2.2399999999999949 -22.3520810284168370)
continue (2.2499999999999947 -22.3524064849088155)
continue (2.2599999999999945 -22.3548595632149549)
continue (2.2699999999999942 -22.3608534045218939)
continue (2.2799999999999940 -22.3644147992068021)
continue (2.2899999999999938 -22.3679779965813168)
continue (2.2999999999999936 -22.3705662760005985)
continue (2.3099999999999934 -22.3724564032807614)
continue (2.3199999999999932 -22.3764184832174742)
continue (2.3299999999999930 -22.3817496807369594)
continue (2.3399999999999928 -22.3842238505389410)
continue (2.3499999999999925 -22.3871506697709819)
continue (2.3599999999999923 -22.3897750484927442)
continue (2.3699999999999921 -22.3927433296220570)
continue (2.3799999999999919 -22.3987141940777867)
continue (2.3899999999999917 -22.4026890869448856)
continue (2.3999999999999915 -22.4030265804637949)
continue (2.4099999999999913 -22.4064424380125260)
continue (2.4199999999999910 -22.4110322401635074)
continue (2.4299999999999908 -22.4147560611305359)
continue (2.4399999999999906 -22.4191698012554816)
continue (2.4499999999999904 -22.4204534291447750)
continue (2.4599999999999902 -22.4243242815112680)
continue (2.4699999999999900 -22.4283678613393676)
continue (2.4799999999999898 -22.4320134431056886)
continue (2.4899999999999896 -22.4370272152298966)
continue (2.4999999999999893 -22.4416313718957063)
continue (2.5099999999999891 -22.4422959913669438)
continue (2.5199999999999889 -22.4458482544001896)
continue (2.5299999999999887 -22.4497542315178329)
continue (2.5399999999999885 -22.4549054950082478)
continue (2.5499999999999883 -22.4602132044243561)
continue (2.5599999999999881 -22.4640206919805365)
continue (2.5699999999999878 -22.4633582005546977)
continue (2.5799999999999876 -22.4692599967929141)
continue (2.5899999999999874 -22.4740533255758876)
continue (2.5999999999999872 -22.4784872196701251)
continue (2.6099999999999870 -22.4824780997498621)
continue (2.6199999999999868 -22.4854934386763148)
continue (2.6299999999999866 -22.4893156211468757)
continue (2.6399999999999864 -22.4940618735250624)
continue (2.6499999999999861 -22.4971096171786549)
continue (2.6599999999999859 -22.5008874136125421)
continue (2.6699999999999857 -22.5041135282525993)
continue (2.6799999999999855 -22.5085616386962322)
continue (2.6899999999999853 -22.5142119643367842)
continue (2.6999999999999851 -22.5171701992885538)
continue (2.7099999999999849 -22.5210920403258186)
continue (2.7199999999999847 -22.5241782923897205)
continue (2.7299999999999844 -22.5278749122820869)
continue (2.7399999999999842 -22.5333865611200714)
continue (2.7499999999999840 -22.5383181821048026)
continue (2.7599999999999838 -22.5434496651958121)
continue (2.7699999999999836 -22.5443681452067537)
continue (2.7799999999999834 -22.5482497635737964)
continue (2.7899999999999832 -22.5542236871761475)
continue (2.7999999999999829 -22.5576852300557498)
continue (2.8099999999999827 -22.5625486696071285)
continue (2.8199999999999825 -22.5680367164705515)
continue (2.8299999999999823 -22.5708886541365175)
continue (2.8399999999999821 -22.5753996643762633)
continue (2.8499999999999819 -22.5805568250703921)
continue (2.8599999999999817 -22.5831030702874003)
continue (2.8699999999999815 -22.5869792478879496)
continue (2.8799999999999812 -22.5934634319548913)
continue (2.8899999999999810 -22.5950521371202946)
continue (2.8999999999999808 -22.6001541465821454)
continue (2.9099999999999806 -22.6079702067690782)
continue (2.9199999999999804 -22.6095834151471813)
continue (2.9299999999999802 -22.6127139288098320)
continue (2.9399999999999800 -22.6175029038129232)
continue (2.9499999999999797 -22.6215082495115176)
continue (2.9599999999999795 -22.6250749724577211)
continue (2.9699999999999793 -22.6313649877355445)
continue (2.9799999999999791 -22.6378037376825958)
continue (2.9899999999999789 -22.6418765464096907)
continue (2.9999999999999787 -22.6463262544890611)
continue (3.0099999999999785 -22.8371191255319381)
continue (3.0199999999999783 -22.8430257943111528)
continue (3.0299999999999780 -22.8474304356219875)
continue (3.0399999999999778 -22.8549915273822890)
continue (3.0499999999999776 -22.8595289327903579)
continue (3.0599999999999774 -22.8635543126890823)
continue (3.0699999999999772 -22.8673873090196018)
continue (3.0799999999999770 -22.8689848479505855)
continue (3.0899999999999768 -22.8756320209798290)
continue (3.0999999999999766 -22.8802657232442641)
continue (3.1099999999999763 -22.8871629000341095)
continue (3.1199999999999761 -22.8917107773190551)
continue (3.1299999999999759 -22.8959700215273685)
continue (3.1399999999999757 -22.8993078783035955)
continue (3.1499999999999755 -22.9016287330739097)
continue (3.1599999999999753 -22.9061014956643518)
continue (3.1699999999999751 -22.9127326980127002)
continue (3.1799999999999748 -22.9199224266738106)
continue (3.1899999999999746 -22.9244058651779881)
continue (3.1999999999999744 -22.9287446204071692)
continue (3.2099999999999742 -22.9328149216304631)
continue (3.2199999999999740 -22.9344491831715693)
continue (3.2299999999999738 -22.9401379437786126)
continue (3.2399999999999736 -22.9438303280688949)
continue (3.2499999999999734 -22.9490855187265872)
continue (3.2599999999999731 -22.9570637144354279)
continue (3.2699999999999729 -22.9621561130056691)
continue (3.2799999999999727 -22.9664038194770335)
continue (3.2899999999999725 -22.9700069006726260)
continue (3.2999999999999723 -22.9720005318377929)
continue (3.3099999999999721 -22.9770788509361630)
continue (3.3199999999999719 -22.9806313185641997)
continue (3.3299999999999716 -22.9858263265710718)
continue (3.3399999999999714 -22.9942127735773134)
continue (3.3499999999999712 -22.9992111163549744)
continue (3.3599999999999710 -23.0032162853399313)
continue (3.3699999999999708 -23.0073721480681215)
continue (3.3799999999999706 -23.0101134463718822)
continue (3.3899999999999704 -23.0149288755658361)
continue (3.3999999999999702 -23.0165693634523798)
continue (3.4099999999999699 -23.0223695136399762)
continue (3.4199999999999697 -23.0308465552654376)
continue (3.4299999999999695 -23.0356404979404807)
continue (3.4399999999999693 -23.0403354648449366)
continue (3.4499999999999691 -23.0442129419689721)
continue (3.4599999999999689 -23.0493276963713711)
continue (3.4699999999999687 -23.0544680730055482)
continue (3.4799999999999685 -23.0541311963606113)
continue (3.4899999999999682 -23.0597933950896739)
continue (3.4999999999999680 -23.0659792334721558)
continue (3.5099999999999678 -23.0713006890137535)
continue (3.5199999999999676 -23.0769226194379513)
continue (3.5299999999999674 -23.0807517840756589)
continue (3.5399999999999672 -23.0848415989279481)
continue (3.5499999999999670 -23.0899830599160367)
continue (3.5599999999999667 -23.0822962169050925)
continue (3.5699999999999665 -23.0790744343858201)
continue (3.5799999999999663 -23.0805515451571885)
continue (3.5899999999999661 -23.0876131376571117)
continue (3.5999999999999659 -23.0891393805573806)
continue (3.6099999999999657 -23.0963284120102266)
continue (3.6199999999999655 -23.0975596799481160)
continue (3.6299999999999653 -23.1043129784306061)
continue (3.6399999999999650 -23.1059252246263505)
continue (3.6499999999999648 -23.1125203330686553)
continue (3.6599999999999646 -23.1140826962728170)
continue (3.6699999999999644 -23.1207123558993324)
continue (3.6799999999999642 -23.1221540322882220)
continue (3.6899999999999640 -23.1222865617921869)
continue (3.6999999999999638 -23.1299949895147812)
continue (3.7099999999999635 -23.1298630747393297)
continue (3.7199999999999633 -23.1377843970338084)
continue (3.7299999999999631 -23.1373549587728782)
continue (3.7399999999999629 -23.1453276576173259)
continue (3.7499999999999627 -23.1444825345946796)
continue (3.7599999999999625 -23.1458923467310420)
continue (3.7699999999999623 -23.1448945738748044)
continue (3.7799999999999621 -23.1531224090327896)
continue (3.7899999999999618 -23.1517404177990720)
continue (3.7999999999999616 -23.1602313701788098)
continue (3.8099999999999614 -23.1583434312542060)
continue (3.8199999999999612 -23.1669627929042754)
continue (3.8299999999999610 -23.1646958403071999)
continue (3.8399999999999608 -23.1734303148451346)
continue (3.8499999999999606 -23.1663503050618012)
continue (3.8599999999999604 -23.1753425172758050)
continue (3.8699999999999601 -23.1720766035684598)
continue (3.8799999999999599 -23.1814038148815982)
continue (3.8899999999999597 -23.1859372537839441)
continue (3.8999999999999595 -23.1840167251335458)
continue (3.9099999999999593 -23.1929374736072909)
continue (3.9199999999999591 -23.1893191362014015)
continue (3.9299999999999589 -23.1985616080624446)
continue (3.9399999999999586 -23.1942421007172150)
continue (3.9499999999999584 -23.2037815444807087)
continue (3.9599999999999582 -23.1986819573595930)
continue (3.9699999999999580 -23.2085976922726154)
continue (3.9799999999999578 -23.2028820725095706)
continue (3.9899999999999576 -23.2132700812708102)
continue (4.0099999999999998 -23.2175508382490001)
continue (4.5099999999999998 -23.4136039860047269)
continue (5.0099999999999998 -23.4762893510040023)
continue (5.5099999999999998 -23.5325535380590019)
continue (6.0099999999999998 -23.5859259599878612)
continue (6.5099999999999998 -23.6362387417022823)
continue (7.0099999999999998 -23.6836586539535041)
continue (7.5099999999999998 -23.7281590546028021)
continue (8.0099999999999998 -23.7699838571698621)
continue (8.5099999999999998 -23.8094612073765717)
continue (9.0099999999999998 -23.8467741473598913)
continue (9.5099999999999998 -23.8820547391818110)
continue (10.0000000000000000 -23.9147156070400086)
continue (10.0099999999999998 -23.9153615767173804)
continue (15.0000000000000000 -24.1377512658207998)
continue (20.0000000000000000 -24.2199546488459205)
continue (25.0000000000000000 -24.2765468109631790)
continue (30.0000000000000000 -24.3202378415015801)
continue (35.0000000000000000 -24.3505311135207414)
continue (40.0000000000000000 -24.3706433315490152)
continue (45.0000000000000000 -24.3843662286598182)
continue (50.0000000000000000 -24.3951544817587624)
continue (55.0000000000000000 -24.4051736566324990)
continue (60.0000000000000000 -24.4145143263157145)
continue (65.0000000000000000 -24.4232476142122330)
continue (70.0000000000000000 -24.4314408553502069)
continue (75.0000000000000000 -24.4391543372913169)
continue (80.0000000000000000 -24.4464407751012196)
continue (85.0000000000000000 -24.4533458192690496)
continue (90.0000000000000000 -24.4599088912894125)
continue (95.0000000000000000 -24.4661640587291060)
continue (100.0000000000000000 -24.4721408397628437)
continue (110.0000000000000000 -24.4833586629192368)
continue (120.0000000000000000 -24.4937315458053071)
continue (130.0000000000000000 -24.5033906059709672)
continue (140.0000000000000000 -24.5124391716280492)
continue (150.0000000000000000 -24.5209599454535407)
continue (160.0000000000000000 -24.5290200616930782)
continue (170.0000000000000000 -24.5366747133586962)
continue (180.0000000000000000 -24.5439697970975246)
continue (190.0000000000000000 -24.5509438728809286)
continue (200.0000000000000000 -24.5576296380853307)
continue (210.0000000000000000 -24.5640550519591301)
continue (220.0000000000000000 -24.5702442045828811)
continue (230.0000000000000000 -24.5762179964472693)
continue (240.0000000000000000 -24.5819946758010310)
continue (250.0000000000000000 -24.5875902678663891)
continue (260.0000000000000000 -24.5930189209051733)
continue (270.0000000000000000 -24.5982931876687267)
continue (280.0000000000000000 -24.6034242561385952)
continue (290.0000000000000000 -24.6084221401080327)
continue (300.0000000000000000 -24.6132958376868629)
continue (310.0000000000000000 -24.6180534639824771)
continue (320.0000000000000000 -24.6227023628359731)
continue (330.0000000000000000 -24.6272492014517894)
continue (340.0000000000000000 -24.6317000509653674)
continue (350.0000000000000000 -24.6360604553801501)
continue (360.0000000000000000 -24.6403354908291483)
continue (370.0000000000000000 -24.6445298167445195)
continue (380.0000000000000000 -24.6486477202241865)
continue (390.0000000000000000 -24.6526931546514518)
continue (400.0000000000000000 -24.6566697734378160)
continue (410.0000000000000000 -24.6605809596090317)
continue (420.0000000000000000 -24.6644298518334715)
continue (430.0000000000000000 -24.6682193673941867)
continue (440.0000000000000000 -24.6719522225244781)
continue (450.0000000000000000 -24.6756309504624909)
continue (460.0000000000000000 -24.6792579175242182)
continue (470.0000000000000000 -24.6828353374506619)
continue (480.0000000000000000 -24.6863652842465449)
continue (490.0000000000000000 -24.6898497036968081)
continue (500.0000000000000000 -24.6932904237211979)
continue (510.0000000000000000 -24.6966891637044164)
continue (520.0000000000000000 -24.7000475429213608)
continue (530.0000000000000000 -24.7033670881606433)
continue (540.0000000000000000 -24.7066492406360361)
continue (550.0000000000000000 -24.7098953622643691)
continue (560.0000000000000000 -24.7131067413783043)
continue (570.0000000000000000 -24.7162845979337682)
continue (580.0000000000000000 -24.7194300882647759)
continue (590.0000000000000000 -24.7225443094322799)
continue (600.0000000000000000 -24.7256283032075288)
continue (610.0000000000000000 -24.7286830597265173)
continue (620.0000000000000000 -24.7317095208474242)
continue (630.0000000000000000 -24.7347085832396196)
continue (640.0000000000000000 -24.7376811012293345)
continue (650.0000000000000000 -24.7406278894251841)
continue (660.0000000000000000 -24.7435497251429162)
continue (670.0000000000000000 -24.7464473506482818)
continue (680.0000000000000000 -24.7493214752335575)
continue (690.0000000000000000 -24.7521727771426434)
continue (700.0000000000000000 -24.7550019053577834)
continue (710.0000000000000000 -24.7578094812593719)
continue (720.0000000000000000 -24.7605961001700017)
continue (730.0000000000000000 -24.7633623327918215)
continue (740.0000000000000000 -24.7661087265462569)
continue (750.0000000000000000 -24.7688358068237875)
continue (760.0000000000000000 -24.7715440781510061)
continue (770.0000000000000000 -24.7742340252814017)
continue (780.0000000000000000 -24.7769061142157554)
continue (790.0000000000000000 -24.7795607931575859)
continue (800.0000000000000000 -24.7821984934085222)
continue (810.0000000000000000 -24.7848196302080197)
continue (820.0000000000000000 -24.7874246035216359)
continue (830.0000000000000000 -24.7900137987814588)
continue (840.0000000000000000 -24.7925875875823003)
continue (850.0000000000000000 -24.7951463283366067)
continue (860.0000000000000000 -24.7976903668911604)
continue (870.0000000000000000 -24.8002200371080228)
continue (880.0000000000000000 -24.8027356614124308)
continue (890.0000000000000000 -24.8052375513096592)
continue (900.0000000000000000 -24.8077260078729367)
continue (910.0000000000000000 -24.8102013222045628)
continue (920.0000000000000000 -24.8126637758717905)
continue (930.0000000000000000 -24.8151136413190017)
continue (940.0000000000000000 -24.8175511822580361)
continue (950.0000000000000000 -24.8199766540377844)
continue (960.0000000000000000 -24.8223903039944069)
continue (970.0000000000000000 -24.8247923717834915)
continue (980.0000000000000000 -24.8271830896950618)
continue (990.0000000000000000 -24.8295626829526661)
continue (1000.0000000000000000 -24.8319313699975091)
continue (1200.0000000000000000 -24.8773010656882754)
continue (1400.0000000000000000 -24.9196284062884068)
continue (1600.0000000000000000 -24.9597025669566257)
continue (1800.0000000000000000 -24.9980328889062129)
continue (2000.0000000000000000 -25.0349665744214285)
continue (2200.0000000000000000 -25.0707492967920764)
continue (2400.0000000000000000 -25.1055587044382200)
continue (2600.0000000000000000 -25.1395241373623541)
continue (2800.0000000000000000 -25.1727389756471958)
continue (3000.0000000000000000 -25.2052690330151989)
continue (3200.0000000000000000 -25.2371584395562572)
continue (3400.0000000000000000 -25.2684342893394494)
continue (3600.0000000000000000 -25.2991106645660366)
continue (3800.0000000000000000 -25.3291913420703736)
continue (4000.0000000000000000 -25.3586726578957879)
continue (4200.0000000000000000 -25.3875453552572843)
continue (4400.0000000000000000 -25.4157978121662893)
continue (4600.0000000000000000 -25.4434170759049358)
continue (4800.0000000000000000 -25.4703901198613103)
continue (5000.0000000000000000 -25.4967048259251960)
continue (5200.0000000000000000 -25.5223519673529147)
continue (5400.0000000000000000 -25.5473262721263374)
continue (5600.0000000000000000 -25.5716262296329582)
continue (5800.0000000000000000 -25.5952491326720946)
continue (6000.0000000000000000 -25.6182036246325211)
continue (6200.0000000000000000 -25.6404953327707084)
continue (6400.0000000000000000 -25.6621340047216933)
continue (6600.0000000000000000 -25.6831338076556364)
continue (6800.0000000000000000 -25.7035093135232735)
continue (7000.0000000000000000 -25.7232852546326995)
continue (7200.0000000000000000 -25.7424988138502258)
continue (7400.0000000000000000 -25.7611808865578915)
continue (7600.0000000000000000 -25.7793598930301933)
continue (7800.0000000000000000 -25.7970620358464444)
continue (8000.0000000000000000 -25.8143115246922363)
continue (8200.0000000000000000 -25.8311307733848743)
continue (8400.0000000000000000 -25.8475405731415933)
continue (8600.0000000000000000 -25.8635602454468305)
continue (8800.0000000000000000 -25.8792077773345461)
continue (9000.0000000000000000 -25.8944999414582213)
continue (9200.0000000000000000 -25.9094524029559423)
continue (9400.0000000000000000 -25.9240798148155918)
continue (9600.0000000000000000 -25.9383959031937650)
continue (9800.0000000000000000 -25.9524135439320460)
continue (10000.0000000000000000 -25.9661448313383936)
continue (10200.0000000000000000 -25.9796011401531715)
continue (10400.0000000000000000 -25.9927931814944237)
continue (10600.0000000000000000 -26.0057310534708854)
continue (10800.0000000000000000 -26.0184242870611726)
continue (11000.0000000000000000 -26.0308818877805876)
continue (11500.0000000000000000 -26.0610497879095320)
continue (12000.0000000000000000 -26.0899183158174566)
continue (12500.0000000000000000 -26.1175939188273176)
continue (13000.0000000000000000 -26.1441704954067582)
continue (13500.0000000000000000 -26.1697312922858742)
continue (14000.0000000000000000 -26.1943504561763554)
continue (14500.0000000000000000 -26.2180943128997441)
continue (15000.0000000000000000 -26.2410224294349135)
continue (15500.0000000000000000 -26.2631885016398066)
continue (16000.0000000000000000 -26.2846411008904504)
continue (16500.0000000000000000 -26.3054243057124815)
continue (17000.0000000000000000 -26.3255782390260187)
continue (17500.0000000000000000 -26.3451395274365829)
continue (18000.0000000000000000 -26.3641416957610382)
continue (18500.0000000000000000 -26.3826155074459869)
continue (19000.0000000000000000 -26.4005892595444926)
continue (19500.0000000000000000 -26.4180890393400922)
continue (20000.0000000000000000 -26.4351389484495520)
continue (20500.0000000000000000 -26.4517612992270337)
continue (21000.0000000000000000 -26.4679767874782321)
continue (21500.0000000000000000 -26.4838046448320590)
continue (22000.0000000000000000 -26.4992627735784971)
continue (22500.0000000000000000 -26.5143678663389366)
continue (23000.0000000000000000 -26.5291355125709885)
continue (23500.0000000000000000 -26.5435802936081764)
continue (24000.0000000000000000 -26.5577158676840170)
continue (24500.0000000000000000 -26.5715550461808050)
continue (25000.0000000000000000 -26.5851098621676485)
continue (25500.0000000000000000 -26.5983916321447857)
continue (26000.0000000000000000 -26.6114110117864477)
continue (26500.0000000000000000 -26.6241780463687370)
continue (27000.0000000000000000 -26.6367022164791400)
continue (27500.0000000000000000 -26.6489924795276707)
continue (28000.0000000000000000 -26.6610573075138895)
continue (28500.0000000000000000 -26.6729047214477895)
continue (29000.0000000000000000 -26.6845423227740355)
continue (29500.0000000000000000 -26.6959773221072325)
continue (30000.0000000000000000 -26.7072165655495048)
continue (30500.0000000000000000 -26.7182665588305852)
continue (31000.0000000000000000 -26.7291334894828694)
continue (31500.0000000000000000 -26.7398232472403201)
continue (32000.0000000000000000 -26.7503414428292565)
continue (32500.0000000000000000 -26.7606934253006834)
continue (33000.0000000000000000 -26.7708842980379380)
continue (33500.0000000000000000 -26.7809189335592528)
continue (34000.0000000000000000 -26.7908019872224941)
continue (34500.0000000000000000 -26.8005379099283019)
continue (35000.0000000000000000 -26.8101309599081787)
continue (35500.0000000000000000 -26.8195852136755057)
continue (36000.0000000000000000 -26.8289045762097977)
continue (36500.0000000000000000 -26.8380927904376527)
continue (37000.0000000000000000 -26.8471534460679635)
continue (37500.0000000000000000 -26.8560899878333821)
continue (38000.0000000000000000 -26.8649057231852701)
continue (38500.0000000000000000 -26.8736038294850772)
continue (39000.0000000000000000 -26.8821873607311446)
continue (39500.0000000000000000 -26.8906592538564908)
continue (40000.0000000000000000 -26.8990223346299651)
continue (40500.0000000000000000 -26.9072793231904228)
continue (41000.0000000000000000 -26.9154328392408821)
continue (41500.0000000000000000 -26.9234854069274832)
continue (42000.0000000000000000 -26.9314394594259063)
continue (42500.0000000000000000 -26.9392973432560225)
continue (43000.0000000000000000 -26.9470613223438704)
continue (43500.0000000000000000 -26.9547335818485401)
continue (44000.0000000000000000 -26.9623162317700604)
continue (44500.0000000000000000 -26.9698113103531583)
continue (45000.0000000000000000 -26.9772207873006238)
continue (45500.0000000000000000 -26.9845465668088771)
continue (46000.0000000000000000 -26.9917904904374062)
continue (46500.0000000000000000 -26.9989543398229266)
continue (47000.0000000000000000 -27.0060398392481318)
continue (47500.0000000000000000 -27.0130486580743927)
continue (48000.0000000000000000 -27.0199824130468649)
continue (48500.0000000000000000 -27.0268426704800184)
continue (49000.0000000000000000 -27.0336309483308952)
continue (49500.0000000000000000 -27.0403487181670101)
continue (50000.0000000000000000 -27.0469974070351604)
continue (50500.0000000000000000 -27.0535783992372032)
continue (51000.0000000000000000 -27.0600930380181239)
continue (51500.0000000000000000 -27.0665426271717600)
continue (52000.0000000000000000 -27.0729284325686912)
continue (52500.0000000000000000 -27.0792516836110657)
continue (53000.0000000000000000 -27.0855135746182540)
continue (53500.0000000000000000 -27.0917152661474248)
continue (54000.0000000000000000 -27.0978578862525445)
continue (54500.0000000000000000 -27.1039425316853446)
continue (55000.0000000000000000 -27.1099702690412769)
continue (55500.0000000000000000 -27.1159421358536150)
continue (56000.0000000000000000 -27.1218591416383639)
continue (56500.0000000000000000 -27.1277222688926791)
continue (57000.0000000000000000 -27.1335324740492290)
continue (57500.0000000000000000 -27.1392906883888259)
continue (58000.0000000000000000 -27.1449978189134526)
continue (58500.0000000000000000 -27.1506547491818147)
continue (59000.0000000000000000 -27.1562623401092331)
continue (59500.0000000000000000 -27.1618214307337382)
continue (60000.0000000000000000 -27.1673328389500952)
continue (60500.0000000000000000 -27.1727973622132843)
continue (61000.0000000000000000 -27.1782157782129943)
continue (61500.0000000000000000 -27.1835888455205392)
continue (62000.0000000000000000 -27.1889173042095464)
continue (62500.0000000000000000 -27.1942018764516860)
continue (63000.0000000000000000 -27.1994432670886006)
continue (63500.0000000000000000 -27.2046421641812053)
continue (64000.0000000000000000 -27.2097992395374284)
continue (64500.0000000000000000 -27.2149151492193369)
continue (65000.0000000000000000 -27.2199905340307104)
continue (65500.0000000000000000 -27.2250260199858438)
continue (66000.0000000000000000 -27.2300222187605385)
continue (66500.0000000000000000 -27.2349797281260066)
continue (67000.0000000000000000 -27.2398991323665420)
continue (67500.0000000000000000 -27.2447810026815986)
continue (68000.0000000000000000 -27.2496258975730257)
continue (68500.0000000000000000 -27.2544343632180848)
continue (69000.0000000000000000 -27.2592069338288923)
continue (69500.0000000000000000 -27.2639441319988478)
continue (70000.0000000000000000 -27.2686464690366357)
continue (70500.0000000000000000 -27.2733144452883032)
continue (71000.0000000000000000 -27.2779485504479666)
continue (71500.0000000000000000 -27.2825492638575611)
continue (72000.0000000000000000 -27.2871170547961519)
continue (72500.0000000000000000 -27.2916523827592172)
continue (73000.0000000000000000 -27.2961556977283024)
continue (73500.0000000000000000 -27.3006274404314553)
continue (74000.0000000000000000 -27.3050680425948364)
continue (74500.0000000000000000 -27.3094779271858137)
continue (75245.0000000000000000 -50.0000000000000000)
continue (7354000.0000000000000000 -50.0000000000000000)
f(nu) = -20.5651940525437631 at 1.0000000000000000 Ryd
