# Faucher-Giguere 2019 
# z = 7.912509
# E [Ryd] log (J_nu)
interpolate (0.0000000100100000 -50.0000000000000000)
continue (0.0990000000000000 -50.0000000000000000)
continue (0.1000000000000000 -20.5407101291113285)
continue (0.1500000000000000 -20.6194650126193082)
continue (0.2000000000000000 -20.6986606737772654)
continue (0.2500000000000001 -20.9729604302093762)
continue (0.3000000000000000 -20.9980579913138179)
continue (0.3500000000000001 -21.0088123948230958)
continue (0.4000000000000001 -21.0128491090842466)
continue (0.4500000000000001 -21.0018152464420531)
continue (0.5000000000000001 -21.0235556248748026)
continue (0.5500000000000002 -21.0412391301555743)
continue (0.6000000000000002 -21.0172504838201952)
continue (0.6500000000000001 -21.0070656813899390)
continue (0.7000000000000002 -21.0285038854110979)
continue (0.7500000000000002 -21.2664432846208555)
continue (0.8000000000000002 -21.0847669740857491)
continue (0.8500000000000002 -21.1166674385543871)
continue (0.9000000000000002 -21.1563872993608655)
continue (0.9500000000000003 -21.2685586421410697)
continue (1.0100000000000000 -22.3653169526197750)
continue (1.0600000000000001 -22.4594079820415296)
continue (1.1100000000000001 -22.5181342468718846)
continue (1.1600000000000001 -22.7307001782126150)
continue (1.2100000000000002 -22.6274008926295629)
continue (1.2600000000000002 -22.6339738144036104)
continue (1.3100000000000003 -22.6599311714251961)
continue (1.3600000000000003 -22.7299688176166690)
continue (1.4100000000000004 -22.7325837997471289)
continue (1.4600000000000004 -22.7793968876162296)
continue (1.5100000000000005 -22.7187247854520358)
continue (1.5600000000000005 -22.7760820396782684)
continue (1.6100000000000005 -22.7666004868423073)
continue (1.6600000000000006 -22.7930965782138593)
continue (1.7100000000000006 -22.7013767069587296)
continue (1.7600000000000007 -22.7637698894903728)
continue (1.8100000000000007 -22.7927997681412897)
continue (1.8600000000000008 -22.9105295741946051)
continue (1.9100000000000008 -22.8213944352638052)
continue (1.9600000000000009 -22.8378133953320166)
continue (2.0000000000000000 -22.8810004890625187)
continue (2.0099999999999998 -22.8420068616378806)
continue (2.0199999999999996 -22.8928280990290780)
continue (2.0299999999999994 -22.9323327350853745)
continue (2.0399999999999991 -22.8706834998727615)
continue (2.0499999999999989 -22.9433505432235592)
continue (2.0599999999999987 -22.9929706152644968)
continue (2.0699999999999985 -22.9580641723008796)
continue (2.0799999999999983 -22.8721321956304031)
continue (2.0899999999999981 -22.9432411516297456)
continue (2.0999999999999979 -22.9049565797989203)
continue (2.1099999999999977 -22.9083619638548157)
continue (2.1199999999999974 -22.8907337720958886)
continue (2.1299999999999972 -22.8608726533208433)
continue (2.1399999999999970 -22.8627798851931949)
continue (2.1499999999999968 -22.8690197253991307)
continue (2.1599999999999966 -22.9644537439629417)
continue (2.1699999999999964 -23.0540012809692172)
continue (2.1799999999999962 -22.9561359975978121)
continue (2.1899999999999959 -22.9550111471670668)
continue (2.1999999999999957 -22.9369163433340368)
continue (2.2099999999999955 -22.9259762798158810)
continue (2.2199999999999953 -22.9816574675751006)
continue (2.2299999999999951 -22.9749289459810555)
continue (2.2399999999999949 -22.9227580465551561)
continue (2.2499999999999947 -23.0075696987788909)
continue (2.2599999999999945 -23.0054344638064272)
continue (2.2699999999999942 -22.9400977394789543)
continue (2.2799999999999940 -22.9736727973977217)
continue (2.2899999999999938 -23.0353477822346981)
continue (2.2999999999999936 -23.0758636274220699)
continue (2.3099999999999934 -23.0714311939091239)
continue (2.3199999999999932 -23.0085801872565021)
continue (2.3299999999999930 -23.0175259103594883)
continue (2.3399999999999928 -23.1098542036818095)
continue (2.3499999999999925 -23.0485113939138841)
continue (2.3599999999999923 -23.0818946764398660)
continue (2.3699999999999921 -23.1541221388888552)
continue (2.3799999999999919 -23.1663727020039012)
continue (2.3899999999999917 -23.2359994651338830)
continue (2.3999999999999915 -23.2006463943776957)
continue (2.4099999999999913 -23.1752173934897456)
continue (2.4199999999999910 -23.1747229703513149)
continue (2.4299999999999908 -23.1016206326926188)
continue (2.4399999999999906 -23.0831864652654097)
continue (2.4499999999999904 -23.0806445112062910)
continue (2.4599999999999902 -23.0139262327989051)
continue (2.4699999999999900 -23.0694612349426897)
continue (2.4799999999999898 -23.0919373544047346)
continue (2.4899999999999896 -23.2026230994229579)
continue (2.4999999999999893 -23.2369473340478550)
continue (2.5099999999999891 -23.1399166398546505)
continue (2.5199999999999889 -23.1583331620375183)
continue (2.5299999999999887 -23.1000488579504477)
continue (2.5399999999999885 -23.2432922288403390)
continue (2.5499999999999883 -23.2689489329509804)
continue (2.5599999999999881 -23.3229972587764962)
continue (2.5699999999999878 -23.2280501660366703)
continue (2.5799999999999876 -23.2081991191136794)
continue (2.5899999999999874 -23.2196365522804236)
continue (2.5999999999999872 -23.1939890249547283)
continue (2.6099999999999870 -23.1892337392804393)
continue (2.6199999999999868 -23.1484556452711558)
continue (2.6299999999999866 -23.1697307099780865)
continue (2.6399999999999864 -23.1976718586479969)
continue (2.6499999999999861 -23.2368030126700411)
continue (2.6599999999999859 -23.0969330405473450)
continue (2.6699999999999857 -23.1258896827737885)
continue (2.6799999999999855 -23.2246017132728966)
continue (2.6899999999999853 -23.1900811325967062)
continue (2.6999999999999851 -23.2293829305867696)
continue (2.7099999999999849 -23.2533832137912597)
continue (2.7199999999999847 -23.2429714861942394)
continue (2.7299999999999844 -23.1617177522081796)
continue (2.7399999999999842 -23.2271263766110074)
continue (2.7499999999999840 -23.1686208862073215)
continue (2.7599999999999838 -23.0957852514920674)
continue (2.7699999999999836 -23.1225604618082663)
continue (2.7799999999999834 -23.0434531054847866)
continue (2.7899999999999832 -23.0964733505716282)
continue (2.7999999999999829 -23.0880208204142541)
continue (2.8099999999999827 -23.1220553284064110)
continue (2.8199999999999825 -23.2126263873041552)
continue (2.8299999999999823 -23.2212223225715988)
continue (2.8399999999999821 -23.2122949330101420)
continue (2.8499999999999819 -23.2643443776278041)
continue (2.8599999999999817 -23.2601092903025659)
continue (2.8699999999999815 -23.2427296221131598)
continue (2.8799999999999812 -23.2503134124376132)
continue (2.8899999999999810 -23.2351828114320185)
continue (2.8999999999999808 -23.2514470258830670)
continue (2.9099999999999806 -23.2974291276824026)
continue (2.9199999999999804 -23.1853575594257499)
continue (2.9299999999999802 -23.1804551348616172)
continue (2.9399999999999800 -23.1300784862549200)
continue (2.9499999999999797 -23.1936815497983559)
continue (2.9599999999999795 -23.1297286768401271)
continue (2.9699999999999793 -22.9633480591065080)
continue (2.9799999999999791 -22.4144585953956046)
continue (2.9899999999999789 -22.0940534938712716)
continue (2.9999999999999787 -21.9900172503225804)
continue (3.0099999999999785 -23.3957067674291430)
continue (3.0199999999999783 -23.3913857076803744)
continue (3.0299999999999780 -23.3020912593466640)
continue (3.0399999999999778 -23.3297087746056668)
continue (3.0499999999999776 -23.2893144164433004)
continue (3.0599999999999774 -23.3779289724547006)
continue (3.0699999999999772 -23.3742239688202211)
continue (3.0799999999999770 -23.5236734518563040)
continue (3.0899999999999768 -23.5321998894533913)
continue (3.0999999999999766 -23.5368175920079494)
continue (3.1099999999999763 -23.5446992588430746)
continue (3.1199999999999761 -23.5392791871423732)
continue (3.1299999999999759 -23.4569847174520554)
continue (3.1399999999999757 -23.4506505608268867)
continue (3.1499999999999755 -23.4001233353921130)
continue (3.1599999999999753 -23.3663884833665989)
continue (3.1699999999999751 -23.4193709765631120)
continue (3.1799999999999748 -23.3445540476062590)
continue (3.1899999999999746 -23.4099175995791171)
continue (3.1999999999999744 -23.3297765248290148)
continue (3.2099999999999742 -23.3539022354030621)
continue (3.2199999999999740 -23.3260179984681848)
continue (3.2299999999999738 -23.3464723498844435)
continue (3.2399999999999736 -23.3747969446317079)
continue (3.2499999999999734 -23.4460987714715827)
continue (3.2599999999999731 -23.5014134411717350)
continue (3.2699999999999729 -23.5277390017867738)
continue (3.2799999999999727 -23.4325963191818438)
continue (3.2899999999999725 -23.3619613439908917)
continue (3.2999999999999723 -23.2978583659449612)
continue (3.3099999999999721 -23.2922751843525404)
continue (3.3199999999999719 -23.3533551555188943)
continue (3.3299999999999716 -23.3809663847357427)
continue (3.3399999999999714 -23.5147281901622129)
continue (3.3499999999999712 -23.5099197095253345)
continue (3.3599999999999710 -23.5950675308950402)
continue (3.3699999999999708 -23.5750235968601842)
continue (3.3799999999999706 -23.6093799934080728)
continue (3.3899999999999704 -23.6065132446660471)
continue (3.3999999999999702 -23.7217495453886187)
continue (3.4099999999999699 -23.6893867635743476)
continue (3.4199999999999697 -23.7073059907513439)
continue (3.4299999999999695 -23.6593643944822034)
continue (3.4399999999999693 -23.6643812299250662)
continue (3.4499999999999691 -23.5744544412326462)
continue (3.4599999999999689 -23.5828132867877294)
continue (3.4699999999999687 -23.5208482150960592)
continue (3.4799999999999685 -23.6173590179475283)
continue (3.4899999999999682 -23.5407951102485100)
continue (3.4999999999999680 -23.5955759028165986)
continue (3.5099999999999678 -23.6310360798067229)
continue (3.5199999999999676 -23.6203157144568934)
continue (3.5299999999999674 -23.6119194367929097)
continue (3.5399999999999672 -23.7812212977573694)
continue (3.5499999999999670 -23.8329407950032923)
continue (3.5599999999999667 -23.7189468767851288)
continue (3.5699999999999665 -23.5488923766145888)
continue (3.5799999999999663 -23.5367625552109381)
continue (3.5899999999999661 -23.5021790092882625)
continue (3.5999999999999659 -23.5892619817813660)
continue (3.6099999999999657 -23.6651271702203978)
continue (3.6199999999999655 -23.6313115756202876)
continue (3.6299999999999653 -23.7729428791865018)
continue (3.6399999999999650 -23.7429760145411173)
continue (3.6499999999999648 -23.7779880002180413)
continue (3.6599999999999646 -23.8254501997377943)
continue (3.6699999999999644 -23.9142405898250061)
continue (3.6799999999999642 -23.8509473955443170)
continue (3.6899999999999640 -23.8404305537004859)
continue (3.6999999999999638 -23.7875243956204159)
continue (3.7099999999999635 -23.9019200981218027)
continue (3.7199999999999633 -23.9628487858793626)
continue (3.7299999999999631 -24.2961291657121947)
continue (3.7399999999999629 -24.2319008565973348)
continue (3.7499999999999627 -24.0887528692539377)
continue (3.7599999999999625 -23.6942391780939055)
continue (3.7699999999999623 -23.7002793164665668)
continue (3.7799999999999621 -23.6950428696896402)
continue (3.7899999999999618 -23.7352252868961671)
continue (3.7999999999999616 -24.2092043318655215)
continue (3.8099999999999614 -24.1892562270980420)
continue (3.8199999999999612 -24.3967727836373136)
continue (3.8299999999999610 -24.6069032041650502)
continue (3.8399999999999608 -24.7449124610488838)
continue (3.8499999999999606 -24.0829321980075264)
continue (3.8599999999999604 -24.1351701649465049)
continue (3.8699999999999601 -24.3218877926756605)
continue (3.8799999999999599 -24.6555684313389278)
continue (3.8899999999999597 -23.3606230970917572)
continue (3.8999999999999595 -23.2167792623302738)
continue (3.9099999999999593 -23.2821605861200922)
continue (3.9199999999999591 -23.1344231807781853)
continue (3.9299999999999589 -23.1931065478591947)
continue (3.9399999999999586 -23.0438501512234666)
continue (3.9499999999999584 -23.0890034822016688)
continue (3.9599999999999582 -23.2179125855875554)
continue (3.9699999999999580 -23.2660114217811547)
continue (3.9799999999999578 -23.7639610061414501)
continue (3.9899999999999576 -23.9558964344050551)
continue (4.0099999999999998 -24.2720597729213772)
continue (4.5099999999999998 -25.8859634396817135)
continue (5.0099999999999998 -26.5641257019526833)
continue (5.5099999999999998 -26.3877119847846195)
continue (6.0099999999999998 -27.1816878302374079)
continue (6.5099999999999998 -26.5352130279051792)
continue (7.0099999999999998 -26.6794381622985597)
continue (7.5099999999999998 -27.2607634498153963)
continue (8.0099999999999998 -27.3976649354013979)
continue (8.5099999999999998 -27.4513387722795699)
continue (9.0099999999999998 -27.5368777323006917)
continue (9.5099999999999998 -27.5510649830393461)
continue (10.0000000000000000 -27.5106243298515381)
continue (10.0099999999999998 -27.5080611612333712)
continue (15.0000000000000000 -27.2936313025239237)
continue (20.0000000000000000 -27.2244833192220810)
continue (25.0000000000000000 -27.1892573394742101)
continue (30.0000000000000000 -27.1987675025630082)
continue (35.0000000000000000 -27.2241953912439243)
continue (40.0000000000000000 -27.2545401349665504)
continue (45.0000000000000000 -27.2760372729484715)
continue (50.0000000000000000 -27.2812093886545597)
continue (55.0000000000000000 -27.2873710323648879)
continue (60.0000000000000000 -27.2939933681800255)
continue (65.0000000000000000 -27.3007406114194247)
continue (70.0000000000000000 -27.3074343066900340)
continue (75.0000000000000000 -27.3139808325059406)
continue (80.0000000000000000 -27.3203334469018948)
continue (85.0000000000000000 -27.3264717236671970)
continue (90.0000000000000000 -27.3323900941465752)
continue (95.0000000000000000 -27.3380913171842046)
continue (100.0000000000000000 -27.3435826937087008)
continue (110.0000000000000000 -27.3539754203224916)
continue (120.0000000000000000 -27.3636531984383993)
continue (130.0000000000000000 -27.3726995280848016)
continue (140.0000000000000000 -27.3811895173907160)
continue (150.0000000000000000 -27.3891884589138499)
continue (160.0000000000000000 -27.3967523698555588)
continue (170.0000000000000000 -27.4039291298372838)
continue (180.0000000000000000 -27.4107596973360543)
continue (190.0000000000000000 -27.4172792204235272)
continue (200.0000000000000000 -27.4235179904609083)
continue (210.0000000000000000 -27.4295022387162568)
continue (220.0000000000000000 -27.4352547936603699)
continue (230.0000000000000000 -27.4407956208579158)
continue (240.0000000000000000 -27.4461422662735650)
continue (250.0000000000000000 -27.4513102210307345)
continue (260.0000000000000000 -27.4563132225629403)
continue (270.0000000000000000 -27.4611635042896509)
continue (280.0000000000000000 -27.4658720035704107)
continue (290.0000000000000000 -27.4704485357309167)
continue (300.0000000000000000 -27.4749019403976682)
continue (310.0000000000000000 -27.4792402051359907)
continue (320.0000000000000000 -27.4834705703945446)
continue (330.0000000000000000 -27.4875996189868523)
continue (340.0000000000000000 -27.4916333527237420)
continue (350.0000000000000000 -27.4955772583126929)
continue (360.0000000000000000 -27.4994363642598572)
continue (370.0000000000000000 -27.5032152901926139)
continue (380.0000000000000000 -27.5069182897672952)
continue (390.0000000000000000 -27.5105492881344418)
continue (400.0000000000000000 -27.5141119147561959)
continue (410.0000000000000000 -27.5176095322509582)
continue (420.0000000000000000 -27.5210452618228345)
continue (430.0000000000000000 -27.5244220057459756)
continue (440.0000000000000000 -27.5277424673031916)
continue (450.0000000000000000 -27.5310091685146467)
continue (460.0000000000000000 -27.5342244659416551)
continue (470.0000000000000000 -27.5373905648127284)
continue (480.0000000000000000 -27.5405095316765589)
continue (490.0000000000000000 -27.5435833057642832)
continue (500.0000000000000000 -27.5466137092167784)
continue (510.0000000000000000 -27.5496024563033437)
continue (520.0000000000000000 -27.5525511617574601)
continue (530.0000000000000000 -27.5554613483222361)
continue (540.0000000000000000 -27.5583344535971797)
continue (550.0000000000000000 -27.5611718362568716)
continue (560.0000000000000000 -27.5639747817198142)
continue (570.0000000000000000 -27.5667445073119204)
continue (580.0000000000000000 -27.5694821669871928)
continue (590.0000000000000000 -27.5721888556459689)
continue (600.0000000000000000 -27.5748656130922285)
continue (610.0000000000000000 -27.5775134276649219)
continue (620.0000000000000000 -27.5801332395757370)
continue (630.0000000000000000 -27.5827259439820196)
continue (640.0000000000000000 -27.5852923938145800)
continue (650.0000000000000000 -27.5878334023942173)
continue (660.0000000000000000 -27.5903497458410385)
continue (670.0000000000000000 -27.5928421653103122)
continue (680.0000000000000000 -27.5953113690579919)
continue (690.0000000000000000 -27.5977580343589857)
continue (700.0000000000000000 -27.6001828092873893)
continue (710.0000000000000000 -27.6025863143690628)
continue (720.0000000000000000 -27.6049691441210889)
continue (730.0000000000000000 -27.6073318684842661)
continue (740.0000000000000000 -27.6096750341583572)
continue (750.0000000000000000 -27.6119991658477844)
continue (760.0000000000000000 -27.6143047674262725)
continue (770.0000000000000000 -27.6165923230241077)
continue (780.0000000000000000 -27.6188622980443199)
continue (790.0000000000000000 -27.6211151401186576)
continue (800.0000000000000000 -27.6233512799993264)
continue (810.0000000000000000 -27.6255711323952546)
continue (820.0000000000000000 -27.6277750967610771)
continue (830.0000000000000000 -27.6299635580347278)
continue (840.0000000000000000 -27.6321368873321980)
continue (850.0000000000000000 -27.6342954426015162)
continue (860.0000000000000000 -27.6364395692381777)
continue (870.0000000000000000 -27.6385696006649297)
continue (880.0000000000000000 -27.6406858588789071)
continue (890.0000000000000000 -27.6427886549670454)
continue (900.0000000000000000 -27.6448782895940575)
continue (910.0000000000000000 -27.6469550534624453)
continue (920.0000000000000000 -27.6490192277474485)
continue (930.0000000000000000 -27.6510710845090379)
continue (940.0000000000000000 -27.6531108870812758)
continue (950.0000000000000000 -27.6551388904421280)
continue (960.0000000000000000 -27.6571553415626603)
continue (970.0000000000000000 -27.6591604797385635)
continue (980.0000000000000000 -27.6611545369057730)
continue (990.0000000000000000 -27.6631377379376602)
continue (1000.0000000000000000 -27.6651103009306567)
continue (1200.0000000000000000 -27.7026133306568205)
continue (1400.0000000000000000 -27.7371786738790718)
continue (1600.0000000000000000 -27.7695933339312049)
continue (1800.0000000000000000 -27.8003649735971621)
continue (2000.0000000000000000 -27.8298402329741030)
continue (2200.0000000000000000 -27.8582663617208013)
continue (2400.0000000000000000 -27.8858259228230452)
continue (2600.0000000000000000 -27.9126575585417704)
continue (2800.0000000000000000 -27.9388690390898375)
continue (3000.0000000000000000 -27.9645457987234494)
continue (3200.0000000000000000 -27.9897567113779004)
continue (3400.0000000000000000 -28.0145581122991167)
continue (3600.0000000000000000 -28.0389966684408556)
continue (3800.0000000000000000 -28.0631114717616903)
continue (4000.0000000000000000 -28.0869355949696420)
continue (4200.0000000000000000 -28.1104972672990243)
continue (4400.0000000000000000 -28.1338207765170836)
continue (4600.0000000000000000 -28.1569271702609143)
continue (4800.0000000000000000 -28.1798348080025356)
continue (5000.0000000000000000 -28.2025598002629820)
continue (5200.0000000000000000 -28.2251163616336491)
continue (5400.0000000000000000 -28.2475170971358160)
continue (5600.0000000000000000 -28.2697708041964866)
continue (5800.0000000000000000 -28.2918736785265708)
continue (6000.0000000000000000 -28.3138091452536038)
continue (6200.0000000000000000 -28.3355389827766082)
continue (6400.0000000000000000 -28.3569899719449303)
continue (6600.0000000000000000 -28.3780334701971135)
continue (6800.0000000000000000 -28.3984754726543791)
continue (7000.0000000000000000 -28.4183016888512618)
continue (7200.0000000000000000 -28.4375647891820620)
continue (7400.0000000000000000 -28.4562956986186144)
continue (7600.0000000000000000 -28.4745228650717337)
continue (7800.0000000000000000 -28.4922725169801616)
continue (8000.0000000000000000 -28.5095688882690155)
continue (8200.0000000000000000 -28.5264344155140215)
continue (8400.0000000000000000 -28.5428899113345054)
continue (8600.0000000000000000 -28.5589547173710017)
continue (8800.0000000000000000 -28.5746468396679987)
continue (9000.0000000000000000 -28.5899830688329040)
continue (9200.0000000000000000 -28.6049790869822012)
continue (9400.0000000000000000 -28.6196495631795997)
continue (9600.0000000000000000 -28.6340082388208081)
continue (9800.0000000000000000 -28.6480680042100317)
continue (10000.0000000000000000 -28.6618409673959107)
continue (10200.0000000000000000 -28.6753385161869829)
continue (10400.0000000000000000 -28.6885713741426969)
continue (10600.0000000000000000 -28.7015496512275057)
continue (10800.0000000000000000 -28.7142828897285085)
continue (11000.0000000000000000 -28.7267801059568697)
continue (11500.0000000000000000 -28.7570454078180404)
continue (12000.0000000000000000 -28.7860091163299856)
continue (12500.0000000000000000 -28.8137778130450357)
continue (13000.0000000000000000 -28.8404455175747678)
continue (13500.0000000000000000 -28.8660955864341844)
continue (14000.0000000000000000 -28.8908022662039912)
continue (14500.0000000000000000 -28.9146319738740836)
continue (15000.0000000000000000 -28.9376443599209736)
continue (15500.0000000000000000 -28.9598931969070073)
continue (16000.0000000000000000 -28.9814271268721342)
continue (16500.0000000000000000 -29.0022902936135623)
continue (17000.0000000000000000 -29.0225228804920832)
continue (17500.0000000000000000 -29.0421615702109222)
continue (18000.0000000000000000 -29.0612399397683312)
continue (18500.0000000000000000 -29.0797888012496593)
continue (19000.0000000000000000 -29.0978364971333150)
continue (19500.0000000000000000 -29.1154091572054696)
continue (20000.0000000000000000 -29.1325309229204308)
continue (20500.0000000000000000 -29.1492241440340365)
continue (21000.0000000000000000 -29.1655095515220033)
continue (21500.0000000000000000 -29.1814064101344890)
continue (22000.0000000000000000 -29.1969326533978162)
continue (22500.0000000000000000 -29.2121050034321570)
continue (23000.0000000000000000 -29.2269390775892468)
continue (23500.0000000000000000 -29.2414494836121506)
continue (24000.0000000000000000 -29.2556499047680170)
continue (24500.0000000000000000 -29.2695531761955543)
continue (25000.0000000000000000 -29.2831713535327758)
continue (25500.0000000000000000 -29.2965157747430673)
continue (26000.0000000000000000 -29.3095971159327604)
continue (26500.0000000000000000 -29.3224254418472441)
continue (27000.0000000000000000 -29.3350102516430340)
continue (27500.0000000000000000 -29.3473605204563412)
continue (28000.0000000000000000 -29.3594847372228891)
continue (28500.0000000000000000 -29.3713909391474033)
continue (29000.0000000000000000 -29.3830867431725835)
continue (29500.0000000000000000 -29.3945793747558497)
continue (30000.0000000000000000 -29.4058756942251662)
continue (30500.0000000000000000 -29.4169822209545018)
continue (31000.0000000000000000 -29.4279051555717999)
continue (31500.0000000000000000 -29.4386504003883793)
continue (32000.0000000000000000 -29.4492235782180352)
continue (32500.0000000000000000 -29.4596300497358037)
continue (33000.0000000000000000 -29.4698749295101123)
continue (33500.0000000000000000 -29.4799631008283463)
continue (34000.0000000000000000 -29.4898992294229423)
continue (34500.0000000000000000 -29.4996877761945449)
continue (35000.0000000000000000 -29.5093330090188246)
continue (35500.0000000000000000 -29.5188390137150058)
continue (36000.0000000000000000 -29.5282097042465530)
continue (36500.0000000000000000 -29.5374488322175530)
continue (37000.0000000000000000 -29.5465599957224043)
continue (37500.0000000000000000 -29.5555466476008668)
continue (38000.0000000000000000 -29.5644121031458447)
continue (38500.0000000000000000 -29.5731595473068012)
continue (39000.0000000000000000 -29.5817920414279243)
continue (39500.0000000000000000 -29.5903125295566305)
continue (40000.0000000000000000 -29.5987238443548151)
continue (40500.0000000000000000 -29.6070287126425704)
continue (41000.0000000000000000 -29.6152297606013803)
continue (41500.0000000000000000 -29.6233295186616097)
continue (42000.0000000000000000 -29.6313304260969907)
continue (42500.0000000000000000 -29.6392348353469153)
continue (43000.0000000000000000 -29.6470450160856842)
continue (43500.0000000000000000 -29.6547631590562411)
continue (44000.0000000000000000 -29.6623913796845855)
continue (44500.0000000000000000 -29.6699317214897498)
continue (45000.0000000000000000 -29.6773861593030119)
continue (45500.0000000000000000 -29.6847566023090792)
continue (46000.0000000000000000 -29.6920448969208337)
continue (46500.0000000000000000 -29.6992528294985476)
continue (47000.0000000000000000 -29.7063821289234902)
continue (47500.0000000000000000 -29.7134344690351568)
continue (48000.0000000000000000 -29.7204114709408245)
continue (48500.0000000000000000 -29.7273147052051883)
continue (49000.0000000000000000 -29.7341456939276476)
continue (49500.0000000000000000 -29.7409059127139912)
continue (50000.0000000000000000 -29.7475967925488405)
continue (50500.0000000000000000 -29.7542197215748949)
continue (51000.0000000000000000 -29.7607760467843221)
continue (51500.0000000000000000 -29.7672670756276254)
continue (52000.0000000000000000 -29.7736940775446435)
continue (52500.0000000000000000 -29.7800582854221751)
continue (53000.0000000000000000 -29.7863608969825080)
continue (53500.0000000000000000 -29.7926030761066016)
continue (54000.0000000000000000 -29.7987859540956777)
continue (54500.0000000000000000 -29.8049106308746019)
continue (55000.0000000000000000 -29.8109781761402282)
continue (55500.0000000000000000 -29.8169896304577158)
continue (56000.0000000000000000 -29.8229460063076282)
continue (56500.0000000000000000 -29.8288482890864159)
continue (57000.0000000000000000 -29.8346974380627863)
continue (57500.0000000000000000 -29.8404943872922388)
continue (58000.0000000000000000 -29.8462400464919497)
continue (58500.0000000000000000 -29.8519353018780791)
continue (59000.0000000000000000 -29.8575810169673943)
continue (59500.0000000000000000 -29.8631780333449797)
continue (60000.0000000000000000 -29.8687271713998577)
continue (60500.0000000000000000 -29.8742292310299860)
continue (61000.0000000000000000 -29.8796849923182073)
continue (61500.0000000000000000 -29.8850952161805914)
continue (62000.0000000000000000 -29.8904606449884866)
continue (62500.0000000000000000 -29.8957820031655324)
continue (63000.0000000000000000 -29.9010599977608891)
continue (63500.0000000000000000 -29.9062953189997458)
continue (64000.0000000000000000 -29.9114886408122196)
continue (64500.0000000000000000 -29.9166406213416529)
continue (65000.0000000000000000 -29.9217519034332540)
continue (65500.0000000000000000 -29.9268231151039714)
continue (66000.0000000000000000 -29.9318548699945097)
continue (66500.0000000000000000 -29.9368477678042275)
continue (67000.0000000000000000 -29.9418023947097609)
continue (67500.0000000000000000 -29.9467193237680078)
continue (68000.0000000000000000 -29.9515991153042869)
continue (68500.0000000000000000 -29.9564423172862071)
continue (69000.0000000000000000 -29.9612494656839381)
continue (69500.0000000000000000 -29.9660210848174522)
continue (70000.0000000000000000 -29.9707576876913180)
continue (70500.0000000000000000 -29.9754597763175319)
continue (71000.0000000000000000 -29.9801278420269561)
continue (71500.0000000000000000 -29.9847623657697788)
continue (72000.0000000000000000 -29.9893638184055291)
continue (72500.0000000000000000 -29.9939326609830026)
continue (73000.0000000000000000 -29.9984693450105837)
continue (73500.0000000000000000 -30.0029743127172992)
continue (74000.0000000000000000 -30.0074479973050501)
continue (74500.0000000000000000 -30.0118908231922710)
continue (75245.0000000000000000 -50.0000000000000000)
continue (7354000.0000000000000000 -50.0000000000000000)
f(nu) = -21.0879153500725529 at 1.0000000000000000 Ryd
