# Faucher-Giguere 2019 
# z = 0.995262
# E [Ryd] log (J_nu)
interpolate (0.0000000100100000 -50.0000000000000000)
continue (0.0990000000000000 -50.0000000000000000)
continue (0.1000000000000000 -19.1126755829002697)
continue (0.1500000000000000 -19.2669559515494022)
continue (0.2000000000000000 -19.3939595306966517)
continue (0.2500000000000001 -19.4670900925662949)
continue (0.3000000000000000 -19.4771739993687447)
continue (0.3500000000000001 -19.4932449706691635)
continue (0.4000000000000001 -19.5227905943550084)
continue (0.4500000000000001 -19.5450423807196323)
continue (0.5000000000000001 -19.5915515399392284)
continue (0.5500000000000002 -19.6441507659699219)
continue (0.6000000000000002 -19.7075163383880749)
continue (0.6500000000000001 -19.7787832069171401)
continue (0.7000000000000002 -19.8653394707979665)
continue (0.7500000000000002 -20.1834168983941176)
continue (0.8000000000000002 -20.3535084827052764)
continue (0.8500000000000002 -20.4878877897824445)
continue (0.9000000000000002 -20.6918119258442985)
continue (0.9500000000000003 -20.9033386641943402)
continue (1.0100000000000000 -21.5963646663440869)
continue (1.0600000000000001 -21.6346042064771460)
continue (1.1100000000000001 -21.6694723720976725)
continue (1.1600000000000001 -21.7039366365810231)
continue (1.2100000000000002 -21.7346904413975111)
continue (1.2600000000000002 -21.7638303062987468)
continue (1.3100000000000003 -21.7945814579207955)
continue (1.3600000000000003 -21.8239117799468580)
continue (1.4100000000000004 -21.8509572070330549)
continue (1.4600000000000004 -21.8793734309311176)
continue (1.5100000000000005 -21.9037708272034308)
continue (1.5600000000000005 -21.9302359565371283)
continue (1.6100000000000005 -21.9555341828510358)
continue (1.6600000000000006 -21.9762933441253239)
continue (1.7100000000000006 -21.9973685537198236)
continue (1.7600000000000007 -22.0190448149701012)
continue (1.8100000000000007 -22.0375729240700124)
continue (1.8600000000000008 -22.0572173122652160)
continue (1.9100000000000008 -22.0723318487604345)
continue (1.9600000000000009 -22.0908874405295812)
continue (2.0000000000000000 -22.1034159726394073)
continue (2.0099999999999998 -22.1077484868160887)
continue (2.0199999999999996 -22.1096343257313670)
continue (2.0299999999999994 -22.1132839017939311)
continue (2.0399999999999991 -22.1158825352921795)
continue (2.0499999999999989 -22.1201607681212380)
continue (2.0599999999999987 -22.1219523659428035)
continue (2.0699999999999985 -22.1261401649665252)
continue (2.0799999999999983 -22.1284243676986776)
continue (2.0899999999999981 -22.1333563475427795)
continue (2.0999999999999979 -22.1343439770250683)
continue (2.1099999999999977 -22.1376103299520430)
continue (2.1199999999999974 -22.1422807285199390)
continue (2.1299999999999972 -22.1463195497854635)
continue (2.1399999999999970 -22.1480318116202852)
continue (2.1499999999999968 -22.1499143149915270)
continue (2.1599999999999966 -22.1549220810567178)
continue (2.1699999999999964 -22.1604380391902183)
continue (2.1799999999999962 -22.1607331825599481)
continue (2.1899999999999959 -22.1647040643582081)
continue (2.1999999999999957 -22.1678041402853196)
continue (2.2099999999999955 -22.1705290859273880)
continue (2.2199999999999953 -22.1750252299945920)
continue (2.2299999999999951 -22.1762110764670446)
continue (2.2399999999999949 -22.1816680328718299)
continue (2.2499999999999947 -22.1825918811862053)
continue (2.2599999999999945 -22.1885096245044977)
continue (2.2699999999999942 -22.1893871194010615)
continue (2.2799999999999940 -22.1935149531304248)
continue (2.2899999999999938 -22.1965527793953932)
continue (2.2999999999999936 -22.2010862444309218)
continue (2.3099999999999934 -22.2017394276651530)
continue (2.3199999999999932 -22.2067158579130037)
continue (2.3299999999999930 -22.2113506735833255)
continue (2.3399999999999928 -22.2144679942530949)
continue (2.3499999999999925 -22.2184845040575638)
continue (2.3599999999999923 -22.2186436770476057)
continue (2.3699999999999921 -22.2226887780352769)
continue (2.3799999999999919 -22.2263758740124437)
continue (2.3899999999999917 -22.2283863916575442)
continue (2.3999999999999915 -22.2311887742313985)
continue (2.4099999999999913 -22.2320219126618994)
continue (2.4199999999999910 -22.2356200555137526)
continue (2.4299999999999908 -22.2389209272157977)
continue (2.4399999999999906 -22.2415839930162100)
continue (2.4499999999999904 -22.2413513785851578)
continue (2.4599999999999902 -22.2457816486448969)
continue (2.4699999999999900 -22.2474205693938387)
continue (2.4799999999999898 -22.2518948790942162)
continue (2.4899999999999896 -22.2541586617785683)
continue (2.4999999999999893 -22.2578994494694378)
continue (2.5099999999999891 -22.2586103169924421)
continue (2.5199999999999889 -22.2629362792721643)
continue (2.5299999999999887 -22.2645171207727373)
continue (2.5399999999999885 -22.2679685450772382)
continue (2.5499999999999883 -22.2722188638626157)
continue (2.5599999999999881 -22.2718264253825815)
continue (2.5699999999999878 -22.2753495140005562)
continue (2.5799999999999876 -22.2791409242653238)
continue (2.5899999999999874 -22.2828934236707639)
continue (2.5999999999999872 -22.2842628457046104)
continue (2.6099999999999870 -22.2852023392102225)
continue (2.6199999999999868 -22.2902697493057964)
continue (2.6299999999999866 -22.2913854347853047)
continue (2.6399999999999864 -22.2968090514442494)
continue (2.6499999999999861 -22.2998698344690567)
continue (2.6599999999999859 -22.3017537599669922)
continue (2.6699999999999857 -22.3036086711350627)
continue (2.6799999999999855 -22.3071842556946223)
continue (2.6899999999999853 -22.3108309999421053)
continue (2.6999999999999851 -22.3132332428965512)
continue (2.7099999999999849 -22.3173670833161744)
continue (2.7199999999999847 -22.3208505068267939)
continue (2.7299999999999844 -22.3207212444640497)
continue (2.7399999999999842 -22.3254171204348850)
continue (2.7499999999999840 -22.3287937915761034)
continue (2.7599999999999838 -22.3315794237042695)
continue (2.7699999999999836 -22.3358929183169153)
continue (2.7799999999999834 -22.3387892318152623)
continue (2.7899999999999832 -22.3425916031017557)
continue (2.7999999999999829 -22.3442266461074084)
continue (2.8099999999999827 -22.3476927605859395)
continue (2.8199999999999825 -22.3515334911933152)
continue (2.8299999999999823 -22.3546266692001332)
continue (2.8399999999999821 -22.3588914459205022)
continue (2.8499999999999819 -22.3637216542978372)
continue (2.8599999999999817 -22.3641117756629306)
continue (2.8699999999999815 -22.3680138375723701)
continue (2.8799999999999812 -22.3715211878006244)
continue (2.8899999999999810 -22.3741256858658701)
continue (2.8999999999999808 -22.3799370454753266)
continue (2.9099999999999806 -22.3832383526269609)
continue (2.9199999999999804 -22.3873849101220017)
continue (2.9299999999999802 -22.3883623615689515)
continue (2.9399999999999800 -22.3912608818630545)
continue (2.9499999999999797 -22.3944729035867098)
continue (2.9599999999999795 -22.4003443462728029)
continue (2.9699999999999793 -22.4046171987083298)
continue (2.9799999999999791 -22.4080099569993472)
continue (2.9899999999999789 -22.4120968068513804)
continue (2.9999999999999787 -22.4155142369933813)
continue (3.0099999999999785 -22.6475254869556899)
continue (3.0199999999999783 -22.6519906917200551)
continue (3.0299999999999780 -22.6586867312818327)
continue (3.0399999999999778 -22.6634377873361785)
continue (3.0499999999999776 -22.6670987347962267)
continue (3.0599999999999774 -22.6701482283817555)
continue (3.0699999999999772 -22.6742163931376552)
continue (3.0799999999999770 -22.6786244566058244)
continue (3.0899999999999768 -22.6840058986997981)
continue (3.0999999999999766 -22.6903843919726924)
continue (3.1099999999999763 -22.6954965367137760)
continue (3.1199999999999761 -22.6962494493981737)
continue (3.1299999999999759 -22.7037060357673894)
continue (3.1399999999999757 -22.7067807525226435)
continue (3.1499999999999755 -22.7080768127237391)
continue (3.1599999999999753 -22.7155769452606542)
continue (3.1699999999999751 -22.7212728393812782)
continue (3.1799999999999748 -22.7231973438413171)
continue (3.1899999999999746 -22.7278301172755270)
continue (3.1999999999999744 -22.7350056558890792)
continue (3.2099999999999742 -22.7379386717337297)
continue (3.2199999999999740 -22.7398262036893826)
continue (3.2299999999999738 -22.7470200150951172)
continue (3.2399999999999736 -22.7531294535984649)
continue (3.2499999999999734 -22.7541830350483565)
continue (3.2599999999999731 -22.7597665761939894)
continue (3.2699999999999729 -22.7663433922835949)
continue (3.2799999999999727 -22.7713118327520974)
continue (3.2899999999999725 -22.7734246995256129)
continue (3.2999999999999723 -22.7781669325937877)
continue (3.3099999999999721 -22.7833019516892108)
continue (3.3199999999999719 -22.7871248847323926)
continue (3.3299999999999716 -22.7914095863582880)
continue (3.3399999999999714 -22.7970441501820460)
continue (3.3499999999999712 -22.8022269489290395)
continue (3.3599999999999710 -22.8071149240845799)
continue (3.3699999999999708 -22.8114597430644146)
continue (3.3799999999999706 -22.8156675224460344)
continue (3.3899999999999704 -22.8206245356306354)
continue (3.3999999999999702 -22.8256416657036247)
continue (3.4099999999999699 -22.8250842952047961)
continue (3.4199999999999697 -22.8342991315598773)
continue (3.4299999999999695 -22.8389302915423933)
continue (3.4399999999999693 -22.8442210330434676)
continue (3.4499999999999691 -22.8467885278536933)
continue (3.4599999999999689 -22.8493888016908286)
continue (3.4699999999999687 -22.8573443382241273)
continue (3.4799999999999685 -22.8557948536492397)
continue (3.4899999999999682 -22.8610107326826366)
continue (3.4999999999999680 -22.8700559577097735)
continue (3.5099999999999678 -22.8751777232842670)
continue (3.5199999999999676 -22.8805871913560672)
continue (3.5299999999999674 -22.8832709266943084)
continue (3.5399999999999672 -22.8870540714523969)
continue (3.5499999999999670 -22.8927523966223809)
continue (3.5599999999999667 -22.8757248005805351)
continue (3.5699999999999665 -22.8814433277667248)
continue (3.5799999999999663 -22.8911690128556380)
continue (3.5899999999999661 -22.8960469314452908)
continue (3.5999999999999659 -22.9022134368109676)
continue (3.6099999999999657 -22.9040141301370532)
continue (3.6199999999999655 -22.9065640430466395)
continue (3.6299999999999653 -22.9149356052445512)
continue (3.6399999999999650 -22.9083613791913372)
continue (3.6499999999999648 -22.9152772972878047)
continue (3.6599999999999646 -22.9261786105780274)
continue (3.6699999999999644 -22.9320481648150398)
continue (3.6799999999999642 -22.9380893165721140)
continue (3.6899999999999640 -22.9393129943969782)
continue (3.6999999999999638 -22.9448476825230969)
continue (3.7099999999999635 -22.9475106105017517)
continue (3.7199999999999633 -22.9557761286820181)
continue (3.7299999999999631 -22.9469176429046513)
continue (3.7399999999999629 -22.9543535127708829)
continue (3.7499999999999627 -22.9590922318167827)
continue (3.7599999999999625 -22.9632703963857452)
continue (3.7699999999999623 -22.9696688014758834)
continue (3.7799999999999621 -22.9696550566468431)
continue (3.7899999999999618 -22.9760780137401461)
continue (3.7999999999999616 -22.9802427253502515)
continue (3.8099999999999614 -22.9659574947845506)
continue (3.8199999999999612 -22.9745355784874832)
continue (3.8299999999999610 -22.9829619737451623)
continue (3.8399999999999608 -22.9905919739142597)
continue (3.8499999999999606 -22.9966866882149965)
continue (3.8599999999999604 -23.0036666186323835)
continue (3.8699999999999601 -23.0028949424694709)
continue (3.8799999999999599 -23.0095855892511736)
continue (3.8899999999999597 -23.0135832763787676)
continue (3.8999999999999595 -23.0211020891629730)
continue (3.9099999999999593 -23.0013099552656790)
continue (3.9199999999999591 -23.0105880744753506)
continue (3.9299999999999589 -23.0191296122836739)
continue (3.9399999999999586 -23.0271797566222070)
continue (3.9499999999999584 -23.0353275382070386)
continue (3.9599999999999582 -23.0430125994001322)
continue (3.9699999999999580 -23.0401870554447576)
continue (3.9799999999999578 -23.0437687780084559)
continue (3.9899999999999576 -23.0525977954141581)
continue (4.0099999999999998 -23.0313613383823963)
continue (4.5099999999999998 -23.2468610893202374)
continue (5.0099999999999998 -23.3133107469079910)
continue (5.5099999999999998 -23.3718036644896046)
continue (6.0099999999999998 -23.4271494837551728)
continue (6.5099999999999998 -23.4793153810529098)
continue (7.0099999999999998 -23.5284593951181904)
continue (7.5099999999999998 -23.5744841803400433)
continue (8.0099999999999998 -23.6176345829556773)
continue (8.5099999999999998 -23.6582872110815714)
continue (9.0099999999999998 -23.6967009157003545)
continue (9.5099999999999998 -23.7331073923281934)
continue (10.0000000000000000 -23.7669890239001447)
continue (10.0099999999999998 -23.7676627809365115)
continue (15.0000000000000000 -24.0123039245780063)
continue (20.0000000000000000 -24.1005773407107142)
continue (25.0000000000000000 -24.1577137459786400)
continue (30.0000000000000000 -24.2045882155175853)
continue (35.0000000000000000 -24.2387786052859617)
continue (40.0000000000000000 -24.2616573645096132)
continue (45.0000000000000000 -24.2762369622558865)
continue (50.0000000000000000 -24.2868528215662316)
continue (55.0000000000000000 -24.2967336553127744)
continue (60.0000000000000000 -24.3059641629085199)
continue (65.0000000000000000 -24.3146054182031861)
continue (70.0000000000000000 -24.3227186789342902)
continue (75.0000000000000000 -24.3303604248069618)
continue (80.0000000000000000 -24.3375809094698425)
continue (85.0000000000000000 -24.3444241479989287)
continue (90.0000000000000000 -24.3509284484882755)
continue (95.0000000000000000 -24.3571271038571275)
continue (100.0000000000000000 -24.3630490827371702)
continue (110.0000000000000000 -24.3741609501461447)
continue (120.0000000000000000 -24.3844311532882330)
continue (130.0000000000000000 -24.3939896337862301)
continue (140.0000000000000000 -24.4029390234982557)
continue (150.0000000000000000 -24.4113615958163770)
continue (160.0000000000000000 -24.4193242110620758)
continue (170.0000000000000000 -24.4268818821572005)
continue (180.0000000000000000 -24.4340803842115335)
continue (190.0000000000000000 -24.4409581932574511)
continue (200.0000000000000000 -24.4475479474943960)
continue (210.0000000000000000 -24.4538775636739842)
continue (220.0000000000000000 -24.4599711008457348)
continue (230.0000000000000000 -24.4658494364956063)
continue (240.0000000000000000 -24.4715308015801689)
continue (250.0000000000000000 -24.4770312081567596)
continue (260.0000000000000000 -24.4823647943457061)
continue (270.0000000000000000 -24.4875441049997136)
continue (280.0000000000000000 -24.4925803218851676)
continue (290.0000000000000000 -24.4974834538572033)
continue (300.0000000000000000 -24.5022624950662511)
continue (310.0000000000000000 -24.5069255574173326)
continue (320.0000000000000000 -24.5114799821396048)
continue (330.0000000000000000 -24.5159324342901677)
continue (340.0000000000000000 -24.5202889832252033)
continue (350.0000000000000000 -24.5245551714627048)
continue (360.0000000000000000 -24.5287360738863676)
continue (370.0000000000000000 -24.5328363488699885)
continue (380.0000000000000000 -24.5368602826083730)
continue (390.0000000000000000 -24.5408118277088541)
continue (400.0000000000000000 -24.5446946369114336)
continue (410.0000000000000000 -24.5485120926567824)
continue (420.0000000000000000 -24.5522673331000334)
continue (430.0000000000000000 -24.5559632750707770)
continue (440.0000000000000000 -24.5596026343992584)
continue (450.0000000000000000 -24.5631879439626708)
continue (460.0000000000000000 -24.5667215697518770)
continue (470.0000000000000000 -24.5702057252130608)
continue (480.0000000000000000 -24.5736424840819403)
continue (490.0000000000000000 -24.5770337918965467)
continue (500.0000000000000000 -24.5803814763486024)
continue (510.0000000000000000 -24.5836872566111353)
continue (520.0000000000000000 -24.5869527517613875)
continue (530.0000000000000000 -24.5901794884025442)
continue (540.0000000000000000 -24.5933689075734812)
continue (550.0000000000000000 -24.5965223710254399)
continue (560.0000000000000000 -24.5996411669334911)
continue (570.0000000000000000 -24.6027265151029830)
continue (580.0000000000000000 -24.6057795717237120)
continue (590.0000000000000000 -24.6088014337177228)
continue (600.0000000000000000 -24.6117931427222807)
continue (610.0000000000000000 -24.6147556887436210)
continue (620.0000000000000000 -24.6176900135140535)
continue (630.0000000000000000 -24.6205970135803511)
continue (640.0000000000000000 -24.6234775431492530)
continue (650.0000000000000000 -24.6263324167125646)
continue (660.0000000000000000 -24.6291624114716434)
continue (670.0000000000000000 -24.6319682695800140)
continue (680.0000000000000000 -24.6347507002197474)
continue (690.0000000000000000 -24.6375103815262584)
continue (700.0000000000000000 -24.6402479623749393)
continue (710.0000000000000000 -24.6429640640408429)
continue (720.0000000000000000 -24.6456592817424713)
continue (730.0000000000000000 -24.6483341860791612)
continue (740.0000000000000000 -24.6509893243706060)
continue (750.0000000000000000 -24.6536252219065872)
continue (760.0000000000000000 -24.6562423831139839)
continue (770.0000000000000000 -24.6588412926473630)
continue (780.0000000000000000 -24.6614224164094225)
continue (790.0000000000000000 -24.6639862025063366)
continue (800.0000000000000000 -24.6665330821430722)
continue (810.0000000000000000 -24.6690634704630938)
continue (820.0000000000000000 -24.6715777673365224)
continue (830.0000000000000000 -24.6740763581006028)
continue (840.0000000000000000 -24.6765596142558330)
continue (850.0000000000000000 -24.6790278941208356)
continue (860.0000000000000000 -24.6814815434489780)
continue (870.0000000000000000 -24.6839208960094574)
continue (880.0000000000000000 -24.6863462741350048)
continue (890.0000000000000000 -24.6887579892387201)
continue (900.0000000000000000 -24.6911563423021612)
continue (910.0000000000000000 -24.6935416243362376)
continue (920.0000000000000000 -24.6959141168171605)
continue (930.0000000000000000 -24.6982740920986146)
continue (940.0000000000000000 -24.7006218138020763)
continue (950.0000000000000000 -24.7029575371863501)
continue (960.0000000000000000 -24.7052815094977802)
continue (970.0000000000000000 -24.7075939703024474)
continue (980.0000000000000000 -24.7098951518011347)
continue (990.0000000000000000 -24.7121852791284518)
continue (1000.0000000000000000 -24.7144645706368280)
continue (1200.0000000000000000 -24.7580610039498552)
continue (1400.0000000000000000 -24.7986425265444197)
continue (1600.0000000000000000 -24.8369977309032457)
continue (1800.0000000000000000 -24.8736356846201154)
continue (2000.0000000000000000 -24.9089040647879614)
continue (2200.0000000000000000 -24.9430503457715389)
continue (2400.0000000000000000 -24.9762558188234181)
continue (2600.0000000000000000 -25.0086555499524614)
continue (2800.0000000000000000 -25.0403506464869494)
continue (3000.0000000000000000 -25.0714162132350360)
continue (3200.0000000000000000 -25.1019067868754249)
continue (3400.0000000000000000 -25.1318603020203426)
continue (3600.0000000000000000 -25.1613011242018132)
continue (3800.0000000000000000 -25.1902426296440645)
continue (4000.0000000000000000 -25.2186894139946851)
continue (4200.0000000000000000 -25.2466383710997562)
continue (4400.0000000000000000 -25.2740818455755942)
continue (4600.0000000000000000 -25.3010073157896969)
continue (4800.0000000000000000 -25.3274004780275668)
continue (5000.0000000000000000 -25.3532447167834789)
continue (5200.0000000000000000 -25.3785242222454492)
continue (5400.0000000000000000 -25.4032232636372335)
continue (5600.0000000000000000 -25.4273281004203788)
continue (5800.0000000000000000 -25.4508256319450368)
continue (6000.0000000000000000 -25.4737074299095170)
continue (6200.0000000000000000 -25.4959675844143057)
continue (6400.0000000000000000 -25.5176031587369643)
continue (6600.0000000000000000 -25.5386121965429318)
continue (6800.0000000000000000 -25.5589998784165147)
continue (7000.0000000000000000 -25.5787866799129091)
continue (7200.0000000000000000 -25.5980109399989786)
continue (7400.0000000000000000 -25.6167035604901585)
continue (7600.0000000000000000 -25.6348929676696073)
continue (7800.0000000000000000 -25.6526053697389713)
continue (8000.0000000000000000 -25.6698649816538804)
continue (8200.0000000000000000 -25.6866942221797210)
continue (8400.0000000000000000 -25.7031138871868023)
continue (8600.0000000000000000 -25.7191433025418092)
continue (8800.0000000000000000 -25.7348004594118152)
continue (9000.0000000000000000 -25.7501021343536927)
continue (9200.0000000000000000 -25.7650639961968224)
continue (9400.0000000000000000 -25.7797007014241224)
continue (9600.0000000000000000 -25.7940259795053173)
continue (9800.0000000000000000 -25.8080527094262990)
continue (10000.0000000000000000 -25.8217929884823292)
continue (10200.0000000000000000 -25.8352581942548980)
continue (10400.0000000000000000 -25.8484590405668513)
continue (10600.0000000000000000 -25.8614056281044569)
continue (10800.0000000000000000 -25.8741074903048158)
continue (11000.0000000000000000 -25.8865736350303060)
continue (11500.0000000000000000 -25.9167625395092323)
continue (12000.0000000000000000 -25.9456515892187412)
continue (12500.0000000000000000 -25.9733472606630649)
continue (13000.0000000000000000 -25.9999434786461165)
continue (13500.0000000000000000 -26.0255235137645897)
continue (14000.0000000000000000 -26.0501615344408677)
continue (14500.0000000000000000 -26.0739238863155265)
continue (15000.0000000000000000 -26.0968701545187116)
continue (15500.0000000000000000 -26.1190540515827117)
continue (16000.0000000000000000 -26.1405241642445816)
continue (16500.0000000000000000 -26.1613245852186189)
continue (17000.0000000000000000 -26.1814954505633004)
continue (17500.0000000000000000 -26.2010733990783038)
continue (18000.0000000000000000 -26.2200919669231780)
continue (18500.0000000000000000 -26.2385819281170178)
continue (19000.0000000000000000 -26.2565715895867555)
continue (19500.0000000000000000 -26.2740870478543549)
continue (20000.0000000000000000 -26.2911524131956185)
continue (20500.0000000000000000 -26.3077900060941694)
continue (21000.0000000000000000 -26.3240205299999879)
continue (21500.0000000000000000 -26.3398632237408528)
continue (22000.0000000000000000 -26.3553359963958371)
continue (22500.0000000000000000 -26.3704555469976754)
continue (23000.0000000000000000 -26.3852374710664748)
continue (23500.0000000000000000 -26.3996963556754913)
continue (24000.0000000000000000 -26.4138458644988745)
continue (24500.0000000000000000 -26.4276988140818752)
continue (25000.0000000000000000 -26.4412672423983999)
continue (25500.0000000000000000 -26.4545624706131228)
continue (26000.0000000000000000 -26.4675951588405489)
continue (26500.0000000000000000 -26.4803753565877393)
continue (27000.0000000000000000 -26.4929125484774666)
continue (27500.0000000000000000 -26.5052156957717742)
continue (28000.0000000000000000 -26.5172932741505356)
continue (28500.0000000000000000 -26.5291533081428668)
continue (29000.0000000000000000 -26.5408034025611208)
continue (29500.0000000000000000 -26.5522507712451379)
continue (30000.0000000000000000 -26.5635022633881839)
continue (30500.0000000000000000 -26.5745643876846884)
continue (31000.0000000000000000 -26.5854433345124690)
continue (31500.0000000000000000 -26.5961449963382925)
continue (32000.0000000000000000 -26.6066749865147720)
continue (32500.0000000000000000 -26.6170386566184760)
continue (33000.0000000000000000 -26.6272411124629009)
continue (33500.0000000000000000 -26.6372872289060112)
continue (34000.0000000000000000 -26.6471816635596497)
continue (34500.0000000000000000 -26.6569288694970119)
continue (35000.0000000000000000 -26.6665331070448097)
continue (35500.0000000000000000 -26.6759984547381030)
continue (36000.0000000000000000 -26.6853288195081042)
continue (36500.0000000000000000 -26.6945279461665130)
continue (37000.0000000000000000 -26.7035994262438550)
continue (37500.0000000000000000 -26.7125467062338977)
continue (38000.0000000000000000 -26.7213730952914119)
continue (38500.0000000000000000 -26.7300817724261393)
continue (39000.0000000000000000 -26.7386757932320869)
continue (39500.0000000000000000 -26.7471580961876363)
continue (40000.0000000000000000 -26.7555315085588816)
continue (40500.0000000000000000 -26.7637987519358980)
continue (41000.0000000000000000 -26.7719624474288516)
continue (41500.0000000000000000 -26.7800251205488067)
continue (42000.0000000000000000 -26.7879892057959239)
continue (42500.0000000000000000 -26.7958570509757301)
continue (43000.0000000000000000 -26.8036309212627302)
continue (43500.0000000000000000 -26.8113130030287152)
continue (44000.0000000000000000 -26.8189054074521316)
continue (44500.0000000000000000 -26.8264101739231506)
continue (45000.0000000000000000 -26.8338292732583277)
continue (45500.0000000000000000 -26.8411646107373585)
continue (46000.0000000000000000 -26.8484180289737218)
continue (46500.0000000000000000 -26.8555913106298760)
continue (47000.0000000000000000 -26.8626861809871258)
continue (47500.0000000000000000 -26.8697043103792659)
continue (48000.0000000000000000 -26.8766473164986657)
continue (48500.0000000000000000 -26.8835167665826944)
continue (49000.0000000000000000 -26.8903141794878628)
continue (49500.0000000000000000 -26.8970410276585135)
continue (50000.0000000000000000 -26.9036987389964786)
continue (50500.0000000000000000 -26.9102886986375367)
continue (51000.0000000000000000 -26.9168122506402874)
continue (51500.0000000000000000 -26.9232706995924644)
continue (52000.0000000000000000 -26.9296653121395941)
continue (52500.0000000000000000 -26.9359973184403643)
continue (53000.0000000000000000 -26.9422679135529286)
continue (53500.0000000000000000 -26.9484782587560474)
continue (54000.0000000000000000 -26.9546294828086594)
continue (54500.0000000000000000 -26.9607226831513422)
continue (55000.0000000000000000 -26.9667589270528296)
continue (55500.0000000000000000 -26.9727392527045566)
continue (56000.0000000000000000 -26.9786646702660704)
continue (56500.0000000000000000 -26.9845361628638898)
continue (57000.0000000000000000 -26.9903546875463007)
continue (57500.0000000000000000 -26.9961211761963966)
continue (58000.0000000000000000 -27.0018365364055306)
continue (58500.0000000000000000 -27.0075016523092195)
continue (59000.0000000000000000 -27.0131173853874351)
continue (59500.0000000000000000 -27.0186845752310418)
continue (60000.0000000000000000 -27.0242040402761710)
continue (60500.0000000000000000 -27.0296765785080240)
continue (61000.0000000000000000 -27.0351029681356749)
continue (61500.0000000000000000 -27.0404839682393359)
continue (62000.0000000000000000 -27.0458203193912929)
continue (62500.0000000000000000 -27.0511127442519523)
continue (63000.0000000000000000 -27.0563619481420155)
continue (63500.0000000000000000 -27.0615686195920802)
continue (64000.0000000000000000 -27.0667334308706025)
continue (64500.0000000000000000 -27.0718570384913058)
continue (65000.0000000000000000 -27.0769400837009542)
continue (65500.0000000000000000 -27.0819831929484103)
continue (66000.0000000000000000 -27.0869869783358403)
continue (66500.0000000000000000 -27.0919520380528489)
continue (67000.0000000000000000 -27.0968789567943240)
continue (67500.0000000000000000 -27.1017683061627537)
continue (68000.0000000000000000 -27.1066206450556315)
continue (68500.0000000000000000 -27.1114365200386729)
continue (69000.0000000000000000 -27.1162164657054241)
continue (69500.0000000000000000 -27.1209610050238936)
continue (70000.0000000000000000 -27.1256706496706848)
continue (70500.0000000000000000 -27.1303459003532907)
continue (71000.0000000000000000 -27.1349872471209110)
continue (71500.0000000000000000 -27.1395951696643785)
continue (72000.0000000000000000 -27.1441701376056344)
continue (72500.0000000000000000 -27.1487126107771140)
continue (73000.0000000000000000 -27.1532230394915821)
continue (73500.0000000000000000 -27.1577018648026964)
continue (74000.0000000000000000 -27.1621495187567277)
continue (74500.0000000000000000 -27.1665664246358176)
continue (75245.0000000000000000 -50.0000000000000000)
continue (7354000.0000000000000000 -50.0000000000000000)
f(nu) = -20.3845579731151254 at 1.0000000000000000 Ryd
