# Faucher-Giguere 2019 
# z = 9.000000
# E [Ryd] log (J_nu)
interpolate (0.0000000100100000 -50.0000000000000000)
continue (0.0990000000000000 -50.0000000000000000)
continue (0.1000000000000000 -24.5179047102065510)
continue (0.1500000000000000 -24.6253203782305192)
continue (0.2000000000000000 -24.7015330075615793)
continue (0.2500000000000001 -24.7606481154964939)
continue (0.3000000000000000 -24.8089486755855475)
continue (0.3500000000000001 -24.8497862172602204)
continue (0.4000000000000001 -24.8851613049166076)
continue (0.4500000000000001 -24.9163643436095121)
continue (0.5000000000000001 -24.9442764128515222)
continue (0.5500000000000002 -24.9695259507980403)
continue (0.6000000000000002 -24.9925769729405758)
continue (0.6500000000000001 -25.0137818577586941)
continue (0.7000000000000002 -23.6368144292703626)
continue (0.7500000000000002 -25.0516920808754904)
continue (0.8000000000000002 -25.0687896022716359)
continue (0.8500000000000002 -25.0848502548922703)
continue (0.9000000000000002 -25.0999926409645404)
continue (0.9500000000000003 -25.1247630124383399)
continue (1.0100000000000000 -25.6391263612396294)
continue (1.0600000000000001 -25.8355388379686417)
continue (1.1100000000000001 -25.9717849696586711)
continue (1.1600000000000001 -26.0546512987493841)
continue (1.2100000000000002 -26.1003706866264764)
continue (1.2600000000000002 -26.1245247143063040)
continue (1.3100000000000003 -26.1375628087807819)
continue (1.3600000000000003 -26.1453129856982578)
continue (1.4100000000000004 -26.1507298181971137)
continue (1.4600000000000004 -26.1552368675287497)
continue (1.5100000000000005 -26.1599423481589213)
continue (1.5600000000000005 -26.1703263740277805)
continue (1.6100000000000005 -26.1813127830838255)
continue (1.6600000000000006 -26.1923297750097248)
continue (1.7100000000000006 -26.2033981214509630)
continue (1.7600000000000007 -26.2145213356755207)
continue (1.8100000000000007 -26.2256947783432821)
continue (1.8600000000000008 -26.2369100574296716)
continue (1.9100000000000008 -26.2481571804107610)
continue (1.9600000000000009 -26.2594256271550037)
continue (2.0000000000000000 -26.2684486734137685)
continue (2.0099999999999998 -26.2707048986202558)
continue (2.0199999999999996 -26.2729611477325484)
continue (2.0299999999999994 -26.2752173412693431)
continue (2.0399999999999991 -26.2774734005430943)
continue (2.0499999999999989 -26.2797292476892892)
continue (2.0599999999999987 -26.2819848056911702)
continue (2.0699999999999985 -26.2842399984019934)
continue (2.0799999999999983 -26.2864947505644260)
continue (2.0899999999999981 -26.2887489878282956)
continue (2.0999999999999979 -26.2910026367637855)
continue (2.1099999999999977 -26.2932556248765792)
continue (2.1199999999999974 -26.2955078806167606)
continue (2.1299999999999972 -26.2977593333898341)
continue (2.1399999999999970 -26.3000099135647929)
continue (2.1499999999999968 -26.3022595524788478)
continue (2.1599999999999966 -26.3045081824449412)
continue (2.1699999999999964 -26.3067557367544183)
continue (2.1799999999999962 -26.3090021496808681)
continue (2.1899999999999959 -26.3112473564823084)
continue (2.1999999999999957 -26.3134912934017251)
continue (2.2099999999999955 -26.3157338976675774)
continue (2.2199999999999953 -26.3179751074940427)
continue (2.2299999999999951 -26.3202148620790126)
continue (2.2399999999999949 -26.3224531016026049)
continue (2.2499999999999947 -26.3246897672244700)
continue (2.2599999999999945 -26.3269248010816135)
continue (2.2699999999999942 -26.3291581462830955)
continue (2.2799999999999940 -26.3313897469075116)
continue (2.2899999999999938 -26.3336195479974293)
continue (2.2999999999999936 -26.3358474955546740)
continue (2.3099999999999934 -26.3380735365350311)
continue (2.3199999999999932 -26.3402976188416105)
continue (2.3299999999999930 -26.3425196913202342)
continue (2.3399999999999928 -26.3447397037509496)
continue (2.3499999999999925 -26.3469576068428957)
continue (2.3599999999999923 -26.3491733522253533)
continue (2.3699999999999921 -26.3513868924430312)
continue (2.3799999999999919 -26.3535981809452409)
continue (2.3899999999999917 -26.3558071720804996)
continue (2.3999999999999915 -26.3580138210873400)
continue (2.4099999999999913 -26.3602180840862133)
continue (2.4199999999999910 -26.3624199180712679)
continue (2.4299999999999908 -26.3646192809011453)
continue (2.4399999999999906 -26.3668161312913085)
continue (2.4499999999999904 -26.3690104288036054)
continue (2.4599999999999902 -26.3712576853673966)
continue (2.4699999999999900 -26.3736289872957315)
continue (2.4799999999999898 -26.3760764165750352)
continue (2.4899999999999896 -26.3785698255991434)
continue (2.4999999999999893 -26.3810902273333809)
continue (2.5099999999999891 -26.3836257992860936)
continue (2.5199999999999889 -26.3861695574902733)
continue (2.5299999999999887 -26.3887155507145756)
continue (2.5399999999999885 -26.3912610582862968)
continue (2.5499999999999883 -26.3938043587210842)
continue (2.5599999999999881 -26.3963443697395057)
continue (2.5699999999999878 -26.3987346149522644)
continue (2.5799999999999876 -26.4012636058306782)
continue (2.5899999999999874 -26.4037876753524827)
continue (2.5999999999999872 -26.4063067357340238)
continue (2.6099999999999870 -26.4088206332713256)
continue (2.6199999999999868 -26.4113290882615352)
continue (2.6299999999999866 -26.4138316169688210)
continue (2.6399999999999864 -26.4163282359966374)
continue (2.6499999999999861 -26.4188189618015947)
continue (2.6599999999999859 -26.4213038107029803)
continue (2.6699999999999857 -26.4237827988901870)
continue (2.6799999999999855 -26.4262559424304513)
continue (2.6899999999999853 -26.4287232572764168)
continue (2.6999999999999851 -26.4311847592735099)
continue (2.7099999999999849 -26.4335130967308238)
continue (2.7199999999999847 -26.4359606895051975)
continue (2.7299999999999844 -26.4383885784863928)
continue (2.7399999999999842 -26.4387420672423517)
continue (2.7499999999999840 -26.4377171379775575)
continue (2.7599999999999838 -26.4336509538841327)
continue (2.7699999999999836 -26.4277034127285830)
continue (2.7799999999999834 -26.4172653821240964)
continue (2.7899999999999832 -26.4135829565959774)
continue (2.7999999999999829 -26.3965084615530259)
continue (2.8099999999999827 -26.3724376439202040)
continue (2.8199999999999825 -26.3393227796175324)
continue (2.8299999999999823 -26.3292050009667236)
continue (2.8399999999999821 -26.2824674839390688)
continue (2.8499999999999819 -26.2233101621974498)
continue (2.8599999999999817 -26.1514280853346754)
continue (2.8699999999999815 -26.1321582148917884)
continue (2.8799999999999812 -26.0449591454532801)
continue (2.8899999999999810 -25.9467158452321769)
continue (2.8999999999999808 -25.8390151679967843)
continue (2.9099999999999806 -25.8127904537395807)
continue (2.9199999999999804 -25.6963669749294539)
continue (2.9299999999999802 -25.5747044541925632)
continue (2.9399999999999800 -25.5464871015080632)
continue (2.9499999999999797 -25.4206653039255990)
continue (2.9599999999999795 -25.2926807766472166)
continue (2.9699999999999793 -25.2641225565974281)
continue (2.9799999999999791 -25.1349321131622077)
continue (2.9899999999999789 -25.0053766081700957)
continue (2.9999999999999787 -24.9774518692390082)
continue (3.0099999999999785 -26.5043456770889527)
continue (3.0199999999999783 -26.5066243041570004)
continue (3.0299999999999780 -26.5088975864234087)
continue (3.0399999999999778 -26.5111655386590712)
continue (3.0499999999999776 -26.5134281756270695)
continue (3.0599999999999774 -26.5156855120835893)
continue (3.0699999999999772 -26.5179375627760905)
continue (3.0799999999999770 -26.5201843424460897)
continue (3.0899999999999768 -26.5224258658284491)
continue (3.0999999999999766 -26.5246621476519877)
continue (3.1099999999999763 -26.5268932026383659)
continue (3.1199999999999761 -26.5291190455048778)
continue (3.1299999999999759 -26.5313396909618504)
continue (3.1399999999999757 -26.5335551537142678)
continue (3.1499999999999755 -26.5357654484615821)
continue (3.1599999999999753 -26.5379705898974123)
continue (3.1699999999999751 -26.5401705927096714)
continue (3.1799999999999748 -26.5423654715804815)
continue (3.1899999999999746 -26.5445552411865364)
continue (3.1999999999999744 -26.5467399161975095)
continue (3.2099999999999742 -26.5489195112778589)
continue (3.2199999999999740 -26.5510940410849337)
continue (3.2299999999999738 -26.5532635202704483)
continue (3.2399999999999736 -26.5554279634780315)
continue (3.2499999999999734 -26.5577801392756854)
continue (3.2599999999999731 -26.5599347620339010)
continue (3.2699999999999729 -26.5623539916327829)
continue (3.2799999999999727 -26.5648721030799067)
continue (3.2899999999999725 -26.5670051517941239)
continue (3.2999999999999723 -26.5696597457470993)
continue (3.3099999999999721 -26.5725184119134354)
continue (3.3199999999999719 -26.5746360948580751)
continue (3.3299999999999716 -26.5777796884846822)
continue (3.3399999999999714 -26.5813334651923370)
continue (3.3499999999999712 -26.5834462180237914)
continue (3.3599999999999710 -26.5875842852769324)
continue (3.3699999999999708 -26.5896988427010825)
continue (3.3799999999999706 -26.5946554293031774)
continue (3.3899999999999704 -26.6007652695792771)
continue (3.3999999999999702 -26.6028788716076647)
continue (3.4099999999999699 -26.6106147420337038)
continue (3.4199999999999697 -26.6206562384049228)
continue (3.4299999999999695 -26.6228020436685782)
continue (3.4399999999999693 -26.6361313309448065)
continue (3.4499999999999691 -26.6382765002734843)
continue (3.4599999999999689 -26.6564282603622260)
continue (3.4699999999999687 -26.6815487126028970)
continue (3.4799999999999685 -26.6836739751129386)
continue (3.4899999999999682 -26.7196221799147331)
continue (3.4999999999999680 -26.7215514257548321)
continue (3.5099999999999678 -26.7746547263588823)
continue (3.5199999999999676 -26.7764750877685884)
continue (3.5299999999999674 -26.8595165296219172)
continue (3.5399999999999672 -27.0040263314828941)
continue (3.5499999999999670 -27.0046514636050397)
continue (3.5599999999999667 -26.6303184470816205)
continue (3.5699999999999665 -26.6323412339459509)
continue (3.5799999999999663 -26.6376779542155404)
continue (3.5899999999999661 -26.6443444453373957)
continue (3.5999999999999659 -26.6463078623780625)
continue (3.6099999999999657 -26.6547573701288201)
continue (3.6199999999999655 -26.6567998971455289)
continue (3.6299999999999653 -26.6676586117687755)
continue (3.6399999999999650 -26.6704552769037662)
continue (3.6499999999999648 -26.6840620456154483)
continue (3.6599999999999646 -26.6982552614723794)
continue (3.6699999999999644 -26.6947647518019551)
continue (3.6799999999999642 -26.7223293436737421)
continue (3.6899999999999640 -26.7159813208962227)
continue (3.6999999999999638 -26.7548019162211119)
continue (3.7099999999999635 -26.7457883213486944)
continue (3.7199999999999633 -26.8011948154229529)
continue (3.7299999999999631 -26.7923181866908706)
continue (3.7399999999999629 -26.8396140115670221)
continue (3.7499999999999627 -26.8571926070350742)
continue (3.7599999999999625 -26.5745782800540908)
continue (3.7699999999999623 -26.6054943383836218)
continue (3.7799999999999621 -26.5618259530769443)
continue (3.7899999999999618 -26.6002245114119518)
continue (3.7999999999999616 -26.5470216822115077)
continue (3.8099999999999614 -26.4928968295042999)
continue (3.8199999999999612 -26.5314902362512264)
continue (3.8299999999999610 -26.4704820829062015)
continue (3.8399999999999608 -26.5154075794128801)
continue (3.8499999999999606 -26.2239971028207037)
continue (3.8599999999999604 -26.2788618418977862)
continue (3.8699999999999601 -26.1769611903861339)
continue (3.8799999999999599 -26.2291455931496031)
continue (3.8899999999999597 -25.9699506639016988)
continue (3.8999999999999595 -26.0266326966488890)
continue (3.9099999999999593 -25.9018950169253159)
continue (3.9199999999999591 -25.9607465642660173)
continue (3.9299999999999589 -25.8315867119606253)
continue (3.9399999999999586 -25.8923532890831680)
continue (3.9499999999999584 -25.7593847228733708)
continue (3.9599999999999582 -25.8218280500444202)
continue (3.9699999999999580 -25.6851506418705178)
continue (3.9799999999999578 -25.7490593861738546)
continue (3.9899999999999576 -25.6092894642649647)
continue (4.0099999999999998 -25.5315669451807636)
continue (4.5099999999999998 -27.0895755580387849)
continue (5.0099999999999998 -27.1200755955344484)
continue (5.5099999999999998 -27.1454278879900066)
continue (6.0099999999999998 -27.1806600002773422)
continue (6.5099999999999998 -27.2180643531238431)
continue (7.0099999999999998 -27.2541229553023996)
continue (7.5099999999999998 -27.2892049376252928)
continue (8.0099999999999998 -27.3229837588231774)
continue (8.5099999999999998 -27.3557375120192994)
continue (9.0099999999999998 -27.3875499063311878)
continue (9.5099999999999998 -27.4184968370760238)
continue (10.0000000000000000 -27.4480521415838190)
continue (10.0099999999999998 -27.4486477765258599)
continue (15.0000000000000000 -27.7161897776184105)
continue (20.0000000000000000 -27.8721686866927882)
continue (25.0000000000000000 -27.9263843315295404)
continue (30.0000000000000000 -27.9777006235027557)
continue (35.0000000000000000 -28.0245483213688900)
continue (40.0000000000000000 -28.0672998172637200)
continue (45.0000000000000000 -28.0994879143780167)
continue (50.0000000000000000 -28.1094711063571978)
continue (55.0000000000000000 -28.1188137914667777)
continue (60.0000000000000000 -28.1276189974669570)
continue (65.0000000000000000 -28.1359089548274852)
continue (70.0000000000000000 -28.1437206147027155)
continue (75.0000000000000000 -28.1510949065565121)
continue (80.0000000000000000 -28.1580719079720225)
continue (85.0000000000000000 -28.1646888272640972)
continue (90.0000000000000000 -28.1709793244345050)
continue (95.0000000000000000 -28.1769734567976897)
continue (100.0000000000000000 -28.1826979002830669)
continue (110.0000000000000000 -28.1934294981630558)
continue (120.0000000000000000 -28.2033325889450452)
continue (130.0000000000000000 -28.2125322774040548)
continue (140.0000000000000000 -28.2211283552802428)
continue (150.0000000000000000 -28.2292013601348160)
continue (160.0000000000000000 -28.2368170540127252)
continue (170.0000000000000000 -28.2440297336580493)
continue (180.0000000000000000 -28.2508846946204422)
continue (190.0000000000000000 -28.2574200841823426)
continue (200.0000000000000000 -28.2636683104120365)
continue (210.0000000000000000 -28.2696571259093297)
continue (220.0000000000000000 -28.2754104706329059)
continue (230.0000000000000000 -28.2809491343264767)
continue (240.0000000000000000 -28.2862912823877082)
continue (250.0000000000000000 -28.2914528772532989)
continue (260.0000000000000000 -28.2964480190358181)
continue (270.0000000000000000 -28.3012892231536064)
continue (280.0000000000000000 -28.3059876483432440)
continue (290.0000000000000000 -28.3105532852650583)
continue (300.0000000000000000 -28.3149951135667415)
continue (310.0000000000000000 -28.3193212334936959)
continue (320.0000000000000000 -28.3235389768217019)
continue (330.0000000000000000 -28.3276550008886581)
continue (340.0000000000000000 -28.3316753686966187)
continue (350.0000000000000000 -28.3356056174979898)
continue (360.0000000000000000 -28.3394508177815680)
continue (370.0000000000000000 -28.3432156242274012)
continue (380.0000000000000000 -28.3469043199068196)
continue (390.0000000000000000 -28.3505208547689129)
continue (400.0000000000000000 -28.3540688792744149)
continue (410.0000000000000000 -28.3575517739006031)
continue (420.0000000000000000 -28.3609726750984699)
continue (430.0000000000000000 -28.3643344982104857)
continue (440.0000000000000000 -28.3676399577596179)
continue (450.0000000000000000 -28.3708915854699057)
continue (460.0000000000000000 -28.3740917463067497)
continue (470.0000000000000000 -28.3772426527972357)
continue (480.0000000000000000 -28.3803463778535559)
continue (490.0000000000000000 -28.3834048662655292)
continue (500.0000000000000000 -28.3864199450472299)
continue (510.0000000000000000 -28.3893933327487673)
continue (520.0000000000000000 -28.3923266478761001)
continue (530.0000000000000000 -28.3952214165035386)
continue (540.0000000000000000 -28.3980790791780109)
continue (550.0000000000000000 -28.4009009971916058)
continue (560.0000000000000000 -28.4036884582881655)
continue (570.0000000000000000 -28.4064426818664799)
continue (580.0000000000000000 -28.4091648237312207)
continue (590.0000000000000000 -28.4118559804385065)
continue (600.0000000000000000 -28.4145171932760192)
continue (610.0000000000000000 -28.4171494519160177)
continue (620.0000000000000000 -28.4197536977691030)
continue (630.0000000000000000 -28.4223308270712529)
continue (640.0000000000000000 -28.4248816937303737)
continue (650.0000000000000000 -28.4274071119473177)
continue (660.0000000000000000 -28.4299078586413643)
continue (670.0000000000000000 -28.4323846756898497)
continue (680.0000000000000000 -28.4348382720076955)
continue (690.0000000000000000 -28.4372693254667652)
continue (700.0000000000000000 -28.4396784846858139)
continue (710.0000000000000000 -28.4420663706872006)
continue (720.0000000000000000 -28.4444335784410178)
continue (730.0000000000000000 -28.4467806783021935)
continue (740.0000000000000000 -28.4491082173507088)
continue (750.0000000000000000 -28.4514167206386190)
continue (760.0000000000000000 -28.4537066923570947)
continue (770.0000000000000000 -28.4559786169302988)
continue (780.0000000000000000 -28.4582329600316406)
continue (790.0000000000000000 -28.4604701695393629)
continue (800.0000000000000000 -28.4626906764352796)
continue (810.0000000000000000 -28.4648948956385226)
continue (820.0000000000000000 -28.4670832267980209)
continue (830.0000000000000000 -28.4692560550326661)
continue (840.0000000000000000 -28.4714137516242864)
continue (850.0000000000000000 -28.4735566746747999)
continue (860.0000000000000000 -28.4756851697227233)
continue (870.0000000000000000 -28.4777995703235547)
continue (880.0000000000000000 -28.4799001985971856)
continue (890.0000000000000000 -28.4819873657443559)
continue (900.0000000000000000 -28.4840613725366225)
continue (910.0000000000000000 -28.4861225097754200)
continue (920.0000000000000000 -28.4881710587270298)
continue (930.0000000000000000 -28.4902072915383329)
continue (940.0000000000000000 -28.4922314716232279)
continue (950.0000000000000000 -28.4942438540340461)
continue (960.0000000000000000 -28.4962446858121936)
continue (970.0000000000000000 -28.4982342063178820)
continue (980.0000000000000000 -28.5002126475482029)
continue (990.0000000000000000 -28.5021802344344692)
continue (1000.0000000000000000 -28.5041371851250069)
continue (1200.0000000000000000 -28.5413284150750428)
continue (1400.0000000000000000 -28.5755829284352210)
continue (1600.0000000000000000 -28.6076878094784561)
continue (1800.0000000000000000 -28.6381507499403796)
continue (2000.0000000000000000 -28.6673184005076607)
continue (2200.0000000000000000 -28.6954380140209651)
continue (2400.0000000000000000 -28.7226921533399349)
continue (2600.0000000000000000 -28.7492194590059746)
continue (2800.0000000000000000 -28.7751276986890616)
continue (3000.0000000000000000 -28.8005023036582557)
continue (3200.0000000000000000 -28.8254121446110254)
continue (3400.0000000000000000 -28.8499135534100013)
continue (3600.0000000000000000 -28.8740531935395630)
continue (3800.0000000000000000 -28.8978701534381344)
continue (4000.0000000000000000 -28.9213975022626570)
continue (4200.0000000000000000 -28.9446634656799482)
continue (4400.0000000000000000 -28.9676923278803855)
continue (4600.0000000000000000 -28.9905051329214452)
continue (4800.0000000000000000 -29.0131202366955492)
continue (5000.0000000000000000 -29.0355537461472437)
continue (5200.0000000000000000 -29.0578198722958305)
continue (5400.0000000000000000 -29.0799312165965382)
continue (5600.0000000000000000 -29.1018990051986890)
continue (5800.0000000000000000 -29.1237332820777084)
continue (6000.0000000000000000 -29.1454430694127211)
continue (6200.0000000000000000 -29.1670309078331726)
continue (6400.0000000000000000 -29.1884238175854165)
continue (6600.0000000000000000 -29.2094668953515040)
continue (6800.0000000000000000 -29.2299151361320142)
continue (7000.0000000000000000 -29.2497438323696173)
continue (7200.0000000000000000 -29.2690093768207333)
continue (7400.0000000000000000 -29.2877426959055569)
continue (7600.0000000000000000 -29.3059722388876267)
continue (7800.0000000000000000 -29.3237242354714667)
continue (8000.0000000000000000 -29.3410229207682960)
continue (8200.0000000000000000 -29.3578907324677161)
continue (8400.0000000000000000 -29.3743484842360623)
continue (8600.0000000000000000 -29.3904155187003298)
continue (8800.0000000000000000 -29.4061098428349936)
continue (9000.0000000000000000 -29.4214482481259552)
continue (9200.0000000000000000 -29.4364464175203580)
continue (9400.0000000000000000 -29.4511190208682798)
continue (9600.0000000000000000 -29.4654798003110514)
continue (9800.0000000000000000 -29.4795416468603833)
continue (10000.0000000000000000 -29.4933166692370357)
continue (10200.0000000000000000 -29.5068162558888929)
continue (10400.0000000000000000 -29.5200511309838944)
continue (10600.0000000000000000 -29.5330314050665734)
continue (10800.0000000000000000 -29.5457666209771261)
continue (11000.0000000000000000 -29.5582657955548278)
continue (11500.0000000000000000 -29.5885359131581076)
continue (12000.0000000000000000 -29.6175043286866675)
continue (12500.0000000000000000 -29.6452776302583914)
continue (13000.0000000000000000 -29.6719498434104594)
continue (13500.0000000000000000 -29.6976043300277794)
continue (14000.0000000000000000 -29.7223153415759427)
continue (14500.0000000000000000 -29.7461492995042143)
continue (15000.0000000000000000 -29.7691658583731638)
continue (15500.0000000000000000 -29.7914187944971260)
continue (16000.0000000000000000 -29.8129567533724611)
continue (16500.0000000000000000 -29.8338238819891153)
continue (17000.0000000000000000 -29.8540603666642781)
continue (17500.0000000000000000 -29.8737028928452801)
continue (18000.0000000000000000 -29.8927850400828525)
continue (18500.0000000000000000 -29.9113376228416108)
continue (19000.0000000000000000 -29.9293889858220510)
continue (19500.0000000000000000 -29.9469652608894776)
continue (20000.0000000000000000 -29.9640905914470288)
continue (20500.0000000000000000 -29.9807873290802007)
continue (21000.0000000000000000 -29.9970762064852607)
continue (21500.0000000000000000 -30.0129764900326848)
continue (22000.0000000000000000 -30.0285061147769277)
continue (22500.0000000000000000 -30.0436818042813449)
continue (23000.0000000000000000 -30.0585191772623759)
continue (23500.0000000000000000 -30.0730328427551470)
continue (24000.0000000000000000 -30.0872364852516014)
continue (24500.0000000000000000 -30.1011429410527427)
continue (25000.0000000000000000 -30.1147642669008277)
continue (25500.0000000000000000 -30.1281118018094318)
continue (26000.0000000000000000 -30.1411962228845951)
continue (26500.0000000000000000 -30.1540275958243313)
continue (27000.0000000000000000 -30.1666154206937769)
continue (27500.0000000000000000 -30.1789686734965343)
continue (28000.0000000000000000 -30.1910958439970578)
continue (28500.0000000000000000 -30.2030049701925307)
continue (29000.0000000000000000 -30.2147036697841003)
continue (29500.0000000000000000 -30.2261991689555103)
continue (30000.0000000000000000 -30.2374983287308936)
continue (30500.0000000000000000 -30.2486076691519656)
continue (31000.0000000000000000 -30.2595333914875511)
continue (31500.0000000000000000 -30.2702813986645083)
continue (32000.0000000000000000 -30.2808573140882196)
continue (32500.0000000000000000 -30.2912664990026173)
continue (33000.0000000000000000 -30.3015140685235842)
continue (33500.0000000000000000 -30.3116049064655968)
continue (34000.0000000000000000 -30.3215436790688813)
continue (34500.0000000000000000 -30.3313348477235536)
continue (35000.0000000000000000 -30.3409826807773442)
continue (35500.0000000000000000 -30.3504912645049956)
continue (36000.0000000000000000 -30.3598645133097413)
continue (36500.0000000000000000 -30.3691061792204415)
continue (37000.0000000000000000 -30.3782198607419858)
continue (37500.0000000000000000 -30.3872090111110040)
continue (38000.0000000000000000 -30.3960769460042890)
continue (38500.0000000000000000 -30.4048268507427792)
continue (39000.0000000000000000 -30.4134617870303003)
continue (39500.0000000000000000 -30.4219846992625591)
continue (40000.0000000000000000 -30.4303984204389479)
continue (40500.0000000000000000 -30.4387056777066718)
continue (41000.0000000000000000 -30.4469090975644079)
continue (41500.0000000000000000 -30.4550112107502144)
continue (42000.0000000000000000 -30.4630144568364152)
continue (42500.0000000000000000 -30.4709211885522464)
continue (43000.0000000000000000 -30.4787336758534835)
continue (43500.0000000000000000 -30.4864541097564903)
continue (44000.0000000000000000 -30.4940846059529846)
continue (44500.0000000000000000 -30.5016272082202669)
continue (45000.0000000000000000 -30.5090838916407705)
continue (45500.0000000000000000 -30.5164565656434874)
continue (46000.0000000000000000 -30.5237470768789869)
continue (46500.0000000000000000 -30.5309572119388832)
continue (47000.0000000000000000 -30.5380886999296521)
continue (47500.0000000000000000 -30.5451432149101265)
continue (48000.0000000000000000 -30.5521223782012186)
continue (48500.0000000000000000 -30.5590277605758089)
continue (49000.0000000000000000 -30.5658608843361925)
continue (49500.0000000000000000 -30.5726232252859518)
continue (50000.0000000000000000 -30.5793162146026063)
continue (50500.0000000000000000 -30.5859412406169788)
continue (51000.0000000000000000 -30.5924996505048128)
continue (51500.0000000000000000 -30.5989927518957359)
continue (52000.0000000000000000 -30.6054218144044299)
continue (52500.0000000000000000 -30.6117880710884123)
continue (53000.0000000000000000 -30.6180927198366746)
continue (53500.0000000000000000 -30.6243369246930115)
continue (54000.0000000000000000 -30.6305218171177494)
continue (54500.0000000000000000 -30.6366484971912101)
continue (55000.0000000000000000 -30.6427180347622041)
continue (55500.0000000000000000 -30.6487314705444405)
continue (56000.0000000000000000 -30.6546898171637352)
continue (56500.0000000000000000 -30.6605940601586084)
continue (57000.0000000000000000 -30.6664451589367388)
continue (57500.0000000000000000 -30.6722440476895741)
continue (58000.0000000000000000 -30.6779916362673575)
continue (58500.0000000000000000 -30.6836888110164736)
continue (59000.0000000000000000 -30.6893364355811578)
continue (59500.0000000000000000 -30.6949353516713330)
continue (60000.0000000000000000 -30.7004863797982637)
continue (60500.0000000000000000 -30.7059903199796125)
continue (61000.0000000000000000 -30.7114479524155328)
continue (61500.0000000000000000 -30.7168600381370034)
continue (62000.0000000000000000 -30.7222273196279900)
continue (62500.0000000000000000 -30.7275505214225220)
continue (63000.0000000000000000 -30.7328303506779470)
continue (63500.0000000000000000 -30.7380674977255453)
continue (64000.0000000000000000 -30.7432626365994537)
continue (64500.0000000000000000 -30.7484164255450452)
continue (65000.0000000000000000 -30.7535295075075936)
continue (65500.0000000000000000 -30.7586025106022234)
continue (66000.0000000000000000 -30.7636360485659566)
continue (66500.0000000000000000 -30.7686307211926930)
continue (67000.0000000000000000 -30.7735871147518232)
continue (67500.0000000000000000 -30.7785058023913223)
continue (68000.0000000000000000 -30.7833873445259023)
continue (68500.0000000000000000 -30.7882322892109528)
continue (69000.0000000000000000 -30.7930411725028392)
continue (69500.0000000000000000 -30.7978145188061987)
continue (70000.0000000000000000 -30.8025528412087439)
continue (70500.0000000000000000 -30.8072566418041660)
continue (71000.0000000000000000 -30.8119264120035830)
continue (71500.0000000000000000 -30.8165626328360460)
continue (72000.0000000000000000 -30.8211657752385868)
continue (72500.0000000000000000 -30.8257363003361746)
continue (73000.0000000000000000 -30.8302746597120674)
continue (73500.0000000000000000 -30.8347812956689147)
continue (74000.0000000000000000 -30.8392566414809721)
continue (74500.0000000000000000 -30.8437011216378636)
continue (75245.0000000000000000 -50.0000000000000000)
continue (7354000.0000000000000000 -50.0000000000000000)
f(nu) = -24.4563472199384755 at 1.0000000000000000 Ryd
