# Faucher-Giguere 2019 
# z = 0.000000
# E [Ryd] log (J_nu)
interpolate (0.0000000100100000 -50.0000000000000000)
continue (0.0990000000000000 -50.0000000000000000)
continue (0.1000000000000000 -20.2290447964107223)
continue (0.1500000000000000 -20.2503786584377146)
continue (0.2000000000000000 -20.2907400708444641)
continue (0.2500000000000001 -20.3375472817863958)
continue (0.3000000000000000 -20.3902204144785415)
continue (0.3500000000000001 -20.4813339342701681)
continue (0.4000000000000001 -20.6107354519319870)
continue (0.4500000000000001 -20.6888784754175639)
continue (0.5000000000000001 -20.7914661556276741)
continue (0.5500000000000002 -20.8784395171559858)
continue (0.6000000000000002 -20.9801856753043943)
continue (0.6500000000000001 -21.0659746807924968)
continue (0.7000000000000002 -21.1671137160832394)
continue (0.7500000000000002 -21.3497731447932964)
continue (0.8000000000000002 -21.5786364970271940)
continue (0.8500000000000002 -21.6671539634439334)
continue (0.9000000000000002 -21.8344078514459348)
continue (0.9500000000000003 -21.9449262670345462)
continue (1.0100000000000000 -22.8283975691099599)
continue (1.0600000000000001 -22.8396348329072758)
continue (1.1100000000000001 -22.8536906062764018)
continue (1.1600000000000001 -22.8599008478888450)
continue (1.2100000000000002 -22.8669949059394177)
continue (1.2600000000000002 -22.8775269633147467)
continue (1.3100000000000003 -22.8924358331091042)
continue (1.3600000000000003 -22.9116222209874927)
continue (1.4100000000000004 -22.9301341719492804)
continue (1.4600000000000004 -22.9583099405478990)
continue (1.5100000000000005 -22.9784596999867823)
continue (1.5600000000000005 -22.9995150655230240)
continue (1.6100000000000005 -23.0294614743746848)
continue (1.6600000000000006 -23.0618644406523146)
continue (1.7100000000000006 -23.0895394145692627)
continue (1.7600000000000007 -23.1150756298451192)
continue (1.8100000000000007 -23.1464270606733784)
continue (1.8600000000000008 -23.1783321800273470)
continue (1.9100000000000008 -23.2132597240255762)
continue (1.9600000000000009 -23.2375834418009930)
continue (2.0000000000000000 -23.2589281582846681)
continue (2.0099999999999998 -23.2682046053920537)
continue (2.0199999999999996 -23.2740552625890764)
continue (2.0299999999999994 -23.2811347313559018)
continue (2.0399999999999991 -23.2872974382625202)
continue (2.0499999999999989 -23.2943739991011967)
continue (2.0599999999999987 -23.3006890101470745)
continue (2.0699999999999985 -23.3057483630527820)
continue (2.0799999999999983 -23.3127894289444697)
continue (2.0899999999999981 -23.3200701169998936)
continue (2.0999999999999979 -23.3273557358557007)
continue (2.1099999999999977 -23.3353216758857194)
continue (2.1199999999999974 -23.3423361346431832)
continue (2.1299999999999972 -23.3506659370875482)
continue (2.1399999999999970 -23.3579218023507167)
continue (2.1499999999999968 -23.3611756551287932)
continue (2.1599999999999966 -23.3659731813645593)
continue (2.1699999999999964 -23.3715145793890713)
continue (2.1799999999999962 -23.3762888278918197)
continue (2.1899999999999959 -23.3813986568261711)
continue (2.1999999999999957 -23.3867554213226398)
continue (2.2099999999999955 -23.3918470060579828)
continue (2.2199999999999953 -23.3963677184092447)
continue (2.2299999999999951 -23.3999355882468905)
continue (2.2399999999999949 -23.4051293021304829)
continue (2.2499999999999947 -23.4107689082674604)
continue (2.2599999999999945 -23.4159976627360678)
continue (2.2699999999999942 -23.4208144456506986)
continue (2.2799999999999940 -23.4264608062474835)
continue (2.2899999999999938 -23.4321754916861131)
continue (2.2999999999999936 -23.4378245130918152)
continue (2.3099999999999934 -23.4408076584148368)
continue (2.3199999999999932 -23.4467400202318714)
continue (2.3299999999999930 -23.4526441869811038)
continue (2.3399999999999928 -23.4583729735677728)
continue (2.3499999999999925 -23.4635625831450980)
continue (2.3599999999999923 -23.4696403643465175)
continue (2.3699999999999921 -23.4756017129605290)
continue (2.3799999999999919 -23.4809443475411292)
continue (2.3899999999999917 -23.4873064446654354)
continue (2.3999999999999915 -23.4934265720669657)
continue (2.4099999999999913 -23.4982978663406001)
continue (2.4199999999999910 -23.5039027297099601)
continue (2.4299999999999908 -23.5106509206572127)
continue (2.4399999999999906 -23.5170298030715941)
continue (2.4499999999999904 -23.5234460064152913)
continue (2.4599999999999902 -23.5300682579459632)
continue (2.4699999999999900 -23.5372521640906385)
continue (2.4799999999999898 -23.5435539232483215)
continue (2.4899999999999896 -23.5510796505395774)
continue (2.4999999999999893 -23.5574244192740565)
continue (2.5099999999999891 -23.5605626673424240)
continue (2.5199999999999889 -23.5642956001675792)
continue (2.5299999999999887 -23.5683863978073695)
continue (2.5399999999999885 -23.5724847528568517)
continue (2.5499999999999883 -23.5765725578832956)
continue (2.5599999999999881 -23.5805070070641918)
continue (2.5699999999999878 -23.5847176555703690)
continue (2.5799999999999876 -23.5887821930576251)
continue (2.5899999999999874 -23.5930981593549021)
continue (2.5999999999999872 -23.5971630287029086)
continue (2.6099999999999870 -23.5999747563307380)
continue (2.6199999999999868 -23.6040155770298625)
continue (2.6299999999999866 -23.6082273767756163)
continue (2.6399999999999864 -23.6126967520142017)
continue (2.6499999999999861 -23.6164680696871869)
continue (2.6599999999999859 -23.6214225772491631)
continue (2.6699999999999857 -23.6251864456236689)
continue (2.6799999999999855 -23.6300068118474904)
continue (2.6899999999999853 -23.6342632239635790)
continue (2.6999999999999851 -23.6387579253859954)
continue (2.7099999999999849 -23.6432190165030285)
continue (2.7199999999999847 -23.6477640847260844)
continue (2.7299999999999844 -23.6507496445620760)
continue (2.7399999999999842 -23.6547503627116136)
continue (2.7499999999999840 -23.6598942211970069)
continue (2.7599999999999838 -23.6638011116195202)
continue (2.7699999999999836 -23.6693888626869438)
continue (2.7799999999999834 -23.6730979887681023)
continue (2.7899999999999832 -23.6785944290586414)
continue (2.7999999999999829 -23.6829071831757751)
continue (2.8099999999999827 -23.6879669752614674)
continue (2.8199999999999825 -23.6922649909430163)
continue (2.8299999999999823 -23.6981005991273967)
continue (2.8399999999999821 -23.7020938999372959)
continue (2.8499999999999819 -23.7077238184977759)
continue (2.8599999999999817 -23.7108629061877068)
continue (2.8699999999999815 -23.7166141015163063)
continue (2.8799999999999812 -23.7205412011257124)
continue (2.8899999999999810 -23.7267963074205994)
continue (2.8999999999999808 -23.7304287621436671)
continue (2.9099999999999806 -23.7372124720721942)
continue (2.9199999999999804 -23.7407310472546591)
continue (2.9299999999999802 -23.7473915097512105)
continue (2.9399999999999800 -23.7537907124263583)
continue (2.9499999999999797 -23.7579984829189499)
continue (2.9599999999999795 -23.7643721998244999)
continue (2.9699999999999793 -23.7689598726312603)
continue (2.9799999999999791 -23.7757190392176625)
continue (2.9899999999999789 -23.7794206145410101)
continue (2.9999999999999787 -23.7869453580017947)
continue (3.0099999999999785 -24.0270671663301592)
continue (3.0199999999999783 -24.0330234238903131)
continue (3.0299999999999780 -24.0393889814266046)
continue (3.0399999999999778 -24.0392446228510650)
continue (3.0499999999999776 -24.0448692241409745)
continue (3.0599999999999774 -24.0450677138205577)
continue (3.0699999999999772 -24.0512260847522263)
continue (3.0799999999999770 -24.0501398859593429)
continue (3.0899999999999768 -24.0570963060965504)
continue (3.0999999999999766 -24.0628518537293310)
continue (3.1099999999999763 -24.0617219094748798)
continue (3.1199999999999761 -24.0679003291936553)
continue (3.1299999999999759 -24.0655216751517038)
continue (3.1399999999999757 -24.0726796369101947)
continue (3.1499999999999755 -24.0692541559349031)
continue (3.1599999999999753 -24.0767677531387392)
continue (3.1699999999999751 -24.0832758438388268)
continue (3.1799999999999748 -24.0803522474761138)
continue (3.1899999999999746 -24.0876096595077946)
continue (3.1999999999999744 -24.0935567289268810)
continue (3.2099999999999742 -24.0911338097890422)
continue (3.2199999999999740 -24.0978587432706171)
continue (3.2299999999999738 -24.0934145584782513)
continue (3.2399999999999736 -24.1010005685527098)
continue (3.2499999999999734 -24.1074591883024922)
continue (3.2599999999999731 -24.1033031032275176)
continue (3.2699999999999729 -24.1104117118083217)
continue (3.2799999999999727 -24.1041638036953643)
continue (3.2899999999999725 -24.1126186071123350)
continue (3.2999999999999723 -24.1193109541530255)
continue (3.3099999999999721 -24.1133461814040047)
continue (3.3199999999999719 -24.1216394982407252)
continue (3.3299999999999716 -24.1284172237273502)
continue (3.3399999999999714 -24.1223671741600079)
continue (3.3499999999999712 -24.1304581401762945)
continue (3.3599999999999710 -24.1373592853342060)
continue (3.3699999999999708 -24.1304280925081756)
continue (3.3799999999999706 -24.1382833277339088)
continue (3.3899999999999704 -24.1290665101816586)
continue (3.3999999999999702 -24.1380150633419674)
continue (3.4099999999999699 -24.1459524801975824)
continue (3.4199999999999697 -24.1362475882016909)
continue (3.4299999999999695 -24.1450468092769697)
continue (3.4399999999999693 -24.1531142752162538)
continue (3.4499999999999691 -24.1427380350725365)
continue (3.4599999999999689 -24.1519466616556215)
continue (3.4699999999999687 -24.1601163515483535)
continue (3.4799999999999685 -24.1489427695422272)
continue (3.4899999999999682 -24.1585071937450024)
continue (3.4999999999999680 -24.1668123266417965)
continue (3.5099999999999678 -24.1536695625988571)
continue (3.5199999999999676 -24.1634405126394185)
continue (3.5299999999999674 -24.1720081373968938)
continue (3.5399999999999672 -24.1577628386775523)
continue (3.5499999999999670 -24.1680253328667121)
continue (3.5599999999999667 -24.1745852402453387)
continue (3.5600000000000001 -24.1745852402453671)
continue (3.5699999999999665 -24.1831946851664057)
continue (3.5799999999999663 -24.1694081433161010)
continue (3.5899999999999661 -24.1787340368349319)
continue (3.5999999999999659 -24.1875907166118971)
continue (3.6099999999999657 -24.1725136842781190)
continue (3.6199999999999655 -24.1824971336054162)
continue (3.6299999999999653 -24.1916824396415784)
continue (3.6399999999999650 -24.1749651381664457)
continue (3.6499999999999648 -24.1856110569902611)
continue (3.6599999999999646 -24.1949415487229942)
continue (3.6699999999999644 -24.1754279763980087)
continue (3.6799999999999642 -24.1865815102660733)
continue (3.6899999999999640 -24.1965592826208038)
continue (3.6999999999999638 -24.2060319948653877)
continue (3.7099999999999635 -24.1866215235123008)
continue (3.7199999999999633 -24.1972925667593515)
continue (3.7299999999999631 -24.2072042994065626)
continue (3.7399999999999629 -24.1853955496253263)
continue (3.7499999999999627 -24.1966949133906262)
continue (3.7500000000000000 -24.1966949133906688)
continue (3.7599999999999625 -24.2057912331896468)
continue (3.7699999999999623 -24.2160315713637182)
continue (3.7799999999999621 -24.1934500014523195)
continue (3.7899999999999618 -24.2049859450112557)
continue (3.7999999999999616 -24.2158647678092862)
continue (3.8099999999999614 -24.1903479546492655)
continue (3.8199999999999612 -24.2025514967771933)
continue (3.8299999999999610 -24.2142258752801887)
continue (3.8399999999999608 -24.2248974024689900)
continue (3.8399999999999999 -24.2248974024690291)
continue (3.8499999999999606 -24.1965633179899626)
continue (3.8599999999999604 -24.2092805091856818)
continue (3.8699999999999601 -24.2208287791608292)
continue (3.8799999999999599 -24.2311138967531008)
continue (3.8899999999999597 -24.2024105562190428)
continue (3.8900000000000001 -24.2024105562190961)
continue (3.8999999999999595 -24.2151959675908159)
continue (3.9099999999999593 -24.2265373990788397)
continue (3.9199999999999591 -24.2367837745102754)
continue (3.9299999999999589 -24.2083127209723621)
continue (3.9399999999999586 -24.2210491170565163)
continue (3.9499999999999584 -24.2322646465787841)
continue (3.9599999999999582 -24.2423428482319174)
continue (3.9699999999999580 -24.2130818410732900)
continue (3.9799999999999578 -24.2258821306636349)
continue (3.9899999999999576 -24.2370697396938581)
continue (4.0099999999999998 -24.2168500029140574)
continue (4.5099999999999998 -24.3968204953117187)
continue (5.0099999999999998 -24.4187872991498303)
continue (5.5099999999999998 -24.4317562164520083)
continue (6.0099999999999998 -24.4410183190276094)
continue (6.5099999999999998 -24.4475500112349025)
continue (7.0099999999999998 -24.4537513857212119)
continue (7.5099999999999998 -24.4605169437620376)
continue (8.0099999999999998 -24.4682713255123616)
continue (8.5099999999999998 -24.4775684237883553)
continue (9.0099999999999998 -24.4882941170027095)
continue (9.5099999999999998 -24.5003639094588941)
continue (10.0000000000000000 -24.5133636019086900)
continue (10.0099999999999998 -24.5136386382969711)
continue (15.0000000000000000 -24.6719614425119076)
continue (20.0000000000000000 -24.8158028157809341)
continue (25.0000000000000000 -24.9228794389341530)
continue (30.0000000000000000 -24.9970192145024583)
continue (35.0000000000000000 -25.0473492290844426)
continue (40.0000000000000000 -25.0822118164253958)
continue (45.0000000000000000 -25.1074777033974179)
continue (50.0000000000000000 -25.1267525382357739)
continue (55.0000000000000000 -25.1421846394178168)
continue (60.0000000000000000 -25.1550516528844952)
continue (65.0000000000000000 -25.1661235223088475)
continue (70.0000000000000000 -25.1759193331308282)
continue (75.0000000000000000 -25.1847769092762306)
continue (80.0000000000000000 -25.1929251513597592)
continue (85.0000000000000000 -25.2005232785598814)
continue (90.0000000000000000 -25.2076826297742222)
continue (95.0000000000000000 -25.2144790259071385)
continue (100.0000000000000000 -25.2209758196049556)
continue (110.0000000000000000 -25.2332253347977193)
continue (120.0000000000000000 -25.2446234875837021)
continue (130.0000000000000000 -25.2553040773618847)
continue (140.0000000000000000 -25.2653695988878795)
continue (150.0000000000000000 -25.2749045476799559)
continue (160.0000000000000000 -25.2839765038110151)
continue (170.0000000000000000 -25.2926393416247670)
continue (180.0000000000000000 -25.3009432804702143)
continue (190.0000000000000000 -25.3089219165702772)
continue (200.0000000000000000 -25.3166112567560262)
continue (210.0000000000000000 -25.3240390320881943)
continue (220.0000000000000000 -25.3312286590037665)
continue (230.0000000000000000 -25.3382010396287924)
continue (240.0000000000000000 -25.3449747155478562)
continue (250.0000000000000000 -25.3515664732244055)
continue (260.0000000000000000 -25.3579901392771205)
continue (270.0000000000000000 -25.3642555304107660)
continue (280.0000000000000000 -25.3703781820135568)
continue (290.0000000000000000 -25.3763651215815926)
continue (300.0000000000000000 -25.3822271332723410)
continue (310.0000000000000000 -25.3879705018948840)
continue (320.0000000000000000 -25.3936056974465885)
continue (330.0000000000000000 -25.3991347833384289)
continue (340.0000000000000000 -25.4045672808610377)
continue (350.0000000000000000 -25.4099094167260589)
continue (360.0000000000000000 -25.4151630987567074)
continue (370.0000000000000000 -25.4203341745689961)
continue (380.0000000000000000 -25.4254275715940494)
continue (390.0000000000000000 -25.4304475030638351)
continue (400.0000000000000000 -25.4353973791099897)
continue (410.0000000000000000 -25.4402804114684855)
continue (420.0000000000000000 -25.4450997073136378)
continue (430.0000000000000000 -25.4498580011486624)
continue (440.0000000000000000 -25.4545580089084780)
continue (450.0000000000000000 -25.4592022740443120)
continue (460.0000000000000000 -25.4637931696482305)
continue (470.0000000000000000 -25.4683331036692380)
continue (480.0000000000000000 -25.4728241792690646)
continue (490.0000000000000000 -25.4772683174182930)
continue (500.0000000000000000 -25.4816678680402191)
continue (510.0000000000000000 -25.4860240644238196)
continue (520.0000000000000000 -25.4903387881259711)
continue (530.0000000000000000 -25.4946127558828266)
continue (540.0000000000000000 -25.4988462797892979)
continue (550.0000000000000000 -25.5030431061931253)
continue (560.0000000000000000 -25.5072050509789250)
continue (570.0000000000000000 -25.5113323439900448)
continue (580.0000000000000000 -25.5154244338245846)
continue (590.0000000000000000 -25.5194829748377856)
continue (600.0000000000000000 -25.5235118161040724)
continue (610.0000000000000000 -25.5275105722387607)
continue (620.0000000000000000 -25.5314769633716843)
continue (630.0000000000000000 -25.5354156407955202)
continue (640.0000000000000000 -25.5393280772294204)
continue (650.0000000000000000 -25.5432112348824063)
continue (660.0000000000000000 -25.5470680104712002)
continue (670.0000000000000000 -25.5509015475354495)
continue (680.0000000000000000 -25.5547074354349526)
continue (690.0000000000000000 -25.5584900745659631)
continue (700.0000000000000000 -25.5622510873615134)
continue (710.0000000000000000 -25.5659853329716285)
continue (720.0000000000000000 -25.5697001316579673)
continue (730.0000000000000000 -25.5733926092364072)
continue (740.0000000000000000 -25.5770625310164554)
continue (750.0000000000000000 -25.5807148032572691)
continue (760.0000000000000000 -25.5843424824865053)
continue (770.0000000000000000 -25.5879544807012387)
continue (780.0000000000000000 -25.5915444603189854)
continue (790.0000000000000000 -25.5951173080025463)
continue (800.0000000000000000 -25.5986715164969638)
continue (810.0000000000000000 -25.6022070046195722)
continue (820.0000000000000000 -25.6057269289945566)
continue (830.0000000000000000 -25.6092266444290928)
continue (840.0000000000000000 -25.6127132628501357)
continue (850.0000000000000000 -25.6161791998252752)
continue (860.0000000000000000 -25.6196336901472463)
continue (870.0000000000000000 -25.6230676336820800)
continue (880.0000000000000000 -25.6264910769515453)
continue (890.0000000000000000 -25.6298945517749743)
continue (900.0000000000000000 -25.6332879678484886)
continue (910.0000000000000000 -25.6366624227236137)
continue (920.0000000000000000 -25.6400265398604432)
continue (930.0000000000000000 -25.6433734472285622)
continue (940.0000000000000000 -25.6467088413161690)
continue (950.0000000000000000 -25.6500298188918130)
continue (960.0000000000000000 -25.6533374701899533)
continue (970.0000000000000000 -25.6566336036113540)
continue (980.0000000000000000 -25.6599145899442505)
continue (990.0000000000000000 -25.6631868161589338)
continue (1000.0000000000000000 -25.6664419611476298)
continue (1200.0000000000000000 -25.7292990658198732)
continue (1400.0000000000000000 -25.7885212435308695)
continue (1600.0000000000000000 -25.8448002979871205)
continue (1800.0000000000000000 -25.8985144058775134)
continue (2000.0000000000000000 -25.9498637208925409)
continue (2200.0000000000000000 -25.9989817216108676)
continue (2400.0000000000000000 -26.0459447613789941)
continue (2600.0000000000000000 -26.0908486986610910)
continue (2800.0000000000000000 -26.1337502374920199)
continue (3000.0000000000000000 -26.1747599258533796)
continue (3200.0000000000000000 -26.2139750385274937)
continue (3400.0000000000000000 -26.2514695791164421)
continue (3600.0000000000000000 -26.2873850065849126)
continue (3800.0000000000000000 -26.3217746678633802)
continue (4000.0000000000000000 -26.3547682037059943)
continue (4200.0000000000000000 -26.3864445012731856)
continue (4400.0000000000000000 -26.4168783956437494)
continue (4600.0000000000000000 -26.4461465891150205)
continue (4800.0000000000000000 -26.4743270955404633)
continue (5000.0000000000000000 -26.5014930145211132)
continue (5200.0000000000000000 -26.5277102161923359)
continue (5400.0000000000000000 -26.5529983703123555)
continue (5600.0000000000000000 -26.5774467764470472)
continue (5800.0000000000000000 -26.6010960016019951)
continue (6000.0000000000000000 -26.6239743384576606)
continue (6200.0000000000000000 -26.6461392412197391)
continue (6400.0000000000000000 -26.6676382641746841)
continue (6600.0000000000000000 -26.6884659674714584)
continue (6800.0000000000000000 -26.7087025549167763)
continue (7000.0000000000000000 -26.7283735551054704)
continue (7200.0000000000000000 -26.7474685903402758)
continue (7400.0000000000000000 -26.7660457677755943)
continue (7600.0000000000000000 -26.7841311484599700)
continue (7800.0000000000000000 -26.8017509359697534)
continue (8000.0000000000000000 -26.8189236434188842)
continue (8200.0000000000000000 -26.8356691728205945)
continue (8400.0000000000000000 -26.8520035300190116)
continue (8600.0000000000000000 -26.8679468541404773)
continue (8800.0000000000000000 -26.8835175489363998)
continue (9000.0000000000000000 -26.8987324970640742)
continue (9200.0000000000000000 -26.9136067603748828)
continue (9400.0000000000000000 -26.9281542900121096)
continue (9600.0000000000000000 -26.9423921930878265)
continue (9800.0000000000000000 -26.9563341690034584)
continue (10000.0000000000000000 -26.9699936976108212)
continue (10200.0000000000000000 -26.9833828834854685)
continue (10400.0000000000000000 -26.9965128692773852)
continue (10600.0000000000000000 -27.0093901739089155)
continue (10800.0000000000000000 -27.0220049189034341)
continue (11000.0000000000000000 -27.0343842860003072)
continue (11500.0000000000000000 -27.0643837972952568)
continue (12000.0000000000000000 -27.0930925543728307)
continue (12500.0000000000000000 -27.1206186119675223)
continue (13000.0000000000000000 -27.1470424072696375)
continue (13500.0000000000000000 -27.1724342195664903)
continue (14000.0000000000000000 -27.1969223682110695)
continue (14500.0000000000000000 -27.2205018782164601)
continue (15000.0000000000000000 -27.2433038620019516)
continue (15500.0000000000000000 -27.2653097791917745)
continue (16000.0000000000000000 -27.2866409610078620)
continue (16500.0000000000000000 -27.3072796770956643)
continue (17000.0000000000000000 -27.3272900353268327)
continue (17500.0000000000000000 -27.3467279325279620)
continue (18000.0000000000000000 -27.3656130395766688)
continue (18500.0000000000000000 -27.3839493820712754)
continue (19000.0000000000000000 -27.4017899610455302)
continue (19500.0000000000000000 -27.4191624151062818)
continue (20000.0000000000000000 -27.4360900081236068)
continue (20500.0000000000000000 -27.4525932232516254)
continue (21000.0000000000000000 -27.4686920538246078)
continue (21500.0000000000000000 -27.4844035463173384)
continue (22000.0000000000000000 -27.4997460239055442)
continue (22500.0000000000000000 -27.5147361374907327)
continue (23000.0000000000000000 -27.5293891202057175)
continue (23500.0000000000000000 -27.5437215242822298)
continue (24000.0000000000000000 -27.5577471096945068)
continue (24500.0000000000000000 -27.5714804868235106)
continue (25000.0000000000000000 -27.5849316927080679)
continue (25500.0000000000000000 -27.5981159384072896)
continue (26000.0000000000000000 -27.6110362310235509)
continue (26500.0000000000000000 -27.6236884074875348)
continue (27000.0000000000000000 -27.6361013326958833)
continue (27500.0000000000000000 -27.6482916144993744)
continue (28000.0000000000000000 -27.6602649579783773)
continue (28500.0000000000000000 -27.6720224530749235)
continue (29000.0000000000000000 -27.6835456394596022)
continue (29500.0000000000000000 -27.6948799477411498)
continue (30000.0000000000000000 -27.7060334796691805)
continue (30500.0000000000000000 -27.7169945376082474)
continue (31000.0000000000000000 -27.7277501879479900)
continue (31500.0000000000000000 -27.7383506644642637)
continue (32000.0000000000000000 -27.7487918181373239)
continue (32500.0000000000000000 -27.7590334375481298)
continue (33000.0000000000000000 -27.7691357208873519)
continue (33500.0000000000000000 -27.7790965787004787)
continue (34000.0000000000000000 -27.7888707257741316)
continue (34500.0000000000000000 -27.7985242543999149)
continue (35000.0000000000000000 -27.8080390244597524)
continue (35500.0000000000000000 -27.8173899278467225)
continue (36000.0000000000000000 -27.8266397714199698)
continue (36500.0000000000000000 -27.8357295048260980)
continue (37000.0000000000000000 -27.8447068909940647)
continue (37500.0000000000000000 -27.8535701528953581)
continue (38000.0000000000000000 -27.8622871697205312)
continue (38500.0000000000000000 -27.8709213187217308)
continue (39000.0000000000000000 -27.8794033560934409)
continue (39500.0000000000000000 -27.8878078662737465)
continue (40000.0000000000000000 -27.8960785402198965)
continue (40500.0000000000000000 -27.9042614979984833)
continue (41000.0000000000000000 -27.9123324665906587)
continue (41500.0000000000000000 -27.9203059674332685)
continue (42000.0000000000000000 -27.9281850829171816)
continue (42500.0000000000000000 -27.9359603736760036)
continue (43000.0000000000000000 -27.9436534127605185)
continue (43500.0000000000000000 -27.9512422194727321)
continue (44000.0000000000000000 -27.9587552580535430)
continue (44500.0000000000000000 -27.9661685836069438)
continue (45000.0000000000000000 -27.9735072387222985)
continue (45500.0000000000000000 -27.9807553875298858)
continue (46000.0000000000000000 -27.9879249300746409)
continue (46500.0000000000000000 -27.9950182697193917)
continue (47000.0000000000000000 -28.0020246880940640)
continue (47500.0000000000000000 -28.0089714730228678)
continue (48000.0000000000000000 -28.0158201793623967)
continue (48500.0000000000000000 -28.0226270354950948)
continue (49000.0000000000000000 -28.0293253936111171)
continue (49500.0000000000000000 -28.0359911941338815)
continue (50000.0000000000000000 -28.0425537390760695)
continue (50500.0000000000000000 -28.0490713579340891)
continue (51000.0000000000000000 -28.0555151603819937)
continue (51500.0000000000000000 -28.0618891403469206)
continue (52000.0000000000000000 -28.0682229642496779)
continue (52500.0000000000000000 -28.0744600556280943)
continue (53000.0000000000000000 -28.0806711351481653)
continue (53500.0000000000000000 -28.0867930688910903)
continue (54000.0000000000000000 -28.0928680494101890)
continue (54500.0000000000000000 -28.0988977461379044)
continue (55000.0000000000000000 -28.1048433304520309)
continue (55500.0000000000000000 -28.1107669141866303)
continue (56000.0000000000000000 -28.1166065583364890)
continue (56500.0000000000000000 -28.1224020184227292)
continue (57000.0000000000000000 -28.1281634253278625)
continue (57500.0000000000000000 -28.1338398798744507)
continue (58000.0000000000000000 -28.1394925300570300)
continue (58500.0000000000000000 -28.1450860087710346)
continue (59000.0000000000000000 -28.1506193889546239)
continue (59500.0000000000000000 -28.1561342595547011)
continue (60000.0000000000000000 -28.1615700567161937)
continue (60500.0000000000000000 -28.1669683824561012)
continue (61000.0000000000000000 -28.1723430690473116)
continue (61500.0000000000000000 -28.1776382511578234)
continue (62000.0000000000000000 -28.1829062049538912)
continue (62500.0000000000000000 -28.1881442202687253)
continue (63000.0000000000000000 -28.1933086601569052)
continue (63500.0000000000000000 -28.1984509534579573)
continue (64000.0000000000000000 -28.2035593016256776)
continue (64500.0000000000000000 -28.2085997672768372)
continue (65000.0000000000000000 -28.2136211529497345)
continue (65500.0000000000000000 -28.2186075359258624)
continue (66000.0000000000000000 -28.2235295752389987)
continue (66500.0000000000000000 -28.2284332925995400)
continue (67000.0000000000000000 -28.2333060327203000)
continue (67500.0000000000000000 -28.2381144971029734)
continue (68000.0000000000000000 -28.2429039507034929)
continue (68500.0000000000000000 -28.2476692345023999)
continue (69000.0000000000000000 -28.2523693981576187)
continue (69500.0000000000000000 -28.2570487517545530)
continue (70000.0000000000000000 -28.2617120664064032)
continue (70500.0000000000000000 -28.2663090369767787)
continue (71000.0000000000000000 -28.2708824979824129)
continue (71500.0000000000000000 -28.2754438875743581)
continue (72000.0000000000000000 -28.2799484327620227)
continue (72500.0000000000000000 -28.2844188763028228)
continue (73000.0000000000000000 -28.2888770674475261)
continue (73500.0000000000000000 -28.2933006998882703)
continue (74000.0000000000000000 -28.2976728938707822)
continue (74500.0000000000000000 -28.3020291713695080)
continue (75245.0000000000000000 -50.0000000000000000)
continue (7354000.0000000000000000 -50.0000000000000000)
f(nu) = -21.5856489821534012 at 1.0000000000000000 Ryd
