# Faucher-Giguere 2019 
# z = 1.818383
# E [Ryd] log (J_nu)
interpolate (0.0000000100100000 -50.0000000000000000)
continue (0.0990000000000000 -50.0000000000000000)
continue (0.1000000000000000 -19.1804794729568187)
continue (0.1500000000000000 -19.2077754215924088)
continue (0.2000000000000000 -19.2460934453670838)
continue (0.2500000000000001 -19.2888054610308650)
continue (0.3000000000000000 -19.2676309865205759)
continue (0.3500000000000001 -19.2574742859041663)
continue (0.4000000000000001 -19.2598544834399981)
continue (0.4500000000000001 -19.2702412245601167)
continue (0.5000000000000001 -19.2903995897106633)
continue (0.5500000000000002 -19.3051795182505153)
continue (0.6000000000000002 -19.3266230341731280)
continue (0.6500000000000001 -19.3703497304628307)
continue (0.7000000000000002 -19.4554430856548493)
continue (0.7500000000000002 -19.6522414725782752)
continue (0.8000000000000002 -19.7146227294435192)
continue (0.8500000000000002 -19.9151673849692941)
continue (0.9000000000000002 -20.0269681224041101)
continue (0.9500000000000003 -20.3707221505794678)
continue (1.0100000000000000 -21.4791457947960112)
continue (1.0600000000000001 -21.5382555131269839)
continue (1.1100000000000001 -21.5679199680567386)
continue (1.1600000000000001 -21.6318469065682635)
continue (1.2100000000000002 -21.6458638873260192)
continue (1.2600000000000002 -21.6792062169523270)
continue (1.3100000000000003 -21.6965590674538262)
continue (1.3600000000000003 -21.7351570872505917)
continue (1.4100000000000004 -21.7473706552692292)
continue (1.4600000000000004 -21.7637631463129004)
continue (1.5100000000000005 -21.7760151396312587)
continue (1.5600000000000005 -21.7910088258569807)
continue (1.6100000000000005 -21.8109762813022456)
continue (1.6600000000000006 -21.8349671559787346)
continue (1.7100000000000006 -21.8369299511328272)
continue (1.7600000000000007 -21.8489336742542193)
continue (1.8100000000000007 -21.8755665965140871)
continue (1.8600000000000008 -21.8764831578132792)
continue (1.9100000000000008 -21.8945332545821216)
continue (1.9600000000000009 -21.8970673623943100)
continue (2.0000000000000000 -21.9116800748846430)
continue (2.0099999999999998 -21.9087484021997803)
continue (2.0199999999999996 -21.9111766713366372)
continue (2.0299999999999994 -21.9097766883024399)
continue (2.0399999999999991 -21.9092860997416778)
continue (2.0499999999999989 -21.9103520656598114)
continue (2.0599999999999987 -21.9109768093059074)
continue (2.0699999999999985 -21.9110242726805353)
continue (2.0799999999999983 -21.9084758585808608)
continue (2.0899999999999981 -21.9109368314076463)
continue (2.0999999999999979 -21.9104410191370818)
continue (2.1099999999999977 -21.9076391019950591)
continue (2.1199999999999974 -21.9100656865858276)
continue (2.1299999999999972 -21.9033604774536030)
continue (2.1399999999999970 -21.9041090624752606)
continue (2.1499999999999968 -21.9029362886986725)
continue (2.1599999999999966 -21.8989326376910149)
continue (2.1699999999999964 -21.8983775225674471)
continue (2.1799999999999962 -21.8990021972352515)
continue (2.1899999999999959 -21.8918392154373045)
continue (2.1999999999999957 -21.8919514967737072)
continue (2.2099999999999955 -21.8895529803510378)
continue (2.2199999999999953 -21.8819429554003797)
continue (2.2299999999999951 -21.8830385390401148)
continue (2.2399999999999949 -21.8832642221286662)
continue (2.2499999999999947 -21.8735455404160177)
continue (2.2599999999999945 -21.8706677024361724)
continue (2.2699999999999942 -21.8714138723348555)
continue (2.2799999999999940 -21.8606390625589881)
continue (2.2899999999999938 -21.8619136116715680)
continue (2.2999999999999936 -21.8584326869903869)
continue (2.3099999999999934 -21.8469107644783058)
continue (2.3199999999999932 -21.8463591713005130)
continue (2.3299999999999930 -21.8468454693137772)
continue (2.3399999999999928 -21.8316260334985017)
continue (2.3499999999999925 -21.8304537004082952)
continue (2.3599999999999923 -21.8291154606788425)
continue (2.3699999999999921 -21.8182174901411621)
continue (2.3799999999999919 -21.8137024200304950)
continue (2.3899999999999917 -21.8120479163927747)
continue (2.3999999999999915 -21.8115118495022315)
continue (2.4099999999999913 -21.7986476674874012)
continue (2.4199999999999910 -21.7939217002128665)
continue (2.4299999999999908 -21.7930055842880712)
continue (2.4399999999999906 -21.7801915663986456)
continue (2.4499999999999904 -21.7783704392934645)
continue (2.4599999999999902 -21.7740321090414000)
continue (2.4699999999999900 -21.7719269872728809)
continue (2.4799999999999898 -21.7601949870343212)
continue (2.4899999999999896 -21.7587117549753764)
continue (2.4999999999999893 -21.7557785211505390)
continue (2.5099999999999891 -21.7428254607867082)
continue (2.5199999999999889 -21.7417485724283956)
continue (2.5299999999999887 -21.7396852633514897)
continue (2.5399999999999885 -21.7352650393493150)
continue (2.5499999999999883 -21.7225485522412320)
continue (2.5599999999999881 -21.7220054552658226)
continue (2.5699999999999878 -21.7201705662937492)
continue (2.5799999999999876 -21.7158050409480161)
continue (2.5899999999999874 -21.7029092880654844)
continue (2.5999999999999872 -21.7020302468283433)
continue (2.6099999999999870 -21.6986750449524486)
continue (2.6199999999999868 -21.6967947887580088)
continue (2.6299999999999866 -21.6828409242200415)
continue (2.6399999999999864 -21.6823897455259065)
continue (2.6499999999999861 -21.6796431285902358)
continue (2.6599999999999859 -21.6792417902418251)
continue (2.6699999999999857 -21.6647570966985299)
continue (2.6799999999999855 -21.6644247104492820)
continue (2.6899999999999853 -21.6620646934020336)
continue (2.6999999999999851 -21.6616377370700341)
continue (2.7099999999999849 -21.6474946619401862)
continue (2.7199999999999847 -21.6474706646743371)
continue (2.7299999999999844 -21.6455486703176554)
continue (2.7399999999999842 -21.6445408203308247)
continue (2.7499999999999840 -21.6419245399163600)
continue (2.7599999999999838 -21.6288622197152485)
continue (2.7699999999999836 -21.6278517366120333)
continue (2.7799999999999834 -21.6261052361091259)
continue (2.7899999999999832 -21.6251271455398886)
continue (2.7999999999999829 -21.6233719450963271)
continue (2.8099999999999827 -21.6123278668803209)
continue (2.8199999999999825 -21.6109519405595165)
continue (2.8299999999999823 -21.6104257913120215)
continue (2.8399999999999821 -21.6101398743035951)
continue (2.8499999999999819 -21.5981927790597403)
continue (2.8599999999999817 -21.5970491292398634)
continue (2.8699999999999815 -21.5965697520874151)
continue (2.8799999999999812 -21.5962782412253276)
continue (2.8899999999999810 -21.5963504686699430)
continue (2.8999999999999808 -21.5839571886850123)
continue (2.9099999999999806 -21.5829344588235656)
continue (2.9199999999999804 -21.5828274774425068)
continue (2.9299999999999802 -21.5828067541126494)
continue (2.9399999999999800 -21.5820458171348726)
continue (2.9499999999999797 -21.5700432855454132)
continue (2.9599999999999795 -21.5690713373619616)
continue (2.9699999999999793 -21.5687118599160286)
continue (2.9799999999999791 -21.5687940681609263)
continue (2.9899999999999789 -21.5684107339397357)
continue (2.9999999999999787 -21.5680941296251838)
continue (3.0099999999999785 -22.2724122545409777)
continue (3.0199999999999783 -22.2780309018270692)
continue (3.0299999999999780 -22.2833806164697812)
continue (3.0399999999999778 -22.2841761779689271)
continue (3.0499999999999776 -22.2867976158070356)
continue (3.0599999999999774 -22.2913316835208235)
continue (3.0699999999999772 -22.2956874717835341)
continue (3.0799999999999770 -22.3028342386135634)
continue (3.0899999999999768 -22.3057746112397162)
continue (3.0999999999999766 -22.3092500273886110)
continue (3.1099999999999763 -22.3109276405137855)
continue (3.1199999999999761 -22.3191259631170986)
continue (3.1299999999999759 -22.3228628038220585)
continue (3.1399999999999757 -22.3262577076255511)
continue (3.1499999999999755 -22.3294055208735287)
continue (3.1599999999999753 -22.3307470890204414)
continue (3.1699999999999751 -22.3404857498623208)
continue (3.1799999999999748 -22.3430626237575112)
continue (3.1899999999999746 -22.3475076301405302)
continue (3.1999999999999744 -22.3504523507599977)
continue (3.2099999999999742 -22.3579644967927607)
continue (3.2199999999999740 -22.3644070439995950)
continue (3.2299999999999738 -22.3662339151516463)
continue (3.2399999999999736 -22.3708345552960992)
continue (3.2499999999999734 -22.3766016411978157)
continue (3.2599999999999731 -22.3824377151749623)
continue (3.2699999999999729 -22.3900929118060290)
continue (3.2799999999999727 -22.3916484926629167)
continue (3.2899999999999725 -22.3956296755797588)
continue (3.2999999999999723 -22.3969561613676120)
continue (3.3099999999999721 -22.4079900867076098)
continue (3.3199999999999719 -22.4162126059100544)
continue (3.3299999999999716 -22.4182730323464732)
continue (3.3399999999999714 -22.4237055343114804)
continue (3.3499999999999712 -22.4279781720597846)
continue (3.3599999999999710 -22.4289742117762501)
continue (3.3699999999999708 -22.4408159352970671)
continue (3.3799999999999706 -22.4496754795111926)
continue (3.3899999999999704 -22.4559630606210625)
continue (3.3999999999999702 -22.4599815810967698)
continue (3.4099999999999699 -22.4575043965589209)
continue (3.4199999999999697 -22.4702135266791458)
continue (3.4299999999999695 -22.4758947923273738)
continue (3.4399999999999693 -22.4857875255901725)
continue (3.4499999999999691 -22.4929887331400451)
continue (3.4599999999999689 -22.4904932020001525)
continue (3.4699999999999687 -22.5016282742431315)
continue (3.4799999999999685 -22.5074743023221053)
continue (3.4899999999999682 -22.5127641602747808)
continue (3.4999999999999680 -22.5251998622067369)
continue (3.5099999999999678 -22.5323742488447074)
continue (3.5199999999999676 -22.5300810297334770)
continue (3.5299999999999674 -22.5423052356141262)
continue (3.5399999999999672 -22.5472393504928483)
continue (3.5499999999999670 -22.5540220533305877)
continue (3.5599999999999667 -22.5163990568260246)
continue (3.5600000000000001 -22.5163990568260424)
continue (3.5699999999999665 -22.5219189996797660)
continue (3.5799999999999663 -22.5202828211526835)
continue (3.5899999999999661 -22.5357253004673908)
continue (3.5999999999999659 -22.5413098741676663)
continue (3.6099999999999657 -22.5477868013099005)
continue (3.6199999999999655 -22.5508565720492697)
continue (3.6299999999999653 -22.5532526787359195)
continue (3.6399999999999650 -22.5596854619138867)
continue (3.6499999999999648 -22.5774683797659534)
continue (3.6599999999999646 -22.5851883006948384)
continue (3.6699999999999644 -22.5910016936491758)
continue (3.6799999999999642 -22.5923620479919478)
continue (3.6899999999999640 -22.6048548839557739)
continue (3.6999999999999638 -22.6021195724876272)
continue (3.7099999999999635 -22.6224690253263390)
continue (3.7199999999999633 -22.6311856079595444)
continue (3.7299999999999631 -22.6378485758474284)
continue (3.7399999999999629 -22.6358923824677412)
continue (3.7499999999999627 -22.6449863609798889)
continue (3.7500000000000000 -22.6216967696306277)
continue (3.7599999999999625 -22.6161276883038269)
continue (3.7699999999999623 -22.6233826640778375)
continue (3.7799999999999621 -22.6503128398015221)
continue (3.7899999999999618 -22.6583879468706293)
continue (3.7999999999999616 -22.6525887865304085)
continue (3.8099999999999614 -22.6629570348300540)
continue (3.8199999999999612 -22.6737563518265581)
continue (3.8299999999999610 -22.6692818320516594)
continue (3.8399999999999608 -22.6793716388965301)
continue (3.8399999999999999 -22.6793716388965692)
continue (3.8499999999999606 -22.6890245260256904)
continue (3.8599999999999604 -22.6982562392196812)
continue (3.8699999999999601 -22.6896588215665780)
continue (3.8799999999999599 -22.7019969688900858)
continue (3.8899999999999597 -22.7019319059720530)
continue (3.8900000000000001 -22.7019319059721063)
continue (3.8999999999999595 -22.7143387566500365)
continue (3.9099999999999593 -22.7262474026873100)
continue (3.9199999999999591 -22.7377125431856904)
continue (3.9299999999999589 -22.7182951108067854)
continue (3.9399999999999586 -22.7331163761590425)
continue (3.9499999999999584 -22.7492445563129877)
continue (3.9599999999999582 -22.7646432011511024)
continue (3.9699999999999580 -22.7794703614034759)
continue (3.9799999999999578 -22.7938380963582254)
continue (3.9899999999999576 -22.8076608558275211)
continue (4.0099999999999998 -22.7945879520159416)
continue (4.5099999999999998 -23.2305363571746071)
continue (5.0099999999999998 -23.2819215343059582)
continue (5.5099999999999998 -23.3080549726725508)
continue (6.0099999999999998 -23.3336453986387475)
continue (6.5099999999999998 -23.3550294389128474)
continue (7.0099999999999998 -23.3749988294659623)
continue (7.5099999999999998 -23.3927029358759029)
continue (8.0099999999999998 -23.4091670288085609)
continue (8.5099999999999998 -23.4259110148688663)
continue (9.0099999999999998 -23.4400290732536654)
continue (9.5099999999999998 -23.4522663683141310)
continue (10.0000000000000000 -23.4623045148065046)
continue (10.0099999999999998 -23.4623477033377981)
continue (15.0000000000000000 -23.5089760495321940)
continue (20.0000000000000000 -23.5581982418228399)
continue (25.0000000000000000 -23.6288275435173070)
continue (30.0000000000000000 -23.7054946296211568)
continue (35.0000000000000000 -23.7792001561035882)
continue (40.0000000000000000 -23.8464129784733636)
continue (45.0000000000000000 -23.9057998291054297)
continue (50.0000000000000000 -23.9567880294759625)
continue (55.0000000000000000 -23.9991119187833313)
continue (60.0000000000000000 -24.0328625446257789)
continue (65.0000000000000000 -24.0586413331289215)
continue (70.0000000000000000 -24.0779738367185665)
continue (75.0000000000000000 -24.0924226044271563)
continue (80.0000000000000000 -24.1033390740501545)
continue (85.0000000000000000 -24.1118341665508282)
continue (90.0000000000000000 -24.1187658640714133)
continue (95.0000000000000000 -24.1247998694995545)
continue (100.0000000000000000 -24.1304088180926577)
continue (110.0000000000000000 -24.1410116835821356)
continue (120.0000000000000000 -24.1508945580455610)
continue (130.0000000000000000 -24.1601423642747264)
continue (140.0000000000000000 -24.1688324766481593)
continue (150.0000000000000000 -24.1770296354186094)
continue (160.0000000000000000 -24.1847902778423638)
continue (170.0000000000000000 -24.1921635583073282)
continue (180.0000000000000000 -24.1991901237365639)
continue (190.0000000000000000 -24.2059047940663845)
continue (200.0000000000000000 -24.2123382995410772)
continue (210.0000000000000000 -24.2185168792879075)
continue (220.0000000000000000 -24.2244635328292617)
continue (230.0000000000000000 -24.2301984270508655)
continue (240.0000000000000000 -24.2357386941817765)
continue (250.0000000000000000 -24.2411001521691887)
continue (260.0000000000000000 -24.2462964726259500)
continue (270.0000000000000000 -24.2513396563639958)
continue (280.0000000000000000 -24.2562409559840724)
continue (290.0000000000000000 -24.2610099274923066)
continue (300.0000000000000000 -24.2656559850763109)
continue (310.0000000000000000 -24.2701865428642449)
continue (320.0000000000000000 -24.2746091975167317)
continue (330.0000000000000000 -24.2789301234095376)
continue (340.0000000000000000 -24.2831555076466508)
continue (350.0000000000000000 -24.2872907511928666)
continue (360.0000000000000000 -24.2913417906173024)
continue (370.0000000000000000 -24.2953118814889919)
continue (380.0000000000000000 -24.2992058892717324)
continue (390.0000000000000000 -24.3030279271355099)
continue (400.0000000000000000 -24.3067812749178600)
continue (410.0000000000000000 -24.3104693164936663)
continue (420.0000000000000000 -24.3140955760907502)
continue (430.0000000000000000 -24.3176626869897383)
continue (440.0000000000000000 -24.3211733487949857)
continue (450.0000000000000000 -24.3246300889257263)
continue (460.0000000000000000 -24.3280352674484455)
continue (470.0000000000000000 -24.3313913445018457)
continue (480.0000000000000000 -24.3347000165509009)
continue (490.0000000000000000 -24.3379631487420625)
continue (500.0000000000000000 -24.3411830109014140)
continue (510.0000000000000000 -24.3443607509297983)
continue (520.0000000000000000 -24.3474987151530655)
continue (530.0000000000000000 -24.3505972781921329)
continue (540.0000000000000000 -24.3536591032238157)
continue (550.0000000000000000 -24.3566851655341985)
continue (560.0000000000000000 -24.3596766731940804)
continue (570.0000000000000000 -24.3626347723683061)
continue (580.0000000000000000 -24.3655599932029610)
continue (590.0000000000000000 -24.3684549126189012)
continue (600.0000000000000000 -24.3713195722491420)
continue (610.0000000000000000 -24.3741551990916854)
continue (620.0000000000000000 -24.3769620435697867)
continue (630.0000000000000000 -24.3797424150660866)
continue (640.0000000000000000 -24.3824962106762797)
continue (650.0000000000000000 -24.3852236753807681)
continue (660.0000000000000000 -24.3879273130468945)
continue (670.0000000000000000 -24.3906067032680447)
continue (680.0000000000000000 -24.3932620004894396)
continue (690.0000000000000000 -24.3958955304504208)
continue (700.0000000000000000 -24.3985067329885297)
continue (710.0000000000000000 -24.4010962073619275)
continue (720.0000000000000000 -24.4036649890845432)
continue (730.0000000000000000 -24.4062132878507398)
continue (740.0000000000000000 -24.4087426368755764)
continue (750.0000000000000000 -24.4112524552486043)
continue (760.0000000000000000 -24.4137432405465233)
continue (770.0000000000000000 -24.4162162860376881)
continue (780.0000000000000000 -24.4186711377699055)
continue (790.0000000000000000 -24.4211090223788645)
continue (800.0000000000000000 -24.4235296821995718)
continue (810.0000000000000000 -24.4259347813855321)
continue (820.0000000000000000 -24.4283228034928008)
continue (830.0000000000000000 -24.4306961376457075)
continue (840.0000000000000000 -24.4330533242652272)
continue (850.0000000000000000 -24.4353963664284919)
continue (860.0000000000000000 -24.4377242005233057)
continue (870.0000000000000000 -24.4400382787335744)
continue (880.0000000000000000 -24.4423379912671841)
continue (890.0000000000000000 -24.4446246141644039)
continue (900.0000000000000000 -24.4468972403965701)
continue (910.0000000000000000 -24.4491576813790701)
continue (920.0000000000000000 -24.4514044819480638)
continue (930.0000000000000000 -24.4536398174718030)
continue (940.0000000000000000 -24.4558618597136324)
continue (950.0000000000000000 -24.4580728899761937)
continue (960.0000000000000000 -24.4602716991164009)
continue (970.0000000000000000 -24.4624595060024888)
continue (980.0000000000000000 -24.4646357531147807)
continue (990.0000000000000000 -24.4668013045607857)
continue (1000.0000000000000000 -24.4689554585430606)
continue (1200.0000000000000000 -24.5100674758746493)
continue (1400.0000000000000000 -24.5481848985751228)
continue (1600.0000000000000000 -24.5840944970753803)
continue (1800.0000000000000000 -24.6183074019945494)
continue (2000.0000000000000000 -24.6511678828660408)
continue (2200.0000000000000000 -24.6829249870410159)
continue (2400.0000000000000000 -24.7137628844349919)
continue (2600.0000000000000000 -24.7438193011420431)
continue (2800.0000000000000000 -24.7731995269074332)
continue (3000.0000000000000000 -24.8019875231735334)
continue (3200.0000000000000000 -24.8302474244160933)
continue (3400.0000000000000000 -24.8580255439908200)
continue (3600.0000000000000000 -24.8853609353956600)
continue (3800.0000000000000000 -24.9122753353265871)
continue (4000.0000000000000000 -24.9387870269725909)
continue (4200.0000000000000000 -24.9649019141789239)
continue (4400.0000000000000000 -24.9906228257003988)
continue (4600.0000000000000000 -25.0159433361215378)
continue (4800.0000000000000000 -25.0408561513305798)
continue (5000.0000000000000000 -25.0653434105857542)
continue (5200.0000000000000000 -25.0893907714600424)
continue (5400.0000000000000000 -25.1129751386383653)
continue (5600.0000000000000000 -25.1360881601587245)
continue (5800.0000000000000000 -25.1587060216795919)
continue (6000.0000000000000000 -25.1808319300135608)
continue (6200.0000000000000000 -25.2024476489153635)
continue (6400.0000000000000000 -25.2235636795691818)
continue (6600.0000000000000000 -25.2441677742729595)
continue (6800.0000000000000000 -25.2642681589513316)
continue (7000.0000000000000000 -25.2838784520122317)
continue (7200.0000000000000000 -25.3029925864347298)
continue (7400.0000000000000000 -25.3216301906392793)
continue (7600.0000000000000000 -25.3397955704802023)
continue (7800.0000000000000000 -25.3575074032722050)
continue (8000.0000000000000000 -25.3747757357320474)
continue (8200.0000000000000000 -25.3916220596283075)
continue (8400.0000000000000000 -25.4080599049091056)
continue (8600.0000000000000000 -25.4241074986611082)
continue (8800.0000000000000000 -25.4397815776924361)
continue (9000.0000000000000000 -25.4550991268700706)
continue (9200.0000000000000000 -25.4700773079357532)
continue (9400.0000000000000000 -25.4847298965906788)
continue (9600.0000000000000000 -25.4990731519020137)
continue (9800.0000000000000000 -25.5131179282142071)
continue (10000.0000000000000000 -25.5268731835781217)
continue (10200.0000000000000000 -25.5403578369801565)
continue (10400.0000000000000000 -25.5535722518027626)
continue (10600.0000000000000000 -25.5665357190876996)
continue (10800.0000000000000000 -25.5792471122547482)
continue (11000.0000000000000000 -25.5917317058968052)
continue (11500.0000000000000000 -25.6219568446343438)
continue (12000.0000000000000000 -25.6508849456735781)
continue (12500.0000000000000000 -25.6786153543622895)
continue (13000.0000000000000000 -25.7052419018697513)
continue (13500.0000000000000000 -25.7308579610218757)
continue (14000.0000000000000000 -25.7555336742398069)
continue (14500.0000000000000000 -25.7793256381083573)
continue (15000.0000000000000000 -25.8023070408087030)
continue (15500.0000000000000000 -25.8245182038622936)
continue (16000.0000000000000000 -25.8460174404573131)
continue (16500.0000000000000000 -25.8668516760856413)
continue (17000.0000000000000000 -25.8870510117403754)
continue (17500.0000000000000000 -25.9066559314220655)
continue (18000.0000000000000000 -25.9257096164048093)
continue (18500.0000000000000000 -25.9442264924788795)
continue (19000.0000000000000000 -25.9622460206807446)
continue (19500.0000000000000000 -25.9797859685976427)
continue (20000.0000000000000000 -25.9968796674740474)
continue (20500.0000000000000000 -26.0135436853564599)
continue (21000.0000000000000000 -26.0297996966471743)
continue (21500.0000000000000000 -26.0456676850777775)
continue (22000.0000000000000000 -26.0611664727767618)
continue (22500.0000000000000000 -26.0763127373124632)
continue (23000.0000000000000000 -26.0911209569367273)
continue (23500.0000000000000000 -26.1056054366530041)
continue (24000.0000000000000000 -26.1197784039234975)
continue (24500.0000000000000000 -26.1336587711130726)
continue (25000.0000000000000000 -26.1472505216766287)
continue (25500.0000000000000000 -26.1605707713934486)
continue (26000.0000000000000000 -26.1736261069867915)
continue (26500.0000000000000000 -26.1864248836377875)
continue (27000.0000000000000000 -26.1989885948844865)
continue (27500.0000000000000000 -26.2113159854013062)
continue (28000.0000000000000000 -26.2234154591926156)
continue (28500.0000000000000000 -26.2352975765935454)
continue (29000.0000000000000000 -26.2469670063150069)
continue (29500.0000000000000000 -26.2584381977197694)
continue (30000.0000000000000000 -26.2697127126354886)
continue (30500.0000000000000000 -26.2807929820937538)
continue (31000.0000000000000000 -26.2916958818257314)
continue (31500.0000000000000000 -26.3024212230294765)
continue (32000.0000000000000000 -26.3129717439339679)
continue (32500.0000000000000000 -26.3233533500008114)
continue (33000.0000000000000000 -26.3335797286912410)
continue (33500.0000000000000000 -26.3436451953089161)
continue (34000.0000000000000000 -26.3535580729601975)
continue (34500.0000000000000000 -26.3633260655317230)
continue (35000.0000000000000000 -26.3729463464787379)
continue (35500.0000000000000000 -26.3824333967804030)
continue (36000.0000000000000000 -26.3917878456751929)
continue (36500.0000000000000000 -26.4010009239410053)
continue (37000.0000000000000000 -26.4100956650619914)
continue (37500.0000000000000000 -26.4190568122708136)
continue (38000.0000000000000000 -26.4279048118515405)
continue (38500.0000000000000000 -26.4366351129417509)
continue (39000.0000000000000000 -26.4452455033545775)
continue (39500.0000000000000000 -26.4537481716624647)
continue (40000.0000000000000000 -26.4621370689235107)
continue (40500.0000000000000000 -26.4704236302274474)
continue (41000.0000000000000000 -26.4786015539440918)
continue (41500.0000000000000000 -26.4866872479944604)
continue (42000.0000000000000000 -26.4946643245867719)
continue (42500.0000000000000000 -26.5025559471983065)
continue (43000.0000000000000000 -26.5103415267647939)
continue (43500.0000000000000000 -26.5180469385861599)
continue (44000.0000000000000000 -26.5256507793716167)
continue (44500.0000000000000000 -26.5331785984490054)
continue (45000.0000000000000000 -26.5406087759165814)
continue (45500.0000000000000000 -26.5479658346190348)
continue (46000.0000000000000000 -26.5552312350400932)
continue (46500.0000000000000000 -26.5624250892352300)
continue (47000.0000000000000000 -26.5695354017466556)
continue (47500.0000000000000000 -26.5765727337273958)
continue (48000.0000000000000000 -26.5835305616493969)
continue (48500.0000000000000000 -26.5904188420845919)
continue (49000.0000000000000000 -26.5972289192339346)
continue (49500.0000000000000000 -26.6039717339296331)
continue (50000.0000000000000000 -26.6106486750208333)
continue (50500.0000000000000000 -26.6172492846767028)
continue (51000.0000000000000000 -26.6237923143931567)
continue (51500.0000000000000000 -26.6302656845779140)
continue (52000.0000000000000000 -26.6366793570341045)
continue (52500.0000000000000000 -26.6430230904942782)
continue (53000.0000000000000000 -26.6493075415665324)
continue (53500.0000000000000000 -26.6555385432444041)
continue (54000.0000000000000000 -26.6617001103821210)
continue (54500.0000000000000000 -26.6678138345970375)
continue (55000.0000000000000000 -26.6738610757174008)
continue (55500.0000000000000000 -26.6798550596456607)
continue (56000.0000000000000000 -26.6858000200291450)
continue (56500.0000000000000000 -26.6916836135573128)
continue (57000.0000000000000000 -26.6975203755124646)
continue (57500.0000000000000000 -26.7032988984114823)
continue (58000.0000000000000000 -26.7090257812413761)
continue (58500.0000000000000000 -26.7147093570176679)
continue (59000.0000000000000000 -26.7203383602694942)
continue (59500.0000000000000000 -26.7259188299737929)
continue (60000.0000000000000000 -26.7314561399421287)
continue (60500.0000000000000000 -26.7369406446174480)
continue (61000.0000000000000000 -26.7423840136602493)
continue (61500.0000000000000000 -26.7477788973176231)
continue (62000.0000000000000000 -26.7531249206241206)
continue (62500.0000000000000000 -26.7584362826490896)
continue (63000.0000000000000000 -26.7636981441522721)
continue (63500.0000000000000000 -26.7689137674541264)
continue (64000.0000000000000000 -26.7740989919887866)
continue (64500.0000000000000000 -26.7792335813490610)
continue (65000.0000000000000000 -26.7843262544663538)
continue (65500.0000000000000000 -26.7893898558510770)
continue (66000.0000000000000000 -26.7944043379070997)
continue (66500.0000000000000000 -26.7993788206201415)
continue (67000.0000000000000000 -26.8043256079170469)
continue (67500.0000000000000000 -26.8092268356009420)
continue (68000.0000000000000000 -26.8140881694181914)
continue (68500.0000000000000000 -26.8189225890173049)
continue (69000.0000000000000000 -26.8237152500464191)
continue (69500.0000000000000000 -26.8284701259400684)
continue (70000.0000000000000000 -26.8331954045625345)
continue (70500.0000000000000000 -26.8378836409466466)
continue (71000.0000000000000000 -26.8425359726351189)
continue (71500.0000000000000000 -26.8471541756387815)
continue (72000.0000000000000000 -26.8517447934240501)
continue (72500.0000000000000000 -26.8562985036932282)
continue (73000.0000000000000000 -26.8608195016277804)
continue (73500.0000000000000000 -26.8653176277080590)
continue (74000.0000000000000000 -26.8697761008868241)
continue (74500.0000000000000000 -26.8742026240126712)
continue (75245.0000000000000000 -50.0000000000000000)
continue (7354000.0000000000000000 -50.0000000000000000)
f(nu) = -20.1998489104174510 at 1.0000000000000000 Ryd
