# Faucher-Giguere 2019 
# z = 0.122018
# E [Ryd] log (J_nu)
interpolate (0.0000000100 -50.0000000000)
continue (0.0121097530 -50.0000000000)
continue (0.0122320738 -28.1074813320)
continue (0.0123147229 -28.1031117191)
continue (0.0123984965 -28.0987248174)
continue (0.0124834178 -28.0942977864)
continue (0.0125695103 -28.0898273817)
continue (0.0126567986 -28.0853423481)
continue (0.0127453076 -28.0808284620)
continue (0.0128350633 -28.0762591044)
continue (0.0129260921 -28.0716721179)
continue (0.0130184214 -28.0670613814)
continue (0.0131120791 -28.0623928541)
continue (0.0132070941 -28.0576996166)
continue (0.0133034963 -28.0529843915)
continue (0.0134013161 -28.0482152514)
continue (0.0135005851 -28.0434114341)
continue (0.0136013358 -28.0385870392)
continue (0.0137036014 -28.0337109412)
continue (0.0138074166 -28.0287926440)
continue (0.0139128167 -28.0238545865)
continue (0.0140198384 -28.0188644728)
continue (0.0141285193 -28.0138282637)
continue (0.0142388984 -28.0087715035)
continue (0.0143510157 -28.0036592338)
continue (0.0144649126 -27.9985019039)
continue (0.0145806319 -27.9933209124)
continue (0.0146982177 -27.9880786380)
continue (0.0148177154 -27.9827954896)
continue (0.0149391721 -27.9774849709)
continue (0.0150626363 -27.9721042805)
continue (0.0151881583 -27.9666907288)
continue (0.0153157899 -27.9612414770)
continue (0.0154455847 -27.9557180124)
continue (0.0155775982 -27.9501676530)
continue (0.0157118879 -27.9445672271)
continue (0.0158485130 -27.9388996287)
continue (0.0159875350 -27.9332056712)
continue (0.0161290176 -27.9274388895)
continue (0.0162730267 -27.9216276289)
continue (0.0164196306 -27.9157749449)
continue (0.0165688999 -27.9098408883)
continue (0.0167209082 -27.9038766363)
continue (0.0168757314 -27.8978410416)
continue (0.0170334485 -27.8917497061)
continue (0.0171941414 -27.8856141720)
continue (0.0173578952 -27.8793916325)
continue (0.0175247980 -27.8731353582)
continue (0.0176949417 -27.8667954143)
continue (0.0178684215 -27.8604036205)
continue (0.0180453366 -27.8539512139)
continue (0.0182257899 -27.8474164920)
continue (0.0184098888 -27.8408382015)
continue (0.0185977448 -27.8341619881)
continue (0.0187894742 -27.8274440748)
continue (0.0189851978 -27.8206297375)
continue (0.0191850420 -27.8137613051)
continue (0.0193891382 -27.8068064218)
continue (0.0195976236 -27.7997810031)
continue (0.0198106412 -27.7926786685)
continue (0.0200283406 -27.7854904111)
continue (0.0202508777 -27.7782318377)
continue (0.0204784156 -27.7708748469)
continue (0.0207111249 -27.7634496301)
continue (0.0209491838 -27.7559187695)
continue (0.0211927790 -27.7483177684)
continue (0.0214421058 -27.7406067142)
continue (0.0216973690 -27.7328197202)
continue (0.0219587830 -27.7249211637)
continue (0.0222265731 -27.7169363479)
continue (0.0225009752 -27.7088443158)
continue (0.0227822374 -27.7006503180)
continue (0.0230706202 -27.6923574072)
continue (0.0233663973 -27.6839426196)
continue (0.0236698570 -27.6754386842)
continue (0.0239813025 -27.6667925467)
continue (0.0243010532 -27.6580589444)
continue (0.0246294458 -27.6491785139)
continue (0.0249668355 -27.6401878492)
continue (0.0253135971 -27.6310741061)
continue (0.0256701267 -27.6218129853)
continue (0.0260368428 -27.6124437536)
continue (0.0264141883 -27.6029103952)
continue (0.0268026322 -27.5932432754)
continue (0.0272026715 -27.5834457401)
continue (0.0276148332 -27.5734703483)
continue (0.0280396768 -27.5633530077)
continue (0.0284777968 -27.5530873327)
continue (0.0289298253 -27.5426311505)
continue (0.0293964354 -27.5320149301)
continue (0.0298783441 -27.5212375378)
continue (0.0303763165 -27.5102556046)
continue (0.0308911694 -27.4990865727)
continue (0.0314237757 -27.4877357397)
continue (0.0319750700 -27.4761869633)
continue (0.0325460534 -27.4644102880)
continue (0.0331377999 -27.4524201151)
continue (0.0337514628 -27.4402121905)
continue (0.0343882829 -27.4277800572)
continue (0.0350495960 -27.4151007132)
continue (0.0357368430 -27.4021592318)
continue (0.0364515799 -27.3889570488)
continue (0.0371954896 -27.3754854881)
continue (0.0379703957 -27.3617322579)
continue (0.0387782764 -27.3476857384)
continue (0.0396212824 -27.3333320213)
continue (0.0405017554 -27.3186570205)
continue (0.0414222498 -27.3036447944)
continue (0.0423855580 -27.2882795552)
continue (0.0433947379 -27.2725446230)
continue (0.0444531462 -27.2564221278)
continue (0.0455644748 -27.2398945036)
continue (0.0467327947 -27.2229417402)
continue (0.0479626051 -27.2055436507)
continue (0.0492588917 -27.1876756747)
continue (0.0506271942 -27.1693132364)
continue (0.0520736855 -27.1504099067)
continue (0.0536052645 -27.1309441451)
continue (0.0552296664 -27.1109033627)
continue (0.0569555935 -27.0902396450)
continue (0.0587928707 -27.0688827778)
continue (0.0607526331 -27.0468423907)
continue (0.0628475515 -27.0240192838)
continue (0.0650921069 -27.0004034960)
continue (0.0675029257 -26.9758922097)
continue (0.0700991920 -26.9504690212)
continue (0.0729031597 -26.9240105061)
continue (0.0759407914 -26.8964560186)
continue (0.0792425649 -26.8677172139)
continue (0.0828444997 -26.8376850649)
continue (0.0843786571 -26.8252926151)
continue (0.0859707072 -26.8126575923)
continue (0.0876239900 -26.7997671617)
continue (0.0893421075 -26.7866262870)
continue (0.0911289496 -26.7732241034)
continue (0.0929887241 -26.7595517768)
continue (0.0949259892 -26.7455961832)
continue (0.0969456911 -26.7313444397)
continue (0.0990532061 -26.7167798970)
continue (0.1012543885 -26.7018888453)
continue (0.1035556246 -26.6866577588)
continue (0.1059638949 -26.6710717440)
continue (0.1084868448 -26.6551140703)
continue (0.1111328654 -26.6387660161)
continue (0.1139111870 -26.6220072036)
continue (0.1168319867 -26.6048175274)
continue (0.1199065127 -26.5871806665)
continue (0.1231472292 -26.5690767501)
continue (0.1265679856 -26.5504810484)
continue (0.1301842138 -26.5313691992)
continue (0.1340131612 -26.5116894887)
continue (0.1380741661 -26.4914354574)
continue (0.1423889838 -26.4705912688)
continue (0.1469821768 -26.4490904671)
continue (0.1518815827 -26.4269166726)
continue (0.1571188787 -26.4040430967)
continue (0.1627302672 -26.3803990495)
continue (0.1687573141 -26.3559745532)
continue (0.1752479801 -26.3307142996)
continue (0.1822578993 -26.3045543198)
continue (0.1898519784 -26.2774709156)
continue (0.1981064122 -26.2494056258)
continue (0.2071112492 -26.2202923670)
continue (0.2169736896 -26.1900684775)
continue (0.2278223741 -26.1586691625)
continue (0.2398130253 -26.1260369178)
continue (0.2531359712 -26.0921134147)
continue (0.2680263224 -26.0568015262)
continue (0.2847779676 -26.0200596151)
continue (0.3037631654 -25.9817918785)
continue (0.3254605344 -25.9419509450)
continue (0.3504959601 -25.9004733414)
continue (0.3797039568 -25.8572858668)
continue (0.4142224983 -25.8123497930)
continue (0.4556447482 -25.7655840407)
continue (0.5062719424 -25.7169077235)
continue (0.5695559352 -25.6661669556)
continue (0.6509210688 -25.6131165226)
continue (0.7594079136 -25.5573310480)
continue (0.9112894963 -25.4980749842)
continue (0.9204944407 -25.4950030644)
continue (0.9298872411 -25.4919157836)
continue (0.9394737075 -25.4888187294)
continue (0.9492598920 -25.4857082159)
continue (0.9592521014 -25.4825851623)
continue (0.9694569110 -25.4794504360)
continue (0.9798811788 -25.4763002872)
continue (0.9905320612 -25.4731398714)
continue (1.0014170289 -25.4699620920)
continue (1.0125438848 -25.4667744947)
continue (1.0239207824 -25.4635684516)
continue (1.0355562458 -25.4603522990)
continue (1.0474591912 -25.4571170605)
continue (1.0596389492 -25.4538710797)
continue (1.0721052898 -25.4506054495)
continue (1.0848684480 -25.4473283011)
continue (1.0979391522 -25.4440309996)
continue (1.1113286540 -25.4407210825)
continue (1.1250487609 -25.4373908719)
continue (1.1391118704 -25.4340462382)
continue (1.1535310080 -25.4306820199)
continue (1.1683198671 -25.4273005923)
continue (1.1834928524 -25.4239011922)
continue (1.1990651267 -25.4204814164)
continue (1.2150526618 -25.4170450051)
continue (1.2314722923 -25.4135853329)
continue (1.2483417758 -25.4101085065)
continue (1.2656798560 -25.4066084620)
continue (1.2835063328 -25.4030873285)
continue (1.3018421376 -25.3995461121)
continue (1.3207094150 -25.3959793526)
continue (1.3401316122 -25.3923915246)
continue (1.3601335766 -25.3887795220)
continue (1.3807416611 -25.3851413540)
continue (1.4019838405 -25.3814803542)
continue (1.4238898380 -25.3777921283)
continue (1.4464912640 -25.3740760255)
continue (1.4698217683 -25.3703341328)
continue (1.4939172071 -25.3665637984)
continue (1.5188158272 -25.3627623142)
continue (1.5445584683 -25.3589312316)
continue (1.5711887868 -25.3550705435)
continue (1.5987535023 -25.3511759206)
continue (1.6273026720 -25.3472473273)
continue (1.6568899933 -25.3432845226)
continue (1.6875731413 -25.3392869749)
continue (1.7194141440 -25.3352525393)
continue (1.7524798006 -25.3311782070)
continue (1.7868421496 -25.3270639335)
continue (1.8225789926 -25.3229083417)
continue (1.8597744823 -25.3187099531)
continue (1.8985197840 -25.3144671380)
continue (1.9389138220 -25.3101777858)
continue (1.9810641224 -25.3058399337)
continue (2.0250877696 -25.3014514000)
continue (2.0711124916 -25.2970097802)
continue (2.1192778984 -25.2925128446)
continue (2.1697368960 -25.2879580615)
continue (2.2226573081 -25.2833425693)
continue (2.2782237408 -25.2786636176)
continue (2.3366397342 -25.2739181989)
continue (2.3981302535 -25.2691030144)
continue (2.4629445847 -25.2642147901)
continue (2.5313597120 -25.2592491895)
continue (2.6036842752 -25.2542017693)
continue (2.6802632245 -25.2490662048)
continue (2.7614833222 -25.2438402126)
continue (2.8477796760 -25.2385181105)
continue (2.9396435365 -25.2330908458)
continue (3.0376316544 -25.2275550981)
continue (3.1423775735 -25.2219017874)
continue (3.2546053440 -25.2161231710)
continue (3.3751462827 -25.2102099102)
continue (3.5049596012 -25.2041536502)
continue (3.6451579853 -25.1979400733)
continue (3.7970395680 -25.1915589125)
continue (3.9621282449 -25.1849961510)
continue (4.1422249833 -25.1782351666)
continue (4.3394737920 -25.1712573394)
continue (4.5564474816 -25.1640418493)
continue (4.7962605070 -25.1565652810)
continue (5.0627194240 -25.1488001565)
continue (5.3605264489 -25.1407109750)
continue (5.6955593520 -25.1322633026)
continue (6.0752633088 -25.1234075320)
continue (6.5092106880 -25.1140904206)
continue (7.0099192025 -25.1042448615)
continue (7.5940791360 -25.0937864285)
continue (8.2844499666 -25.0826144834)
continue (9.1128949632 -25.0705965742)
continue (9.5925210139 -25.0642185549)
continue (10.1254388480 -25.0575415727)
continue (10.7210528979 -25.0504968764)
continue (11.3911187040 -25.0429963884)
continue (12.1505266176 -25.0349085728)
continue (13.0184213760 -25.0260417132)
continue (14.0198384049 -25.0161097029)
continue (15.1881582720 -25.0046746874)
continue (16.5688999331 -24.9910580824)
continue (18.2257899264 -24.9742523425)
continue (20.2508776960 -24.9526460147)
continue (22.7822374080 -24.9236546738)
continue (26.0368427520 -24.8833428400)
continue (30.3763165440 -24.8260611116)
continue (36.4515798528 -24.7450409640)
continue (45.5644748160 -24.6345139811)
continue (60.7526330881 -24.4955394223)
continue (91.0379117204 -24.3589907311)
continue (91.1289496321 -24.3587803439)
continue (95.8243424102 -24.3490412767)
continue (101.1420084707 -24.3403219508)
continue (107.0845471588 -24.3328245373)
continue (113.7689758203 -24.3264579411)
continue (121.3434748763 -24.3209336722)
continue (129.9985016150 -24.3154864395)
continue (139.9830255485 -24.3095164124)
continue (151.6288679403 -24.3019375309)
continue (165.3882933432 -24.2905235851)
continue (181.8941110421 -24.2748888343)
continue (202.0597552818 -24.2490426344)
continue (227.2542384840 -24.0377963721)
continue (228.3933574739 -24.0547113655)
continue (228.9672101309 -24.0420215339)
continue (229.5439537332 -24.0277397913)
continue (230.1236101821 -24.0562769697)
continue (230.7062016002 -24.0443781314)
continue (231.2917503353 -24.0310494386)
continue (231.8802789621 -24.0419537184)
continue (232.4718102860 -24.0453450420)
continue (233.0663673455 -24.0328455123)
continue (233.6639734156 -24.0431774782)
continue (234.2646520105 -24.0306989312)
continue (234.2646520105 -24.0306989312)
continue (234.8684268868 -24.0343590920)
continue (235.4753220468 -24.0441093832)
continue (236.0853617412 -24.0323182589)
continue (236.6985704730 -24.0192917947)
continue (237.3149730003 -24.0427378372)
continue (237.3149730003 -24.0437759366)
continue (237.9345943397 -24.0325308388)
continue (238.5574597699 -24.0201117251)
continue (239.1835948349 -24.0068416481)
continue (239.8130253476 -24.0301073810)
continue (240.4457773934 -24.0181366564)
continue (241.0818773336 -24.0051930979)
continue (241.7213518093 -24.0265734195)
continue (242.3642277449 -24.0149820664)
continue (243.0105323523 -24.0219003611)
continue (243.0105323523 -24.0234138054)
continue (243.6602931340 -24.0122346613)
continue (244.3135378877 -24.0132066831)
continue (244.9702947099 -24.0195244445)
continue (245.6305920003 -24.0085710800)
continue (246.2944584651 -24.0086880489)
continue (246.9619231222 -24.0142034021)
continue (247.6330153046 -24.0035489152)
continue (248.3077646651 -23.9917970783)
continue (248.9862011806 -24.0082351788)
continue (249.6683551564 -23.9978722687)
continue (250.3542572310 -23.9863637540)
continue (251.0439383804 -24.0013747848)
continue (251.7374299229 -23.9912265246)
continue (252.4347635238 -23.9800036244)
continue (253.1359712003 -23.9940083882)
continue (253.8410853262 -23.9839300644)
continue (254.5501386371 -23.9871172986)
continue (255.2631642356 -23.9864101054)
continue (255.9801955958 -23.9762493278)
continue (255.9801955958 -23.9762493278)
continue (256.7012665693 -23.9826009170)
continue (257.4264113901 -23.9724482729)
continue (258.1556646802 -23.9709851388)
continue (258.8890614548 -23.9742932152)
continue (259.6266371285 -23.9640382630)
continue (260.3684275203 -23.9743779755)
continue (261.1144688599 -23.9654868786)
continue (261.8647977934 -23.9550381806)
continue (262.6194513893 -23.9647995186)
continue (263.3784671448 -23.9556009655)
continue (264.1418829916 -23.9562578497)
continue (264.9097373026 -23.9548142535)
continue (265.6820688982 -23.9454671735)
continue (266.4589170529 -23.9463034248)
continue (267.2403215018 -23.9443979570)
continue (268.0263224473 -23.9446789247)
continue (268.8169605667 -23.9357748835)
continue (269.6122770180 -23.9420719590)
continue (270.4123134484 -23.9340158663)
continue (271.2171120003 -23.9310761386)
continue (272.0267153197 -23.9313010905)
continue (272.8411665632 -23.9226978386)
continue (273.6605094057 -23.9274386296)
continue (274.4847880485 -23.9199339598)
continue (275.3140472269 -23.9179333506)
continue (276.1483322185 -23.9158494198)
continue (276.9876888514 -23.9077108689)
continue (277.8321635125 -23.9063764360)
continue (278.6818031563 -23.9038292140)
continue (279.5366553132 -23.9022874450)
continue (280.3967680988 -23.8992848200)
continue (281.2621902225 -23.8977771452)
continue (282.1329709972 -23.8901172502)
continue (283.0091603481 -23.8926300961)
continue (283.8908088227 -23.8854099276)
continue (284.7779676003 -23.8865553269)
continue (285.6706885019 -23.8799413676)
continue (286.5690240003 -23.8722033590)
continue (287.4730272306 -23.8739638305)
continue (288.3827520003 -23.8666469935)
continue (289.2982528003 -23.8640565546)
continue (290.2195848156 -23.8608589097)
continue (291.1468039364 -23.8581693296)
continue (292.0799667695 -23.8547332070)
continue (293.0191306498 -23.8520889065)
continue (293.9643536519 -23.8482813265)
continue (294.9156946023 -23.8454104906)
continue (295.8732130912 -23.8385752608)
continue (296.8369694857 -23.8381962715)
continue (297.8070249415 -23.8317555168)
continue (298.7834414167 -23.8304841192)
continue (299.7662816845 -23.8246034364)
continue (300.7556093469 -23.8235380920)
continue (301.7514888480 -23.8170246882)
continue (302.7539854887 -23.8136766602)
continue (303.7631654403 -23.5296525047)
continue (304.7790957595 -23.5225044047)
continue (305.8018444030 -23.5176006833)
continue (306.8314802428 -23.5108742606)
continue (307.8680730814 -23.5057911937)
continue (308.9116936681 -23.4991904033)
continue (309.9624137146 -23.4945126295)
continue (311.0203059116 -23.4880007103)
continue (312.0854439455 -23.4823993709)
continue (313.1579025158 -23.4771660165)
continue (314.2377573521 -23.4713658259)
continue (315.3250852322 -23.4668839883)
continue (316.4199640003 -23.4618406353)
continue (317.5224725857 -23.4574632303)
continue (318.6326910213 -23.4515018913)
continue (319.7507004635 -23.4475181992)
continue (320.8765832116 -23.4420846315)
continue (322.0104227283 -23.4373649372)
continue (323.1523036599 -23.4319593588)
continue (324.3023118580 -23.4269773042)
continue (325.4605344003 -23.4221427714)
continue (326.6270596133 -23.4173144830)
continue (327.8019770939 -23.4121489310)
continue (328.9853777332 -23.4076854175)
continue (330.1773537395 -23.4038380196)
continue (331.3779986622 -23.3994095090)
continue (332.5874074164 -23.3946573005)
continue (333.8056763080 -23.3901690943)
continue (335.0329030592 -23.3863287662)
continue (336.2691868343 -23.3815503292)
continue (337.5146282670 -23.3771328067)
continue (338.7693294874 -23.3725131617)
continue (340.0333941496 -23.3681029673)
continue (341.3069274610 -23.3634884077)
continue (342.5900362109 -23.3607740005)
continue (343.8828288004 -23.3559113713)
continue (345.1854152731 -23.3521192654)
continue (346.4979073464 -23.3475204543)
continue (347.8204184431 -23.3433837360)
continue (349.1530637245 -23.3392432487)
continue (350.4959601235 -23.3356209331)
continue (351.8492263788 -23.3313292899)
continue (353.2129830701 -23.3270463146)
continue (354.5873526541 -23.3242517650)
continue (355.9724595004 -23.3184157475)
continue (357.3684299298 -23.3125839249)
continue (358.7753922524 -23.3071978386)
continue (360.1934768067 -23.3015234986)
continue (361.6228160004 -23.2959496369)
continue (363.0635443510 -23.2904976031)
continue (364.5157985284 -23.2854152459)
continue (365.9797173980 -23.2793855092)
continue (367.4554420649 -23.2742926012)
continue (368.9431159194 -23.2680044299)
continue (370.4428846833 -23.2615263687)
continue (371.9548964575 -23.2557365401)
continue (373.4793017709 -23.2495961405)
continue (375.0162536300 -23.2436983258)
continue (376.5659075706 -23.2375190276)
continue (378.1284217099 -23.2319219152)
continue (379.7039568004 -23.2256641039)
continue (381.2926762849 -23.2206282219)
continue (382.8947463533 -23.2155655002)
continue (384.5103360004 -23.2109478679)
continue (386.1396170852 -23.2059758656)
continue (387.7827643919 -23.2010724892)
continue (389.4399556927 -23.1932654224)
continue (391.1113718116 -23.1885323227)
continue (392.7971966901 -23.1857465409)
continue (394.4976174550 -23.1808926507)
continue (396.2128244874 -23.1769836878)
continue (397.9430114939 -23.1723205604)
continue (399.6883755794 -23.1646545694)
continue (401.4491173220 -23.1605347532)
continue (403.2254408500 -23.1564899042)
continue (405.0175539204 -23.1532642245)
continue (406.8256680004 -23.1474285911)
continue (408.6499983502 -23.1385493515)
continue (410.4907641085 -23.1339688339)
continue (412.3481883805 -23.1287021575)
continue (414.2224983277 -23.1233529320)
continue (416.1139252607 -23.1172584850)
continue (418.0227047344 -23.1109111142)
continue (419.9490766456 -23.1062846275)
continue (421.8932853338 -23.1009914989)
continue (423.8555796842 -23.0958541771)
continue (425.8362132341 -23.0911425252)
continue (427.8354442821 -23.0822514464)
continue (429.8535360005 -23.0764797308)
continue (431.8907565502 -23.0729801572)
continue (433.9473792005 -23.0671019774)
continue (436.0236824502 -23.0611551451)
continue (438.1199501543 -23.0523923592)
continue (440.2364716526 -23.0474594051)
continue (442.3735419034 -23.0430112149)
continue (444.5314616200 -23.0400645064)
continue (446.7105374122 -23.0319049777)
continue (448.9110819315 -23.0267297455)
continue (451.1334140203 -23.0217433819)
continue (453.3778588662 -23.0172921779)
continue (455.6447481605 -23.0082736150)
continue (464.9436205719 -22.9879385157)
continue (477.1149195398 -22.9619733959)
continue (489.9405894199 -22.9351249485)
continue (503.4748598458 -22.9088876627)
continue (517.7781229096 -22.8834421016)
continue (532.9178341058 -22.8629570333)
continue (548.9695760970 -22.8438769684)
continue (566.0183206963 -22.8204721459)
continue (584.1599335391 -22.8014286469)
continue (603.5029776960 -22.7841472634)
continue (624.1708878911 -22.7734282732)
continue (646.3046073198 -22.7586674773)
continue (670.0658061184 -22.7476972095)
continue (695.6408368862 -22.7398459044)
continue (723.2456320008 -22.7330020990)
continue (753.1318151413 -22.7286660555)
continue (785.5943933801 -22.7257159629)
continue (820.9815282171 -22.7196804527)
continue (859.7070720009 -22.7012298765)
continue (902.2668280406 -22.6855818922)
continue (959.2521013905 -21.8722551834)
continue (1012.5438848011 -21.6373500279)
continue (1072.1052897894 -21.4577633440)
continue (1139.1118704012 -21.2984942786)
continue (1215.0526617613 -21.1676843398)
continue (1301.8421376014 -20.9594082653)
continue (1401.9838404938 -20.8574385311)
continue (1518.8158272016 -20.7669037393)
continue (1656.8899933109 -20.6552922384)
continue (1822.5789926419 -20.5787565359)
continue (2025.0877696022 -20.4759059263)
continue (2278.2237408024 -20.3966062780)
continue (2603.6842752028 -20.2920926279)
continue (3037.6316544032 -20.2284349249)
continue (3645.1579852839 -20.1771026009)
continue (4556.4474816048 -20.1463588156)
continue (6075.2633088065 -20.1174989318)
continue (9112.8949632097 -20.0952383971)
continue (9204.0239128418 -50.0000000000)
continue (7354000.0000000000 -50.0000000000)
f(nu) = -24.3711639572 at 1.0000000000 Ryd
