# Faucher-Giguere 2019 
# z = 1.238721
# E [Ryd] log (J_nu)
interpolate (0.0000000100 -50.0000000000)
continue (0.0121097530 -50.0000000000)
continue (0.0122320738 -27.0468330659)
continue (0.0123147229 -27.0424206048)
continue (0.0123984965 -27.0379739486)
continue (0.0124834178 -27.0334808512)
continue (0.0125695103 -27.0289724382)
continue (0.0126567986 -27.0244356124)
continue (0.0127453076 -27.0198467049)
continue (0.0128350633 -27.0152363356)
continue (0.0129260921 -27.0105999135)
continue (0.0130184214 -27.0059159771)
continue (0.0131120791 -27.0011997825)
continue (0.0132070941 -26.9964604312)
continue (0.0133034963 -26.9916759687)
continue (0.0134013161 -26.9868494754)
continue (0.0135005851 -26.9820023942)
continue (0.0136013358 -26.9771121310)
continue (0.0137036014 -26.9721716538)
continue (0.0138074166 -26.9672116320)
continue (0.0139128167 -26.9622089150)
continue (0.0140198384 -26.9571508110)
continue (0.0141285193 -26.9520726539)
continue (0.0142388984 -26.9469495999)
continue (0.0143510157 -26.9417702629)
continue (0.0144649126 -26.9365691212)
continue (0.0145806319 -26.9313175242)
continue (0.0146982177 -26.9260135095)
continue (0.0148177154 -26.9206830637)
continue (0.0149391721 -26.9152956986)
continue (0.0150626363 -26.9098620445)
continue (0.0151881583 -26.9043953566)
continue (0.0153157899 -26.8988649723)
continue (0.0154455847 -26.8932955870)
continue (0.0155775982 -26.8876863795)
continue (0.0157118879 -26.8820050274)
continue (0.0158485130 -26.8762926255)
continue (0.0159875350 -26.8705247124)
continue (0.0161290176 -26.8646952602)
continue (0.0162730267 -26.8588302054)
continue (0.0164196306 -26.8528932352)
continue (0.0165688999 -26.8469122873)
continue (0.0167209082 -26.8408799944)
continue (0.0168757314 -26.8347711572)
continue (0.0170334485 -26.8286268898)
continue (0.0171941414 -26.8224050970)
continue (0.0173578952 -26.8161341947)
continue (0.0175247980 -26.8098028163)
continue (0.0176949417 -26.8033967488)
continue (0.0178684215 -26.7969461901)
continue (0.0180453366 -26.7904064619)
continue (0.0182257899 -26.7838216326)
continue (0.0184098888 -26.7771547350)
continue (0.0185977448 -26.7704265837)
continue (0.0187894742 -26.7636279985)
continue (0.0189851978 -26.7567499454)
continue (0.0191850420 -26.7498137165)
continue (0.0193891382 -26.7427795736)
continue (0.0195976236 -26.7356934711)
continue (0.0198106412 -26.7285025329)
continue (0.0200283406 -26.7212572007)
continue (0.0202508777 -26.7139069295)
continue (0.0204784156 -26.7064945729)
continue (0.0207111249 -26.6989762271)
continue (0.0209491838 -26.6913897407)
continue (0.0211927790 -26.6836941365)
continue (0.0214421058 -26.6759261097)
continue (0.0216973690 -26.6680439840)
continue (0.0219587830 -26.6600869625)
continue (0.0222265731 -26.6520085876)
continue (0.0225009752 -26.6438549389)
continue (0.0227822374 -26.6355712352)
continue (0.0230706202 -26.6272060039)
continue (0.0233663973 -26.6187097055)
continue (0.0236698570 -26.6101150367)
continue (0.0239813025 -26.6014019529)
continue (0.0243010532 -26.5925669783)
continue (0.0246294458 -26.5836242682)
continue (0.0249668355 -26.5745381386)
continue (0.0253135971 -26.5653465507)
continue (0.0256701267 -26.5560051259)
continue (0.0260368428 -26.5465320683)
continue (0.0264141883 -26.5369333536)
continue (0.0268026322 -26.5271723845)
continue (0.0272026715 -26.5172754767)
continue (0.0276148332 -26.5072307466)
continue (0.0280396768 -26.4970145871)
continue (0.0284777968 -26.4866501550)
continue (0.0289298253 -26.4761210979)
continue (0.0293964354 -26.4654068393)
continue (0.0298783441 -26.4545229323)
continue (0.0303763165 -26.4434675289)
continue (0.0308911694 -26.4322036640)
continue (0.0314237757 -26.4207451910)
continue (0.0319750700 -26.4090939548)
continue (0.0325460534 -26.3972391330)
continue (0.0331377999 -26.3851507623)
continue (0.0337514628 -26.3728371345)
continue (0.0343882829 -26.3602922076)
continue (0.0350495960 -26.3475110846)
continue (0.0357368430 -26.3344821276)
continue (0.0364515799 -26.3211799953)
continue (0.0371954896 -26.3076030859)
continue (0.0379703957 -26.2937418358)
continue (0.0387782764 -26.2795846236)
continue (0.0396212824 -26.2651188167)
continue (0.0405017554 -26.2503302268)
continue (0.0414222498 -26.2352042599)
continue (0.0423855580 -26.2197257146)
continue (0.0433947379 -26.2038778960)
continue (0.0444531462 -26.1876426151)
continue (0.0455644748 -26.1710007024)
continue (0.0467327947 -26.1539317438)
continue (0.0479626051 -26.1364140531)
continue (0.0492588917 -26.1184225688)
continue (0.0506271942 -26.0999179372)
continue (0.0520736855 -26.0808867178)
continue (0.0536052645 -26.0613077847)
continue (0.0552296664 -26.0411388543)
continue (0.0569555935 -26.0203202767)
continue (0.0587928707 -25.9988464769)
continue (0.0607526331 -25.9766608590)
continue (0.0628475515 -25.9536996917)
continue (0.0650921069 -25.9299382534)
continue (0.0675029257 -25.9052873099)
continue (0.0700991920 -25.8796964306)
continue (0.0729031597 -25.8531046498)
continue (0.0759407914 -25.8253955777)
continue (0.0792425649 -25.7964944785)
continue (0.0828444997 -25.7662956073)
continue (0.0843786571 -25.7538239932)
continue (0.0859707072 -25.7411241575)
continue (0.0876239900 -25.7281824449)
continue (0.0893421075 -25.7149742996)
continue (0.0911289496 -25.7015012124)
continue (0.0929887241 -25.6877543894)
continue (0.0949259892 -25.6737215900)
continue (0.0969456911 -25.6593919887)
continue (0.0990532061 -25.6447538440)
continue (0.1012543885 -25.6297888042)
continue (0.1035556246 -25.6144840248)
continue (0.1059638949 -25.5988231470)
continue (0.1084868448 -25.5827893134)
continue (0.1111328654 -25.5663650668)
continue (0.1139111870 -25.5495304097)
continue (0.1168319867 -25.5322724624)
continue (0.1199065127 -25.5145713113)
continue (0.1231472292 -25.4964075026)
continue (0.1265679856 -25.4777640117)
continue (0.1301842138 -25.4586096275)
continue (0.1340131612 -25.4389454348)
continue (0.1380741661 -25.4187627950)
continue (0.1423889838 -25.3980324968)
continue (0.1469821768 -25.3767362012)
continue (0.1518815827 -25.3548890451)
continue (0.1571188787 -25.3324528148)
continue (0.1627302672 -25.3094488078)
continue (0.1687573141 -25.2858491221)
continue (0.1752479801 -25.2616780408)
continue (0.1822578993 -25.2369247791)
continue (0.1898519784 -25.2115998813)
continue (0.1981064122 -25.1857146107)
continue (0.2071112492 -25.1592804295)
continue (0.2169736896 -25.1323019992)
continue (0.2278223741 -25.1047884614)
continue (0.2398130253 -25.0767454916)
continue (0.2531359712 -25.0481725581)
continue (0.2680263224 -25.0190613464)
continue (0.2847779676 -24.9894066898)
continue (0.3037631654 -24.9591847846)
continue (0.3254605344 -24.9283566630)
continue (0.3504959601 -24.8968707634)
continue (0.3797039568 -24.8646586259)
continue (0.4142224983 -24.8316171452)
continue (0.4556447482 -24.7976160295)
continue (0.5062719424 -24.7624724532)
continue (0.5695559352 -24.7259391403)
continue (0.6509210688 -24.6876701837)
continue (0.7594079136 -24.6471538237)
continue (0.9112894963 -24.6036026587)
continue (0.9204944407 -24.6013251896)
continue (0.9298872411 -24.5990364548)
continue (0.9394737075 -24.5967377661)
continue (0.9492598920 -24.5944257713)
continue (0.9592521014 -24.5921043345)
continue (0.9694569110 -24.5897690393)
continue (0.9798811788 -24.5874236744)
continue (0.9905320612 -24.5850644082)
continue (1.0014170289 -24.5826938002)
continue (1.0125438848 -24.5803093129)
continue (1.0239207824 -24.5779126583)
continue (1.0355562458 -24.5755017448)
continue (1.0474591912 -24.5730778735)
continue (1.0596389492 -24.5706392620)
continue (1.0721052898 -24.5681870379)
continue (1.0848684480 -24.5657193306)
continue (1.0979391522 -24.5632374900)
continue (1.1113286540 -24.5607392949)
continue (1.1250487609 -24.5582264956)
continue (1.1391118704 -24.5556960454)
continue (1.1535310080 -24.5531509614)
continue (1.1683198671 -24.5505869665)
continue (1.1834928524 -24.5480074255)
continue (1.1990651267 -24.5454085174)
continue (1.2150526618 -24.5427918686)
continue (1.2314722923 -24.5401567373)
continue (1.2483417758 -24.5375014563)
continue (1.2656798560 -24.5348280053)
continue (1.2835063328 -24.5321323714)
continue (1.3018421376 -24.5294166728)
continue (1.3207094150 -24.5266796799)
continue (1.3401316122 -24.5239195034)
continue (1.3601335766 -24.5211380205)
continue (1.3807416611 -24.5183320998)
continue (1.4019838405 -24.5155015620)
continue (1.4238898380 -24.5126475935)
continue (1.4464912640 -24.5097668356)
continue (1.4698217683 -24.5068592008)
continue (1.4939172071 -24.5039252027)
continue (1.5188158272 -24.5009628316)
continue (1.5445584683 -24.4979705434)
continue (1.5711887868 -24.4949481386)
continue (1.5987535023 -24.4918953707)
continue (1.6273026720 -24.4888098378)
continue (1.6568899933 -24.4856903988)
continue (1.6875731413 -24.4825361096)
continue (1.7194141440 -24.4793464380)
continue (1.7524798006 -24.4761197135)
continue (1.7868421496 -24.4728539498)
continue (1.8225789926 -24.4695473626)
continue (1.8597744823 -24.4661989540)
continue (1.8985197840 -24.4628068736)
continue (1.9389138220 -24.4593693282)
continue (1.9810641224 -24.4558844085)
continue (2.0250877696 -24.4523501886)
continue (2.0711124916 -24.4487642772)
continue (2.1192778984 -24.4451242532)
continue (2.1697368960 -24.4414275858)
continue (2.2226573081 -24.4376716126)
continue (2.2782237408 -24.4338536341)
continue (2.3366397342 -24.4299703811)
continue (2.3981302535 -24.4260183934)
continue (2.4629445847 -24.4219941384)
continue (2.5313597120 -24.4178934657)
continue (2.6036842752 -24.4137115002)
continue (2.6802632245 -24.4094450425)
continue (2.7614833222 -24.4050887184)
continue (2.8477796760 -24.4006358787)
continue (2.9396435365 -24.3960814681)
continue (3.0376316544 -24.3914194048)
continue (3.1423775735 -24.3866401446)
continue (3.2546053440 -24.3817388480)
continue (3.3751462827 -24.3767034049)
continue (3.5049596012 -24.3715261031)
continue (3.6451579853 -24.3661955509)
continue (3.7970395680 -24.3606983120)
continue (3.9621282449 -24.3550212049)
continue (4.1422249833 -24.3491485688)
continue (4.3394737920 -24.3430626061)
continue (4.5564474816 -24.3367429096)
continue (4.7962605070 -24.3301660247)
continue (5.0627194240 -24.3233043087)
continue (5.3605264489 -24.3161271485)
continue (5.6955593520 -24.3085973857)
continue (6.0752633088 -24.3006727402)
continue (6.5092106880 -24.2923009240)
continue (7.0099192025 -24.2834208514)
continue (7.5940791360 -24.2739607074)
continue (8.2844499666 -24.2638312201)
continue (9.1128949632 -24.2529285219)
continue (9.5925210139 -24.2471438329)
continue (10.1254388480 -24.2409956270)
continue (10.7210528979 -24.2342056358)
continue (11.3911187040 -24.2263376048)
continue (12.1505266176 -24.2167945497)
continue (13.0184213760 -24.2047100455)
continue (14.0198384049 -24.1889119882)
continue (15.1881582720 -24.1678831705)
continue (16.5688999331 -24.1398070191)
continue (18.2257899264 -24.1031768627)
continue (20.2508776960 -24.0567191716)
continue (22.7822374080 -23.9995915896)
continue (26.0368427520 -23.9314422241)
continue (30.3763165440 -23.8526243134)
continue (36.4515798528 -23.7649561368)
continue (45.5644748160 -23.6748908619)
continue (60.7526330881 -23.6002273250)
continue (91.0379117204 -23.5506212024)
continue (91.1289496321 -23.5504851417)
continue (95.8243424102 -23.5431361078)
continue (101.1420084707 -23.5338504280)
continue (107.0845471588 -23.5225237717)
continue (113.7689758203 -23.5082082979)
continue (121.3434748763 -23.4911734660)
continue (129.9985016150 -23.4704721964)
continue (139.9830255485 -23.4462974605)
continue (151.6288679403 -23.4201147740)
continue (165.3882933432 -23.3898616971)
continue (181.8941110421 -23.3586373408)
continue (202.0597552818 -23.3106964874)
continue (227.2542384840 -22.9130097584)
continue (228.3933574739 -22.9783982893)
continue (228.9672101309 -22.9653760852)
continue (229.5439537332 -22.9518418236)
continue (230.1236101821 -22.9377305621)
continue (230.7062016002 -22.9228735772)
continue (231.2917503353 -22.9075590497)
continue (231.8802789621 -22.8917495776)
continue (232.4718102860 -22.8750615842)
continue (233.0663673455 -22.9331131473)
continue (233.6639734156 -22.9222046219)
continue (234.2646520105 -22.9107973940)
continue (234.2646520105 -22.9107973940)
continue (234.8684268868 -22.9053609010)
continue (235.4753220468 -22.8931222896)
continue (236.0853617412 -22.8802534161)
continue (236.6985704730 -22.8667715294)
continue (237.3149730003 -22.8615094090)
continue (237.3149730003 -22.8615094090)
continue (237.9345943397 -22.8477313943)
continue (238.5574597699 -22.8827778698)
continue (239.1835948349 -22.8731307035)
continue (239.8130253476 -22.8708918895)
continue (240.4457773934 -22.8604535763)
continue (241.0818773336 -22.8493571561)
continue (241.7213518093 -22.8377525882)
continue (242.3642277449 -22.8304938977)
continue (243.0105323523 -22.8243812034)
continue (243.0105323523 -22.8243812034)
continue (243.6602931340 -22.8482718007)
continue (244.3135378877 -22.8416451993)
continue (244.9702947099 -22.8330668726)
continue (245.6305920003 -22.8293534339)
continue (246.2944584651 -22.8196932594)
continue (246.9619231222 -22.8145339855)
continue (247.6330153046 -22.8029840603)
continue (248.3077646651 -22.7857921325)
continue (248.9862011806 -22.8026850392)
continue (249.6683551564 -22.7952938179)
continue (250.3542572310 -22.7924195061)
continue (251.0439383804 -22.7842974142)
continue (251.7374299229 -22.7790764446)
continue (252.4347635238 -22.7691139973)
continue (253.1359712003 -22.7599676318)
continue (253.8410853262 -22.7629638024)
continue (254.5501386371 -22.7565880139)
continue (255.2631642356 -22.7499992729)
continue (255.9801955958 -22.7474160987)
continue (255.9801955958 -22.7474160987)
continue (256.7012665693 -22.7640273793)
continue (257.4264113901 -22.7548200672)
continue (258.1556646802 -22.7469726847)
continue (258.8890614548 -22.7471623388)
continue (259.6266371285 -22.7406742510)
continue (260.3684275203 -22.7351201059)
continue (261.1144688599 -22.7344864414)
continue (261.8647977934 -22.7274647982)
continue (262.6194513893 -22.7173187519)
continue (263.3784671448 -22.7096492822)
continue (264.1418829916 -22.7114460123)
continue (264.9097373026 -22.7025495192)
continue (265.6820688982 -22.6962152065)
continue (266.4589170529 -22.6957227046)
continue (267.2403215018 -22.6882473800)
continue (268.0263224473 -22.6800012713)
continue (268.8169605667 -22.6741305914)
continue (269.6122770180 -22.6726301454)
continue (270.4123134484 -22.6642956521)
continue (271.2171120003 -22.6593523085)
continue (272.0267153197 -22.6565479679)
continue (272.8411665632 -22.6503888556)
continue (273.6605094057 -22.6455166929)
continue (274.4847880485 -22.6400753730)
continue (275.3140472269 -22.6314343114)
continue (276.1483322185 -22.6268052312)
continue (276.9876888514 -22.6251336034)
continue (277.8321635125 -22.6205399005)
continue (278.6818031563 -22.6158682360)
continue (279.5366553132 -22.6102960531)
continue (280.3967680988 -22.6049319942)
continue (281.2621902225 -22.5968019733)
continue (282.1329709972 -22.5910967269)
continue (283.0091603481 -22.5897721112)
continue (283.8908088227 -22.5862632517)
continue (284.7779676003 -22.5804419290)
continue (285.6706885019 -22.5747510132)
continue (286.5690240003 -22.5675795590)
continue (287.4730272306 -22.5616179701)
continue (288.3827520003 -22.5610677417)
continue (289.2982528003 -22.5572895454)
continue (290.2195848156 -22.5519897341)
continue (291.1468039364 -22.5486808973)
continue (292.0799667695 -22.5389382384)
continue (293.0191306498 -22.5368553421)
continue (293.9643536519 -22.5327965143)
continue (294.9156946023 -22.5290158181)
continue (295.8732130912 -22.5240985937)
continue (296.8369694857 -22.5175807232)
continue (297.8070249415 -22.5122603248)
continue (298.7834414167 -22.5082872292)
continue (299.7662816845 -22.5047428953)
continue (300.7556093469 -22.5000606218)
continue (301.7514888480 -22.4969541921)
continue (302.7539854887 -22.4914374026)
continue (303.7631654403 -21.9080962103)
continue (304.7790957595 -21.9048543338)
continue (305.8018444030 -21.9011229106)
continue (306.8314802428 -21.8989358382)
continue (307.8680730814 -21.8958558215)
continue (308.9116936681 -21.8929150771)
continue (309.9624137146 -21.8898627658)
continue (311.0203059116 -21.8944782221)
continue (312.0854439455 -21.8918981016)
continue (313.1579025158 -21.8890305085)
continue (314.2377573521 -21.8871978929)
continue (315.3250852322 -21.8837945998)
continue (316.4199640003 -21.8821621411)
continue (317.5224725857 -21.8799508738)
continue (318.6326910213 -21.8835486109)
continue (319.7507004635 -21.8815915577)
continue (320.8765832116 -21.8787831427)
continue (322.0104227283 -21.8757672866)
continue (323.1523036599 -21.8751460018)
continue (324.3023118580 -21.8722207239)
continue (325.4605344003 -21.8774148255)
continue (326.6270596133 -21.8738110892)
continue (327.8019770939 -21.8713998987)
continue (328.9853777332 -21.8697382631)
continue (330.1773537395 -21.8690431245)
continue (331.3779986622 -21.8733052713)
continue (332.5874074164 -21.8712168015)
continue (333.8056763080 -21.8698975362)
continue (335.0329030592 -21.8676506319)
continue (336.2691868343 -21.8684325572)
continue (337.5146282670 -21.8655016179)
continue (338.7693294874 -21.8700554789)
continue (340.0333941496 -21.8677438504)
continue (341.3069274610 -21.8672805524)
continue (342.5900362109 -21.8672635598)
continue (343.8828288004 -21.8654400132)
continue (345.1854152731 -21.8700242638)
continue (346.4979073464 -21.8678674665)
continue (347.8204184431 -21.8669989651)
continue (349.1530637245 -21.8677698066)
continue (350.4959601235 -21.8661756132)
continue (351.8492263788 -21.8642538695)
continue (353.2129830701 -21.8688082353)
continue (354.5873526541 -21.8698974915)
continue (355.9724595004 -21.8684136632)
continue (357.3684299298 -21.8670371915)
continue (358.7753922524 -21.8660624989)
continue (360.1934768067 -21.8718076108)
continue (361.6228160004 -21.8727131107)
continue (363.0635443510 -21.8727806872)
continue (364.5157985284 -21.8717784500)
continue (365.9797173980 -21.8783335769)
continue (367.4554420649 -21.8785714760)
continue (368.9431159194 -21.8778576872)
continue (370.4428846833 -21.8777520202)
continue (371.9548964575 -21.8774845068)
continue (373.4793017709 -21.8854395720)
continue (375.0162536300 -21.8844331724)
continue (376.5659075706 -21.8840542139)
continue (378.1284217099 -21.8832076873)
continue (379.7039568004 -21.8917782737)
continue (381.2926762849 -21.8918079863)
continue (382.8947463533 -21.8914368677)
continue (384.5103360004 -21.8904193886)
continue (386.1396170852 -21.8919607230)
continue (387.7827643919 -21.8992841232)
continue (389.4399556927 -21.8999784094)
continue (391.1113718116 -21.8994145588)
continue (392.7971966901 -21.9010471840)
continue (394.4976174550 -21.9078988658)
continue (396.2128244874 -21.9083466677)
continue (397.9430114939 -21.9083918573)
continue (399.6883755794 -21.9097567322)
continue (401.4491173220 -21.9168953477)
continue (403.2254408500 -21.9159745977)
continue (405.0175539204 -21.9179808942)
continue (406.8256680004 -21.9183530798)
continue (408.6499983502 -21.9255101721)
continue (410.4907641085 -21.9248774824)
continue (412.3481883805 -21.9254653234)
continue (414.2224983277 -21.9324475290)
continue (416.1139252607 -21.9344152591)
continue (418.0227047344 -21.9364660743)
continue (419.9490766456 -21.9366256774)
continue (421.8932853338 -21.9416837932)
continue (423.8555796842 -21.9427515800)
continue (425.8362132341 -21.9452805587)
continue (427.8354442821 -21.9463153262)
continue (429.8535360005 -21.9520006044)
continue (431.8907565502 -21.9519623688)
continue (433.9473792005 -21.9536042543)
continue (436.0236824502 -21.9604648738)
continue (438.1199501543 -21.9611052629)
continue (440.2364716526 -21.9600696292)
continue (442.3735419034 -21.9669364157)
continue (444.5314616200 -21.9692345932)
continue (446.7105374122 -21.9705294204)
continue (448.9110819315 -21.9742161918)
continue (451.1334140203 -21.9756557357)
continue (453.3778588662 -21.9763173883)
continue (455.6447481605 -21.9839532480)
continue (464.9436205719 -21.9862909243)
continue (477.1149195398 -21.9953826977)
continue (489.9405894199 -22.0002707529)
continue (503.4748598458 -22.0022893128)
continue (517.7781229096 -22.0025722610)
continue (532.9178341058 -21.9987586617)
continue (548.9695760970 -21.9945723409)
continue (566.0183206963 -21.9865566969)
continue (584.1599335391 -21.9699535194)
continue (603.5029776960 -21.9541309826)
continue (624.1708878911 -21.9447009848)
continue (646.3046073198 -21.9246103404)
continue (670.0658061184 -21.9058006304)
continue (695.6408368862 -21.8898295737)
continue (723.2456320008 -21.8596614963)
continue (753.1318151413 -21.8373465951)
continue (785.5943933801 -21.8134365901)
continue (820.9815282171 -21.7783578672)
continue (859.7070720009 -21.7364638777)
continue (902.2668280406 -21.6896466298)
continue (959.2521013905 -20.7811895327)
continue (1012.5438848011 -20.4527015228)
continue (1072.1052897894 -20.1921039079)
continue (1139.1118704012 -20.0515233816)
continue (1215.0526617613 -19.9723418330)
continue (1301.8421376014 -19.7396211162)
continue (1401.9838404938 -19.6375285608)
continue (1518.8158272016 -19.5839799373)
continue (1656.8899933109 -19.5340600876)
continue (1822.5789926419 -19.4847480241)
continue (2025.0877696022 -19.4520207751)
continue (2278.2237408024 -19.4280295314)
continue (2603.6842752028 -19.4084990666)
continue (3037.6316544032 -19.4172914619)
continue (3645.1579852839 -19.4280465700)
continue (4556.4474816048 -19.4016837043)
continue (6075.2633088065 -19.3722019730)
continue (9112.8949632097 -19.3362750973)
continue (9204.0239128418 -50.0000000000)
continue (7354000.0000000000 -50.0000000000)
f(nu) = -23.4837910842 at 1.0000000000 Ryd
