# Faucher-Giguere 2019 
# z = 1.511886
# E [Ryd] log (J_nu)
interpolate (0.0000000100 -50.0000000000)
continue (0.0121097530 -50.0000000000)
continue (0.0122320738 -26.9426093773)
continue (0.0123147229 -26.9381893958)
continue (0.0123984965 -26.9337340929)
continue (0.0124834178 -26.9292417110)
continue (0.0125695103 -26.9247247091)
continue (0.0126567986 -26.9201780280)
continue (0.0127453076 -26.9155896694)
continue (0.0128350633 -26.9109736076)
continue (0.0129260921 -26.9063289925)
continue (0.0130184214 -26.9016408269)
continue (0.0131120791 -26.8969218124)
continue (0.0132070941 -26.8921739943)
continue (0.0133034963 -26.8873824097)
continue (0.0134013161 -26.8825554689)
continue (0.0135005851 -26.8776998094)
continue (0.0136013358 -26.8728011223)
continue (0.0137036014 -26.8678612751)
continue (0.0138074166 -26.8628920298)
continue (0.0139128167 -26.8578802958)
continue (0.0140198384 -26.8528232325)
continue (0.0141285193 -26.8477357516)
continue (0.0142388984 -26.8426037532)
continue (0.0143510157 -26.8374250844)
continue (0.0144649126 -26.8322145360)
continue (0.0145806319 -26.8269544785)
continue (0.0146982177 -26.8216496558)
continue (0.0148177154 -26.8163099069)
continue (0.0149391721 -26.8109157453)
continue (0.0150626363 -26.8054793789)
continue (0.0151881583 -26.8000028538)
continue (0.0153157899 -26.7944687896)
continue (0.0154455847 -26.7888922233)
continue (0.0155775982 -26.7832725331)
continue (0.0157118879 -26.7775921637)
continue (0.0158485130 -26.7718716270)
continue (0.0159875350 -26.7660944759)
continue (0.0161290176 -26.7602633980)
continue (0.0162730267 -26.7543879818)
continue (0.0164196306 -26.7484476412)
continue (0.0165688999 -26.7424585968)
continue (0.0167209082 -26.7364165908)
continue (0.0168757314 -26.7303077380)
continue (0.0170334485 -26.7241525508)
continue (0.0171941414 -26.7179271620)
continue (0.0173578952 -26.7116485923)
continue (0.0175247980 -26.7053077450)
continue (0.0176949417 -26.6988996944)
continue (0.0178684215 -26.6924359738)
continue (0.0180453366 -26.6858968409)
continue (0.0182257899 -26.6793018462)
continue (0.0184098888 -26.6726289768)
continue (0.0185977448 -26.6658935846)
continue (0.0187894742 -26.6590857597)
continue (0.0189851978 -26.6522039144)
continue (0.0191850420 -26.6452552062)
continue (0.0193891382 -26.6382208209)
continue (0.0195976236 -26.6311206871)
continue (0.0198106412 -26.6239309507)
continue (0.0200283406 -26.6166727016)
continue (0.0202508777 -26.6093205052)
continue (0.0204784156 -26.6018959653)
continue (0.0207111249 -26.5943743274)
continue (0.0209491838 -26.5867764781)
continue (0.0211927790 -26.5790773489)
continue (0.0214421058 -26.5712978866)
continue (0.0216973690 -26.5634130156)
continue (0.0219587830 -26.5554432734)
continue (0.0222265731 -26.5473629475)
continue (0.0225009752 -26.5391932021)
continue (0.0227822374 -26.5309087286)
continue (0.0230706202 -26.5225289415)
continue (0.0233663973 -26.5140296412)
continue (0.0236698570 -26.5054246963)
continue (0.0239813025 -26.4967064851)
continue (0.0243010532 -26.4878641945)
continue (0.0246294458 -26.4789099076)
continue (0.0249668355 -26.4698199422)
continue (0.0253135971 -26.4606140923)
continue (0.0256701267 -26.4512677730)
continue (0.0260368428 -26.4417881090)
continue (0.0264141883 -26.4321760106)
continue (0.0268026322 -26.4224113078)
continue (0.0272026715 -26.4125038690)
continue (0.0276148332 -26.4024492035)
continue (0.0280396768 -26.3922281333)
continue (0.0284777968 -26.3818519669)
continue (0.0289298253 -26.3713129181)
continue (0.0293964354 -26.3605927428)
continue (0.0298783441 -26.3496996355)
continue (0.0303763165 -26.3386289527)
continue (0.0308911694 -26.3273617350)
continue (0.0314237757 -26.3158957113)
continue (0.0319750700 -26.3042322953)
continue (0.0325460534 -26.2923630185)
continue (0.0331377999 -26.2802699853)
continue (0.0337514628 -26.2679478973)
continue (0.0343882829 -26.2553949504)
continue (0.0350495960 -26.2426005741)
continue (0.0357368430 -26.2295572670)
continue (0.0364515799 -26.2162468960)
continue (0.0371954896 -26.2026621484)
continue (0.0379703957 -26.1887906212)
continue (0.0387782764 -26.1746232927)
continue (0.0396212824 -26.1601483746)
continue (0.0405017554 -26.1453493832)
continue (0.0414222498 -26.1302130723)
continue (0.0423855580 -26.1147235293)
continue (0.0433947379 -26.0988640091)
continue (0.0444531462 -26.0826169767)
continue (0.0455644748 -26.0659618546)
continue (0.0467327947 -26.0488816674)
continue (0.0479626051 -26.0313505160)
continue (0.0492588917 -26.0133430325)
continue (0.0506271942 -25.9948299378)
continue (0.0520736855 -25.9757912929)
continue (0.0536052645 -25.9561954493)
continue (0.0552296664 -25.9360096147)
continue (0.0569555935 -25.9151846596)
continue (0.0587928707 -25.8936954571)
continue (0.0607526331 -25.8714939544)
continue (0.0628475515 -25.8485233418)
continue (0.0650921069 -25.8247436684)
continue (0.0675029257 -25.8000810445)
continue (0.0700991920 -25.7744775808)
continue (0.0729031597 -25.7478644513)
continue (0.0759407914 -25.7201452281)
continue (0.0792425649 -25.6912280318)
continue (0.0828444997 -25.6610155578)
continue (0.0843786571 -25.6485385888)
continue (0.0859707072 -25.6358283406)
continue (0.0876239900 -25.6228763374)
continue (0.0893421075 -25.6096653131)
continue (0.0911289496 -25.5961877453)
continue (0.0929887241 -25.5824342007)
continue (0.0949259892 -25.5683962283)
continue (0.0969456911 -25.5540606906)
continue (0.0990532061 -25.5394133719)
continue (0.1012543885 -25.5244413507)
continue (0.1035556246 -25.5091286508)
continue (0.1059638949 -25.4934605016)
continue (0.1084868448 -25.4774199908)
continue (0.1111328654 -25.4609883120)
continue (0.1139111870 -25.4441485842)
continue (0.1168319867 -25.4268826685)
continue (0.1199065127 -25.4091738013)
continue (0.1231472292 -25.3910095355)
continue (0.1265679856 -25.3723661558)
continue (0.1301842138 -25.3532291263)
continue (0.1340131612 -25.3335927234)
continue (0.1380741661 -25.3134474955)
continue (0.1423889838 -25.2927747730)
continue (0.1469821768 -25.2715674636)
continue (0.1518815827 -25.2498314789)
continue (0.1571188787 -25.2275484751)
continue (0.1627302672 -25.2047338474)
continue (0.1687573141 -25.1813772302)
continue (0.1752479801 -25.1574984096)
continue (0.1822578993 -25.1331041435)
continue (0.1898519784 -25.1082049524)
continue (0.1981064122 -25.0828214084)
continue (0.2071112492 -25.0569629691)
continue (0.2169736896 -25.0306403400)
continue (0.2278223741 -25.0038601690)
continue (0.2398130253 -24.9766279048)
continue (0.2531359712 -24.9489376724)
continue (0.2680263224 -24.9207796847)
continue (0.2847779676 -24.8921374746)
continue (0.3037631654 -24.8629809856)
continue (0.3254605344 -24.8332652296)
continue (0.3504959601 -24.8029312893)
continue (0.3797039568 -24.7719023520)
continue (0.4142224983 -24.7400728843)
continue (0.4556447482 -24.7073067691)
continue (0.5062719424 -24.6734214609)
continue (0.5695559352 -24.6381687714)
continue (0.6509210688 -24.6012013527)
continue (0.7594079136 -24.5620100945)
continue (0.9112894963 -24.5198065848)
continue (0.9204944407 -24.5175968602)
continue (0.9298872411 -24.5153763850)
continue (0.9394737075 -24.5131454016)
continue (0.9492598920 -24.5109022616)
continue (0.9592521014 -24.5086485714)
continue (0.9694569110 -24.5063822464)
continue (0.9798811788 -24.5041047942)
continue (0.9905320612 -24.5018141394)
continue (1.0014170289 -24.4995119131)
continue (1.0125438848 -24.4971960495)
continue (1.0239207824 -24.4948679140)
continue (1.0355562458 -24.4925256536)
continue (1.0474591912 -24.4901704893)
continue (1.0596389492 -24.4878006636)
continue (1.0721052898 -24.4854172821)
continue (1.0848684480 -24.4830185382)
continue (1.0979391522 -24.4806055915)
continue (1.1113286540 -24.4781765035)
continue (1.1250487609 -24.4757326013)
continue (1.1391118704 -24.4732717177)
continue (1.1535310080 -24.4707951454)
continue (1.1683198671 -24.4683008831)
continue (1.1834928524 -24.4657901426)
continue (1.1990651267 -24.4632608093)
continue (1.2150526618 -24.4607137469)
continue (1.2314722923 -24.4581482293)
continue (1.2483417758 -24.4555627516)
continue (1.2656798560 -24.4529582545)
continue (1.2835063328 -24.4503326857)
continue (1.3018421376 -24.4476867120)
continue (1.3207094150 -24.4450196110)
continue (1.3401316122 -24.4423295670)
continue (1.3601335766 -24.4396175288)
continue (1.3807416611 -24.4368818861)
continue (1.4019838405 -24.4341217503)
continue (1.4238898380 -24.4313373069)
continue (1.4464912640 -24.4285270477)
continue (1.4698217683 -24.4256898401)
continue (1.4939172071 -24.4228258153)
continue (1.5188158272 -24.4199339210)
continue (1.5445584683 -24.4170119899)
continue (1.5711887868 -24.4140604857)
continue (1.5987535023 -24.4110778697)
continue (1.6273026720 -24.4080631497)
continue (1.6568899933 -24.4050143321)
continue (1.6875731413 -24.4019311838)
continue (1.7194141440 -24.3988122572)
continue (1.7524798006 -24.3956561425)
continue (1.7868421496 -24.3924612922)
continue (1.8225789926 -24.3892260828)
continue (1.8597744823 -24.3859487034)
continue (1.8985197840 -24.3826278805)
continue (1.9389138220 -24.3792617607)
continue (1.9810641224 -24.3758483647)
continue (2.0250877696 -24.3723855406)
continue (2.0711124916 -24.3688710485)
continue (2.1192778984 -24.3653025943)
continue (2.1697368960 -24.3616776592)
continue (2.2226573081 -24.3579934652)
continue (2.2782237408 -24.3542471368)
continue (2.3366397342 -24.3504356152)
continue (2.3981302535 -24.3465557528)
continue (2.4629445847 -24.3426034988)
continue (2.5313597120 -24.3385748354)
continue (2.6036842752 -24.3344655588)
continue (2.6802632245 -24.3302714525)
continue (2.7614833222 -24.3259875990)
continue (2.8477796760 -24.3216074349)
continue (2.9396435365 -24.3171259434)
continue (3.0376316544 -24.3125365517)
continue (3.1423775735 -24.3078309707)
continue (3.2546053440 -24.3030025781)
continue (3.3751462827 -24.2980410882)
continue (3.5049596012 -24.2929376450)
continue (3.6451579853 -24.2876812279)
continue (3.7970395680 -24.2822586106)
continue (3.9621282449 -24.2766566883)
continue (4.1422249833 -24.2708597528)
continue (4.3394737920 -24.2648500124)
continue (4.5564474816 -24.2586072412)
continue (4.7962605070 -24.2521086125)
continue (5.0627194240 -24.2453264045)
continue (5.3605264489 -24.2382306440)
continue (5.6955593520 -24.2307850240)
continue (6.0752633088 -24.2229473455)
continue (6.5092106880 -24.2146674885)
continue (7.0099192025 -24.2058863822)
continue (7.5940791360 -24.1965347671)
continue (8.2844499666 -24.1865288944)
continue (9.1128949632 -24.1757734826)
continue (9.5925210139 -24.1700738677)
continue (10.1254388480 -24.1639814832)
continue (10.7210528979 -24.1571294351)
continue (11.3911187040 -24.1489686947)
continue (12.1505266176 -24.1387642783)
continue (13.0184213760 -24.1255147511)
continue (14.0198384049 -24.1079308925)
continue (15.1881582720 -24.0844268100)
continue (16.5688999331 -24.0532970721)
continue (18.2257899264 -24.0134503990)
continue (20.2508776960 -23.9642205354)
continue (22.7822374080 -23.9053776249)
continue (26.0368427520 -23.8371011005)
continue (30.3763165440 -23.7602362457)
continue (36.4515798528 -23.6774221342)
continue (45.5644748160 -23.5964951778)
continue (60.7526330881 -23.5347186574)
continue (91.0379117204 -23.4871419580)
continue (91.1289496321 -23.4869794576)
continue (95.8243424102 -23.4782022361)
continue (101.1420084707 -23.4672317767)
continue (107.0845471588 -23.4539383273)
continue (113.7689758203 -23.4376680003)
continue (121.3434748763 -23.4184756376)
continue (129.9985016150 -23.3960824636)
continue (139.9830255485 -23.3722317088)
continue (151.6288679403 -23.3483602018)
continue (165.3882933432 -23.3215099564)
continue (181.8941110421 -23.2949985058)
continue (202.0597552818 -23.2459241835)
continue (227.2542384840 -22.8282155959)
continue (228.3933574739 -22.8693447950)
continue (228.9672101309 -22.8558613816)
continue (229.5439537332 -22.8418456081)
continue (230.1236101821 -22.8271200449)
continue (230.7062016002 -22.8118790936)
continue (231.2917503353 -22.7961671466)
continue (231.8802789621 -22.7796944526)
continue (232.4718102860 -22.7910886823)
continue (233.0663673455 -22.8069448923)
continue (233.6639734156 -22.7954201507)
continue (234.2646520105 -22.7833708134)
continue (234.2646520105 -22.7833708134)
continue (234.8684268868 -22.7798186887)
continue (235.4753220468 -22.7668367118)
continue (236.0853617412 -22.7532365974)
continue (236.6985704730 -22.7589196228)
continue (237.3149730003 -22.7673862609)
continue (237.3149730003 -22.7673862609)
continue (237.9345943397 -22.7578187692)
continue (238.5574597699 -22.7477685114)
continue (239.1835948349 -22.7438972265)
continue (239.8130253476 -22.7371944670)
continue (240.4457773934 -22.7257100584)
continue (241.0818773336 -22.7280457372)
continue (241.7213518093 -22.7181951605)
continue (242.3642277449 -22.7108630391)
continue (243.0105323523 -22.7202959415)
continue (243.0105323523 -22.7202959415)
continue (243.6602931340 -22.7171720515)
continue (244.3135378877 -22.7116776040)
continue (244.9702947099 -22.7019728072)
continue (245.6305920003 -22.7026302465)
continue (246.2944584651 -22.6942919060)
continue (246.9619231222 -22.6895873960)
continue (247.6330153046 -22.6779378090)
continue (248.3077646651 -22.6722653353)
continue (248.9862011806 -22.6673776288)
continue (249.6683551564 -22.6588153822)
continue (250.3542572310 -22.6582150061)
continue (251.0439383804 -22.6445072227)
continue (251.7374299229 -22.6444672594)
continue (252.4347635238 -22.6366468148)
continue (253.1359712003 -22.6287576452)
continue (253.8410853262 -22.6213830078)
continue (254.5501386371 -22.6220640744)
continue (255.2631642356 -22.6159650358)
continue (255.9801955958 -22.6037507726)
continue (255.9801955958 -22.6037507726)
continue (256.7012665693 -22.6334206540)
continue (257.4264113901 -22.6256056694)
continue (258.1556646802 -22.6189039418)
continue (258.8890614548 -22.6186415620)
continue (259.6266371285 -22.6139367868)
continue (260.3684275203 -22.6037426130)
continue (261.1144688599 -22.6010768998)
continue (261.8647977934 -22.5925543256)
continue (262.6194513893 -22.5830463888)
continue (263.3784671448 -22.5782591243)
continue (264.1418829916 -22.5769577524)
continue (264.9097373026 -22.5682945974)
continue (265.6820688982 -22.5634429794)
continue (266.4589170529 -22.5593588557)
continue (267.2403215018 -22.5490029797)
continue (268.0263224473 -22.5445800694)
continue (268.8169605667 -22.5416358552)
continue (269.6122770180 -22.5340385801)
continue (270.4123134484 -22.5328030528)
continue (271.2171120003 -22.5255824794)
continue (272.0267153197 -22.5174751820)
continue (272.8411665632 -22.5103774584)
continue (273.6605094057 -22.5081073116)
continue (274.4847880485 -22.5009646941)
continue (275.3140472269 -22.5001996961)
continue (276.1483322185 -22.4928613594)
continue (276.9876888514 -22.4862155063)
continue (277.8321635125 -22.4805350966)
continue (278.6818031563 -22.4745720697)
continue (279.5366553132 -22.4732199942)
continue (280.3967680988 -22.4679641432)
continue (281.2621902225 -22.4630087717)
continue (282.1329709972 -22.4564615267)
continue (283.0091603481 -22.4483508634)
continue (283.8908088227 -22.4461052609)
continue (284.7779676003 -22.4428151490)
continue (285.6706885019 -22.4395946497)
continue (286.5690240003 -22.4345936533)
continue (287.4730272306 -22.4283084549)
continue (288.3827520003 -22.4228276328)
continue (289.2982528003 -22.4200885846)
continue (290.2195848156 -22.4156616572)
continue (291.1468039364 -22.4114136531)
continue (292.0799667695 -22.4036748682)
continue (293.0191306498 -22.4028107480)
continue (293.9643536519 -22.3976632984)
continue (294.9156946023 -22.3933180364)
continue (295.8732130912 -22.3886978961)
continue (296.8369694857 -22.3821556211)
continue (297.8070249415 -22.3809235227)
continue (298.7834414167 -22.3753861168)
continue (299.7662816845 -22.3711234779)
continue (300.7556093469 -22.3673027722)
continue (301.7514888480 -22.3610098110)
continue (302.7539854887 -22.3590047543)
continue (303.7631654403 -21.7133252358)
continue (304.7790957595 -21.7114859048)
continue (305.8018444030 -21.7097861954)
continue (306.8314802428 -21.7085627655)
continue (307.8680730814 -21.7078017746)
continue (308.9116936681 -21.7059162740)
continue (309.9624137146 -21.7109087116)
continue (311.0203059116 -21.7131401795)
continue (312.0854439455 -21.7118186179)
continue (313.1579025158 -21.7112191775)
continue (314.2377573521 -21.7097068313)
continue (315.3250852322 -21.7079372317)
continue (316.4199640003 -21.7166648334)
continue (317.5224725857 -21.7157259619)
continue (318.6326910213 -21.7150981237)
continue (319.7507004635 -21.7135810900)
continue (320.8765832116 -21.7120170533)
continue (322.0104227283 -21.7169239854)
continue (323.1523036599 -21.7202071341)
continue (324.3023118580 -21.7184285362)
continue (325.4605344003 -21.7180120789)
continue (326.6270596133 -21.7165703064)
continue (327.8019770939 -21.7214665951)
continue (328.9853777332 -21.7212788129)
continue (330.1773537395 -21.7248655877)
continue (331.3779986622 -21.7244747702)
continue (332.5874074164 -21.7243482866)
continue (333.8056763080 -21.7305014925)
continue (335.0329030592 -21.7303739613)
continue (336.2691868343 -21.7337614905)
continue (337.5146282670 -21.7328434385)
continue (338.7693294874 -21.7326885360)
continue (340.0333941496 -21.7392647723)
continue (341.3069274610 -21.7384640023)
continue (342.5900362109 -21.7426604638)
continue (343.8828288004 -21.7425046186)
continue (345.1854152731 -21.7484672004)
continue (346.4979073464 -21.7477887590)
continue (347.8204184431 -21.7479567441)
continue (349.1530637245 -21.7524597777)
continue (350.4959601235 -21.7582047820)
continue (351.8492263788 -21.7584346466)
continue (353.2129830701 -21.7585421054)
continue (354.5873526541 -21.7638477387)
continue (355.9724595004 -21.7634744305)
continue (357.3684299298 -21.7709107872)
continue (358.7753922524 -21.7714436126)
continue (360.1934768067 -21.7718646273)
continue (361.6228160004 -21.7766633167)
continue (363.0635443510 -21.7844076463)
continue (364.5157985284 -21.7846838494)
continue (365.9797173980 -21.7843477869)
continue (367.4554420649 -21.7887720012)
continue (368.9431159194 -21.7961235269)
continue (370.4428846833 -21.7964647703)
continue (371.9548964575 -21.7976023249)
continue (373.4793017709 -21.8016805831)
continue (375.0162536300 -21.8082966207)
continue (376.5659075706 -21.8096226442)
continue (378.1284217099 -21.8108581178)
continue (379.7039568004 -21.8213289350)
continue (381.2926762849 -21.8228994633)
continue (382.8947463533 -21.8242351846)
continue (384.5103360004 -21.8253001974)
continue (386.1396170852 -21.8360285316)
continue (387.7827643919 -21.8378390440)
continue (389.4399556927 -21.8388346068)
continue (391.1113718116 -21.8391101639)
continue (392.7971966901 -21.8499565205)
continue (394.4976174550 -21.8515356675)
continue (396.2128244874 -21.8517578461)
continue (397.9430114939 -21.8578257199)
continue (399.6883755794 -21.8629658702)
continue (401.4491173220 -21.8649270254)
continue (403.2254408500 -21.8690767454)
continue (405.0175539204 -21.8739916405)
continue (406.8256680004 -21.8759941737)
continue (408.6499983502 -21.8784155797)
continue (410.4907641085 -21.8815529645)
continue (412.3481883805 -21.8843056633)
continue (414.2224983277 -21.8875817906)
continue (416.1139252607 -21.8940892261)
continue (418.0227047344 -21.8974063791)
continue (419.9490766456 -21.8970518073)
continue (421.8932853338 -21.9014891382)
continue (423.8555796842 -21.9032589552)
continue (425.8362132341 -21.9069438221)
continue (427.8354442821 -21.9121599329)
continue (429.8535360005 -21.9094763908)
continue (431.8907565502 -21.9154124251)
continue (433.9473792005 -21.9188369095)
continue (436.0236824502 -21.9196376321)
continue (438.1199501543 -21.9235255949)
continue (440.2364716526 -21.9239613904)
continue (442.3735419034 -21.9249930909)
continue (444.5314616200 -21.9302383030)
continue (446.7105374122 -21.9302969450)
continue (448.9110819315 -21.9287041566)
continue (451.1334140203 -21.9346127179)
continue (453.3778588662 -21.9332308069)
continue (455.6447481605 -21.9384327862)
continue (464.9436205719 -21.9347105805)
continue (477.1149195398 -21.9391061861)
continue (489.9405894199 -21.9364866231)
continue (503.4748598458 -21.9306802579)
continue (517.7781229096 -21.9200219889)
continue (532.9178341058 -21.9105599177)
continue (548.9695760970 -21.9046571395)
continue (566.0183206963 -21.8846124979)
continue (584.1599335391 -21.8687863802)
continue (603.5029776960 -21.8507272266)
continue (624.1708878911 -21.8317946021)
continue (646.3046073198 -21.8147010608)
continue (670.0658061184 -21.7995615921)
continue (695.6408368862 -21.7878493826)
continue (723.2456320008 -21.7554420001)
continue (753.1318151413 -21.7277980350)
continue (785.5943933801 -21.7000500670)
continue (820.9815282171 -21.6626154242)
continue (859.7070720009 -21.6241341892)
continue (902.2668280406 -21.5693438135)
continue (959.2521013905 -20.5881021315)
continue (1012.5438848011 -20.2223285138)
continue (1072.1052897894 -20.0095676219)
continue (1139.1118704012 -19.8750766055)
continue (1215.0526617613 -19.7880081839)
continue (1301.8421376014 -19.5564918880)
continue (1401.9838404938 -19.5082037559)
continue (1518.8158272016 -19.4516216086)
continue (1656.8899933109 -19.4010082148)
continue (1822.5789926419 -19.3680737141)
continue (2025.0877696022 -19.3462643902)
continue (2278.2237408024 -19.3324892154)
continue (2603.6842752028 -19.3215314493)
continue (3037.6316544032 -19.3315202323)
continue (3645.1579852839 -19.3504932908)
continue (4556.4474816048 -19.3202196873)
continue (6075.2633088065 -19.2840026544)
continue (9112.8949632097 -19.2484868059)
continue (9204.0239128418 -50.0000000000)
continue (7354000.0000000000 -50.0000000000)
f(nu) = -23.4006003372 at 1.0000000000 Ryd
