# Faucher-Giguere 2019 
# z = 0.258925
# E [Ryd] log (J_nu)
interpolate (0.0000000100100000 -50.0000000000000000)
continue (0.0990000000000000 -50.0000000000000000)
continue (0.1000000000000000 -19.9523366981507166)
continue (0.1500000000000000 -19.9781565340385683)
continue (0.2000000000000000 -19.9994517411138588)
continue (0.2500000000000001 -20.0211968487733394)
continue (0.3000000000000000 -20.0592766035970307)
continue (0.3500000000000001 -20.1077600939109900)
continue (0.4000000000000001 -20.1830305119219453)
continue (0.4500000000000001 -20.2628752930733711)
continue (0.5000000000000001 -20.3582991937347728)
continue (0.5500000000000002 -20.4330297857180057)
continue (0.6000000000000002 -20.5426980175979246)
continue (0.6500000000000001 -20.6288505846107455)
continue (0.7000000000000002 -20.7450049497873010)
continue (0.7500000000000002 -20.9669779789848931)
continue (0.8000000000000002 -21.0439165415838794)
continue (0.8500000000000002 -21.2495752347322515)
continue (0.9000000000000002 -21.3878488457387768)
continue (0.9500000000000003 -21.7077672598258395)
continue (1.0100000000000000 -22.5265534914799055)
continue (1.0600000000000001 -22.5498424089507168)
continue (1.1100000000000001 -22.5718294808039168)
continue (1.1600000000000001 -22.5836196828172149)
continue (1.2100000000000002 -22.5867337539419566)
continue (1.2600000000000002 -22.5888310659540430)
continue (1.3100000000000003 -22.5891577269809325)
continue (1.3600000000000003 -22.5914887945524399)
continue (1.4100000000000004 -22.5941924018381748)
continue (1.4600000000000004 -22.5977980142970658)
continue (1.5100000000000005 -22.5995070476453428)
continue (1.5600000000000005 -22.6092575370832698)
continue (1.6100000000000005 -22.6189146677502890)
continue (1.6600000000000006 -22.6318090995038013)
continue (1.7100000000000006 -22.6428326525822143)
continue (1.7600000000000007 -22.6567596566679477)
continue (1.8100000000000007 -22.6759329191901564)
continue (1.8600000000000008 -22.6948969878441424)
continue (1.9100000000000008 -22.7135171058867691)
continue (1.9600000000000009 -22.7360801615397143)
continue (2.0000000000000000 -22.7543033204361613)
continue (2.0099999999999998 -22.7615625843685976)
continue (2.0199999999999996 -22.7650600282936111)
continue (2.0299999999999994 -22.7688557479092566)
continue (2.0399999999999991 -22.7740524914874101)
continue (2.0499999999999989 -22.7799787884094478)
continue (2.0599999999999987 -22.7815915457338711)
continue (2.0699999999999985 -22.7858559233749673)
continue (2.0799999999999983 -22.7904094916575417)
continue (2.0899999999999981 -22.7985314415967224)
continue (2.0999999999999979 -22.8032541718857367)
continue (2.1099999999999977 -22.8063093725581965)
continue (2.1199999999999974 -22.8091459168254396)
continue (2.1299999999999972 -22.8130464324121434)
continue (2.1399999999999970 -22.8209571600521350)
continue (2.1499999999999968 -22.8259635270232017)
continue (2.1599999999999966 -22.8305944194695698)
continue (2.1699999999999964 -22.8354716796819766)
continue (2.1799999999999962 -22.8396808634850110)
continue (2.1899999999999959 -22.8458323647804633)
continue (2.1999999999999957 -22.8527194316758759)
continue (2.2099999999999955 -22.8577944465161877)
continue (2.2199999999999953 -22.8619041152996871)
continue (2.2299999999999951 -22.8667214875902474)
continue (2.2399999999999949 -22.8758959517247931)
continue (2.2499999999999947 -22.8825049760109316)
continue (2.2599999999999945 -22.8852582970041034)
continue (2.2699999999999942 -22.8890402636746373)
continue (2.2799999999999940 -22.8913473003686008)
continue (2.2899999999999938 -22.9004317734979317)
continue (2.2999999999999936 -22.9045934646759726)
continue (2.3099999999999934 -22.9092362095794186)
continue (2.3199999999999932 -22.9136154441383688)
continue (2.3299999999999930 -22.9155598902310906)
continue (2.3399999999999928 -22.9198929711075081)
continue (2.3499999999999925 -22.9276179538129270)
continue (2.3599999999999923 -22.9314824274799811)
continue (2.3699999999999921 -22.9354610437299442)
continue (2.3799999999999919 -22.9395708012795581)
continue (2.3899999999999917 -22.9450450321954946)
continue (2.3999999999999915 -22.9492120145807448)
continue (2.4099999999999913 -22.9542002757572767)
continue (2.4199999999999910 -22.9591280682390568)
continue (2.4299999999999908 -22.9644591842921315)
continue (2.4399999999999906 -22.9708092076520103)
continue (2.4499999999999904 -22.9765257270172363)
continue (2.4599999999999902 -22.9814287226781317)
continue (2.4699999999999900 -22.9869266487173327)
continue (2.4799999999999898 -22.9913679288265911)
continue (2.4899999999999896 -22.9964510351165217)
continue (2.4999999999999893 -23.0019681518672385)
continue (2.5099999999999891 -23.0080170336985930)
continue (2.5199999999999889 -23.0140725993275623)
continue (2.5299999999999887 -23.0200656626591709)
continue (2.5399999999999885 -23.0259598277723754)
continue (2.5499999999999883 -23.0320135285761083)
continue (2.5599999999999881 -23.0385168790005039)
continue (2.5699999999999878 -23.0452222935139908)
continue (2.5799999999999876 -23.0482010411284151)
continue (2.5899999999999874 -23.0527380992549880)
continue (2.5999999999999872 -23.0572776410001303)
continue (2.6099999999999870 -23.0630379080619612)
continue (2.6199999999999868 -23.0677618496762662)
continue (2.6299999999999866 -23.0713626670781764)
continue (2.6399999999999864 -23.0757010332306720)
continue (2.6499999999999861 -23.0793706605510991)
continue (2.6599999999999859 -23.0835571466627734)
continue (2.6699999999999857 -23.0871404390677881)
continue (2.6799999999999855 -23.0914408293231119)
continue (2.6899999999999853 -23.0960404781918847)
continue (2.6999999999999851 -23.1004520610484931)
continue (2.7099999999999849 -23.1038057914189814)
continue (2.7199999999999847 -23.1083467766804667)
continue (2.7299999999999844 -23.1125827976090896)
continue (2.7399999999999842 -23.1181570533136238)
continue (2.7499999999999840 -23.1225791753085694)
continue (2.7599999999999838 -23.1272006191808721)
continue (2.7699999999999836 -23.1303741111876420)
continue (2.7799999999999834 -23.1351213426333153)
continue (2.7899999999999832 -23.1398215857297274)
continue (2.7999999999999829 -23.1447463401413636)
continue (2.8099999999999827 -23.1493345841643539)
continue (2.8199999999999825 -23.1546539698673186)
continue (2.8299999999999823 -23.1597055916698622)
continue (2.8399999999999821 -23.1648928251392796)
continue (2.8499999999999819 -23.1701017218046843)
continue (2.8599999999999817 -23.1747850843843572)
continue (2.8699999999999815 -23.1806898379644366)
continue (2.8799999999999812 -23.1855095262596684)
continue (2.8899999999999810 -23.1900399669461841)
continue (2.8999999999999808 -23.1944315672243846)
continue (2.9099999999999806 -23.1996711546849497)
continue (2.9199999999999804 -23.2057086444450142)
continue (2.9299999999999802 -23.2109502293979233)
continue (2.9399999999999800 -23.2172132870392147)
continue (2.9499999999999797 -23.2223693010263936)
continue (2.9599999999999795 -23.2289635723588184)
continue (2.9699999999999793 -23.2344787544679185)
continue (2.9799999999999791 -23.2408352599154036)
continue (2.9899999999999789 -23.2468502503695440)
continue (2.9999999999999787 -23.2534558746410198)
continue (3.0099999999999785 -23.5824237383630511)
continue (3.0199999999999783 -23.5847946464373699)
continue (3.0299999999999780 -23.5903475598471175)
continue (3.0399999999999778 -23.5935601948463329)
continue (3.0499999999999776 -23.5986855774818132)
continue (3.0599999999999774 -23.6020055154459989)
continue (3.0699999999999772 -23.6076132350122059)
continue (3.0799999999999770 -23.6094335283293972)
continue (3.0899999999999768 -23.6161030564346497)
continue (3.0999999999999766 -23.6176929117258965)
continue (3.1099999999999763 -23.6244571993209469)
continue (3.1199999999999761 -23.6256103776579280)
continue (3.1299999999999759 -23.6312292645487076)
continue (3.1399999999999757 -23.6332219885364729)
continue (3.1499999999999755 -23.6390257334824163)
continue (3.1599999999999753 -23.6407132394462458)
continue (3.1699999999999751 -23.6468179859072016)
continue (3.1799999999999748 -23.6481731833471756)
continue (3.1899999999999746 -23.6543871572010964)
continue (3.1999999999999744 -23.6614254259631984)
continue (3.2099999999999742 -23.6617539361040095)
continue (3.2199999999999740 -23.6673006294069559)
continue (3.2299999999999738 -23.6687331363004816)
continue (3.2399999999999736 -23.6743508129194815)
continue (3.2499999999999734 -23.6755318082864363)
continue (3.2599999999999731 -23.6809984878511415)
continue (3.2699999999999729 -23.6819355099586062)
continue (3.2799999999999727 -23.6877808600499797)
continue (3.2899999999999725 -23.6878643083552980)
continue (3.2999999999999723 -23.6942604869675577)
continue (3.3099999999999721 -23.7018109856609591)
continue (3.3199999999999719 -23.7001614693624632)
continue (3.3299999999999716 -23.7083179212956061)
continue (3.3399999999999714 -23.7052235267482416)
continue (3.3499999999999712 -23.7141872345006171)
continue (3.3599999999999710 -23.7103740345996066)
continue (3.3699999999999708 -23.7195963243245949)
continue (3.3799999999999706 -23.7247912395022311)
continue (3.3899999999999704 -23.7244086456456564)
continue (3.3999999999999702 -23.7299871781528644)
continue (3.4099999999999699 -23.7288702265787315)
continue (3.4199999999999697 -23.7345470120067787)
continue (3.4299999999999695 -23.7324332734403853)
continue (3.4399999999999693 -23.7384976831316585)
continue (3.4499999999999691 -23.7477940531824672)
continue (3.4599999999999689 -23.7415916700543761)
continue (3.4699999999999687 -23.7516528558253022)
continue (3.4799999999999685 -23.7438302520638125)
continue (3.4899999999999682 -23.7548165655242194)
continue (3.4999999999999680 -23.7642355306317121)
continue (3.5099999999999678 -23.7568379603753321)
continue (3.5199999999999676 -23.7673445388969320)
continue (3.5299999999999674 -23.7579166721333301)
continue (3.5399999999999672 -23.7692515605937054)
continue (3.5499999999999670 -23.7743582202385682)
continue (3.5599999999999667 -23.7654988154629194)
continue (3.5600000000000001 -23.7654988154629585)
continue (3.5699999999999665 -23.7710855221017781)
continue (3.5799999999999663 -23.7816006967122782)
continue (3.5899999999999661 -23.7711024520166276)
continue (3.5999999999999659 -23.7824014165032160)
continue (3.6099999999999657 -23.7763947029731604)
continue (3.6199999999999655 -23.7823149332569841)
continue (3.6299999999999653 -23.7934830279845997)
continue (3.6399999999999650 -23.7806203067872950)
continue (3.6499999999999648 -23.7928851259813001)
continue (3.6599999999999646 -23.8040521933030824)
continue (3.6699999999999644 -23.7908288401744130)
continue (3.6799999999999642 -23.8030590568989133)
continue (3.6899999999999640 -23.8074325924049859)
continue (3.6999999999999638 -23.8006742062333494)
continue (3.7099999999999635 -23.8053723048203523)
continue (3.7199999999999633 -23.8172963340261852)
continue (3.7299999999999631 -23.8093101277609804)
continue (3.7399999999999629 -23.8140894773765375)
continue (3.7499999999999627 -23.8259503374706156)
continue (3.7500000000000000 -23.8231049178358631)
continue (3.7599999999999625 -23.8064025119068319)
continue (3.7699999999999623 -23.8193891581317452)
continue (3.7799999999999621 -23.8087615194053477)
continue (3.7899999999999618 -23.8139128847761121)
continue (3.7999999999999616 -23.8270897095053726)
continue (3.8099999999999614 -23.8064136650586278)
continue (3.8199999999999612 -23.8207429818543375)
continue (3.8299999999999610 -23.8339659789122251)
continue (3.8399999999999608 -23.8368165963819081)
continue (3.8399999999999999 -23.8348643241330898)
continue (3.8499999999999606 -23.8250222841582691)
continue (3.8599999999999604 -23.8383904701512037)
continue (3.8699999999999601 -23.8414408706112546)
continue (3.8799999999999599 -23.8298805147007577)
continue (3.8899999999999597 -23.8316716467452778)
continue (3.8900000000000001 -23.8316716467453347)
continue (3.8999999999999595 -23.8450864271526513)
continue (3.9099999999999593 -23.8323904394719186)
continue (3.9199999999999591 -23.8357475565719454)
continue (3.9299999999999589 -23.8494062753934948)
continue (3.9399999999999586 -23.8354023308367466)
continue (3.9499999999999584 -23.8390803342323672)
continue (3.9599999999999582 -23.8530526999106129)
continue (3.9699999999999580 -23.8376613509263890)
continue (3.9799999999999578 -23.8414488408000018)
continue (3.9899999999999576 -23.8558726521075783)
continue (4.0099999999999998 -23.8426015951404828)
continue (4.5099999999999998 -24.0876478420659659)
continue (5.0099999999999998 -24.1176624315304906)
continue (5.5099999999999998 -24.1366097434749172)
continue (6.0099999999999998 -24.1510676046723916)
continue (6.5099999999999998 -24.1607470488283198)
continue (7.0099999999999998 -24.1677816288692142)
continue (7.5099999999999998 -24.1731328992228995)
continue (8.0099999999999998 -24.1775165347415495)
continue (8.5099999999999998 -24.1819215282883455)
continue (9.0099999999999998 -24.1869082111426579)
continue (9.5099999999999998 -24.1928031279780562)
continue (10.0000000000000000 -24.1996292980638756)
continue (10.0099999999999998 -24.1997805756126958)
continue (15.0000000000000000 -24.3138421663153110)
continue (20.0000000000000000 -24.4462740856141174)
continue (25.0000000000000000 -24.5589081157467319)
continue (30.0000000000000000 -24.6461115520802068)
continue (35.0000000000000000 -24.7104238186777962)
continue (40.0000000000000000 -24.7567786527141749)
continue (45.0000000000000000 -24.7902286473047653)
continue (50.0000000000000000 -24.8148293202357699)
continue (55.0000000000000000 -24.8335110199628133)
continue (60.0000000000000000 -24.8482184027493389)
continue (65.0000000000000000 -24.8602359262824599)
continue (70.0000000000000000 -24.8704345584214508)
continue (75.0000000000000000 -24.8793832867997580)
continue (80.0000000000000000 -24.8874483985168879)
continue (85.0000000000000000 -24.8948686178165914)
continue (90.0000000000000000 -24.9018044865760224)
continue (95.0000000000000000 -24.9083632424160086)
continue (100.0000000000000000 -24.9146225404205026)
continue (110.0000000000000000 -24.9264092672917634)
continue (120.0000000000000000 -24.9373566123410448)
continue (130.0000000000000000 -24.9475947321992138)
continue (140.0000000000000000 -24.9572231624996945)
continue (150.0000000000000000 -24.9663254144221973)
continue (160.0000000000000000 -24.9749680267606706)
continue (170.0000000000000000 -24.9832043093372604)
continue (180.0000000000000000 -24.9910816982008441)
continue (190.0000000000000000 -24.9986369859801272)
continue (200.0000000000000000 -25.0059043811169914)
continue (210.0000000000000000 -25.0129108035983236)
continue (220.0000000000000000 -25.0196802459135590)
continue (230.0000000000000000 -25.0262334842117156)
continue (240.0000000000000000 -25.0325889744813459)
continue (250.0000000000000000 -25.0387627048611421)
continue (260.0000000000000000 -25.0447694834173191)
continue (270.0000000000000000 -25.0506203865101220)
continue (280.0000000000000000 -25.0563273841498209)
continue (290.0000000000000000 -25.0619010838778138)
continue (300.0000000000000000 -25.0673490291042960)
continue (310.0000000000000000 -25.0726807810347445)
continue (320.0000000000000000 -25.0779030606395921)
continue (330.0000000000000000 -25.0830217073425601)
continue (340.0000000000000000 -25.0880445606329907)
continue (350.0000000000000000 -25.0929763442474680)
continue (360.0000000000000000 -25.0978208668105118)
continue (370.0000000000000000 -25.1025843288876516)
continue (380.0000000000000000 -25.1072708265670919)
continue (390.0000000000000000 -25.1118843607055204)
continue (400.0000000000000000 -25.1164281918966026)
continue (410.0000000000000000 -25.1209058962633129)
continue (420.0000000000000000 -25.1253205015239800)
continue (430.0000000000000000 -25.1296747897317836)
continue (440.0000000000000000 -25.1339716483295810)
continue (450.0000000000000000 -25.1382136034511703)
continue (460.0000000000000000 -25.1424028585572437)
continue (470.0000000000000000 -25.1465417805816571)
continue (480.0000000000000000 -25.1506325231069106)
continue (490.0000000000000000 -25.1546769683322005)
continue (500.0000000000000000 -25.1586768724341638)
continue (510.0000000000000000 -25.1626344335842553)
continue (520.0000000000000000 -25.1665509587567620)
continue (530.0000000000000000 -25.1704282641234016)
continue (540.0000000000000000 -25.1742665362800047)
continue (550.0000000000000000 -25.1780679156662508)
continue (560.0000000000000000 -25.1818339596559362)
continue (570.0000000000000000 -25.1855663253870468)
continue (580.0000000000000000 -25.1892658460429537)
continue (590.0000000000000000 -25.1929320041442608)
continue (600.0000000000000000 -25.1965675970013265)
continue (610.0000000000000000 -25.2001741248801068)
continue (620.0000000000000000 -25.2037510224895556)
continue (630.0000000000000000 -25.2072990027363595)
continue (640.0000000000000000 -25.2108207921502370)
continue (650.0000000000000000 -25.2143163536548940)
continue (660.0000000000000000 -25.2177846459059971)
continue (670.0000000000000000 -25.2212293397667224)
continue (680.0000000000000000 -25.2246498109334176)
continue (690.0000000000000000 -25.2280454846817008)
continue (700.0000000000000000 -25.2314199125771346)
continue (710.0000000000000000 -25.2347708672586464)
continue (720.0000000000000000 -25.2381002052327297)
continue (730.0000000000000000 -25.2414096861149773)
continue (740.0000000000000000 -25.2446963741257022)
continue (750.0000000000000000 -25.2479651117677975)
continue (760.0000000000000000 -25.2512129776762251)
continue (770.0000000000000000 -25.2544421302875577)
continue (780.0000000000000000 -25.2576532229650148)
continue (790.0000000000000000 -25.2608452221153073)
continue (800.0000000000000000 -25.2640211164638764)
continue (810.0000000000000000 -25.2671774566759595)
continue (820.0000000000000000 -25.2703194129480586)
continue (830.0000000000000000 -25.2734422124979297)
continue (840.0000000000000000 -25.2765515133490837)
continue (850.0000000000000000 -25.2796424974481191)
continue (860.0000000000000000 -25.2827205054066084)
continue (870.0000000000000000 -25.2857810656775897)
continue (880.0000000000000000 -25.2888292444033809)
continue (890.0000000000000000 -25.2918605473662446)
continue (900.0000000000000000 -25.2948802616405644)
continue (910.0000000000000000 -25.2978834041496690)
continue (920.0000000000000000 -25.3008758092492663)
continue (930.0000000000000000 -25.3038520192509715)
continue (940.0000000000000000 -25.3068179715095845)
continue (950.0000000000000000 -25.3097685454743342)
continue (960.0000000000000000 -25.3127085792185582)
continue (970.0000000000000000 -25.3156349372294827)
continue (980.0000000000000000 -25.3185501443512493)
continue (990.0000000000000000 -25.3214534013013441)
continue (1000.0000000000000000 -25.3243443407926030)
continue (1200.0000000000000000 -25.3800211230929449)
continue (1400.0000000000000000 -25.4323710063821977)
continue (1600.0000000000000000 -25.4821648091838000)
continue (1800.0000000000000000 -25.5298680862859371)
continue (2000.0000000000000000 -25.5757692851328891)
continue (2200.0000000000000000 -25.6200431676170730)
continue (2400.0000000000000000 -25.6627884470761742)
continue (2600.0000000000000000 -25.7040756481245651)
continue (2800.0000000000000000 -25.7439404631710111)
continue (3000.0000000000000000 -25.7824256972213526)
continue (3200.0000000000000000 -25.8195672322930712)
continue (3400.0000000000000000 -25.8553933905949833)
continue (3600.0000000000000000 -25.8899511188125153)
continue (3800.0000000000000000 -25.9232801820209495)
continue (4000.0000000000000000 -25.9554346764848276)
continue (4200.0000000000000000 -25.9864558486414552)
continue (4400.0000000000000000 -26.0163873777041914)
continue (4600.0000000000000000 -26.0452792172275238)
continue (4800.0000000000000000 -26.0731785679642840)
continue (5000.0000000000000000 -26.1001335198663860)
continue (5200.0000000000000000 -26.1261969740477973)
continue (5400.0000000000000000 -26.1514021372488976)
continue (5600.0000000000000000 -26.1757812469818596)
continue (5800.0000000000000000 -26.1993994648101598)
continue (6000.0000000000000000 -26.2222593936979038)
continue (6200.0000000000000000 -26.2444325548370720)
continue (6400.0000000000000000 -26.2659275614542373)
continue (6600.0000000000000000 -26.2867875922213052)
continue (6800.0000000000000000 -26.3070523829877665)
continue (7000.0000000000000000 -26.3267371573493989)
continue (7200.0000000000000000 -26.3458669154930050)
continue (7400.0000000000000000 -26.3644829658559523)
continue (7600.0000000000000000 -26.3826068697256773)
continue (7800.0000000000000000 -26.4002583055474069)
continue (8000.0000000000000000 -26.4174611994108730)
continue (8200.0000000000000000 -26.4342330934220868)
continue (8400.0000000000000000 -26.4505955220298752)
continue (8600.0000000000000000 -26.4665683100129527)
continue (8800.0000000000000000 -26.4821699667518935)
continue (9000.0000000000000000 -26.4974171567937127)
continue (9200.0000000000000000 -26.5123250554521803)
continue (9400.0000000000000000 -26.5269074733743011)
continue (9600.0000000000000000 -26.5411768766911571)
continue (9800.0000000000000000 -26.5551491340467720)
continue (10000.0000000000000000 -26.5688352768428260)
continue (10200.0000000000000000 -26.5822475403471223)
continue (10400.0000000000000000 -26.5953987543957666)
continue (10600.0000000000000000 -26.6083010362066794)
continue (10800.0000000000000000 -26.6209551445554382)
continue (11000.0000000000000000 -26.6333671708225879)
continue (11500.0000000000000000 -26.6634337895653601)
continue (12000.0000000000000000 -26.6922017113634098)
continue (12500.0000000000000000 -26.7197829106310891)
continue (13000.0000000000000000 -26.7462739753072398)
continue (13500.0000000000000000 -26.7717363805418067)
continue (14000.0000000000000000 -26.7962670401939924)
continue (14500.0000000000000000 -26.8199233871837812)
continue (15000.0000000000000000 -26.8427647718606650)
continue (15500.0000000000000000 -26.8648448041002297)
continue (16000.0000000000000000 -26.8862209860002181)
continue (16500.0000000000000000 -26.9069136361500902)
continue (17000.0000000000000000 -26.9269892354655695)
continue (17500.0000000000000000 -26.9464771237297214)
continue (18000.0000000000000000 -26.9654001606999714)
continue (18500.0000000000000000 -26.9837910805170722)
continue (19000.0000000000000000 -27.0016882102800189)
continue (19500.0000000000000000 -27.0191154127399109)
continue (20000.0000000000000000 -27.0360937407499371)
continue (20500.0000000000000000 -27.0526446786822277)
continue (21000.0000000000000000 -27.0687902201292658)
continue (21500.0000000000000000 -27.0845482750474602)
continue (22000.0000000000000000 -27.0999369361775315)
continue (22500.0000000000000000 -27.1149728482434149)
continue (23000.0000000000000000 -27.1296715552338128)
continue (23500.0000000000000000 -27.1440487368205439)
continue (24000.0000000000000000 -27.1581170327456789)
continue (24500.0000000000000000 -27.1718888826257086)
continue (25000.0000000000000000 -27.1853792688914702)
continue (25500.0000000000000000 -27.1985993793189778)
continue (26000.0000000000000000 -27.2115611560735360)
continue (26500.0000000000000000 -27.2242671080715972)
continue (27000.0000000000000000 -27.2367249192781919)
continue (27500.0000000000000000 -27.2489505058528856)
continue (28000.0000000000000000 -27.2609555983424166)
continue (28500.0000000000000000 -27.2727500148951236)
continue (29000.0000000000000000 -27.2843269743291224)
continue (29500.0000000000000000 -27.2956983162569422)
continue (30000.0000000000000000 -27.3068797407372408)
continue (30500.0000000000000000 -27.3178801816884054)
continue (31000.0000000000000000 -27.3286856312716715)
continue (31500.0000000000000000 -27.3393154415748540)
continue (32000.0000000000000000 -27.3497849508244002)
continue (32500.0000000000000000 -27.3600788582502510)
continue (33000.0000000000000000 -27.3702105513377312)
continue (33500.0000000000000000 -27.3801984289447304)
continue (34000.0000000000000000 -27.3900243531606478)
continue (34500.0000000000000000 -27.3997030339725072)
continue (35000.0000000000000000 -27.4092522530401403)
continue (35500.0000000000000000 -27.4186472884584163)
continue (36000.0000000000000000 -27.4279157023055262)
continue (36500.0000000000000000 -27.4370549903480487)
continue (37000.0000000000000000 -27.4460590809846501)
continue (37500.0000000000000000 -27.4549537998589521)
continue (38000.0000000000000000 -27.4637110241759892)
continue (38500.0000000000000000 -27.4723645606143094)
continue (39000.0000000000000000 -27.4808960190226053)
continue (39500.0000000000000000 -27.4893174172730710)
continue (40000.0000000000000000 -27.4976348375263022)
continue (40500.0000000000000000 -27.5058390379085331)
continue (41000.0000000000000000 -27.5139510206800537)
continue (41500.0000000000000000 -27.5219491670123482)
continue (42000.0000000000000000 -27.5298644931142036)
continue (42500.0000000000000000 -27.5376669887223429)
continue (43000.0000000000000000 -27.5453929164251434)
continue (43500.0000000000000000 -27.5530102448612233)
continue (44000.0000000000000000 -27.5605556414864381)
continue (44500.0000000000000000 -27.5679966679993989)
continue (45000.0000000000000000 -27.5753691579177698)
continue (45500.0000000000000000 -27.5826415528639011)
continue (46000.0000000000000000 -27.5898474931325843)
continue (46500.0000000000000000 -27.5969606591136909)
continue (47000.0000000000000000 -27.6040066382673963)
continue (47500.0000000000000000 -27.6109682987041758)
continue (48000.0000000000000000 -27.6178605099409928)
continue (48500.0000000000000000 -27.6246785312494403)
continue (49000.0000000000000000 -27.6314212873848604)
continue (49500.0000000000000000 -27.6381021589411660)
continue (50000.0000000000000000 -27.6447004434936723)
continue (50500.0000000000000000 -27.6512480465749597)
continue (51000.0000000000000000 -27.6577125467346754)
continue (51500.0000000000000000 -27.6641243536723564)
continue (52000.0000000000000000 -27.6704682944754978)
continue (52500.0000000000000000 -27.6767486225366213)
continue (53000.0000000000000000 -27.6829762585031602)
continue (53500.0000000000000000 -27.6891289790584842)
continue (54000.0000000000000000 -27.6952368296403577)
continue (54500.0000000000000000 -27.7012780688952631)
continue (55000.0000000000000000 -27.7072655864323352)
continue (55500.0000000000000000 -27.7132039159891690)
continue (56000.0000000000000000 -27.7190730714893050)
continue (56500.0000000000000000 -27.7249016479141730)
continue (57000.0000000000000000 -27.7306720682757870)
continue (57500.0000000000000000 -27.7363878035971823)
continue (58000.0000000000000000 -27.7420644262167215)
continue (58500.0000000000000000 -27.7476752431356850)
continue (59000.0000000000000000 -27.7532466774691784)
continue (59500.0000000000000000 -27.7587729460996897)
continue (60000.0000000000000000 -27.7642386422498575)
continue (60500.0000000000000000 -27.7696695457879912)
continue (61000.0000000000000000 -27.7750529716291226)
continue (61500.0000000000000000 -27.7803821655584393)
continue (62000.0000000000000000 -27.7856796494410361)
continue (62500.0000000000000000 -27.7909256715683384)
continue (63000.0000000000000000 -27.7961266567819791)
continue (63500.0000000000000000 -27.8012955994145017)
continue (64000.0000000000000000 -27.8064129505026436)
continue (64500.0000000000000000 -27.8114898308728229)
continue (65000.0000000000000000 -27.8165363314517293)
continue (65500.0000000000000000 -27.8215319330603599)
continue (66000.0000000000000000 -27.8264897595168073)
continue (66500.0000000000000000 -27.8314185219591472)
continue (67000.0000000000000000 -27.8362993133178946)
continue (67500.0000000000000000 -27.8411428707435036)
continue (68000.0000000000000000 -27.8459587332788026)
continue (68500.0000000000000000 -27.8507312703878291)
continue (69000.0000000000000000 -27.8554643071554757)
continue (69500.0000000000000000 -27.8601719922549549)
continue (70000.0000000000000000 -27.8648426557499391)
continue (70500.0000000000000000 -27.8694695827079819)
continue (71000.0000000000000000 -27.8740732856782572)
continue (71500.0000000000000000 -27.8786450489145636)
continue (72000.0000000000000000 -27.8831714493154230)
continue (72500.0000000000000000 -27.8876750422183015)
continue (73000.0000000000000000 -27.8921512756896597)
continue (73500.0000000000000000 -27.8965844881509533)
continue (74000.0000000000000000 -27.9009891517947679)
continue (74500.0000000000000000 -27.9053712489273629)
continue (75245.0000000000000000 -50.0000000000000000)
continue (7354000.0000000000000000 -50.0000000000000000)
f(nu) = -21.2943143714176237 at 1.0000000000000000 Ryd
