# Faucher-Giguere 2019 
# z = 2.162278
# E [Ryd] log (J_nu)
interpolate (0.0000000100 -50.0000000000)
continue (0.0121097530 -50.0000000000)
continue (0.0122320738 -26.8553489863)
continue (0.0123147229 -26.8509209715)
continue (0.0123984965 -26.8464582153)
continue (0.0124834178 -26.8419605107)
continue (0.0125695103 -26.8374326021)
continue (0.0126567986 -26.8328765116)
continue (0.0127453076 -26.8282820924)
continue (0.0128350633 -26.8236566305)
continue (0.0129260921 -26.8190024749)
continue (0.0130184214 -26.8143097087)
continue (0.0131120791 -26.8095801327)
continue (0.0132070941 -26.8048231218)
continue (0.0133034963 -26.8000259827)
continue (0.0134013161 -26.7951900813)
continue (0.0135005851 -26.7903250506)
continue (0.0136013358 -26.7854187355)
continue (0.0137036014 -26.7804717318)
continue (0.0138074166 -26.7754922864)
continue (0.0139128167 -26.7704719711)
continue (0.0140198384 -26.7654084776)
continue (0.0141285193 -26.7603102076)
continue (0.0142388984 -26.7551695731)
continue (0.0143510157 -26.7499835289)
continue (0.0144649126 -26.7447623393)
continue (0.0145806319 -26.7394947044)
continue (0.0146982177 -26.7341803464)
continue (0.0148177154 -26.7288299017)
continue (0.0149391721 -26.7234298633)
continue (0.0150626363 -26.7179820108)
continue (0.0151881583 -26.7124953431)
continue (0.0153157899 -26.7069550582)
continue (0.0154455847 -26.7013681485)
continue (0.0155775982 -26.6957379186)
continue (0.0157118879 -26.6900528612)
continue (0.0158485130 -26.6843200964)
continue (0.0159875350 -26.6785347027)
continue (0.0161290176 -26.6726927967)
continue (0.0162730267 -26.6668064505)
continue (0.0164196306 -26.6608592561)
continue (0.0165688999 -26.6548599943)
continue (0.0167209082 -26.6488083891)
continue (0.0168757314 -26.6426902318)
continue (0.0170334485 -26.6365231266)
continue (0.0171941414 -26.6302905531)
continue (0.0173578952 -26.6240012589)
continue (0.0175247980 -26.6176515842)
continue (0.0176949417 -26.6112319692)
continue (0.0178684215 -26.6047576619)
continue (0.0180453366 -26.5982128088)
continue (0.0182257899 -26.5916036844)
continue (0.0184098888 -26.5849228167)
continue (0.0185977448 -26.5781759877)
continue (0.0187894742 -26.5713592927)
continue (0.0189851978 -26.5644653894)
continue (0.0191850420 -26.5575057075)
continue (0.0193891382 -26.5504615499)
continue (0.0195976236 -26.5433499691)
continue (0.0198106412 -26.5361524453)
continue (0.0200283406 -26.5288797992)
continue (0.0202508777 -26.5215218633)
continue (0.0204784156 -26.5140817272)
continue (0.0207111249 -26.5065539605)
continue (0.0209491838 -26.4989403036)
continue (0.0211927790 -26.4912349597)
continue (0.0214421058 -26.4834395893)
continue (0.0216973690 -26.4755483154)
continue (0.0219587830 -26.4675622746)
continue (0.0222265731 -26.4594744283)
continue (0.0225009752 -26.4512902638)
continue (0.0227822374 -26.4429951110)
continue (0.0230706202 -26.4346033743)
continue (0.0233663973 -26.4260926729)
continue (0.0236698570 -26.4174779311)
continue (0.0239813025 -26.4087458930)
continue (0.0243010532 -26.3998931650)
continue (0.0246294458 -26.3909237534)
continue (0.0249668355 -26.3818236441)
continue (0.0253135971 -26.3726056136)
continue (0.0256701267 -26.3632466252)
continue (0.0260368428 -26.3537555793)
continue (0.0264141883 -26.3441281334)
continue (0.0268026322 -26.3343514383)
continue (0.0272026715 -26.3244341263)
continue (0.0276148332 -26.3143629090)
continue (0.0280396768 -26.3041300197)
continue (0.0284777968 -26.2937432783)
continue (0.0289298253 -26.2831873269)
continue (0.0293964354 -26.2724547716)
continue (0.0298783441 -26.2615498514)
continue (0.0303763165 -26.2504631652)
continue (0.0308911694 -26.2391834092)
continue (0.0314237757 -26.2277043617)
continue (0.0319750700 -26.2160281946)
continue (0.0325460534 -26.2041414367)
continue (0.0331377999 -26.1920355729)
continue (0.0337514628 -26.1796983437)
continue (0.0343882829 -26.1671346961)
continue (0.0350495960 -26.1543242845)
continue (0.0357368430 -26.1412638587)
continue (0.0364515799 -26.1279369365)
continue (0.0371954896 -26.1143385553)
continue (0.0379703957 -26.1004518402)
continue (0.0387782764 -26.0862686462)
continue (0.0396212824 -26.0717774811)
continue (0.0405017554 -26.0569632072)
continue (0.0414222498 -26.0418113656)
continue (0.0423855580 -26.0263054817)
continue (0.0433947379 -26.0104287469)
continue (0.0444531462 -25.9941641343)
continue (0.0455644748 -25.9774923884)
continue (0.0467327947 -25.9603950359)
continue (0.0479626051 -25.9428450441)
continue (0.0492588917 -25.9248196929)
continue (0.0506271942 -25.9062920000)
continue (0.0520736855 -25.8872360502)
continue (0.0536052645 -25.8676188441)
continue (0.0552296664 -25.8474127560)
continue (0.0569555935 -25.8265706002)
continue (0.0587928707 -25.8050611274)
continue (0.0607526331 -25.7828402493)
continue (0.0628475515 -25.7598478905)
continue (0.0650921069 -25.7360489402)
continue (0.0675029257 -25.7113648581)
continue (0.0700991920 -25.6857415359)
continue (0.0729031597 -25.6591033778)
continue (0.0759407914 -25.6313628790)
continue (0.0792425649 -25.6024230426)
continue (0.0828444997 -25.5721862688)
continue (0.0843786571 -25.5597038471)
continue (0.0859707072 -25.5469826775)
continue (0.0876239900 -25.5340175663)
continue (0.0893421075 -25.5207965010)
continue (0.0911289496 -25.5073105491)
continue (0.0929887241 -25.4935469065)
continue (0.0949259892 -25.4794992902)
continue (0.0969456911 -25.4651564018)
continue (0.0990532061 -25.4504980095)
continue (0.1012543885 -25.4355140285)
continue (0.1035556246 -25.4201909461)
continue (0.1059638949 -25.4045120971)
continue (0.1084868448 -25.3884605188)
continue (0.1111328654 -25.3720190648)
continue (0.1139111870 -25.3551692446)
continue (0.1168319867 -25.3378913208)
continue (0.1199065127 -25.3201786130)
continue (0.1231472292 -25.3020187942)
continue (0.1265679856 -25.2833924050)
continue (0.1301842138 -25.2642949217)
continue (0.1340131612 -25.2447196967)
continue (0.1380741661 -25.2246692376)
continue (0.1423889838 -25.2041322830)
continue (0.1469821768 -25.1831100363)
continue (0.1518815827 -25.1616156515)
continue (0.1571188787 -25.1396454771)
continue (0.1627302672 -25.1172132205)
continue (0.1687573141 -25.0943278335)
continue (0.1752479801 -25.0710134921)
continue (0.1822578993 -25.0472850792)
continue (0.1898519784 -25.0231631923)
continue (0.1981064122 -24.9986711691)
continue (0.2071112492 -24.9738186928)
continue (0.2169736896 -24.9486128901)
continue (0.2278223741 -24.9230545187)
continue (0.2398130253 -24.8971432919)
continue (0.2531359712 -24.8708623258)
continue (0.2680263224 -24.8441902644)
continue (0.2847779676 -24.8171013857)
continue (0.3037631654 -24.7895522494)
continue (0.3254605344 -24.7614913624)
continue (0.3504959601 -24.7328522050)
continue (0.3797039568 -24.7035507045)
continue (0.4142224983 -24.6734789074)
continue (0.4556447482 -24.6424983470)
continue (0.5062719424 -24.6104262903)
continue (0.5695559352 -24.5770138578)
continue (0.6509210688 -24.5419150358)
continue (0.7594079136 -24.5046209958)
continue (0.9112894963 -24.4643442422)
continue (0.9204944407 -24.4622318251)
continue (0.9298872411 -24.4601083433)
continue (0.9394737075 -24.4579745747)
continue (0.9492598920 -24.4558288432)
continue (0.9592521014 -24.4536724852)
continue (0.9694569110 -24.4515040327)
continue (0.9798811788 -24.4493237460)
continue (0.9905320612 -24.4471311009)
continue (1.0014170289 -24.4449263527)
continue (1.0125438848 -24.4427084104)
continue (1.0239207824 -24.4404781209)
continue (1.0355562458 -24.4382338809)
continue (1.0474591912 -24.4359767228)
continue (1.0596389492 -24.4337050467)
continue (1.0721052898 -24.4314198038)
continue (1.0848684480 -24.4291193651)
continue (1.0979391522 -24.4268046708)
continue (1.1113286540 -24.4244742256)
continue (1.1250487609 -24.4221285011)
continue (1.1391118704 -24.4197665816)
continue (1.1535310080 -24.4173883489)
continue (1.1683198671 -24.4149928718)
continue (1.1834928524 -24.4125809898)
continue (1.1990651267 -24.4101505591)
continue (1.2150526618 -24.4077026490)
continue (1.2314722923 -24.4052360092)
continue (1.2483417758 -24.4027499221)
continue (1.2656798560 -24.4002443257)
continue (1.2835063328 -24.3977180909)
continue (1.3018421376 -24.3951717038)
continue (1.3207094150 -24.3926037842)
continue (1.3401316122 -24.3900134182)
continue (1.3601335766 -24.3874010515)
continue (1.3807416611 -24.3847650820)
continue (1.4019838405 -24.3821048666)
continue (1.4238898380 -24.3794201721)
continue (1.4464912640 -24.3767098302)
continue (1.4698217683 -24.3739726592)
continue (1.4939172071 -24.3712089252)
continue (1.5188158272 -24.3684169543)
continue (1.5445584683 -24.3655954452)
continue (1.5711887868 -24.3627445731)
continue (1.5987535023 -24.3598623189)
continue (1.6273026720 -24.3569479312)
continue (1.6568899933 -24.3539999281)
continue (1.6875731413 -24.3510175041)
continue (1.7194141440 -24.3479994723)
continue (1.7524798006 -24.3449443503)
continue (1.7868421496 -24.3418503773)
continue (1.8225789926 -24.3387163120)
continue (1.8597744823 -24.3355402586)
continue (1.8985197840 -24.3323207502)
continue (1.9389138220 -24.3290560781)
continue (1.9810641224 -24.3257443884)
continue (2.0250877696 -24.3223833739)
continue (2.0711124916 -24.3189706982)
continue (2.1192778984 -24.3155041803)
continue (2.1697368960 -24.3119813106)
continue (2.2226573081 -24.3083992167)
continue (2.2782237408 -24.3047551036)
continue (2.3366397342 -24.3010461166)
continue (2.3981302535 -24.2972689561)
continue (2.4629445847 -24.2934194727)
continue (2.5313597120 -24.2894940189)
continue (2.6036842752 -24.2854880576)
continue (2.6802632245 -24.2813973260)
continue (2.7614833222 -24.2772172361)
continue (2.8477796760 -24.2729414219)
continue (2.9396435365 -24.2685641484)
continue (3.0376316544 -24.2640795473)
continue (3.1423775735 -24.2594793073)
continue (3.2546053440 -24.2547565951)
continue (3.3751462827 -24.2499014983)
continue (3.5049596012 -24.2449053309)
continue (3.6451579853 -24.2397566224)
continue (3.7970395680 -24.2344430916)
continue (3.9621282449 -24.2289513339)
continue (4.1422249833 -24.2232662685)
continue (4.3394737920 -24.2173702511)
continue (4.5564474816 -24.2112437179)
continue (4.7962605070 -24.2048644517)
continue (5.0627194240 -24.1982060344)
continue (5.3605264489 -24.1912392274)
continue (5.6955593520 -24.1839300924)
continue (6.0752633088 -24.1762390452)
continue (6.5092106880 -24.1681200155)
continue (7.0099192025 -24.1595201946)
continue (7.5940791360 -24.1503797484)
continue (8.2844499666 -24.1406307252)
continue (9.1128949632 -24.1302041318)
continue (9.5925210139 -24.1247038626)
continue (10.1254388480 -24.1187447694)
continue (10.7210528979 -24.1117435150)
continue (11.3911187040 -24.1029222120)
continue (12.1505266176 -24.0913241836)
continue (13.0184213760 -24.0757862700)
continue (14.0198384049 -24.0549649257)
continue (15.1881582720 -24.0273715166)
continue (16.5688999331 -23.9917264479)
continue (18.2257899264 -23.9479351076)
continue (20.2508776960 -23.8964219077)
continue (22.7822374080 -23.8378388163)
continue (26.0368427520 -23.7731575071)
continue (30.3763165440 -23.7043123234)
continue (36.4515798528 -23.6359018719)
continue (45.5644748160 -23.5778394240)
continue (60.7526330881 -23.5426054631)
continue (91.0379117204 -23.4997371094)
continue (91.1289496321 -23.4995605073)
continue (95.8243424102 -23.4943321836)
continue (101.1420084707 -23.4869633433)
continue (107.0845471588 -23.4783359932)
continue (113.7689758203 -23.4668330980)
continue (121.3434748763 -23.4529878472)
continue (129.9985016150 -23.4359488756)
continue (139.9830255485 -23.4166765138)
continue (151.6288679403 -23.3962484469)
continue (165.3882933432 -23.3711206872)
continue (181.8941110421 -23.3461761491)
continue (202.0597552818 -23.2928066425)
continue (227.2542384840 -22.8376488516)
continue (228.3933574739 -22.8149336881)
continue (228.9672101309 -22.8010561554)
continue (229.5439537332 -22.7868512071)
continue (230.1236101821 -22.7721126296)
continue (230.7062016002 -22.7567092112)
continue (231.2917503353 -22.7406105468)
continue (231.8802789621 -22.7339942744)
continue (232.4718102860 -22.7229909542)
continue (233.0663673455 -22.7116305442)
continue (233.6639734156 -22.6998042808)
continue (234.2646520105 -22.6873834741)
continue (234.2646520105 -22.6873834741)
continue (234.8684268868 -22.6939239886)
continue (235.4753220468 -22.6861215505)
continue (236.0853617412 -22.6772491704)
continue (236.6985704730 -22.6680524736)
continue (237.3149730003 -22.6584243941)
continue (237.3149730003 -22.6584243941)
continue (237.9345943397 -22.6482606062)
continue (238.5574597699 -22.6591285027)
continue (239.1835948349 -22.6514720940)
continue (239.8130253476 -22.6456387810)
continue (240.4457773934 -22.6378748131)
continue (241.0818773336 -22.6059058591)
continue (241.7213518093 -22.6082686890)
continue (242.3642277449 -22.6027160754)
continue (243.0105323523 -22.6355727948)
continue (243.0105323523 -22.6364966596)
continue (243.6602931340 -22.6304769565)
continue (244.3135378877 -22.6240163926)
continue (244.9702947099 -22.5975270670)
continue (245.6305920003 -22.5973537618)
continue (246.2944584651 -22.5948183822)
continue (246.9619231222 -22.5829218279)
continue (247.6330153046 -22.5763055520)
continue (248.3077646651 -22.5704820804)
continue (248.9862011806 -22.5582807249)
continue (249.6683551564 -22.5473973077)
continue (250.3542572310 -22.5449870287)
continue (251.0439383804 -22.5342441671)
continue (251.7374299229 -22.5280876574)
continue (252.4347635238 -22.5086507483)
continue (253.1359712003 -22.5072469016)
continue (253.8410853262 -22.5030320407)
continue (254.5501386371 -22.4956703900)
continue (255.2631642356 -22.4909412413)
continue (255.9801955958 -22.4742231711)
continue (255.9801955958 -22.4742231711)
continue (256.7012665693 -22.5433386646)
continue (257.4264113901 -22.5357416099)
continue (258.1556646802 -22.5325447779)
continue (258.8890614548 -22.5280442849)
continue (259.6266371285 -22.5144620614)
continue (260.3684275203 -22.5047340035)
continue (261.1144688599 -22.4971269924)
continue (261.8647977934 -22.4915076017)
continue (262.6194513893 -22.4856698547)
continue (263.3784671448 -22.4750143524)
continue (264.1418829916 -22.4759747931)
continue (264.9097373026 -22.4624025862)
continue (265.6820688982 -22.4563562293)
continue (266.4589170529 -22.4488182034)
continue (267.2403215018 -22.4384018896)
continue (268.0263224473 -22.4408015329)
continue (268.8169605667 -22.4296927880)
continue (269.6122770180 -22.4198317752)
continue (270.4123134484 -22.4162234478)
continue (271.2171120003 -22.4112427461)
continue (272.0267153197 -22.4078385710)
continue (272.8411665632 -22.3962341699)
continue (273.6605094057 -22.3882153317)
continue (274.4847880485 -22.3786910259)
continue (275.3140472269 -22.3821928812)
continue (276.1483322185 -22.3796644457)
continue (276.9876888514 -22.3681619539)
continue (277.8321635125 -22.3614509149)
continue (278.6818031563 -22.3586844966)
continue (279.5366553132 -22.3572447332)
continue (280.3967680988 -22.3488741588)
continue (281.2621902225 -22.3408611881)
continue (282.1329709972 -22.3348054722)
continue (283.0091603481 -22.3352358170)
continue (283.8908088227 -22.3334595079)
continue (284.7779676003 -22.3211338775)
continue (285.6706885019 -22.3163016190)
continue (286.5690240003 -22.3133684734)
continue (287.4730272306 -22.3136022632)
continue (288.3827520003 -22.3058622444)
continue (289.2982528003 -22.2999051790)
continue (290.2195848156 -22.2966828885)
continue (291.1468039364 -22.2958587368)
continue (292.0799667695 -22.2937744230)
continue (293.0191306498 -22.2839164185)
continue (293.9643536519 -22.2808896676)
continue (294.9156946023 -22.2792267950)
continue (295.8732130912 -22.2770839544)
continue (296.8369694857 -22.2680368746)
continue (297.8070249415 -22.2652047059)
continue (298.7834414167 -22.2592120213)
continue (299.7662816845 -22.2605089008)
continue (300.7556093469 -22.2527547799)
continue (301.7514888480 -22.2504021516)
continue (302.7539854887 -22.2459021572)
continue (303.7631654403 -21.4841074825)
continue (304.7790957595 -21.4858133694)
continue (305.8018444030 -21.4877493151)
continue (306.8314802428 -21.4899651241)
continue (307.8680730814 -21.4914864251)
continue (308.9116936681 -21.5093734884)
continue (309.9624137146 -21.5116755677)
continue (311.0203059116 -21.5136719867)
continue (312.0854439455 -21.5160913679)
continue (313.1579025158 -21.5169251758)
continue (314.2377573521 -21.5354782231)
continue (315.3250852322 -21.5374619762)
continue (316.4199640003 -21.5393576024)
continue (317.5224725857 -21.5410750805)
continue (318.6326910213 -21.5566633118)
continue (319.7507004635 -21.5613530603)
continue (320.8765832116 -21.5630201814)
continue (322.0104227283 -21.5654784754)
continue (323.1523036599 -21.5806118682)
continue (324.3023118580 -21.5851940031)
continue (325.4605344003 -21.5881110467)
continue (326.6270596133 -21.5914618237)
continue (327.8019770939 -21.6068670811)
continue (328.9853777332 -21.6081478164)
continue (330.1773537395 -21.6140274337)
continue (331.3779986622 -21.6180070814)
continue (332.5874074164 -21.6340572645)
continue (333.8056763080 -21.6356444798)
continue (335.0329030592 -21.6414571635)
continue (336.2691868343 -21.6450811680)
continue (337.5146282670 -21.6602064674)
continue (338.7693294874 -21.6609724552)
continue (340.0333941496 -21.6664576777)
continue (341.3069274610 -21.6700478461)
continue (342.5900362109 -21.6867206817)
continue (343.8828288004 -21.6881030925)
continue (345.1854152731 -21.6931926229)
continue (346.4979073464 -21.7107133001)
continue (347.8204184431 -21.7142839856)
continue (349.1530637245 -21.7149701582)
continue (350.4959601235 -21.7210118310)
continue (351.8492263788 -21.7379326869)
continue (353.2129830701 -21.7405478244)
continue (354.5873526541 -21.7441627099)
continue (355.9724595004 -21.7610349589)
continue (357.3684299298 -21.7629928987)
continue (358.7753922524 -21.7651710075)
continue (360.1934768067 -21.7707962600)
continue (361.6228160004 -21.7867319664)
continue (363.0635443510 -21.7890439963)
continue (364.5157985284 -21.7933238147)
continue (365.9797173980 -21.8083451615)
continue (367.4554420649 -21.8099659406)
continue (368.9431159194 -21.8110967241)
continue (370.4428846833 -21.8266814531)
continue (371.9548964575 -21.8320716512)
continue (373.4793017709 -21.8319008180)
continue (375.0162536300 -21.8448830212)
continue (376.5659075706 -21.8497471614)
continue (378.1284217099 -21.8522847192)
continue (379.7039568004 -21.8639104556)
continue (381.2926762849 -21.8660973530)
continue (382.8947463533 -21.8714344742)
continue (384.5103360004 -21.8793390574)
continue (386.1396170852 -21.8840186929)
continue (387.7827643919 -21.8868429629)
continue (389.4399556927 -21.8955054034)
continue (391.1113718116 -21.8986642004)
continue (392.7971966901 -21.9009677958)
continue (394.4976174550 -21.9066511052)
continue (396.2128244874 -21.9092954036)
continue (397.9430114939 -21.9121915431)
continue (399.6883755794 -21.9163939527)
continue (401.4491173220 -21.9171271333)
continue (403.2254408500 -21.9187910922)
continue (405.0175539204 -21.9217656514)
continue (406.8256680004 -21.9256031321)
continue (408.6499983502 -21.9290170616)
continue (410.4907641085 -21.9234465744)
continue (412.3481883805 -21.9251969777)
continue (414.2224983277 -21.9286389360)
continue (416.1139252607 -21.9296368802)
continue (418.0227047344 -21.9333896652)
continue (419.9490766456 -21.9305780035)
continue (421.8932853338 -21.9324287902)
continue (423.8555796842 -21.9276156815)
continue (425.8362132341 -21.9282821002)
continue (427.8354442821 -21.9333269988)
continue (429.8535360005 -21.9249712218)
continue (431.8907565502 -21.9271640770)
continue (433.9473792005 -21.9270605284)
continue (436.0236824502 -21.9223520440)
continue (438.1199501543 -21.9200080726)
continue (440.2364716526 -21.9200729176)
continue (442.3735419034 -21.9169072653)
continue (444.5314616200 -21.9131390627)
continue (446.7105374122 -21.9173149676)
continue (448.9110819315 -21.9097543822)
continue (451.1334140203 -21.9060865316)
continue (453.3778588662 -21.9092395095)
continue (455.6447481605 -21.9047425509)
continue (464.9436205719 -21.8800848171)
continue (477.1149195398 -21.8758336226)
continue (489.9405894199 -21.8559288909)
continue (503.4748598458 -21.8390838813)
continue (517.7781229096 -21.8191347545)
continue (532.9178341058 -21.8001502404)
continue (548.9695760970 -21.8043459219)
continue (566.0183206963 -21.7790742587)
continue (584.1599335391 -21.7693397352)
continue (603.5029776960 -21.7640633449)
continue (624.1708878911 -21.7564882972)
continue (646.3046073198 -21.7093005654)
continue (670.0658061184 -21.6921535804)
continue (695.6408368862 -21.6685911710)
continue (723.2456320008 -21.6401950681)
continue (753.1318151413 -21.6095155382)
continue (785.5943933801 -21.5973528275)
continue (820.9815282171 -21.5460012883)
continue (859.7070720009 -21.5002605726)
continue (902.2668280406 -21.4300890477)
continue (959.2521013905 -20.2440682318)
continue (1012.5438848011 -19.9410152736)
continue (1072.1052897894 -19.7659775353)
continue (1139.1118704012 -19.6648506028)
continue (1215.0526617613 -19.5613666406)
continue (1301.8421376014 -19.3481495808)
continue (1401.9838404938 -19.2960451894)
continue (1518.8158272016 -19.2714033510)
continue (1656.8899933109 -19.2473575722)
continue (1822.5789926419 -19.2295187597)
continue (2025.0877696022 -19.2169084620)
continue (2278.2237408024 -19.2101693704)
continue (2603.6842752028 -19.2181865483)
continue (3037.6316544032 -19.2316846335)
continue (3645.1579852839 -19.2574693905)
continue (4556.4474816048 -19.2138260527)
continue (6075.2633088065 -19.1697570189)
continue (9112.8949632097 -19.1399404450)
continue (9204.0239128418 -50.0000000000)
continue (7354000.0000000000 -50.0000000000)
f(nu) = -23.3460021470 at 1.0000000000 Ryd
