# Faucher-Giguere 2019 
# z = 2.548134
# E [Ryd] log (J_nu)
interpolate (0.0000000100 -50.0000000000)
continue (0.0121097530 -50.0000000000)
continue (0.0122320738 -26.8908455934)
continue (0.0123147229 -26.8864165347)
continue (0.0123984965 -26.8819507140)
continue (0.0124834178 -26.8774473567)
continue (0.0125695103 -26.8729225866)
continue (0.0126567986 -26.8683584097)
continue (0.0127453076 -26.8637677071)
continue (0.0128350633 -26.8591353325)
continue (0.0129260921 -26.8544759330)
continue (0.0130184214 -26.8497850043)
continue (0.0131120791 -26.8450485503)
continue (0.0132070941 -26.8402894531)
continue (0.0133034963 -26.8354915709)
continue (0.0134013161 -26.8306489723)
continue (0.0135005851 -26.8257834563)
continue (0.0136013358 -26.8208745181)
continue (0.0137036014 -26.8159210127)
continue (0.0138074166 -26.8109420252)
continue (0.0139128167 -26.8059181750)
continue (0.0140198384 -26.8008481863)
continue (0.0141285193 -26.7957509207)
continue (0.0142388984 -26.7906069073)
continue (0.0143510157 -26.7854148019)
continue (0.0144649126 -26.7801936370)
continue (0.0145806319 -26.7749237484)
continue (0.0146982177 -26.7696031712)
continue (0.0148177154 -26.7642509711)
continue (0.0149391721 -26.7588505484)
continue (0.0150626363 -26.7533964502)
continue (0.0151881583 -26.7479053045)
continue (0.0153157899 -26.7423685998)
continue (0.0154455847 -26.7367755944)
continue (0.0155775982 -26.7311389507)
continue (0.0157118879 -26.7254496867)
continue (0.0158485130 -26.7197172650)
continue (0.0159875350 -26.7139286984)
continue (0.0161290176 -26.7080807560)
continue (0.0162730267 -26.7021904745)
continue (0.0164196306 -26.6962463762)
continue (0.0165688999 -26.6902424654)
continue (0.0167209082 -26.6841839183)
continue (0.0168757314 -26.6780610897)
continue (0.0170334485 -26.6718908279)
continue (0.0171941414 -26.6656606976)
continue (0.0173578952 -26.6593663270)
continue (0.0175247980 -26.6530115576)
continue (0.0176949417 -26.6465865492)
continue (0.0178684215 -26.6401074487)
continue (0.0180453366 -26.6335582210)
continue (0.0182257899 -26.6269483325)
continue (0.0184098888 -26.6202686135)
continue (0.0185977448 -26.6135165663)
continue (0.0187894742 -26.6066950996)
continue (0.0189851978 -26.5997963016)
continue (0.0191850420 -26.5928319834)
continue (0.0193891382 -26.5857833108)
continue (0.0195976236 -26.5786671673)
continue (0.0198106412 -26.5714656488)
continue (0.0200283406 -26.5641896947)
continue (0.0202508777 -26.5568268209)
continue (0.0204784156 -26.5493846911)
continue (0.0207111249 -26.5418524397)
continue (0.0209491838 -26.5342361157)
continue (0.0211927790 -26.5265258289)
continue (0.0214421058 -26.5187272360)
continue (0.0216973690 -26.5108302234)
continue (0.0219587830 -26.5028413319)
continue (0.0222265731 -26.4947489874)
continue (0.0225009752 -26.4865611506)
continue (0.0227822374 -26.4782628635)
continue (0.0230706202 -26.4698679362)
continue (0.0233663973 -26.4613546799)
continue (0.0236698570 -26.4527370294)
continue (0.0239813025 -26.4440004207)
continue (0.0243010532 -26.4351441035)
continue (0.0246294458 -26.4261660427)
continue (0.0249668355 -26.4170620622)
continue (0.0253135971 -26.4078413022)
continue (0.0256701267 -26.3984810351)
continue (0.0260368428 -26.3889854338)
continue (0.0264141883 -26.3793486080)
continue (0.0268026322 -26.3695698931)
continue (0.0272026715 -26.3596508149)
continue (0.0276148332 -26.3495712489)
continue (0.0280396768 -26.3393336628)
continue (0.0284777968 -26.3289460988)
continue (0.0289298253 -26.3183811217)
continue (0.0293964354 -26.3076459204)
continue (0.0298783441 -26.2967404697)
continue (0.0303763165 -26.2856432449)
continue (0.0308911694 -26.2743618949)
continue (0.0314237757 -26.2628742338)
continue (0.0319750700 -26.2511983627)
continue (0.0325460534 -26.2393018723)
continue (0.0331377999 -26.2271929109)
continue (0.0337514628 -26.2148504587)
continue (0.0343882829 -26.2022780966)
continue (0.0350495960 -26.1894689192)
continue (0.0357368430 -26.1763996463)
continue (0.0364515799 -26.1630657518)
continue (0.0371954896 -26.1494643615)
continue (0.0379703957 -26.1355750927)
continue (0.0387782764 -26.1213845089)
continue (0.0396212824 -26.1068861346)
continue (0.0405017554 -26.0920654138)
continue (0.0414222498 -26.0769075799)
continue (0.0423855580 -26.0613959300)
continue (0.0433947379 -26.0455137316)
continue (0.0444531462 -26.0292440652)
continue (0.0455644748 -26.0125682716)
continue (0.0467327947 -25.9954660300)
continue (0.0479626051 -25.9779069804)
continue (0.0492588917 -25.9598745533)
continue (0.0506271942 -25.9413445446)
continue (0.0520736855 -25.9222760858)
continue (0.0536052645 -25.9026591186)
continue (0.0552296664 -25.8824409493)
continue (0.0569555935 -25.8615977216)
continue (0.0587928707 -25.8400813431)
continue (0.0607526331 -25.8178509983)
continue (0.0628475515 -25.7948511439)
continue (0.0650921069 -25.7710452613)
continue (0.0675029257 -25.7463564828)
continue (0.0700991920 -25.7207240658)
continue (0.0729031597 -25.6940756421)
continue (0.0759407914 -25.6663284129)
continue (0.0792425649 -25.6373829425)
continue (0.0828444997 -25.6071358075)
continue (0.0843786571 -25.5946473045)
continue (0.0859707072 -25.5819277104)
continue (0.0876239900 -25.5689555661)
continue (0.0893421075 -25.5557314689)
continue (0.0911289496 -25.5422450313)
continue (0.0929887241 -25.5284760967)
continue (0.0949259892 -25.5144228756)
continue (0.0969456911 -25.5000745078)
continue (0.0990532061 -25.4854164953)
continue (0.1012543885 -25.4704327494)
continue (0.1035556246 -25.4551065995)
continue (0.1059638949 -25.4394239982)
continue (0.1084868448 -25.4233681969)
continue (0.1111328654 -25.4069189443)
continue (0.1139111870 -25.3900611951)
continue (0.1168319867 -25.3727828544)
continue (0.1199065127 -25.3550737167)
continue (0.1231472292 -25.3369170387)
continue (0.1265679856 -25.3182996011)
continue (0.1301842138 -25.2992283412)
continue (0.1340131612 -25.2796822124)
continue (0.1380741661 -25.2596840631)
continue (0.1423889838 -25.2392143994)
continue (0.1469821768 -25.2182797216)
continue (0.1518815827 -25.1968992154)
continue (0.1571188787 -25.1750708301)
continue (0.1627302672 -25.1528111111)
continue (0.1687573141 -25.1301315244)
continue (0.1752479801 -25.1070601187)
continue (0.1822578993 -25.0836099957)
continue (0.1898519784 -25.0598074015)
continue (0.1981064122 -25.0356725349)
continue (0.2071112492 -25.0112173735)
continue (0.2169736896 -24.9864436156)
continue (0.2278223741 -24.9613503548)
continue (0.2398130253 -24.9359319574)
continue (0.2531359712 -24.9101647925)
continue (0.2680263224 -24.8840265419)
continue (0.2847779676 -24.8574881669)
continue (0.3037631654 -24.8305005784)
continue (0.3254605344 -24.8030132999)
continue (0.3504959601 -24.7749580742)
continue (0.3797039568 -24.7462474916)
continue (0.4142224983 -24.7167735412)
continue (0.4556447482 -24.6864004715)
continue (0.5062719424 -24.6549435631)
continue (0.5695559352 -24.6221543286)
continue (0.6509210688 -24.5876866767)
continue (0.7594079136 -24.5510326791)
continue (0.9112894963 -24.5114050207)
continue (0.9204944407 -24.5093252231)
continue (0.9298872411 -24.5072342575)
continue (0.9394737075 -24.5051331024)
continue (0.9492598920 -24.5030199912)
continue (0.9592521014 -24.5008963116)
continue (0.9694569110 -24.4987605019)
continue (0.9798811788 -24.4966133143)
continue (0.9905320612 -24.4944536766)
continue (1.0014170289 -24.4922817830)
continue (1.0125438848 -24.4900971738)
continue (1.0239207824 -24.4878994485)
continue (1.0355562458 -24.4856885522)
continue (1.0474591912 -24.4834639561)
continue (1.0596389492 -24.4812256456)
continue (1.0721052898 -24.4789730011)
continue (1.0848684480 -24.4767059359)
continue (1.0979391522 -24.4744238473)
continue (1.1113286540 -24.4721264921)
continue (1.1250487609 -24.4698136853)
continue (1.1391118704 -24.4674846171)
continue (1.1535310080 -24.4651396825)
continue (1.1683198671 -24.4627774760)
continue (1.1834928524 -24.4603989238)
continue (1.1990651267 -24.4580019476)
continue (1.2150526618 -24.4555873726)
continue (1.2314722923 -24.4531537640)
continue (1.2483417758 -24.4507005688)
continue (1.2656798560 -24.4482283887)
continue (1.2835063328 -24.4457357695)
continue (1.3018421376 -24.4432230088)
continue (1.3207094150 -24.4406881519)
continue (1.3401316122 -24.4381310305)
continue (1.3601335766 -24.4355524370)
continue (1.3807416611 -24.4329499662)
continue (1.4019838405 -24.4303227746)
continue (1.4238898380 -24.4276720357)
continue (1.4464912640 -24.4249952811)
continue (1.4698217683 -24.4222914205)
continue (1.4939172071 -24.4195617299)
continue (1.5188158272 -24.4168029330)
continue (1.5445584683 -24.4140155191)
continue (1.5711887868 -24.4111979181)
continue (1.5987535023 -24.4083498100)
continue (1.6273026720 -24.4054688241)
continue (1.6568899933 -24.4025551569)
continue (1.6875731413 -24.3996060978)
continue (1.7194141440 -24.3966225262)
continue (1.7524798006 -24.3936010380)
continue (1.7868421496 -24.3905406845)
continue (1.8225789926 -24.3874408313)
continue (1.8597744823 -24.3842991022)
continue (1.8985197840 -24.3811134405)
continue (1.9389138220 -24.3778827354)
continue (1.9810641224 -24.3746051123)
continue (2.0250877696 -24.3712782658)
continue (2.0711124916 -24.3678999954)
continue (2.1192778984 -24.3644678511)
continue (2.1697368960 -24.3609793087)
continue (2.2226573081 -24.3574317798)
continue (2.2782237408 -24.3538223804)
continue (2.3366397342 -24.3501482842)
continue (2.3981302535 -24.3464060051)
continue (2.4629445847 -24.3425910070)
continue (2.5313597120 -24.3387007831)
continue (2.6036842752 -24.3347301727)
continue (2.6802632245 -24.3306745297)
continue (2.7614833222 -24.3265298126)
continue (2.8477796760 -24.3222900237)
continue (2.9396435365 -24.3179484650)
continue (3.0376316544 -24.3134999369)
continue (3.1423775735 -24.3089361847)
continue (3.2546053440 -24.3042504331)
continue (3.3751462827 -24.2994328683)
continue (3.5049596012 -24.2944748817)
continue (3.6451579853 -24.2893643207)
continue (3.7970395680 -24.2840906860)
continue (3.9621282449 -24.2786390775)
continue (4.1422249833 -24.2729956388)
continue (4.3394737920 -24.2671429756)
continue (4.5564474816 -24.2610620299)
continue (4.7962605070 -24.2547306123)
continue (5.0627194240 -24.2481238888)
continue (5.3605264489 -24.2412131299)
continue (5.6955593520 -24.2339661596)
continue (6.0752633088 -24.2263455748)
continue (6.5092106880 -24.2183090491)
continue (7.0099192025 -24.2098088322)
continue (7.5940791360 -24.2007929798)
continue (8.2844499666 -24.1912067245)
continue (9.1128949632 -24.1810030332)
continue (9.5925210139 -24.1756444349)
continue (10.1254388480 -24.1697997309)
continue (10.7210528979 -24.1627689870)
continue (11.3911187040 -24.1536842206)
continue (12.1505266176 -24.1415314045)
continue (13.0184213760 -24.1251318863)
continue (14.0198384049 -24.1031918886)
continue (15.1881582720 -24.0743576938)
continue (16.5688999331 -24.0376020847)
continue (18.2257899264 -23.9933383989)
continue (20.2508776960 -23.9424771998)
continue (22.7822374080 -23.8860521152)
continue (26.0368427520 -23.8254948901)
continue (30.3763165440 -23.7635199076)
continue (36.4515798528 -23.7058547673)
continue (45.5644748160 -23.6628295366)
continue (60.7526330881 -23.6430588307)
continue (91.0379117204 -23.6323272682)
continue (91.1289496321 -23.6322907500)
continue (95.8243424102 -23.6296871103)
continue (101.1420084707 -23.6248663245)
continue (107.0845471588 -23.6181119391)
continue (113.7689758203 -23.6080906035)
continue (121.3434748763 -23.5959217414)
continue (129.9985016150 -23.5804489752)
continue (139.9830255485 -23.5628211899)
continue (151.6288679403 -23.5441801756)
continue (165.3882933432 -23.5198623447)
continue (181.8941110421 -23.4967968853)
continue (202.0597552818 -23.4420328843)
continue (227.2542384840 -22.9675493245)
continue (228.3933574739 -22.8961327237)
continue (228.9672101309 -22.8826268717)
continue (229.5439537332 -22.8689633813)
continue (230.1236101821 -22.8547595197)
continue (230.7062016002 -22.8397153041)
continue (231.2917503353 -22.7990334105)
continue (231.8802789621 -22.7889141724)
continue (232.4718102860 -22.7784502614)
continue (233.0663673455 -22.7676995078)
continue (233.6639734156 -22.7562764499)
continue (234.2646520105 -22.7265934784)
continue (234.2646520105 -22.7265934784)
continue (234.8684268868 -22.7459427574)
continue (235.4753220468 -22.7379147702)
continue (236.0853617412 -22.7296945580)
continue (236.6985704730 -22.7209905766)
continue (237.3149730003 -22.6980987321)
continue (237.3149730003 -22.6980987321)
continue (237.9345943397 -22.7223076790)
continue (238.5574597699 -22.7160988881)
continue (239.1835948349 -22.7097635624)
continue (239.8130253476 -22.7031505516)
continue (240.4457773934 -22.6956187855)
continue (241.0818773336 -22.6558065301)
continue (241.7213518093 -22.6544677622)
continue (242.3642277449 -22.6495601174)
continue (243.0105323523 -22.7064762955)
continue (243.0105323523 -22.7064762955)
continue (243.6602931340 -22.6926486770)
continue (244.3135378877 -22.6688547415)
continue (244.9702947099 -22.6675884783)
continue (245.6305920003 -22.6636961592)
continue (246.2944584651 -22.6600442321)
continue (246.9619231222 -22.6334153510)
continue (247.6330153046 -22.6200037577)
continue (248.3077646651 -22.6119441178)
continue (248.9862011806 -22.6083312714)
continue (249.6683551564 -22.6048344442)
continue (250.3542572310 -22.5827500328)
continue (251.0439383804 -22.5713337798)
continue (251.7374299229 -22.5641778030)
continue (252.4347635238 -22.5608603230)
continue (253.1359712003 -22.5447171433)
continue (253.8410853262 -22.5235469013)
continue (254.5501386371 -22.5297730813)
continue (255.2631642356 -22.5242638847)
continue (255.9801955958 -22.5217853948)
continue (255.9801955958 -22.5217853948)
continue (256.7012665693 -22.6169847961)
continue (257.4264113901 -22.6041945237)
continue (258.1556646802 -22.5988002219)
continue (258.8890614548 -22.6011261616)
continue (259.6266371285 -22.5985198718)
continue (260.3684275203 -22.5658409451)
continue (261.1144688599 -22.5560917497)
continue (261.8647977934 -22.5465440966)
continue (262.6194513893 -22.5512645499)
continue (263.3784671448 -22.5436453421)
continue (264.1418829916 -22.5182997508)
continue (264.9097373026 -22.5111169391)
continue (265.6820688982 -22.5071037240)
continue (266.4589170529 -22.5073218715)
continue (267.2403215018 -22.4857894295)
continue (268.0263224473 -22.4773336684)
continue (268.8169605667 -22.4708210060)
continue (269.6122770180 -22.4695339949)
continue (270.4123134484 -22.4641689009)
continue (271.2171120003 -22.4511900022)
continue (272.0267153197 -22.4409660727)
continue (272.8411665632 -22.4334231416)
continue (273.6605094057 -22.4305095503)
continue (274.4847880485 -22.4216070399)
continue (275.3140472269 -22.4138694840)
continue (276.1483322185 -22.4085244516)
continue (276.9876888514 -22.4024744077)
continue (277.8321635125 -22.3983565145)
continue (278.6818031563 -22.3962949500)
continue (279.5366553132 -22.3876540890)
continue (280.3967680988 -22.3809776282)
continue (281.2621902225 -22.3739889725)
continue (282.1329709972 -22.3736601793)
continue (283.0091603481 -22.3664401199)
continue (283.8908088227 -22.3602988259)
continue (284.7779676003 -22.3515821987)
continue (285.6706885019 -22.3531543891)
continue (286.5690240003 -22.3463980855)
continue (287.4730272306 -22.3415079504)
continue (288.3827520003 -22.3336870522)
continue (289.2982528003 -22.3351106433)
continue (290.2195848156 -22.3324144764)
continue (291.1468039364 -22.3260502521)
continue (292.0799667695 -22.3187684734)
continue (293.0191306498 -22.3186972905)
continue (293.9643536519 -22.3164703509)
continue (294.9156946023 -22.3118205066)
continue (295.8732130912 -22.3041844499)
continue (296.8369694857 -22.3024581612)
continue (297.8070249415 -22.2992681775)
continue (298.7834414167 -22.2907549882)
continue (299.7662816845 -22.2875909818)
continue (300.7556093469 -22.2868074861)
continue (301.7514888480 -22.2849240585)
continue (302.7539854887 -22.2736873669)
continue (303.7631654403 -21.4635981518)
continue (304.7790957595 -21.4678458112)
continue (305.8018444030 -21.4716407890)
continue (306.8314802428 -21.4747340348)
continue (307.8680730814 -21.4783316849)
continue (308.9116936681 -21.5034887939)
continue (309.9624137146 -21.5070687599)
continue (311.0203059116 -21.5103027197)
continue (312.0854439455 -21.5149514111)
continue (313.1579025158 -21.5396462697)
continue (314.2377573521 -21.5428248748)
continue (315.3250852322 -21.5462002411)
continue (316.4199640003 -21.5671255619)
continue (317.5224725857 -21.5748637735)
continue (318.6326910213 -21.5785563753)
continue (319.7507004635 -21.5817716790)
continue (320.8765832116 -21.6021108674)
continue (322.0104227283 -21.6112104242)
continue (323.1523036599 -21.6149252898)
continue (324.3023118580 -21.6168337901)
continue (325.4605344003 -21.6383023701)
continue (326.6270596133 -21.6483601707)
continue (327.8019770939 -21.6495837803)
continue (328.9853777332 -21.6528911343)
continue (330.1773537395 -21.6740105328)
continue (331.3779986622 -21.6841612063)
continue (332.5874074164 -21.6852520742)
continue (333.8056763080 -21.7053625681)
continue (335.0329030592 -21.7170036281)
continue (336.2691868343 -21.7203008516)
continue (337.5146282670 -21.7343377785)
continue (338.7693294874 -21.7389331980)
continue (340.0333941496 -21.7495716761)
continue (341.3069274610 -21.7523252000)
continue (342.5900362109 -21.7689611315)
continue (343.8828288004 -21.7748980033)
continue (345.1854152731 -21.7846034185)
continue (346.4979073464 -21.7983379078)
continue (347.8204184431 -21.8031181578)
continue (349.1530637245 -21.8124716163)
continue (350.4959601235 -21.8274725792)
continue (351.8492263788 -21.8300846769)
continue (353.2129830701 -21.8399441502)
continue (354.5873526541 -21.8565584309)
continue (355.9724595004 -21.8565915876)
continue (357.3684299298 -21.8639448081)
continue (358.7753922524 -21.8807760706)
continue (360.1934768067 -21.8812801595)
continue (361.6228160004 -21.8853706072)
continue (363.0635443510 -21.9043347958)
continue (364.5157985284 -21.9053188423)
continue (365.9797173980 -21.9085775170)
continue (367.4554420649 -21.9226532600)
continue (368.9431159194 -21.9224879875)
continue (370.4428846833 -21.9262857239)
continue (371.9548964575 -21.9417427894)
continue (373.4793017709 -21.9379727614)
continue (375.0162536300 -21.9424754605)
continue (376.5659075706 -21.9569842191)
continue (378.1284217099 -21.9527087299)
continue (379.7039568004 -21.9695630298)
continue (381.2926762849 -21.9700769917)
continue (382.8947463533 -21.9696139246)
continue (384.5103360004 -21.9852590779)
continue (386.1396170852 -21.9811485002)
continue (387.7827643919 -21.9835968202)
continue (389.4399556927 -21.9957993697)
continue (391.1113718116 -21.9906315197)
continue (392.7971966901 -21.9987153503)
continue (394.4976174550 -21.9999220284)
continue (396.2128244874 -21.9950901737)
continue (397.9430114939 -22.0041971657)
continue (399.6883755794 -22.0009967345)
continue (401.4491173220 -21.9985696633)
continue (403.2254408500 -21.9994358287)
continue (405.0175539204 -21.9981322782)
continue (406.8256680004 -22.0002250051)
continue (408.6499983502 -21.9998745580)
continue (410.4907641085 -21.9927761877)
continue (412.3481883805 -21.9901043783)
continue (414.2224983277 -21.9903311649)
continue (416.1139252607 -21.9894816665)
continue (418.0227047344 -21.9889054376)
continue (419.9490766456 -21.9889189051)
continue (421.8932853338 -21.9833409243)
continue (423.8555796842 -21.9761525846)
continue (425.8362132341 -21.9793077548)
continue (427.8354442821 -21.9759047147)
continue (429.8535360005 -21.9658506082)
continue (431.8907565502 -21.9681439562)
continue (433.9473792005 -21.9627990778)
continue (436.0236824502 -21.9556265598)
continue (438.1199501543 -21.9546803225)
continue (440.2364716526 -21.9476725436)
continue (442.3735419034 -21.9443999384)
continue (444.5314616200 -21.9451744668)
continue (446.7105374122 -21.9408210847)
continue (448.9110819315 -21.9323147166)
continue (451.1334140203 -21.9328098132)
continue (453.3778588662 -21.9248692236)
continue (455.6447481605 -21.9255878119)
continue (464.9436205719 -21.8932541054)
continue (477.1149195398 -21.8824746997)
continue (489.9405894199 -21.8696807436)
continue (503.4748598458 -21.8457589114)
continue (517.7781229096 -21.8233680251)
continue (532.9178341058 -21.8056684920)
continue (548.9695760970 -21.8244939202)
continue (566.0183206963 -21.7967665681)
continue (584.1599335391 -21.7848577475)
continue (603.5029776960 -21.7700101809)
continue (624.1708878911 -21.7670929814)
continue (646.3046073198 -21.7151112803)
continue (670.0658061184 -21.7016488956)
continue (695.6408368862 -21.6760392058)
continue (723.2456320008 -21.6356030823)
continue (753.1318151413 -21.6042281173)
continue (785.5943933801 -21.5908179304)
continue (820.9815282171 -21.5315416599)
continue (859.7070720009 -21.4860858554)
continue (902.2668280406 -21.4217271384)
continue (959.2521013905 -20.1842430719)
continue (1012.5438848011 -19.9313876694)
continue (1072.1052897894 -19.7097739809)
continue (1139.1118704012 -19.5719740722)
continue (1215.0526617613 -19.4757557398)
continue (1301.8421376014 -19.3007000812)
continue (1401.9838404938 -19.2389685893)
continue (1518.8158272016 -19.2289857130)
continue (1656.8899933109 -19.2115934954)
continue (1822.5789926419 -19.1991441321)
continue (2025.0877696022 -19.1907357254)
continue (2278.2237408024 -19.1896860351)
continue (2603.6842752028 -19.1913267352)
continue (3037.6316544032 -19.2181415738)
continue (3645.1579852839 -19.2432627599)
continue (4556.4474816048 -19.1806833292)
continue (6075.2633088065 -19.1463703530)
continue (9112.8949632097 -19.1204697758)
continue (9204.0239128418 -50.0000000000)
continue (7354000.0000000000 -50.0000000000)
f(nu) = -23.3933533205 at 1.0000000000 Ryd
