# Faucher-Giguere 2019 
# z = 2.981072
# E [Ryd] log (J_nu)
interpolate (0.0000000100 -50.0000000000)
continue (0.0121097530 -50.0000000000)
continue (0.0122320738 -26.9868285995)
continue (0.0123147229 -26.9823950657)
continue (0.0123984965 -26.9779323539)
continue (0.0124834178 -26.9734215469)
continue (0.0125695103 -26.9689008441)
continue (0.0126567986 -26.9643290535)
continue (0.0127453076 -26.9597352590)
continue (0.0128350633 -26.9551053229)
continue (0.0129260921 -26.9504387033)
continue (0.0130184214 -26.9457533218)
continue (0.0131120791 -26.9410094496)
continue (0.0132070941 -26.9362446855)
continue (0.0133034963 -26.9314527532)
continue (0.0134013161 -26.9266016765)
continue (0.0135005851 -26.9217326258)
continue (0.0136013358 -26.9168269024)
continue (0.0137036014 -26.9118656467)
continue (0.0138074166 -26.9068857349)
continue (0.0139128167 -26.9018630800)
continue (0.0140198384 -26.8967855965)
continue (0.0141285193 -26.8916875472)
continue (0.0142388984 -26.8865447141)
continue (0.0143510157 -26.8813451611)
continue (0.0144649126 -26.8761213987)
continue (0.0145806319 -26.8708552150)
continue (0.0146982177 -26.8655272368)
continue (0.0148177154 -26.8601702348)
continue (0.0149391721 -26.8547759867)
continue (0.0150626363 -26.8493146022)
continue (0.0151881583 -26.8438177420)
continue (0.0153157899 -26.8382802140)
continue (0.0154455847 -26.8326900808)
continue (0.0155775982 -26.8270450886)
continue (0.0157118879 -26.8213518299)
continue (0.0158485130 -26.8156197678)
continue (0.0159875350 -26.8098323624)
continue (0.0161290176 -26.8039776872)
continue (0.0162730267 -26.7980822140)
continue (0.0164196306 -26.7921356568)
continue (0.0165688999 -26.7861353804)
continue (0.0167209082 -26.7800725453)
continue (0.0168757314 -26.7739438906)
continue (0.0170334485 -26.7677687671)
continue (0.0171941414 -26.7615364952)
continue (0.0173578952 -26.7552454535)
continue (0.0175247980 -26.7488878373)
continue (0.0176949417 -26.7424571631)
continue (0.0178684215 -26.7359727645)
continue (0.0180453366 -26.7294202422)
continue (0.0182257899 -26.7228068612)
continue (0.0184098888 -26.7161277029)
continue (0.0185977448 -26.7093762061)
continue (0.0187894742 -26.7025530653)
continue (0.0189851978 -26.6956490567)
continue (0.0191850420 -26.6886800465)
continue (0.0193891382 -26.6816275993)
continue (0.0195976236 -26.6745069144)
continue (0.0198106412 -26.6673023015)
continue (0.0200283406 -26.6600228501)
continue (0.0202508777 -26.6526570103)
continue (0.0204784156 -26.6452111963)
continue (0.0207111249 -26.6376763404)
continue (0.0209491838 -26.6300562227)
continue (0.0211927790 -26.6223435868)
continue (0.0214421058 -26.6145414226)
continue (0.0216973690 -26.6066420163)
continue (0.0219587830 -26.5986499680)
continue (0.0222265731 -26.5905549046)
continue (0.0225009752 -26.5823641327)
continue (0.0227822374 -26.5740643613)
continue (0.0230706202 -26.5656675058)
continue (0.0233663973 -26.5571533841)
continue (0.0236698570 -26.5485344934)
continue (0.0239813025 -26.5397902691)
continue (0.0243010532 -26.5309265629)
continue (0.0246294458 -26.5219452042)
continue (0.0249668355 -26.5128398318)
continue (0.0253135971 -26.5036190993)
continue (0.0256701267 -26.4942563822)
continue (0.0260368428 -26.4847508534)
continue (0.0264141883 -26.4751110487)
continue (0.0268026322 -26.4653322461)
continue (0.0272026715 -26.4554135060)
continue (0.0276148332 -26.4453217796)
continue (0.0280396768 -26.4350844726)
continue (0.0284777968 -26.4246982937)
continue (0.0289298253 -26.4141212273)
continue (0.0293964354 -26.4033871219)
continue (0.0298783441 -26.3924736911)
continue (0.0303763165 -26.3813740169)
continue (0.0308911694 -26.3700916953)
continue (0.0314237757 -26.3585975285)
continue (0.0319750700 -26.3469222642)
continue (0.0325460534 -26.3350170546)
continue (0.0331377999 -26.3229031492)
continue (0.0337514628 -26.3105606900)
continue (0.0343882829 -26.2979800050)
continue (0.0350495960 -26.2851738869)
continue (0.0357368430 -26.2720973705)
continue (0.0364515799 -26.2587553126)
continue (0.0371954896 -26.2451491794)
continue (0.0379703957 -26.2312622938)
continue (0.0387782764 -26.2170672931)
continue (0.0396212824 -26.2025616585)
continue (0.0405017554 -26.1877353451)
continue (0.0414222498 -26.1725724485)
continue (0.0423855580 -26.1570562261)
continue (0.0433947379 -26.1411699277)
continue (0.0444531462 -26.1248968016)
continue (0.0455644748 -26.1082194968)
continue (0.0467327947 -26.0911119634)
continue (0.0479626051 -26.0735412221)
continue (0.0492588917 -26.0555060237)
continue (0.0506271942 -26.0369778664)
continue (0.0520736855 -26.0178963978)
continue (0.0536052645 -25.9982805418)
continue (0.0552296664 -25.9780513210)
continue (0.0569555935 -25.9572018265)
continue (0.0587928707 -25.9356868445)
continue (0.0607526331 -25.9134503654)
continue (0.0628475515 -25.8904433274)
continue (0.0650921069 -25.8666332192)
continue (0.0675029257 -25.8419393302)
continue (0.0700991920 -25.8162941439)
continue (0.0729031597 -25.7896422074)
continue (0.0759407914 -25.7618861456)
continue (0.0792425649 -25.7329416686)
continue (0.0828444997 -25.7026853033)
continue (0.0843786571 -25.6901897775)
continue (0.0859707072 -25.6774759065)
continue (0.0876239900 -25.6644946432)
continue (0.0893421075 -25.6512649575)
continue (0.0911289496 -25.6377827919)
continue (0.0929887241 -25.6240103766)
continue (0.0949259892 -25.6099510302)
continue (0.0969456911 -25.5955980429)
continue (0.0990532061 -25.5809366737)
continue (0.1012543885 -25.5659502519)
continue (0.1035556246 -25.5506227037)
continue (0.1059638949 -25.5349372932)
continue (0.1084868448 -25.5188769379)
continue (0.1111328654 -25.5024241800)
continue (0.1139111870 -25.4855640482)
continue (0.1168319867 -25.4682862197)
continue (0.1199065127 -25.4505826813)
continue (0.1231472292 -25.4324243892)
continue (0.1265679856 -25.4138204695)
continue (0.1301842138 -25.3947762645)
continue (0.1340131612 -25.3752575065)
continue (0.1380741661 -25.3553057864)
continue (0.1423889838 -25.3349026054)
continue (0.1469821768 -25.3140468220)
continue (0.1518815827 -25.2927679165)
continue (0.1571188787 -25.2710653069)
continue (0.1627302672 -25.2489569849)
continue (0.1687573141 -25.2264568327)
continue (0.1752479801 -25.2035948594)
continue (0.1822578993 -25.1803794164)
continue (0.1898519784 -25.1568505169)
continue (0.1981064122 -25.1330157728)
continue (0.2071112492 -25.1088911401)
continue (0.2169736896 -25.0844746243)
continue (0.2278223741 -25.0597619060)
continue (0.2398130253 -25.0347421301)
continue (0.2531359712 -25.0093898011)
continue (0.2680263224 -24.9836779746)
continue (0.2847779676 -24.9575777210)
continue (0.3037631654 -24.9310339211)
continue (0.3254605344 -24.9039985415)
continue (0.3504959601 -24.8764022297)
continue (0.3797039568 -24.8481550560)
continue (0.4142224983 -24.8191496824)
continue (0.4556447482 -24.7892525075)
continue (0.5062719424 -24.7582768516)
continue (0.5695559352 -24.7259735096)
continue (0.6509210688 -24.6920000431)
continue (0.7594079136 -24.6558448029)
continue (0.9112894963 -24.6167239174)
continue (0.9204944407 -24.6146698385)
continue (0.9298872411 -24.6126040722)
continue (0.9394737075 -24.6105282170)
continue (0.9492598920 -24.6084405407)
continue (0.9592521014 -24.6063422557)
continue (0.9694569110 -24.6042319569)
continue (0.9798811788 -24.6021102379)
continue (0.9905320612 -24.5999762284)
continue (1.0014170289 -24.5978299023)
continue (1.0125438848 -24.5956709548)
continue (1.0239207824 -24.5934989682)
continue (1.0355562458 -24.5913137976)
continue (1.0474591912 -24.5891149312)
continue (1.0596389492 -24.5869022949)
continue (1.0721052898 -24.5846753224)
continue (1.0848684480 -24.5824339014)
continue (1.0979391522 -24.5801775295)
continue (1.1113286540 -24.5779059980)
continue (1.1250487609 -24.5756189562)
continue (1.1391118704 -24.5733158122)
continue (1.1535310080 -24.5709967618)
continue (1.1683198671 -24.5686605795)
continue (1.1834928524 -24.5663080799)
continue (1.1990651267 -24.5639372206)
continue (1.2150526618 -24.5615485843)
continue (1.2314722923 -24.5591401506)
continue (1.2483417758 -24.5567129662)
continue (1.2656798560 -24.5542668784)
continue (1.2835063328 -24.5518005846)
continue (1.3018421376 -24.5493140748)
continue (1.3207094150 -24.5468044637)
continue (1.3401316122 -24.5442736463)
continue (1.3601335766 -24.5417215173)
continue (1.3807416611 -24.5391447253)
continue (1.4019838405 -24.5365435785)
continue (1.4238898380 -24.5339194632)
continue (1.4464912640 -24.5312683418)
continue (1.4698217683 -24.5285908649)
continue (1.4939172071 -24.5258879208)
continue (1.5188158272 -24.5231546966)
continue (1.5445584683 -24.5203941658)
continue (1.5711887868 -24.5176022321)
continue (1.5987535023 -24.5147810591)
continue (1.6273026720 -24.5119258680)
continue (1.6568899933 -24.5090391367)
continue (1.6875731413 -24.5061161328)
continue (1.7194141440 -24.5031588212)
continue (1.7524798006 -24.5001644122)
continue (1.7868421496 -24.4971301618)
continue (1.8225789926 -24.4940567471)
continue (1.8597744823 -24.4909422501)
continue (1.8985197840 -24.4877831904)
continue (1.9389138220 -24.4845790260)
continue (1.9810641224 -24.4813280573)
continue (2.0250877696 -24.4780280153)
continue (2.0711124916 -24.4746766490)
continue (2.1192778984 -24.4712715113)
continue (2.1697368960 -24.4678100886)
continue (2.2226573081 -24.4642897955)
continue (2.2782237408 -24.4607078412)
continue (2.3366397342 -24.4570614169)
continue (2.3981302535 -24.4533464570)
continue (2.4629445847 -24.4495588527)
continue (2.5313597120 -24.4456969004)
continue (2.6036842752 -24.4417538281)
continue (2.6802632245 -24.4377267713)
continue (2.7614833222 -24.4336101675)
continue (2.8477796760 -24.4293998242)
continue (2.9396435365 -24.4250871163)
continue (3.0376316544 -24.4206678902)
continue (3.1423775735 -24.4161341178)
continue (3.2546053440 -24.4114788732)
continue (3.3751462827 -24.4066927057)
continue (3.5049596012 -24.4017669026)
continue (3.6451579853 -24.3966888202)
continue (3.7970395680 -24.3914497884)
continue (3.9621282449 -24.3860336316)
continue (4.1422249833 -24.3804275785)
continue (4.3394737920 -24.3746147988)
continue (4.5564474816 -24.3685769944)
continue (4.7962605070 -24.3622917362)
continue (5.0627194240 -24.3557374213)
continue (5.3605264489 -24.3488850227)
continue (5.6955593520 -24.3417050895)
continue (6.0752633088 -24.3341649995)
continue (6.5092106880 -24.3262259549)
continue (7.0099192025 -24.3178478312)
continue (7.5940791360 -24.3089914375)
continue (8.2844499666 -24.2996210124)
continue (9.1128949632 -24.2897208344)
continue (9.5925210139 -24.2845599441)
continue (10.1254388480 -24.2788960684)
continue (10.7210528979 -24.2719280028)
continue (11.3911187040 -24.2627107406)
continue (12.1505266176 -24.2502217292)
continue (13.0184213760 -24.2332956711)
continue (14.0198384049 -24.2107220166)
continue (15.1881582720 -24.1813052502)
continue (16.5688999331 -24.1443021838)
continue (18.2257899264 -24.1006577009)
continue (20.2508776960 -24.0517708614)
continue (22.7822374080 -23.9990923068)
continue (26.0368427520 -23.9446513928)
continue (30.3763165440 -23.8920794593)
continue (36.4515798528 -23.8480569056)
continue (45.5644748160 -23.8224407958)
continue (60.7526330881 -23.8184864648)
continue (91.0379117204 -23.8542906455)
continue (91.1289496321 -23.8543059088)
continue (95.8243424102 -23.8542411948)
continue (101.1420084707 -23.8520465330)
continue (107.0845471588 -23.8480823427)
continue (113.7689758203 -23.8406955788)
continue (121.3434748763 -23.8313035958)
continue (129.9985016150 -23.8184992951)
continue (139.9830255485 -23.8034507237)
continue (151.6288679403 -23.7875807898)
continue (165.3882933432 -23.7643508163)
continue (181.8941110421 -23.7441392493)
continue (202.0597552818 -23.6885856658)
continue (227.2542384840 -23.1953852121)
continue (228.3933574739 -23.0550719854)
continue (228.9672101309 -23.0423339324)
continue (229.5439537332 -23.0298253652)
continue (230.1236101821 -23.0166808769)
continue (230.7062016002 -22.9404354299)
continue (231.2917503353 -22.9266930240)
continue (231.8802789621 -22.9173870127)
continue (232.4718102860 -22.9081976919)
continue (233.0663673455 -22.8984156288)
continue (233.6639734156 -22.8449949683)
continue (234.2646520105 -22.8342823458)
continue (234.2646520105 -22.8342823458)
continue (234.8684268868 -22.8790946267)
continue (235.4753220468 -22.8723630556)
continue (236.0853617412 -22.8650866487)
continue (236.6985704730 -22.8282964694)
continue (237.3149730003 -22.8697387458)
continue (237.3149730003 -22.8697387458)
continue (237.9345943397 -22.8690966219)
continue (238.5574597699 -22.8641275841)
continue (239.1835948349 -22.8587292183)
continue (239.8130253476 -22.8328827744)
continue (240.4457773934 -22.7913670883)
continue (241.0818773336 -22.7897360745)
continue (241.7213518093 -22.7853966672)
continue (242.3642277449 -22.7668373209)
continue (243.0105323523 -22.8655039321)
continue (243.0105323523 -22.8655039321)
continue (243.6602931340 -22.8373107909)
continue (244.3135378877 -22.8337915150)
continue (244.9702947099 -22.8198830396)
continue (245.6305920003 -22.8184900923)
continue (246.2944584651 -22.7681599789)
continue (246.9619231222 -22.7631186133)
continue (247.6330153046 -22.7601218794)
continue (248.3077646651 -22.7498527453)
continue (248.9862011806 -22.7423572060)
continue (249.6683551564 -22.7069926014)
continue (250.3542572310 -22.7025839292)
continue (251.0439383804 -22.6941370249)
continue (251.7374299229 -22.6921017251)
continue (252.4347635238 -22.6603531385)
continue (253.1359712003 -22.6543663355)
continue (253.8410853262 -22.6469644128)
continue (254.5501386371 -22.6461376642)
continue (255.2631642356 -22.6215133902)
continue (255.9801955958 -22.6179246414)
continue (255.9801955958 -22.6179246414)
continue (256.7012665693 -22.7918602344)
continue (257.4264113901 -22.7841786286)
continue (258.1556646802 -22.7721144723)
continue (258.8890614548 -22.7717466512)
continue (259.6266371285 -22.7272211104)
continue (260.3684275203 -22.7208498768)
continue (261.1144688599 -22.7069977685)
continue (261.8647977934 -22.6990098591)
continue (262.6194513893 -22.6996015885)
continue (263.3784671448 -22.6625542100)
continue (264.1418829916 -22.6518155880)
continue (264.9097373026 -22.6423920712)
continue (265.6820688982 -22.6443698955)
continue (266.4589170529 -22.6147622455)
continue (267.2403215018 -22.6059093056)
continue (268.0263224473 -22.5968815922)
continue (268.8169605667 -22.5968747407)
continue (269.6122770180 -22.5743890610)
continue (270.4123134484 -22.5632431722)
continue (271.2171120003 -22.5598154280)
continue (272.0267153197 -22.5565777149)
continue (272.8411665632 -22.5323378198)
continue (273.6605094057 -22.5247704164)
continue (274.4847880485 -22.5250207667)
continue (275.3140472269 -22.5228844131)
continue (276.1483322185 -22.5021563356)
continue (276.9876888514 -22.4955734433)
continue (277.8321635125 -22.5016958629)
continue (278.6818031563 -22.4994584915)
continue (279.5366553132 -22.4779717977)
continue (280.3967680988 -22.4732304783)
continue (281.2621902225 -22.4782391187)
continue (282.1329709972 -22.4618776939)
continue (283.0091603481 -22.4543262902)
continue (283.8908088227 -22.4513505645)
continue (284.7779676003 -22.4551268594)
continue (285.6706885019 -22.4401063068)
continue (286.5690240003 -22.4330460687)
continue (287.4730272306 -22.4330145744)
continue (288.3827520003 -22.4279992114)
continue (289.2982528003 -22.4236759786)
continue (290.2195848156 -22.4178106478)
continue (291.1468039364 -22.4212647341)
continue (292.0799667695 -22.4128677927)
continue (293.0191306498 -22.4090887420)
continue (293.9643536519 -22.4064651303)
continue (294.9156946023 -22.4021352662)
continue (295.8732130912 -22.3981837984)
continue (296.8369694857 -22.3934168851)
continue (297.8070249415 -22.3930848640)
continue (298.7834414167 -22.3777285313)
continue (299.7662816845 -22.3787403180)
continue (300.7556093469 -22.3802575648)
continue (301.7514888480 -22.3759154289)
continue (302.7539854887 -22.3589873652)
continue (303.7631654403 -21.5179416503)
continue (304.7790957595 -21.5230473956)
continue (305.8018444030 -21.5282541886)
continue (306.8314802428 -21.5334622273)
continue (307.8680730814 -21.5665903143)
continue (308.9116936681 -21.5713523087)
continue (309.9624137146 -21.5764343148)
continue (311.0203059116 -21.5829881518)
continue (312.0854439455 -21.6162149643)
continue (313.1579025158 -21.6206921703)
continue (314.2377573521 -21.6251997082)
continue (315.3250852322 -21.6568115042)
continue (316.4199640003 -21.6643088086)
continue (317.5224725857 -21.6677670186)
continue (318.6326910213 -21.6755482554)
continue (319.7507004635 -21.7066758330)
continue (320.8765832116 -21.7108000827)
continue (322.0104227283 -21.7170081170)
continue (323.1523036599 -21.7464869946)
continue (324.3023118580 -21.7483041848)
continue (325.4605344003 -21.7560119075)
continue (326.6270596133 -21.7869704136)
continue (327.8019770939 -21.7859124455)
continue (328.9853777332 -21.7915516563)
continue (330.1773537395 -21.8020184872)
continue (331.3779986622 -21.8270773617)
continue (332.5874074164 -21.8286057279)
continue (333.8056763080 -21.8406892136)
continue (335.0329030592 -21.8700208508)
continue (336.2691868343 -21.8651946215)
continue (337.5146282670 -21.8729210552)
continue (338.7693294874 -21.8988106944)
continue (340.0333941496 -21.8961272936)
continue (341.3069274610 -21.9029843095)
continue (342.5900362109 -21.9298845719)
continue (343.8828288004 -21.9305627807)
continue (345.1854152731 -21.9338308109)
continue (346.4979073464 -21.9583532381)
continue (347.8204184431 -21.9618998872)
continue (349.1530637245 -21.9631125662)
continue (350.4959601235 -21.9864477105)
continue (351.8492263788 -21.9883466349)
continue (353.2129830701 -22.0032999596)
continue (354.5873526541 -22.0113206598)
continue (355.9724595004 -22.0131348396)
continue (357.3684299298 -22.0252480494)
continue (358.7753922524 -22.0318180039)
continue (360.1934768067 -22.0357905513)
continue (361.6228160004 -22.0480077298)
continue (363.0635443510 -22.0539064819)
continue (364.5157985284 -22.0676630375)
continue (365.9797173980 -22.0669375057)
continue (367.4554420649 -22.0648927439)
continue (368.9431159194 -22.0758431038)
continue (370.4428846833 -22.0723663783)
continue (371.9548964575 -22.0787172223)
continue (373.4793017709 -22.0859736291)
continue (375.0162536300 -22.0813593591)
continue (376.5659075706 -22.0944502070)
continue (378.1284217099 -22.0984428182)
continue (379.7039568004 -22.0981755127)
continue (381.2926762849 -22.1034967853)
continue (382.8947463533 -22.1102617844)
continue (384.5103360004 -22.1088765813)
continue (386.1396170852 -22.1134169171)
continue (387.7827643919 -22.1200282736)
continue (389.4399556927 -22.1155206384)
continue (391.1113718116 -22.1212153904)
continue (392.7971966901 -22.1212035418)
continue (394.4976174550 -22.1159368997)
continue (396.2128244874 -22.1151683145)
continue (397.9430114939 -22.1172772466)
continue (399.6883755794 -22.1096388525)
continue (401.4491173220 -22.1081955454)
continue (403.2254408500 -22.1004481666)
continue (405.0175539204 -22.0931235279)
continue (406.8256680004 -22.0983302064)
continue (408.6499983502 -22.0852731477)
continue (410.4907641085 -22.0869913104)
continue (412.3481883805 -22.0770068371)
continue (414.2224983277 -22.0603461039)
continue (416.1139252607 -22.0774683255)
continue (418.0227047344 -22.0657129258)
continue (419.9490766456 -22.0709150011)
continue (421.8932853338 -22.0553483259)
continue (423.8555796842 -22.0363294414)
continue (425.8362132341 -22.0565645815)
continue (427.8354442821 -22.0423470738)
continue (429.8535360005 -22.0319478521)
continue (431.8907565502 -22.0397755200)
continue (433.9473792005 -22.0141055785)
continue (436.0236824502 -22.0275764111)
continue (438.1199501543 -22.0088999051)
continue (440.2364716526 -22.0002742324)
continue (442.3735419034 -22.0035633743)
continue (444.5314616200 -21.9869132607)
continue (446.7105374122 -22.0032655615)
continue (448.9110819315 -21.9797951255)
continue (451.1334140203 -21.9863102462)
continue (453.3778588662 -21.9736229480)
continue (455.6447481605 -21.9708724384)
continue (464.9436205719 -21.9280422228)
continue (477.1149195398 -21.9171412983)
continue (489.9405894199 -21.9041042313)
continue (503.4748598458 -21.8892683776)
continue (517.7781229096 -21.8750354906)
continue (532.9178341058 -21.8286300000)
continue (548.9695760970 -21.9018832683)
continue (566.0183206963 -21.8241014927)
continue (584.1599335391 -21.8140938306)
continue (603.5029776960 -21.8176728351)
continue (624.1708878911 -21.8119533571)
continue (646.3046073198 -21.7679833343)
continue (670.0658061184 -21.7424044769)
continue (695.6408368862 -21.7039668612)
continue (723.2456320008 -21.6561314261)
continue (753.1318151413 -21.6467641469)
continue (785.5943933801 -21.6186777489)
continue (820.9815282171 -21.5520344178)
continue (859.7070720009 -21.5294393027)
continue (902.2668280406 -21.4507835301)
continue (959.2521013905 -20.0781340583)
continue (1012.5438848011 -19.8889902199)
continue (1072.1052897894 -19.6785502467)
continue (1139.1118704012 -19.5845329497)
continue (1215.0526617613 -19.4425096036)
continue (1301.8421376014 -19.2655050460)
continue (1401.9838404938 -19.2322197201)
continue (1518.8158272016 -19.2084747541)
continue (1656.8899933109 -19.1963571759)
continue (1822.5789926419 -19.1971687182)
continue (2025.0877696022 -19.1863090731)
continue (2278.2237408024 -19.1886335963)
continue (2603.6842752028 -19.2003295675)
continue (3037.6316544032 -19.2267748138)
continue (3645.1579852839 -19.2522160881)
continue (4556.4474816048 -19.1892789657)
continue (6075.2633088065 -19.1493895027)
continue (9112.8949632097 -19.1234367025)
continue (9204.0239128418 -50.0000000000)
continue (7354000.0000000000 -50.0000000000)
f(nu) = -23.4988981272 at 1.0000000000 Ryd
