# Faucher-Giguere 2019 
# z = 3.466836
# E [Ryd] log (J_nu)
interpolate (0.0000000100 -50.0000000000)
continue (0.0121097530 -50.0000000000)
continue (0.0122320738 -27.1492308856)
continue (0.0123147229 -27.1447863811)
continue (0.0123984965 -27.1403251738)
continue (0.0124834178 -27.1358162870)
continue (0.0125695103 -27.1312802835)
continue (0.0126567986 -27.1267222236)
continue (0.0127453076 -27.1221174290)
continue (0.0128350633 -27.1174889703)
continue (0.0129260921 -27.1128235636)
continue (0.0130184214 -27.1081238429)
continue (0.0131120791 -27.1033928119)
continue (0.0132070941 -27.0986206860)
continue (0.0133034963 -27.0938207702)
continue (0.0134013161 -27.0889796764)
continue (0.0135005851 -27.0840991543)
continue (0.0136013358 -27.0791931270)
continue (0.0137036014 -27.0742374163)
continue (0.0138074166 -27.0692445509)
continue (0.0139128167 -27.0642252573)
continue (0.0140198384 -27.0591514677)
continue (0.0141285193 -27.0540403492)
continue (0.0142388984 -27.0489003520)
continue (0.0143510157 -27.0437052411)
continue (0.0144649126 -27.0384700185)
continue (0.0145806319 -27.0332017417)
continue (0.0146982177 -27.0278820570)
continue (0.0148177154 -27.0225167202)
continue (0.0149391721 -27.0171123368)
continue (0.0150626363 -27.0116620380)
continue (0.0151881583 -27.0061617060)
continue (0.0153157899 -27.0006137196)
continue (0.0154455847 -26.9950209194)
continue (0.0155775982 -26.9893852888)
continue (0.0157118879 -26.9836873209)
continue (0.0158485130 -26.9779428797)
continue (0.0159875350 -26.9721561318)
continue (0.0161290176 -26.9663092937)
continue (0.0162730267 -26.9604092235)
continue (0.0164196306 -26.9544541603)
continue (0.0165688999 -26.9484453439)
continue (0.0167209082 -26.9423912918)
continue (0.0168757314 -26.9362651103)
continue (0.0170334485 -26.9300842811)
continue (0.0171941414 -26.9238441962)
continue (0.0173578952 -26.9175440357)
continue (0.0175247980 -26.9111910999)
continue (0.0176949417 -26.9047661284)
continue (0.0178684215 -26.8982803834)
continue (0.0180453366 -26.8917237663)
continue (0.0182257899 -26.8851030012)
continue (0.0184098888 -26.8784166504)
continue (0.0185977448 -26.8716588272)
continue (0.0187894742 -26.8648376406)
continue (0.0189851978 -26.8579367859)
continue (0.0191850420 -26.8509696208)
continue (0.0193891382 -26.8439166075)
continue (0.0195976236 -26.8367936294)
continue (0.0198106412 -26.8295860567)
continue (0.0200283406 -26.8223029813)
continue (0.0202508777 -26.8149349514)
continue (0.0204784156 -26.8074848186)
continue (0.0207111249 -26.7999479811)
continue (0.0209491838 -26.7923244000)
continue (0.0211927790 -26.7846101373)
continue (0.0214421058 -26.7768049630)
continue (0.0216973690 -26.7689048269)
continue (0.0219587830 -26.7609099348)
continue (0.0222265731 -26.7528136988)
continue (0.0225009752 -26.7446209267)
continue (0.0227822374 -26.7363183320)
continue (0.0230706202 -26.7279164962)
continue (0.0233663973 -26.7193934662)
continue (0.0236698570 -26.7107668593)
continue (0.0239813025 -26.7020194079)
continue (0.0243010532 -26.6931603898)
continue (0.0246294458 -26.6841805351)
continue (0.0249668355 -26.6750755807)
continue (0.0253135971 -26.6658460038)
continue (0.0256701267 -26.6564701610)
continue (0.0260368428 -26.6469704796)
continue (0.0264141883 -26.6373345271)
continue (0.0268026322 -26.6275505012)
continue (0.0272026715 -26.6176164841)
continue (0.0276148332 -26.6075332408)
continue (0.0280396768 -26.5972962742)
continue (0.0284777968 -26.5868925465)
continue (0.0289298253 -26.5763246082)
continue (0.0293964354 -26.5655864058)
continue (0.0298783441 -26.5546649565)
continue (0.0303763165 -26.5435713398)
continue (0.0308911694 -26.5322711197)
continue (0.0314237757 -26.5207889261)
continue (0.0319750700 -26.5090957921)
continue (0.0325460534 -26.4972018405)
continue (0.0331377999 -26.4850745873)
continue (0.0337514628 -26.4727347949)
continue (0.0343882829 -26.4601534058)
continue (0.0350495960 -26.4473303240)
continue (0.0357368430 -26.4342627788)
continue (0.0364515799 -26.4209189909)
continue (0.0371954896 -26.4073019344)
continue (0.0379703957 -26.3934041878)
continue (0.0387782764 -26.3792129615)
continue (0.0396212824 -26.3647114108)
continue (0.0405017554 -26.3498829157)
continue (0.0414222498 -26.3347162840)
continue (0.0423855580 -26.3191963202)
continue (0.0433947379 -26.3033064796)
continue (0.0444531462 -26.2870281555)
continue (0.0455644748 -26.2703386568)
continue (0.0467327947 -26.2532204620)
continue (0.0479626051 -26.2356564712)
continue (0.0492588917 -26.2176227590)
continue (0.0506271942 -26.1990756350)
continue (0.0520736855 -26.1800042073)
continue (0.0536052645 -26.1603697576)
continue (0.0552296664 -26.1401514538)
continue (0.0569555935 -26.1192897137)
continue (0.0587928707 -26.0977620784)
continue (0.0607526331 -26.0755290638)
continue (0.0628475515 -26.0525214180)
continue (0.0650921069 -26.0287031004)
continue (0.0675029257 -26.0039961013)
continue (0.0700991920 -25.9783558212)
continue (0.0729031597 -25.9517048791)
continue (0.0759407914 -25.9239352600)
continue (0.0792425649 -25.8949814981)
continue (0.0828444997 -25.8647291010)
continue (0.0843786571 -25.8522325993)
continue (0.0859707072 -25.8395043964)
continue (0.0876239900 -25.8265357563)
continue (0.0893421075 -25.8132993169)
continue (0.0911289496 -25.7998031102)
continue (0.0929887241 -25.7860383919)
continue (0.0949259892 -25.7719836774)
continue (0.0969456911 -25.7576268645)
continue (0.0990532061 -25.7429589762)
continue (0.1012543885 -25.7279665371)
continue (0.1035556246 -25.7126345477)
continue (0.1059638949 -25.6969465664)
continue (0.1084868448 -25.6808856727)
continue (0.1111328654 -25.6644341179)
continue (0.1139111870 -25.6475761729)
continue (0.1168319867 -25.6302978862)
continue (0.1199065127 -25.6125839395)
continue (0.1231472292 -25.5944339399)
continue (0.1265679856 -25.5758503129)
continue (0.1301842138 -25.5568117084)
continue (0.1340131612 -25.5373363131)
continue (0.1380741661 -25.5174170196)
continue (0.1423889838 -25.4970739072)
continue (0.1469821768 -25.4762961558)
continue (0.1518815827 -25.4551057969)
continue (0.1571188787 -25.4335136763)
continue (0.1627302672 -25.4115374435)
continue (0.1687573141 -25.3891943774)
continue (0.1752479801 -25.3665075341)
continue (0.1822578993 -25.3434998610)
continue (0.1898519784 -25.3202041295)
continue (0.1981064122 -25.2966297957)
continue (0.2071112492 -25.2727850565)
continue (0.2169736896 -25.2486697633)
continue (0.2278223741 -25.2242751056)
continue (0.2398130253 -25.1995822519)
continue (0.2531359712 -25.1745753424)
continue (0.2680263224 -25.1492150200)
continue (0.2847779676 -25.1234681785)
continue (0.3037631654 -25.0972900321)
continue (0.3254605344 -25.0706206856)
continue (0.3504959601 -25.0433914560)
continue (0.3797039568 -25.0155190391)
continue (0.4142224983 -24.9868958169)
continue (0.4556447482 -24.9573805965)
continue (0.5062719424 -24.9267922349)
continue (0.5695559352 -24.8948826476)
continue (0.6509210688 -24.8613065363)
continue (0.7594079136 -24.8255533443)
continue (0.9112894963 -24.7868388099)
continue (0.9204944407 -24.7848055692)
continue (0.9298872411 -24.7827609942)
continue (0.9394737075 -24.7807061795)
continue (0.9492598920 -24.7786391925)
continue (0.9592521014 -24.7765614117)
continue (0.9694569110 -24.7744715870)
continue (0.9798811788 -24.7723701501)
continue (0.9905320612 -24.7702565955)
continue (1.0014170289 -24.7681306168)
continue (1.0125438848 -24.7659921675)
continue (1.0239207824 -24.7638406262)
continue (1.0355562458 -24.7616760829)
continue (1.0474591912 -24.7594977891)
continue (1.0596389492 -24.7573058975)
continue (1.0721052898 -24.7550996222)
continue (1.0848684480 -24.7528790790)
continue (1.0979391522 -24.7506435359)
continue (1.1113286540 -24.7483929915)
continue (1.1250487609 -24.7461268378)
continue (1.1391118704 -24.7438447421)
continue (1.1535310080 -24.7415465571)
continue (1.1683198671 -24.7392311351)
continue (1.1834928524 -24.7368991364)
continue (1.1990651267 -24.7345483058)
continue (1.2150526618 -24.7321801775)
continue (1.2314722923 -24.7297932049)
continue (1.2483417758 -24.7273875873)
continue (1.2656798560 -24.7249625955)
continue (1.2835063328 -24.7225166482)
continue (1.3018421376 -24.7200501839)
continue (1.3207094150 -24.7175624171)
continue (1.3401316122 -24.7150530953)
continue (1.3601335766 -24.7125212299)
continue (1.3807416611 -24.7099651472)
continue (1.4019838405 -24.7073860509)
continue (1.4238898380 -24.7047824129)
continue (1.4464912640 -24.7021521204)
continue (1.4698217683 -24.6994966665)
continue (1.4939172071 -24.6968135779)
continue (1.5188158272 -24.6941025815)
continue (1.5445584683 -24.6913624537)
continue (1.5711887868 -24.6885925481)
continue (1.5987535023 -24.6857919545)
continue (1.6273026720 -24.6829587336)
continue (1.6568899933 -24.6800922204)
continue (1.6875731413 -24.6771919464)
continue (1.7194141440 -24.6742552809)
continue (1.7524798006 -24.6712823284)
continue (1.7868421496 -24.6682703748)
continue (1.8225789926 -24.6652179295)
continue (1.8597744823 -24.6621242890)
continue (1.8985197840 -24.6589877534)
continue (1.9389138220 -24.6558058398)
continue (1.9810641224 -24.6525766712)
continue (2.0250877696 -24.6492984775)
continue (2.0711124916 -24.6459690029)
continue (2.1192778984 -24.6425859637)
continue (2.1697368960 -24.6391468688)
continue (2.2226573081 -24.6356489990)
continue (2.2782237408 -24.6320895551)
continue (2.3366397342 -24.6284650987)
continue (2.3981302535 -24.6247725210)
continue (2.4629445847 -24.6210088969)
continue (2.5313597120 -24.6171699872)
continue (2.6036842752 -24.6132503430)
continue (2.6802632245 -24.6092474896)
continue (2.7614833222 -24.6051550478)
continue (2.8477796760 -24.6009684703)
continue (2.9396435365 -24.5966817843)
continue (3.0376316544 -24.5922886358)
continue (3.1423775735 -24.5877813099)
continue (3.2546053440 -24.5831533434)
continue (3.3751462827 -24.5783951231)
continue (3.5049596012 -24.5734979694)
continue (3.6451579853 -24.5684519294)
continue (3.7970395680 -24.5632445526)
continue (3.9621282449 -24.5578645472)
continue (4.1422249833 -24.5522964387)
continue (4.3394737920 -24.5465250757)
continue (4.5564474816 -24.5405325135)
continue (4.7962605070 -24.5342993708)
continue (5.0627194240 -24.5278038774)
continue (5.3605264489 -24.5210211970)
continue (5.6955593520 -24.5139253191)
continue (6.0752633088 -24.5064876770)
continue (6.5092106880 -24.4986777021)
continue (7.0099192025 -24.4904668111)
continue (7.5940791360 -24.4818333809)
continue (8.2844499666 -24.4727713294)
continue (9.1128949632 -24.4633113036)
continue (9.5925210139 -24.4584437463)
continue (10.1254388480 -24.4530769170)
continue (10.7210528979 -24.4463241208)
continue (11.3911187040 -24.4372046599)
continue (12.1505266176 -24.4246742010)
continue (13.0184213760 -24.4076510616)
continue (14.0198384049 -24.3850423956)
continue (15.1881582720 -24.3558219507)
continue (16.5688999331 -24.3195965338)
continue (18.2257899264 -24.2779328834)
continue (20.2508776960 -24.2327254513)
continue (22.7822374080 -24.1859738600)
continue (26.0368427520 -24.1404431831)
continue (30.3763165440 -24.1007646399)
continue (36.4515798528 -24.0741220884)
continue (45.5644748160 -24.0684137969)
continue (60.7526330881 -24.0998626348)
continue (91.0379117204 -24.1765086595)
continue (91.1289496321 -24.1765952375)
continue (95.8243424102 -24.1799958986)
continue (101.1420084707 -24.1814307272)
continue (107.0845471588 -24.1813255606)
continue (113.7689758203 -24.1777103056)
continue (121.3434748763 -24.1722314761)
continue (129.9985016150 -24.1632156474)
continue (139.9830255485 -24.1519205288)
continue (151.6288679403 -24.1402055693)
continue (165.3882933432 -24.1184498698)
continue (181.8941110421 -24.1025104471)
continue (202.0597552818 -24.0462285339)
continue (227.2542384840 -23.5276089776)
continue (228.3933574739 -23.2892043380)
continue (228.9672101309 -23.2774873514)
continue (229.5439537332 -23.2669743682)
continue (230.1236101821 -23.2555711861)
continue (230.7062016002 -23.1351801709)
continue (231.2917503353 -23.1272347881)
continue (231.8802789621 -23.1196093903)
continue (232.4718102860 -23.1119987044)
continue (233.0663673455 -23.0319704208)
continue (233.6639734156 -23.0257623238)
continue (234.2646520105 -23.0195505495)
continue (234.2646520105 -23.0195505495)
continue (234.8684268868 -23.1069044247)
continue (235.4753220468 -23.0858183052)
continue (236.0853617412 -23.0520505903)
continue (236.6985704730 -23.0478401570)
continue (237.3149730003 -23.0847036194)
continue (237.3149730003 -23.1309615471)
continue (237.9345943397 -23.1190947350)
continue (238.5574597699 -23.0986086988)
continue (239.1835948349 -23.0960217134)
continue (239.8130253476 -23.0719274947)
continue (240.4457773934 -23.0160170848)
continue (241.0818773336 -22.9992561948)
continue (241.7213518093 -22.9966595037)
continue (242.3642277449 -22.9807218668)
continue (243.0105323523 -23.0529880048)
continue (243.0105323523 -23.1218878170)
continue (243.6602931340 -23.1102885575)
continue (244.3135378877 -23.1080943086)
continue (244.9702947099 -23.1046141207)
continue (245.6305920003 -23.0756724900)
continue (246.2944584651 -23.0049553492)
continue (246.9619231222 -23.0023496575)
continue (247.6330153046 -22.9922301527)
continue (248.3077646651 -22.9599253883)
continue (248.9862011806 -22.9256368295)
continue (249.6683551564 -22.9207109375)
continue (250.3542572310 -22.9107457078)
continue (251.0439383804 -22.8887823009)
continue (251.7374299229 -22.8614705737)
continue (252.4347635238 -22.8564906116)
continue (253.1359712003 -22.8478700203)
continue (253.8410853262 -22.8277910703)
continue (254.5501386371 -22.8106180012)
continue (255.2631642356 -22.8091754042)
continue (255.9801955958 -22.8047981605)
continue (255.9801955958 -22.8047981605)
continue (256.7012665693 -23.0941688570)
continue (257.4264113901 -23.0654761722)
continue (258.1556646802 -23.0497189847)
continue (258.8890614548 -23.0691972193)
continue (259.6266371285 -22.9708334405)
continue (260.3684275203 -22.9580127107)
continue (261.1144688599 -22.9489943243)
continue (261.8647977934 -22.9509957464)
continue (262.6194513893 -22.8790622239)
continue (263.3784671448 -22.8666556573)
continue (264.1418829916 -22.8611529931)
continue (264.9097373026 -22.8472858975)
continue (265.6820688982 -22.8112474324)
continue (266.4589170529 -22.7995163330)
continue (267.2403215018 -22.7983589048)
continue (268.0263224473 -22.7606345193)
continue (268.8169605667 -22.7540277631)
continue (269.6122770180 -22.7461406088)
continue (270.4123134484 -22.7393638571)
continue (271.2171120003 -22.7170729864)
continue (272.0267153197 -22.7024478867)
continue (272.8411665632 -22.6907258239)
continue (273.6605094057 -22.6886219079)
continue (274.4847880485 -22.6711943258)
continue (275.3140472269 -22.6603768447)
continue (276.1483322185 -22.6487158816)
continue (276.9876888514 -22.6440992669)
continue (277.8321635125 -22.6452340173)
continue (278.6818031563 -22.6336051961)
continue (279.5366553132 -22.6326285705)
continue (280.3967680988 -22.6239504191)
continue (281.2621902225 -22.6213419163)
continue (282.1329709972 -22.6075598951)
continue (283.0091603481 -22.5989120921)
continue (283.8908088227 -22.6011758845)
continue (284.7779676003 -22.5898011488)
continue (285.6706885019 -22.5808723695)
continue (286.5690240003 -22.5802614620)
continue (287.4730272306 -22.5754848462)
continue (288.3827520003 -22.5660798632)
continue (289.2982528003 -22.5695826063)
continue (290.2195848156 -22.5662666873)
continue (291.1468039364 -22.5649332179)
continue (292.0799667695 -22.5595485560)
continue (293.0191306498 -22.5582522329)
continue (293.9643536519 -22.5583847290)
continue (294.9156946023 -22.5513063079)
continue (295.8732130912 -22.5483205718)
continue (296.8369694857 -22.5472239618)
continue (297.8070249415 -22.5403786959)
continue (298.7834414167 -22.5183958028)
continue (299.7662816845 -22.5289967110)
continue (300.7556093469 -22.5300994326)
continue (301.7514888480 -22.5181983903)
continue (302.7539854887 -22.5080896712)
continue (303.7631654403 -21.6464154592)
continue (304.7790957595 -21.6523772845)
continue (305.8018444030 -21.6569208386)
continue (306.8314802428 -21.6670048273)
continue (307.8680730814 -21.7068110744)
continue (308.9116936681 -21.7099483532)
continue (309.9624137146 -21.7201523698)
continue (311.0203059116 -21.7606568742)
continue (312.0854439455 -21.7657791382)
continue (313.1579025158 -21.7738307480)
continue (314.2377573521 -21.8138810766)
continue (315.3250852322 -21.8191650488)
continue (316.4199640003 -21.8260007822)
continue (317.5224725857 -21.8450088996)
continue (318.6326910213 -21.8708538377)
continue (319.7507004635 -21.8747371714)
continue (320.8765832116 -21.8939360872)
continue (322.0104227283 -21.9205271966)
continue (323.1523036599 -21.9225099023)
continue (324.3023118580 -21.9336363348)
continue (325.4605344003 -21.9626123721)
continue (326.6270596133 -21.9688829228)
continue (327.8019770939 -21.9698930170)
continue (328.9853777332 -21.9995526311)
continue (330.1773537395 -22.0155814792)
continue (331.3779986622 -22.0261649331)
continue (332.5874074164 -22.0391287801)
continue (333.8056763080 -22.0565499951)
continue (335.0329030592 -22.0697900527)
continue (336.2691868343 -22.0796671243)
continue (337.5146282670 -22.0869963264)
continue (338.7693294874 -22.0945487438)
continue (340.0333941496 -22.1036047098)
continue (341.3069274610 -22.1088745166)
continue (342.5900362109 -22.1248937640)
continue (343.8828288004 -22.1407090359)
continue (345.1854152731 -22.1488002308)
continue (346.4979073464 -22.1517967144)
continue (347.8204184431 -22.1652976335)
continue (349.1530637245 -22.1686011060)
continue (350.4959601235 -22.1817197718)
continue (351.8492263788 -22.1841427137)
continue (353.2129830701 -22.1903057749)
continue (354.5873526541 -22.2033476470)
continue (355.9724595004 -22.2069272388)
continue (357.3684299298 -22.2099025408)
continue (358.7753922524 -22.2177117321)
continue (360.1934768067 -22.2223488365)
continue (361.6228160004 -22.2269825990)
continue (363.0635443510 -22.2424142177)
continue (364.5157985284 -22.2421147587)
continue (365.9797173980 -22.2458983499)
continue (367.4554420649 -22.2395241893)
continue (368.9431159194 -22.2422754466)
continue (370.4428846833 -22.2345877669)
continue (371.9548964575 -22.2409929043)
continue (373.4793017709 -22.2447707887)
continue (375.0162536300 -22.2390490314)
continue (376.5659075706 -22.2495170091)
continue (378.1284217099 -22.2485390935)
continue (379.7039568004 -22.2524973898)
continue (381.2926762849 -22.2561460611)
continue (382.8947463533 -22.2565671100)
continue (384.5103360004 -22.2672340717)
continue (386.1396170852 -22.2643204733)
continue (387.7827643919 -22.2675561554)
continue (389.4399556927 -22.2675695695)
continue (391.1113718116 -22.2683092205)
continue (392.7971966901 -22.2722991227)
continue (394.4976174550 -22.2558022604)
continue (396.2128244874 -22.2542611163)
continue (397.9430114939 -22.2561586805)
continue (399.6883755794 -22.2383233454)
continue (401.4491173220 -22.2422512602)
continue (403.2254408500 -22.2089875160)
continue (405.0175539204 -22.2169672652)
continue (406.8256680004 -22.2124583481)
continue (408.6499983502 -22.1893731397)
continue (410.4907641085 -22.1993773338)
continue (412.3481883805 -22.1692659532)
continue (414.2224983277 -22.1737997577)
continue (416.1139252607 -22.1770075265)
continue (418.0227047344 -22.1540544672)
continue (419.9490766456 -22.1813916409)
continue (421.8932853338 -22.1295140678)
continue (423.8555796842 -22.1410238246)
continue (425.8362132341 -22.1320342237)
continue (427.8354442821 -22.1299105422)
continue (429.8535360005 -22.1306858203)
continue (431.8907565502 -22.1168522920)
continue (433.9473792005 -22.1100619782)
continue (436.0236824502 -22.0939594679)
continue (438.1199501543 -22.0855195370)
continue (440.2364716526 -22.0742049870)
continue (442.3735419034 -22.0752378348)
continue (444.5314616200 -22.0630179705)
continue (446.7105374122 -22.0763149178)
continue (448.9110819315 -22.0505898293)
continue (451.1334140203 -22.0679880500)
continue (453.3778588662 -22.0372831902)
continue (455.6447481605 -22.0559139038)
continue (464.9436205719 -21.9983489521)
continue (477.1149195398 -21.9741645264)
continue (489.9405894199 -21.9826820967)
continue (503.4748598458 -21.9561692643)
continue (517.7781229096 -21.9241743943)
continue (532.9178341058 -21.9077616046)
continue (548.9695760970 -21.9564873174)
continue (566.0183206963 -21.9213177365)
continue (584.1599335391 -21.8788031776)
continue (603.5029776960 -21.8719502796)
continue (624.1708878911 -21.8763450989)
continue (646.3046073198 -21.8215696918)
continue (670.0658061184 -21.7973203504)
continue (695.6408368862 -21.7778365750)
continue (723.2456320008 -21.7133807352)
continue (753.1318151413 -21.7023963293)
continue (785.5943933801 -21.7292120027)
continue (820.9815282171 -21.6185835597)
continue (859.7070720009 -21.5935830706)
continue (902.2668280406 -21.5055382492)
continue (959.2521013905 -20.2136147460)
continue (1012.5438848011 -19.8621437603)
continue (1072.1052897894 -19.6468399643)
continue (1139.1118704012 -19.5342643007)
continue (1215.0526617613 -19.4657043338)
continue (1301.8421376014 -19.2612751126)
continue (1401.9838404938 -19.2362999069)
continue (1518.8158272016 -19.2225522373)
continue (1656.8899933109 -19.2224034366)
continue (1822.5789926419 -19.2100024641)
continue (2025.0877696022 -19.2114911960)
continue (2278.2237408024 -19.2131398692)
continue (2603.6842752028 -19.2414692661)
continue (3037.6316544032 -19.2645101383)
continue (3645.1579852839 -19.2891194516)
continue (4556.4474816048 -19.2033370997)
continue (6075.2633088065 -19.1760580770)
continue (9112.8949632097 -19.1532747361)
continue (9204.0239128418 -50.0000000000)
continue (7354000.0000000000 -50.0000000000)
f(nu) = -23.6691962054 at 1.0000000000 Ryd
