# Faucher-Giguere 2019 
# z = 0.412538
# E [Ryd] log (J_nu)
interpolate (0.0000000100 -50.0000000000)
continue (0.0121097530 -50.0000000000)
continue (0.0122320738 -27.7054909387)
continue (0.0123147229 -27.7010996673)
continue (0.0123984965 -27.6966740012)
continue (0.0124834178 -27.6922299623)
continue (0.0125695103 -27.6877578572)
continue (0.0126567986 -27.6832322184)
continue (0.0127453076 -27.6786885557)
continue (0.0128350633 -27.6741223399)
continue (0.0129260921 -27.6694999490)
continue (0.0130184214 -27.6648536120)
continue (0.0131120791 -27.6601847211)
continue (0.0132070941 -27.6554641905)
continue (0.0133034963 -27.6507101568)
continue (0.0134013161 -27.6459341728)
continue (0.0135005851 -27.6411116117)
continue (0.0136013358 -27.6362455019)
continue (0.0137036014 -27.6313573475)
continue (0.0138074166 -27.6264257490)
continue (0.0139128167 -27.6214442662)
continue (0.0140198384 -27.6164399298)
continue (0.0141285193 -27.6113913377)
continue (0.0142388984 -27.6062903660)
continue (0.0143510157 -27.6011655184)
continue (0.0144649126 -27.5959918359)
continue (0.0145806319 -27.5907671780)
continue (0.0146982177 -27.5855173689)
continue (0.0148177154 -27.5802092086)
continue (0.0149391721 -27.5748572117)
continue (0.0150626363 -27.5694752006)
continue (0.0151881583 -27.5640266084)
continue (0.0153157899 -27.5585401663)
continue (0.0154455847 -27.5530193998)
continue (0.0155775982 -27.5474236247)
continue (0.0157118879 -27.5417969264)
continue (0.0158485130 -27.5361212750)
continue (0.0159875350 -27.5303792518)
continue (0.0161290176 -27.5246069218)
continue (0.0162730267 -27.5187616077)
continue (0.0164196306 -27.5128709426)
continue (0.0165688999 -27.5069376771)
continue (0.0167209082 -27.5009226579)
continue (0.0168757314 -27.4948753581)
continue (0.0170334485 -27.4887534444)
continue (0.0171941414 -27.4825783581)
continue (0.0173578952 -27.4763553899)
continue (0.0175247980 -27.4700462239)
continue (0.0176949417 -27.4637005727)
continue (0.0178684215 -27.4572683803)
continue (0.0180453366 -27.4507862443)
continue (0.0182257899 -27.4442340651)
continue (0.0184098888 -27.4376101447)
continue (0.0185977448 -27.4309332902)
continue (0.0187894742 -27.4241602861)
continue (0.0189851978 -27.4173434121)
continue (0.0191850420 -27.4104243929)
continue (0.0193891382 -27.4034571091)
continue (0.0195976236 -27.3963911655)
continue (0.0198106412 -27.3892639009)
continue (0.0200283406 -27.3820445614)
continue (0.0202508777 -27.3747529020)
continue (0.0204784156 -27.3673715643)
continue (0.0207111249 -27.3599087490)
continue (0.0209491838 -27.3523560140)
continue (0.0211927790 -27.3447161127)
continue (0.0214421058 -27.3369823280)
continue (0.0216973690 -27.3291584797)
continue (0.0219587830 -27.3212329293)
continue (0.0222265731 -27.3132179316)
continue (0.0225009752 -27.3050903928)
continue (0.0227822374 -27.2968765108)
continue (0.0230706202 -27.2885342478)
continue (0.0233663973 -27.2801108862)
continue (0.0236698570 -27.2715464934)
continue (0.0239813025 -27.2628926529)
continue (0.0243010532 -27.2541027347)
continue (0.0246294458 -27.2452002238)
continue (0.0249668355 -27.2361818600)
continue (0.0253135971 -27.2270177860)
continue (0.0256701267 -27.2177476703)
continue (0.0260368428 -27.2083176251)
continue (0.0264141883 -27.1987588860)
continue (0.0268026322 -27.1890708924)
continue (0.0272026715 -27.1792120116)
continue (0.0276148332 -27.1692163412)
continue (0.0280396768 -27.1590708155)
continue (0.0284777968 -27.1487453458)
continue (0.0289298253 -27.1382667297)
continue (0.0293964354 -27.1276258920)
continue (0.0298783441 -27.1167855354)
continue (0.0303763165 -27.1057723517)
continue (0.0308911694 -27.0945833369)
continue (0.0314237757 -27.0831863815)
continue (0.0319750700 -27.0715800982)
continue (0.0325460534 -27.0597720421)
continue (0.0331377999 -27.0477556564)
continue (0.0337514628 -27.0355124906)
continue (0.0343882829 -27.0230215105)
continue (0.0350495960 -27.0102922327)
continue (0.0357368430 -26.9973134597)
continue (0.0364515799 -26.9840770695)
continue (0.0371954896 -26.9705711095)
continue (0.0379703957 -26.9567829524)
continue (0.0387782764 -26.9426928125)
continue (0.0396212824 -26.9282906535)
continue (0.0405017554 -26.9135674400)
continue (0.0414222498 -26.8985072570)
continue (0.0423855580 -26.8830958865)
continue (0.0433947379 -26.8673168010)
continue (0.0444531462 -26.8511507914)
continue (0.0455644748 -26.8345798638)
continue (0.0467327947 -26.8175777289)
continue (0.0479626051 -26.8001193495)
continue (0.0492588917 -26.7821924763)
continue (0.0506271942 -26.7637710605)
continue (0.0520736855 -26.7448268202)
continue (0.0536052645 -26.7253269949)
continue (0.0552296664 -26.7052138066)
continue (0.0569555935 -26.6844874267)
continue (0.0587928707 -26.6631026763)
continue (0.0607526331 -26.6409790679)
continue (0.0628475515 -26.6181237066)
continue (0.0650921069 -26.5944246324)
continue (0.0675029257 -26.5698806967)
continue (0.0700991920 -26.5443703486)
continue (0.0729031597 -26.5178532927)
continue (0.0759407914 -26.4902497482)
continue (0.0792425649 -26.4614550505)
continue (0.0828444997 -26.4313535955)
continue (0.0843786571 -26.4189140709)
continue (0.0859707072 -26.4062446875)
continue (0.0876239900 -26.3933337981)
continue (0.0893421075 -26.3801739791)
continue (0.0911289496 -26.3667556642)
continue (0.0929887241 -26.3530546461)
continue (0.0949259892 -26.3390624247)
continue (0.0969456911 -26.3247711655)
continue (0.0990532061 -26.3101710424)
continue (0.1012543885 -26.2952475499)
continue (0.1035556246 -26.2799855582)
continue (0.1059638949 -26.2643689269)
continue (0.1084868448 -26.2483809075)
continue (0.1111328654 -26.2320040268)
continue (0.1139111870 -26.2152201295)
continue (0.1168319867 -26.1980103729)
continue (0.1199065127 -26.1803492985)
continue (0.1231472292 -26.1622060178)
continue (0.1265679856 -26.1435689232)
continue (0.1301842138 -26.1244207772)
continue (0.1340131612 -26.1047367463)
continue (0.1380741661 -26.0844740122)
continue (0.1423889838 -26.0636021987)
continue (0.1469821768 -26.0421249904)
continue (0.1518815827 -26.0199714700)
continue (0.1571188787 -25.9971403002)
continue (0.1627302672 -25.9735837745)
continue (0.1687573141 -25.9492844327)
continue (0.1752479801 -25.9241811416)
continue (0.1822578993 -25.8982773181)
continue (0.1898519784 -25.8715228477)
continue (0.1981064122 -25.8438702564)
continue (0.2071112492 -25.8153035192)
continue (0.2169736896 -25.7857900313)
continue (0.2278223741 -25.7552982138)
continue (0.2398130253 -25.7237925587)
continue (0.2531359712 -25.6912420019)
continue (0.2680263224 -25.6576461287)
continue (0.2847779676 -25.6229539914)
continue (0.3037631654 -25.5871657472)
continue (0.3254605344 -25.5502579792)
continue (0.3504959601 -25.5122090493)
continue (0.3797039568 -25.4729916398)
continue (0.4142224983 -25.4325486021)
continue (0.4556447482 -25.3908105156)
continue (0.5062719424 -25.3476414953)
continue (0.5695559352 -25.3028460867)
continue (0.6509210688 -25.2561004159)
continue (0.7594079136 -25.2069139304)
continue (0.9112894963 -25.1544979934)
continue (0.9204944407 -25.1517702416)
continue (0.9298872411 -25.1490347242)
continue (0.9394737075 -25.1462838050)
continue (0.9492598920 -25.1435244714)
continue (0.9592521014 -25.1407505528)
continue (0.9694569110 -25.1379660336)
continue (0.9798811788 -25.1351680476)
continue (0.9905320612 -25.1323576627)
continue (1.0014170289 -25.1295343757)
continue (1.0125438848 -25.1266971436)
continue (1.0239207824 -25.1238472477)
continue (1.0355562458 -25.1209821490)
continue (1.0474591912 -25.1181042747)
continue (1.0596389492 -25.1152103455)
continue (1.0721052898 -25.1123030202)
continue (1.0848684480 -25.1093791978)
continue (1.0979391522 -25.1064408423)
continue (1.1113286540 -25.1034859446)
continue (1.1250487609 -25.1005149817)
continue (1.1391118704 -25.0975277475)
continue (1.1535310080 -25.0945225945)
continue (1.1683198671 -25.0915015868)
continue (1.1834928524 -25.0884602963)
continue (1.1990651267 -25.0854038150)
continue (1.2150526618 -25.0823252495)
continue (1.2314722923 -25.0792295309)
continue (1.2483417758 -25.0761130733)
continue (1.2656798560 -25.0729760325)
continue (1.2835063328 -25.0698200127)
continue (1.3018421376 -25.0666398404)
continue (1.3207094150 -25.0634393339)
continue (1.3401316122 -25.0602161293)
continue (1.3601335766 -25.0569682291)
continue (1.3807416611 -25.0536984378)
continue (1.4019838405 -25.0504025583)
continue (1.4238898380 -25.0470807170)
continue (1.4464912640 -25.0437344174)
continue (1.4698217683 -25.0403602084)
continue (1.4939172071 -25.0369571751)
continue (1.5188158272 -25.0335263537)
continue (1.5445584683 -25.0300668033)
continue (1.5711887868 -25.0265744037)
continue (1.5987535023 -25.0230506415)
continue (1.6273026720 -25.0194948768)
continue (1.6568899933 -25.0159058770)
continue (1.6875731413 -25.0122800302)
continue (1.7194141440 -25.0086175860)
continue (1.7524798006 -25.0049174068)
continue (1.7868421496 -25.0011784878)
continue (1.8225789926 -24.9973989463)
continue (1.8597744823 -24.9935772320)
continue (1.8985197840 -24.9897105263)
continue (1.9389138220 -24.9857975305)
continue (1.9810641224 -24.9818365835)
continue (2.0250877696 -24.9778257208)
continue (2.0711124916 -24.9737626578)
continue (2.1192778984 -24.9696450415)
continue (2.1697368960 -24.9654703417)
continue (2.2226573081 -24.9612358245)
continue (2.2782237408 -24.9569386587)
continue (2.3366397342 -24.9525756145)
continue (2.3981302535 -24.9481426430)
continue (2.4629445847 -24.9436362781)
continue (2.5313597120 -24.9390533746)
continue (2.6036842752 -24.9343900288)
continue (2.6802632245 -24.9296411263)
continue (2.7614833222 -24.9247998441)
continue (2.8477796760 -24.9198626345)
continue (2.9396435365 -24.9148240637)
continue (3.0376316544 -24.9096742545)
continue (3.1423775735 -24.9044097467)
continue (3.2546053440 -24.8990191452)
continue (3.3751462827 -24.8934967066)
continue (3.5049596012 -24.8878287136)
continue (3.6451579853 -24.8820069037)
continue (3.7970395680 -24.8760187464)
continue (3.9621282449 -24.8698480546)
continue (4.1422249833 -24.8634800613)
continue (4.3394737920 -24.8568968019)
continue (4.5564474816 -24.8500774865)
continue (4.7962605070 -24.8429968510)
continue (5.0627194240 -24.8356286839)
continue (5.3605264489 -24.8279413001)
continue (5.6955593520 -24.8198935379)
continue (6.0752633088 -24.8114422800)
continue (6.5092106880 -24.8025330419)
continue (7.0099192025 -24.7930999822)
continue (7.5940791360 -24.7830619180)
continue (8.2844499666 -24.7723190392)
continue (9.1128949632 -24.7607451141)
continue (9.5925210139 -24.7545955832)
continue (10.1254388480 -24.7481438158)
continue (10.7210528979 -24.7412973853)
continue (11.3911187040 -24.7339186785)
continue (12.1505266176 -24.7258035033)
continue (13.0184213760 -24.7166428209)
continue (14.0198384049 -24.7059548008)
continue (15.1881582720 -24.6929944336)
continue (16.5688999331 -24.6766526670)
continue (18.2257899264 -24.6553310525)
continue (20.2508776960 -24.6267876016)
continue (22.7822374080 -24.5879503770)
continue (26.0368427520 -24.5350377836)
continue (30.3763165440 -24.4641899428)
continue (36.4515798528 -24.3725826505)
continue (45.5644748160 -24.2604030388)
continue (60.7526330881 -24.1369820765)
continue (91.0379117204 -24.0447161964)
continue (91.1289496321 -24.0446091071)
continue (95.8243424102 -24.0398103708)
continue (101.1420084707 -24.0355433692)
continue (107.0845471588 -24.0315667748)
continue (113.7689758203 -24.0272432903)
continue (121.3434748763 -24.0219823566)
continue (129.9985016150 -24.0145837122)
continue (139.9830255485 -24.0043562034)
continue (151.6288679403 -23.9909438707)
continue (165.3882933432 -23.9721912641)
continue (181.8941110421 -23.9491563783)
continue (202.0597552818 -23.9147036427)
continue (227.2542384840 -23.6339450471)
continue (228.3933574739 -23.6431951765)
continue (228.9672101309 -23.6268234201)
continue (229.5439537332 -23.6502263698)
continue (230.1236101821 -23.6351326903)
continue (230.7062016002 -23.6211519213)
continue (231.2917503353 -23.6413853957)
continue (231.8802789621 -23.6264825981)
continue (232.4718102860 -23.6125437987)
continue (233.0663673455 -23.6321152628)
continue (233.6639734156 -23.6192975352)
continue (234.2646520105 -23.6032021535)
continue (234.2646520105 -23.6032021535)
continue (234.8684268868 -23.6243274374)
continue (235.4753220468 -23.6115288995)
continue (236.0853617412 -23.6276203463)
continue (236.6985704730 -23.6157052999)
continue (237.3149730003 -23.6006735636)
continue (237.3149730003 -23.6030660943)
continue (237.9345943397 -23.6209015035)
continue (238.5574597699 -23.6068529764)
continue (239.1835948349 -23.5915792894)
continue (239.8130253476 -23.6092465999)
continue (240.4457773934 -23.5947916076)
continue (241.0818773336 -23.6102577946)
continue (241.7213518093 -23.5968899172)
continue (242.3642277449 -23.5842292871)
continue (243.0105323523 -23.5983225707)
continue (243.0105323523 -23.6018081055)
continue (243.6602931340 -23.5896087420)
continue (244.3135378877 -23.6012591450)
continue (244.9702947099 -23.5897626200)
continue (245.6305920003 -23.5759966948)
continue (246.2944584651 -23.5875670732)
continue (246.9619231222 -23.5757894990)
continue (247.6330153046 -23.5858956898)
continue (248.3077646651 -23.5747509082)
continue (248.9862011806 -23.5835131082)
continue (249.6683551564 -23.5731846273)
continue (250.3542572310 -23.5604276388)
continue (251.0439383804 -23.5705208998)
continue (251.7374299229 -23.5583673441)
continue (252.4347635238 -23.5668733930)
continue (253.1359712003 -23.5553356318)
continue (253.8410853262 -23.5440849714)
continue (254.5501386371 -23.5516479578)
continue (255.2631642356 -23.5408624527)
continue (255.9801955958 -23.5473944796)
continue (255.9801955958 -23.5473944796)
continue (256.7012665693 -23.5436343175)
continue (257.4264113901 -23.5493056516)
continue (258.1556646802 -23.5392824928)
continue (258.8890614548 -23.5441296196)
continue (259.6266371285 -23.5346102433)
continue (260.3684275203 -23.5382857794)
continue (261.1144688599 -23.5292866706)
continue (261.8647977934 -23.5183826757)
continue (262.6194513893 -23.5235499816)
continue (263.3784671448 -23.5129910308)
continue (264.1418829916 -23.5172331218)
continue (264.9097373026 -23.5078948971)
continue (265.6820688982 -23.5108241056)
continue (266.4589170529 -23.5018956394)
continue (267.2403215018 -23.5041794571)
continue (268.0263224473 -23.4953335890)
continue (268.8169605667 -23.4969246414)
continue (269.6122770180 -23.4882076534)
continue (270.4123134484 -23.4894636079)
continue (271.2171120003 -23.4808795397)
continue (272.0267153197 -23.4822274808)
continue (272.8411665632 -23.4732123946)
continue (273.6605094057 -23.4742397208)
continue (274.4847880485 -23.4656287095)
continue (275.3140472269 -23.4662898022)
continue (276.1483322185 -23.4579430125)
continue (276.9876888514 -23.4578687813)
continue (277.8321635125 -23.4502811194)
continue (278.6818031563 -23.4495176261)
continue (279.5366553132 -23.4419016072)
continue (280.3967680988 -23.4410019507)
continue (281.2621902225 -23.4334261694)
continue (282.1329709972 -23.4326953377)
continue (283.0091603481 -23.4248088349)
continue (283.8908088227 -23.4239286370)
continue (284.7779676003 -23.4222298877)
continue (285.6706885019 -23.4153585114)
continue (286.5690240003 -23.4133704965)
continue (287.4730272306 -23.4064728934)
continue (288.3827520003 -23.4043119489)
continue (289.2982528003 -23.3973549307)
continue (290.2195848156 -23.3951977742)
continue (291.1468039364 -23.3881188915)
continue (292.0799667695 -23.3861444953)
continue (293.0191306498 -23.3830855100)
continue (293.9643536519 -23.3769148067)
continue (294.9156946023 -23.3738764544)
continue (295.8732130912 -23.3675382465)
continue (296.8369694857 -23.3641962551)
continue (297.8070249415 -23.3608858256)
continue (298.7834414167 -23.3543456196)
continue (299.7662816845 -23.3513388186)
continue (300.7556093469 -23.3451297715)
continue (301.7514888480 -23.3420510161)
continue (302.7539854887 -23.3380031065)
continue (303.7631654403 -22.9652094914)
continue (304.7790957595 -22.9593314973)
continue (305.8018444030 -22.9525498002)
continue (306.8314802428 -22.9469566225)
continue (307.8680730814 -22.9412441826)
continue (308.9116936681 -22.9350748501)
continue (309.9624137146 -22.9295108532)
continue (311.0203059116 -22.9240293627)
continue (312.0854439455 -22.9179978171)
continue (313.1579025158 -22.9126594890)
continue (314.2377573521 -22.9074212627)
continue (315.3250852322 -22.9044843494)
continue (316.4199640003 -22.8993559505)
continue (317.5224725857 -22.8941919070)
continue (318.6326910213 -22.8888040561)
continue (319.7507004635 -22.8836797921)
continue (320.8765832116 -22.8785770976)
continue (322.0104227283 -22.8734347206)
continue (323.1523036599 -22.8689153080)
continue (324.3023118580 -22.8638949513)
continue (325.4605344003 -22.8595658758)
continue (326.6270596133 -22.8551406576)
continue (327.8019770939 -22.8508753770)
continue (328.9853777332 -22.8466104916)
continue (330.1773537395 -22.8424446819)
continue (331.3779986622 -22.8382026155)
continue (332.5874074164 -22.8342648936)
continue (333.8056763080 -22.8270151250)
continue (335.0329030592 -22.8229701293)
continue (336.2691868343 -22.8193524497)
continue (337.5146282670 -22.8183397712)
continue (338.7693294874 -22.8146268199)
continue (340.0333941496 -22.8098928610)
continue (341.3069274610 -22.8060080237)
continue (342.5900362109 -22.7989983758)
continue (343.8828288004 -22.7961544259)
continue (345.1854152731 -22.7927431048)
continue (346.4979073464 -22.7891396263)
continue (347.8204184431 -22.7865821789)
continue (349.1530637245 -22.7804640330)
continue (350.4959601235 -22.7711421316)
continue (351.8492263788 -22.7667061782)
continue (353.2129830701 -22.7615399924)
continue (354.5873526541 -22.7562442025)
continue (355.9724595004 -22.7498652138)
continue (357.3684299298 -22.7447207567)
continue (358.7753922524 -22.7391600382)
continue (360.1934768067 -22.7351991405)
continue (361.6228160004 -22.7307967439)
continue (363.0635443510 -22.7259895669)
continue (364.5157985284 -22.7204931445)
continue (365.9797173980 -22.7157998689)
continue (367.4554420649 -22.7073734402)
continue (368.9431159194 -22.7070841936)
continue (370.4428846833 -22.7030300453)
continue (371.9548964575 -22.6989880665)
continue (373.4793017709 -22.6939941402)
continue (375.0162536300 -22.6861422156)
continue (376.5659075706 -22.6820064030)
continue (378.1284217099 -22.6785182836)
continue (379.7039568004 -22.6787388095)
continue (381.2926762849 -22.6750274973)
continue (382.8947463533 -22.6668587266)
continue (384.5103360004 -22.6627014848)
continue (386.1396170852 -22.6594984307)
continue (387.7827643919 -22.6562855772)
continue (389.4399556927 -22.6531312791)
continue (391.1113718116 -22.6483192839)
continue (392.7971966901 -22.6435063291)
continue (394.4976174550 -22.6386779303)
continue (396.2128244874 -22.6338100017)
continue (397.9430114939 -22.6294231830)
continue (399.6883755794 -22.6205380550)
continue (401.4491173220 -22.6199575270)
continue (403.2254408500 -22.6157253370)
continue (405.0175539204 -22.6111248086)
continue (406.8256680004 -22.6031851095)
continue (408.6499983502 -22.5993210040)
continue (410.4907641085 -22.5955188232)
continue (412.3481883805 -22.5951734449)
continue (414.2224983277 -22.5911186866)
continue (416.1139252607 -22.5837389888)
continue (418.0227047344 -22.5803651955)
continue (419.9490766456 -22.5769110938)
continue (421.8932853338 -22.5726251804)
continue (423.8555796842 -22.5696900675)
continue (425.8362132341 -22.5662087260)
continue (427.8354442821 -22.5634596015)
continue (429.8535360005 -22.5601322330)
continue (431.8907565502 -22.5537264806)
continue (433.9473792005 -22.5539874229)
continue (436.0236824502 -22.5501191907)
continue (438.1199501543 -22.5462849713)
continue (440.2364716526 -22.5396918027)
continue (442.3735419034 -22.5349473717)
continue (444.5314616200 -22.5314140335)
continue (446.7105374122 -22.5326401179)
continue (448.9110819315 -22.5260812282)
continue (451.1334140203 -22.5220290330)
continue (453.3778588662 -22.5187189391)
continue (455.6447481605 -22.5153460449)
continue (464.9436205719 -22.5011633499)
continue (477.1149195398 -22.4900471204)
continue (489.9405894199 -22.4791818006)
continue (503.4748598458 -22.4699441959)
continue (517.7781229096 -22.4574041633)
continue (532.9178341058 -22.4521189549)
continue (548.9695760970 -22.4476722105)
continue (566.0183206963 -22.4465762689)
continue (584.1599335391 -22.4435305885)
continue (603.5029776960 -22.4462018814)
continue (624.1708878911 -22.4513535203)
continue (646.3046073198 -22.4535356250)
continue (670.0658061184 -22.4586811589)
continue (695.6408368862 -22.4520135435)
continue (723.2456320008 -22.4544658241)
continue (753.1318151413 -22.4470855626)
continue (785.5943933801 -22.4370262530)
continue (820.9815282171 -22.4107839113)
continue (859.7070720009 -22.3867063022)
continue (902.2668280406 -22.3513492745)
continue (959.2521013905 -21.4193899360)
continue (1012.5438848011 -21.0810074761)
continue (1072.1052897894 -21.0513891742)
continue (1139.1118704012 -20.8464966359)
continue (1215.0526617613 -20.7491314078)
continue (1301.8421376014 -20.5324898155)
continue (1401.9838404938 -20.3865500095)
continue (1518.8158272016 -20.3173250242)
continue (1656.8899933109 -20.2278517944)
continue (1822.5789926419 -20.1430200025)
continue (2025.0877696022 -20.0647907441)
continue (2278.2237408024 -19.9880182270)
continue (2603.6842752028 -19.9444332425)
continue (3037.6316544032 -19.8920430606)
continue (3645.1579852839 -19.8835368192)
continue (4556.4474816048 -19.8596979130)
continue (6075.2633088065 -19.8392072234)
continue (9112.8949632097 -19.8058344939)
continue (9204.0239128418 -50.0000000000)
continue (7354000.0000000000 -50.0000000000)
f(nu) = -24.0306903111 at 1.0000000000 Ryd
