# Faucher-Giguere 2019 
# z = 4.011872
# E [Ryd] log (J_nu)
interpolate (0.0000000100 -50.0000000000)
continue (0.0121097530 -50.0000000000)
continue (0.0122320738 -27.3779997435)
continue (0.0123147229 -27.3735577174)
continue (0.0123984965 -27.3690902588)
continue (0.0124834178 -27.3645831302)
continue (0.0125695103 -27.3600437849)
continue (0.0126567986 -27.3554822123)
continue (0.0127453076 -27.3508788781)
continue (0.0128350633 -27.3462447962)
continue (0.0129260921 -27.3415799149)
continue (0.0130184214 -27.3368806525)
continue (0.0131120791 -27.3321443273)
continue (0.0132070941 -27.3273732562)
continue (0.0133034963 -27.3225702670)
continue (0.0134013161 -27.3177262499)
continue (0.0135005851 -27.3128472633)
continue (0.0136013358 -27.3079358009)
continue (0.0137036014 -27.3029798241)
continue (0.0138074166 -27.2979861025)
continue (0.0139128167 -27.2929617052)
continue (0.0140198384 -27.2878884961)
continue (0.0141285193 -27.2827762399)
continue (0.0142388984 -27.2776314028)
continue (0.0143510157 -27.2724361827)
continue (0.0144649126 -27.2672011769)
continue (0.0145806319 -27.2619282191)
continue (0.0146982177 -27.2566056021)
continue (0.0148177154 -27.2512413178)
continue (0.0149391721 -27.2458346470)
continue (0.0150626363 -27.2403784311)
continue (0.0151881583 -27.2348786988)
continue (0.0153157899 -27.2293304834)
continue (0.0154455847 -27.2237334872)
continue (0.0155775982 -27.2180944869)
continue (0.0157118879 -27.2123984975)
continue (0.0158485130 -27.2066512494)
continue (0.0159875350 -27.2008608970)
continue (0.0161290176 -27.1950109162)
continue (0.0162730267 -27.1891101569)
continue (0.0164196306 -27.1831545826)
continue (0.0165688999 -27.1771421921)
continue (0.0167209082 -27.1710837267)
continue (0.0168757314 -27.1649564698)
continue (0.0170334485 -27.1587749635)
continue (0.0171941414 -27.1525341386)
continue (0.0173578952 -27.1462306255)
continue (0.0175247980 -27.1398745215)
continue (0.0176949417 -27.1334458975)
continue (0.0178684215 -27.1269591076)
continue (0.0180453366 -27.1204030118)
continue (0.0182257899 -27.1137804682)
continue (0.0184098888 -27.1070917378)
continue (0.0185977448 -27.1003301181)
continue (0.0187894742 -27.0935065863)
continue (0.0189851978 -27.0866011181)
continue (0.0191850420 -27.0796312798)
continue (0.0193891382 -27.0725771842)
continue (0.0195976236 -27.0654519566)
continue (0.0198106412 -27.0582437937)
continue (0.0200283406 -27.0509578151)
continue (0.0202508777 -27.0435891935)
continue (0.0204784156 -27.0361354186)
continue (0.0207111249 -27.0285982937)
continue (0.0209491838 -27.0209703846)
continue (0.0211927790 -27.0132556517)
continue (0.0214421058 -27.0054460447)
continue (0.0216973690 -26.9975448211)
continue (0.0219587830 -26.9895457587)
continue (0.0222265731 -26.9814476771)
continue (0.0225009752 -26.9732505957)
continue (0.0227822374 -26.9649455179)
continue (0.0230706202 -26.9565397752)
continue (0.0233663973 -26.9480159622)
continue (0.0236698570 -26.9393887786)
continue (0.0239813025 -26.9306389514)
continue (0.0243010532 -26.9217774899)
continue (0.0246294458 -26.9127937443)
continue (0.0249668355 -26.9036845011)
continue (0.0253135971 -26.8944519753)
continue (0.0256701267 -26.8850756255)
continue (0.0260368428 -26.8755743598)
continue (0.0264141883 -26.8659336754)
continue (0.0268026322 -26.8561442721)
continue (0.0272026715 -26.8462131279)
continue (0.0276148332 -26.8361251168)
continue (0.0280396768 -26.8258832274)
continue (0.0284777968 -26.8154804683)
continue (0.0289298253 -26.8049077394)
continue (0.0293964354 -26.7941634574)
continue (0.0298783441 -26.7832437471)
continue (0.0303763165 -26.7721436845)
continue (0.0308911694 -26.7608434988)
continue (0.0314237757 -26.7493559489)
continue (0.0319750700 -26.7376633499)
continue (0.0325460534 -26.7257621416)
continue (0.0331377999 -26.7136362893)
continue (0.0337514628 -26.7012876958)
continue (0.0343882829 -26.6887077954)
continue (0.0350495960 -26.6758823673)
continue (0.0357368430 -26.6628063353)
continue (0.0364515799 -26.6494616798)
continue (0.0371954896 -26.6358444338)
continue (0.0379703957 -26.6219409911)
continue (0.0387782764 -26.6077450766)
continue (0.0396212824 -26.5932383260)
continue (0.0405017554 -26.5784076235)
continue (0.0414222498 -26.5632379460)
continue (0.0423855580 -26.5477145182)
continue (0.0433947379 -26.5318205484)
continue (0.0444531462 -26.5155375502)
continue (0.0455644748 -26.4988462418)
continue (0.0467327947 -26.4817256928)
continue (0.0479626051 -26.4641586181)
continue (0.0492588917 -26.4461178831)
continue (0.0506271942 -26.4275704013)
continue (0.0520736855 -26.4084942370)
continue (0.0536052645 -26.3888548676)
continue (0.0552296664 -26.3686311964)
continue (0.0569555935 -26.3477680979)
continue (0.0587928707 -26.3262349056)
continue (0.0607526331 -26.3039964041)
continue (0.0628475515 -26.2809823294)
continue (0.0650921069 -26.2571614687)
continue (0.0675029257 -26.2324512829)
continue (0.0700991920 -26.2068076338)
continue (0.0729031597 -26.1801483036)
continue (0.0759407914 -26.1523788774)
continue (0.0792425649 -26.1234170976)
continue (0.0828444997 -26.0931567585)
continue (0.0843786571 -26.0806636886)
continue (0.0859707072 -26.0679327452)
continue (0.0876239900 -26.0549582951)
continue (0.0893421075 -26.0417226263)
continue (0.0911289496 -26.0282242925)
continue (0.0929887241 -26.0144545419)
continue (0.0949259892 -26.0003981513)
continue (0.0969456911 -25.9860419832)
continue (0.0990532061 -25.9713722175)
continue (0.1012543885 -25.9563775813)
continue (0.1035556246 -25.9410435052)
continue (0.1059638949 -25.9253532363)
continue (0.1084868448 -25.9092898313)
continue (0.1111328654 -25.8928356923)
continue (0.1139111870 -25.8759749683)
continue (0.1168319867 -25.8586931770)
continue (0.1199065127 -25.8409817971)
continue (0.1231472292 -25.8228405147)
continue (0.1265679856 -25.8042646693)
continue (0.1301842138 -25.7852500105)
continue (0.1340131612 -25.7658030688)
continue (0.1380741661 -25.7459299797)
continue (0.1423889838 -25.7256443734)
continue (0.1469821768 -25.7049442234)
continue (0.1518815827 -25.6838516782)
continue (0.1571188787 -25.6623788748)
continue (0.1627302672 -25.6405411141)
continue (0.1687573141 -25.6183602611)
continue (0.1752479801 -25.5958605197)
continue (0.1822578993 -25.5730655902)
continue (0.1898519784 -25.5500043507)
continue (0.1981064122 -25.5266912793)
continue (0.2071112492 -25.5031283170)
continue (0.2169736896 -25.4793115890)
continue (0.2278223741 -25.4552285035)
continue (0.2398130253 -25.4308588710)
continue (0.2531359712 -25.4061801106)
continue (0.2680263224 -25.3811533138)
continue (0.2847779676 -25.3557458717)
continue (0.3037631654 -25.3299083205)
continue (0.3254605344 -25.3035841296)
continue (0.3504959601 -25.2767044897)
continue (0.3797039568 -25.2491838819)
continue (0.4142224983 -25.2209163261)
continue (0.4556447482 -25.1917607491)
continue (0.5062719424 -25.1615360595)
continue (0.5695559352 -25.1299935012)
continue (0.6509210688 -25.0967880765)
continue (0.7594079136 -25.0614102670)
continue (0.9112894963 -25.0230745897)
continue (0.9204944407 -25.0210604284)
continue (0.9298872411 -25.0190346403)
continue (0.9394737075 -25.0169988949)
continue (0.9492598920 -25.0149510925)
continue (0.9592521014 -25.0128925063)
continue (0.9694569110 -25.0108220130)
continue (0.9798811788 -25.0087396233)
continue (0.9905320612 -25.0066453258)
continue (1.0014170289 -25.0045386263)
continue (1.0125438848 -25.0024192547)
continue (1.0239207824 -25.0002870120)
continue (1.0355562458 -24.9981415870)
continue (1.0474591912 -24.9959825235)
continue (1.0596389492 -24.9938098486)
continue (1.0721052898 -24.9916228815)
continue (1.0848684480 -24.9894215081)
continue (1.0979391522 -24.9872053381)
continue (1.1113286540 -24.9849739536)
continue (1.1250487609 -24.9827270032)
continue (1.1391118704 -24.9804642963)
continue (1.1535310080 -24.9781852381)
continue (1.1683198671 -24.9758891314)
continue (1.1834928524 -24.9735763895)
continue (1.1990651267 -24.9712451291)
continue (1.2150526618 -24.9688966582)
continue (1.2314722923 -24.9665291431)
continue (1.2483417758 -24.9641428398)
continue (1.2656798560 -24.9617369759)
continue (1.2835063328 -24.9593104428)
continue (1.3018421376 -24.9568638908)
continue (1.3207094150 -24.9543955695)
continue (1.3401316122 -24.9519055577)
continue (1.3601335766 -24.9493932332)
continue (1.3807416611 -24.9468569369)
continue (1.4019838405 -24.9442973692)
continue (1.4238898380 -24.9417131644)
continue (1.4464912640 -24.9391028606)
continue (1.4698217683 -24.9364667399)
continue (1.4939172071 -24.9338035916)
continue (1.5188158272 -24.9311121931)
continue (1.5445584683 -24.9283918040)
continue (1.5711887868 -24.9256419266)
continue (1.5987535023 -24.9228609960)
continue (1.6273026720 -24.9200476523)
continue (1.6568899933 -24.9172010766)
continue (1.6875731413 -24.9143206751)
continue (1.7194141440 -24.9114042621)
continue (1.7524798006 -24.9084512311)
continue (1.7868421496 -24.9054593566)
continue (1.8225789926 -24.9024274030)
continue (1.8597744823 -24.8993538843)
continue (1.8985197840 -24.8962375067)
continue (1.9389138220 -24.8930761072)
continue (1.9810641224 -24.8898676355)
continue (2.0250877696 -24.8866101811)
continue (2.0711124916 -24.8833015347)
continue (2.1192778984 -24.8799393960)
continue (2.1697368960 -24.8765213024)
continue (2.2226573081 -24.8730445709)
continue (2.2782237408 -24.8695063832)
continue (2.3366397342 -24.8659035819)
continue (2.3981302535 -24.8622330411)
continue (2.4629445847 -24.8584914650)
continue (2.5313597120 -24.8546748906)
continue (2.6036842752 -24.8507783062)
continue (2.6802632245 -24.8467983577)
continue (2.7614833222 -24.8427299519)
continue (2.8477796760 -24.8385678443)
continue (2.9396435365 -24.8343057687)
continue (3.0376316544 -24.8299385299)
continue (3.1423775735 -24.8254580155)
continue (3.2546053440 -24.8208579032)
continue (3.3751462827 -24.8161288576)
continue (3.5049596012 -24.8112630490)
continue (3.6451579853 -24.8062497282)
continue (3.7970395680 -24.8010778482)
continue (3.9621282449 -24.7957361330)
continue (4.1422249833 -24.7902105278)
continue (4.3394737920 -24.7844863728)
continue (4.5564474816 -24.7785473446)
continue (4.7962605070 -24.7723758677)
continue (5.0627194240 -24.7659524559)
continue (5.3605264489 -24.7592556923)
continue (5.6955593520 -24.7522648408)
continue (6.0752633088 -24.7449579005)
continue (6.5092106880 -24.7373150869)
continue (7.0099192025 -24.7293235380)
continue (7.5940791360 -24.7209858214)
continue (8.2844499666 -24.7123344824)
continue (9.1128949632 -24.7034665170)
continue (9.5925210139 -24.6989927673)
continue (10.1254388480 -24.6940478297)
continue (10.7210528979 -24.6876543407)
continue (11.3911187040 -24.6787871467)
continue (12.1505266176 -24.6664122224)
continue (13.0184213760 -24.6495487332)
continue (14.0198384049 -24.6273059077)
continue (15.1881582720 -24.5989105689)
continue (16.5688999331 -24.5643487691)
continue (18.2257899264 -24.5258484723)
continue (20.2508776960 -24.4858922706)
continue (22.7822374080 -24.4470284289)
continue (26.0368427520 -24.4127960350)
continue (30.3763165440 -24.3886711516)
continue (36.4515798528 -24.3816595694)
continue (45.5644748160 -24.3958614573)
continue (60.7526330881 -24.4823098956)
continue (91.0379117204 -24.5895960887)
continue (91.1289496321 -24.5897640448)
continue (95.8243424102 -24.5971247033)
continue (101.1420084707 -24.6028272995)
continue (107.0845471588 -24.6072225719)
continue (113.7689758203 -24.6081453360)
continue (121.3434748763 -24.6075163368)
continue (129.9985016150 -24.6030801751)
continue (139.9830255485 -24.5968203001)
continue (151.6288679403 -24.5911008381)
continue (165.3882933432 -24.5710584857)
continue (181.8941110421 -24.5614010902)
continue (202.0597552818 -24.5032475610)
continue (227.2542384840 -23.9444528505)
continue (228.3933574739 -23.5800829055)
continue (228.9672101309 -23.5691334358)
continue (229.5439537332 -23.5614787568)
continue (230.1236101821 -23.4015698408)
continue (230.7062016002 -23.3947983339)
continue (231.2917503353 -23.3876981171)
continue (231.8802789621 -23.3826345811)
continue (232.4718102860 -23.2845060688)
continue (233.0663673455 -23.2791922330)
continue (233.6639734156 -23.2736712815)
continue (234.2646520105 -23.2694117838)
continue (234.2646520105 -23.2694117838)
continue (234.8684268868 -23.3859443341)
continue (235.4753220468 -23.3831333664)
continue (236.0853617412 -23.3804927177)
continue (236.6985704730 -23.3041458666)
continue (237.3149730003 -23.4827728723)
continue (237.3149730003 -23.4827728723)
continue (237.9345943397 -23.4812300946)
continue (238.5574597699 -23.4796036325)
continue (239.1835948349 -23.4438504958)
continue (239.8130253476 -23.3311299854)
continue (240.4457773934 -23.3253593705)
continue (241.0818773336 -23.3182386806)
continue (241.7213518093 -23.2881104050)
continue (242.3642277449 -23.2258988284)
continue (243.0105323523 -23.5165771725)
continue (243.0105323523 -23.5165771725)
continue (243.6602931340 -23.5092324587)
continue (244.3135378877 -23.4946037078)
continue (244.9702947099 -23.4713790047)
continue (245.6305920003 -23.3371709336)
continue (246.2944584651 -23.3261257452)
continue (246.9619231222 -23.3089259204)
continue (247.6330153046 -23.3067386231)
continue (248.3077646651 -23.2187479786)
continue (248.9862011806 -23.2091147461)
continue (249.6683551564 -23.1955904776)
continue (250.3542572310 -23.1344634253)
continue (251.0439383804 -23.1255513881)
continue (251.7374299229 -23.1128785657)
continue (252.4347635238 -23.1045005442)
continue (253.1359712003 -23.0593831299)
continue (253.8410853262 -23.0524034840)
continue (254.5501386371 -23.0483336334)
continue (255.2631642356 -23.0177332935)
continue (255.9801955958 -23.0145597283)
continue (255.9801955958 -23.0145597283)
continue (256.7012665693 -23.4864411214)
continue (257.4264113901 -23.4321578682)
continue (258.1556646802 -23.3832565840)
continue (258.8890614548 -23.2798632920)
continue (259.6266371285 -23.2807308346)
continue (260.3684275203 -23.2357406835)
continue (261.1144688599 -23.2532279070)
continue (261.8647977934 -23.1472070532)
continue (262.6194513893 -23.1238437034)
continue (263.3784671448 -23.1126748689)
continue (264.1418829916 -23.0572356675)
continue (264.9097373026 -23.0447953057)
continue (265.6820688982 -23.0264356699)
continue (266.4589170529 -23.0347439284)
continue (267.2403215018 -22.9833383705)
continue (268.0263224473 -22.9700476348)
continue (268.8169605667 -22.9668308123)
continue (269.6122770180 -22.9308977522)
continue (270.4123134484 -22.9237948818)
continue (271.2171120003 -22.9167860907)
continue (272.0267153197 -22.8790202479)
continue (272.8411665632 -22.8554324770)
continue (273.6605094057 -22.8594737744)
continue (274.4847880485 -22.8387765752)
continue (275.3140472269 -22.8228630884)
continue (276.1483322185 -22.8215696956)
continue (276.9876888514 -22.8125154530)
continue (277.8321635125 -22.8143229163)
continue (278.6818031563 -22.8094574912)
continue (279.5366553132 -22.8027126481)
continue (280.3967680988 -22.7987349103)
continue (281.2621902225 -22.7921227500)
continue (282.1329709972 -22.7816915366)
continue (283.0091603481 -22.7752285126)
continue (283.8908088227 -22.7738516778)
continue (284.7779676003 -22.7637346903)
continue (285.6706885019 -22.7592461919)
continue (286.5690240003 -22.7577676440)
continue (287.4730272306 -22.7495446235)
continue (288.3827520003 -22.7478664901)
continue (289.2982528003 -22.7538178804)
continue (290.2195848156 -22.7503197966)
continue (291.1468039364 -22.7484664307)
continue (292.0799667695 -22.7535244900)
continue (293.0191306498 -22.7489585790)
continue (293.9643536519 -22.7488531503)
continue (294.9156946023 -22.7492637499)
continue (295.8732130912 -22.7430922980)
continue (296.8369694857 -22.7422370564)
continue (297.8070249415 -22.7406417574)
continue (298.7834414167 -22.6972769279)
continue (299.7662816845 -22.7211586658)
continue (300.7556093469 -22.7292669283)
continue (301.7514888480 -22.6924303227)
continue (302.7539854887 -22.7054497748)
continue (303.7631654403 -21.8343197722)
continue (304.7790957595 -21.8375735001)
continue (305.8018444030 -21.8480737644)
continue (306.8314802428 -21.9000987819)
continue (307.8680730814 -21.9041203454)
continue (308.9116936681 -21.9131007294)
continue (309.9624137146 -21.9664647639)
continue (311.0203059116 -21.9697088234)
continue (312.0854439455 -21.9816964381)
continue (313.1579025158 -22.0328397495)
continue (314.2377573521 -22.0348248620)
continue (315.3250852322 -22.0464108030)
continue (316.4199640003 -22.0915470372)
continue (317.5224725857 -22.0947535449)
continue (318.6326910213 -22.1074616888)
continue (319.7507004635 -22.1407934760)
continue (320.8765832116 -22.1474949649)
continue (322.0104227283 -22.1954045249)
continue (323.1523036599 -22.1861354579)
continue (324.3023118580 -22.1828324258)
continue (325.4605344003 -22.2311985491)
continue (326.6270596133 -22.2248018514)
continue (327.8019770939 -22.2142087756)
continue (328.9853777332 -22.2550175927)
continue (330.1773537395 -22.2487793606)
continue (331.3779986622 -22.2686398294)
continue (332.5874074164 -22.2876294986)
continue (333.8056763080 -22.2842076930)
continue (335.0329030592 -22.3187051754)
continue (336.2691868343 -22.3238021967)
continue (337.5146282670 -22.3222439340)
continue (338.7693294874 -22.3293502217)
continue (340.0333941496 -22.3213570701)
continue (341.3069274610 -22.3235692300)
continue (342.5900362109 -22.3497171149)
continue (343.8828288004 -22.3475690907)
continue (345.1854152731 -22.3604504037)
continue (346.4979073464 -22.3703282337)
continue (347.8204184431 -22.3609147808)
continue (349.1530637245 -22.3748535400)
continue (350.4959601235 -22.3812560305)
continue (351.8492263788 -22.3810753049)
continue (353.2129830701 -22.3958946647)
continue (354.5873526541 -22.3898071659)
continue (355.9724595004 -22.3984860693)
continue (357.3684299298 -22.3961383760)
continue (358.7753922524 -22.4038983062)
continue (360.1934768067 -22.4126612519)
continue (361.6228160004 -22.4038277921)
continue (363.0635443510 -22.4256332680)
continue (364.5157985284 -22.4263031915)
continue (365.9797173980 -22.4280804482)
continue (367.4554420649 -22.4113574416)
continue (368.9431159194 -22.4120492373)
continue (370.4428846833 -22.3894576594)
continue (371.9548964575 -22.4053730525)
continue (373.4793017709 -22.3899259172)
continue (375.0162536300 -22.3945390100)
continue (376.5659075706 -22.4020128439)
continue (378.1284217099 -22.4057628635)
continue (379.7039568004 -22.4167788842)
continue (381.2926762849 -22.4094865245)
continue (382.8947463533 -22.4230312573)
continue (384.5103360004 -22.4227175109)
continue (386.1396170852 -22.4268915835)
continue (387.7827643919 -22.4354185760)
continue (389.4399556927 -22.4301443172)
continue (391.1113718116 -22.4404636179)
continue (392.7971966901 -22.4337544356)
continue (394.4976174550 -22.4193607133)
continue (396.2128244874 -22.4034788869)
continue (397.9430114939 -22.4055956171)
continue (399.6883755794 -22.3744246620)
continue (401.4491173220 -22.3776408980)
continue (403.2254408500 -22.3291652944)
continue (405.0175539204 -22.3520379190)
continue (406.8256680004 -22.3241577929)
continue (408.6499983502 -22.3270583551)
continue (410.4907641085 -22.3044601545)
continue (412.3481883805 -22.2738073172)
continue (414.2224983277 -22.2670261316)
continue (416.1139252607 -22.2694573082)
continue (418.0227047344 -22.2593909497)
continue (419.9490766456 -22.2817435662)
continue (421.8932853338 -22.2376591573)
continue (423.8555796842 -22.2417302049)
continue (425.8362132341 -22.2194755607)
continue (427.8354442821 -22.2343892824)
continue (429.8535360005 -22.2025992566)
continue (431.8907565502 -22.2215522055)
continue (433.9473792005 -22.1811280697)
continue (436.0236824502 -22.1988793158)
continue (438.1199501543 -22.1526401345)
continue (440.2364716526 -22.1701961225)
continue (442.3735419034 -22.1409977806)
continue (444.5314616200 -22.1548285957)
continue (446.7105374122 -22.1449040149)
continue (448.9110819315 -22.1414376610)
continue (451.1334140203 -22.1330494567)
continue (453.3778588662 -22.1225459850)
continue (455.6447481605 -22.1279243719)
continue (464.9436205719 -22.0593797423)
continue (477.1149195398 -22.0491560560)
continue (489.9405894199 -22.0695960808)
continue (503.4748598458 -22.0408201155)
continue (517.7781229096 -21.9907222985)
continue (532.9178341058 -21.9888958319)
continue (548.9695760970 -22.0830383283)
continue (566.0183206963 -22.0037690150)
continue (584.1599335391 -21.9606986542)
continue (603.5029776960 -21.9510158463)
continue (624.1708878911 -21.9464136082)
continue (646.3046073198 -21.8906753845)
continue (670.0658061184 -21.8748288468)
continue (695.6408368862 -21.8560786879)
continue (723.2456320008 -21.7929298817)
continue (753.1318151413 -21.7832057173)
continue (785.5943933801 -21.8076728742)
continue (820.9815282171 -21.6891743401)
continue (859.7070720009 -21.6714516752)
continue (902.2668280406 -21.5713530323)
continue (959.2521013905 -20.1666691823)
continue (1012.5438848011 -19.8570006317)
continue (1072.1052897894 -19.6620086900)
continue (1139.1118704012 -19.5459773513)
continue (1215.0526617613 -19.4818540066)
continue (1301.8421376014 -19.2929639249)
continue (1401.9838404938 -19.2669354205)
continue (1518.8158272016 -19.2522617251)
continue (1656.8899933109 -19.2576106269)
continue (1822.5789926419 -19.2628582780)
continue (2025.0877696022 -19.2697424421)
continue (2278.2237408024 -19.2914203829)
continue (2603.6842752028 -19.3144740351)
continue (3037.6316544032 -19.3262048992)
continue (3645.1579852839 -19.3546608227)
continue (4556.4474816048 -19.2706489527)
continue (6075.2633088065 -19.2384212822)
continue (9112.8949632097 -19.2174981906)
continue (9204.0239128418 -50.0000000000)
continue (7354000.0000000000 -50.0000000000)
f(nu) = -23.9056017170 at 1.0000000000 Ryd
