# Faucher-Giguere 2019 
# z = 4.623413
# E [Ryd] log (J_nu)
interpolate (0.0000000100 -50.0000000000)
continue (0.0121097530 -50.0000000000)
continue (0.0122320738 -27.6901257280)
continue (0.0123147229 -27.6856801670)
continue (0.0123984965 -27.6812123056)
continue (0.0124834178 -27.6767010745)
continue (0.0125695103 -27.6721607140)
continue (0.0126567986 -27.6675963368)
continue (0.0127453076 -27.6629925847)
continue (0.0128350633 -27.6583554466)
continue (0.0129260921 -27.6536890428)
continue (0.0130184214 -27.6489883974)
continue (0.0131120791 -27.6442482576)
continue (0.0132070941 -27.6394759467)
continue (0.0133034963 -27.6346712188)
continue (0.0134013161 -27.6298253229)
continue (0.0135005851 -27.6249416554)
continue (0.0136013358 -27.6200298485)
continue (0.0137036014 -27.6150708252)
continue (0.0138074166 -27.6100741142)
continue (0.0139128167 -27.6050490450)
continue (0.0140198384 -27.5999723352)
continue (0.0141285193 -27.5948575213)
continue (0.0142388984 -27.5897119511)
continue (0.0143510157 -27.5845139597)
continue (0.0144649126 -27.5792752598)
continue (0.0145806319 -27.5740019461)
continue (0.0146982177 -27.5686776322)
continue (0.0148177154 -27.5633100514)
continue (0.0149391721 -27.5579019318)
continue (0.0150626363 -27.5524419551)
continue (0.0151881583 -27.5469402235)
continue (0.0153157899 -27.5413906074)
continue (0.0154455847 -27.5357892119)
continue (0.0155775982 -27.5301471157)
continue (0.0157118879 -27.5244488068)
continue (0.0158485130 -27.5186998671)
continue (0.0159875350 -27.5129084619)
continue (0.0161290176 -27.5070552389)
continue (0.0162730267 -27.5011525229)
continue (0.0164196306 -27.4951947544)
continue (0.0165688999 -27.4891788421)
continue (0.0167209082 -27.4831184371)
continue (0.0168757314 -27.4769897421)
continue (0.0170334485 -27.4708055750)
continue (0.0171941414 -27.4645616751)
continue (0.0173578952 -27.4582548024)
continue (0.0175247980 -27.4518968772)
continue (0.0176949417 -27.4454647004)
continue (0.0178684215 -27.4389740813)
continue (0.0180453366 -27.4324155055)
continue (0.0182257899 -27.4257917209)
continue (0.0184098888 -27.4191017575)
continue (0.0185977448 -27.4123358886)
continue (0.0187894742 -27.4055106879)
continue (0.0189851978 -27.3986014377)
continue (0.0191850420 -27.3916282068)
continue (0.0193891382 -27.3845724358)
continue (0.0195976236 -27.3774430057)
continue (0.0198106412 -27.3702335960)
continue (0.0200283406 -27.3629441074)
continue (0.0202508777 -27.3555717692)
continue (0.0204784156 -27.3481177795)
continue (0.0207111249 -27.3405751374)
continue (0.0209491838 -27.3329474448)
continue (0.0211927790 -27.3252268381)
continue (0.0214421058 -27.3174170146)
continue (0.0216973690 -27.3095101385)
continue (0.0219587830 -27.3015092091)
continue (0.0222265731 -27.2934085466)
continue (0.0225009752 -27.2852071269)
continue (0.0227822374 -27.2769003055)
continue (0.0230706202 -27.2684910330)
continue (0.0233663973 -27.2599642841)
continue (0.0236698570 -27.2513356047)
continue (0.0239813025 -27.2425810722)
continue (0.0243010532 -27.2337171921)
continue (0.0246294458 -27.2247305438)
continue (0.0249668355 -27.2156185568)
continue (0.0253135971 -27.2063825180)
continue (0.0256701267 -27.1970021395)
continue (0.0260368428 -27.1874981442)
continue (0.0264141883 -27.1778525798)
continue (0.0268026322 -27.1680611890)
continue (0.0272026715 -27.1581280405)
continue (0.0276148332 -27.1480370454)
continue (0.0280396768 -27.1377895783)
continue (0.0284777968 -27.1273851900)
continue (0.0289298253 -27.1168087603)
continue (0.0293964354 -27.1060598395)
continue (0.0298783441 -27.0951374479)
continue (0.0303763165 -27.0840314405)
continue (0.0308911694 -27.0727289963)
continue (0.0314237757 -27.0612395605)
continue (0.0319750700 -27.0495438022)
continue (0.0325460534 -27.0376355120)
continue (0.0331377999 -27.0255062001)
continue (0.0337514628 -27.0131550405)
continue (0.0343882829 -27.0005700315)
continue (0.0350495960 -26.9877437111)
continue (0.0357368430 -26.9746619571)
continue (0.0364515799 -26.9613129264)
continue (0.0371954896 -26.9476917700)
continue (0.0379703957 -26.9337848519)
continue (0.0387782764 -26.9195846481)
continue (0.0396212824 -26.9050741182)
continue (0.0405017554 -26.8902398446)
continue (0.0414222498 -26.8750669485)
continue (0.0423855580 -26.8595392643)
continue (0.0433947379 -26.8436401440)
continue (0.0444531462 -26.8273519648)
continue (0.0455644748 -26.8106558252)
continue (0.0467327947 -26.7935313229)
continue (0.0479626051 -26.7759608249)
continue (0.0492588917 -26.7579128662)
continue (0.0506271942 -26.7393635292)
continue (0.0520736855 -26.7202803190)
continue (0.0536052645 -26.7006366472)
continue (0.0552296664 -26.6804071267)
continue (0.0569555935 -26.6595408350)
continue (0.0587928707 -26.6380018560)
continue (0.0607526331 -26.6157591392)
continue (0.0628475515 -26.5927390704)
continue (0.0650921069 -26.5689135944)
continue (0.0675029257 -26.5441970065)
continue (0.0700991920 -26.5185482228)
continue (0.0729031597 -26.4918813069)
continue (0.0759407914 -26.4641070489)
continue (0.0792425649 -26.4351393634)
continue (0.0828444997 -26.4048736833)
continue (0.0843786571 -26.3923767364)
continue (0.0859707072 -26.3796460878)
continue (0.0876239900 -26.3666659913)
continue (0.0893421075 -26.3534316245)
continue (0.0911289496 -26.3399286964)
continue (0.0929887241 -26.3261561204)
continue (0.0949259892 -26.3120982168)
continue (0.0969456911 -26.2977373221)
continue (0.0990532061 -26.2830660004)
continue (0.1012543885 -26.2680693840)
continue (0.1035556246 -26.2527330625)
continue (0.1059638949 -26.2370400639)
continue (0.1084868448 -26.2209733710)
continue (0.1111328654 -26.2045154371)
continue (0.1139111870 -26.1876510605)
continue (0.1168319867 -26.1703701053)
continue (0.1199065127 -26.1526618892)
continue (0.1231472292 -26.1345327575)
continue (0.1265679856 -26.1159811587)
continue (0.1301842138 -26.0970078778)
continue (0.1340131612 -26.0776183494)
continue (0.1380741661 -26.0578213874)
continue (0.1423889838 -26.0376372515)
continue (0.1469821768 -26.0170612690)
continue (0.1518815827 -25.9961160766)
continue (0.1571188787 -25.9748151527)
continue (0.1627302672 -25.9531779073)
continue (0.1687573141 -25.9312230573)
continue (0.1752479801 -25.9089759743)
continue (0.1822578993 -25.8864624929)
continue (0.1898519784 -25.8637112045)
continue (0.1981064122 -25.8407327180)
continue (0.2071112492 -25.8175223166)
continue (0.2169736896 -25.7940713971)
continue (0.2278223741 -25.7703627195)
continue (0.2398130253 -25.7463717964)
continue (0.2531359712 -25.7220761620)
continue (0.2680263224 -25.6974352104)
continue (0.2847779676 -25.6724169170)
continue (0.3037631654 -25.6469701987)
continue (0.3254605344 -25.6210405741)
continue (0.3504959601 -25.5945590130)
continue (0.3797039568 -25.5674382306)
continue (0.4142224983 -25.5395741260)
continue (0.4556447482 -25.5108242866)
continue (0.5062719424 -25.4810089785)
continue (0.5695559352 -25.4498783391)
continue (0.6509210688 -25.4170880957)
continue (0.7594079136 -25.3821284306)
continue (0.9112894963 -25.3442145331)
continue (0.9204944407 -25.3422216807)
continue (0.9298872411 -25.3402169504)
continue (0.9394737075 -25.3382022860)
continue (0.9492598920 -25.3361759222)
continue (0.9592521014 -25.3341382973)
continue (0.9694569110 -25.3320890499)
continue (0.9798811788 -25.3300282316)
continue (0.9905320612 -25.3279549805)
continue (1.0014170289 -25.3258695186)
continue (1.0125438848 -25.3237715160)
continue (1.0239207824 -25.3216603400)
continue (1.0355562458 -25.3195364730)
continue (1.0474591912 -25.3173984762)
continue (1.0596389492 -25.3152473567)
continue (1.0721052898 -25.3130814559)
continue (1.0848684480 -25.3109016317)
continue (1.0979391522 -25.3087066966)
continue (1.1113286540 -25.3064967151)
continue (1.1250487609 -25.3042713292)
continue (1.1391118704 -25.3020297070)
continue (1.1535310080 -25.2997720251)
continue (1.1683198671 -25.2974975219)
continue (1.1834928524 -25.2952061636)
continue (1.1990651267 -25.2928962751)
continue (1.2150526618 -25.2905694979)
continue (1.2314722923 -25.2882232018)
continue (1.2483417758 -25.2858583611)
continue (1.2656798560 -25.2834740680)
continue (1.2835063328 -25.2810691463)
continue (1.3018421376 -25.2786442851)
continue (1.3207094150 -25.2761974478)
continue (1.3401316122 -25.2737290920)
continue (1.3601335766 -25.2712383251)
continue (1.3807416611 -25.2687234995)
continue (1.4019838405 -25.2661856210)
continue (1.4238898380 -25.2636232334)
continue (1.4464912640 -25.2610344511)
continue (1.4698217683 -25.2584203230)
continue (1.4939172071 -25.2557789513)
continue (1.5188158272 -25.2531092660)
continue (1.5445584683 -25.2504105966)
continue (1.5711887868 -25.2476825382)
continue (1.5987535023 -25.2449237258)
continue (1.6273026720 -25.2421323363)
continue (1.6568899933 -25.2393076743)
continue (1.6875731413 -25.2364494864)
continue (1.7194141440 -25.2335551298)
continue (1.7524798006 -25.2306242689)
continue (1.7868421496 -25.2276544553)
continue (1.8225789926 -25.2246449361)
continue (1.8597744823 -25.2215937922)
continue (1.8985197840 -25.2184999069)
continue (1.9389138220 -25.2153611287)
continue (1.9810641224 -25.2121753252)
continue (2.0250877696 -25.2089405353)
continue (2.0711124916 -25.2056548313)
continue (2.1192778984 -25.2023157930)
continue (2.1697368960 -25.1989209527)
continue (2.2226573081 -25.1954677976)
continue (2.2782237408 -25.1919532959)
continue (2.3366397342 -25.1883743574)
continue (2.3981302535 -25.1847279927)
continue (2.4629445847 -25.1810110322)
continue (2.5313597120 -25.1772193270)
continue (2.6036842752 -25.1733480132)
continue (2.6802632245 -25.1693938434)
continue (2.7614833222 -25.1653519305)
continue (2.8477796760 -25.1612168137)
continue (2.9396435365 -25.1569824268)
continue (3.0376316544 -25.1526437812)
continue (3.1423775735 -25.1481933415)
continue (3.2546053440 -25.1436241437)
continue (3.3751462827 -25.1389279498)
continue (3.5049596012 -25.1340969119)
continue (3.6451579853 -25.1291203903)
continue (3.7970395680 -25.1239883838)
continue (3.9621282449 -25.1186901117)
continue (4.1422249833 -25.1132124728)
continue (4.3394737920 -25.1075417560)
continue (4.5564474816 -25.1016633055)
continue (4.7962605070 -25.0955619244)
continue (5.0627194240 -25.0892206474)
continue (5.3605264489 -25.0826219635)
continue (5.6955593520 -25.0757511403)
continue (6.0752633088 -25.0685939702)
continue (6.5092106880 -25.0611425616)
continue (7.0099192025 -25.0534018907)
continue (7.5940791360 -25.0454021641)
continue (8.2844499666 -25.0372201517)
continue (9.1128949632 -25.0290252531)
continue (9.5925210139 -25.0249948996)
continue (10.1254388480 -25.0204826000)
continue (10.7210528979 -25.0143238481)
continue (11.3911187040 -25.0054559735)
continue (12.1505266176 -24.9929831277)
continue (13.0184213760 -24.9761202730)
continue (14.0198384049 -24.9541776265)
continue (15.1881582720 -24.9266133383)
continue (16.5688999331 -24.8938230531)
continue (18.2257899264 -24.8587953122)
continue (20.2508776960 -24.8242678156)
continue (22.7822374080 -24.7929822163)
continue (26.0368427520 -24.7688908809)
continue (30.3763165440 -24.7576993252)
continue (36.4515798528 -24.7654964253)
continue (45.5644748160 -24.8218780975)
continue (60.7526330881 -24.9404149375)
continue (91.0379117204 -25.0779809178)
continue (91.1289496321 -25.0782411824)
continue (95.8243424102 -25.0898908519)
continue (101.1420084707 -25.1003524096)
continue (107.0845471588 -25.1097735821)
continue (113.7689758203 -25.1157952632)
continue (121.3434748763 -25.1209151825)
continue (129.9985016150 -25.1216309709)
continue (139.9830255485 -25.1219674157)
continue (151.6288679403 -25.1246505983)
continue (165.3882933432 -25.1069846389)
continue (181.8941110421 -25.1062789073)
continue (202.0597552818 -25.0463251433)
continue (227.2542384840 -24.4445100640)
continue (228.3933574739 -23.9126710174)
continue (228.9672101309 -23.9014875174)
continue (229.5439537332 -23.8985231772)
continue (230.1236101821 -23.7075025414)
continue (230.7062016002 -23.7007730909)
continue (231.2917503353 -23.6961456582)
continue (231.8802789621 -23.6807534284)
continue (232.4718102860 -23.5809186758)
continue (233.0663673455 -23.5757896787)
continue (233.6639734156 -23.5731680693)
continue (234.2646520105 -23.4979078530)
continue (234.2646520105 -23.4979078530)
continue (234.8684268868 -23.8281137128)
continue (235.4753220468 -23.8269876323)
continue (236.0853617412 -23.8007828584)
continue (236.6985704730 -23.6528661589)
continue (237.3149730003 -23.9307297747)
continue (237.3149730003 -23.9307297747)
continue (237.9345943397 -23.9282571339)
continue (238.5574597699 -23.8951720339)
continue (239.1835948349 -23.8930116637)
continue (239.8130253476 -23.6967928049)
continue (240.4457773934 -23.6815277246)
continue (241.0818773336 -23.6552578865)
continue (241.7213518093 -23.5463767434)
continue (242.3642277449 -23.5473774752)
continue (243.0105323523 -23.9407234482)
continue (243.0105323523 -23.9407234482)
continue (243.6602931340 -23.9237504738)
continue (244.3135378877 -23.9039829443)
continue (244.9702947099 -23.9003414757)
continue (245.6305920003 -23.6735027335)
continue (246.2944584651 -23.6586807071)
continue (246.9619231222 -23.6533060388)
continue (247.6330153046 -23.5276057356)
continue (248.3077646651 -23.5132111625)
continue (248.9862011806 -23.5042823202)
continue (249.6683551564 -23.4204038693)
continue (250.3542572310 -23.4067199621)
continue (251.0439383804 -23.3971915546)
continue (251.7374299229 -23.3365871215)
continue (252.4347635238 -23.3230751496)
continue (253.1359712003 -23.3127806043)
continue (253.8410853262 -23.2967588415)
continue (254.5501386371 -23.2643881760)
continue (255.2631642356 -23.2660271268)
continue (255.9801955958 -23.2599514625)
continue (255.9801955958 -23.2599514625)
continue (256.7012665693 -23.8341567105)
continue (257.4264113901 -23.7097602651)
continue (258.1556646802 -23.6256759547)
continue (258.8890614548 -23.5453729757)
continue (259.6266371285 -23.5201110052)
continue (260.3684275203 -23.4623473600)
continue (261.1144688599 -23.4167779071)
continue (261.8647977934 -23.3658682181)
continue (262.6194513893 -23.3191449549)
continue (263.3784671448 -23.2945780562)
continue (264.1418829916 -23.2595832909)
continue (264.9097373026 -23.2326703863)
continue (265.6820688982 -23.2191692193)
continue (266.4589170529 -23.1904479598)
continue (267.2403215018 -23.1708272739)
continue (268.0263224473 -23.1605442012)
continue (268.8169605667 -23.1272325136)
continue (269.6122770180 -23.1143627851)
continue (270.4123134484 -23.1127570842)
continue (271.2171120003 -23.0832255757)
continue (272.0267153197 -23.0588524131)
continue (272.8411665632 -23.0271644989)
continue (273.6605094057 -23.0151656461)
continue (274.4847880485 -23.0130072664)
continue (275.3140472269 -22.9882044674)
continue (276.1483322185 -22.9858341033)
continue (276.9876888514 -22.9791536254)
continue (277.8321635125 -22.9884784848)
continue (278.6818031563 -22.9920779697)
continue (279.5366553132 -22.9834054091)
continue (280.3967680988 -22.9865909682)
continue (281.2621902225 -22.9876832403)
continue (282.1329709972 -22.9649134518)
continue (283.0091603481 -22.9676765125)
continue (283.8908088227 -22.9644979814)
continue (284.7779676003 -22.9470210881)
continue (285.6706885019 -22.9576609537)
continue (286.5690240003 -22.9474105726)
continue (287.4730272306 -22.9337066605)
continue (288.3827520003 -22.9546257869)
continue (289.2982528003 -22.9440966956)
continue (290.2195848156 -22.9549026189)
continue (291.1468039364 -22.9710313598)
continue (292.0799667695 -22.9532656316)
continue (293.0191306498 -22.9723798257)
continue (293.9643536519 -22.9759990943)
continue (294.9156946023 -22.9668243988)
continue (295.8732130912 -22.9791180179)
continue (296.8369694857 -22.9648063610)
continue (297.8070249415 -22.9668936881)
continue (298.7834414167 -22.9024494991)
continue (299.7662816845 -22.9304391671)
continue (300.7556093469 -22.9485512769)
continue (301.7514888480 -22.8881913967)
continue (302.7539854887 -22.9321159487)
continue (303.7631654403 -22.0840796140)
continue (304.7790957595 -22.0903004215)
continue (305.8018444030 -22.1030224767)
continue (306.8314802428 -22.1601200580)
continue (307.8680730814 -22.1743544795)
continue (308.9116936681 -22.1788843005)
continue (309.9624137146 -22.2414214561)
continue (311.0203059116 -22.2509817890)
continue (312.0854439455 -22.3084522919)
continue (313.1579025158 -22.3231173728)
continue (314.2377573521 -22.3277267166)
continue (315.3250852322 -22.3819581332)
continue (316.4199640003 -22.3827798011)
continue (317.5224725857 -22.4273163836)
continue (318.6326910213 -22.4398779733)
continue (319.7507004635 -22.4330419361)
continue (320.8765832116 -22.4766515679)
continue (322.0104227283 -22.4879731378)
continue (323.1523036599 -22.5010157671)
continue (324.3023118580 -22.4856240069)
continue (325.4605344003 -22.5184155777)
continue (326.6270596133 -22.5111637952)
continue (327.8019770939 -22.4823025392)
continue (328.9853777332 -22.5183690501)
continue (330.1773537395 -22.4984347077)
continue (331.3779986622 -22.5143496653)
continue (332.5874074164 -22.5232228261)
continue (333.8056763080 -22.5297943108)
continue (335.0329030592 -22.5639606608)
continue (336.2691868343 -22.5533910478)
continue (337.5146282670 -22.5515805088)
continue (338.7693294874 -22.5343666682)
continue (340.0333941496 -22.5261656046)
continue (341.3069274610 -22.5119927988)
continue (342.5900362109 -22.5368236876)
continue (343.8828288004 -22.5235580047)
continue (345.1854152731 -22.5520018637)
continue (346.4979073464 -22.5396839051)
continue (347.8204184431 -22.5555335856)
continue (349.1530637245 -22.5454804760)
continue (350.4959601235 -22.5546424867)
continue (351.8492263788 -22.5486476969)
continue (353.2129830701 -22.5556153382)
continue (354.5873526541 -22.5659805692)
continue (355.9724595004 -22.5580658885)
continue (357.3684299298 -22.5651300247)
continue (358.7753922524 -22.5542853530)
continue (360.1934768067 -22.5786217491)
continue (361.6228160004 -22.5606636746)
continue (363.0635443510 -22.5996525810)
continue (364.5157985284 -22.5809329462)
continue (365.9797173980 -22.6006384877)
continue (367.4554420649 -22.5516291719)
continue (368.9431159194 -22.5719300638)
continue (370.4428846833 -22.5166141374)
continue (371.9548964575 -22.5652029553)
continue (373.4793017709 -22.5165361186)
continue (375.0162536300 -22.5500719522)
continue (376.5659075706 -22.5233674954)
continue (378.1284217099 -22.5600879610)
continue (379.7039568004 -22.5416723474)
continue (381.2926762849 -22.5697683720)
continue (382.8947463533 -22.5662258872)
continue (384.5103360004 -22.5941453974)
continue (386.1396170852 -22.5821158926)
continue (387.7827643919 -22.6053933257)
continue (389.4399556927 -22.5851965666)
continue (391.1113718116 -22.6038918928)
continue (392.7971966901 -22.5908788797)
continue (394.4976174550 -22.5738988502)
continue (396.2128244874 -22.5520542606)
continue (397.9430114939 -22.5517778165)
continue (399.6883755794 -22.5125903034)
continue (401.4491173220 -22.5075964502)
continue (403.2254408500 -22.4533854523)
continue (405.0175539204 -22.4543591141)
continue (406.8256680004 -22.4402518752)
continue (408.6499983502 -22.4407304025)
continue (410.4907641085 -22.4183464535)
continue (412.3481883805 -22.3790466254)
continue (414.2224983277 -22.3662705128)
continue (416.1139252607 -22.3677507250)
continue (418.0227047344 -22.3706594237)
continue (419.9490766456 -22.3704020582)
continue (421.8932853338 -22.3509733273)
continue (423.8555796842 -22.3170130596)
continue (425.8362132341 -22.3314939793)
continue (427.8354442821 -22.3063998154)
continue (429.8535360005 -22.3112322840)
continue (431.8907565502 -22.2969610711)
continue (433.9473792005 -22.2807869438)
continue (436.0236824502 -22.2812540384)
continue (438.1199501543 -22.2410677923)
continue (440.2364716526 -22.2517375640)
continue (442.3735419034 -22.2263184606)
continue (444.5314616200 -22.2391789879)
continue (446.7105374122 -22.2315107158)
continue (448.9110819315 -22.2259752795)
continue (451.1334140203 -22.2194715917)
continue (453.3778588662 -22.2072780818)
continue (455.6447481605 -22.2172013542)
continue (464.9436205719 -22.1149236914)
continue (477.1149195398 -22.1137134765)
continue (489.9405894199 -22.1644971003)
continue (503.4748598458 -22.1306582271)
continue (517.7781229096 -22.0496425299)
continue (532.9178341058 -22.0642423018)
continue (548.9695760970 -22.1984140255)
continue (566.0183206963 -22.0892553506)
continue (584.1599335391 -22.0481208607)
continue (603.5029776960 -22.0461332156)
continue (624.1708878911 -22.0886867402)
continue (646.3046073198 -21.9934317483)
continue (670.0658061184 -21.9949121366)
continue (695.6408368862 -21.9404299707)
continue (723.2456320008 -21.8780257217)
continue (753.1318151413 -21.8906860712)
continue (785.5943933801 -21.9557111858)
continue (820.9815282171 -21.7745826343)
continue (859.7070720009 -21.7677644473)
continue (902.2668280406 -21.6585389770)
continue (959.2521013905 -20.1475421454)
continue (1012.5438848011 -19.9047304156)
continue (1072.1052897894 -19.7294719107)
continue (1139.1118704012 -19.6030687853)
continue (1215.0526617613 -19.5437548266)
continue (1301.8421376014 -19.3298787386)
continue (1401.9838404938 -19.3139516274)
continue (1518.8158272016 -19.3109347109)
continue (1656.8899933109 -19.3329889759)
continue (1822.5789926419 -19.3454598892)
continue (2025.0877696022 -19.3860826074)
continue (2278.2237408024 -19.3870700935)
continue (2603.6842752028 -19.4000041970)
continue (3037.6316544032 -19.4211917127)
continue (3645.1579852839 -19.4515081491)
continue (4556.4474816048 -19.3441902495)
continue (6075.2633088065 -19.3202394005)
continue (9112.8949632097 -19.3089446612)
continue (9204.0239128418 -50.0000000000)
continue (7354000.0000000000 -50.0000000000)
f(nu) = -24.2269298576 at 1.0000000000 Ryd
