# Faucher-Giguere 2019 
# z = 5.309573
# E [Ryd] log (J_nu)
interpolate (0.0000000100 -50.0000000000)
continue (0.0121097530 -50.0000000000)
continue (0.0122320738 -28.2103101327)
continue (0.0123147229 -28.2058660638)
continue (0.0123984965 -28.2013993860)
continue (0.0124834178 -28.1968848268)
continue (0.0125695103 -28.1923399487)
continue (0.0126567986 -28.1877727840)
continue (0.0127453076 -28.1831676915)
continue (0.0128350633 -28.1785265676)
continue (0.0129260921 -28.1738584562)
continue (0.0130184214 -28.1691578220)
continue (0.0131120791 -28.1644156085)
continue (0.0132070941 -28.1596421270)
continue (0.0133034963 -28.1548397664)
continue (0.0134013161 -28.1499909280)
continue (0.0135005851 -28.1451068145)
continue (0.0136013358 -28.1401954642)
continue (0.0137036014 -28.1352341549)
continue (0.0138074166 -28.1302350845)
continue (0.0139128167 -28.1252097786)
continue (0.0140198384 -28.1201311358)
continue (0.0141285193 -28.1150133564)
continue (0.0142388984 -28.1098674975)
continue (0.0143510157 -28.1046664814)
continue (0.0144649126 -28.0994252117)
continue (0.0145806319 -28.0941514380)
continue (0.0146982177 -28.0888214368)
continue (0.0148177154 -28.0834506160)
continue (0.0149391721 -28.0780418237)
continue (0.0150626363 -28.0725773704)
continue (0.0151881583 -28.0670735185)
continue (0.0153157899 -28.0615236760)
continue (0.0154455847 -28.0559196390)
continue (0.0155775982 -28.0502780613)
continue (0.0157118879 -28.0445802879)
continue (0.0158485130 -28.0388302903)
continue (0.0159875350 -28.0330379427)
continue (0.0161290176 -28.0271770152)
continue (0.0162730267 -28.0212709123)
continue (0.0164196306 -28.0153137350)
continue (0.0165688999 -28.0092966707)
continue (0.0167209082 -28.0032387726)
continue (0.0168757314 -27.9971039406)
continue (0.0170334485 -27.9909140903)
continue (0.0171941414 -27.9846710830)
continue (0.0173578952 -27.9783636664)
continue (0.0175247980 -27.9720075884)
continue (0.0176949417 -27.9655662476)
continue (0.0178684215 -27.9590746482)
continue (0.0180453366 -27.9525189338)
continue (0.0182257899 -27.9458895603)
continue (0.0184098888 -27.9391960382)
continue (0.0185977448 -27.9324305942)
continue (0.0187894742 -27.9256058273)
continue (0.0189851978 -27.9186882494)
continue (0.0191850420 -27.9117191749)
continue (0.0193891382 -27.9046567506)
continue (0.0195976236 -27.8975254155)
continue (0.0198106412 -27.8903186831)
continue (0.0200283406 -27.8830207266)
continue (0.0202508777 -27.8756528239)
continue (0.0204784156 -27.8681893958)
continue (0.0207111249 -27.8606503835)
continue (0.0209491838 -27.8530146382)
continue (0.0211927790 -27.8452975985)
continue (0.0214421058 -27.8374798219)
continue (0.0216973690 -27.8295778109)
continue (0.0219587830 -27.8215681799)
continue (0.0222265731 -27.8134719896)
continue (0.0225009752 -27.8052631726)
continue (0.0227822374 -27.7969536777)
continue (0.0230706202 -27.7885473238)
continue (0.0233663973 -27.7800113909)
continue (0.0236698570 -27.7713844488)
continue (0.0239813025 -27.7626293786)
continue (0.0243010532 -27.7537604929)
continue (0.0246294458 -27.7447681661)
continue (0.0249668355 -27.7356567006)
continue (0.0253135971 -27.7264233410)
continue (0.0256701267 -27.7170362425)
continue (0.0260368428 -27.7075291438)
continue (0.0264141883 -27.6978788604)
continue (0.0268026322 -27.6880840461)
continue (0.0272026715 -27.6781497947)
continue (0.0276148332 -27.6680544084)
continue (0.0280396768 -27.6578056090)
continue (0.0284777968 -27.6473996630)
continue (0.0289298253 -27.6368183967)
continue (0.0293964354 -27.6260671483)
continue (0.0298783441 -27.6151445176)
continue (0.0303763165 -27.6040368235)
continue (0.0308911694 -27.5927338132)
continue (0.0314237757 -27.5812394696)
continue (0.0319750700 -27.5695381223)
continue (0.0325460534 -27.5576295693)
continue (0.0331377999 -27.5455002507)
continue (0.0337514628 -27.5331401697)
continue (0.0343882829 -27.5205590738)
continue (0.0350495960 -27.5077240993)
continue (0.0357368430 -27.4946453785)
continue (0.0364515799 -27.4812867897)
continue (0.0371954896 -27.4676668123)
continue (0.0379703957 -27.4537559064)
continue (0.0387782764 -27.4395486936)
continue (0.0396212824 -27.4250354031)
continue (0.0405017554 -27.4101999309)
continue (0.0414222498 -27.3950252301)
continue (0.0423855580 -27.3794944540)
continue (0.0433947379 -27.3635906946)
continue (0.0444531462 -27.3472970843)
continue (0.0455644748 -27.3305971771)
continue (0.0467327947 -27.3134737883)
continue (0.0479626051 -27.2958961769)
continue (0.0492588917 -27.2778469762)
continue (0.0506271942 -27.2592936171)
continue (0.0520736855 -27.2402118672)
continue (0.0536052645 -27.2205596666)
continue (0.0552296664 -27.2003252737)
continue (0.0569555935 -27.1794563207)
continue (0.0587928707 -27.1579138824)
continue (0.0607526331 -27.1356719808)
continue (0.0628475515 -27.1126397454)
continue (0.0650921069 -27.0888184352)
continue (0.0675029257 -27.0640928307)
continue (0.0700991920 -27.0384399050)
continue (0.0729031597 -27.0117701325)
continue (0.0759407914 -26.9839913777)
continue (0.0792425649 -26.9550159545)
continue (0.0828444997 -26.9247439379)
continue (0.0843786571 -26.9122509084)
continue (0.0859707072 -26.8995155453)
continue (0.0876239900 -26.8865346879)
continue (0.0893421075 -26.8732937930)
continue (0.0911289496 -26.8597940634)
continue (0.0929887241 -26.8460148132)
continue (0.0949259892 -26.8319576913)
continue (0.0969456911 -26.8175995485)
continue (0.0990532061 -26.8029226102)
continue (0.1012543885 -26.7879226078)
continue (0.1035556246 -26.7725833405)
continue (0.1059638949 -26.7568881700)
continue (0.1084868448 -26.7408201126)
continue (0.1111328654 -26.7243609924)
continue (0.1139111870 -26.7074990185)
continue (0.1168319867 -26.6902150062)
continue (0.1199065127 -26.6725163371)
continue (0.1231472292 -26.6544113051)
continue (0.1265679856 -26.6358895325)
continue (0.1301842138 -26.6169625505)
continue (0.1340131612 -26.5976380313)
continue (0.1380741661 -26.5779216644)
continue (0.1423889838 -26.5578345385)
continue (0.1469821768 -26.5373687333)
continue (0.1518815827 -26.5165530265)
continue (0.1571188787 -26.4954063502)
continue (0.1627302672 -26.4739348027)
continue (0.1687573141 -26.4521709449)
continue (0.1752479801 -26.4301349391)
continue (0.1822578993 -26.4078488837)
continue (0.1898519784 -26.3853449513)
continue (0.1981064122 -26.3626310946)
continue (0.2071112492 -26.3396902246)
continue (0.2169736896 -26.3165149027)
continue (0.2278223741 -26.2930826203)
continue (0.2398130253 -26.2693737442)
continue (0.2531359712 -26.2453609467)
continue (0.2680263224 -26.2210014024)
continue (0.2847779676 -26.1962689561)
continue (0.3037631654 -26.1711095320)
continue (0.3254605344 -26.1454681457)
continue (0.3504959601 -26.1192758868)
continue (0.3797039568 -26.0924470732)
continue (0.4142224983 -26.0648758041)
continue (0.4556447482 -26.0364198025)
continue (0.5062719424 -26.0069009613)
continue (0.5695559352 -25.9760680676)
continue (0.6509210688 -25.9435778516)
continue (0.7594079136 -25.9089189006)
continue (0.9112894963 -25.8713082400)
continue (0.9204944407 -25.8693306725)
continue (0.9298872411 -25.8673406180)
continue (0.9394737075 -25.8653418429)
continue (0.9492598920 -25.8633303812)
continue (0.9592521014 -25.8613078481)
continue (0.9694569110 -25.8592745393)
continue (0.9798811788 -25.8572281503)
continue (0.9905320612 -25.8551706581)
continue (1.0014170289 -25.8531004471)
continue (1.0125438848 -25.8510176511)
continue (1.0239207824 -25.8489221662)
continue (1.0355562458 -25.8468131517)
continue (1.0474591912 -25.8446909927)
continue (1.0596389492 -25.8425547046)
continue (1.0721052898 -25.8404046341)
continue (1.0848684480 -25.8382397830)
continue (1.0979391522 -25.8360603646)
continue (1.1113286540 -25.8338657661)
continue (1.1250487609 -25.8316553395)
continue (1.1391118704 -25.8294299447)
continue (1.1535310080 -25.8271870794)
continue (1.1683198671 -25.8249280369)
continue (1.1834928524 -25.8226527060)
continue (1.1990651267 -25.8203576746)
continue (1.2150526618 -25.8180464148)
continue (1.2314722923 -25.8157160101)
continue (1.2483417758 -25.8133668118)
continue (1.2656798560 -25.8109976663)
continue (1.2835063328 -25.8086081046)
continue (1.3018421376 -25.8061989844)
continue (1.3207094150 -25.8037677849)
continue (1.3401316122 -25.8013153550)
continue (1.3601335766 -25.7988405892)
continue (1.3807416611 -25.7963413460)
continue (1.4019838405 -25.7938193255)
continue (1.4238898380 -25.7912727314)
continue (1.4464912640 -25.7886995530)
continue (1.4698217683 -25.7861010311)
continue (1.4939172071 -25.7834755055)
continue (1.5188158272 -25.7808214857)
continue (1.5445584683 -25.7781388923)
continue (1.5711887868 -25.7754273233)
continue (1.5987535023 -25.7726847700)
continue (1.6273026720 -25.7699088716)
continue (1.6568899933 -25.7671007673)
continue (1.6875731413 -25.7642589201)
continue (1.7194141440 -25.7613808912)
continue (1.7524798006 -25.7584670087)
continue (1.7868421496 -25.7555132538)
continue (1.8225789926 -25.7525205710)
continue (1.8597744823 -25.7494863750)
continue (1.8985197840 -25.7464091486)
continue (1.9389138220 -25.7432876741)
continue (1.9810641224 -25.7401196507)
continue (2.0250877696 -25.7369024196)
continue (2.0711124916 -25.7336343433)
continue (2.1192778984 -25.7303133038)
continue (2.1697368960 -25.7269368706)
continue (2.2226573081 -25.7235023447)
continue (2.2782237408 -25.7200063411)
continue (2.3366397342 -25.7164466603)
continue (2.3981302535 -25.7128206590)
continue (2.4629445847 -25.7091235949)
continue (2.5313597120 -25.7053536053)
continue (2.6036842752 -25.7015036302)
continue (2.6802632245 -25.6975717798)
continue (2.7614833222 -25.6935534001)
continue (2.8477796760 -25.6894431778)
continue (2.9396435365 -25.6852346990)
continue (3.0376316544 -25.6809239920)
continue (3.1423775735 -25.6765030897)
continue (3.2546053440 -25.6719656780)
continue (3.3751462827 -25.6673037468)
continue (3.5049596012 -25.6625106265)
continue (3.6451579853 -25.6575759354)
continue (3.7970395680 -25.6524910222)
continue (3.9621282449 -25.6472454350)
continue (4.1422249833 -25.6418287467)
continue (4.3394737920 -25.6362283244)
continue (4.5564474816 -25.6304324856)
continue (4.7962605070 -25.6244300015)
continue (5.0627194240 -25.6182086581)
continue (5.3605264489 -25.6117576026)
continue (5.6955593520 -25.6050718152)
continue (6.0752633088 -25.5981513609)
continue (6.5092106880 -25.5910078671)
continue (7.0099192025 -25.5836768097)
continue (7.5940791360 -25.5762361729)
continue (8.2844499666 -25.5688361715)
continue (9.1128949632 -25.5617689726)
continue (9.5925210139 -25.5584801938)
continue (10.1254388480 -25.5546910035)
continue (10.7210528979 -25.5491385354)
continue (11.3911187040 -25.5408865527)
continue (12.1505266176 -25.5292100379)
continue (13.0184213760 -25.5135166279)
continue (14.0198384049 -25.4933201277)
continue (15.1881582720 -25.4683042739)
continue (16.5688999331 -25.4394132812)
continue (18.2257899264 -25.4102452348)
continue (20.2508776960 -25.3834985730)
continue (22.7822374080 -25.3617987938)
continue (26.0368427520 -25.3483857507)
continue (30.3763165440 -25.3466595570)
continue (36.4515798528 -25.3792277364)
continue (45.5644748160 -25.4700534879)
continue (60.7526330881 -25.5995455552)
continue (91.0379117204 -25.7608296327)
continue (91.1289496321 -25.7611892341)
continue (95.8243424102 -25.7771475271)
continue (101.1420084707 -25.7924046123)
continue (107.0845471588 -25.8071457559)
continue (113.7689758203 -25.8177310418)
continue (121.3434748763 -25.8290270460)
continue (129.9985016150 -25.8339675771)
continue (139.9830255485 -25.8426310839)
continue (151.6288679403 -25.8592823526)
continue (165.3882933432 -25.8395826296)
continue (181.8941110421 -25.8557300515)
continue (202.0597552818 -25.7856456349)
continue (227.2542384840 -25.1224226698)
continue (228.3933574739 -24.3599035021)
continue (228.9672101309 -24.3430602621)
continue (229.5439537332 -24.3519970256)
continue (230.1236101821 -24.1461297823)
continue (230.7062016002 -24.1367261260)
continue (231.2917503353 -24.1395524555)
continue (231.8802789621 -24.0285339285)
continue (232.4718102860 -24.0216671069)
continue (233.0663673455 -24.0220015193)
continue (233.6639734156 -23.9501087641)
continue (234.2646520105 -23.9436904577)
continue (234.2646520105 -23.9436904577)
continue (234.8684268868 -24.3973629576)
continue (235.4753220468 -24.3919078292)
continue (236.0853617412 -24.3891914886)
continue (236.6985704730 -24.1491404239)
continue (237.3149730003 -24.3985672204)
continue (237.3149730003 -24.3985672204)
continue (237.9345943397 -24.3920993345)
continue (238.5574597699 -24.3812325409)
continue (239.1835948349 -24.2425367327)
continue (239.8130253476 -24.1304402521)
continue (240.4457773934 -24.0957966927)
continue (241.0818773336 -24.0003949018)
continue (241.7213518093 -23.9442104765)
continue (242.3642277449 -23.9416447268)
continue (243.0105323523 -24.3853195465)
continue (243.0105323523 -24.3853195465)
continue (243.6602931340 -24.3410488936)
continue (244.3135378877 -24.3157355217)
continue (244.9702947099 -24.0864643100)
continue (245.6305920003 -24.0592689981)
continue (246.2944584651 -24.0410211451)
continue (246.9619231222 -23.9223048247)
continue (247.6330153046 -23.8967459833)
continue (248.3077646651 -23.8763349659)
continue (248.9862011806 -23.7963379991)
continue (249.6683551564 -23.7674149247)
continue (250.3542572310 -23.7460850480)
continue (251.0439383804 -23.6895487435)
continue (251.7374299229 -23.6613633902)
continue (252.4347635238 -23.6401155007)
continue (253.1359712003 -23.5951278856)
continue (253.8410853262 -23.5684646972)
continue (254.5501386371 -23.5636963249)
continue (255.2631642356 -23.5574492978)
continue (255.9801955958 -23.5497345142)
continue (255.9801955958 -23.5497345142)
continue (256.7012665693 -24.1246864561)
continue (257.4264113901 -23.9011882032)
continue (258.1556646802 -23.7728635583)
continue (258.8890614548 -23.7938381896)
continue (259.6266371285 -23.7118380352)
continue (260.3684275203 -23.6646893958)
continue (261.1144688599 -23.7066020215)
continue (261.8647977934 -23.5482020204)
continue (262.6194513893 -23.5263147875)
continue (263.3784671448 -23.5259861236)
continue (264.1418829916 -23.4364065647)
continue (264.9097373026 -23.4684856171)
continue (265.6820688982 -23.4268294332)
continue (266.4589170529 -23.3878638304)
continue (267.2403215018 -23.4125208586)
continue (268.0263224473 -23.3549288051)
continue (268.8169605667 -23.3388997127)
continue (269.6122770180 -23.3369827150)
continue (270.4123134484 -23.3044816990)
continue (271.2171120003 -23.3109853739)
continue (272.0267153197 -23.2552633771)
continue (272.8411665632 -23.2053640072)
continue (273.6605094057 -23.2135604277)
continue (274.4847880485 -23.1862399344)
continue (275.3140472269 -23.1759853403)
continue (276.1483322185 -23.1835761793)
continue (276.9876888514 -23.1642078487)
continue (277.8321635125 -23.2096673285)
continue (278.6818031563 -23.2081431433)
continue (279.5366553132 -23.2000400613)
continue (280.3967680988 -23.2280308962)
continue (281.2621902225 -23.2055699140)
continue (282.1329709972 -23.1953467999)
continue (283.0091603481 -23.2008913395)
continue (283.8908088227 -23.1809799492)
continue (284.7779676003 -23.1883755765)
continue (285.6706885019 -23.1831540596)
continue (286.5690240003 -23.1704123838)
continue (287.4730272306 -23.1742231786)
continue (288.3827520003 -23.1845361247)
continue (289.2982528003 -23.1869674564)
continue (290.2195848156 -23.2188531403)
continue (291.1468039364 -23.2218808290)
continue (292.0799667695 -23.2356162232)
continue (293.0191306498 -23.2505380115)
continue (293.9643536519 -23.2548838328)
continue (294.9156946023 -23.2732059673)
continue (295.8732130912 -23.2583658741)
continue (296.8369694857 -23.2664324236)
continue (297.8070249415 -23.2531912152)
continue (298.7834414167 -23.1282322235)
continue (299.7662816845 -23.2015630675)
continue (300.7556093469 -23.1755005088)
continue (301.7514888480 -23.1543543993)
continue (302.7539854887 -23.1835371213)
continue (303.7631654403 -22.4513285943)
continue (304.7790957595 -22.4694981861)
continue (305.8018444030 -22.4647083104)
continue (306.8314802428 -22.5466602190)
continue (307.8680730814 -22.5493821188)
continue (308.9116936681 -22.6015496068)
continue (309.9624137146 -22.6282776471)
continue (311.0203059116 -22.6433226917)
continue (312.0854439455 -22.7087424341)
continue (313.1579025158 -22.6952665519)
continue (314.2377573521 -22.7498102763)
continue (315.3250852322 -22.7475002677)
continue (316.4199640003 -22.7716476099)
continue (317.5224725857 -22.7816631937)
continue (318.6326910213 -22.7936217177)
continue (319.7507004635 -22.7891139963)
continue (320.8765832116 -22.7845269861)
continue (322.0104227283 -22.8242941627)
continue (323.1523036599 -22.7770948366)
continue (324.3023118580 -22.7494590802)
continue (325.4605344003 -22.7568651904)
continue (326.6270596133 -22.7397995280)
continue (327.8019770939 -22.6903493163)
continue (328.9853777332 -22.7028237698)
continue (330.1773537395 -22.6745102440)
continue (331.3779986622 -22.6928435370)
continue (332.5874074164 -22.6916759056)
continue (333.8056763080 -22.7162603258)
continue (335.0329030592 -22.7410341130)
continue (336.2691868343 -22.7414766718)
continue (337.5146282670 -22.7138989897)
continue (338.7693294874 -22.6905507798)
continue (340.0333941496 -22.6676173040)
continue (341.3069274610 -22.6518749145)
continue (342.5900362109 -22.6797393988)
continue (343.8828288004 -22.6646055497)
continue (345.1854152731 -22.6948675501)
continue (346.4979073464 -22.6706357668)
continue (347.8204184431 -22.7050418383)
continue (349.1530637245 -22.6718100317)
continue (350.4959601235 -22.7161698656)
continue (351.8492263788 -22.6742465677)
continue (353.2129830701 -22.7219727846)
continue (354.5873526541 -22.6940322246)
continue (355.9724595004 -22.7252487119)
continue (357.3684299298 -22.6922397229)
continue (358.7753922524 -22.7167081131)
continue (360.1934768067 -22.7085784935)
continue (361.6228160004 -22.7338343185)
continue (363.0635443510 -22.7463998883)
continue (364.5157985284 -22.7717616027)
continue (365.9797173980 -22.7574168019)
continue (367.4554420649 -22.7223518066)
continue (368.9431159194 -22.7113063658)
continue (370.4428846833 -22.6578125874)
continue (371.9548964575 -22.7020731941)
continue (373.4793017709 -22.6642574366)
continue (375.0162536300 -22.6850592400)
continue (376.5659075706 -22.6862532020)
continue (378.1284217099 -22.6963064169)
continue (379.7039568004 -22.7192340030)
continue (381.2926762849 -22.7086795667)
continue (382.8947463533 -22.7560671015)
continue (384.5103360004 -22.7509611434)
continue (386.1396170852 -22.7759969722)
continue (387.7827643919 -22.7745641720)
continue (389.4399556927 -22.7811421669)
continue (391.1113718116 -22.7691377867)
continue (392.7971966901 -22.7841901852)
continue (394.4976174550 -22.7248356034)
continue (396.2128244874 -22.7192057140)
continue (397.9430114939 -22.6861260787)
continue (399.6883755794 -22.6584604622)
continue (401.4491173220 -22.6154670484)
continue (403.2254408500 -22.5794004972)
continue (405.0175539204 -22.5330209010)
continue (406.8256680004 -22.5367003227)
continue (408.6499983502 -22.5294921068)
continue (410.4907641085 -22.5049465013)
continue (412.3481883805 -22.4732004292)
continue (414.2224983277 -22.4476006473)
continue (416.1139252607 -22.4534776029)
continue (418.0227047344 -22.4835387632)
continue (419.9490766456 -22.4518570673)
continue (421.8932853338 -22.4599598583)
continue (423.8555796842 -22.3958759900)
continue (425.8362132341 -22.4186951578)
continue (427.8354442821 -22.4248470210)
continue (429.8535360005 -22.3949558438)
continue (431.8907565502 -22.4130935447)
continue (433.9473792005 -22.3634754151)
continue (436.0236824502 -22.3728664677)
continue (438.1199501543 -22.3256166917)
continue (440.2364716526 -22.3239937909)
continue (442.3735419034 -22.3181782986)
continue (444.5314616200 -22.3171309517)
continue (446.7105374122 -22.3297744351)
continue (448.9110819315 -22.3190219319)
continue (451.1334140203 -22.3056358812)
continue (453.3778588662 -22.3025340011)
continue (455.6447481605 -22.3096207430)
continue (464.9436205719 -22.2053577425)
continue (477.1149195398 -22.2050670256)
continue (489.9405894199 -22.2731777325)
continue (503.4748598458 -22.2273136658)
continue (517.7781229096 -22.1531444474)
continue (532.9178341058 -22.1575044392)
continue (548.9695760970 -22.3660916661)
continue (566.0183206963 -22.1490451784)
continue (584.1599335391 -22.1473522834)
continue (603.5029776960 -22.1450632275)
continue (624.1708878911 -22.2015930708)
continue (646.3046073198 -22.0985484877)
continue (670.0658061184 -22.1056093930)
continue (695.6408368862 -22.0413839735)
continue (723.2456320008 -21.9561991996)
continue (753.1318151413 -22.0127652804)
continue (785.5943933801 -22.0625961712)
continue (820.9815282171 -21.8629646574)
continue (859.7070720009 -21.8656515337)
continue (902.2668280406 -21.7534106069)
continue (959.2521013905 -20.2590883451)
continue (1012.5438848011 -19.9720241633)
continue (1072.1052897894 -19.7856134033)
continue (1139.1118704012 -19.6906423882)
continue (1215.0526617613 -19.6149815870)
continue (1301.8421376014 -19.3872271679)
continue (1401.9838404938 -19.3849937691)
continue (1518.8158272016 -19.4083112417)
continue (1656.8899933109 -19.4692760580)
continue (1822.5789926419 -19.5065112083)
continue (2025.0877696022 -19.5074188508)
continue (2278.2237408024 -19.5079887458)
continue (2603.6842752028 -19.5266109125)
continue (3037.6316544032 -19.5519623354)
continue (3645.1579852839 -19.5795320588)
continue (4556.4474816048 -19.4612267837)
continue (6075.2633088065 -19.4514126325)
continue (9112.8949632097 -19.4255064740)
continue (9204.0239128418 -50.0000000000)
continue (7354000.0000000000 -50.0000000000)
f(nu) = -24.7541588102 at 1.0000000000 Ryd
