# Faucher-Giguere 2019 
# z = 0.584893
# E [Ryd] log (J_nu)
interpolate (0.0000000100 -50.0000000000)
continue (0.0121097530 -50.0000000000)
continue (0.0122320738 -27.5174728832)
continue (0.0123147229 -27.5130858773)
continue (0.0123984965 -27.5086467093)
continue (0.0124834178 -27.5041857987)
continue (0.0125695103 -27.4997053863)
continue (0.0126567986 -27.4951806164)
continue (0.0127453076 -27.4906150466)
continue (0.0128350633 -27.4860366640)
continue (0.0129260921 -27.4814230487)
continue (0.0130184214 -27.4767531937)
continue (0.0131120791 -27.4720693302)
continue (0.0132070941 -27.4673556777)
continue (0.0133034963 -27.4625824170)
continue (0.0134013161 -27.4577897371)
continue (0.0135005851 -27.4529693978)
continue (0.0136013358 -27.4480888574)
continue (0.0137036014 -27.4431833241)
continue (0.0138074166 -27.4382504937)
continue (0.0139128167 -27.4332575207)
continue (0.0140198384 -27.4282352544)
continue (0.0141285193 -27.4231848250)
continue (0.0142388984 -27.4180721279)
continue (0.0143510157 -27.4129289800)
continue (0.0144649126 -27.4077560552)
continue (0.0145806319 -27.4025158543)
continue (0.0146982177 -27.3972477493)
continue (0.0148177154 -27.3919450250)
continue (0.0149391721 -27.3865716089)
continue (0.0150626363 -27.3811727907)
continue (0.0151881583 -27.3757318493)
continue (0.0153157899 -27.3702184261)
continue (0.0154455847 -27.3646848210)
continue (0.0155775982 -27.3590909076)
continue (0.0157118879 -27.3534417514)
continue (0.0158485130 -27.3477620395)
continue (0.0159875350 -27.3420072315)
continue (0.0161290176 -27.3362153534)
continue (0.0162730267 -27.3303774938)
continue (0.0164196306 -27.3244589681)
continue (0.0165688999 -27.3185156618)
continue (0.0167209082 -27.3124956367)
continue (0.0168757314 -27.3064267428)
continue (0.0170334485 -27.3003110362)
continue (0.0171941414 -27.2941080575)
continue (0.0173578952 -27.2878759438)
continue (0.0175247980 -27.2815585104)
continue (0.0176949417 -27.2751921604)
continue (0.0178684215 -27.2687637107)
continue (0.0180453366 -27.2622561746)
continue (0.0182257899 -27.2557052913)
continue (0.0184098888 -27.2490558045)
continue (0.0185977448 -27.2423684621)
continue (0.0187894742 -27.2355859404)
continue (0.0189851978 -27.2287487292)
continue (0.0191850420 -27.2218288757)
continue (0.0193891382 -27.2148369918)
continue (0.0195976236 -27.2077736314)
continue (0.0198106412 -27.2006198369)
continue (0.0200283406 -27.1934046318)
continue (0.0202508777 -27.1860837652)
continue (0.0204784156 -27.1787052353)
continue (0.0207111249 -27.1712130947)
continue (0.0209491838 -27.1636630210)
continue (0.0211927790 -27.1559936824)
continue (0.0214421058 -27.1482624724)
continue (0.0216973690 -27.1404091121)
continue (0.0219587830 -27.1324860114)
continue (0.0222265731 -27.1244400936)
continue (0.0225009752 -27.1163122708)
continue (0.0227822374 -27.1080688680)
continue (0.0230706202 -27.0997240201)
continue (0.0233663973 -27.0912750608)
continue (0.0236698570 -27.0827031563)
continue (0.0239813025 -27.0740364823)
continue (0.0243010532 -27.0652257114)
continue (0.0246294458 -27.0563252183)
continue (0.0249668355 -27.0472732166)
continue (0.0253135971 -27.0381041295)
continue (0.0256701267 -27.0288134409)
continue (0.0260368428 -27.0193658504)
continue (0.0264141883 -27.0098072594)
continue (0.0268026322 -27.0000858641)
continue (0.0272026715 -26.9902163162)
continue (0.0276148332 -26.9802187453)
continue (0.0280396768 -26.9700387175)
continue (0.0284777968 -26.9597025647)
continue (0.0289298253 -26.9492212660)
continue (0.0293964354 -26.9385449514)
continue (0.0298783441 -26.9276908256)
continue (0.0303763165 -26.9166725075)
continue (0.0308911694 -26.9054609891)
continue (0.0314237757 -26.8940393318)
continue (0.0319750700 -26.8824192358)
continue (0.0325460534 -26.8706041416)
continue (0.0331377999 -26.8585695511)
continue (0.0337514628 -26.8462949181)
continue (0.0343882829 -26.8337890547)
continue (0.0350495960 -26.8210433983)
continue (0.0357368430 -26.8080532535)
continue (0.0364515799 -26.7948058007)
continue (0.0371954896 -26.7812771949)
continue (0.0379703957 -26.7674600844)
continue (0.0387782764 -26.7533460315)
continue (0.0396212824 -26.7389244748)
continue (0.0405017554 -26.7241814656)
continue (0.0414222498 -26.7091020650)
continue (0.0423855580 -26.6936706059)
continue (0.0433947379 -26.6778703983)
continue (0.0444531462 -26.6616837513)
continue (0.0455644748 -26.6450919060)
continue (0.0467327947 -26.6280744503)
continue (0.0479626051 -26.6106064325)
continue (0.0492588917 -26.5926539172)
continue (0.0506271942 -26.5742017550)
continue (0.0520736855 -26.5552313449)
continue (0.0536052645 -26.5357095556)
continue (0.0552296664 -26.5155855863)
continue (0.0569555935 -26.4948218647)
continue (0.0587928707 -26.4734147447)
continue (0.0607526331 -26.4512718573)
continue (0.0628475515 -26.4283816138)
continue (0.0650921069 -26.4046669857)
continue (0.0675029257 -26.3800914868)
continue (0.0700991920 -26.3545527996)
continue (0.0729031597 -26.3280194222)
continue (0.0759407914 -26.3003898438)
continue (0.0792425649 -26.2715533390)
continue (0.0828444997 -26.2414209565)
continue (0.0843786571 -26.2289725336)
continue (0.0859707072 -26.2162947854)
continue (0.0876239900 -26.2033795235)
continue (0.0893421075 -26.1902126634)
continue (0.0911289496 -26.1767695150)
continue (0.0929887241 -26.1630495316)
continue (0.0949259892 -26.1490448713)
continue (0.0969456911 -26.1347432557)
continue (0.0990532061 -26.1201301967)
continue (0.1012543885 -26.1051936777)
continue (0.1035556246 -26.0899187579)
continue (0.1059638949 -26.0742888378)
continue (0.1084868448 -26.0582870452)
continue (0.1111328654 -26.0418964776)
continue (0.1139111870 -26.0250987128)
continue (0.1168319867 -26.0078727142)
continue (0.1199065127 -25.9901997071)
continue (0.1231472292 -25.9720580032)
continue (0.1265679856 -25.9534116903)
continue (0.1301842138 -25.9342465203)
continue (0.1340131612 -25.9145561577)
continue (0.1380741661 -25.8943088991)
continue (0.1423889838 -25.8734497556)
continue (0.1469821768 -25.8519890803)
continue (0.1518815827 -25.8298976916)
continue (0.1571188787 -25.8071128597)
continue (0.1627302672 -25.7836632384)
continue (0.1687573141 -25.7594696230)
continue (0.1752479801 -25.7345404909)
continue (0.1822578993 -25.7088578625)
continue (0.1898519784 -25.6823674035)
continue (0.1981064122 -25.6550690922)
continue (0.2071112492 -25.6269430827)
continue (0.2169736896 -25.5979714760)
continue (0.2278223741 -25.5681373076)
continue (0.2398130253 -25.5374269167)
continue (0.2531359712 -25.5058194419)
continue (0.2680263224 -25.4733200803)
continue (0.2847779676 -25.4399088610)
continue (0.3037631654 -25.4055858357)
continue (0.3254605344 -25.3703282563)
continue (0.3504959601 -25.3341132003)
continue (0.3797039568 -25.2969114137)
continue (0.4142224983 -25.2586489885)
continue (0.4556447482 -25.2192351566)
continue (0.5062719424 -25.1785144123)
continue (0.5695559352 -25.1362646707)
continue (0.6509210688 -25.0921501268)
continue (0.7594079136 -25.0456661436)
continue (0.9112894963 -24.9960198542)
continue (0.9204944407 -24.9934329692)
continue (0.9298872411 -24.9908369078)
continue (0.9394737075 -24.9882283220)
continue (0.9492598920 -24.9856084656)
continue (0.9592521014 -24.9829774013)
continue (0.9694569110 -24.9803324183)
continue (0.9798811788 -24.9776776279)
continue (0.9905320612 -24.9750069167)
continue (1.0014170289 -24.9723268738)
continue (1.0125438848 -24.9696299870)
continue (1.0239207824 -24.9669233255)
continue (1.0355562458 -24.9641993914)
continue (1.0474591912 -24.9614648699)
continue (1.0596389492 -24.9587126581)
continue (1.0721052898 -24.9559491569)
continue (1.0848684480 -24.9531672377)
continue (1.0979391522 -24.9503734734)
continue (1.1113286540 -24.9475605182)
continue (1.1250487609 -24.9447348086)
continue (1.1391118704 -24.9418895824)
continue (1.1535310080 -24.9390297380)
continue (1.1683198671 -24.9361511985)
continue (1.1834928524 -24.9332552467)
continue (1.1990651267 -24.9303418832)
continue (1.2150526618 -24.9274084032)
continue (1.2314722923 -24.9244582806)
continue (1.2483417758 -24.9214857058)
continue (1.2656798560 -24.9184949995)
continue (1.2835063328 -24.9154827516)
continue (1.3018421376 -24.9124485955)
continue (1.3207094150 -24.9093948848)
continue (1.3401316122 -24.9063160818)
continue (1.3601335766 -24.9032150046)
continue (1.3807416611 -24.9000913637)
continue (1.4019838405 -24.8969411895)
continue (1.4238898380 -24.8937666958)
continue (1.4464912640 -24.8905672813)
continue (1.4698217683 -24.8873390220)
continue (1.4939172071 -24.8840835581)
continue (1.5188158272 -24.8808011781)
continue (1.5445584683 -24.8774873709)
continue (1.5711887868 -24.8741428888)
continue (1.5987535023 -24.8707675787)
continue (1.6273026720 -24.8673607474)
continue (1.6568899933 -24.8639184923)
continue (1.6875731413 -24.8604410177)
continue (1.7194141440 -24.8569271608)
continue (1.7524798006 -24.8533765072)
continue (1.7868421496 -24.8497871098)
continue (1.8225789926 -24.8461567278)
continue (1.8597744823 -24.8424832952)
continue (1.8985197840 -24.8387658474)
continue (1.9389138220 -24.8350027342)
continue (1.9810641224 -24.8311918052)
continue (2.0250877696 -24.8273311158)
continue (2.0711124916 -24.8234183531)
continue (2.1192778984 -24.8194512554)
continue (2.1697368960 -24.8154273041)
continue (2.2226573081 -24.8113436622)
continue (2.2782237408 -24.8071975285)
continue (2.3366397342 -24.8029856600)
continue (2.3981302535 -24.7987048064)
continue (2.4629445847 -24.7943510909)
continue (2.5313597120 -24.7899195031)
continue (2.6036842752 -24.7854075239)
continue (2.6802632245 -24.7808108656)
continue (2.7614833222 -24.7761235577)
continue (2.8477796760 -24.7713381267)
continue (2.9396435365 -24.7664521398)
continue (3.0376316544 -24.7614566746)
continue (3.1423775735 -24.7563447015)
continue (3.2546053440 -24.7511087920)
continue (3.3751462827 -24.7457392671)
continue (3.5049596012 -24.7402258873)
continue (3.6451579853 -24.7345597031)
continue (3.7970395680 -24.7287253497)
continue (3.9621282449 -24.7227097385)
continue (4.1422249833 -24.7164974617)
continue (4.3394737920 -24.7100702819)
continue (4.5564474816 -24.7034074920)
continue (4.7962605070 -24.6964853675)
continue (5.0627194240 -24.6892743944)
continue (5.3605264489 -24.6817456892)
continue (5.6955593520 -24.6738580301)
continue (6.0752633088 -24.6655690953)
continue (6.5092106880 -24.6568237440)
continue (7.0099192025 -24.6475569779)
continue (7.5940791360 -24.6376909683)
continue (8.2844499666 -24.6271248962)
continue (9.1128949632 -24.6157392738)
continue (9.5925210139 -24.6096896494)
continue (10.1254388480 -24.6033293305)
continue (10.7210528979 -24.5965423243)
continue (11.3911187040 -24.5891462201)
continue (12.1505266176 -24.5808666000)
continue (13.0184213760 -24.5712913741)
continue (14.0198384049 -24.5597859730)
continue (15.1881582720 -24.5453974241)
continue (16.5688999331 -24.5267205635)
continue (18.2257899264 -24.5019565473)
continue (20.2508776960 -24.4687210602)
continue (22.7822374080 -24.4242077307)
continue (26.0368427520 -24.3654136301)
continue (30.3763165440 -24.2898883146)
continue (36.4515798528 -24.1965242447)
continue (45.5644748160 -24.0873640486)
continue (60.7526330881 -23.9748538086)
continue (91.0379117204 -23.9001137803)
continue (91.1289496321 -23.9000285594)
continue (95.8243424102 -23.8958154887)
continue (101.1420084707 -23.8914440006)
continue (107.0845471588 -23.8866233611)
continue (113.7689758203 -23.8805000920)
continue (121.3434748763 -23.8725464355)
continue (129.9985016150 -23.8615737488)
continue (139.9830255485 -23.8473557014)
continue (151.6288679403 -23.8297344848)
continue (165.3882933432 -23.8068615483)
continue (181.8941110421 -23.7805847598)
continue (202.0597552818 -23.7407118032)
continue (227.2542384840 -23.4235874206)
continue (228.3933574739 -23.4279792476)
continue (228.9672101309 -23.4103001492)
continue (229.5439537332 -23.4309425529)
continue (230.1236101821 -23.4142015667)
continue (230.7062016002 -23.4300543899)
continue (231.2917503353 -23.4169270710)
continue (231.8802789621 -23.3998834524)
continue (232.4718102860 -23.4157202237)
continue (233.0663673455 -23.4022028593)
continue (233.6639734156 -23.4167204718)
continue (234.2646520105 -23.4010427308)
continue (234.2646520105 -23.4010427308)
continue (234.8684268868 -23.3898560047)
continue (235.4753220468 -23.4040466218)
continue (236.0853617412 -23.3904979325)
continue (236.6985704730 -23.4033009997)
continue (237.3149730003 -23.3912495148)
continue (237.3149730003 -23.3914423188)
continue (237.9345943397 -23.4053050179)
continue (238.5574597699 -23.3907006174)
continue (239.1835948349 -23.3748729285)
continue (239.8130253476 -23.3890618625)
continue (240.4457773934 -23.3737640566)
continue (241.0818773336 -23.3865954755)
continue (241.7213518093 -23.3719864046)
continue (242.3642277449 -23.3813124936)
continue (243.0105323523 -23.3743736626)
continue (243.0105323523 -23.3746545472)
continue (243.6602931340 -23.3827673371)
continue (244.3135378877 -23.3712880669)
continue (244.9702947099 -23.3784208525)
continue (245.6305920003 -23.3653425741)
continue (246.2944584651 -23.3532106854)
continue (246.9619231222 -23.3609667246)
continue (247.6330153046 -23.3491729052)
continue (248.3077646651 -23.3561095792)
continue (248.9862011806 -23.3446585318)
continue (249.6683551564 -23.3506088877)
continue (250.3542572310 -23.3378337479)
continue (251.0439383804 -23.3446707605)
continue (251.7374299229 -23.3322801409)
continue (252.4347635238 -23.3385122976)
continue (253.1359712003 -23.3264683401)
continue (253.8410853262 -23.3303596294)
continue (254.5501386371 -23.3201517789)
continue (255.2631642356 -23.3235901558)
continue (255.9801955958 -23.3135458322)
continue (255.9801955958 -23.3135458322)
continue (256.7012665693 -23.3253469899)
continue (257.4264113901 -23.3154204251)
continue (258.1556646802 -23.3179187349)
continue (258.8890614548 -23.3081724672)
continue (259.6266371285 -23.3103253487)
continue (260.3684275203 -23.3007064806)
continue (261.1144688599 -23.3025273315)
continue (261.8647977934 -23.2918492136)
continue (262.6194513893 -23.2946166669)
continue (263.3784671448 -23.2839648570)
continue (264.1418829916 -23.2862558592)
continue (264.9097373026 -23.2861751535)
continue (265.6820688982 -23.2777849839)
continue (266.4589170529 -23.2776866383)
continue (267.2403215018 -23.2693148016)
continue (268.0263224473 -23.2688611854)
continue (268.8169605667 -23.2604995668)
continue (269.6122770180 -23.2599344166)
continue (270.4123134484 -23.2514785032)
continue (271.2171120003 -23.2508155094)
continue (272.0267153197 -23.2500669682)
continue (272.8411665632 -23.2414335162)
continue (273.6605094057 -23.2406921569)
continue (274.4847880485 -23.2319932679)
continue (275.3140472269 -23.2312939767)
continue (276.1483322185 -23.2226203122)
continue (276.9876888514 -23.2216896021)
continue (277.8321635125 -23.2195385646)
continue (278.6818031563 -23.2121870771)
continue (279.5366553132 -23.2099440441)
continue (280.3967680988 -23.2023483016)
continue (281.2621902225 -23.2002496192)
continue (282.1329709972 -23.1979306708)
continue (283.0091603481 -23.1905468428)
continue (283.8908088227 -23.1883228108)
continue (284.7779676003 -23.1894254403)
continue (285.6706885019 -23.1847859183)
continue (286.5690240003 -23.1806242863)
continue (287.4730272306 -23.1756130242)
continue (288.3827520003 -23.1707640757)
continue (289.2982528003 -23.1652031364)
continue (290.2195848156 -23.1596371560)
continue (291.1468039364 -23.1536915691)
continue (292.0799667695 -23.1513494900)
continue (293.0191306498 -23.1473519880)
continue (293.9643536519 -23.1427968860)
continue (294.9156946023 -23.1383632376)
continue (295.8732130912 -23.1336752471)
continue (296.8369694857 -23.1260319367)
continue (297.8070249415 -23.1209458516)
continue (298.7834414167 -23.1149906916)
continue (299.7662816845 -23.1108631893)
continue (300.7556093469 -23.1086893031)
continue (301.7514888480 -23.1049013535)
continue (302.7539854887 -23.1005020592)
continue (303.7631654403 -22.6809831303)
continue (304.7790957595 -22.6751762085)
continue (305.8018444030 -22.6691428216)
continue (306.8314802428 -22.6625571199)
continue (307.8680730814 -22.6579346750)
continue (308.9116936681 -22.6526161837)
continue (309.9624137146 -22.6472974657)
continue (311.0203059116 -22.6419987817)
continue (312.0854439455 -22.6355449274)
continue (313.1579025158 -22.6302151222)
continue (314.2377573521 -22.6272323483)
continue (315.3250852322 -22.6234572584)
continue (316.4199640003 -22.6187157008)
continue (317.5224725857 -22.6139025397)
continue (318.6326910213 -22.6093380741)
continue (319.7507004635 -22.6034149275)
continue (320.8765832116 -22.5965078306)
continue (322.0104227283 -22.5920908416)
continue (323.1523036599 -22.5922835629)
continue (324.3023118580 -22.5880881797)
continue (325.4605344003 -22.5839541276)
continue (326.6270596133 -22.5787272048)
continue (327.8019770939 -22.5720869646)
continue (328.9853777332 -22.5679228829)
continue (330.1773537395 -22.5645425740)
continue (331.3779986622 -22.5608939122)
continue (332.5874074164 -22.5609894217)
continue (333.8056763080 -22.5561966590)
continue (335.0329030592 -22.5498215653)
continue (336.2691868343 -22.5461728932)
continue (337.5146282670 -22.5432475444)
continue (338.7693294874 -22.5396628887)
continue (340.0333941496 -22.5360832603)
continue (341.3069274610 -22.5319000106)
continue (342.5900362109 -22.5284593262)
continue (343.8828288004 -22.5237505505)
continue (345.1854152731 -22.5194218811)
continue (346.4979073464 -22.5146265841)
continue (347.8204184431 -22.5103540194)
continue (349.1530637245 -22.5021759807)
continue (350.4959601235 -22.4972067258)
continue (351.8492263788 -22.4975837432)
continue (353.2129830701 -22.4928252457)
continue (354.5873526541 -22.4884522453)
continue (355.9724595004 -22.4809863081)
continue (357.3684299298 -22.4767146611)
continue (358.7753922524 -22.4725955502)
continue (360.1934768067 -22.4692970097)
continue (361.6228160004 -22.4693636573)
continue (363.0635443510 -22.4654220687)
continue (364.5157985284 -22.4584382825)
continue (365.9797173980 -22.4548253864)
continue (367.4554420649 -22.4512875140)
continue (368.9431159194 -22.4475771797)
continue (370.4428846833 -22.4459591730)
continue (371.9548964575 -22.4420752855)
continue (373.4793017709 -22.4388653606)
continue (375.0162536300 -22.4353686811)
continue (376.5659075706 -22.4317154044)
continue (378.1284217099 -22.4261528281)
continue (379.7039568004 -22.4270312411)
continue (381.2926762849 -22.4237927636)
continue (382.8947463533 -22.4194567563)
continue (384.5103360004 -22.4131812030)
continue (386.1396170852 -22.4087553204)
continue (387.7827643919 -22.4050102762)
continue (389.4399556927 -22.4069322759)
continue (391.1113718116 -22.4033144559)
continue (392.7971966901 -22.3969699511)
continue (394.4976174550 -22.3930295391)
continue (396.2128244874 -22.3897426731)
continue (397.9430114939 -22.3864950016)
continue (399.6883755794 -22.3859918077)
continue (401.4491173220 -22.3815926025)
continue (403.2254408500 -22.3787560361)
continue (405.0175539204 -22.3753482324)
continue (406.8256680004 -22.3704463856)
continue (408.6499983502 -22.3717791810)
continue (410.4907641085 -22.3684282373)
continue (412.3481883805 -22.3660605649)
continue (414.2224983277 -22.3615872488)
continue (416.1139252607 -22.3580057320)
continue (418.0227047344 -22.3603403371)
continue (419.9490766456 -22.3566400899)
continue (421.8932853338 -22.3520184456)
continue (423.8555796842 -22.3485803764)
continue (425.8362132341 -22.3450999743)
continue (427.8354442821 -22.3466471867)
continue (429.8535360005 -22.3434205804)
continue (431.8907565502 -22.3400591922)
continue (433.9473792005 -22.3369110632)
continue (436.0236824502 -22.3326619247)
continue (438.1199501543 -22.3355056930)
continue (440.2364716526 -22.3327297150)
continue (442.3735419034 -22.3281915090)
continue (444.5314616200 -22.3252016118)
continue (446.7105374122 -22.3284723416)
continue (448.9110819315 -22.3246665149)
continue (451.1334140203 -22.3219283351)
continue (453.3778588662 -22.3192396101)
continue (455.6447481605 -22.3168149462)
continue (464.9436205719 -22.3099046539)
continue (477.1149195398 -22.3096542506)
continue (489.9405894199 -22.3045186899)
continue (503.4748598458 -22.3088317332)
continue (517.7781229096 -22.3052686608)
continue (532.9178341058 -22.3091888700)
continue (548.9695760970 -22.3107824890)
continue (566.0183206963 -22.3152289397)
continue (584.1599335391 -22.3234780129)
continue (603.5029776960 -22.3284365613)
continue (624.1708878911 -22.3297323758)
continue (646.3046073198 -22.3265085080)
continue (670.0658061184 -22.3261151359)
continue (695.6408368862 -22.3165723081)
continue (723.2456320008 -22.3123744535)
continue (753.1318151413 -22.2890147183)
continue (785.5943933801 -22.2760399200)
continue (820.9815282171 -22.2441975741)
continue (859.7070720009 -22.2153344154)
continue (902.2668280406 -22.1727804983)
continue (959.2521013905 -21.3401318110)
continue (1012.5438848011 -20.9295365544)
continue (1072.1052897894 -20.7744988502)
continue (1139.1118704012 -20.6187298676)
continue (1215.0526617613 -20.5299939642)
continue (1301.8421376014 -20.2986187245)
continue (1401.9838404938 -20.1925904553)
continue (1518.8158272016 -20.1120185387)
continue (1656.8899933109 -20.0287023094)
continue (1822.5789926419 -19.9651447850)
continue (2025.0877696022 -19.8733319277)
continue (2278.2237408024 -19.8324072864)
continue (2603.6842752028 -19.7854387095)
continue (3037.6316544032 -19.7574337608)
continue (3645.1579852839 -19.7475086869)
continue (4556.4474816048 -19.7365990910)
continue (6075.2633088065 -19.7201219541)
continue (9112.8949632097 -19.6805716315)
continue (9204.0239128418 -50.0000000000)
continue (7354000.0000000000 -50.0000000000)
f(nu) = -23.8734642498 at 1.0000000000 Ryd
