# Faucher-Giguere 2019 
# z = 6.943282
# E [Ryd] log (J_nu)
interpolate (0.0000000100 -50.0000000000)
continue (0.0121097530 -50.0000000000)
continue (0.0122320738 -29.8381704924)
continue (0.0123147229 -29.8337209981)
continue (0.0123984965 -29.8292550149)
continue (0.0124834178 -29.8247421495)
continue (0.0125695103 -29.8201964736)
continue (0.0126567986 -29.8156284078)
continue (0.0127453076 -29.8110236401)
continue (0.0128350633 -29.8063799157)
continue (0.0129260921 -29.8017104645)
continue (0.0130184214 -29.7970096975)
continue (0.0131120791 -29.7922621903)
continue (0.0132070941 -29.7874850026)
continue (0.0133034963 -29.7826835690)
continue (0.0134013161 -29.7778309937)
continue (0.0135005851 -29.7729424537)
continue (0.0136013358 -29.7680322484)
continue (0.0137036014 -29.7630688489)
continue (0.0138074166 -29.7580662266)
continue (0.0139128167 -29.7530415801)
continue (0.0140198384 -29.7479613587)
continue (0.0141285193 -29.7428399117)
continue (0.0142388984 -29.7376947197)
continue (0.0143510157 -29.7324919806)
continue (0.0144649126 -29.7272468370)
continue (0.0145806319 -29.7219750505)
continue (0.0146982177 -29.7166434081)
continue (0.0148177154 -29.7112701850)
continue (0.0149391721 -29.7058650804)
continue (0.0150626363 -29.7003969831)
continue (0.0151881583 -29.6948932551)
continue (0.0153157899 -29.6893430398)
continue (0.0154455847 -29.6837371117)
continue (0.0155775982 -29.6780912462)
continue (0.0157118879 -29.6723924893)
continue (0.0158485130 -29.6666350995)
continue (0.0159875350 -29.6608437142)
continue (0.0161290176 -29.6549823597)
continue (0.0162730267 -29.6490773459)
continue (0.0164196306 -29.6431194842)
continue (0.0165688999 -29.6370984836)
continue (0.0167209082 -29.6310351088)
continue (0.0168757314 -29.6248994178)
continue (0.0170334485 -29.6187109044)
continue (0.0171941414 -29.6124682148)
continue (0.0173578952 -29.6061555473)
continue (0.0175247980 -29.5997956236)
continue (0.0176949417 -29.5933552584)
continue (0.0178684215 -29.5868638285)
continue (0.0180453366 -29.5803039365)
continue (0.0182257899 -29.5736693833)
continue (0.0184098888 -29.5669811716)
continue (0.0185977448 -29.5602102054)
continue (0.0187894742 -29.5533829811)
continue (0.0189851978 -29.5464663461)
continue (0.0191850420 -29.5394915403)
continue (0.0193891382 -29.5324281983)
continue (0.0195976236 -29.5252976941)
continue (0.0198106412 -29.5180840623)
continue (0.0200283406 -29.5107899311)
continue (0.0202508777 -29.5034166064)
continue (0.0204784156 -29.4959532145)
continue (0.0207111249 -29.4884127035)
continue (0.0209491838 -29.4807736043)
continue (0.0211927790 -29.4730561563)
continue (0.0214421058 -29.4652355829)
continue (0.0216973690 -29.4573301873)
continue (0.0219587830 -29.4493216157)
continue (0.0222265731 -29.4412176490)
continue (0.0225009752 -29.4330119154)
continue (0.0227822374 -29.4246978057)
continue (0.0230706202 -29.4162879148)
continue (0.0233663973 -29.4077547900)
continue (0.0236698570 -29.3991248113)
continue (0.0239813025 -29.3903623858)
continue (0.0243010532 -29.3814978992)
continue (0.0246294458 -29.3725024906)
continue (0.0249668355 -29.3633851223)
continue (0.0253135971 -29.3541481850)
continue (0.0256701267 -29.3447620336)
continue (0.0260368428 -29.3352556873)
continue (0.0264141883 -29.3256026847)
continue (0.0268026322 -29.3158044044)
continue (0.0272026715 -29.3058700820)
continue (0.0276148332 -29.2957686946)
continue (0.0280396768 -29.2855177240)
continue (0.0284777968 -29.2751127420)
continue (0.0289298253 -29.2645272200)
continue (0.0293964354 -29.2537739234)
continue (0.0298783441 -29.2428503577)
continue (0.0303763165 -29.2317374174)
continue (0.0308911694 -29.2204284878)
continue (0.0314237757 -29.2089327417)
continue (0.0319750700 -29.1972347801)
continue (0.0325460534 -29.1853204674)
continue (0.0331377999 -29.1731824627)
continue (0.0337514628 -29.1608271411)
continue (0.0343882829 -29.1482411020)
continue (0.0350495960 -29.1354078543)
continue (0.0357368430 -29.1223203599)
continue (0.0364515799 -29.1089641246)
continue (0.0371954896 -29.0953337875)
continue (0.0379703957 -29.0814251882)
continue (0.0387782764 -29.0672179420)
continue (0.0396212824 -29.0526996837)
continue (0.0405017554 -29.0378595910)
continue (0.0414222498 -29.0226810586)
continue (0.0423855580 -29.0071473020)
continue (0.0433947379 -28.9912415076)
continue (0.0444531462 -28.9749467577)
continue (0.0455644748 -28.9582462478)
continue (0.0467327947 -28.9411155862)
continue (0.0479626051 -28.9235342409)
continue (0.0492588917 -28.9054844910)
continue (0.0506271942 -28.8869301634)
continue (0.0520736855 -28.8678399277)
continue (0.0536052645 -28.8481880689)
continue (0.0552296664 -28.8279510665)
continue (0.0569555935 -28.8070799034)
continue (0.0587928707 -28.7855316312)
continue (0.0607526331 -28.7632825662)
continue (0.0628475515 -28.7402513348)
continue (0.0650921069 -28.7164216637)
continue (0.0675029257 -28.6916961288)
continue (0.0700991920 -28.6660416497)
continue (0.0729031597 -28.6393641377)
continue (0.0759407914 -28.6115770959)
continue (0.0792425649 -28.5826054409)
continue (0.0828444997 -28.5523283222)
continue (0.0843786571 -28.5398331407)
continue (0.0859707072 -28.5270976070)
continue (0.0876239900 -28.5141121762)
continue (0.0893421075 -28.5008688938)
continue (0.0911289496 -28.4873665984)
continue (0.0929887241 -28.4735893525)
continue (0.0949259892 -28.4595266970)
continue (0.0969456911 -28.4451665986)
continue (0.0990532061 -28.4304924411)
continue (0.1012543885 -28.4154909508)
continue (0.1035556246 -28.4001501179)
continue (0.1059638949 -28.3844530858)
continue (0.1084868448 -28.3683827842)
continue (0.1111328654 -28.3519209835)
continue (0.1139111870 -28.3350530116)
continue (0.1168319867 -28.3177730710)
continue (0.1199065127 -28.3000881165)
continue (0.1231472292 -28.2819950382)
continue (0.1265679856 -28.2635108040)
continue (0.1301842138 -28.2446303977)
continue (0.1340131612 -28.2253600039)
continue (0.1380741661 -28.2057155836)
continue (0.1423889838 -28.1857199494)
continue (0.1469821768 -28.1653607545)
continue (0.1518815827 -28.1446697387)
continue (0.1571188787 -28.1236604917)
continue (0.1627302672 -28.1023447484)
continue (0.1687573141 -28.0807510665)
continue (0.1752479801 -28.0589052711)
continue (0.1822578993 -28.0368283307)
continue (0.1898519784 -28.0145528436)
continue (0.1981064122 -27.9920737308)
continue (0.2071112492 -27.9693782238)
continue (0.2169736896 -27.9464494600)
continue (0.2278223741 -27.9232668905)
continue (0.2398130253 -27.8998085472)
continue (0.2531359712 -27.8760488404)
continue (0.2680263224 -27.8519449953)
continue (0.2847779676 -27.8274688199)
continue (0.3037631654 -27.8025658266)
continue (0.3254605344 -27.7771831489)
continue (0.3504959601 -27.7512516803)
continue (0.3797039568 -27.7246836825)
continue (0.4142224983 -27.6973751379)
continue (0.4556447482 -27.6691846024)
continue (0.5062719424 -27.6399319019)
continue (0.5695559352 -27.6093667550)
continue (0.6509210688 -27.5771451342)
continue (0.7594079136 -27.5427571837)
continue (0.9112894963 -27.5054203579)
continue (0.9204944407 -27.5034567456)
continue (0.9298872411 -27.5014806155)
continue (0.9394737075 -27.4994952069)
continue (0.9492598920 -27.4974975190)
continue (0.9592521014 -27.4954892059)
continue (0.9694569110 -27.4934692100)
continue (0.9798811788 -27.4914368061)
continue (0.9905320612 -27.4893933909)
continue (1.0014170289 -27.4873362660)
continue (1.0125438848 -27.4852680565)
continue (1.0239207824 -27.4831854962)
continue (1.0355562458 -27.4810912645)
continue (1.0474591912 -27.4789820446)
continue (1.0596389492 -27.4768605392)
continue (1.0721052898 -27.4747234224)
continue (1.0848684480 -27.4725733505)
continue (1.0979391522 -27.4704070645)
continue (1.1113286540 -27.4682271203)
continue (1.1250487609 -27.4660303591)
continue (1.1391118704 -27.4638187093)
continue (1.1535310080 -27.4615902585)
continue (1.1683198671 -27.4593448697)
continue (1.1834928524 -27.4570833708)
continue (1.1990651267 -27.4548029165)
continue (1.2150526618 -27.4525057576)
continue (1.2314722923 -27.4501885487)
continue (1.2483417758 -27.4478539594)
continue (1.2656798560 -27.4454990574)
continue (1.2835063328 -27.4431236853)
continue (1.3018421376 -27.4407288872)
continue (1.3207094150 -27.4383112838)
continue (1.3401316122 -27.4358731114)
continue (1.3601335766 -27.4334125747)
continue (1.3807416611 -27.4309273829)
continue (1.4019838405 -27.4284199148)
continue (1.4238898380 -27.4258877066)
continue (1.4464912640 -27.4233287210)
continue (1.4698217683 -27.4207450171)
continue (1.4939172071 -27.4181344406)
continue (1.5188158272 -27.4154949745)
continue (1.5445584683 -27.4128271163)
continue (1.5711887868 -27.4101300789)
continue (1.5987535023 -27.4074020389)
continue (1.6273026720 -27.4046413853)
continue (1.6568899933 -27.4018481292)
continue (1.6875731413 -27.3990210881)
continue (1.7194141440 -27.3961586836)
continue (1.7524798006 -27.3932595857)
continue (1.7868421496 -27.3903216775)
continue (1.8225789926 -27.3873440319)
continue (1.8597744823 -27.3843258659)
continue (1.8985197840 -27.3812647259)
continue (1.9389138220 -27.3781590985)
continue (1.9810641224 -27.3750071975)
continue (2.0250877696 -27.3718067173)
continue (2.0711124916 -27.3685556903)
continue (2.1192778984 -27.3652518203)
continue (2.1697368960 -27.3618927097)
continue (2.2226573081 -27.3584758736)
continue (2.2782237408 -27.3549984466)
continue (2.3366397342 -27.3514579270)
continue (2.3981302535 -27.3478508786)
continue (2.4629445847 -27.3441744314)
continue (2.5313597120 -27.3404249404)
continue (2.6036842752 -27.3365972990)
continue (2.6802632245 -27.3326881829)
continue (2.7614833222 -27.3286937743)
continue (2.8477796760 -27.3246093671)
continue (2.9396435365 -27.3204279548)
continue (3.0376316544 -27.3161463405)
continue (3.1423775735 -27.3117568066)
continue (3.2546053440 -27.3072540010)
continue (3.3751462827 -27.3026299584)
continue (3.5049596012 -27.2978789409)
continue (3.6451579853 -27.2929911328)
continue (3.7970395680 -27.2879591856)
continue (3.9621282449 -27.2827745133)
continue (4.1422249833 -27.2774281106)
continue (4.3394737920 -27.2719104121)
continue (4.5564474816 -27.2662130946)
continue (4.7962605070 -27.2603285133)
continue (5.0627194240 -27.2542521048)
continue (5.3605264489 -27.2479803495)
continue (5.6955593520 -27.2415211782)
continue (6.0752633088 -27.2348912605)
continue (6.5092106880 -27.2281290187)
continue (7.0099192025 -27.2213087567)
continue (7.5940791360 -27.2145670694)
continue (8.2844499666 -27.2081524797)
continue (9.1128949632 -27.2025141570)
continue (9.5925210139 -27.2001754344)
continue (10.1254388480 -27.1973721823)
continue (10.7210528979 -27.1927762625)
continue (11.3911187040 -27.1856606054)
continue (12.1505266176 -27.1755189434)
continue (13.0184213760 -27.1619868576)
continue (14.0198384049 -27.1448594372)
continue (15.1881582720 -27.1242161936)
continue (16.5688999331 -27.1016684112)
continue (18.2257899264 -27.0815369687)
continue (20.2508776960 -27.0666798394)
continue (22.7822374080 -27.0596524548)
continue (26.0368427520 -27.0603798893)
continue (30.3763165440 -27.0909493103)
continue (36.4515798528 -27.1652771119)
continue (45.5644748160 -27.2715794326)
continue (60.7526330881 -27.4061664593)
continue (91.0379117204 -27.5920192480)
continue (91.1289496321 -27.5929453053)
continue (95.8243424102 -27.6146330426)
continue (101.1420084707 -27.6286070911)
continue (107.0845471588 -27.6428601228)
continue (113.7689758203 -27.6050311787)
continue (121.3434748763 -27.5990255880)
continue (129.9985016150 -27.5264595958)
continue (139.9830255485 -27.5378532054)
continue (151.6288679403 -27.6889252621)
continue (165.3882933432 -27.4229263921)
continue (181.8941110421 -27.5890312833)
continue (202.0597552818 -27.1453712386)
continue (227.2542384840 -25.8749790756)
continue (228.3933574739 -25.3639069087)
continue (228.9672101309 -25.2622264829)
continue (229.5439537332 -25.2221056378)
continue (230.1236101821 -25.2405454374)
continue (230.7062016002 -25.1866393598)
continue (231.2917503353 -25.2056441153)
continue (231.8802789621 -25.1844636094)
continue (232.4718102860 -25.1707932325)
continue (233.0663673455 -25.1762709275)
continue (233.6639734156 -25.1185674669)
continue (234.2646520105 -25.1248154309)
continue (234.2646520105 -25.1248154309)
continue (234.8684268868 -25.6078939735)
continue (235.4753220468 -25.5895031205)
continue (236.0853617412 -25.3377378219)
continue (236.6985704730 -25.3191655550)
continue (237.3149730003 -25.5137022272)
continue (237.3149730003 -25.5137022272)
continue (237.9345943397 -25.4616165916)
continue (238.5574597699 -25.3884106755)
continue (239.1835948349 -25.1463170443)
continue (239.8130253476 -25.1274730193)
continue (240.4457773934 -24.8389354088)
continue (241.0818773336 -24.6889234616)
continue (241.7213518093 -24.6310275255)
continue (242.3642277449 -24.5818094606)
continue (243.0105323523 -25.5236122445)
continue (243.0105323523 -25.5236122445)
continue (243.6602931340 -25.1729788349)
continue (244.3135378877 -25.0469939548)
continue (244.9702947099 -24.8540495006)
continue (245.6305920003 -24.7488744094)
continue (246.2944584651 -24.6514216554)
continue (246.9619231222 -24.5694487342)
continue (247.6330153046 -24.4944086231)
continue (248.3077646651 -24.4116851238)
continue (248.9862011806 -24.3439303370)
continue (249.6683551564 -24.2603117930)
continue (250.3542572310 -24.1978435422)
continue (251.0439383804 -24.1384909389)
continue (251.7374299229 -24.0770609818)
continue (252.4347635238 -24.0266437579)
continue (253.1359712003 -23.9744959499)
continue (253.8410853262 -23.9280852977)
continue (254.5501386371 -23.9301031695)
continue (255.2631642356 -23.9364413417)
continue (255.9801955958 -23.9553970980)
continue (255.9801955958 -23.9553970980)
continue (256.7012665693 -24.5267782159)
continue (257.4264113901 -24.1282824856)
continue (258.1556646802 -23.8733531797)
continue (258.8890614548 -24.0151116670)
continue (259.6266371285 -23.8404295306)
continue (260.3684275203 -23.9957691584)
continue (261.1144688599 -23.8900790546)
continue (261.8647977934 -23.8421724134)
continue (262.6194513893 -23.8174898475)
continue (263.3784671448 -23.7481230868)
continue (264.1418829916 -23.7271822148)
continue (264.9097373026 -23.7015240059)
continue (265.6820688982 -23.6882965643)
continue (266.4589170529 -23.6664183496)
continue (267.2403215018 -23.6547558566)
continue (268.0263224473 -23.6368885935)
continue (268.8169605667 -23.6042074375)
continue (269.6122770180 -23.5936168480)
continue (270.4123134484 -23.5858301185)
continue (271.2171120003 -23.5734926690)
continue (272.0267153197 -23.5137343125)
continue (272.8411665632 -23.4400306367)
continue (273.6605094057 -23.4340569823)
continue (274.4847880485 -23.4122648348)
continue (275.3140472269 -23.4117232614)
continue (276.1483322185 -23.4134659787)
continue (276.9876888514 -23.4151815336)
continue (277.8321635125 -23.4881080703)
continue (278.6818031563 -23.4952516604)
continue (279.5366553132 -23.5408201399)
continue (280.3967680988 -23.5366044660)
continue (281.2621902225 -23.5603853394)
continue (282.1329709972 -23.5134380656)
continue (283.0091603481 -23.5283517649)
continue (283.8908088227 -23.5013622552)
continue (284.7779676003 -23.5072858247)
continue (285.6706885019 -23.5041452482)
continue (286.5690240003 -23.4932739950)
continue (287.4730272306 -23.4950062715)
continue (288.3827520003 -23.5128554412)
continue (289.2982528003 -23.5447644568)
continue (290.2195848156 -23.5944196557)
continue (291.1468039364 -23.6313091471)
continue (292.0799667695 -23.6600746457)
continue (293.0191306498 -23.6952907349)
continue (293.9643536519 -23.7256087672)
continue (294.9156946023 -23.7491844210)
continue (295.8732130912 -23.7288900966)
continue (296.8369694857 -23.7268150920)
continue (297.8070249415 -23.6838704563)
continue (298.7834414167 -23.4331727083)
continue (299.7662816845 -23.5489237275)
continue (300.7556093469 -23.4298325403)
continue (301.7514888480 -23.5628315897)
continue (302.7539854887 -23.3988249312)
continue (303.7631654403 -22.8711758266)
continue (304.7790957595 -22.8288089062)
continue (305.8018444030 -22.9160506790)
continue (306.8314802428 -22.9116656469)
continue (307.8680730814 -22.9963082453)
continue (308.9116936681 -22.9726533421)
continue (309.9624137146 -23.0624839142)
continue (311.0203059116 -23.0369821440)
continue (312.0854439455 -23.1437209010)
continue (313.1579025158 -23.1231316164)
continue (314.2377573521 -23.1561074797)
continue (315.3250852322 -23.1705806020)
continue (316.4199640003 -23.1513049970)
continue (317.5224725857 -23.1568022991)
continue (318.6326910213 -23.1493397672)
continue (319.7507004635 -23.1018700163)
continue (320.8765832116 -23.1368305749)
continue (322.0104227283 -23.0981582502)
continue (323.1523036599 -23.0909911694)
continue (324.3023118580 -22.9719417153)
continue (325.4605344003 -22.9882672469)
continue (326.6270596133 -22.9801280059)
continue (327.8019770939 -22.8895944967)
continue (328.9853777332 -22.9239583411)
continue (330.1773537395 -22.8516553775)
continue (331.3779986622 -22.9005331324)
continue (332.5874074164 -22.9033960673)
continue (333.8056763080 -22.9326345120)
continue (335.0329030592 -23.0104433121)
continue (336.2691868343 -22.9858398970)
continue (337.5146282670 -22.9651260596)
continue (338.7693294874 -22.9149092331)
continue (340.0333941496 -22.8639403894)
continue (341.3069274610 -22.8646133024)
continue (342.5900362109 -22.8813306743)
continue (343.8828288004 -22.9101643172)
continue (345.1854152731 -22.9174240324)
continue (346.4979073464 -22.9298759136)
continue (347.8204184431 -22.9442010912)
continue (349.1530637245 -22.9277173625)
continue (350.4959601235 -22.9643047388)
continue (351.8492263788 -22.9536843206)
continue (353.2129830701 -22.9619565091)
continue (354.5873526541 -22.9836134647)
continue (355.9724595004 -22.9826466116)
continue (357.3684299298 -22.9686105319)
continue (358.7753922524 -22.9754275223)
continue (360.1934768067 -22.9651091792)
continue (361.6228160004 -23.0063538286)
continue (363.0635443510 -23.0467786047)
continue (364.5157985284 -23.0728056072)
continue (365.9797173980 -23.0577107948)
continue (367.4554420649 -22.9924611102)
continue (368.9431159194 -22.9607371276)
continue (370.4428846833 -22.8804996564)
continue (371.9548964575 -22.8909390048)
continue (373.4793017709 -22.9120286573)
continue (375.0162536300 -22.8976471973)
continue (376.5659075706 -22.9358259811)
continue (378.1284217099 -22.9696930537)
continue (379.7039568004 -22.9854245306)
continue (381.2926762849 -22.9971327326)
continue (382.8947463533 -23.0288950116)
continue (384.5103360004 -23.0858461351)
continue (386.1396170852 -23.0998653431)
continue (387.7827643919 -23.1028902314)
continue (389.4399556927 -23.1010355754)
continue (391.1113718116 -23.0860662316)
continue (392.7971966901 -23.0844555029)
continue (394.4976174550 -23.0023495704)
continue (396.2128244874 -22.9436543897)
continue (397.9430114939 -22.9216506470)
continue (399.6883755794 -22.8772318762)
continue (401.4491173220 -22.8310226591)
continue (403.2254408500 -22.7702609703)
continue (405.0175539204 -22.7482466974)
continue (406.8256680004 -22.7454692148)
continue (408.6499983502 -22.7483370459)
continue (410.4907641085 -22.7312780031)
continue (412.3481883805 -22.6761639498)
continue (414.2224983277 -22.6442379943)
continue (416.1139252607 -22.6647614746)
continue (418.0227047344 -22.6909086181)
continue (419.9490766456 -22.7241435218)
continue (421.8932853338 -22.6964842429)
continue (423.8555796842 -22.6446588723)
continue (425.8362132341 -22.6343955171)
continue (427.8354442821 -22.6432328368)
continue (429.8535360005 -22.6281812880)
continue (431.8907565502 -22.6286807017)
continue (433.9473792005 -22.6030915722)
continue (436.0236824502 -22.5927809280)
continue (438.1199501543 -22.5516341536)
continue (440.2364716526 -22.5358382701)
continue (442.3735419034 -22.5369709246)
continue (444.5314616200 -22.5415381309)
continue (446.7105374122 -22.5673764189)
continue (448.9110819315 -22.5565895525)
continue (451.1334140203 -22.5512316256)
continue (453.3778588662 -22.5354683156)
continue (455.6447481605 -22.5472147772)
continue (464.9436205719 -22.4320027435)
continue (477.1149195398 -22.4251169745)
continue (489.9405894199 -22.5680897097)
continue (503.4748598458 -22.4552191946)
continue (517.7781229096 -22.3942833766)
continue (532.9178341058 -22.3694064166)
continue (548.9695760970 -22.6615698773)
continue (566.0183206963 -22.3361389091)
continue (584.1599335391 -22.3932848880)
continue (603.5029776960 -22.3691908679)
continue (624.1708878911 -22.4989431318)
continue (646.3046073198 -22.3315384619)
continue (670.0658061184 -22.3666160271)
continue (695.6408368862 -22.2825624297)
continue (723.2456320008 -22.1884248646)
continue (753.1318151413 -22.2791246319)
continue (785.5943933801 -22.3641879691)
continue (820.9815282171 -22.0994718669)
continue (859.7070720009 -22.0966348776)
continue (902.2668280406 -21.9894932776)
continue (959.2521013905 -20.4607724370)
continue (1012.5438848011 -20.2031550030)
continue (1072.1052897894 -20.0872169993)
continue (1139.1118704012 -20.0447190388)
continue (1215.0526617613 -20.0368256925)
continue (1301.8421376014 -19.6791499241)
continue (1401.9838404938 -19.9620760009)
continue (1518.8158272016 -19.9759037905)
continue (1656.8899933109 -19.9978882458)
continue (1822.5789926419 -19.9836120554)
continue (2025.0877696022 -19.9926236852)
continue (2278.2237408024 -19.9768263369)
continue (2603.6842752028 -20.0156728133)
continue (3037.6316544032 -20.0367458936)
continue (3645.1579852839 -20.0700615471)
continue (4556.4474816048 -19.9059630098)
continue (6075.2633088065 -19.9319326397)
continue (9112.8949632097 -19.8805977537)
continue (9204.0239128418 -50.0000000000)
continue (7354000.0000000000 -50.0000000000)
f(nu) = -26.3883929335 at 1.0000000000 Ryd
