# Faucher-Giguere 2019 
# z = 6.079458
# E [Ryd] log (J_nu)
interpolate (0.0000000100 -50.0000000000)
continue (0.0121097530 -50.0000000000)
continue (0.0122320738 -28.9403277496)
continue (0.0123147229 -28.9358800883)
continue (0.0123984965 -28.9314138927)
continue (0.0124834178 -28.9269018393)
continue (0.0125695103 -28.9223571338)
continue (0.0126567986 -28.9177899940)
continue (0.0127453076 -28.9131852160)
continue (0.0128350633 -28.9085419858)
continue (0.0129260921 -28.9038720959)
continue (0.0130184214 -28.8991711038)
continue (0.0131120791 -28.8944260922)
continue (0.0132070941 -28.8896501201)
continue (0.0133034963 -28.8848472539)
continue (0.0134013161 -28.8799957611)
continue (0.0135005851 -28.8751100846)
continue (0.0136013358 -28.8701991697)
continue (0.0137036014 -28.8652361363)
continue (0.0138074166 -28.8602357948)
continue (0.0139128167 -28.8552110088)
continue (0.0140198384 -28.8501307944)
continue (0.0141285193 -28.8450115526)
continue (0.0142388984 -28.8398660731)
continue (0.0143510157 -28.8346633410)
continue (0.0144649126 -28.8294206942)
continue (0.0145806319 -28.8241476515)
continue (0.0146982177 -28.8188167567)
continue (0.0148177154 -28.8134457333)
continue (0.0149391721 -28.8080385794)
continue (0.0150626363 -28.8025735881)
continue (0.0151881583 -28.7970695310)
continue (0.0153157899 -28.7915206695)
continue (0.0154455847 -28.7859148758)
continue (0.0155775982 -28.7802721811)
continue (0.0157118879 -28.7745723381)
continue (0.0158485130 -28.7688168037)
continue (0.0159875350 -28.7630243433)
continue (0.0161290176 -28.7571646841)
continue (0.0162730267 -28.7512595040)
continue (0.0164196306 -28.7453036753)
continue (0.0165688999 -28.7392837690)
continue (0.0167209082 -28.7332209803)
continue (0.0168757314 -28.7270846798)
continue (0.0170334485 -28.7208973252)
continue (0.0171941414 -28.7146562841)
continue (0.0173578952 -28.7083453050)
continue (0.0175247980 -28.7019843999)
continue (0.0176949417 -28.6955455166)
continue (0.0178684215 -28.6890547686)
continue (0.0180453366 -28.6824962491)
continue (0.0182257899 -28.6758626041)
continue (0.0184098888 -28.6691739504)
continue (0.0185977448 -28.6624055140)
continue (0.0187894742 -28.6555765794)
continue (0.0189851978 -28.6486623166)
continue (0.0191850420 -28.6416892146)
continue (0.0193891382 -28.6346256607)
continue (0.0195976236 -28.6274964686)
continue (0.0198106412 -28.6202824593)
continue (0.0200283406 -28.6129892533)
continue (0.0202508777 -28.6056182769)
continue (0.0204784156 -28.5981544935)
continue (0.0207111249 -28.5906149608)
continue (0.0209491838 -28.5829770848)
continue (0.0211927790 -28.5752600595)
continue (0.0214421058 -28.5674404936)
continue (0.0216973690 -28.5595371065)
continue (0.0219587830 -28.5515280278)
continue (0.0222265731 -28.5434249419)
continue (0.0225009752 -28.5352212888)
continue (0.0227822374 -28.5269076656)
continue (0.0230706202 -28.5184995856)
continue (0.0233663973 -28.5099664513)
continue (0.0236698570 -28.5013353034)
continue (0.0239813025 -28.4925768366)
continue (0.0243010532 -28.4837127935)
continue (0.0246294458 -28.4747170799)
continue (0.0249668355 -28.4656010722)
continue (0.0253135971 -28.4563659909)
continue (0.0256701267 -28.4469816077)
continue (0.0260368428 -28.4374755686)
continue (0.0264141883 -28.4278227296)
continue (0.0268026322 -28.4180263929)
continue (0.0272026715 -28.4080908763)
continue (0.0276148332 -28.3979922962)
continue (0.0280396768 -28.3877424161)
continue (0.0284777968 -28.3773364492)
continue (0.0289298253 -28.3667532598)
continue (0.0293964354 -28.3560020231)
continue (0.0298783441 -28.3450795680)
continue (0.0303763165 -28.3339691251)
continue (0.0308911694 -28.3226603321)
continue (0.0314237757 -28.3111639748)
continue (0.0319750700 -28.2994667326)
continue (0.0325460534 -28.2875565001)
continue (0.0331377999 -28.2754190798)
continue (0.0337514628 -28.2630641613)
continue (0.0343882829 -28.2504796906)
continue (0.0350495960 -28.2376452869)
continue (0.0357368430 -28.2245613842)
continue (0.0364515799 -28.2112049212)
continue (0.0371954896 -28.1975774711)
continue (0.0379703957 -28.1836702050)
continue (0.0387782764 -28.1694630025)
continue (0.0396212824 -28.1549463115)
continue (0.0405017554 -28.1401070629)
continue (0.0414222498 -28.1249290256)
continue (0.0423855580 -28.1093965381)
continue (0.0433947379 -28.0934927686)
continue (0.0444531462 -28.0771998966)
continue (0.0455644748 -28.0605003393)
continue (0.0467327947 -28.0433723262)
continue (0.0479626051 -28.0257918047)
continue (0.0492588917 -28.0077445532)
continue (0.0506271942 -27.9891878715)
continue (0.0520736855 -27.9701012846)
continue (0.0536052645 -27.9504513883)
continue (0.0552296664 -27.9302157667)
continue (0.0569555935 -27.9093461623)
continue (0.0587928707 -27.8877998575)
continue (0.0607526331 -27.8655512999)
continue (0.0628475515 -27.8425223077)
continue (0.0650921069 -27.8186937530)
continue (0.0675029257 -27.7939708612)
continue (0.0700991920 -27.7683173083)
continue (0.0729031597 -27.7416430788)
continue (0.0759407914 -27.7138573472)
continue (0.0792425649 -27.6848860076)
continue (0.0828444997 -27.6546115552)
continue (0.0843786571 -27.6421165528)
continue (0.0859707072 -27.6293797251)
continue (0.0876239900 -27.6163991316)
continue (0.0893421075 -27.6031550908)
continue (0.0911289496 -27.5896543051)
continue (0.0929887241 -27.5758770086)
continue (0.0949259892 -27.5618145006)
continue (0.0969456911 -27.5474561729)
continue (0.0990532061 -27.5327818874)
continue (0.1012543885 -27.5177820985)
continue (0.1035556246 -27.5024416437)
continue (0.1059638949 -27.4867453976)
continue (0.1084868448 -27.4706764849)
continue (0.1111328654 -27.4542149892)
continue (0.1139111870 -27.4373480912)
continue (0.1168319867 -27.4200663593)
continue (0.1199065127 -27.4023757466)
continue (0.1231472292 -27.3842748021)
continue (0.1265679856 -27.3657752654)
continue (0.1301842138 -27.3468711322)
continue (0.1340131612 -27.3275734864)
continue (0.1380741661 -27.3078961508)
continue (0.1423889838 -27.2878581552)
continue (0.1469821768 -27.2674495120)
continue (0.1518815827 -27.2467026109)
continue (0.1571188787 -27.2256304114)
continue (0.1627302672 -27.2042432801)
continue (0.1687573141 -27.1825708501)
continue (0.1752479801 -27.1606385901)
continue (0.1822578993 -27.1384669590)
continue (0.1898519784 -27.1160887507)
continue (0.1981064122 -27.0935020972)
continue (0.2071112492 -27.0706971197)
continue (0.2169736896 -27.0476576082)
continue (0.2278223741 -27.0243627419)
continue (0.2398130253 -27.0007918970)
continue (0.2531359712 -26.9769186867)
continue (0.2680263224 -26.9527009169)
continue (0.2847779676 -26.9281094977)
continue (0.3037631654 -26.9030922495)
continue (0.3254605344 -26.8775936972)
continue (0.3504959601 -26.8515450903)
continue (0.3797039568 -26.8248605708)
continue (0.4142224983 -26.7974339347)
continue (0.4556447482 -26.7691252279)
continue (0.5062719424 -26.7397532255)
continue (0.5695559352 -26.7090688337)
continue (0.6509210688 -26.6767268355)
continue (0.7594079136 -26.6422180708)
continue (0.9112894963 -26.6047595578)
continue (0.9204944407 -26.6027895508)
continue (0.9298872411 -26.6008075367)
continue (0.9394737075 -26.5988161306)
continue (0.9492598920 -26.5968121511)
continue (0.9592521014 -26.5947977449)
continue (0.9694569110 -26.5927717208)
continue (0.9798811788 -26.5907331603)
continue (0.9905320612 -26.5886835867)
continue (1.0014170289 -26.5866204837)
continue (1.0125438848 -26.5845461068)
continue (1.0239207824 -26.5824574962)
continue (1.0355562458 -26.5803570246)
continue (1.0474591912 -26.5782417893)
continue (1.0596389492 -26.5761140436)
continue (1.0721052898 -26.5739709203)
continue (1.0848684480 -26.5718146516)
continue (1.0979391522 -26.5696422883)
continue (1.1113286540 -26.5674560789)
continue (1.1250487609 -26.5652532178)
continue (1.1391118704 -26.5630354523)
continue (1.1535310080 -26.5608008232)
continue (1.1683198671 -26.5585493110)
continue (1.1834928524 -26.5562817366)
continue (1.1990651267 -26.5539949956)
continue (1.2150526618 -26.5516915837)
continue (1.2314722923 -26.5493685150)
continue (1.2483417758 -26.5470276984)
continue (1.2656798560 -26.5446666942)
continue (1.2835063328 -26.5422850943)
continue (1.3018421376 -26.5398839330)
continue (1.3207094150 -26.5374604066)
continue (1.3401316122 -26.5350158934)
continue (1.3601335766 -26.5325492732)
continue (1.3807416611 -26.5300580330)
continue (1.4019838405 -26.5275442410)
continue (1.4238898380 -26.5250059116)
continue (1.4464912640 -26.5224408534)
continue (1.4698217683 -26.5198507765)
continue (1.4939172071 -26.5172338962)
continue (1.5188158272 -26.5145883706)
continue (1.5445584683 -26.5119143241)
continue (1.5711887868 -26.5092111442)
continue (1.5987535023 -26.5064768366)
continue (1.6273026720 -26.5037099831)
continue (1.6568899933 -26.5009106587)
continue (1.6875731413 -26.4980772606)
continue (1.7194141440 -26.4952087586)
continue (1.7524798006 -26.4923033563)
continue (1.7868421496 -26.4893592651)
continue (1.8225789926 -26.4863754525)
continue (1.8597744823 -26.4833510763)
continue (1.8985197840 -26.4802836103)
continue (1.9389138220 -26.4771717080)
continue (1.9810641224 -26.4740134694)
continue (2.0250877696 -26.4708068545)
continue (2.0711124916 -26.4675494495)
continue (2.1192778984 -26.4642392761)
continue (2.1697368960 -26.4608739612)
continue (2.2226573081 -26.4574506800)
continue (2.2782237408 -26.4539669884)
continue (2.3366397342 -26.4504201159)
continue (2.3981302535 -26.4468067645)
continue (2.4629445847 -26.4431237818)
continue (2.5313597120 -26.4393679783)
continue (2.6036842752 -26.4355339037)
continue (2.6802632245 -26.4316183212)
continue (2.7614833222 -26.4276173631)
continue (2.8477796760 -26.4235262305)
continue (2.9396435365 -26.4193384048)
continue (3.0376316544 -26.4150502349)
continue (3.1423775735 -26.4106537461)
continue (3.2546053440 -26.4061443270)
continue (3.3751462827 -26.4015132653)
continue (3.5049596012 -26.3967550438)
continue (3.6451579853 -26.3918601240)
continue (3.7970395680 -26.3868209376)
continue (3.9621282449 -26.3816285974)
continue (4.1422249833 -26.3762741991)
continue (4.3394737920 -26.3707482972)
continue (4.5564474816 -26.3650422615)
continue (4.7962605070 -26.3591483779)
continue (5.0627194240 -26.3530615675)
continue (5.3605264489 -26.3467787013)
continue (5.6955593520 -26.3403066271)
continue (6.0752633088 -26.3336614974)
continue (6.5092106880 -26.3268807613)
continue (7.0099192025 -26.3200368852)
continue (7.5940791360 -26.3132634301)
continue (8.2844499666 -26.3068030579)
continue (9.1128949632 -26.3010941616)
continue (9.5925210139 -26.2987092577)
continue (10.1254388480 -26.2959325676)
continue (10.7210528979 -26.2914730316)
continue (11.3911187040 -26.2845329653)
continue (12.1505266176 -26.2745405518)
continue (13.0184213760 -26.2610771676)
continue (14.0198384049 -26.2438680008)
continue (15.1881582720 -26.2228897456)
continue (16.5688999331 -26.1995393154)
continue (18.2257899264 -26.1779316143)
continue (20.2508776960 -26.1608916903)
continue (22.7822374080 -26.1509725782)
continue (26.0368427520 -26.1503185692)
continue (30.3763165440 -26.1696587586)
continue (36.4515798528 -26.2437451198)
continue (45.5644748160 -26.3490144881)
continue (60.7526330881 -26.4899738497)
continue (91.0379117204 -26.6704974281)
continue (91.1289496321 -26.6709949157)
continue (95.8243424102 -26.6902884763)
continue (101.1420084707 -26.7081301203)
continue (107.0845471588 -26.7259159093)
continue (113.7689758203 -26.7317609105)
continue (121.3434748763 -26.7437291454)
continue (129.9985016150 -26.7371123024)
continue (139.9830255485 -26.7509130532)
continue (151.6288679403 -26.7993090488)
continue (165.3882933432 -26.7301154743)
continue (181.8941110421 -26.7890706541)
continue (202.0597552818 -26.6244807337)
continue (227.2542384840 -25.7057056095)
continue (228.3933574739 -24.9560426050)
continue (228.9672101309 -24.9069671957)
continue (229.5439537332 -24.7639637228)
continue (230.1236101821 -24.7706590171)
continue (230.7062016002 -24.7528154827)
continue (231.2917503353 -24.6723392254)
continue (231.8802789621 -24.6706351571)
continue (232.4718102860 -24.6684487705)
continue (233.0663673455 -24.6118418306)
continue (233.6639734156 -24.5965109449)
continue (234.2646520105 -24.5792364558)
continue (234.2646520105 -24.5792364558)
continue (234.8684268868 -25.0512360581)
continue (235.4753220468 -25.0441683429)
continue (236.0853617412 -24.7952589720)
continue (236.6985704730 -24.7880439182)
continue (237.3149730003 -25.0149468705)
continue (237.3149730003 -25.0149468705)
continue (237.9345943397 -24.9944888506)
continue (238.5574597699 -24.9638973273)
continue (239.1835948349 -24.7200749584)
continue (239.8130253476 -24.7123120922)
continue (240.4457773934 -24.5999433713)
continue (241.0818773336 -24.4219978499)
continue (241.7213518093 -24.4046488441)
continue (242.3642277449 -24.3679542161)
continue (243.0105323523 -25.0071760861)
continue (243.0105323523 -25.0071760861)
continue (243.6602931340 -24.8528501268)
continue (244.3135378877 -24.7802413386)
continue (244.9702947099 -24.5794521005)
continue (245.6305920003 -24.5060647060)
continue (246.2944584651 -24.4728528707)
continue (246.9619231222 -24.3538737908)
continue (247.6330153046 -24.2995907234)
continue (248.3077646651 -24.2211150486)
continue (248.9862011806 -24.1640332983)
continue (249.6683551564 -24.1126589165)
continue (250.3542572310 -24.0456673107)
continue (251.0439383804 -24.0003478184)
continue (251.7374299229 -23.9420228722)
continue (252.4347635238 -23.9001169626)
continue (253.1359712003 -23.8574759827)
continue (253.8410853262 -23.8104670798)
continue (254.5501386371 -23.8142561194)
continue (255.2631642356 -23.8131496839)
continue (255.9801955958 -23.8159339074)
continue (255.9801955958 -23.8159339074)
continue (256.7012665693 -24.3950291234)
continue (257.4264113901 -24.0458121537)
continue (258.1556646802 -23.7992420088)
continue (258.8890614548 -23.9760757536)
continue (259.6266371285 -23.8354740560)
continue (260.3684275203 -23.8643483512)
continue (261.1144688599 -23.8708088246)
continue (261.8647977934 -23.6863307899)
continue (262.6194513893 -23.7600949748)
continue (263.3784671448 -23.6393281056)
continue (264.1418829916 -23.6290209357)
continue (264.9097373026 -23.6280655256)
continue (265.6820688982 -23.5629429094)
continue (266.4589170529 -23.5955612001)
continue (267.2403215018 -23.5353662414)
continue (268.0263224473 -23.5487230454)
continue (268.8169605667 -23.4961728794)
continue (269.6122770180 -23.4878075770)
continue (270.4123134484 -23.4887508074)
continue (271.2171120003 -23.4564521313)
continue (272.0267153197 -23.4186404311)
continue (272.8411665632 -23.3382704045)
continue (273.6605094057 -23.3466655796)
continue (274.4847880485 -23.3189183817)
continue (275.3140472269 -23.3108761336)
continue (276.1483322185 -23.3197152646)
continue (276.9876888514 -23.2990333048)
continue (277.8321635125 -23.3790627400)
continue (278.6818031563 -23.3607922351)
continue (279.5366553132 -23.3970513497)
continue (280.3967680988 -23.3995594942)
continue (281.2621902225 -23.4002134440)
continue (282.1329709972 -23.3821442860)
continue (283.0091603481 -23.3772519227)
continue (283.8908088227 -23.3745931348)
continue (284.7779676003 -23.3576183516)
continue (285.6706885019 -23.3757917779)
continue (286.5690240003 -23.3480152867)
continue (287.4730272306 -23.3603136306)
continue (288.3827520003 -23.3713335939)
continue (289.2982528003 -23.3875541084)
continue (290.2195848156 -23.4379026179)
continue (291.1468039364 -23.4374059892)
continue (292.0799667695 -23.4900961008)
continue (293.0191306498 -23.4821795304)
continue (293.9643536519 -23.5362570508)
continue (294.9156946023 -23.5237468399)
continue (295.8732130912 -23.5372500731)
continue (296.8369694857 -23.5190668645)
continue (297.8070249415 -23.5094546864)
continue (298.7834414167 -23.3038722178)
continue (299.7662816845 -23.4089355229)
continue (300.7556093469 -23.3368608938)
continue (301.7514888480 -23.3805466139)
continue (302.7539854887 -23.3246050741)
continue (303.7631654403 -22.7700198074)
continue (304.7790957595 -22.7590621248)
continue (305.8018444030 -22.7554952353)
continue (306.8314802428 -22.8360427287)
continue (307.8680730814 -22.8349403374)
continue (308.9116936681 -22.8822370571)
continue (309.9624137146 -22.9034727264)
continue (311.0203059116 -22.9367545504)
continue (312.0854439455 -22.9845064279)
continue (313.1579025158 -23.0008296741)
continue (314.2377573521 -23.0089760182)
continue (315.3250852322 -23.0192587997)
continue (316.4199640003 -23.0256101630)
continue (317.5224725857 -23.0139924147)
continue (318.6326910213 -23.0252719501)
continue (319.7507004635 -22.9806476251)
continue (320.8765832116 -22.9977952182)
continue (322.0104227283 -22.9918280422)
continue (323.1523036599 -22.9633703656)
continue (324.3023118580 -22.8725136664)
continue (325.4605344003 -22.9046718190)
continue (326.6270596133 -22.8614432276)
continue (327.8019770939 -22.8128952462)
continue (328.9853777332 -22.8061584107)
continue (330.1773537395 -22.7725145784)
continue (331.3779986622 -22.7984872639)
continue (332.5874074164 -22.7875838866)
continue (333.8056763080 -22.8356504722)
continue (335.0329030592 -22.8529222886)
continue (336.2691868343 -22.8759674804)
continue (337.5146282670 -22.8259106709)
continue (338.7693294874 -22.8030933912)
continue (340.0333941496 -22.7623344718)
continue (341.3069274610 -22.7519130238)
continue (342.5900362109 -22.7745490597)
continue (343.8828288004 -22.7845221165)
continue (345.1854152731 -22.7983366647)
continue (346.4979073464 -22.8019539679)
continue (347.8204184431 -22.8137760139)
continue (349.1530637245 -22.8057829309)
continue (350.4959601235 -22.8303823232)
continue (351.8492263788 -22.8143302016)
continue (353.2129830701 -22.8354785242)
continue (354.5873526541 -22.8393796835)
continue (355.9724595004 -22.8431986246)
continue (357.3684299298 -22.8365475952)
continue (358.7753922524 -22.8347233817)
continue (360.1934768067 -22.8430663232)
continue (361.6228160004 -22.8696527353)
continue (363.0635443510 -22.8819756787)
continue (364.5157985284 -22.9312597550)
continue (365.9797173980 -22.8988921304)
continue (367.4554420649 -22.8610429843)
continue (368.9431159194 -22.8309117371)
continue (370.4428846833 -22.7601848329)
continue (371.9548964575 -22.8048772215)
continue (373.4793017709 -22.7826452154)
continue (375.0162536300 -22.7706652863)
continue (376.5659075706 -22.8344580339)
continue (378.1284217099 -22.7983256478)
continue (379.7039568004 -22.8613627702)
continue (381.2926762849 -22.8503864614)
continue (382.8947463533 -22.8787023502)
continue (384.5103360004 -22.9409745102)
continue (386.1396170852 -22.9074534739)
continue (387.7827643919 -22.9485245891)
continue (389.4399556927 -22.9490475330)
continue (391.1113718116 -22.9077637255)
continue (392.7971966901 -22.9451853454)
continue (394.4976174550 -22.8500080049)
continue (396.2128244874 -22.8253136576)
continue (397.9430114939 -22.8105830467)
continue (399.6883755794 -22.7581858684)
continue (401.4491173220 -22.7056013725)
continue (403.2254408500 -22.6696231697)
continue (405.0175539204 -22.6206075906)
continue (406.8256680004 -22.5957259853)
continue (408.6499983502 -22.6359802215)
continue (410.4907641085 -22.6095593519)
continue (412.3481883805 -22.5452002576)
continue (414.2224983277 -22.5338378101)
continue (416.1139252607 -22.5412140211)
continue (418.0227047344 -22.5769249823)
continue (419.9490766456 -22.5676219985)
continue (421.8932853338 -22.5325042909)
continue (423.8555796842 -22.5059533660)
continue (425.8362132341 -22.5201027948)
continue (427.8354442821 -22.5275683163)
continue (429.8535360005 -22.5032792649)
continue (431.8907565502 -22.5002236039)
continue (433.9473792005 -22.4679894354)
continue (436.0236824502 -22.4704660878)
continue (438.1199501543 -22.4263480801)
continue (440.2364716526 -22.4135354929)
continue (442.3735419034 -22.4083298200)
continue (444.5314616200 -22.4143319995)
continue (446.7105374122 -22.4340926710)
continue (448.9110819315 -22.4317537952)
continue (451.1334140203 -22.4227151119)
continue (453.3778588662 -22.4011102772)
continue (455.6447481605 -22.4064012042)
continue (464.9436205719 -22.3084217765)
continue (477.1149195398 -22.3016637010)
continue (489.9405894199 -22.4070865295)
continue (503.4748598458 -22.3036348148)
continue (517.7781229096 -22.2502667521)
continue (532.9178341058 -22.2509064689)
continue (548.9695760970 -22.5059541152)
continue (566.0183206963 -22.2250218662)
continue (584.1599335391 -22.2540294598)
continue (603.5029776960 -22.2424380639)
continue (624.1708878911 -22.3483937062)
continue (646.3046073198 -22.2057971190)
continue (670.0658061184 -22.2226467124)
continue (695.6408368862 -22.1490218068)
continue (723.2456320008 -22.0552274696)
continue (753.1318151413 -22.1237217964)
continue (785.5943933801 -22.2023248416)
continue (820.9815282171 -21.9634609885)
continue (859.7070720009 -21.9663908021)
continue (902.2668280406 -21.8573312466)
continue (959.2521013905 -20.2928933379)
continue (1012.5438848011 -20.0570539189)
continue (1072.1052897894 -19.8866232687)
continue (1139.1118704012 -19.7984653037)
continue (1215.0526617613 -19.7556363421)
continue (1301.8421376014 -19.4940971738)
continue (1401.9838404938 -19.5152210121)
continue (1518.8158272016 -19.6405488303)
continue (1656.8899933109 -19.7060556234)
continue (1822.5789926419 -19.6967793776)
continue (2025.0877696022 -19.6894894311)
continue (2278.2237408024 -19.6829427070)
continue (2603.6842752028 -19.7090231202)
continue (3037.6316544032 -19.7359458706)
continue (3645.1579852839 -19.7662646896)
continue (4556.4474816048 -19.6265541767)
continue (6075.2633088065 -19.6325411883)
continue (9112.8949632097 -19.6027586526)
continue (9204.0239128418 -50.0000000000)
continue (7354000.0000000000 -50.0000000000)
f(nu) = -25.4876779258 at 1.0000000000 Ryd
