# Faucher-Giguere 2019 
# z = 0.778279
# E [Ryd] log (J_nu)
interpolate (0.0000000100 -50.0000000000)
continue (0.0121097530 -50.0000000000)
continue (0.0122320738 -27.3414856985)
continue (0.0123147229 -27.3370874049)
continue (0.0123984965 -27.3326351781)
continue (0.0124834178 -27.3281718457)
continue (0.0125695103 -27.3236845064)
continue (0.0126567986 -27.3191397532)
continue (0.0127453076 -27.3145749536)
continue (0.0128350633 -27.3099894118)
continue (0.0129260921 -27.3053546593)
continue (0.0130184214 -27.3006827476)
continue (0.0131120791 -27.2959948881)
continue (0.0132070941 -27.2912653694)
continue (0.0133034963 -27.2864829723)
continue (0.0134013161 -27.2816878562)
continue (0.0135005851 -27.2768565227)
continue (0.0136013358 -27.2719618823)
continue (0.0137036014 -27.2670539418)
continue (0.0138074166 -27.2621115482)
continue (0.0139128167 -27.2571028856)
continue (0.0140198384 -27.2520778444)
continue (0.0141285193 -27.2470180470)
continue (0.0142388984 -27.2418894196)
continue (0.0143510157 -27.2367436561)
continue (0.0144649126 -27.2315596440)
continue (0.0145806319 -27.2263047987)
continue (0.0146982177 -27.2210341225)
continue (0.0148177154 -27.2157152898)
continue (0.0149391721 -27.2103326100)
continue (0.0150626363 -27.2049307795)
continue (0.0151881583 -27.1994676308)
continue (0.0153157899 -27.1939546510)
continue (0.0154455847 -27.1884133283)
continue (0.0155775982 -27.1827988439)
continue (0.0157118879 -27.1771488561)
continue (0.0158485130 -27.1714597945)
continue (0.0159875350 -27.1656878574)
continue (0.0161290176 -27.1598929824)
continue (0.0162730267 -27.1540331200)
continue (0.0164196306 -27.1481150826)
continue (0.0165688999 -27.1421632113)
continue (0.0167209082 -27.1361247412)
continue (0.0168757314 -27.1300525439)
continue (0.0170334485 -27.1239157208)
continue (0.0171941414 -27.1177118712)
continue (0.0173578952 -27.1114707958)
continue (0.0175247980 -27.1051347170)
continue (0.0176949417 -27.0987653132)
continue (0.0178684215 -27.0923143055)
continue (0.0180453366 -27.0858060747)
continue (0.0182257899 -27.0792396676)
continue (0.0184098888 -27.0725826987)
continue (0.0185977448 -27.0658870324)
continue (0.0187894742 -27.0590855256)
continue (0.0189851978 -27.0522447803)
continue (0.0191850420 -27.0453052200)
continue (0.0193891382 -27.0383096833)
continue (0.0195976236 -27.0312238702)
continue (0.0198106412 -27.0240691088)
continue (0.0200283406 -27.0168303193)
continue (0.0202508777 -27.0095091034)
continue (0.0204784156 -27.0021090935)
continue (0.0207111249 -26.9946150233)
continue (0.0209491838 -26.9870437942)
continue (0.0211927790 -26.9793716616)
continue (0.0214421058 -26.9716185348)
continue (0.0216973690 -26.9637624842)
continue (0.0219587830 -26.9558158661)
continue (0.0222265731 -26.9477694630)
continue (0.0225009752 -26.9396185393)
continue (0.0227822374 -26.9313736547)
continue (0.0230706202 -26.9230086591)
continue (0.0233663973 -26.9145548707)
continue (0.0236698570 -26.9059628968)
continue (0.0239813025 -26.8972904320)
continue (0.0243010532 -26.8884651420)
continue (0.0246294458 -26.8795406898)
continue (0.0249668355 -26.8704872673)
continue (0.0253135971 -26.8612974261)
continue (0.0256701267 -26.8520013911)
continue (0.0260368428 -26.8425383893)
continue (0.0264141883 -26.8329550241)
continue (0.0268026322 -26.8232328923)
continue (0.0272026715 -26.8133438687)
continue (0.0276148332 -26.8033267813)
continue (0.0280396768 -26.7931428040)
continue (0.0284777968 -26.7827867014)
continue (0.0289298253 -26.7722851165)
continue (0.0293964354 -26.7616063157)
continue (0.0298783441 -26.7507354744)
continue (0.0303763165 -26.7396932028)
continue (0.0308911694 -26.7284772562)
continue (0.0314237757 -26.7170397785)
continue (0.0319750700 -26.7054010354)
continue (0.0325460534 -26.6935635929)
continue (0.0331377999 -26.6815214859)
continue (0.0337514628 -26.6692341423)
continue (0.0343882829 -26.6567102073)
continue (0.0350495960 -26.6439453589)
continue (0.0357368430 -26.6309355175)
continue (0.0364515799 -26.6176664444)
continue (0.0371954896 -26.6041303564)
continue (0.0379703957 -26.5903004072)
continue (0.0387782764 -26.5761689448)
continue (0.0396212824 -26.5617302349)
continue (0.0405017554 -26.5469690529)
continue (0.0414222498 -26.5318716929)
continue (0.0423855580 -26.5164221869)
continue (0.0433947379 -26.5006039930)
continue (0.0444531462 -26.4843994323)
continue (0.0455644748 -26.4677887229)
continue (0.0467327947 -26.4507523227)
continue (0.0479626051 -26.4332563166)
continue (0.0492588917 -26.4152819376)
continue (0.0506271942 -26.3968142470)
continue (0.0520736855 -26.3778289433)
continue (0.0536052645 -26.3582884760)
continue (0.0552296664 -26.3381312478)
continue (0.0569555935 -26.3173566588)
continue (0.0587928707 -26.2959298577)
continue (0.0607526331 -26.2737566416)
continue (0.0628475515 -26.2508526133)
continue (0.0650921069 -26.2271066086)
continue (0.0675029257 -26.2025162891)
continue (0.0700991920 -26.1769519918)
continue (0.0729031597 -26.1503863189)
continue (0.0759407914 -26.1227379223)
continue (0.0792425649 -26.0938802030)
continue (0.0828444997 -26.0637221202)
continue (0.0843786571 -26.0512612812)
continue (0.0859707072 -26.0385674417)
continue (0.0876239900 -26.0256378896)
continue (0.0893421075 -26.0124603561)
continue (0.0911289496 -25.9990164257)
continue (0.0929887241 -25.9852854992)
continue (0.0949259892 -25.9712689935)
continue (0.0969456911 -25.9569550819)
continue (0.0990532061 -25.9423305552)
continue (0.1012543885 -25.9273823350)
continue (0.1035556246 -25.9120952947)
continue (0.1059638949 -25.8964534054)
continue (0.1084868448 -25.8804400722)
continue (0.1111328654 -25.8640373365)
continue (0.1139111870 -25.8472274741)
continue (0.1168319867 -25.8299904210)
continue (0.1199065127 -25.8123070470)
continue (0.1231472292 -25.7941523871)
continue (0.1265679856 -25.7754913229)
continue (0.1301842138 -25.7563299289)
continue (0.1340131612 -25.7366486695)
continue (0.1380741661 -25.7164144821)
continue (0.1423889838 -25.6955754024)
continue (0.1469821768 -25.6741639580)
continue (0.1518815827 -25.6521239653)
continue (0.1571188787 -25.6294404506)
continue (0.1627302672 -25.6061030379)
continue (0.1687573141 -25.5820835764)
continue (0.1752479801 -25.5573628646)
continue (0.1822578993 -25.5319527927)
continue (0.1898519784 -25.5058106222)
continue (0.1981064122 -25.4789387192)
continue (0.2071112492 -25.4513339932)
continue (0.2169736896 -25.4229897061)
continue (0.2278223741 -25.3939013539)
continue (0.2398130253 -25.3640679587)
continue (0.2531359712 -25.3334742414)
continue (0.2680263224 -25.3021403628)
continue (0.2847779676 -25.2700419739)
continue (0.3037631654 -25.2371832268)
continue (0.3254605344 -25.2035392292)
continue (0.3504959601 -25.1690788537)
continue (0.3797039568 -25.1337571629)
continue (0.4142224983 -25.0974848482)
continue (0.4556447482 -25.0601559749)
continue (0.5062719424 -25.0215977097)
continue (0.5695559352 -24.9815779183)
continue (0.6509210688 -24.9397489280)
continue (0.7594079136 -24.8956054823)
continue (0.9112894963 -24.8483527924)
continue (0.9204944407 -24.8458861912)
continue (0.9298872411 -24.8434120083)
continue (0.9394737075 -24.8409240305)
continue (0.9492598920 -24.8384262845)
continue (0.9592521014 -24.8359157557)
continue (0.9694569110 -24.8333937223)
continue (0.9798811788 -24.8308597348)
continue (0.9905320612 -24.8283121668)
continue (1.0014170289 -24.8257536925)
continue (1.0125438848 -24.8231796742)
continue (1.0239207824 -24.8205952440)
continue (1.0355562458 -24.8179940451)
continue (1.0474591912 -24.8153821693)
continue (1.0596389492 -24.8127528591)
continue (1.0721052898 -24.8101122195)
continue (1.0848684480 -24.8074535977)
continue (1.0979391522 -24.8047826114)
continue (1.1113286540 -24.8020935506)
continue (1.1250487609 -24.7993903593)
continue (1.1391118704 -24.7966698092)
continue (1.1535310080 -24.7939327412)
continue (1.1683198671 -24.7911790929)
continue (1.1834928524 -24.7884067677)
continue (1.1990651267 -24.7856182402)
continue (1.2150526618 -24.7828087990)
continue (1.2314722923 -24.7799832810)
continue (1.2483417758 -24.7771356583)
continue (1.2656798560 -24.7742688383)
continue (1.2835063328 -24.7713824382)
continue (1.3018421376 -24.7684730125)
continue (1.3207094150 -24.7655442551)
continue (1.3401316122 -24.7625913825)
continue (1.3601335766 -24.7596153203)
continue (1.3807416611 -24.7566178944)
continue (1.4019838405 -24.7535935370)
continue (1.4238898380 -24.7505444433)
continue (1.4464912640 -24.7474715328)
continue (1.4698217683 -24.7443696018)
continue (1.4939172071 -24.7412401109)
continue (1.5188158272 -24.7380837363)
continue (1.5445584683 -24.7348976155)
continue (1.5711887868 -24.7316799843)
continue (1.5987535023 -24.7284310429)
continue (1.6273026720 -24.7251509037)
continue (1.6568899933 -24.7218369482)
continue (1.6875731413 -24.7184867381)
continue (1.7194141440 -24.7151005169)
continue (1.7524798006 -24.7116770066)
continue (1.7868421496 -24.7082151468)
continue (1.8225789926 -24.7047131491)
continue (1.8597744823 -24.7011684113)
continue (1.8985197840 -24.6975791845)
continue (1.9389138220 -24.6939444379)
continue (1.9810641224 -24.6902621517)
continue (2.0250877696 -24.6865302537)
continue (2.0711124916 -24.6827464333)
continue (2.1192778984 -24.6789084003)
continue (2.1697368960 -24.6750136306)
continue (2.2226573081 -24.6710593360)
continue (2.2782237408 -24.6670427002)
continue (2.3366397342 -24.6629605893)
continue (2.3981302535 -24.6588096737)
continue (2.4629445847 -24.6545850563)
continue (2.5313597120 -24.6502840378)
continue (2.6036842752 -24.6459029127)
continue (2.6802632245 -24.6414368274)
continue (2.7614833222 -24.6368794959)
continue (2.8477796760 -24.6322253604)
continue (2.9396435365 -24.6274708406)
continue (3.0376316544 -24.6226059930)
continue (3.1423775735 -24.6176261330)
continue (3.2546053440 -24.6125213574)
continue (3.3751462827 -24.6072845014)
continue (3.5049596012 -24.6019030946)
continue (3.6451579853 -24.5963688217)
continue (3.7970395680 -24.5906682018)
continue (3.9621282449 -24.5847857014)
continue (4.1422249833 -24.5787069467)
continue (4.3394737920 -24.5724138190)
continue (4.5564474816 -24.5658856857)
continue (4.7962605070 -24.5590983171)
continue (5.0627194240 -24.5520236356)
continue (5.3605264489 -24.5446325598)
continue (5.6955593520 -24.5368834188)
continue (6.0752633088 -24.5287344991)
continue (6.5092106880 -24.5201321649)
continue (7.0099192025 -24.5110124662)
continue (7.5940791360 -24.5012981713)
continue (8.2844499666 -24.4908921839)
continue (9.1128949632 -24.4796789349)
continue (9.5925210139 -24.4737208777)
continue (10.1254388480 -24.4674433539)
continue (10.7210528979 -24.4606851269)
continue (11.3911187040 -24.4532059894)
continue (12.1505266176 -24.4446370406)
continue (13.0184213760 -24.4344351622)
continue (14.0198384049 -24.4217893249)
continue (15.1881582720 -24.4054999126)
continue (16.5688999331 -24.3839601566)
continue (18.2257899264 -24.3552413072)
continue (20.2508776960 -24.3171440156)
continue (22.7822374080 -24.2673845718)
continue (26.0368427520 -24.2039350385)
continue (30.3763165440 -24.1255735282)
continue (36.4515798528 -24.0324511747)
continue (45.5644748160 -23.9281385525)
continue (60.7526330881 -23.8276363422)
continue (91.0379117204 -23.7655449505)
continue (91.1289496321 -23.7654530575)
continue (95.8243424102 -23.7607053787)
continue (101.1420084707 -23.7551209350)
continue (107.0845471588 -23.7483801778)
continue (113.7689758203 -23.7395872708)
continue (121.3434748763 -23.7283053455)
continue (129.9985016150 -23.7135196645)
continue (139.9830255485 -23.6954399947)
continue (151.6288679403 -23.6737522652)
continue (165.3882933432 -23.6476916073)
continue (181.8941110421 -23.6183007658)
continue (202.0597552818 -23.5737740794)
continue (227.2542384840 -23.2202153236)
continue (228.3933574739 -23.2196519811)
continue (228.9672101309 -23.2008333833)
continue (229.5439537332 -23.2182678053)
continue (230.1236101821 -23.2000160274)
continue (230.7062016002 -23.2160996260)
continue (231.2917503353 -23.1984421591)
continue (231.8802789621 -23.2095610820)
continue (232.4718102860 -23.1961482425)
continue (233.0663673455 -23.2063390371)
continue (233.6639734156 -23.1932268030)
continue (234.2646520105 -23.2024113606)
continue (234.2646520105 -23.2024113606)
continue (234.8684268868 -23.1897251934)
continue (235.4753220468 -23.2015475618)
continue (236.0853617412 -23.1856564132)
continue (236.6985704730 -23.1964885978)
continue (237.3149730003 -23.1859129098)
continue (237.3149730003 -23.1859129098)
continue (237.9345943397 -23.1728425400)
continue (238.5574597699 -23.1809100841)
continue (239.1835948349 -23.1648895881)
continue (239.8130253476 -23.1755141760)
continue (240.4457773934 -23.1598414482)
continue (241.0818773336 -23.1694122779)
continue (241.7213518093 -23.1540991265)
continue (242.3642277449 -23.1629370958)
continue (243.0105323523 -23.1743742800)
continue (243.0105323523 -23.1743742800)
continue (243.6602931340 -23.1632280951)
continue (244.3135378877 -23.1672377792)
continue (244.9702947099 -23.1560278218)
continue (245.6305920003 -23.1596862897)
continue (246.2944584651 -23.1461528311)
continue (246.9619231222 -23.1518455023)
continue (247.6330153046 -23.1385254628)
continue (248.3077646651 -23.1437797180)
continue (248.9862011806 -23.1306447910)
continue (249.6683551564 -23.1354599286)
continue (250.3542572310 -23.1225476631)
continue (251.0439383804 -23.1269541538)
continue (251.7374299229 -23.1142534126)
continue (252.4347635238 -23.1183468944)
continue (253.1359712003 -23.1460191427)
continue (253.8410853262 -23.1406794068)
continue (254.5501386371 -23.1330868588)
continue (255.2631642356 -23.1269067900)
continue (255.9801955958 -23.1187614051)
continue (255.9801955958 -23.1187614051)
continue (256.7012665693 -23.1236370123)
continue (257.4264113901 -23.1144987069)
continue (258.1556646802 -23.1062092399)
continue (258.8890614548 -23.0962063031)
continue (259.6266371285 -23.1163258824)
continue (260.3684275203 -23.1095955724)
continue (261.1144688599 -23.1039867670)
continue (261.8647977934 -23.0969912916)
continue (262.6194513893 -23.0906491575)
continue (263.3784671448 -23.0827698931)
continue (264.1418829916 -23.0719010873)
continue (264.9097373026 -23.0641922705)
continue (265.6820688982 -23.0552114067)
continue (266.4589170529 -23.0692133776)
continue (267.2403215018 -23.0663010003)
continue (268.0263224473 -23.0608134266)
continue (268.8169605667 -23.0544157250)
continue (269.6122770180 -23.0484081055)
continue (270.4123134484 -23.0369973856)
continue (271.2171120003 -23.0302430855)
continue (272.0267153197 -23.0227517189)
continue (272.8411665632 -23.0297078957)
continue (273.6605094057 -23.0276969670)
continue (274.4847880485 -23.0221539943)
continue (275.3140472269 -23.0169616441)
continue (276.1483322185 -23.0108330864)
continue (276.9876888514 -23.0008631194)
continue (277.8321635125 -22.9944923386)
continue (278.6818031563 -22.9953634750)
continue (279.5366553132 -22.9910393046)
continue (280.3967680988 -22.9887303593)
continue (281.2621902225 -22.9840664026)
continue (282.1329709972 -22.9788758298)
continue (283.0091603481 -22.9735164738)
continue (283.8908088227 -22.9639355008)
continue (284.7779676003 -22.9606723308)
continue (285.6706885019 -22.9565103825)
continue (286.5690240003 -22.9542009466)
continue (287.4730272306 -22.9503083497)
continue (288.3827520003 -22.9458390962)
continue (289.2982528003 -22.9410353815)
continue (290.2195848156 -22.9328782335)
continue (291.1468039364 -22.9269438902)
continue (292.0799667695 -22.9221681742)
continue (293.0191306498 -22.9203785817)
continue (293.9643536519 -22.9160440628)
continue (294.9156946023 -22.9123468374)
continue (295.8732130912 -22.9079034400)
continue (296.8369694857 -22.9000383562)
continue (297.8070249415 -22.8932641950)
continue (298.7834414167 -22.8890989216)
continue (299.7662816845 -22.8864454852)
continue (300.7556093469 -22.8822407421)
continue (301.7514888480 -22.8785021346)
continue (302.7539854887 -22.8742963846)
continue (303.7631654403 -22.4006566213)
continue (304.7790957595 -22.3958549368)
continue (305.8018444030 -22.3909035920)
continue (306.8314802428 -22.3862649153)
continue (307.8680730814 -22.3814435130)
continue (308.9116936681 -22.3768607958)
continue (309.9624137146 -22.3712379785)
continue (311.0203059116 -22.3651057289)
continue (312.0854439455 -22.3607025841)
continue (313.1579025158 -22.3613477864)
continue (314.2377573521 -22.3567961889)
continue (315.3250852322 -22.3525184061)
continue (316.4199640003 -22.3461638714)
continue (317.5224725857 -22.3419041328)
continue (318.6326910213 -22.3379038951)
continue (319.7507004635 -22.3344752589)
continue (320.8765832116 -22.3344329591)
continue (322.0104227283 -22.3304967011)
continue (323.1523036599 -22.3248090406)
continue (324.3023118580 -22.3211228964)
continue (325.4605344003 -22.3180473684)
continue (326.6270596133 -22.3142853201)
continue (327.8019770939 -22.3099465353)
continue (328.9853777332 -22.3061919155)
continue (330.1773537395 -22.3052107739)
continue (331.3779986622 -22.3018641370)
continue (332.5874074164 -22.2995498237)
continue (333.8056763080 -22.2963105129)
continue (335.0329030592 -22.2923042375)
continue (336.2691868343 -22.2865614315)
continue (337.5146282670 -22.2882537205)
continue (338.7693294874 -22.2850622691)
continue (340.0333941496 -22.2811347011)
continue (341.3069274610 -22.2773262562)
continue (342.5900362109 -22.2715926819)
continue (343.8828288004 -22.2670148372)
continue (345.1854152731 -22.2637444464)
continue (346.4979073464 -22.2654175108)
continue (347.8204184431 -22.2617636333)
continue (349.1530637245 -22.2554094433)
continue (350.4959601235 -22.2515041573)
continue (351.8492263788 -22.2488554915)
continue (353.2129830701 -22.2456541124)
continue (354.5873526541 -22.2461857128)
continue (355.9724595004 -22.2413485180)
continue (357.3684299298 -22.2379733499)
continue (358.7753922524 -22.2353429114)
continue (360.1934768067 -22.2321464327)
continue (361.6228160004 -22.2284518475)
continue (363.0635443510 -22.2305273291)
continue (364.5157985284 -22.2264099119)
continue (365.9797173980 -22.2237317059)
continue (367.4554420649 -22.2200488186)
continue (368.9431159194 -22.2170360662)
continue (370.4428846833 -22.2137781327)
continue (371.9548964575 -22.2166410309)
continue (373.4793017709 -22.2115508371)
continue (375.0162536300 -22.2090172145)
continue (376.5659075706 -22.2056197291)
continue (378.1284217099 -22.2018011912)
continue (379.7039568004 -22.2040905191)
continue (381.2926762849 -22.2018463809)
continue (382.8947463533 -22.1982051766)
continue (384.5103360004 -22.1952644412)
continue (386.1396170852 -22.1906676290)
continue (387.7827643919 -22.1878791019)
continue (389.4399556927 -22.1919815832)
continue (391.1113718116 -22.1896876370)
continue (392.7971966901 -22.1852288875)
continue (394.4976174550 -22.1822436876)
continue (396.2128244874 -22.1793081181)
continue (397.9430114939 -22.1832267991)
continue (399.6883755794 -22.1802929636)
continue (401.4491173220 -22.1775944047)
continue (403.2254408500 -22.1749012972)
continue (405.0175539204 -22.1775739067)
continue (406.8256680004 -22.1745656787)
continue (408.6499983502 -22.1735305771)
continue (410.4907641085 -22.1713925309)
continue (412.3481883805 -22.1684779759)
continue (414.2224983277 -22.1716688264)
continue (416.1139252607 -22.1695366956)
continue (418.0227047344 -22.1681456363)
continue (419.9490766456 -22.1661333947)
continue (421.8932853338 -22.1689071766)
continue (423.8555796842 -22.1669185407)
continue (425.8362132341 -22.1653280631)
continue (427.8354442821 -22.1635724902)
continue (429.8535360005 -22.1614645160)
continue (431.8907565502 -22.1642911204)
continue (433.9473792005 -22.1635680998)
continue (436.0236824502 -22.1611254070)
continue (438.1199501543 -22.1592973341)
continue (440.2364716526 -22.1635637947)
continue (442.3735419034 -22.1618749936)
continue (444.5314616200 -22.1609416104)
continue (446.7105374122 -22.1604103179)
continue (448.9110819315 -22.1640749591)
continue (451.1334140203 -22.1631874660)
continue (453.3778588662 -22.1626641264)
continue (455.6447481605 -22.1608743030)
continue (464.9436205719 -22.1672454776)
continue (477.1149195398 -22.1692967454)
continue (489.9405894199 -22.1773223981)
continue (503.4748598458 -22.1792217785)
continue (517.7781229096 -22.1867164251)
continue (532.9178341058 -22.1958302863)
continue (548.9695760970 -22.2018887542)
continue (566.0183206963 -22.2068310907)
continue (584.1599335391 -22.2075998241)
continue (603.5029776960 -22.2047704905)
continue (624.1708878911 -22.2064467609)
continue (646.3046073198 -22.1968182621)
continue (670.0658061184 -22.1831562815)
continue (695.6408368862 -22.1698302009)
continue (723.2456320008 -22.1525668791)
continue (753.1318151413 -22.1298628721)
continue (785.5943933801 -22.1089287345)
continue (820.9815282171 -22.0781492840)
continue (859.7070720009 -22.0423295749)
continue (902.2668280406 -21.9966948131)
continue (959.2521013905 -21.0430759405)
continue (1012.5438848011 -20.7981529785)
continue (1072.1052897894 -20.5839607799)
continue (1139.1118704012 -20.4278811573)
continue (1215.0526617613 -20.3243547070)
continue (1301.8421376014 -20.1199235107)
continue (1401.9838404938 -20.0181309134)
continue (1518.8158272016 -19.9180515070)
continue (1656.8899933109 -19.8457397831)
continue (1822.5789926419 -19.7816334255)
continue (2025.0877696022 -19.7240663497)
continue (2278.2237408024 -19.6802359985)
continue (2603.6842752028 -19.6426139246)
continue (3037.6316544032 -19.6381743446)
continue (3645.1579852839 -19.6305584430)
continue (4556.4474816048 -19.6179206410)
continue (6075.2633088065 -19.6018308177)
continue (9112.8949632097 -19.5560842852)
continue (9204.0239128418 -50.0000000000)
continue (7354000.0000000000 -50.0000000000)
f(nu) = -23.7268753174 at 1.0000000000 Ryd
