# Faucher-Giguere 2019 
# z = 7.912509
# E [Ryd] log (J_nu)
interpolate (0.0000000100 -50.0000000000)
continue (0.0121097530 -50.0000000000)
continue (0.0122320738 -30.9246513678)
continue (0.0123147229 -30.9202019756)
continue (0.0123984965 -30.9157352159)
continue (0.0124834178 -30.9112193508)
continue (0.0125695103 -30.9066715855)
continue (0.0126567986 -30.9021047275)
continue (0.0127453076 -30.8975028761)
continue (0.0128350633 -30.8928567399)
continue (0.0129260921 -30.8881832025)
continue (0.0130184214 -30.8834837924)
continue (0.0131120791 -30.8787377991)
continue (0.0132070941 -30.8739593374)
continue (0.0133034963 -30.8691556084)
continue (0.0134013161 -30.8643020938)
continue (0.0135005851 -30.8594153855)
continue (0.0136013358 -30.8545039001)
continue (0.0137036014 -30.8495376761)
continue (0.0138074166 -30.8445364166)
continue (0.0139128167 -30.8395118526)
continue (0.0140198384 -30.8344280867)
continue (0.0141285193 -30.8293081260)
continue (0.0142388984 -30.8241628873)
continue (0.0143510157 -30.8189570233)
continue (0.0144649126 -30.8137139596)
continue (0.0145806319 -30.8084402224)
continue (0.0146982177 -30.8031074180)
continue (0.0148177154 -30.7977350998)
continue (0.0149391721 -30.7923272553)
continue (0.0150626363 -30.7868617969)
continue (0.0151881583 -30.7813525492)
continue (0.0153157899 -30.7758062522)
continue (0.0154455847 -30.7701953915)
continue (0.0155775982 -30.7645512018)
continue (0.0157118879 -30.7588507402)
continue (0.0158485130 -30.7530935664)
continue (0.0159875350 -30.7473014713)
continue (0.0161290176 -30.7414408740)
continue (0.0162730267 -30.7355311995)
continue (0.0164196306 -30.7295779887)
continue (0.0165688999 -30.7235509239)
continue (0.0167209082 -30.7174909883)
continue (0.0168757314 -30.7113524608)
continue (0.0170334485 -30.7051620533)
continue (0.0171941414 -30.6989231890)
continue (0.0173578952 -30.6926047368)
continue (0.0175247980 -30.6862467968)
continue (0.0176949417 -30.6798073297)
continue (0.0178684215 -30.6733112773)
continue (0.0180453366 -30.6667512831)
continue (0.0182257899 -30.6601186092)
continue (0.0184098888 -30.6534297682)
continue (0.0185977448 -30.6466541008)
continue (0.0187894742 -30.6398278759)
continue (0.0189851978 -30.6329118686)
continue (0.0191850420 -30.6259373705)
continue (0.0193891382 -30.6188725243)
continue (0.0195976236 -30.6117387908)
continue (0.0198106412 -30.6045242192)
continue (0.0200283406 -30.5972280152)
continue (0.0202508777 -30.5898553782)
continue (0.0204784156 -30.5823907571)
continue (0.0207111249 -30.5748502416)
continue (0.0209491838 -30.5672102592)
continue (0.0211927790 -30.5594920956)
continue (0.0214421058 -30.5516700413)
continue (0.0216973690 -30.5437641407)
continue (0.0219587830 -30.5357532247)
continue (0.0222265731 -30.5276496684)
continue (0.0225009752 -30.5194432568)
continue (0.0227822374 -30.5111309742)
continue (0.0230706202 -30.5027207907)
continue (0.0233663973 -30.4941841510)
continue (0.0236698570 -30.4855528453)
continue (0.0239813025 -30.4767900631)
continue (0.0243010532 -30.4679284024)
continue (0.0246294458 -30.4589264989)
continue (0.0249668355 -30.4498108966)
continue (0.0253135971 -30.4405743601)
continue (0.0256701267 -30.4311834564)
continue (0.0260368428 -30.4216817094)
continue (0.0264141883 -30.4120222360)
continue (0.0268026322 -30.4022280230)
continue (0.0272026715 -30.3922898495)
continue (0.0276148332 -30.3821870712)
continue (0.0280396768 -30.3719378698)
continue (0.0284777968 -30.3615293264)
continue (0.0289298253 -30.3509415488)
continue (0.0293964354 -30.3401911432)
continue (0.0298783441 -30.3292675442)
continue (0.0303763165 -30.3181510740)
continue (0.0308911694 -30.3068398990)
continue (0.0314237757 -30.2953434990)
continue (0.0319750700 -30.2836454551)
continue (0.0325460534 -30.2717298190)
continue (0.0331377999 -30.2595920013)
continue (0.0337514628 -30.2472361947)
continue (0.0343882829 -30.2346459565)
continue (0.0350495960 -30.2218127074)
continue (0.0357368430 -30.2087262364)
continue (0.0364515799 -30.1953642437)
continue (0.0371954896 -30.1817371932)
continue (0.0379703957 -30.1678233186)
continue (0.0387782764 -30.1536166462)
continue (0.0396212824 -30.1391003358)
continue (0.0405017554 -30.1242573827)
continue (0.0414222498 -30.1090762466)
continue (0.0423855580 -30.0935412042)
continue (0.0433947379 -30.0776354940)
continue (0.0444531462 -30.0613413397)
continue (0.0455644748 -30.0446362051)
continue (0.0467327947 -30.0275033903)
continue (0.0479626051 -30.0099231166)
continue (0.0492588917 -29.9918716547)
continue (0.0506271942 -29.9733149864)
continue (0.0520736855 -29.9542228762)
continue (0.0536052645 -29.9345686746)
continue (0.0552296664 -29.9143313533)
continue (0.0569555935 -29.8934633917)
continue (0.0587928707 -29.8719078679)
continue (0.0607526331 -29.8496608005)
continue (0.0628475515 -29.8266292726)
continue (0.0650921069 -29.8027970293)
continue (0.0675029257 -29.7780663818)
continue (0.0700991920 -29.7524160467)
continue (0.0729031597 -29.7257352379)
continue (0.0759407914 -29.6979469349)
continue (0.0792425649 -29.6689694091)
continue (0.0828444997 -29.6386952293)
continue (0.0843786571 -29.6261962355)
continue (0.0859707072 -29.6134598908)
continue (0.0876239900 -29.6004756209)
continue (0.0893421075 -29.5872304317)
continue (0.0911289496 -29.5737259533)
continue (0.0929887241 -29.5599505342)
continue (0.0949259892 -29.5458866586)
continue (0.0969456911 -29.5315241738)
continue (0.0990532061 -29.5168527980)
continue (0.1012543885 -29.5018514162)
continue (0.1035556246 -29.4865090889)
continue (0.1059638949 -29.4708111942)
continue (0.1084868448 -29.4547408427)
continue (0.1111328654 -29.4382775214)
continue (0.1139111870 -29.4214053831)
continue (0.1168319867 -29.4041298544)
continue (0.1199065127 -29.3864469591)
continue (0.1231472292 -29.3683674747)
continue (0.1265679856 -29.3498963969)
continue (0.1301842138 -29.3310372682)
continue (0.1340131612 -29.3117936585)
continue (0.1380741661 -29.2921840839)
continue (0.1423889838 -29.2722287290)
continue (0.1469821768 -29.2519147289)
continue (0.1518815827 -29.2312754056)
continue (0.1571188787 -29.2103270927)
continue (0.1627302672 -29.1890770233)
continue (0.1687573141 -29.1675582036)
continue (0.1752479801 -29.1457940440)
continue (0.1822578993 -29.1238063384)
continue (0.1898519784 -29.1016256021)
continue (0.1981064122 -29.0792442715)
continue (0.2071112492 -29.0566497542)
continue (0.2169736896 -29.0338226299)
continue (0.2278223741 -29.0107433679)
continue (0.2398130253 -28.9873872720)
continue (0.2531359712 -28.9637316777)
continue (0.2680263224 -28.9397320871)
continue (0.2847779676 -28.9153594804)
continue (0.3037631654 -28.8905617652)
continue (0.3254605344 -28.8652845563)
continue (0.3504959601 -28.8394590652)
continue (0.3797039568 -28.8129971869)
continue (0.4142224983 -28.7857960316)
continue (0.4556447482 -28.7577129993)
continue (0.5062719424 -28.7285682671)
continue (0.5695559352 -28.6981120239)
continue (0.6509210688 -28.6659985523)
continue (0.7594079136 -28.6317188719)
continue (0.9112894963 -28.5944884305)
continue (0.9204944407 -28.5925301727)
continue (0.9298872411 -28.5905594782)
continue (0.9394737075 -28.5885794276)
continue (0.9492598920 -28.5865867831)
continue (0.9592521014 -28.5845834066)
continue (0.9694569110 -28.5825687153)
continue (0.9798811788 -28.5805415312)
continue (0.9905320612 -28.5785036051)
continue (1.0014170289 -28.5764515789)
continue (1.0125438848 -28.5743886266)
continue (1.0239207824 -28.5723109832)
continue (1.0355562458 -28.5702219485)
continue (1.0474591912 -28.5681176239)
continue (1.0596389492 -28.5660013134)
continue (1.0721052898 -28.5638690932)
continue (1.0848684480 -28.5617241958)
continue (1.0979391522 -28.5595627505)
continue (1.1113286540 -28.5573877944)
continue (1.1250487609 -28.5551955809)
continue (1.1391118704 -28.5529887398)
continue (1.1535310080 -28.5507650405)
continue (1.1683198671 -28.5485247443)
continue (1.1834928524 -28.5462680442)
continue (1.1990651267 -28.5439918524)
continue (1.2150526618 -28.5416995006)
continue (1.2314722923 -28.5393870636)
continue (1.2483417758 -28.5370567315)
continue (1.2656798560 -28.5347063001)
continue (1.2835063328 -28.5323354792)
continue (1.3018421376 -28.5299448279)
continue (1.3207094150 -28.5275315926)
continue (1.3401316122 -28.5250973519)
continue (1.3601335766 -28.5226410379)
continue (1.3807416611 -28.5201597534)
continue (1.4019838405 -28.5176558979)
continue (1.4238898380 -28.5151276559)
continue (1.4464912640 -28.5125722554)
continue (1.4698217683 -28.5099917983)
continue (1.4939172071 -28.5073844433)
continue (1.5188158272 -28.5047479282)
continue (1.5445584683 -28.5020830110)
continue (1.5711887868 -28.4993888008)
continue (1.5987535023 -28.4966633159)
continue (1.6273026720 -28.4939046555)
continue (1.6568899933 -28.4911133508)
continue (1.6875731413 -28.4882881475)
continue (1.7194141440 -28.4854273780)
continue (1.7524798006 -28.4825290270)
continue (1.7868421496 -28.4795914582)
continue (1.8225789926 -28.4766142095)
continue (1.8597744823 -28.4735952974)
continue (1.8985197840 -28.4705334855)
continue (1.9389138220 -28.4674263034)
continue (1.9810641224 -28.4642718927)
continue (2.0250877696 -28.4610683726)
continue (2.0711124916 -28.4578134377)
continue (2.1192778984 -28.4545046348)
continue (2.1697368960 -28.4511394350)
continue (2.2226573081 -28.4477152412)
continue (2.2782237408 -28.4442292797)
continue (2.3366397342 -28.4406781549)
continue (2.3981302535 -28.4370587857)
continue (2.4629445847 -28.4333676922)
continue (2.5313597120 -28.4296015457)
continue (2.6036842752 -28.4257541525)
continue (2.6802632245 -28.4218217374)
continue (2.7614833222 -28.4177998753)
continue (2.8477796760 -28.4136837001)
continue (2.9396435365 -28.4094653141)
continue (3.0376316544 -28.4051399689)
continue (3.1423775735 -28.4006991312)
continue (3.2546053440 -28.3961360227)
continue (3.3751462827 -28.3914407705)
continue (3.5049596012 -28.3866048929)
continue (3.6451579853 -28.3816159139)
continue (3.7970395680 -28.3764629836)
continue (3.9621282449 -28.3711328415)
continue (4.1422249833 -28.3656092198)
continue (4.3394737920 -28.3598753215)
continue (4.5564474816 -28.3539113448)
continue (4.7962605070 -28.3476953916)
continue (5.0627194240 -28.3412023679)
continue (5.3605264489 -28.3344011295)
continue (5.6955593520 -28.3272608120)
continue (6.0752633088 -28.3197402785)
continue (6.5092106880 -28.3117954072)
continue (7.0099192025 -28.3033748125)
continue (7.5940791360 -28.2944200298)
continue (8.2844499666 -28.2848690576)
continue (9.1128949632 -28.2746566478)
continue (9.5925210139 -28.2692340584)
continue (10.1254388480 -28.2625586439)
continue (10.7210528979 -28.2530655703)
continue (11.3911187040 -28.2397898461)
continue (12.1505266176 -28.2218709399)
continue (13.0184213760 -28.1984193170)
continue (14.0198384049 -28.1684879138)
continue (15.1881582720 -28.1311093624)
continue (16.5688999331 -28.0863737247)
continue (18.2257899264 -28.0364831148)
continue (20.2508776960 -27.9817663116)
continue (22.7822374080 -27.9221927124)
continue (26.0368427520 -27.8537029149)
continue (30.3763165440 -27.7817603138)
continue (36.4515798528 -27.7048634287)
continue (45.5644748160 -27.6475739743)
continue (60.7526330881 -27.5799203961)
continue (91.0379117204 -27.5461958257)
continue (91.1289496321 -27.5477625465)
continue (95.8243424102 -27.5512912704)
continue (101.1420084707 -27.5271190092)
continue (107.0845471588 -27.5111385513)
continue (113.7689758203 -27.3544033512)
continue (121.3434748763 -27.2900923515)
continue (129.9985016150 -27.0991066616)
continue (139.9830255485 -27.0738212808)
continue (151.6288679403 -27.3599934666)
continue (165.3882933432 -26.8432919339)
continue (181.8941110421 -27.1262158513)
continue (202.0597552818 -26.6663790239)
continue (227.2542384840 -25.8707039541)
continue (228.3933574739 -25.5789354310)
continue (228.9672101309 -25.4506134450)
continue (229.5439537332 -25.5693735147)
continue (230.1236101821 -25.7247380782)
continue (230.7062016002 -25.7480642369)
continue (231.2917503353 -25.7728735143)
continue (231.8802789621 -25.7945031953)
continue (232.4718102860 -25.8015321290)
continue (233.0663673455 -25.7797445263)
continue (233.6639734156 -25.6966367963)
continue (234.2646520105 -25.6520389736)
continue (234.2646520105 -25.6520389736)
continue (234.8684268868 -25.8668946246)
continue (235.4753220468 -25.8455947419)
continue (236.0853617412 -25.7202482431)
continue (236.6985704730 -25.6976449787)
continue (237.3149730003 -25.7504531456)
continue (237.3149730003 -25.7504531456)
continue (237.9345943397 -25.6820999553)
continue (238.5574597699 -25.5909669854)
continue (239.1835948349 -25.4548590175)
continue (239.8130253476 -25.4521702083)
continue (240.4457773934 -25.1173548482)
continue (241.0818773336 -24.9133500613)
continue (241.7213518093 -24.8534003157)
continue (242.3642277449 -24.9327129964)
continue (243.0105323523 -25.7752313902)
continue (243.0105323523 -25.7756824158)
continue (243.6602931340 -25.3407929970)
continue (244.3135378877 -25.1995638760)
continue (244.9702947099 -25.0906403174)
continue (245.6305920003 -25.0194041251)
continue (246.2944584651 -24.9410252477)
continue (246.9619231222 -24.8808195869)
continue (247.6330153046 -24.8019066358)
continue (248.3077646651 -24.7292075065)
continue (248.9862011806 -24.6537366799)
continue (249.6683551564 -24.5767871229)
continue (250.3542572310 -24.5229579332)
continue (251.0439383804 -24.4812583196)
continue (251.7374299229 -24.4275196156)
continue (252.4347635238 -24.3840186257)
continue (253.1359712003 -24.3426474600)
continue (253.8410853262 -24.3006078871)
continue (254.5501386371 -24.3674030963)
continue (255.2631642356 -24.4760765744)
continue (255.9801955958 -24.5960102486)
continue (255.9801955958 -24.5960102486)
continue (256.7012665693 -24.6501274719)
continue (257.4264113901 -24.2431292937)
continue (258.1556646802 -24.0273946330)
continue (258.8890614548 -24.2855243120)
continue (259.6266371285 -24.3663787934)
continue (260.3684275203 -24.4977252272)
continue (261.1144688599 -24.4466496472)
continue (261.8647977934 -24.1821924830)
continue (262.6194513893 -24.1399609745)
continue (263.3784671448 -24.1182989227)
continue (264.1418829916 -24.1000165808)
continue (264.9097373026 -24.1525616593)
continue (265.6820688982 -24.1613266040)
continue (266.4589170529 -24.1457303418)
continue (267.2403215018 -24.1327769531)
continue (268.0263224473 -24.1209524258)
continue (268.8169605667 -24.0568254647)
continue (269.6122770180 -24.0606605171)
continue (270.4123134484 -24.0892171004)
continue (271.2171120003 -24.0851733682)
continue (272.0267153197 -23.9444300743)
continue (272.8411665632 -23.7982109035)
continue (273.6605094057 -23.8400414775)
continue (274.4847880485 -23.8728862073)
continue (275.3140472269 -23.9073717380)
continue (276.1483322185 -23.9368682742)
continue (276.9876888514 -23.9684841365)
continue (277.8321635125 -24.2965118858)
continue (278.6818031563 -24.3814719426)
continue (279.5366553132 -24.2773644005)
continue (280.3967680988 -24.2364289401)
continue (281.2621902225 -24.2008951262)
continue (282.1329709972 -24.0605848714)
continue (283.0091603481 -24.0468806394)
continue (283.8908088227 -24.0562441289)
continue (284.7779676003 -24.0295609688)
continue (285.6706885019 -24.0695402767)
continue (286.5690240003 -24.0088255346)
continue (287.4730272306 -24.0207905320)
continue (288.3827520003 -24.0911729612)
continue (289.2982528003 -24.2128970329)
continue (290.2195848156 -24.4425243873)
continue (291.1468039364 -24.4838755923)
continue (292.0799667695 -24.4374293081)
continue (293.0191306498 -24.4429281628)
continue (293.9643536519 -24.5238288947)
continue (294.9156946023 -24.4735116367)
continue (295.8732130912 -24.3381145933)
continue (296.8369694857 -24.2642235294)
continue (297.8070249415 -24.1802474701)
continue (298.7834414167 -23.7063556433)
continue (299.7662816845 -23.9080213243)
continue (300.7556093469 -23.9664918131)
continue (301.7514888480 -24.0470073217)
continue (302.7539854887 -23.8990304357)
continue (303.7631654403 -23.6731241271)
continue (304.7790957595 -23.5981147031)
continue (305.8018444030 -23.6149981259)
continue (306.8314802428 -23.8138252556)
continue (307.8680730814 -23.9248753779)
continue (308.9116936681 -23.7518512675)
continue (309.9624137146 -23.9243571172)
continue (311.0203059116 -23.8509600294)
continue (312.0854439455 -24.1136467728)
continue (313.1579025158 -24.0037716289)
continue (314.2377573521 -23.8198111246)
continue (315.3250852322 -23.7988972394)
continue (316.4199640003 -23.7476165700)
continue (317.5224725857 -23.6949402245)
continue (318.6326910213 -23.7168633510)
continue (319.7507004635 -23.5892388519)
continue (320.8765832116 -23.6062318061)
continue (322.0104227283 -23.6876223063)
continue (323.1523036599 -23.5515211437)
continue (324.3023118580 -23.3639654548)
continue (325.4605344003 -23.4267804196)
continue (326.6270596133 -23.4884578212)
continue (327.8019770939 -23.3172422664)
continue (328.9853777332 -23.3515668951)
continue (330.1773537395 -23.3503709172)
continue (331.3779986622 -23.4085678342)
continue (332.5874074164 -23.4887827253)
continue (333.8056763080 -23.5814684779)
continue (335.0329030592 -23.7326851561)
continue (336.2691868343 -23.6741601503)
continue (337.5146282670 -23.4724694978)
continue (338.7693294874 -23.3797802505)
continue (340.0333941496 -23.3390536160)
continue (341.3069274610 -23.3315032210)
continue (342.5900362109 -23.4596754150)
continue (343.8828288004 -23.5019962698)
continue (345.1854152731 -23.5258691792)
continue (346.4979073464 -23.5033274164)
continue (347.8204184431 -23.5410365943)
continue (349.1530637245 -23.4943297952)
continue (350.4959601235 -23.5576028442)
continue (351.8492263788 -23.5049338232)
continue (353.2129830701 -23.5388158624)
continue (354.5873526541 -23.5601524233)
continue (355.9724595004 -23.5411760006)
continue (357.3684299298 -23.4911578395)
continue (358.7753922524 -23.4982702314)
continue (360.1934768067 -23.5541083459)
continue (361.6228160004 -23.5924267831)
continue (363.0635443510 -23.6923773694)
continue (364.5157985284 -23.7318229253)
continue (365.9797173980 -23.6236829992)
continue (367.4554420649 -23.4385109054)
continue (368.9431159194 -23.4188064007)
continue (370.4428846833 -23.3198128831)
continue (371.9548964575 -23.4566698781)
continue (373.4793017709 -23.4487742655)
continue (375.0162536300 -23.4403879015)
continue (376.5659075706 -23.5119949550)
continue (378.1284217099 -23.5592261731)
continue (379.7039568004 -23.5974471306)
continue (381.2926762849 -23.5962953483)
continue (382.8947463533 -23.6731418358)
continue (384.5103360004 -23.7504067440)
continue (386.1396170852 -23.6767707736)
continue (387.7827643919 -23.6819763733)
continue (389.4399556927 -23.6305849195)
continue (391.1113718116 -23.5948392147)
continue (392.7971966901 -23.6161286692)
continue (394.4976174550 -23.4600552316)
continue (396.2128244874 -23.3946689326)
continue (397.9430114939 -23.4188928411)
continue (399.6883755794 -23.3290454118)
continue (401.4491173220 -23.2997906519)
continue (403.2254408500 -23.1978970086)
continue (405.0175539204 -23.1937551972)
continue (406.8256680004 -23.2621060958)
continue (408.6499983502 -23.2924437506)
continue (410.4907641085 -23.2444306842)
continue (412.3481883805 -23.1377925235)
continue (414.2224983277 -23.1171829682)
continue (416.1139252607 -23.2360053854)
continue (418.0227047344 -23.2599014614)
continue (419.9490766456 -23.3085331615)
continue (421.8932853338 -23.1936845133)
continue (423.8555796842 -23.1159824477)
continue (425.8362132341 -23.1575770934)
continue (427.8354442821 -23.1993856183)
continue (429.8535360005 -23.1418910018)
continue (431.8907565502 -23.1618927017)
continue (433.9473792005 -23.0982893847)
continue (436.0236824502 -23.1087815355)
continue (438.1199501543 -23.0291293515)
continue (440.2364716526 -23.0482710014)
continue (442.3735419034 -23.0671916332)
continue (444.5314616200 -23.0722856409)
continue (446.7105374122 -23.1355125852)
continue (448.9110819315 -23.0812154534)
continue (451.1334140203 -23.0731554185)
continue (453.3778588662 -23.0363030063)
continue (455.6447481605 -23.0863862111)
continue (464.9436205719 -22.8679650659)
continue (477.1149195398 -23.0109119347)
continue (489.9405894199 -23.0635405218)
continue (503.4748598458 -23.0697966210)
continue (517.7781229096 -22.9007644341)
continue (532.9178341058 -22.8834386235)
continue (548.9695760970 -23.2791188833)
continue (566.0183206963 -22.8862245352)
continue (584.1599335391 -22.9815163965)
continue (603.5029776960 -22.9724397822)
continue (624.1708878911 -23.1801968818)
continue (646.3046073198 -22.8273089644)
continue (670.0658061184 -22.8676097545)
continue (695.6408368862 -22.8631418304)
continue (723.2456320008 -22.7665621427)
continue (753.1318151413 -22.8905908987)
continue (785.5943933801 -23.1102243663)
continue (820.9815282171 -22.7453434965)
continue (859.7070720009 -22.7634261568)
continue (902.2668280406 -22.7229372604)
continue (959.2521013905 -21.2480951090)
continue (1012.5438848011 -21.1927275708)
continue (1072.1052897894 -21.1432304714)
continue (1139.1118704012 -21.1431795876)
continue (1215.0526617613 -21.2251109627)
continue (1301.8421376014 -21.0600704534)
continue (1401.9838404938 -21.0869777609)
continue (1518.8158272016 -21.1058673934)
continue (1656.8899933109 -21.1822880347)
continue (1822.5789926419 -21.1078266584)
continue (2025.0877696022 -21.0535568329)
continue (2278.2237408024 -21.0959864779)
continue (2603.6842752028 -21.1112152868)
continue (3037.6316544032 -21.1346864401)
continue (3645.1579852839 -21.1689864400)
continue (4556.4474816048 -21.0014017288)
continue (6075.2633088065 -21.0157293505)
continue (9112.8949632097 -20.9437433965)
continue (9204.0239128418 -50.0000000000)
continue (7354000.0000000000 -50.0000000000)
f(nu) = -27.4775075858 at 1.0000000000 Ryd
