# Faucher-Giguere 2019 
# z = 9.000000
# E [Ryd] log (J_nu)
interpolate (0.0000000100 -50.0000000000)
continue (0.0121097530 -50.0000000000)
continue (0.0122320738 -32.2581536606)
continue (0.0123147229 -32.2537016299)
continue (0.0123984965 -32.2492354185)
continue (0.0124834178 -32.2447197359)
continue (0.0125695103 -32.2401698507)
continue (0.0126567986 -32.2356028545)
continue (0.0127453076 -32.2310002074)
continue (0.0128350633 -32.2263516747)
continue (0.0129260921 -32.2216779952)
continue (0.0130184214 -32.2169798345)
continue (0.0131120791 -32.2122319488)
continue (0.0132070941 -32.2074502269)
continue (0.0133034963 -32.2026493580)
continue (0.0134013161 -32.1977933477)
continue (0.0135005851 -32.1929040682)
continue (0.0136013358 -32.1879935566)
continue (0.0137036014 -32.1830265058)
continue (0.0138074166 -32.1780231272)
continue (0.0139128167 -32.1729983405)
continue (0.0140198384 -32.1679144092)
continue (0.0141285193 -32.1627921970)
continue (0.0142388984 -32.1576468494)
continue (0.0143510157 -32.1524403932)
continue (0.0144649126 -32.1471946028)
continue (0.0145806319 -32.1419224691)
continue (0.0146982177 -32.1365878096)
continue (0.0148177154 -32.1312124604)
continue (0.0149391721 -32.1258074801)
continue (0.0150626363 -32.1203383993)
continue (0.0151881583 -32.1148285964)
continue (0.0153157899 -32.1092820603)
continue (0.0154455847 -32.1036692518)
continue (0.0155775982 -32.0980248896)
continue (0.0157118879 -32.0923242062)
continue (0.0158485130 -32.0865649158)
continue (0.0159875350 -32.0807733209)
continue (0.0161290176 -32.0749109122)
continue (0.0162730267 -32.0689994049)
continue (0.0164196306 -32.0630460703)
continue (0.0165688999 -32.0570171841)
continue (0.0167209082 -32.0509561582)
continue (0.0168757314 -32.0448174171)
continue (0.0170334485 -32.0386247980)
continue (0.0171941414 -32.0323862890)
continue (0.0173578952 -32.0260662671)
continue (0.0175247980 -32.0197081254)
continue (0.0176949417 -32.0132665245)
continue (0.0178684215 -32.0067706912)
continue (0.0180453366 -32.0002096887)
continue (0.0182257899 -31.9935730275)
continue (0.0184098888 -31.9868856579)
continue (0.0185977448 -31.9801082632)
continue (0.0187894742 -31.9732829022)
continue (0.0189851978 -31.9663628993)
continue (0.0191850420 -31.9593873947)
continue (0.0193891382 -31.9523228899)
continue (0.0195976236 -31.9451882342)
continue (0.0198106412 -31.9379725136)
continue (0.0200283406 -31.9306748663)
continue (0.0202508777 -31.9233018745)
continue (0.0204784156 -31.9158342693)
continue (0.0207111249 -31.9082944822)
continue (0.0209491838 -31.9006512249)
continue (0.0211927790 -31.8929339674)
continue (0.0214421058 -31.8851089163)
continue (0.0216973690 -31.8772037781)
continue (0.0219587830 -31.8691908006)
continue (0.0222265731 -31.8610865495)
continue (0.0225009752 -31.8528789802)
continue (0.0227822374 -31.8445653495)
continue (0.0230706202 -31.8361525406)
continue (0.0233663973 -31.8276149227)
continue (0.0236698570 -31.8189854604)
continue (0.0239813025 -31.8102195036)
continue (0.0243010532 -31.8013563531)
continue (0.0246294458 -31.7923526143)
continue (0.0249668355 -31.7832364873)
continue (0.0253135971 -31.7739982789)
continue (0.0256701267 -31.7646060551)
continue (0.0260368428 -31.7551035802)
continue (0.0264141883 -31.7454432837)
continue (0.0268026322 -31.7356451267)
continue (0.0272026715 -31.7257090112)
continue (0.0276148332 -31.7156020462)
continue (0.0280396768 -31.7053528953)
continue (0.0284777968 -31.6949446284)
continue (0.0289298253 -31.6843528903)
continue (0.0293964354 -31.6736004784)
continue (0.0298783441 -31.6626773441)
continue (0.0303763165 -31.6515591047)
continue (0.0308911694 -31.6402470339)
continue (0.0314237757 -31.6287489196)
continue (0.0319750700 -31.6170502892)
continue (0.0325460534 -31.6051322226)
continue (0.0331377999 -31.5929913914)
continue (0.0337514628 -31.5806339711)
continue (0.0343882829 -31.5680446290)
continue (0.0350495960 -31.5552103660)
continue (0.0357368430 -31.5421199003)
continue (0.0364515799 -31.5287577726)
continue (0.0371954896 -31.5151268973)
continue (0.0379703957 -31.5012130868)
continue (0.0387782764 -31.4870041775)
continue (0.0396212824 -31.4724861489)
continue (0.0405017554 -31.4576427505)
continue (0.0414222498 -31.4424599414)
continue (0.0423855580 -31.4269232165)
continue (0.0433947379 -31.4110157634)
continue (0.0444531462 -31.3947188520)
continue (0.0455644748 -31.3780119656)
continue (0.0467327947 -31.3608781997)
continue (0.0479626051 -31.3432943444)
continue (0.0492588917 -31.3252429630)
continue (0.0506271942 -31.3066861487)
continue (0.0520736855 -31.2875911509)
continue (0.0536052645 -31.2679335139)
continue (0.0552296664 -31.2476954513)
continue (0.0569555935 -31.2268256270)
continue (0.0587928707 -31.2052669519)
continue (0.0607526331 -31.1830186790)
continue (0.0628475515 -31.1599830809)
continue (0.0650921069 -31.1361505826)
continue (0.0675029257 -31.1114170386)
continue (0.0700991920 -31.0857643161)
continue (0.0729031597 -31.0590812662)
continue (0.0759407914 -31.0312894181)
continue (0.0792425649 -31.0023106407)
continue (0.0828444997 -30.9720331021)
continue (0.0843786571 -30.9595357220)
continue (0.0859707072 -30.9467994602)
continue (0.0876239900 -30.9338119119)
continue (0.0893421075 -30.9205645332)
continue (0.0911289496 -30.9070606400)
continue (0.0929887241 -30.8932828847)
continue (0.0949259892 -30.8792193701)
continue (0.0969456911 -30.8648565348)
continue (0.0990532061 -30.8501823083)
continue (0.1012543885 -30.8351812282)
continue (0.1035556246 -30.8198376266)
continue (0.1059638949 -30.8041386545)
continue (0.1084868448 -30.7880672594)
continue (0.1111328654 -30.7716011003)
continue (0.1139111870 -30.7547305109)
continue (0.1168319867 -30.7374572788)
continue (0.1199065127 -30.7197817811)
continue (0.1231472292 -30.7017169797)
continue (0.1265679856 -30.6832711709)
continue (0.1301842138 -30.6644453574)
continue (0.1340131612 -30.6452416126)
continue (0.1380741661 -30.6256811714)
continue (0.1423889838 -30.6057853183)
continue (0.1469821768 -30.5855393538)
continue (0.1518815827 -30.5649768390)
continue (0.1571188787 -30.5441158868)
continue (0.1627302672 -30.5229611362)
continue (0.1687573141 -30.5015487444)
continue (0.1752479801 -30.4799011096)
continue (0.1822578993 -30.4580393557)
continue (0.1898519784 -30.4359947866)
continue (0.1981064122 -30.4137544434)
continue (0.2071112492 -30.3913021271)
continue (0.2169736896 -30.3686178286)
continue (0.2278223741 -30.3456818472)
continue (0.2398130253 -30.3224699222)
continue (0.2531359712 -30.2989590209)
continue (0.2680263224 -30.2751045106)
continue (0.2847779676 -30.2508790628)
continue (0.3037631654 -30.2262277989)
continue (0.3254605344 -30.2010981935)
continue (0.3504959601 -30.1754212117)
continue (0.3797039568 -30.1491079539)
continue (0.4142224983 -30.1220565386)
continue (0.4556447482 -30.0941237051)
continue (0.5062719424 -30.0651304309)
continue (0.5695559352 -30.0348257338)
continue (0.6509210688 -30.0028646313)
continue (0.7594079136 -29.9687377505)
continue (0.9112894963 -29.9316610831)
continue (0.9204944407 -29.9297107447)
continue (0.9298872411 -29.9277473742)
continue (0.9394737075 -29.9257750252)
continue (0.9492598920 -29.9237901906)
continue (0.9592521014 -29.9217946080)
continue (0.9694569110 -29.9197875794)
continue (0.9798811788 -29.9177678524)
continue (0.9905320612 -29.9157376561)
continue (1.0014170289 -29.9136931906)
continue (1.0125438848 -29.9116381870)
continue (1.0239207824 -29.9095680545)
continue (1.0355562458 -29.9074868610)
continue (1.0474591912 -29.9053901083)
continue (1.0596389492 -29.9032815953)
continue (1.0721052898 -29.9011569102)
continue (1.0848684480 -29.8990198474)
continue (1.0979391522 -29.8968658334)
continue (1.1113286540 -29.8946986664)
continue (1.1250487609 -29.8925140987)
continue (1.1391118704 -29.8903151486)
continue (1.1535310080 -29.8880991302)
continue (1.1683198671 -29.8858664238)
continue (1.1834928524 -29.8836172746)
continue (1.1990651267 -29.8813487611)
continue (1.2150526618 -29.8790642871)
continue (1.2314722923 -29.8767591929)
continue (1.2483417758 -29.8744367472)
continue (1.2656798560 -29.8720938975)
continue (1.2835063328 -29.8697305632)
continue (1.3018421376 -29.8673478146)
continue (1.3207094150 -29.8649418647)
continue (1.3401316122 -29.8625154338)
continue (1.3601335766 -29.8600667427)
continue (1.3807416611 -29.8575929328)
continue (1.4019838405 -29.8550967962)
continue (1.4238898380 -29.8525760715)
continue (1.4464912640 -29.8500280819)
continue (1.4698217683 -29.8474553127)
continue (1.4939172071 -29.8448556485)
continue (1.5188158272 -29.8422264207)
continue (1.5445584683 -29.8395689673)
continue (1.5711887868 -29.8368823666)
continue (1.5987535023 -29.8341643521)
continue (1.6273026720 -29.8314129479)
continue (1.6568899933 -29.8286290314)
continue (1.6875731413 -29.8258112454)
continue (1.7194141440 -29.8229578106)
continue (1.7524798006 -29.8200667684)
continue (1.7868421496 -29.8171364474)
continue (1.8225789926 -29.8141661257)
continue (1.8597744823 -29.8111545044)
continue (1.8985197840 -29.8080996804)
continue (1.9389138220 -29.8049996246)
continue (1.9810641224 -29.8018521519)
continue (2.0250877696 -29.7986555093)
continue (2.0711124916 -29.7954073135)
continue (2.1192778984 -29.7921051309)
continue (2.1697368960 -29.7887464401)
continue (2.2226573081 -29.7853285679)
continue (2.2782237408 -29.7818487905)
continue (2.3366397342 -29.7783035856)
continue (2.3981302535 -29.7746901075)
continue (2.4629445847 -29.7710045031)
continue (2.5313597120 -29.7672436665)
continue (2.6036842752 -29.7634012627)
continue (2.6802632245 -29.7594732429)
continue (2.7614833222 -29.7554555546)
continue (2.8477796760 -29.7513432449)
continue (2.9396435365 -29.7471275957)
continue (3.0376316544 -29.7428046536)
continue (3.1423775735 -29.7383652450)
continue (3.2546053440 -29.7338025214)
continue (3.3751462827 -29.7291062765)
continue (3.5049596012 -29.7242682689)
continue (3.6451579853 -29.7192750002)
continue (3.7970395680 -29.7141155480)
continue (3.9621282449 -29.7087760654)
continue (4.1422249833 -29.7032397296)
continue (4.3394737920 -29.6974885628)
continue (4.5564474816 -29.6915015486)
continue (4.7962605070 -29.6852551836)
continue (5.0627194240 -29.6787224414)
continue (5.3605264489 -29.6718681556)
continue (5.6955593520 -29.6646577351)
continue (6.0752633088 -29.6570431036)
continue (6.5092106880 -29.6489706365)
continue (7.0099192025 -29.6403742627)
continue (7.5940791360 -29.6311727318)
continue (8.2844499666 -29.6212672655)
continue (9.1128949632 -29.6105305956)
continue (9.5925210139 -29.6047429281)
continue (10.1254388480 -29.5974719794)
continue (10.7210528979 -29.5870553242)
continue (11.3911187040 -29.5725961763)
continue (12.1505266176 -29.5532366014)
continue (13.0184213760 -29.5280228619)
continue (14.0198384049 -29.4959001087)
continue (15.1881582720 -29.4557342651)
continue (16.5688999331 -29.4074569694)
continue (18.2257899264 -29.3528951738)
continue (20.2508776960 -29.2913530392)
continue (22.7822374080 -29.2213382226)
continue (26.0368427520 -29.1408825783)
continue (30.3763165440 -29.0472001265)
continue (36.4515798528 -28.9362619161)
continue (45.5644748160 -28.8020883623)
continue (60.7526330881 -28.6365452249)
continue (91.0379117204 -28.4339612608)
continue (91.1289496321 -28.4335245038)
continue (95.8243424102 -28.4119967650)
continue (101.1420084707 -28.3899159013)
continue (107.0845471588 -28.3677522104)
continue (113.7689758203 -28.3456567323)
continue (121.3434748763 -28.3236690837)
continue (129.9985016150 -28.3018530939)
continue (139.9830255485 -28.2802192922)
continue (151.6288679403 -28.2586849093)
continue (165.3882933432 -28.2444442182)
continue (181.8941110421 -28.2426050234)
continue (202.0597552818 -28.2431842664)
continue (227.2542384840 -27.6487433695)
continue (228.3933574739 -27.6890798375)
continue (228.9672101309 -27.7613607807)
continue (229.5439537332 -27.7265167763)
continue (230.1236101821 -27.7891609667)
continue (230.7062016002 -27.7603503693)
continue (231.2917503353 -27.8133520350)
continue (231.8802789621 -27.7896509665)
continue (232.4718102860 -27.8336810095)
continue (233.0663673455 -27.8142628325)
continue (233.6639734156 -27.8511581330)
continue (234.2646520105 -27.8353605538)
continue (234.2646520105 -27.8353605538)
continue (234.8684268868 -27.9582743123)
continue (235.4753220468 -27.9472430678)
continue (236.0853617412 -27.9410559994)
continue (236.6985704730 -27.9149599676)
continue (237.3149730003 -28.0458094731)
continue (237.3149730003 -28.0458094731)
continue (237.9345943397 -28.0311234802)
continue (238.5574597699 -27.9970792020)
continue (239.1835948349 -27.9875357792)
continue (239.8130253476 -27.9674110808)
continue (240.4457773934 -27.9676460058)
continue (241.0818773336 -27.9486524019)
continue (241.7213518093 -27.9489092411)
continue (242.3642277449 -27.9363996819)
continue (243.0105323523 -28.0965948049)
continue (243.0105323523 -28.0965948049)
continue (243.6602931340 -28.0909111998)
continue (244.3135378877 -28.0231742360)
continue (244.9702947099 -28.0201457606)
continue (245.6305920003 -27.9786944744)
continue (246.2944584651 -27.9780199991)
continue (246.9619231222 -27.9526956979)
continue (247.6330153046 -27.9519326186)
continue (248.3077646651 -27.9359354653)
continue (248.9862011806 -27.9347318043)
continue (249.6683551564 -27.9243132767)
continue (250.3542572310 -27.9176114639)
continue (251.0439383804 -27.9162343284)
continue (251.7374299229 -27.9114962093)
continue (252.4347635238 -27.9103518401)
continue (253.1359712003 -27.9069826134)
continue (253.8410853262 -27.9058446288)
continue (254.5501386371 -27.9033034455)
continue (255.2631642356 -27.9012801171)
continue (255.9801955958 -27.9001326871)
continue (255.9801955958 -27.9001326871)
continue (256.7012665693 -28.1468579568)
continue (257.4264113901 -28.1467124028)
continue (258.1556646802 -28.0350628346)
continue (258.8890614548 -27.9763905489)
continue (259.6266371285 -27.9760092031)
continue (260.3684275203 -27.9428395376)
continue (261.1144688599 -27.9424029826)
continue (261.8647977934 -27.9223366486)
continue (262.6194513893 -27.9098201380)
continue (263.3784671448 -27.9092264278)
continue (264.1418829916 -27.9011708785)
continue (264.9097373026 -27.9005398242)
continue (265.6820688982 -27.8951732504)
continue (266.4589170529 -27.8915131910)
continue (267.2403215018 -27.8907827903)
continue (268.0263224473 -27.8881634822)
continue (268.8169605667 -27.8862232324)
continue (269.6122770180 -27.8847108428)
continue (270.4123134484 -27.8839685078)
continue (271.2171120003 -27.8827442511)
continue (272.0267153197 -27.8816571203)
continue (272.8411665632 -27.8806796829)
continue (273.6605094057 -27.8798992360)
continue (274.4847880485 -27.8789840389)
continue (275.3140472269 -27.8781230932)
continue (276.1483322185 -27.8773552845)
continue (276.9876888514 -27.8765966465)
continue (277.8321635125 -27.8758351955)
continue (278.6818031563 -27.8750546748)
continue (279.5366553132 -27.8742619817)
continue (280.3967680988 -27.8734709357)
continue (281.2621902225 -27.8726852704)
continue (282.1329709972 -27.8719042907)
continue (283.0091603481 -27.8711338739)
continue (283.8908088227 -27.8703756919)
continue (284.7779676003 -27.8695896028)
continue (285.6706885019 -27.8687960298)
continue (286.5690240003 -27.8679997421)
continue (287.4730272306 -27.8671985905)
continue (288.3827520003 -27.8664052598)
continue (289.2982528003 -27.8656230532)
continue (290.2195848156 -27.8648540774)
continue (291.1468039364 -27.8640722871)
continue (292.0799667695 -27.8632746503)
continue (293.0191306498 -27.8624643229)
continue (293.9643536519 -27.8616517332)
continue (294.9156946023 -27.8608476535)
continue (295.8732130912 -27.8600538449)
continue (296.8369694857 -27.8592731224)
continue (297.8070249415 -27.8584869312)
continue (298.7834414167 -27.8576810023)
continue (299.7662816845 -27.8568651684)
continue (300.7556093469 -27.8560440683)
continue (301.7514888480 -27.8552259344)
continue (302.7539854887 -27.8544194385)
continue (303.7631654403 -27.1675148929)
continue (304.7790957595 -27.2013120522)
continue (305.8018444030 -27.3577203199)
continue (306.8314802428 -27.4950919806)
continue (307.8680730814 -27.5278836891)
continue (308.9116936681 -27.6367085040)
continue (309.9624137146 -27.7164950822)
continue (311.0203059116 -27.7282038691)
continue (312.0854439455 -27.7723503494)
continue (313.1579025158 -27.8012993143)
continue (314.2377573521 -27.8068674594)
continue (315.3250852322 -27.8228165143)
continue (316.4199640003 -27.8315051997)
continue (317.5224725857 -27.8359133004)
continue (318.6326910213 -27.8362076753)
continue (319.7507004635 -27.8380728875)
continue (320.8765832116 -27.8387577161)
continue (322.0104227283 -27.8387514752)
continue (323.1523036599 -27.8380746769)
continue (324.3023118580 -27.8375685607)
continue (325.4605344003 -27.8369193804)
continue (326.6270596133 -27.8361780351)
continue (327.8019770939 -27.8353577777)
continue (328.9853777332 -27.8345031372)
continue (330.1773537395 -27.8336412554)
continue (331.3779986622 -27.8327883497)
continue (332.5874074164 -27.8319503297)
continue (333.8056763080 -27.8311268685)
continue (335.0329030592 -27.8302673972)
continue (336.2691868343 -27.8293937976)
continue (337.5146282670 -27.8285206701)
continue (338.7693294874 -27.8276573356)
continue (340.0333941496 -27.8268071432)
continue (341.3069274610 -27.8259620522)
continue (342.5900362109 -27.8250874182)
continue (343.8828288004 -27.8241888391)
continue (345.1854152731 -27.8232889147)
continue (346.4979073464 -27.8223986422)
continue (347.8204184431 -27.8215244332)
continue (349.1530637245 -27.8206703362)
continue (350.4959601235 -27.8197929351)
continue (351.8492263788 -27.8188871415)
continue (353.2129830701 -27.8179789367)
continue (354.5873526541 -27.8170807536)
continue (355.9724595004 -27.8161972421)
continue (357.3684299298 -27.8153335975)
continue (358.7753922524 -27.8144416297)
continue (360.1934768067 -27.8135230732)
continue (361.6228160004 -27.8126048572)
continue (363.0635443510 -27.8116981127)
continue (364.5157985284 -27.8108091440)
continue (365.9797173980 -27.8099368892)
continue (367.4554420649 -27.8090164973)
continue (368.9431159194 -27.8080815971)
continue (370.4428846833 -27.8071479994)
continue (371.9548964575 -27.8062284442)
continue (373.4793017709 -27.8053301951)
continue (375.0162536300 -27.8044341930)
continue (376.5659075706 -27.8035016559)
continue (378.1284217099 -27.8025516884)
continue (379.7039568004 -27.8016092878)
continue (381.2926762849 -27.8006845281)
continue (382.8947463533 -27.7997855195)
continue (384.5103360004 -27.7988552244)
continue (386.1396170852 -27.7978952903)
continue (387.7827643919 -27.7969343877)
continue (389.4399556927 -27.7959897994)
continue (391.1113718116 -27.7950670417)
continue (392.7971966901 -27.7941465558)
continue (394.4976174550 -27.7931817367)
continue (396.2128244874 -27.7922072752)
continue (397.9430114939 -27.7912430663)
continue (399.6883755794 -27.7903027794)
continue (401.4491173220 -27.7893829748)
continue (403.2254408500 -27.7884168801)
continue (405.0175539204 -27.7874299762)
continue (406.8256680004 -27.7864526268)
continue (408.6499983502 -27.7854979027)
continue (410.4907641085 -27.7845731535)
continue (412.3481883805 -27.7836010048)
continue (414.2224983277 -27.7826030192)
continue (416.1139252607 -27.7815876256)
continue (418.0227047344 -27.7805900035)
continue (419.9490766456 -27.7796237881)
continue (421.8932853338 -27.7786148994)
continue (423.8555796842 -27.7775769459)
continue (425.8362132341 -27.7765455691)
continue (427.8354442821 -27.7755387592)
continue (429.8535360005 -27.7745653681)
continue (431.8907565502 -27.7735414687)
continue (433.9473792005 -27.7724902192)
continue (436.0236824502 -27.7714484733)
continue (438.1199501543 -27.7704344462)
continue (440.2364716526 -27.7694457376)
continue (442.3735419034 -27.7683997908)
continue (444.5314616200 -27.7673334578)
continue (446.7105374122 -27.7662832380)
continue (448.9110819315 -27.7652651312)
continue (451.1334140203 -27.7642536363)
continue (453.3778588662 -27.7631770293)
continue (455.6447481605 -27.7620962866)
continue (464.9436205719 -27.7578611835)
continue (477.1149195398 -27.7524495477)
continue (489.9405894199 -27.7469417759)
continue (503.4748598458 -27.7413414606)
continue (517.7781229096 -27.7356457413)
continue (532.9178341058 -27.7297485735)
continue (548.9695760970 -27.7237322843)
continue (566.0183206963 -27.7175770989)
continue (584.1599335391 -27.7111894858)
continue (603.5029776960 -27.7045769159)
continue (624.1708878911 -27.6977674153)
continue (646.3046073198 -27.6904393481)
continue (670.0658061184 -27.6825599139)
continue (695.6408368862 -27.6734370287)
continue (723.2456320008 -27.6620344526)
continue (753.1318151413 -27.6462768973)
continue (785.5943933801 -27.6217386737)
continue (820.9815282171 -27.5802199168)
continue (859.7070720009 -27.5084371435)
continue (902.2668280406 -27.3896823034)
continue (959.2521013905 -26.5932666283)
continue (1012.5438848011 -26.5293071156)
continue (1072.1052897894 -26.4908607068)
continue (1139.1118704012 -26.4542764574)
continue (1215.0526617613 -26.4196071262)
continue (1301.8421376014 -25.9549049838)
continue (1401.9838404938 -26.3565825022)
continue (1518.8158272016 -26.3289930868)
continue (1656.8899933109 -26.3046004382)
continue (1822.5789926419 -26.2797424052)
continue (2025.0877696022 -26.2522895548)
continue (2278.2237408024 -26.2215974870)
continue (2603.6842752028 -26.1868038231)
continue (3037.6316544032 -26.1466349758)
continue (3645.1579852839 -26.0991251029)
continue (4556.4474816048 -26.0409786077)
continue (6075.2633088065 -25.9660180680)
continue (9112.8949632097 -25.8603604075)
continue (9204.0239128418 -50.0000000000)
continue (7354000.0000000000 -50.0000000000)
f(nu) = -28.8147482179 at 1.0000000000 Ryd
