# Faucher-Giguere 2019 
# z = 0.995262
# E [Ryd] log (J_nu)
interpolate (0.0000000100 -50.0000000000)
continue (0.0121097530 -50.0000000000)
continue (0.0122320738 -27.1809153827)
continue (0.0123147229 -27.1765044731)
continue (0.0123984965 -27.1720776336)
continue (0.0124834178 -27.1675881407)
continue (0.0125695103 -27.1630746155)
continue (0.0126567986 -27.1585488054)
continue (0.0127453076 -27.1539795760)
continue (0.0128350633 -27.1493586276)
continue (0.0129260921 -27.1447307568)
continue (0.0130184214 -27.1400746280)
continue (0.0131120791 -27.1353455406)
continue (0.0132070941 -27.1306094829)
continue (0.0133034963 -27.1258520194)
continue (0.0134013161 -27.1210191205)
continue (0.0135005851 -27.1161711932)
continue (0.0136013358 -27.1113043578)
continue (0.0137036014 -27.1063630280)
continue (0.0138074166 -27.1014003290)
continue (0.0139128167 -27.0964193310)
continue (0.0140198384 -27.0913631698)
continue (0.0141285193 -27.0862819992)
continue (0.0142388984 -27.0811816273)
continue (0.0143510157 -27.0760028433)
continue (0.0144649126 -27.0707998111)
continue (0.0145806319 -27.0655744212)
continue (0.0146982177 -27.0602653338)
continue (0.0148177154 -27.0549354053)
continue (0.0149391721 -27.0495774203)
continue (0.0150626363 -27.0441304211)
continue (0.0151881583 -27.0386711428)
continue (0.0153157899 -27.0331648278)
continue (0.0154455847 -27.0275832345)
continue (0.0155775982 -27.0219871207)
continue (0.0157118879 -27.0163191679)
continue (0.0158485130 -27.0106025789)
continue (0.0159875350 -27.0048617811)
continue (0.0161290176 -26.9990248100)
continue (0.0162730267 -26.9931650919)
continue (0.0164196306 -26.9872508545)
continue (0.0165688999 -26.9812596533)
continue (0.0167209082 -26.9752479592)
continue (0.0168757314 -26.9691416853)
continue (0.0170334485 -26.9629993272)
continue (0.0171941414 -26.9568012349)
continue (0.0173578952 -26.9505208172)
continue (0.0175247980 -26.9442155552)
continue (0.0176949417 -26.9378020015)
continue (0.0178684215 -26.9313602555)
continue (0.0180453366 -26.9248362317)
continue (0.0182257899 -26.9182489826)
continue (0.0184098888 -26.9116097632)
continue (0.0185977448 -26.9048694664)
continue (0.0187894742 -26.8981000933)
continue (0.0189851978 -26.8912097206)
continue (0.0191850420 -26.8842905881)
continue (0.0193891382 -26.8772607640)
continue (0.0195976236 -26.8701821502)
continue (0.0198106412 -26.8630049986)
continue (0.0200283406 -26.8557619229)
continue (0.0202508777 -26.8484283918)
continue (0.0204784156 -26.8410151249)
continue (0.0207111249 -26.8335157977)
continue (0.0209491838 -26.8259271837)
continue (0.0211927790 -26.8182514242)
continue (0.0214421058 -26.8104818485)
continue (0.0216973690 -26.8026185869)
continue (0.0219587830 -26.7946622738)
continue (0.0222265731 -26.7865995826)
continue (0.0225009752 -26.7784497010)
continue (0.0227822374 -26.7701759465)
continue (0.0230706202 -26.7618254249)
continue (0.0233663973 -26.7533285350)
continue (0.0236698570 -26.7447659902)
continue (0.0239813025 -26.7360396327)
continue (0.0243010532 -26.7272299755)
continue (0.0246294458 -26.7182835931)
continue (0.0249668355 -26.7092116512)
continue (0.0253135971 -26.7000372876)
continue (0.0256701267 -26.6906915455)
continue (0.0260368428 -26.6812446983)
continue (0.0264141883 -26.6716431862)
continue (0.0268026322 -26.6618899572)
continue (0.0272026715 -26.6520266913)
continue (0.0276148332 -26.6419689613)
continue (0.0280396768 -26.6317659107)
continue (0.0284777968 -26.6214327339)
continue (0.0289298253 -26.6108919163)
continue (0.0293964354 -26.6001871512)
continue (0.0298783441 -26.5893314870)
continue (0.0303763165 -26.5782751165)
continue (0.0308911694 -26.5670162602)
continue (0.0314237757 -26.5555765098)
continue (0.0319750700 -26.5439523106)
continue (0.0325460534 -26.5320912519)
continue (0.0331377999 -26.5200090228)
continue (0.0337514628 -26.5077071903)
continue (0.0343882829 -26.4951848517)
continue (0.0350495960 -26.4824283888)
continue (0.0357368430 -26.4693981299)
continue (0.0364515799 -26.4561004020)
continue (0.0371954896 -26.4425332879)
continue (0.0379703957 -26.4286837190)
continue (0.0387782764 -26.4145392795)
continue (0.0396212824 -26.4000882922)
continue (0.0405017554 -26.3853161097)
continue (0.0414222498 -26.3702051565)
continue (0.0423855580 -26.3547399222)
continue (0.0433947379 -26.3389037509)
continue (0.0444531462 -26.3226783368)
continue (0.0455644748 -26.3060478007)
continue (0.0467327947 -26.2889926473)
continue (0.0479626051 -26.2714899034)
continue (0.0492588917 -26.2535176166)
continue (0.0506271942 -26.2350459571)
continue (0.0520736855 -26.2160163122)
continue (0.0536052645 -26.1964410671)
continue (0.0552296664 -26.1762919373)
continue (0.0569555935 -26.1555016231)
continue (0.0587928707 -26.1340264263)
continue (0.0607526331 -26.1118748916)
continue (0.0628475515 -26.0889129456)
continue (0.0650921069 -26.0651848011)
continue (0.0675029257 -26.0405333188)
continue (0.0700991920 -26.0149753377)
continue (0.0729031597 -25.9883935013)
continue (0.0759407914 -25.9606956734)
continue (0.0792425649 -25.9318121085)
continue (0.0828444997 -25.9016330716)
continue (0.0843786571 -25.8891806821)
continue (0.0859707072 -25.8765006904)
continue (0.0876239900 -25.8635492903)
continue (0.0893421075 -25.8503431716)
continue (0.0911289496 -25.8368772872)
continue (0.0929887241 -25.8231389263)
continue (0.0949259892 -25.8091207643)
continue (0.0969456911 -25.7948039439)
continue (0.0990532061 -25.7801767338)
continue (0.1012543885 -25.7652243017)
continue (0.1035556246 -25.7499301554)
continue (0.1059638949 -25.7342781110)
continue (0.1084868448 -25.7182511410)
continue (0.1111328654 -25.7018316293)
continue (0.1139111870 -25.6850029174)
continue (0.1168319867 -25.6677471772)
continue (0.1199065127 -25.6500474230)
continue (0.1231472292 -25.6318884916)
continue (0.1265679856 -25.6132481107)
continue (0.1301842138 -25.5941033838)
continue (0.1340131612 -25.5744054642)
continue (0.1380741661 -25.5541839307)
continue (0.1423889838 -25.5334168869)
continue (0.1469821768 -25.5120397397)
continue (0.1518815827 -25.4900881112)
continue (0.1571188787 -25.4675211816)
continue (0.1627302672 -25.4443343688)
continue (0.1687573141 -25.4205109677)
continue (0.1752479801 -25.3960635746)
continue (0.1822578993 -25.3709521016)
continue (0.1898519784 -25.3452030898)
continue (0.1981064122 -25.3188188736)
continue (0.2071112492 -25.2917932579)
continue (0.2169736896 -25.2641294948)
continue (0.2278223741 -25.2358317263)
continue (0.2398130253 -25.2069085253)
continue (0.2531359712 -25.1773638178)
continue (0.2680263224 -25.1471792417)
continue (0.2847779676 -25.1163749238)
continue (0.3037631654 -25.0849118734)
continue (0.3254605344 -25.0527764843)
continue (0.3504959601 -25.0199259080)
continue (0.3797039568 -24.9862887282)
continue (0.4142224983 -24.9517849117)
continue (0.4556447482 -24.9162815755)
continue (0.5062719424 -24.8796079306)
continue (0.5695559352 -24.8415095927)
continue (0.6509210688 -24.8016471823)
continue (0.7594079136 -24.7595060468)
continue (0.9112894963 -24.7143007939)
continue (0.9204944407 -24.7119417521)
continue (0.9298872411 -24.7095673543)
continue (0.9394737075 -24.7071857514)
continue (0.9492598920 -24.7047899305)
continue (0.9592521014 -24.7023843831)
continue (0.9694569110 -24.6999658487)
continue (0.9798811788 -24.6975356832)
continue (0.9905320612 -24.6950933170)
continue (1.0014170289 -24.6926376872)
continue (1.0125438848 -24.6901701863)
continue (1.0239207824 -24.6876879509)
continue (1.0355562458 -24.6851940760)
continue (1.0474591912 -24.6826842812)
continue (1.0596389492 -24.6801625824)
continue (1.0721052898 -24.6776243024)
continue (1.0848684480 -24.6750731557)
continue (1.0979391522 -24.6725053292)
continue (1.1113286540 -24.6699231229)
continue (1.1250487609 -24.6673244362)
continue (1.1391118704 -24.6647097115)
continue (1.1535310080 -24.6620789041)
continue (1.1683198671 -24.6594298237)
continue (1.1834928524 -24.6567654728)
continue (1.1990651267 -24.6540802739)
continue (1.2150526618 -24.6513801856)
continue (1.2314722923 -24.6486578314)
continue (1.2483417758 -24.6459176586)
continue (1.2656798560 -24.6431579329)
continue (1.2835063328 -24.6403761642)
continue (1.3018421376 -24.6375765442)
continue (1.3207094150 -24.6347519532)
continue (1.3401316122 -24.6319062213)
continue (1.3601335766 -24.6290393237)
continue (1.3807416611 -24.6261460174)
continue (1.4019838405 -24.6232298889)
continue (1.4238898380 -24.6202899733)
continue (1.4464912640 -24.6173217703)
continue (1.4698217683 -24.6143280344)
continue (1.4939172071 -24.6113085884)
continue (1.5188158272 -24.6082580582)
continue (1.5445584683 -24.6051786914)
continue (1.5711887868 -24.6020703578)
continue (1.5987535023 -24.5989312542)
continue (1.6273026720 -24.5957574723)
continue (1.6568899933 -24.5925506443)
continue (1.6875731413 -24.5893097695)
continue (1.7194141440 -24.5860334869)
continue (1.7524798006 -24.5827194728)
continue (1.7868421496 -24.5793652102)
continue (1.8225789926 -24.5759709926)
continue (1.8597744823 -24.5725347685)
continue (1.8985197840 -24.5690549106)
continue (1.9389138220 -24.5655299320)
continue (1.9810641224 -24.5619574201)
continue (2.0250877696 -24.5583353048)
continue (2.0711124916 -24.5546613107)
continue (2.1192778984 -24.5509330857)
continue (2.1697368960 -24.5471480996)
continue (2.2226573081 -24.5433036169)
continue (2.2782237408 -24.5393967933)
continue (2.3366397342 -24.5354245823)
continue (2.3981302535 -24.5313839951)
continue (2.4629445847 -24.5272710431)
continue (2.5313597120 -24.5230821208)
continue (2.6036842752 -24.5188112365)
continue (2.6802632245 -24.5144545580)
continue (2.7614833222 -24.5100090273)
continue (2.8477796760 -24.5054681437)
continue (2.9396435365 -24.5008225684)
continue (3.0376316544 -24.4960711021)
continue (3.1423775735 -24.4912020194)
continue (3.2546053440 -24.4862104038)
continue (3.3751462827 -24.4810842303)
continue (3.5049596012 -24.4758177933)
continue (3.6451579853 -24.4703950691)
continue (3.7970395680 -24.4648063603)
continue (3.9621282449 -24.4590377117)
continue (4.1422249833 -24.4530733397)
continue (4.3394737920 -24.4468945807)
continue (4.5564474816 -24.4404810679)
continue (4.7962605070 -24.4338100508)
continue (5.0627194240 -24.4268541656)
continue (5.3605264489 -24.4195786152)
continue (5.6955593520 -24.4119509325)
continue (6.0752633088 -24.4039246934)
continue (6.5092106880 -24.3954474218)
continue (7.0099192025 -24.3864564221)
continue (7.5940791360 -24.3768768390)
continue (8.2844499666 -24.3666164679)
continue (9.1128949632 -24.3555641682)
continue (9.5925210139 -24.3496955195)
continue (10.1254388480 -24.3434897782)
continue (10.7210528979 -24.3367275122)
continue (11.3911187040 -24.3290974524)
continue (12.1505266176 -24.3201215805)
continue (13.0184213760 -24.3090813901)
continue (14.0198384049 -24.2949652372)
continue (15.1881582720 -24.2764091999)
continue (16.5688999331 -24.2516173055)
continue (18.2257899264 -24.2187930682)
continue (20.2508776960 -24.1761067642)
continue (22.7822374080 -24.1219736301)
continue (26.0368427520 -24.0553472555)
continue (30.3763165440 -23.9759106180)
continue (36.4515798528 -23.8847463080)
continue (45.5644748160 -23.7868799014)
continue (60.7526330881 -23.6993943772)
continue (91.0379117204 -23.6458459770)
continue (91.1289496321 -23.6457356951)
continue (95.8243424102 -23.6398747433)
continue (101.1420084707 -23.6325889184)
continue (107.0845471588 -23.6234592869)
continue (113.7689758203 -23.6117943115)
continue (121.3434748763 -23.5975166953)
continue (129.9985016150 -23.5793620642)
continue (139.9830255485 -23.5579341548)
continue (151.6288679403 -23.5334864004)
continue (165.3882933432 -23.5046465801)
continue (181.8941110421 -23.4728132113)
continue (202.0597552818 -23.4237844546)
continue (227.2542384840 -23.0364208164)
continue (228.3933574739 -23.1219154970)
continue (228.9672101309 -23.1094389071)
continue (229.5439537332 -23.0972751402)
continue (230.1236101821 -23.0838067656)
continue (230.7062016002 -23.0703770788)
continue (231.2917503353 -23.0553855186)
continue (231.8802789621 -23.0407111129)
continue (232.4718102860 -23.0246534972)
continue (233.0663673455 -23.0085274305)
continue (233.6639734156 -23.0820847139)
continue (234.2646520105 -23.0723430843)
continue (234.2646520105 -23.0723430843)
continue (234.8684268868 -23.0659700664)
continue (235.4753220468 -23.0550561692)
continue (236.0853617412 -23.0430286343)
continue (236.6985704730 -23.0311100954)
continue (237.3149730003 -23.0178825940)
continue (237.3149730003 -23.0178825940)
continue (237.9345943397 -23.0040192111)
continue (238.5574597699 -22.9902492741)
continue (239.1835948349 -22.9750070783)
continue (239.8130253476 -23.0339168312)
continue (240.4457773934 -23.0297533223)
continue (241.0818773336 -23.0204058956)
continue (241.7213518093 -23.0101549152)
continue (242.3642277449 -22.9997329816)
continue (243.0105323523 -22.9889551286)
continue (243.0105323523 -22.9889551286)
continue (243.6602931340 -22.9792993893)
continue (244.3135378877 -22.9670349064)
continue (244.9702947099 -23.0046760955)
continue (245.6305920003 -22.9972146925)
continue (246.2944584651 -22.9939338483)
continue (246.9619231222 -22.9856758025)
continue (247.6330153046 -22.9765615001)
continue (248.3077646651 -22.9672796728)
continue (248.9862011806 -22.9571346880)
continue (249.6683551564 -22.9395163724)
continue (250.3542572310 -22.9279703815)
continue (251.0439383804 -22.9569312480)
continue (251.7374299229 -22.9497382758)
continue (252.4347635238 -22.9472258709)
continue (253.1359712003 -22.9403529946)
continue (253.8410853262 -22.9320229548)
continue (254.5501386371 -22.9235179030)
continue (255.2631642356 -22.9077597824)
continue (255.9801955958 -22.8978372607)
continue (255.9801955958 -22.8978372607)
continue (256.7012665693 -22.9314847673)
continue (257.4264113901 -22.9247079274)
continue (258.1556646802 -22.9220693636)
continue (258.8890614548 -22.9159833121)
continue (259.6266371285 -22.9097294958)
continue (260.3684275203 -22.9022940618)
continue (261.1144688599 -22.8891904569)
continue (261.8647977934 -22.8790140008)
continue (262.6194513893 -22.8908867686)
continue (263.3784671448 -22.8832330162)
continue (264.1418829916 -22.8806489584)
continue (264.9097373026 -22.8746727541)
continue (265.6820688982 -22.8686779861)
continue (266.4589170529 -22.8624281331)
continue (267.2403215018 -22.8504597527)
continue (268.0263224473 -22.8542744587)
continue (268.8169605667 -22.8490636045)
continue (269.6122770180 -22.8456428823)
continue (270.4123134484 -22.8396369608)
continue (271.2171120003 -22.8337281286)
continue (272.0267153197 -22.8280508010)
continue (272.8411665632 -22.8217050098)
continue (273.6605094057 -22.8173687307)
continue (274.4847880485 -22.8130341801)
continue (275.3140472269 -22.8081807739)
continue (276.1483322185 -22.8048076712)
continue (276.9876888514 -22.7989594113)
continue (277.8321635125 -22.7942770902)
continue (278.6818031563 -22.7889976110)
continue (279.5366553132 -22.7815821474)
continue (280.3967680988 -22.7776728202)
continue (281.2621902225 -22.7764610137)
continue (282.1329709972 -22.7696899099)
continue (283.0091603481 -22.7647150113)
continue (283.8908088227 -22.7592595995)
continue (284.7779676003 -22.7519876036)
continue (285.6706885019 -22.7472104000)
continue (286.5690240003 -22.7428549500)
continue (287.4730272306 -22.7419532247)
continue (288.3827520003 -22.7358127189)
continue (289.2982528003 -22.7310848316)
continue (290.2195848156 -22.7258985626)
continue (291.1468039364 -22.7182378139)
continue (292.0799667695 -22.7138543000)
continue (293.0191306498 -22.7127041253)
continue (293.9643536519 -22.7085400846)
continue (294.9156946023 -22.7026827984)
continue (295.8732130912 -22.6978701456)
continue (296.8369694857 -22.6880643270)
continue (297.8070249415 -22.6845455285)
continue (298.7834414167 -22.6828796533)
continue (299.7662816845 -22.6797246901)
continue (300.7556093469 -22.6759040023)
continue (301.7514888480 -22.6700344727)
continue (302.7539854887 -22.6595932162)
continue (303.7631654403 -22.1366502901)
continue (304.7790957595 -22.1336019102)
continue (305.8018444030 -22.1296958535)
continue (306.8314802428 -22.1257516048)
continue (307.8680730814 -22.1205182552)
continue (308.9116936681 -22.1158097521)
continue (309.9624137146 -22.1119583095)
continue (311.0203059116 -22.1091280505)
continue (312.0854439455 -22.1120468128)
continue (313.1579025158 -22.1084491128)
continue (314.2377573521 -22.1030673688)
continue (315.3250852322 -22.0991618696)
continue (316.4199640003 -22.0960215941)
continue (317.5224725857 -22.0929730390)
continue (318.6326910213 -22.0898508807)
continue (319.7507004635 -22.0919678120)
continue (320.8765832116 -22.0872078249)
continue (322.0104227283 -22.0840054437)
continue (323.1523036599 -22.0816525979)
continue (324.3023118580 -22.0783781979)
continue (325.4605344003 -22.0746043722)
continue (326.6270596133 -22.0777258392)
continue (327.8019770939 -22.0737743726)
continue (328.9853777332 -22.0709778661)
continue (330.1773537395 -22.0689998397)
continue (331.3779986622 -22.0651699132)
continue (332.5874074164 -22.0616969171)
continue (333.8056763080 -22.0588650539)
continue (335.0329030592 -22.0630018711)
continue (336.2691868343 -22.0577775491)
continue (337.5146282670 -22.0555256072)
continue (338.7693294874 -22.0520320816)
continue (340.0333941496 -22.0486362873)
continue (341.3069274610 -22.0456133966)
continue (342.5900362109 -22.0492322044)
continue (343.8828288004 -22.0461066308)
continue (345.1854152731 -22.0431244274)
continue (346.4979073464 -22.0400585154)
continue (347.8204184431 -22.0358910201)
continue (349.1530637245 -22.0333441369)
continue (350.4959601235 -22.0380789159)
continue (351.8492263788 -22.0359698534)
continue (353.2129830701 -22.0317778617)
continue (354.5873526541 -22.0292250943)
continue (355.9724595004 -22.0260080505)
continue (357.3684299298 -22.0313532231)
continue (358.7753922524 -22.0294034020)
continue (360.1934768067 -22.0259198985)
continue (361.6228160004 -22.0237718430)
continue (363.0635443510 -22.0210384568)
continue (364.5157985284 -22.0253016156)
continue (365.9797173980 -22.0225913304)
continue (367.4554420649 -22.0210619450)
continue (368.9431159194 -22.0187924991)
continue (370.4428846833 -22.0165261646)
continue (371.9548964575 -22.0142180647)
continue (373.4793017709 -22.0190561307)
continue (375.0162536300 -22.0177938394)
continue (376.5659075706 -22.0156981091)
continue (378.1284217099 -22.0134793966)
continue (379.7039568004 -22.0184007822)
continue (381.2926762849 -22.0166614556)
continue (382.8947463533 -22.0154524252)
continue (384.5103360004 -22.0134610912)
continue (386.1396170852 -22.0112115366)
continue (387.7827643919 -22.0164504203)
continue (389.4399556927 -22.0147933089)
continue (391.1113718116 -22.0141227010)
continue (392.7971966901 -22.0125306610)
continue (394.4976174550 -22.0100453414)
continue (396.2128244874 -22.0159519510)
continue (397.9430114939 -22.0147619948)
continue (399.6883755794 -22.0143502506)
continue (401.4491173220 -22.0133126589)
continue (403.2254408500 -22.0200623699)
continue (405.0175539204 -22.0176297657)
continue (406.8256680004 -22.0177855253)
continue (408.6499983502 -22.0170999795)
continue (410.4907641085 -22.0232786005)
continue (412.3481883805 -22.0216064038)
continue (414.2224983277 -22.0202406859)
continue (416.1139252607 -22.0199675908)
continue (418.0227047344 -22.0271063534)
continue (419.9490766456 -22.0270537052)
continue (421.8932853338 -22.0246664648)
continue (423.8555796842 -22.0223068697)
continue (425.8362132341 -22.0302217435)
continue (427.8354442821 -22.0312449463)
continue (429.8535360005 -22.0302730320)
continue (431.8907565502 -22.0292790484)
continue (433.9473792005 -22.0343256709)
continue (436.0236824502 -22.0363287612)
continue (438.1199501543 -22.0354521415)
continue (440.2364716526 -22.0350820783)
continue (442.3735419034 -22.0413384627)
continue (444.5314616200 -22.0395831761)
continue (446.7105374122 -22.0418167963)
continue (448.9110819315 -22.0472145539)
continue (451.1334140203 -22.0467121604)
continue (453.3778588662 -22.0457343000)
continue (455.6447481605 -22.0445829194)
continue (464.9436205719 -22.0564505316)
continue (477.1149195398 -22.0631486713)
continue (489.9405894199 -22.0747944820)
continue (503.4748598458 -22.0844906046)
continue (517.7781229096 -22.0909085413)
continue (532.9178341058 -22.0915788631)
continue (548.9695760970 -22.0990817722)
continue (566.0183206963 -22.0951815355)
continue (584.1599335391 -22.0852106614)
continue (603.5029776960 -22.0790396806)
continue (624.1708878911 -22.0736243802)
continue (646.3046073198 -22.0557786123)
continue (670.0658061184 -22.0417641683)
continue (695.6408368862 -22.0218031160)
continue (723.2456320008 -21.9970489310)
continue (753.1318151413 -21.9760659413)
continue (785.5943933801 -21.9513978669)
continue (820.9815282171 -21.9231553183)
continue (859.7070720009 -21.8798614137)
continue (902.2668280406 -21.8335906844)
continue (959.2521013905 -20.7725661072)
continue (1012.5438848011 -20.6623437390)
continue (1072.1052897894 -20.3622512519)
continue (1139.1118704012 -20.3234337516)
continue (1215.0526617613 -20.0833496857)
continue (1301.8421376014 -19.9026844811)
continue (1401.9838404938 -19.8294677477)
continue (1518.8158272016 -19.7342975999)
continue (1656.8899933109 -19.6750604975)
continue (1822.5789926419 -19.6264142145)
continue (2025.0877696022 -19.5800862773)
continue (2278.2237408024 -19.5535087464)
continue (2603.6842752028 -19.5188858430)
continue (3037.6316544032 -19.5127094610)
continue (3645.1579852839 -19.5230726371)
continue (4556.4474816048 -19.5116901768)
continue (6075.2633088065 -19.4842948441)
continue (9112.8949632097 -19.4421535263)
continue (9204.0239128418 -50.0000000000)
continue (7354000.0000000000 -50.0000000000)
f(nu) = -23.5937459871 at 1.0000000000 Ryd
